300.35

Params:Program: ../sph-exa-build/main/src/sphexa/sphexa
Particles: 200
Timestep: 100
Numthreads: 16
Nodes: 2
# SPHEXA: HEAD/22053277
# 2 MPI-3.1 process(es) with 16 OpenMP-201511 thread(s)/process
Data generated for 8000000 global particles
Domain synchronized, nLocalParticles 4120000
# domain::sync: 0.431895s
# FindNeighbors: 1.31713s
# Density: 0.222804s
# EquationOfState: 0.00756151s
# mpi::synchronizeHalos: 0.0279503s
# IAD: 0.313331s
# mpi::synchronizeHalos: 0.0268901s
# MomentumEnergyIAD: 0.986365s
# Timestep: 8.5762e-05s
# UpdateQuantities: 0.0137826s
# UpdateSmoothingLength: 0.00662743s
### Check ### Global Tree Nodes: 512, Particles: 4000000, Halos: 120000
### Check ### Computational domain: -0.4975 0.4975 -0.4975 0.4975 -0.4975 0.4975
### Check ### Total Neighbors: 450497056, Avg neighbor count per particle: 56
### Check ### Total time: 0.00011, current time-step: 0.00011
### Check ### Total energy: 0.5, (internal: 5.27009e-07, kinetic: 0.5, gravitational: 0)
### Check ### Focus Tree Nodes: 140736, maxDepth 6
=== Total time for iteration(1) 3.35445s

# domain::sync: 0.420641s
# FindNeighbors: 0.78471s
# Density: 0.203398s
# EquationOfState: 0.00329463s
# mpi::synchronizeHalos: 0.0269854s
# IAD: 0.301063s
# mpi::synchronizeHalos: 0.0269481s
# MomentumEnergyIAD: 0.794458s
# Timestep: 0.000125502s
# UpdateQuantities: 0.0103752s
# UpdateSmoothingLength: 0.0041963s
### Check ### Global Tree Nodes: 512, Particles: 4000000, Halos: 120000
### Check ### Computational domain: -0.497436 0.497436 -0.497436 0.497436 -0.497436 0.497436
### Check ### Total Neighbors: 638681184, Avg neighbor count per particle: 79
### Check ### Total time: 0.000231, current time-step: 0.000121
### Check ### Total energy: 0.5, (internal: 9.63432e-07, kinetic: 0.499999, gravitational: 0)
### Check ### Focus Tree Nodes: 140736, maxDepth 6
=== Total time for iteration(2) 2.57621s

# domain::sync: 0.378703s
# FindNeighbors: 0.627316s
# Density: 0.179075s
# EquationOfState: 0.00363142s
# mpi::synchronizeHalos: 0.0271752s
# IAD: 0.256761s
# mpi::synchronizeHalos: 0.0324537s
# MomentumEnergyIAD: 0.778766s
# Timestep: 0.000101007s
# UpdateQuantities: 0.00880711s
# UpdateSmoothingLength: 0.00418571s
### Check ### Global Tree Nodes: 512, Particles: 4000000, Halos: 120000
### Check ### Computational domain: -0.497367 0.497367 -0.497367 0.497367 -0.497367 0.497367
### Check ### Total Neighbors: 638693376, Avg neighbor count per particle: 79
### Check ### Total time: 0.0003641, current time-step: 0.0001331
### Check ### Total energy: 0.5, (internal: 1.44757e-06, kinetic: 0.499999, gravitational: 0)
### Check ### Focus Tree Nodes: 147904, maxDepth 6
=== Total time for iteration(3) 2.29699s

# domain::sync: 0.371862s
# FindNeighbors: 0.628358s
# Density: 0.179677s
# EquationOfState: 0.00434017s
# mpi::synchronizeHalos: 0.0283146s
# IAD: 0.257754s
# mpi::synchronizeHalos: 0.03109s
# MomentumEnergyIAD: 0.780624s
# Timestep: 0.000109164s
# UpdateQuantities: 0.00850457s
# UpdateSmoothingLength: 0.0041579s
### Check ### Global Tree Nodes: 512, Particles: 4000000, Halos: 121200
### Check ### Computational domain: -0.49729 0.49729 -0.49729 0.49729 -0.49729 0.49729
### Check ### Total Neighbors: 640664568, Avg neighbor count per particle: 80
### Check ### Total time: 0.00051051, current time-step: 0.00014641
### Check ### Total energy: 0.5, (internal: 1.99999e-06, kinetic: 0.499998, gravitational: 0)
### Check ### Focus Tree Nodes: 149584, maxDepth 6
=== Total time for iteration(4) 2.2948s

# domain::sync: 0.377326s
# FindNeighbors: 0.642822s
# Density: 0.190421s
# EquationOfState: 0.00441173s
# mpi::synchronizeHalos: 0.0467581s
# IAD: 0.259301s
# mpi::synchronizeHalos: 0.0283337s
# MomentumEnergyIAD: 0.781818s
# Timestep: 0.000115691s
# UpdateQuantities: 0.0110779s
# UpdateSmoothingLength: 0.00417677s
### Check ### Global Tree Nodes: 512, Particles: 4000000, Halos: 121200
### Check ### Computational domain: -0.497205 0.497205 -0.497205 0.497205 -0.497205 0.497205
### Check ### Total Neighbors: 644670768, Avg neighbor count per particle: 80
### Check ### Total time: 0.000671561, current time-step: 0.000161051
### Check ### Total energy: 0.5, (internal: 2.6312e-06, kinetic: 0.499997, gravitational: 0)
### Check ### Focus Tree Nodes: 147904, maxDepth 6
=== Total time for iteration(5) 2.34658s

# domain::sync: 0.386381s
# FindNeighbors: 0.657401s
# Density: 0.182785s
# EquationOfState: 0.00378178s
# mpi::synchronizeHalos: 0.0352128s
# IAD: 0.259199s
# mpi::synchronizeHalos: 0.032591s
# MomentumEnergyIAD: 0.791118s
# Timestep: 0.000369913s
# UpdateQuantities: 0.00972085s
# UpdateSmoothingLength: 0.00416697s
### Check ### Global Tree Nodes: 512, Particles: 4000000, Halos: 142800
### Check ### Computational domain: -0.497112 0.497112 -0.497112 0.497112 -0.497112 0.497112
### Check ### Total Neighbors: 647562624, Avg neighbor count per particle: 80
### Check ### Total time: 0.000848717, current time-step: 0.000177156
### Check ### Total energy: 0.5, (internal: 3.35395e-06, kinetic: 0.499997, gravitational: 0)
### Check ### Focus Tree Nodes: 140624, maxDepth 6
=== Total time for iteration(6) 2.36274s

# domain::sync: 0.374662s
# FindNeighbors: 0.664505s
# Density: 0.179359s
# EquationOfState: 0.00324707s
# mpi::synchronizeHalos: 0.034249s
# IAD: 0.25761s
# mpi::synchronizeHalos: 0.0333373s
# MomentumEnergyIAD: 0.784807s
# Timestep: 0.00442758s
# UpdateQuantities: 0.00903907s
# UpdateSmoothingLength: 0.00420638s
### Check ### Global Tree Nodes: 512, Particles: 4000000, Halos: 142800
### Check ### Computational domain: -0.49701 0.49701 -0.49701 0.49701 -0.49701 0.49701
### Check ### Total Neighbors: 650295192, Avg neighbor count per particle: 81
### Check ### Total time: 0.00104359, current time-step: 0.000194872
### Check ### Total energy: 0.5, (internal: 4.18257e-06, kinetic: 0.499996, gravitational: 0)
### Check ### Focus Tree Nodes: 142976, maxDepth 6
=== Total time for iteration(7) 2.34946s

# domain::sync: 0.383974s
# FindNeighbors: 0.679326s
# Density: 0.180385s
# EquationOfState: 0.00320132s
# mpi::synchronizeHalos: 0.0362702s
# IAD: 0.258041s
# mpi::synchronizeHalos: 0.0355081s
# MomentumEnergyIAD: 0.797112s
# Timestep: 0.000120495s
# UpdateQuantities: 0.00900458s
# UpdateSmoothingLength: 0.00418647s
### Check ### Global Tree Nodes: 512, Particles: 4000000, Halos: 142800
### Check ### Computational domain: -0.496897 0.496897 -0.496897 0.496897 -0.496897 0.496897
### Check ### Total Neighbors: 650418768, Avg neighbor count per particle: 81
### Check ### Total time: 0.00125795, current time-step: 0.000214359
### Check ### Total energy: 0.5, (internal: 5.13279e-06, kinetic: 0.499995, gravitational: 0)
### Check ### Focus Tree Nodes: 141072, maxDepth 6
=== Total time for iteration(8) 2.38714s

# domain::sync: 0.397386s
# FindNeighbors: 0.719953s
# Density: 0.203357s
# EquationOfState: 0.0032474s
# mpi::synchronizeHalos: 0.0324319s
# IAD: 0.294023s
# mpi::synchronizeHalos: 0.0430393s
# MomentumEnergyIAD: 0.901756s
# Timestep: 0.000122215s
# UpdateQuantities: 0.00914261s
# UpdateSmoothingLength: 0.00417778s
### Check ### Global Tree Nodes: 512, Particles: 4000000, Halos: 142800
### Check ### Computational domain: -0.496774 0.496774 -0.496774 0.496774 -0.496774 0.496774
### Check ### Total Neighbors: 745557480, Avg neighbor count per particle: 93
### Check ### Total time: 0.00149374, current time-step: 0.000235795
### Check ### Total energy: 0.5, (internal: 6.21854e-06, kinetic: 0.499994, gravitational: 0)
### Check ### Focus Tree Nodes: 150144, maxDepth 6
=== Total time for iteration(9) 2.60865s

# domain::sync: 0.396302s
# FindNeighbors: 0.725658s
# Density: 0.205845s
# EquationOfState: 0.00394265s
# mpi::synchronizeHalos: 0.0341056s
# IAD: 0.291747s
# mpi::synchronizeHalos: 0.0402154s
# MomentumEnergyIAD: 0.901222s
# Timestep: 0.00113988s
# UpdateQuantities: 0.010009s
# UpdateSmoothingLength: 0.00415808s
### Check ### Global Tree Nodes: 512, Particles: 4000000, Halos: 142800
### Check ### Computational domain: -0.496638 0.496638 -0.496638 0.496638 -0.496638 0.496638
### Check ### Total Neighbors: 745613376, Avg neighbor count per particle: 93
### Check ### Total time: 0.00175271, current time-step: 0.000258963
### Check ### Total energy: 0.5, (internal: 7.4412e-06, kinetic: 0.499993, gravitational: 0)
### Check ### Focus Tree Nodes: 148240, maxDepth 6
=== Total time for iteration(10) 2.61436s

# domain::sync: 0.400265s
# FindNeighbors: 0.73112s
# Density: 0.203069s
# EquationOfState: 0.00323175s
# mpi::synchronizeHalos: 0.0344063s
# IAD: 0.291104s
# mpi::synchronizeHalos: 0.0332335s
# MomentumEnergyIAD: 0.909637s
# Timestep: 0.00500499s
# UpdateQuantities: 0.00919222s
# UpdateSmoothingLength: 0.00419357s
### Check ### Global Tree Nodes: 512, Particles: 4000000, Halos: 142800
### Check ### Computational domain: -0.496488 0.496488 -0.496488 0.496488 -0.496488 0.496488
### Check ### Total Neighbors: 746902112, Avg neighbor count per particle: 93
### Check ### Total time: 0.00201864, current time-step: 0.000265935
### Check ### Total energy: 0.5, (internal: 8.73199e-06, kinetic: 0.499991, gravitational: 0)
### Check ### Focus Tree Nodes: 150144, maxDepth 6
=== Total time for iteration(11) 2.62447s

# domain::sync: 0.404568s
# FindNeighbors: 0.736869s
# Density: 0.204261s
# EquationOfState: 0.00322389s
# mpi::synchronizeHalos: 0.0322974s
# IAD: 0.292254s
# mpi::synchronizeHalos: 0.0318471s
# MomentumEnergyIAD: 0.897869s
# Timestep: 0.00384801s
# UpdateQuantities: 0.00941584s
# UpdateSmoothingLength: 0.00416347s
### Check ### Global Tree Nodes: 512, Particles: 4000000, Halos: 142800
### Check ### Computational domain: -0.496335 0.496335 -0.496335 0.496335 -0.496335 0.496335
### Check ### Total Neighbors: 747771272, Avg neighbor count per particle: 93
### Check ### Total time: 0.0022817, current time-step: 0.000263055
### Check ### Total energy: 0.5, (internal: 1.00422e-05, kinetic: 0.49999, gravitational: 0)
### Check ### Focus Tree Nodes: 147904, maxDepth 6
=== Total time for iteration(12) 2.62063s

# domain::sync: 0.411227s
# FindNeighbors: 0.743421s
# Density: 0.204507s
# EquationOfState: 0.00319772s
# mpi::synchronizeHalos: 0.0325163s
# IAD: 0.295677s
# mpi::synchronizeHalos: 0.0328618s
# MomentumEnergyIAD: 0.916366s
# Timestep: 0.000192394s
# UpdateQuantities: 0.0105929s
# UpdateSmoothingLength: 0.0041532s
### Check ### Global Tree Nodes: 512, Particles: 4000000, Halos: 142812
### Check ### Computational domain: -0.496183 0.496183 -0.496183 0.496183 -0.496183 0.496183
### Check ### Total Neighbors: 747825272, Avg neighbor count per particle: 93
### Check ### Total time: 0.00255237, current time-step: 0.000270674
### Check ### Total energy: 0.5, (internal: 1.14234e-05, kinetic: 0.499989, gravitational: 0)
### Check ### Focus Tree Nodes: 142864, maxDepth 6
=== Total time for iteration(13) 2.65472s

# domain::sync: 0.416297s
# FindNeighbors: 0.74952s
# Density: 0.205378s
# EquationOfState: 0.00321803s
# mpi::synchronizeHalos: 0.0322264s
# IAD: 0.293282s
# mpi::synchronizeHalos: 0.0326823s
# MomentumEnergyIAD: 0.908016s
# Timestep: 0.000108311s
# UpdateQuantities: 0.00894201s
# UpdateSmoothingLength: 0.00418819s
### Check ### Global Tree Nodes: 512, Particles: 4000000, Halos: 142824
### Check ### Computational domain: -0.496026 0.496026 -0.496026 0.496026 -0.496026 0.496026
### Check ### Total Neighbors: 749106392, Avg neighbor count per particle: 93
### Check ### Total time: 0.00283122, current time-step: 0.000278855
### Check ### Total energy: 0.5, (internal: 1.28769e-05, kinetic: 0.499987, gravitational: 0)
### Check ### Focus Tree Nodes: 150144, maxDepth 6
=== Total time for iteration(14) 2.65387s

# domain::sync: 0.425293s
# FindNeighbors: 0.760521s
# Density: 0.212513s
# EquationOfState: 0.00324447s
# mpi::synchronizeHalos: 0.0325901s
# IAD: 0.30424s
# mpi::synchronizeHalos: 0.0318976s
# MomentumEnergyIAD: 0.932444s
# Timestep: 0.00409439s
# UpdateQuantities: 0.00944023s
# UpdateSmoothingLength: 0.00418757s
### Check ### Global Tree Nodes: 512, Particles: 4000000, Halos: 142832
### Check ### Computational domain: -0.495865 0.495865 -0.495865 0.495865 -0.495865 0.495865
### Check ### Total Neighbors: 757654904, Avg neighbor count per particle: 94
### Check ### Total time: 0.00311881, current time-step: 0.000287588
### Check ### Total energy: 0.5, (internal: 1.44071e-05, kinetic: 0.499986, gravitational: 0)
### Check ### Focus Tree Nodes: 150144, maxDepth 6
=== Total time for iteration(15) 2.72047s

# domain::sync: 0.422664s
# FindNeighbors: 0.782681s
# Density: 0.249141s
# EquationOfState: 0.00322713s
# mpi::synchronizeHalos: 0.0326941s
# IAD: 0.355704s
# mpi::synchronizeHalos: 0.0353965s
# MomentumEnergyIAD: 1.12662s
# Timestep: 0.000120189s
# UpdateQuantities: 0.0140719s
# UpdateSmoothingLength: 0.00421544s
### Check ### Global Tree Nodes: 512, Particles: 4000000, Halos: 142852
### Check ### Computational domain: -0.495699 0.495699 -0.495699 0.495699 -0.495699 0.495699
### Check ### Total Neighbors: 908380256, Avg neighbor count per particle: 113
### Check ### Total time: 0.00341441, current time-step: 0.0002956
### Check ### Total energy: 0.5, (internal: 1.60104e-05, kinetic: 0.499984, gravitational: 0)
### Check ### Focus Tree Nodes: 142976, maxDepth 6
=== Total time for iteration(16) 3.02655s

# domain::sync: 0.423915s
# FindNeighbors: 0.7576s
# Density: 0.214347s
# EquationOfState: 0.00328506s
# mpi::synchronizeHalos: 0.0324504s
# IAD: 0.307272s
# mpi::synchronizeHalos: 0.0319374s
# MomentumEnergyIAD: 0.956641s
# Timestep: 0.000100082s
# UpdateQuantities: 0.0110341s
# UpdateSmoothingLength: 0.00471196s
### Check ### Global Tree Nodes: 512, Particles: 4000000, Halos: 142876
### Check ### Computational domain: -0.495529 0.495529 -0.495529 0.495529 -0.495529 0.495529
### Check ### Total Neighbors: 758968168, Avg neighbor count per particle: 94
### Check ### Total time: 0.00371533, current time-step: 0.00030092
### Check ### Total energy: 0.5, (internal: 1.76706e-05, kinetic: 0.499982, gravitational: 0)
### Check ### Focus Tree Nodes: 150144, maxDepth 6
=== Total time for iteration(17) 2.7433s

# domain::sync: 0.44053s
# FindNeighbors: 0.758332s
# Density: 0.208253s
# EquationOfState: 0.00383212s
# mpi::synchronizeHalos: 0.0326587s
# IAD: 0.300633s
# mpi::synchronizeHalos: 0.0322853s
# MomentumEnergyIAD: 0.929101s
# Timestep: 0.00010281s
# UpdateQuantities: 0.0085351s
# UpdateSmoothingLength: 0.00420532s
### Check ### Global Tree Nodes: 512, Particles: 4000000, Halos: 142312
### Check ### Computational domain: -0.495355 0.495355 -0.495355 0.495355 -0.495355 0.495355
### Check ### Total Neighbors: 752278912, Avg neighbor count per particle: 94
### Check ### Total time: 0.00401924, current time-step: 0.000303912
### Check ### Total energy: 0.5, (internal: 1.93834e-05, kinetic: 0.499981, gravitational: 0)
### Check ### Focus Tree Nodes: 150144, maxDepth 6
=== Total time for iteration(18) 2.71847s

# domain::sync: 0.454125s
# FindNeighbors: 0.825749s
# Density: 0.253173s
# EquationOfState: 0.00443078s
# mpi::synchronizeHalos: 0.032984s
# IAD: 0.359546s
# mpi::synchronizeHalos: 0.0387036s
# MomentumEnergyIAD: 1.11847s
# Timestep: 0.000113721s
# UpdateQuantities: 0.00860787s
# UpdateSmoothingLength: 0.00433124s
### Check ### Global Tree Nodes: 512, Particles: 4000000, Halos: 142072
### Check ### Computational domain: -0.49518 0.49518 -0.49518 0.49518 -0.49518 0.49518
### Check ### Total Neighbors: 914205784, Avg neighbor count per particle: 114
### Check ### Total time: 0.00432801, current time-step: 0.000308767
### Check ### Total energy: 0.5, (internal: 2.11647e-05, kinetic: 0.499979, gravitational: 0)
### Check ### Focus Tree Nodes: 150144, maxDepth 6
=== Total time for iteration(19) 3.10025s

# domain::sync: 0.457555s
# FindNeighbors: 0.753875s
# Density: 0.208281s
# EquationOfState: 0.00381096s
# mpi::synchronizeHalos: 0.0338566s
# IAD: 0.299297s
# mpi::synchronizeHalos: 0.033179s
# MomentumEnergyIAD: 0.915337s
# Timestep: 0.0021116s
# UpdateQuantities: 0.00892281s
# UpdateSmoothingLength: 0.00416622s
### Check ### Global Tree Nodes: 512, Particles: 4000000, Halos: 141908
### Check ### Computational domain: -0.495001 0.495001 -0.495001 0.495001 -0.495001 0.495001
### Check ### Total Neighbors: 752664040, Avg neighbor count per particle: 94
### Check ### Total time: 0.00463506, current time-step: 0.000307048
### Check ### Total energy: 0.5, (internal: 2.29617e-05, kinetic: 0.499977, gravitational: 0)
### Check ### Focus Tree Nodes: 150144, maxDepth 6
=== Total time for iteration(20) 2.7204s

# domain::sync: 0.461967s
# FindNeighbors: 0.795861s
# Density: 0.233162s
# EquationOfState: 0.00329645s
# mpi::synchronizeHalos: 0.0317032s
# IAD: 0.31465s
# mpi::synchronizeHalos: 0.0360238s
# MomentumEnergyIAD: 0.974019s
# Timestep: 0.0141239s
# UpdateQuantities: 0.00829006s
# UpdateSmoothingLength: 0.00418598s
### Check ### Global Tree Nodes: 512, Particles: 4000000, Halos: 141788
### Check ### Computational domain: -0.494824 0.494824 -0.494824 0.494824 -0.494824 0.494824
### Check ### Total Neighbors: 780032488, Avg neighbor count per particle: 97
### Check ### Total time: 0.004935, current time-step: 0.000299936
### Check ### Total energy: 0.5, (internal: 2.47599e-05, kinetic: 0.499975, gravitational: 0)
### Check ### Focus Tree Nodes: 150144, maxDepth 6
=== Total time for iteration(21) 2.87729s

# domain::sync: 0.461247s
# FindNeighbors: 0.768439s
# Density: 0.240672s
# EquationOfState: 0.0032447s
# mpi::synchronizeHalos: 0.0323479s
# IAD: 0.343921s
# mpi::synchronizeHalos: 0.0349146s
# MomentumEnergyIAD: 1.05945s
# Timestep: 9.8944e-05s
# UpdateQuantities: 0.00764194s
# UpdateSmoothingLength: 0.00417037s
### Check ### Global Tree Nodes: 512, Particles: 4000000, Halos: 141676
### Check ### Computational domain: -0.494651 0.494651 -0.494651 0.494651 -0.494651 0.494651
### Check ### Total Neighbors: 862754248, Avg neighbor count per particle: 107
### Check ### Total time: 0.00522786, current time-step: 0.000292861
### Check ### Total energy: 0.5, (internal: 2.65466e-05, kinetic: 0.499974, gravitational: 0)
### Check ### Focus Tree Nodes: 150144, maxDepth 6
=== Total time for iteration(22) 2.95616s

# domain::sync: 0.465997s
# FindNeighbors: 0.76485s
# Density: 0.21672s
# EquationOfState: 0.00322638s
# mpi::synchronizeHalos: 0.0318056s
# IAD: 0.313746s
# mpi::synchronizeHalos: 0.0339635s
# MomentumEnergyIAD: 0.990304s
# Timestep: 0.000105078s
# UpdateQuantities: 0.00776816s
# UpdateSmoothingLength: 0.00492114s
### Check ### Global Tree Nodes: 512, Particles: 4000000, Halos: 141592
### Check ### Computational domain: -0.494482 0.494482 -0.494482 0.494482 -0.494482 0.494482
### Check ### Total Neighbors: 778687168, Avg neighbor count per particle: 97
### Check ### Total time: 0.00551288, current time-step: 0.000285023
### Check ### Total energy: 0.5, (internal: 2.83177e-05, kinetic: 0.499972, gravitational: 0)
### Check ### Focus Tree Nodes: 150144, maxDepth 6
=== Total time for iteration(23) 2.83342s

# domain::sync: 0.598723s
# FindNeighbors: 0.762334s
# Density: 0.214906s
# EquationOfState: 0.00423359s
# mpi::synchronizeHalos: 0.0350864s
# IAD: 0.309935s
# mpi::synchronizeHalos: 0.04285s
# MomentumEnergyIAD: 0.962239s
# Timestep: 0.000155118s
# UpdateQuantities: 0.00810026s
# UpdateSmoothingLength: 0.00414843s
### Check ### Global Tree Nodes: 512, Particles: 4000000, Halos: 141528
### Check ### Computational domain: -0.494317 0.494317 -0.494317 0.494317 -0.494317 0.494317
### Check ### Total Neighbors: 785114224, Avg neighbor count per particle: 98
### Check ### Total time: 0.00578994, current time-step: 0.00027706
### Check ### Total energy: 0.5, (internal: 3.00693e-05, kinetic: 0.49997, gravitational: 0)
### Check ### Focus Tree Nodes: 150144, maxDepth 6
=== Total time for iteration(24) 2.94272s

# domain::sync: 0.610231s
# FindNeighbors: 0.772699s
# Density: 0.235358s
# EquationOfState: 0.00325194s
# mpi::synchronizeHalos: 0.0318386s
# IAD: 0.336199s
# mpi::synchronizeHalos: 0.031901s
# MomentumEnergyIAD: 1.04173s
# Timestep: 0.0001367s
# UpdateQuantities: 0.00957022s
# UpdateSmoothingLength: 0.00432316s
### Check ### Global Tree Nodes: 512, Particles: 4000000, Halos: 141472
### Check ### Computational domain: -0.494157 0.494157 -0.494157 0.494157 -0.494157 0.494157
### Check ### Total Neighbors: 848058152, Avg neighbor count per particle: 106
### Check ### Total time: 0.00605361, current time-step: 0.000263668
### Check ### Total energy: 0.5, (internal: 3.17676e-05, kinetic: 0.499968, gravitational: 0)
### Check ### Focus Tree Nodes: 150144, maxDepth 6
=== Total time for iteration(25) 3.07725s

# domain::sync: 0.610186s
# FindNeighbors: 0.762152s
# Density: 0.215961s
# EquationOfState: 0.00343205s
# mpi::synchronizeHalos: 0.0321729s
# IAD: 0.307844s
# mpi::synchronizeHalos: 0.0322575s
# MomentumEnergyIAD: 0.970257s
# Timestep: 0.00334006s
# UpdateQuantities: 0.00729811s
# UpdateSmoothingLength: 0.00417675s
### Check ### Global Tree Nodes: 512, Particles: 4000000, Halos: 141444
### Check ### Computational domain: -0.494005 0.494005 -0.494005 0.494005 -0.494005 0.494005
### Check ### Total Neighbors: 787765208, Avg neighbor count per particle: 98
### Check ### Total time: 0.00631076, current time-step: 0.000257152
### Check ### Total energy: 0.5, (internal: 3.3447e-05, kinetic: 0.499967, gravitational: 0)
### Check ### Focus Tree Nodes: 150144, maxDepth 6
=== Total time for iteration(26) 2.94909s

# domain::sync: 0.613815s
# FindNeighbors: 0.767333s
# Density: 0.21634s
# EquationOfState: 0.00378908s
# mpi::synchronizeHalos: 0.0359786s
# IAD: 0.317523s
# mpi::synchronizeHalos: 0.0324265s
# MomentumEnergyIAD: 0.990758s
# Timestep: 0.00217459s
# UpdateQuantities: 0.00835778s
# UpdateSmoothingLength: 0.0041735s
### Check ### Global Tree Nodes: 512, Particles: 4000000, Halos: 141388
### Check ### Computational domain: -0.493857 0.493857 -0.493857 0.493857 -0.493857 0.493857
### Check ### Total Neighbors: 793859144, Avg neighbor count per particle: 99
### Check ### Total time: 0.00656333, current time-step: 0.000252574
### Check ### Total energy: 0.5, (internal: 3.51261e-05, kinetic: 0.499965, gravitational: 0)
### Check ### Focus Tree Nodes: 150144, maxDepth 6
=== Total time for iteration(27) 2.99268s

# domain::sync: 0.62146s
# FindNeighbors: 0.76472s
# Density: 0.23489s
# EquationOfState: 0.00324069s
# mpi::synchronizeHalos: 0.0322615s
# IAD: 0.338903s
# mpi::synchronizeHalos: 0.0317739s
# MomentumEnergyIAD: 1.06658s
# Timestep: 0.000111445s
# UpdateQuantities: 0.00766621s
# UpdateSmoothingLength: 0.00416268s
### Check ### Global Tree Nodes: 512, Particles: 4000000, Halos: 141356
### Check ### Computational domain: -0.493711 0.493711 -0.493711 0.493711 -0.493711 0.493711
### Check ### Total Neighbors: 831867560, Avg neighbor count per particle: 103
### Check ### Total time: 0.00681212, current time-step: 0.000248789
### Check ### Total energy: 0.5, (internal: 3.68048e-05, kinetic: 0.499963, gravitational: 0)
### Check ### Focus Tree Nodes: 142976, maxDepth 6
=== Total time for iteration(28) 3.10578s

# domain::sync: 0.616964s
# FindNeighbors: 0.768581s
# Density: 0.221505s
# EquationOfState: 0.00395965s
# mpi::synchronizeHalos: 0.0353925s
# IAD: 0.319879s
# mpi::synchronizeHalos: 0.0326016s
# MomentumEnergyIAD: 0.993363s
# Timestep: 0.000114975s
# UpdateQuantities: 0.0096909s
# UpdateSmoothingLength: 0.00420829s
### Check ### Global Tree Nodes: 512, Particles: 4000000, Halos: 141352
### Check ### Computational domain: -0.493567 0.493567 -0.493567 0.493567 -0.493567 0.493567
### Check ### Total Neighbors: 792110024, Avg neighbor count per particle: 99
### Check ### Total time: 0.00705788, current time-step: 0.000245759
### Check ### Total energy: 0.5, (internal: 3.849e-05, kinetic: 0.499962, gravitational: 0)
### Check ### Focus Tree Nodes: 142976, maxDepth 6
=== Total time for iteration(29) 3.00627s

# domain::sync: 0.621775s
# FindNeighbors: 0.762642s
# Density: 0.219957s
# EquationOfState: 0.00379971s
# mpi::synchronizeHalos: 0.0350059s
# IAD: 0.313449s
# mpi::synchronizeHalos: 0.0323613s
# MomentumEnergyIAD: 0.985197s
# Timestep: 0.000116875s
# UpdateQuantities: 0.0110305s
# UpdateSmoothingLength: 0.0041727s
### Check ### Global Tree Nodes: 512, Particles: 4000000, Halos: 141320
### Check ### Computational domain: -0.493425 0.493425 -0.493425 0.493425 -0.493425 0.493425
### Check ### Total Neighbors: 797732552, Avg neighbor count per particle: 99
### Check ### Total time: 0.00730137, current time-step: 0.00024349
### Check ### Total energy: 0.5, (internal: 4.01848e-05, kinetic: 0.49996, gravitational: 0)
### Check ### Focus Tree Nodes: 142528, maxDepth 6
=== Total time for iteration(30) 2.98952s

# domain::sync: 0.606243s
# FindNeighbors: 0.767541s
# Density: 0.225909s
# EquationOfState: 0.00322908s
# mpi::synchronizeHalos: 0.0347355s
# IAD: 0.332051s
# mpi::synchronizeHalos: 0.032251s
# MomentumEnergyIAD: 1.01437s
# Timestep: 0.000153168s
# UpdateQuantities: 0.0120359s
# UpdateSmoothingLength: 0.00661656s
### Check ### Global Tree Nodes: 512, Particles: 4000000, Halos: 141312
### Check ### Computational domain: -0.493285 0.493285 -0.493285 0.493285 -0.493285 0.493285
### Check ### Total Neighbors: 824814416, Avg neighbor count per particle: 103
### Check ### Total time: 0.00754589, current time-step: 0.000244513
### Check ### Total energy: 0.5, (internal: 4.19147e-05, kinetic: 0.499958, gravitational: 0)
### Check ### Focus Tree Nodes: 150144, maxDepth 6
=== Total time for iteration(31) 3.03516s

# domain::sync: 0.624728s
# FindNeighbors: 0.780905s
# Density: 0.220346s
# EquationOfState: 0.0032514s
# mpi::synchronizeHalos: 0.0318774s
# IAD: 0.313111s
# mpi::synchronizeHalos: 0.0318077s
# MomentumEnergyIAD: 0.984951s
# Timestep: 0.000101305s
# UpdateQuantities: 0.00950859s
# UpdateSmoothingLength: 0.00419429s
### Check ### Global Tree Nodes: 512, Particles: 4000000, Halos: 141304
### Check ### Computational domain: -0.493144 0.493144 -0.493144 0.493144 -0.493144 0.493144
### Check ### Total Neighbors: 796586552, Avg neighbor count per particle: 99
### Check ### Total time: 0.00779096, current time-step: 0.000245073
### Check ### Total energy: 0.5, (internal: 4.36738e-05, kinetic: 0.499956, gravitational: 0)
### Check ### Focus Tree Nodes: 150144, maxDepth 6
=== Total time for iteration(32) 3.00479s

# domain::sync: 0.618156s
# FindNeighbors: 0.76707s
# Density: 0.225412s
# EquationOfState: 0.00344338s
# mpi::synchronizeHalos: 0.0318434s
# IAD: 0.320362s
# mpi::synchronizeHalos: 0.0318856s
# MomentumEnergyIAD: 1.00318s
# Timestep: 0.000107175s
# UpdateQuantities: 0.00967472s
# UpdateSmoothingLength: 0.00434014s
### Check ### Global Tree Nodes: 512, Particles: 4000000, Halos: 141280
### Check ### Computational domain: -0.493002 0.493002 -0.493002 0.493002 -0.493002 0.493002
### Check ### Total Neighbors: 798908984, Avg neighbor count per particle: 99
### Check ### Total time: 0.00803738, current time-step: 0.000246419
### Check ### Total energy: 0.5, (internal: 4.54713e-05, kinetic: 0.499955, gravitational: 0)
### Check ### Focus Tree Nodes: 142920, maxDepth 7
=== Total time for iteration(33) 3.01549s

# domain::sync: 0.612587s
# FindNeighbors: 0.76517s
# Density: 0.231101s
# EquationOfState: 0.00420602s
# mpi::synchronizeHalos: 0.0338707s
# IAD: 0.330421s
# mpi::synchronizeHalos: 0.0320229s
# MomentumEnergyIAD: 1.04306s
# Timestep: 0.000111951s
# UpdateQuantities: 0.00993644s
# UpdateSmoothingLength: 0.00420656s
### Check ### Global Tree Nodes: 512, Particles: 4000000, Halos: 141304
### Check ### Computational domain: -0.49286 0.49286 -0.49286 0.49286 -0.49286 0.49286
### Check ### Total Neighbors: 819779000, Avg neighbor count per particle: 102
### Check ### Total time: 0.00828601, current time-step: 0.000248636
### Check ### Total energy: 0.5, (internal: 4.73126e-05, kinetic: 0.499953, gravitational: 0)
### Check ### Focus Tree Nodes: 142920, maxDepth 7
=== Total time for iteration(34) 3.06671s

# domain::sync: 0.603891s
# FindNeighbors: 0.785053s
# Density: 0.224309s
# EquationOfState: 0.00325062s
# mpi::synchronizeHalos: 0.0316962s
# IAD: 0.319554s
# mpi::synchronizeHalos: 0.0335668s
# MomentumEnergyIAD: 0.987978s
# Timestep: 0.000146237s
# UpdateQuantities: 0.0112939s
# UpdateSmoothingLength: 0.00417896s
### Check ### Global Tree Nodes: 512, Particles: 4000000, Halos: 141284
### Check ### Computational domain: -0.492716 0.492716 -0.492716 0.492716 -0.492716 0.492716
### Check ### Total Neighbors: 798970400, Avg neighbor count per particle: 99
### Check ### Total time: 0.00853778, current time-step: 0.000251767
### Check ### Total energy: 0.5, (internal: 4.92064e-05, kinetic: 0.499951, gravitational: 0)
### Check ### Focus Tree Nodes: 140680, maxDepth 7
=== Total time for iteration(35) 3.00493s

# domain::sync: 0.624623s
# FindNeighbors: 0.764548s
# Density: 0.219435s
# EquationOfState: 0.0032343s
# mpi::synchronizeHalos: 0.0335045s
# IAD: 0.315549s
# mpi::synchronizeHalos: 0.0317876s
# MomentumEnergyIAD: 0.997189s
# Timestep: 0.000104083s
# UpdateQuantities: 0.009333s
# UpdateSmoothingLength: 0.00418042s
### Check ### Global Tree Nodes: 512, Particles: 4000000, Halos: 141304
### Check ### Computational domain: -0.492571 0.492571 -0.492571 0.492571 -0.492571 0.492571
### Check ### Total Neighbors: 802556768, Avg neighbor count per particle: 100
### Check ### Total time: 0.00879364, current time-step: 0.000255861
### Check ### Total energy: 0.5, (internal: 5.11611e-05, kinetic: 0.499949, gravitational: 0)
### Check ### Focus Tree Nodes: 142920, maxDepth 7
=== Total time for iteration(36) 3.0035s

# domain::sync: 0.614766s
# FindNeighbors: 0.766051s
# Density: 0.228508s
# EquationOfState: 0.00417336s
# mpi::synchronizeHalos: 0.0339805s
# IAD: 0.325153s
# mpi::synchronizeHalos: 0.0330457s
# MomentumEnergyIAD: 1.00159s
# Timestep: 0.000112188s
# UpdateQuantities: 0.0112566s
# UpdateSmoothingLength: 0.00417186s
### Check ### Global Tree Nodes: 512, Particles: 4000000, Halos: 141296
### Check ### Computational domain: -0.492423 0.492423 -0.492423 0.492423 -0.492423 0.492423
### Check ### Total Neighbors: 813101984, Avg neighbor count per particle: 101
### Check ### Total time: 0.00904918, current time-step: 0.000255537
### Check ### Total energy: 0.5, (internal: 5.31449e-05, kinetic: 0.499947, gravitational: 0)
### Check ### Focus Tree Nodes: 140680, maxDepth 7
=== Total time for iteration(37) 3.02282s

# domain::sync: 0.672911s
# FindNeighbors: 0.76463s
# Density: 0.220205s
# EquationOfState: 0.00327401s
# mpi::synchronizeHalos: 0.0321163s
# IAD: 0.317203s
# mpi::synchronizeHalos: 0.0318132s
# MomentumEnergyIAD: 0.995371s
# Timestep: 0.000101244s
# UpdateQuantities: 0.0091615s
# UpdateSmoothingLength: 0.00417109s
### Check ### Global Tree Nodes: 512, Particles: 4000000, Halos: 141316
### Check ### Computational domain: -0.492276 0.492276 -0.492276 0.492276 -0.492276 0.492276
### Check ### Total Neighbors: 803845520, Avg neighbor count per particle: 100
### Check ### Total time: 0.00930397, current time-step: 0.000254795
### Check ### Total energy: 0.5, (internal: 5.51534e-05, kinetic: 0.499945, gravitational: 0)
### Check ### Focus Tree Nodes: 140680, maxDepth 7
=== Total time for iteration(38) 3.05097s

# domain::sync: 0.691705s
# FindNeighbors: 0.766432s
# Density: 0.220462s
# EquationOfState: 0.003192s
# mpi::synchronizeHalos: 0.0318243s
# IAD: 0.316404s
# mpi::synchronizeHalos: 0.0328127s
# MomentumEnergyIAD: 0.987718s
# Timestep: 0.000145051s
# UpdateQuantities: 0.0108525s
# UpdateSmoothingLength: 0.00419099s
### Check ### Global Tree Nodes: 512, Particles: 4000000, Halos: 141380
### Check ### Computational domain: -0.492129 0.492129 -0.492129 0.492129 -0.492129 0.492129
### Check ### Total Neighbors: 800830572, Avg neighbor count per particle: 100
### Check ### Total time: 0.00955904, current time-step: 0.00025507
### Check ### Total energy: 0.5, (internal: 5.71961e-05, kinetic: 0.499943, gravitational: 0)
### Check ### Focus Tree Nodes: 147960, maxDepth 7
=== Total time for iteration(39) 3.06575s

# domain::sync: 0.707332s
# FindNeighbors: 0.763635s
# Density: 0.225664s
# EquationOfState: 0.00333356s
# mpi::synchronizeHalos: 0.0320969s
# IAD: 0.323049s
# mpi::synchronizeHalos: 0.0316492s
# MomentumEnergyIAD: 1.00168s
# Timestep: 0.000134695s
# UpdateQuantities: 0.00879903s
# UpdateSmoothingLength: 0.00416135s
### Check ### Global Tree Nodes: 512, Particles: 4000000, Halos: 141412
### Check ### Computational domain: -0.491981 0.491981 -0.491981 0.491981 -0.491981 0.491981
### Check ### Total Neighbors: 814511260, Avg neighbor count per particle: 101
### Check ### Total time: 0.0098045, current time-step: 0.000245459
### Check ### Total energy: 0.5, (internal: 5.9192e-05, kinetic: 0.499941, gravitational: 0)
### Check ### Focus Tree Nodes: 140792, maxDepth 7
=== Total time for iteration(40) 3.10154s

# domain::sync: 0.71124s
# FindNeighbors: 0.765794s
# Density: 0.219767s
# EquationOfState: 0.00321018s
# mpi::synchronizeHalos: 0.0341595s
# IAD: 0.314396s
# mpi::synchronizeHalos: 0.0321708s
# MomentumEnergyIAD: 0.994798s
# Timestep: 8.8766e-05s
# UpdateQuantities: 0.00918351s
# UpdateSmoothingLength: 0.00418397s
### Check ### Global Tree Nodes: 512, Particles: 4000000, Halos: 141468
### Check ### Computational domain: -0.49184 0.49184 -0.49184 0.49184 -0.49184 0.49184
### Check ### Total Neighbors: 799343528, Avg neighbor count per particle: 99
### Check ### Total time: 0.0100494, current time-step: 0.000244931
### Check ### Total energy: 0.5, (internal: 6.12136e-05, kinetic: 0.499939, gravitational: 0)
### Check ### Focus Tree Nodes: 147848, maxDepth 7
=== Total time for iteration(41) 3.089s

# domain::sync: 0.709563s
# FindNeighbors: 0.7636s
# Density: 0.220042s
# EquationOfState: 0.00320552s
# mpi::synchronizeHalos: 0.0320662s
# IAD: 0.315963s
# mpi::synchronizeHalos: 0.0318462s
# MomentumEnergyIAD: 0.994888s
# Timestep: 0.000100497s
# UpdateQuantities: 0.00918553s
# UpdateSmoothingLength: 0.00418183s
### Check ### Global Tree Nodes: 512, Particles: 4000000, Halos: 141492
### Check ### Computational domain: -0.491698 0.491698 -0.491698 0.491698 -0.491698 0.491698
### Check ### Total Neighbors: 807511904, Avg neighbor count per particle: 100
### Check ### Total time: 0.0102943, current time-step: 0.000244852
### Check ### Total energy: 0.5, (internal: 6.32652e-05, kinetic: 0.499937, gravitational: 0)
### Check ### Focus Tree Nodes: 150200, maxDepth 7
=== Total time for iteration(42) 3.08465s

# domain::sync: 0.706432s
# FindNeighbors: 0.765195s
# Density: 0.220776s
# EquationOfState: 0.00326128s
# mpi::synchronizeHalos: 0.0319131s
# IAD: 0.316199s
# mpi::synchronizeHalos: 0.0326701s
# MomentumEnergyIAD: 1.00615s
# Timestep: 0.000137386s
# UpdateQuantities: 0.0100457s
# UpdateSmoothingLength: 0.00426483s
### Check ### Global Tree Nodes: 512, Particles: 4000000, Halos: 141536
### Check ### Computational domain: -0.491557 0.491557 -0.491557 0.491557 -0.491557 0.491557
### Check ### Total Neighbors: 806302040, Avg neighbor count per particle: 100
### Check ### Total time: 0.0105402, current time-step: 0.000245896
### Check ### Total energy: 0.5, (internal: 6.53577e-05, kinetic: 0.499935, gravitational: 0)
### Check ### Focus Tree Nodes: 149640, maxDepth 7
=== Total time for iteration(43) 3.09705s

# domain::sync: 0.698471s
# FindNeighbors: 0.764003s
# Density: 0.219811s
# EquationOfState: 0.00343703s
# mpi::synchronizeHalos: 0.032487s
# IAD: 0.315812s
# mpi::synchronizeHalos: 0.0322788s
# MomentumEnergyIAD: 0.985445s
# Timestep: 0.000109613s
# UpdateQuantities: 0.00762581s
# UpdateSmoothingLength: 0.00417854s
### Check ### Global Tree Nodes: 512, Particles: 4000000, Halos: 141592
### Check ### Computational domain: -0.491415 0.491415 -0.491415 0.491415 -0.491415 0.491415
### Check ### Total Neighbors: 807095144, Avg neighbor count per particle: 100
### Check ### Total time: 0.0107873, current time-step: 0.000247069
### Check ### Total energy: 0.5, (internal: 6.74922e-05, kinetic: 0.499933, gravitational: 0)
### Check ### Focus Tree Nodes: 149640, maxDepth 7
=== Total time for iteration(44) 3.06366s

# domain::sync: 0.723118s
# FindNeighbors: 0.765017s
# Density: 0.220264s
# EquationOfState: 0.00319352s
# mpi::synchronizeHalos: 0.0318928s
# IAD: 0.314353s
# mpi::synchronizeHalos: 0.0362703s
# MomentumEnergyIAD: 0.97599s
# Timestep: 0.00267515s
# UpdateQuantities: 0.00779781s
# UpdateSmoothingLength: 0.00416226s
### Check ### Global Tree Nodes: 512, Particles: 4000000, Halos: 141632
### Check ### Computational domain: -0.491272 0.491272 -0.491272 0.491272 -0.491272 0.491272
### Check ### Total Neighbors: 801091880, Avg neighbor count per particle: 100
### Check ### Total time: 0.0110361, current time-step: 0.000248851
### Check ### Total energy: 0.5, (internal: 6.96756e-05, kinetic: 0.49993, gravitational: 0)
### Check ### Focus Tree Nodes: 140792, maxDepth 7
=== Total time for iteration(45) 3.08474s

# domain::sync: 0.720628s
# FindNeighbors: 0.764128s
# Density: 0.221989s
# EquationOfState: 0.00321085s
# mpi::synchronizeHalos: 0.0318243s
# IAD: 0.317113s
# mpi::synchronizeHalos: 0.0327315s
# MomentumEnergyIAD: 0.999955s
# Timestep: 0.00271826s
# UpdateQuantities: 0.00881382s
# UpdateSmoothingLength: 0.004194s
### Check ### Global Tree Nodes: 512, Particles: 4000000, Halos: 141676
### Check ### Computational domain: -0.491129 0.491129 -0.491129 0.491129 -0.491129 0.491129
### Check ### Total Neighbors: 811715432, Avg neighbor count per particle: 101
### Check ### Total time: 0.0112883, current time-step: 0.000252193
### Check ### Total energy: 0.5, (internal: 7.19221e-05, kinetic: 0.499928, gravitational: 0)
### Check ### Focus Tree Nodes: 142920, maxDepth 7
=== Total time for iteration(46) 3.10731s

# domain::sync: 0.726709s
# FindNeighbors: 0.764202s
# Density: 0.219803s
# EquationOfState: 0.00320675s
# mpi::synchronizeHalos: 0.032309s
# IAD: 0.31501s
# mpi::synchronizeHalos: 0.0318022s
# MomentumEnergyIAD: 0.985529s
# Timestep: 0.00161869s
# UpdateQuantities: 0.00834281s
# UpdateSmoothingLength: 0.00415655s
### Check ### Global Tree Nodes: 512, Particles: 4000000, Halos: 141736
### Check ### Computational domain: -0.490983 0.490983 -0.490983 0.490983 -0.490983 0.490983
### Check ### Total Neighbors: 801148832, Avg neighbor count per particle: 100
### Check ### Total time: 0.0115408, current time-step: 0.000252492
### Check ### Total energy: 0.5, (internal: 7.42057e-05, kinetic: 0.499926, gravitational: 0)
### Check ### Focus Tree Nodes: 140680, maxDepth 7
=== Total time for iteration(47) 3.09269s

# domain::sync: 0.71737s
# FindNeighbors: 0.764602s
# Density: 0.219624s
# EquationOfState: 0.00321205s
# mpi::synchronizeHalos: 0.0319s
# IAD: 0.314416s
# mpi::synchronizeHalos: 0.0325985s
# MomentumEnergyIAD: 0.985575s
# Timestep: 0.000100441s
# UpdateQuantities: 0.00807018s
# UpdateSmoothingLength: 0.00416724s
### Check ### Global Tree Nodes: 512, Particles: 4000000, Halos: 141776
### Check ### Computational domain: -0.490837 0.490837 -0.490837 0.490837 -0.490837 0.490837
### Check ### Total Neighbors: 808719224, Avg neighbor count per particle: 101
### Check ### Total time: 0.0117843, current time-step: 0.000243546
### Check ### Total energy: 0.5, (internal: 7.64408e-05, kinetic: 0.499924, gravitational: 0)
### Check ### Focus Tree Nodes: 140680, maxDepth 7
=== Total time for iteration(48) 3.08164s

# domain::sync: 0.718421s
# FindNeighbors: 0.764833s
# Density: 0.219797s
# EquationOfState: 0.00323772s
# mpi::synchronizeHalos: 0.0319319s
# IAD: 0.317356s
# mpi::synchronizeHalos: 0.0325547s
# MomentumEnergyIAD: 0.993352s
# Timestep: 9.6863e-05s
# UpdateQuantities: 0.00741017s
# UpdateSmoothingLength: 0.00415454s
### Check ### Global Tree Nodes: 512, Particles: 4000000, Halos: 141848
### Check ### Computational domain: -0.490697 0.490697 -0.490697 0.490697 -0.490697 0.490697
### Check ### Total Neighbors: 803362304, Avg neighbor count per particle: 100
### Check ### Total time: 0.0120314, current time-step: 0.000247049
### Check ### Total energy: 0.5, (internal: 7.874e-05, kinetic: 0.499921, gravitational: 0)
### Check ### Focus Tree Nodes: 140792, maxDepth 7
=== Total time for iteration(49) 3.09315s

# domain::sync: 0.734231s
# FindNeighbors: 0.763724s
# Density: 0.219531s
# EquationOfState: 0.00318732s
# mpi::synchronizeHalos: 0.0320164s
# IAD: 0.314064s
# mpi::synchronizeHalos: 0.0330047s
# MomentumEnergyIAD: 0.991153s
# Timestep: 0.000103571s
# UpdateQuantities: 0.00866195s
# UpdateSmoothingLength: 0.0042981s
### Check ### Global Tree Nodes: 512, Particles: 4000000, Halos: 141888
### Check ### Computational domain: -0.490554 0.490554 -0.490554 0.490554 -0.490554 0.490554
### Check ### Total Neighbors: 808279112, Avg neighbor count per particle: 101
### Check ### Total time: 0.0122673, current time-step: 0.000235928
### Check ### Total energy: 0.5, (internal: 8.09668e-05, kinetic: 0.499919, gravitational: 0)
### Check ### Focus Tree Nodes: 150088, maxDepth 7
=== Total time for iteration(50) 3.10398s

# domain::sync: 0.730145s
# FindNeighbors: 0.766612s
# Density: 0.21943s
# EquationOfState: 0.00373781s
# mpi::synchronizeHalos: 0.032801s
# IAD: 0.313499s
# mpi::synchronizeHalos: 0.0318498s
# MomentumEnergyIAD: 0.990764s
# Timestep: 0.000117599s
# UpdateQuantities: 0.00741203s
# UpdateSmoothingLength: 0.00416206s
### Check ### Global Tree Nodes: 512, Particles: 4000000, Halos: 141924
### Check ### Computational domain: -0.490418 0.490418 -0.490418 0.490418 -0.490418 0.490418
### Check ### Total Neighbors: 802071104, Avg neighbor count per particle: 100
### Check ### Total time: 0.0125048, current time-step: 0.000237514
### Check ### Total energy: 0.5, (internal: 8.32384e-05, kinetic: 0.499917, gravitational: 0)
### Check ### Focus Tree Nodes: 140680, maxDepth 7
=== Total time for iteration(51) 3.10053s

# domain::sync: 0.712358s
# FindNeighbors: 0.762189s
# Density: 0.219496s
# EquationOfState: 0.00321051s
# mpi::synchronizeHalos: 0.0321186s
# IAD: 0.314508s
# mpi::synchronizeHalos: 0.0327175s
# MomentumEnergyIAD: 0.984406s
# Timestep: 0.00513937s
# UpdateQuantities: 0.00760376s
# UpdateSmoothingLength: 0.00416424s
### Check ### Global Tree Nodes: 512, Particles: 4000000, Halos: 141972
### Check ### Computational domain: -0.490281 0.490281 -0.490281 0.490281 -0.490281 0.490281
### Check ### Total Neighbors: 808964096, Avg neighbor count per particle: 101
### Check ### Total time: 0.0127444, current time-step: 0.000239567
### Check ### Total energy: 0.5, (internal: 8.55612e-05, kinetic: 0.499915, gravitational: 0)
### Check ### Focus Tree Nodes: 140680, maxDepth 7
=== Total time for iteration(52) 3.07792s

# domain::sync: 0.710852s
# FindNeighbors: 0.764273s
# Density: 0.219616s
# EquationOfState: 0.00322488s
# mpi::synchronizeHalos: 0.0320237s
# IAD: 0.315064s
# mpi::synchronizeHalos: 0.0318412s
# MomentumEnergyIAD: 0.995524s
# Timestep: 0.000107791s
# UpdateQuantities: 0.00771562s
# UpdateSmoothingLength: 0.00417229s
### Check ### Global Tree Nodes: 512, Particles: 4000000, Halos: 142032
### Check ### Computational domain: -0.490142 0.490142 -0.490142 0.490142 -0.490142 0.490142
### Check ### Total Neighbors: 802504928, Avg neighbor count per particle: 100
### Check ### Total time: 0.0129853, current time-step: 0.000240922
### Check ### Total energy: 0.5, (internal: 8.79299e-05, kinetic: 0.499912, gravitational: 0)
### Check ### Focus Tree Nodes: 147848, maxDepth 7
=== Total time for iteration(53) 3.08442s

# domain::sync: 0.712461s
# FindNeighbors: 0.763216s
# Density: 0.219553s
# EquationOfState: 0.00321875s
# mpi::synchronizeHalos: 0.0328426s
# IAD: 0.317115s
# mpi::synchronizeHalos: 0.042587s
# MomentumEnergyIAD: 0.98949s
# Timestep: 0.000100035s
# UpdateQuantities: 0.0073882s
# UpdateSmoothingLength: 0.0041592s
### Check ### Global Tree Nodes: 512, Particles: 4000000, Halos: 142072
### Check ### Computational domain: -0.490003 0.490003 -0.490003 0.490003 -0.490003 0.490003
### Check ### Total Neighbors: 807866264, Avg neighbor count per particle: 100
### Check ### Total time: 0.0132248, current time-step: 0.000239463
### Check ### Total energy: 0.5, (internal: 9.03172e-05, kinetic: 0.49991, gravitational: 0)
### Check ### Focus Tree Nodes: 147848, maxDepth 7
=== Total time for iteration(54) 3.09214s

# domain::sync: 0.714996s
# FindNeighbors: 0.763189s
# Density: 0.21946s
# EquationOfState: 0.00324344s
# mpi::synchronizeHalos: 0.0324527s
# IAD: 0.313459s
# mpi::synchronizeHalos: 0.0345284s
# MomentumEnergyIAD: 0.983689s
# Timestep: 0.000100437s
# UpdateQuantities: 0.007463s
# UpdateSmoothingLength: 0.00416556s
### Check ### Global Tree Nodes: 512, Particles: 4000000, Halos: 142152
### Check ### Computational domain: -0.489865 0.489865 -0.489865 0.489865 -0.489865 0.489865
### Check ### Total Neighbors: 803352536, Avg neighbor count per particle: 100
### Check ### Total time: 0.0134637, current time-step: 0.000238952
### Check ### Total energy: 0.5, (internal: 9.27325e-05, kinetic: 0.499907, gravitational: 0)
### Check ### Focus Tree Nodes: 140932, maxDepth 7
=== Total time for iteration(55) 3.07675s

# domain::sync: 0.70553s
# FindNeighbors: 0.765039s
# Density: 0.220345s
# EquationOfState: 0.00375628s
# mpi::synchronizeHalos: 0.034093s
# IAD: 0.31568s
# mpi::synchronizeHalos: 0.0324712s
# MomentumEnergyIAD: 0.995392s
# Timestep: 0.000379698s
# UpdateQuantities: 0.00983426s
# UpdateSmoothingLength: 0.00416689s
### Check ### Global Tree Nodes: 512, Particles: 4000000, Halos: 142192
### Check ### Computational domain: -0.489727 0.489727 -0.489727 0.489727 -0.489727 0.489727
### Check ### Total Neighbors: 807478304, Avg neighbor count per particle: 100
### Check ### Total time: 0.0137024, current time-step: 0.000238647
### Check ### Total energy: 0.5, (internal: 9.51782e-05, kinetic: 0.499905, gravitational: 0)
### Check ### Focus Tree Nodes: 140820, maxDepth 7
=== Total time for iteration(56) 3.0867s

# domain::sync: 0.69936s
# FindNeighbors: 0.762038s
# Density: 0.215942s
# EquationOfState: 0.00321986s
# mpi::synchronizeHalos: 0.0332546s
# IAD: 0.313668s
# mpi::synchronizeHalos: 0.0322927s
# MomentumEnergyIAD: 0.979432s
# Timestep: 0.000100944s
# UpdateQuantities: 0.0081033s
# UpdateSmoothingLength: 0.00416633s
### Check ### Global Tree Nodes: 512, Particles: 4000000, Halos: 142256
### Check ### Computational domain: -0.489589 0.489589 -0.489589 0.489589 -0.489589 0.489589
### Check ### Total Neighbors: 803427376, Avg neighbor count per particle: 100
### Check ### Total time: 0.013939, current time-step: 0.000236621
### Check ### Total energy: 0.5, (internal: 9.76366e-05, kinetic: 0.499902, gravitational: 0)
### Check ### Focus Tree Nodes: 140848, maxDepth 7
=== Total time for iteration(57) 3.05158s

# domain::sync: 0.725613s
# FindNeighbors: 0.763251s
# Density: 0.21901s
# EquationOfState: 0.00321586s
# mpi::synchronizeHalos: 0.032196s
# IAD: 0.316086s
# mpi::synchronizeHalos: 0.0320541s
# MomentumEnergyIAD: 0.998152s
# Timestep: 0.000101003s
# UpdateQuantities: 0.00736261s
# UpdateSmoothingLength: 0.00416844s
### Check ### Global Tree Nodes: 512, Particles: 4000000, Halos: 142316
### Check ### Computational domain: -0.489453 0.489453 -0.489453 0.489453 -0.489453 0.489453
### Check ### Total Neighbors: 806919976, Avg neighbor count per particle: 100
### Check ### Total time: 0.0141736, current time-step: 0.000234607
### Check ### Total energy: 0.5, (internal: 0.000100108, kinetic: 0.4999, gravitational: 0)
### Check ### Focus Tree Nodes: 140932, maxDepth 7
=== Total time for iteration(58) 3.10122s

# domain::sync: 0.688659s
# FindNeighbors: 0.763485s
# Density: 0.219471s
# EquationOfState: 0.00319415s
# mpi::synchronizeHalos: 0.032035s
# IAD: 0.31362s
# mpi::synchronizeHalos: 0.032355s
# MomentumEnergyIAD: 0.987272s
# Timestep: 0.000113811s
# UpdateQuantities: 0.00787715s
# UpdateSmoothingLength: 0.00415388s
### Check ### Global Tree Nodes: 512, Particles: 4000000, Halos: 142110
### Check ### Computational domain: -0.489317 0.489317 -0.489317 0.489317 -0.489317 0.489317
### Check ### Total Neighbors: 803933680, Avg neighbor count per particle: 100
### Check ### Total time: 0.0144066, current time-step: 0.000233045
### Check ### Total energy: 0.5, (internal: 0.000102595, kinetic: 0.499897, gravitational: 0)
### Check ### Focus Tree Nodes: 149808, maxDepth 7
=== Total time for iteration(59) 3.05224s

# domain::sync: 0.688623s
# FindNeighbors: 0.762079s
# Density: 0.219336s
# EquationOfState: 0.00323107s
# mpi::synchronizeHalos: 0.0319989s
# IAD: 0.31362s
# mpi::synchronizeHalos: 0.0323687s
# MomentumEnergyIAD: 0.98783s
# Timestep: 0.000101198s
# UpdateQuantities: 0.007594s
# UpdateSmoothingLength: 0.00416346s
### Check ### Global Tree Nodes: 512, Particles: 4000000, Halos: 142040
### Check ### Computational domain: -0.489183 0.489183 -0.489183 0.489183 -0.489183 0.489183
### Check ### Total Neighbors: 806399576, Avg neighbor count per particle: 100
### Check ### Total time: 0.014639, current time-step: 0.000232364
### Check ### Total energy: 0.5, (internal: 0.000105108, kinetic: 0.499895, gravitational: 0)
### Check ### Focus Tree Nodes: 149780, maxDepth 7
=== Total time for iteration(60) 3.05095s

# domain::sync: 0.700279s
# FindNeighbors: 0.763105s
# Density: 0.218969s
# EquationOfState: 0.00322359s
# mpi::synchronizeHalos: 0.0320584s
# IAD: 0.314s
# mpi::synchronizeHalos: 0.0317407s
# MomentumEnergyIAD: 0.989033s
# Timestep: 0.00199614s
# UpdateQuantities: 0.0075739s
# UpdateSmoothingLength: 0.00415137s
### Check ### Global Tree Nodes: 512, Particles: 4000000, Halos: 142028
### Check ### Computational domain: -0.489049 0.489049 -0.489049 0.489049 -0.489049 0.489049
### Check ### Total Neighbors: 804057080, Avg neighbor count per particle: 100
### Check ### Total time: 0.0148712, current time-step: 0.000232171
### Check ### Total energy: 0.5, (internal: 0.000107653, kinetic: 0.499892, gravitational: 0)
### Check ### Focus Tree Nodes: 148100, maxDepth 7
=== Total time for iteration(61) 3.06614s

# domain::sync: 0.704614s
# FindNeighbors: 0.761452s
# Density: 0.218614s
# EquationOfState: 0.00321291s
# mpi::synchronizeHalos: 0.0322109s
# IAD: 0.313013s
# mpi::synchronizeHalos: 0.0322326s
# MomentumEnergyIAD: 0.984822s
# Timestep: 0.000761766s
# UpdateQuantities: 0.00753348s
# UpdateSmoothingLength: 0.00416401s
### Check ### Global Tree Nodes: 512, Particles: 4000000, Halos: 142012
### Check ### Computational domain: -0.488915 0.488915 -0.488915 0.488915 -0.488915 0.488915
### Check ### Total Neighbors: 806159384, Avg neighbor count per particle: 100
### Check ### Total time: 0.0150969, current time-step: 0.000225747
### Check ### Total energy: 0.5, (internal: 0.000110158, kinetic: 0.49989, gravitational: 0)
### Check ### Focus Tree Nodes: 147988, maxDepth 7
=== Total time for iteration(62) 3.06264s

# domain::sync: 0.716325s
# FindNeighbors: 0.761326s
# Density: 0.219278s
# EquationOfState: 0.0031875s
# mpi::synchronizeHalos: 0.0322051s
# IAD: 0.314776s
# mpi::synchronizeHalos: 0.0316175s
# MomentumEnergyIAD: 0.997999s
# Timestep: 9.2649e-05s
# UpdateQuantities: 0.00781734s
# UpdateSmoothingLength: 0.00412276s
### Check ### Global Tree Nodes: 512, Particles: 4000000, Halos: 141984
### Check ### Computational domain: -0.488784 0.488784 -0.488784 0.488784 -0.488784 0.488784
### Check ### Total Neighbors: 804093560, Avg neighbor count per particle: 100
### Check ### Total time: 0.0153238, current time-step: 0.000226824
### Check ### Total energy: 0.5, (internal: 0.000112706, kinetic: 0.499887, gravitational: 0)
### Check ### Focus Tree Nodes: 140960, maxDepth 7
=== Total time for iteration(63) 3.08876s

# domain::sync: 0.701058s
# FindNeighbors: 0.760957s
# Density: 0.21925s
# EquationOfState: 0.00336912s
# mpi::synchronizeHalos: 0.0320674s
# IAD: 0.317007s
# mpi::synchronizeHalos: 0.0406396s
# MomentumEnergyIAD: 0.993509s
# Timestep: 0.000102758s
# UpdateQuantities: 0.00827749s
# UpdateSmoothingLength: 0.0041534s
### Check ### Global Tree Nodes: 512, Particles: 4000000, Halos: 142012
### Check ### Computational domain: -0.488653 0.488653 -0.488653 0.488653 -0.488653 0.488653
### Check ### Total Neighbors: 805882112, Avg neighbor count per particle: 100
### Check ### Total time: 0.0155519, current time-step: 0.000228122
### Check ### Total energy: 0.5, (internal: 0.000115301, kinetic: 0.499885, gravitational: 0)
### Check ### Focus Tree Nodes: 148100, maxDepth 7
=== Total time for iteration(64) 3.0804s

# domain::sync: 0.721816s
# FindNeighbors: 0.760484s
# Density: 0.218043s
# EquationOfState: 0.00322746s
# mpi::synchronizeHalos: 0.0388013s
# IAD: 0.313928s
# mpi::synchronizeHalos: 0.0329546s
# MomentumEnergyIAD: 0.990729s
# Timestep: 8.8863e-05s
# UpdateQuantities: 0.00857515s
# UpdateSmoothingLength: 0.00416741s
### Check ### Global Tree Nodes: 512, Particles: 4000000, Halos: 142006
### Check ### Computational domain: -0.488522 0.488522 -0.488522 0.488522 -0.488522 0.488522
### Check ### Total Neighbors: 804269600, Avg neighbor count per particle: 100
### Check ### Total time: 0.0157814, current time-step: 0.000229567
### Check ### Total energy: 0.5, (internal: 0.000117947, kinetic: 0.499882, gravitational: 0)
### Check ### Focus Tree Nodes: 148100, maxDepth 7
=== Total time for iteration(65) 3.09283s

# domain::sync: 0.723471s
# FindNeighbors: 0.761706s
# Density: 0.21899s
# EquationOfState: 0.00320961s
# mpi::synchronizeHalos: 0.0321531s
# IAD: 0.314935s
# mpi::synchronizeHalos: 0.0316351s
# MomentumEnergyIAD: 0.995051s
# Timestep: 0.000110137s
# UpdateQuantities: 0.00813553s
# UpdateSmoothingLength: 0.00416497s
### Check ### Global Tree Nodes: 512, Particles: 4000000, Halos: 142020
### Check ### Computational domain: -0.488389 0.488389 -0.488389 0.488389 -0.488389 0.488389
### Check ### Total Neighbors: 805665320, Avg neighbor count per particle: 100
### Check ### Total time: 0.016009, current time-step: 0.000227529
### Check ### Total energy: 0.5, (internal: 0.000120602, kinetic: 0.499879, gravitational: 0)
### Check ### Focus Tree Nodes: 142640, maxDepth 7
=== Total time for iteration(66) 3.09357s

# domain::sync: 0.695957s
# FindNeighbors: 0.759913s
# Density: 0.218511s
# EquationOfState: 0.00322351s
# mpi::synchronizeHalos: 0.0338555s
# IAD: 0.31427s
# mpi::synchronizeHalos: 0.0323482s
# MomentumEnergyIAD: 0.985971s
# Timestep: 0.000101039s
# UpdateQuantities: 0.00752922s
# UpdateSmoothingLength: 0.00419181s
### Check ### Global Tree Nodes: 512, Particles: 4000000, Halos: 142036
### Check ### Computational domain: -0.488258 0.488258 -0.488258 0.488258 -0.488258 0.488258
### Check ### Total Neighbors: 804437144, Avg neighbor count per particle: 100
### Check ### Total time: 0.0162349, current time-step: 0.000225963
### Check ### Total energy: 0.5, (internal: 0.000123272, kinetic: 0.499877, gravitational: 0)
### Check ### Focus Tree Nodes: 143060, maxDepth 7
=== Total time for iteration(67) 3.05588s

# domain::sync: 0.709832s
# FindNeighbors: 0.76156s
# Density: 0.218831s
# EquationOfState: 0.00318117s
# mpi::synchronizeHalos: 0.0319936s
# IAD: 0.314302s
# mpi::synchronizeHalos: 0.0317287s
# MomentumEnergyIAD: 0.998869s
# Timestep: 0.000100648s
# UpdateQuantities: 0.00742523s
# UpdateSmoothingLength: 0.00416769s
### Check ### Global Tree Nodes: 512, Particles: 4000000, Halos: 142080
### Check ### Computational domain: -0.488127 0.488127 -0.488127 0.488127 -0.488127 0.488127
### Check ### Total Neighbors: 805343992, Avg neighbor count per particle: 100
### Check ### Total time: 0.0164597, current time-step: 0.000224812
### Check ### Total energy: 0.5, (internal: 0.000125961, kinetic: 0.499874, gravitational: 0)
### Check ### Focus Tree Nodes: 150228, maxDepth 7
=== Total time for iteration(68) 3.082s

# domain::sync: 0.715285s
# FindNeighbors: 0.761092s
# Density: 0.220216s
# EquationOfState: 0.0041066s
# mpi::synchronizeHalos: 0.0343726s
# IAD: 0.316629s
# mpi::synchronizeHalos: 0.0370882s
# MomentumEnergyIAD: 0.994281s
# Timestep: 0.000133807s
# UpdateQuantities: 0.0102099s
# UpdateSmoothingLength: 0.00418115s
### Check ### Global Tree Nodes: 512, Particles: 4000000, Halos: 142080
### Check ### Computational domain: -0.487998 0.487998 -0.487998 0.487998 -0.487998 0.487998
### Check ### Total Neighbors: 804364672, Avg neighbor count per particle: 100
### Check ### Total time: 0.0166849, current time-step: 0.000225144
### Check ### Total energy: 0.5, (internal: 0.000128687, kinetic: 0.499871, gravitational: 0)
### Check ### Focus Tree Nodes: 140820, maxDepth 7
=== Total time for iteration(69) 3.0976s

# domain::sync: 0.711167s
# FindNeighbors: 0.759172s
# Density: 0.219479s
# EquationOfState: 0.00347397s
# mpi::synchronizeHalos: 0.032389s
# IAD: 0.314625s
# mpi::synchronizeHalos: 0.0319165s
# MomentumEnergyIAD: 0.992116s
# Timestep: 0.000111385s
# UpdateQuantities: 0.0082408s
# UpdateSmoothingLength: 0.00420284s
### Check ### Global Tree Nodes: 512, Particles: 4000000, Halos: 142132
### Check ### Computational domain: -0.487868 0.487868 -0.487868 0.487868 -0.487868 0.487868
### Check ### Total Neighbors: 805344784, Avg neighbor count per particle: 100
### Check ### Total time: 0.0169108, current time-step: 0.000225899
### Check ### Total energy: 0.5, (internal: 0.000131455, kinetic: 0.499869, gravitational: 0)
### Check ### Focus Tree Nodes: 140820, maxDepth 7
=== Total time for iteration(70) 3.0769s

# domain::sync: 0.71365s
# FindNeighbors: 0.761244s
# Density: 0.219034s
# EquationOfState: 0.00320935s
# mpi::synchronizeHalos: 0.0341471s
# IAD: 0.314411s
# mpi::synchronizeHalos: 0.0319398s
# MomentumEnergyIAD: 0.996001s
# Timestep: 9.7163e-05s
# UpdateQuantities: 0.00823857s
# UpdateSmoothingLength: 0.0041681s
### Check ### Global Tree Nodes: 512, Particles: 4000000, Halos: 142148
### Check ### Computational domain: -0.487737 0.487737 -0.487737 0.487737 -0.487737 0.487737
### Check ### Total Neighbors: 804470416, Avg neighbor count per particle: 100
### Check ### Total time: 0.0171379, current time-step: 0.000227121
### Check ### Total energy: 0.5, (internal: 0.000134271, kinetic: 0.499866, gravitational: 0)
### Check ### Focus Tree Nodes: 150256, maxDepth 7
=== Total time for iteration(71) 3.08614s

# domain::sync: 0.713634s
# FindNeighbors: 0.759274s
# Density: 0.218517s
# EquationOfState: 0.00322619s
# mpi::synchronizeHalos: 0.0323662s
# IAD: 0.314871s
# mpi::synchronizeHalos: 0.0318119s
# MomentumEnergyIAD: 0.979244s
# Timestep: 0.00773931s
# UpdateQuantities: 0.00810164s
# UpdateSmoothingLength: 0.0041547s
### Check ### Global Tree Nodes: 512, Particles: 4000000, Halos: 142180
### Check ### Computational domain: -0.487606 0.487606 -0.487606 0.487606 -0.487606 0.487606
### Check ### Total Neighbors: 805148560, Avg neighbor count per particle: 100
### Check ### Total time: 0.0173572, current time-step: 0.000219242
### Check ### Total energy: 0.5, (internal: 0.000137023, kinetic: 0.499863, gravitational: 0)
### Check ### Focus Tree Nodes: 149892, maxDepth 7
=== Total time for iteration(72) 3.07295s

# domain::sync: 0.715085s
# FindNeighbors: 0.760519s
# Density: 0.21951s
# EquationOfState: 0.00322639s
# mpi::synchronizeHalos: 0.0322533s
# IAD: 0.317091s
# mpi::synchronizeHalos: 0.0319111s
# MomentumEnergyIAD: 0.994049s
# Timestep: 0.000104516s
# UpdateQuantities: 0.00863161s
# UpdateSmoothingLength: 0.00416832s
### Check ### Global Tree Nodes: 512, Particles: 4000000, Halos: 142204
### Check ### Computational domain: -0.48748 0.48748 -0.48748 0.48748 -0.48748 0.48748
### Check ### Total Neighbors: 804354279, Avg neighbor count per particle: 100
### Check ### Total time: 0.0175754, current time-step: 0.000218203
### Check ### Total energy: 0.5, (internal: 0.000139793, kinetic: 0.49986, gravitational: 0)
### Check ### Focus Tree Nodes: 140932, maxDepth 7
=== Total time for iteration(73) 3.08656s

# domain::sync: 0.699041s
# FindNeighbors: 0.759801s
# Density: 0.219298s
# EquationOfState: 0.00319052s
# mpi::synchronizeHalos: 0.0320811s
# IAD: 0.316229s
# mpi::synchronizeHalos: 0.0372139s
# MomentumEnergyIAD: 0.987431s
# Timestep: 0.000102413s
# UpdateQuantities: 0.00930015s
# UpdateSmoothingLength: 0.00417309s
### Check ### Global Tree Nodes: 512, Particles: 4000000, Halos: 142220
### Check ### Computational domain: -0.487354 0.487354 -0.487354 0.487354 -0.487354 0.487354
### Check ### Total Neighbors: 804881736, Avg neighbor count per particle: 100
### Check ### Total time: 0.0177912, current time-step: 0.00021581
### Check ### Total energy: 0.5, (internal: 0.000142565, kinetic: 0.499858, gravitational: 0)
### Check ### Focus Tree Nodes: 141044, maxDepth 7
=== Total time for iteration(74) 3.06787s

# domain::sync: 0.694453s
# FindNeighbors: 0.759927s
# Density: 0.219518s
# EquationOfState: 0.00344333s
# mpi::synchronizeHalos: 0.031804s
# IAD: 0.314175s
# mpi::synchronizeHalos: 0.0318152s
# MomentumEnergyIAD: 0.985217s
# Timestep: 0.000104078s
# UpdateQuantities: 0.00876158s
# UpdateSmoothingLength: 0.00418876s
### Check ### Global Tree Nodes: 512, Particles: 4000000, Halos: 142276
### Check ### Computational domain: -0.487229 0.487229 -0.487229 0.487229 -0.487229 0.487229
### Check ### Total Neighbors: 804302817, Avg neighbor count per particle: 100
### Check ### Total time: 0.0180084, current time-step: 0.000217217
### Check ### Total energy: 0.5, (internal: 0.000145386, kinetic: 0.499855, gravitational: 0)
### Check ### Focus Tree Nodes: 141044, maxDepth 7
=== Total time for iteration(75) 3.05341s

# domain::sync: 0.691841s
# FindNeighbors: 0.761462s
# Density: 0.218721s
# EquationOfState: 0.00323708s
# mpi::synchronizeHalos: 0.0332105s
# IAD: 0.314586s
# mpi::synchronizeHalos: 0.0318098s
# MomentumEnergyIAD: 0.99823s
# Timestep: 0.000108108s
# UpdateQuantities: 0.0086156s
# UpdateSmoothingLength: 0.00416428s
### Check ### Global Tree Nodes: 512, Particles: 4000000, Halos: 142284
### Check ### Computational domain: -0.487104 0.487104 -0.487104 0.487104 -0.487104 0.487104
### Check ### Total Neighbors: 804863272, Avg neighbor count per particle: 100
### Check ### Total time: 0.0182248, current time-step: 0.000216432
### Check ### Total energy: 0.5, (internal: 0.00014823, kinetic: 0.499852, gravitational: 0)
### Check ### Focus Tree Nodes: 142808, maxDepth 7
=== Total time for iteration(76) 3.066s

# domain::sync: 0.696049s
# FindNeighbors: 0.759384s
# Density: 0.218868s
# EquationOfState: 0.0032103s
# mpi::synchronizeHalos: 0.032261s
# IAD: 0.314621s
# mpi::synchronizeHalos: 0.0318339s
# MomentumEnergyIAD: 0.986983s
# Timestep: 9.9993e-05s
# UpdateQuantities: 0.00814427s
# UpdateSmoothingLength: 0.00414567s
### Check ### Global Tree Nodes: 512, Particles: 4000000, Halos: 142376
### Check ### Computational domain: -0.486979 0.486979 -0.486979 0.486979 -0.486979 0.486979
### Check ### Total Neighbors: 804409720, Avg neighbor count per particle: 100
### Check ### Total time: 0.0184412, current time-step: 0.000216423
### Check ### Total energy: 0.5, (internal: 0.000151107, kinetic: 0.499849, gravitational: 0)
### Check ### Focus Tree Nodes: 141072, maxDepth 7
=== Total time for iteration(77) 3.05561s

# domain::sync: 0.703969s
# FindNeighbors: 0.760077s
# Density: 0.219195s
# EquationOfState: 0.0032293s
# mpi::synchronizeHalos: 0.0323431s
# IAD: 0.316137s
# mpi::synchronizeHalos: 0.0318463s
# MomentumEnergyIAD: 0.996264s
# Timestep: 0.000101183s
# UpdateQuantities: 0.00847412s
# UpdateSmoothingLength: 0.00417759s
### Check ### Global Tree Nodes: 512, Particles: 4000000, Halos: 142392
### Check ### Computational domain: -0.486854 0.486854 -0.486854 0.486854 -0.486854 0.486854
### Check ### Total Neighbors: 804588520, Avg neighbor count per particle: 100
### Check ### Total time: 0.0186581, current time-step: 0.000216828
### Check ### Total energy: 0.5, (internal: 0.000154021, kinetic: 0.499846, gravitational: 0)
### Check ### Focus Tree Nodes: 148100, maxDepth 7
=== Total time for iteration(78) 3.07582s

# domain::sync: 0.690179s
# FindNeighbors: 0.760539s
# Density: 0.219552s
# EquationOfState: 0.00319677s
# mpi::synchronizeHalos: 0.0323623s
# IAD: 0.314555s
# mpi::synchronizeHalos: 0.0317039s
# MomentumEnergyIAD: 0.993412s
# Timestep: 0.000101404s
# UpdateQuantities: 0.00932125s
# UpdateSmoothingLength: 0.00424157s
### Check ### Global Tree Nodes: 512, Particles: 4000000, Halos: 142432
### Check ### Computational domain: -0.486729 0.486729 -0.486729 0.486729 -0.486729 0.486729
### Check ### Total Neighbors: 804455556, Avg neighbor count per particle: 100
### Check ### Total time: 0.0188766, current time-step: 0.000218488
### Check ### Total energy: 0.5, (internal: 0.000156993, kinetic: 0.499843, gravitational: 0)
### Check ### Focus Tree Nodes: 149976, maxDepth 7
=== Total time for iteration(79) 3.05917s

# domain::sync: 0.690709s
# FindNeighbors: 0.760001s
# Density: 0.219962s
# EquationOfState: 0.0037927s
# mpi::synchronizeHalos: 0.0328534s
# IAD: 0.314032s
# mpi::synchronizeHalos: 0.0326224s
# MomentumEnergyIAD: 0.979795s
# Timestep: 0.000111711s
# UpdateQuantities: 0.00885022s
# UpdateSmoothingLength: 0.00415734s
### Check ### Global Tree Nodes: 512, Particles: 4000000, Halos: 142476
### Check ### Computational domain: -0.486603 0.486603 -0.486603 0.486603 -0.486603 0.486603
### Check ### Total Neighbors: 804635008, Avg neighbor count per particle: 100
### Check ### Total time: 0.0190867, current time-step: 0.000210193
### Check ### Total energy: 0.5, (internal: 0.000159883, kinetic: 0.49984, gravitational: 0)
### Check ### Focus Tree Nodes: 143312, maxDepth 7
=== Total time for iteration(80) 3.0469s

# domain::sync: 0.710178s
# FindNeighbors: 0.760585s
# Density: 0.218901s
# EquationOfState: 0.00319882s
# mpi::synchronizeHalos: 0.0323021s
# IAD: 0.314074s
# mpi::synchronizeHalos: 0.0320548s
# MomentumEnergyIAD: 0.987609s
# Timestep: 0.00248464s
# UpdateQuantities: 0.00880156s
# UpdateSmoothingLength: 0.00417678s
### Check ### Global Tree Nodes: 512, Particles: 4000000, Halos: 142528
### Check ### Computational domain: -0.486481 0.486481 -0.486481 0.486481 -0.486481 0.486481
### Check ### Total Neighbors: 804250060, Avg neighbor count per particle: 100
### Check ### Total time: 0.0192967, current time-step: 0.000209957
### Check ### Total energy: 0.5, (internal: 0.000162803, kinetic: 0.499837, gravitational: 0)
### Check ### Focus Tree Nodes: 141184, maxDepth 7
=== Total time for iteration(81) 3.07437s

# domain::sync: 0.710259s
# FindNeighbors: 0.75912s
# Density: 0.218839s
# EquationOfState: 0.00318393s
# mpi::synchronizeHalos: 0.032311s
# IAD: 0.314155s
# mpi::synchronizeHalos: 0.0322561s
# MomentumEnergyIAD: 0.984342s
# Timestep: 0.000134392s
# UpdateQuantities: 0.00869304s
# UpdateSmoothingLength: 0.00420294s
### Check ### Global Tree Nodes: 512, Particles: 4000000, Halos: 142568
### Check ### Computational domain: -0.48636 0.48636 -0.48636 0.48636 -0.48636 0.48636
### Check ### Total Neighbors: 804344968, Avg neighbor count per particle: 100
### Check ### Total time: 0.019507, current time-step: 0.000210278
### Check ### Total energy: 0.5, (internal: 0.000165758, kinetic: 0.499834, gravitational: 0)
### Check ### Focus Tree Nodes: 148100, maxDepth 7
=== Total time for iteration(82) 3.06751s

# domain::sync: 0.713314s
# FindNeighbors: 0.760569s
# Density: 0.218101s
# EquationOfState: 0.00337941s
# mpi::synchronizeHalos: 0.0318495s
# IAD: 0.316544s
# mpi::synchronizeHalos: 0.0320099s
# MomentumEnergyIAD: 0.993172s
# Timestep: 9.998e-05s
# UpdateQuantities: 0.00912091s
# UpdateSmoothingLength: 0.00416993s
### Check ### Global Tree Nodes: 512, Particles: 4000000, Halos: 142600
### Check ### Computational domain: -0.486239 0.486239 -0.486239 0.486239 -0.486239 0.486239
### Check ### Total Neighbors: 804366920, Avg neighbor count per particle: 100
### Check ### Total time: 0.019718, current time-step: 0.000210997
### Check ### Total energy: 0.5, (internal: 0.000168757, kinetic: 0.499831, gravitational: 0)
### Check ### Focus Tree Nodes: 148296, maxDepth 7
=== Total time for iteration(83) 3.08234s

# domain::sync: 0.696833s
# FindNeighbors: 0.760452s
# Density: 0.218848s
# EquationOfState: 0.00321036s
# mpi::synchronizeHalos: 0.0323685s
# IAD: 0.313839s
# mpi::synchronizeHalos: 0.0320612s
# MomentumEnergyIAD: 0.980754s
# Timestep: 0.000101677s
# UpdateQuantities: 0.00922375s
# UpdateSmoothingLength: 0.00417527s
### Check ### Global Tree Nodes: 512, Particles: 4000000, Halos: 142636
### Check ### Computational domain: -0.486117 0.486117 -0.486117 0.486117 -0.486117 0.486117
### Check ### Total Neighbors: 804367408, Avg neighbor count per particle: 100
### Check ### Total time: 0.0199299, current time-step: 0.000211904
### Check ### Total energy: 0.5, (internal: 0.000171802, kinetic: 0.499828, gravitational: 0)
### Check ### Focus Tree Nodes: 140960, maxDepth 7
=== Total time for iteration(84) 3.05187s

# domain::sync: 0.700322s
# FindNeighbors: 0.759338s
# Density: 0.219144s
# EquationOfState: 0.00322374s
# mpi::synchronizeHalos: 0.0321629s
# IAD: 0.314099s
# mpi::synchronizeHalos: 0.0319251s
# MomentumEnergyIAD: 0.982204s
# Timestep: 0.00256094s
# UpdateQuantities: 0.00911076s
# UpdateSmoothingLength: 0.00419023s
### Check ### Global Tree Nodes: 512, Particles: 4000000, Halos: 142708
### Check ### Computational domain: -0.485995 0.485995 -0.485995 0.485995 -0.485995 0.485995
### Check ### Total Neighbors: 804328024, Avg neighbor count per particle: 100
### Check ### Total time: 0.0201433, current time-step: 0.000213413
### Check ### Total energy: 0.5, (internal: 0.000174902, kinetic: 0.499825, gravitational: 0)
### Check ### Focus Tree Nodes: 148240, maxDepth 7
=== Total time for iteration(85) 3.05829s

# domain::sync: 0.692383s
# FindNeighbors: 0.761495s
# Density: 0.218889s
# EquationOfState: 0.00319684s
# mpi::synchronizeHalos: 0.0324205s
# IAD: 0.314261s
# mpi::synchronizeHalos: 0.0322405s
# MomentumEnergyIAD: 0.988598s
# Timestep: 0.00211046s
# UpdateQuantities: 0.00880996s
# UpdateSmoothingLength: 0.00418447s
### Check ### Global Tree Nodes: 512, Particles: 4000000, Halos: 142748
### Check ### Computational domain: -0.485871 0.485871 -0.485871 0.485871 -0.485871 0.485871
### Check ### Total Neighbors: 804384346, Avg neighbor count per particle: 100
### Check ### Total time: 0.0203532, current time-step: 0.000209862
### Check ### Total energy: 0.5, (internal: 0.000177984, kinetic: 0.499822, gravitational: 0)
### Check ### Focus Tree Nodes: 143256, maxDepth 7
=== Total time for iteration(86) 3.0586s

# domain::sync: 0.694266s
# FindNeighbors: 0.759002s
# Density: 0.218895s
# EquationOfState: 0.00320944s
# mpi::synchronizeHalos: 0.0319704s
# IAD: 0.314383s
# mpi::synchronizeHalos: 0.0318719s
# MomentumEnergyIAD: 0.97777s
# Timestep: 0.00447419s
# UpdateQuantities: 0.00913412s
# UpdateSmoothingLength: 0.00416559s
### Check ### Global Tree Nodes: 512, Particles: 4000000, Halos: 142784
### Check ### Computational domain: -0.48575 0.48575 -0.48575 0.48575 -0.48575 0.48575
### Check ### Total Neighbors: 804174358, Avg neighbor count per particle: 100
### Check ### Total time: 0.0205623, current time-step: 0.000209113
### Check ### Total energy: 0.5, (internal: 0.000181088, kinetic: 0.499819, gravitational: 0)
### Check ### Focus Tree Nodes: 149892, maxDepth 7
=== Total time for iteration(87) 3.04915s

# domain::sync: 0.689834s
# FindNeighbors: 0.760114s
# Density: 0.219015s
# EquationOfState: 0.00323529s
# mpi::synchronizeHalos: 0.0323308s
# IAD: 0.31399s
# mpi::synchronizeHalos: 0.0321622s
# MomentumEnergyIAD: 1.00049s
# Timestep: 0.000102656s
# UpdateQuantities: 0.00890061s
# UpdateSmoothingLength: 0.00421853s
### Check ### Global Tree Nodes: 512, Particles: 4000000, Halos: 142872
### Check ### Computational domain: -0.48563 0.48563 -0.48563 0.48563 -0.48563 0.48563
### Check ### Total Neighbors: 804278826, Avg neighbor count per particle: 100
### Check ### Total time: 0.020765, current time-step: 0.000202738
### Check ### Total energy: 0.5, (internal: 0.000184128, kinetic: 0.499816, gravitational: 0)
### Check ### Focus Tree Nodes: 140960, maxDepth 7
=== Total time for iteration(88) 3.0644s

# domain::sync: 0.68164s
# FindNeighbors: 0.760266s
# Density: 0.219185s
# EquationOfState: 0.00322008s
# mpi::synchronizeHalos: 0.0320684s
# IAD: 0.313904s
# mpi::synchronizeHalos: 0.0318722s
# MomentumEnergyIAD: 0.992638s
# Timestep: 9.3977e-05s
# UpdateQuantities: 0.00921442s
# UpdateSmoothingLength: 0.00420373s
### Check ### Global Tree Nodes: 512, Particles: 4000000, Halos: 142912
### Check ### Computational domain: -0.485513 0.485513 -0.485513 0.485513 -0.485513 0.485513
### Check ### Total Neighbors: 803955944, Avg neighbor count per particle: 100
### Check ### Total time: 0.0209682, current time-step: 0.000203165
### Check ### Total energy: 0.5, (internal: 0.000187206, kinetic: 0.499813, gravitational: 0)
### Check ### Focus Tree Nodes: 150032, maxDepth 7
=== Total time for iteration(89) 3.04831s

# domain::sync: 0.685885s
# FindNeighbors: 0.759682s
# Density: 0.219106s
# EquationOfState: 0.00331197s
# mpi::synchronizeHalos: 0.0400087s
# IAD: 0.313974s
# mpi::synchronizeHalos: 0.0376977s
# MomentumEnergyIAD: 0.983678s
# Timestep: 9.1501e-05s
# UpdateQuantities: 0.0086989s
# UpdateSmoothingLength: 0.00418812s
### Check ### Global Tree Nodes: 512, Particles: 4000000, Halos: 142940
### Check ### Computational domain: -0.485395 0.485395 -0.485395 0.485395 -0.485395 0.485395
### Check ### Total Neighbors: 804173334, Avg neighbor count per particle: 100
### Check ### Total time: 0.0211725, current time-step: 0.00020433
### Check ### Total energy: 0.5, (internal: 0.000190332, kinetic: 0.49981, gravitational: 0)
### Check ### Focus Tree Nodes: 150368, maxDepth 7
=== Total time for iteration(90) 3.05633s

# domain::sync: 0.663729s
# FindNeighbors: 0.759788s
# Density: 0.219122s
# EquationOfState: 0.0032073s
# mpi::synchronizeHalos: 0.0328724s
# IAD: 0.314302s
# mpi::synchronizeHalos: 0.0322428s
# MomentumEnergyIAD: 0.988929s
# Timestep: 0.00198678s
# UpdateQuantities: 0.00851747s
# UpdateSmoothingLength: 0.00432086s
### Check ### Global Tree Nodes: 512, Particles: 4000000, Halos: 142992
### Check ### Computational domain: -0.485277 0.485277 -0.485277 0.485277 -0.485277 0.485277
### Check ### Total Neighbors: 804080753, Avg neighbor count per particle: 100
### Check ### Total time: 0.0213757, current time-step: 0.000203215
### Check ### Total energy: 0.5, (internal: 0.000193474, kinetic: 0.499807, gravitational: 0)
### Check ### Focus Tree Nodes: 148240, maxDepth 7
=== Total time for iteration(91) 3.02903s

# domain::sync: 0.669484s
# FindNeighbors: 0.759172s
# Density: 0.218772s
# EquationOfState: 0.00319777s
# mpi::synchronizeHalos: 0.032445s
# IAD: 0.314222s
# mpi::synchronizeHalos: 0.0325671s
# MomentumEnergyIAD: 0.981154s
# Timestep: 0.00127923s
# UpdateQuantities: 0.0100185s
# UpdateSmoothingLength: 0.00421257s
### Check ### Global Tree Nodes: 512, Particles: 4000000, Halos: 143064
### Check ### Computational domain: -0.48516 0.48516 -0.48516 0.48516 -0.48516 0.48516
### Check ### Total Neighbors: 804114543, Avg neighbor count per particle: 100
### Check ### Total time: 0.0215793, current time-step: 0.0002036
### Check ### Total energy: 0.5, (internal: 0.000196653, kinetic: 0.499803, gravitational: 0)
### Check ### Focus Tree Nodes: 143396, maxDepth 7
=== Total time for iteration(92) 3.02653s

# domain::sync: 0.680319s
# FindNeighbors: 0.759599s
# Density: 0.219178s
# EquationOfState: 0.00323386s
# mpi::synchronizeHalos: 0.0683613s
# IAD: 0.3142s
# mpi::synchronizeHalos: 0.0331015s
# MomentumEnergyIAD: 0.988176s
# Timestep: 0.000118381s
# UpdateQuantities: 0.00859848s
# UpdateSmoothingLength: 0.00417375s
### Check ### Global Tree Nodes: 512, Particles: 4000000, Halos: 143124
### Check ### Computational domain: -0.485042 0.485042 -0.485042 0.485042 -0.485042 0.485042
### Check ### Total Neighbors: 803991068, Avg neighbor count per particle: 100
### Check ### Total time: 0.0217841, current time-step: 0.000204744
### Check ### Total energy: 0.5, (internal: 0.000199882, kinetic: 0.4998, gravitational: 0)
### Check ### Focus Tree Nodes: 141072, maxDepth 7
=== Total time for iteration(93) 3.07907s

# domain::sync: 0.665266s
# FindNeighbors: 0.75984s
# Density: 0.219298s
# EquationOfState: 0.00321557s
# mpi::synchronizeHalos: 0.0343014s
# IAD: 0.317182s
# mpi::synchronizeHalos: 0.0357339s
# MomentumEnergyIAD: 0.990858s
# Timestep: 0.000109575s
# UpdateQuantities: 0.00885471s
# UpdateSmoothingLength: 0.00417029s
### Check ### Global Tree Nodes: 512, Particles: 4000000, Halos: 143144
### Check ### Computational domain: -0.484924 0.484924 -0.484924 0.484924 -0.484924 0.484924
### Check ### Total Neighbors: 804132520, Avg neighbor count per particle: 100
### Check ### Total time: 0.0219908, current time-step: 0.000206693
### Check ### Total energy: 0.5, (internal: 0.000203176, kinetic: 0.499797, gravitational: 0)
### Check ### Focus Tree Nodes: 143312, maxDepth 7
=== Total time for iteration(94) 3.03884s

# domain::sync: 0.684457s
# FindNeighbors: 0.758487s
# Density: 0.219151s
# EquationOfState: 0.0032235s
# mpi::synchronizeHalos: 0.403737s
# IAD: 0.314196s
# mpi::synchronizeHalos: 0.032215s
# MomentumEnergyIAD: 0.987055s
# Timestep: 0.000101632s
# UpdateQuantities: 0.00822703s
# UpdateSmoothingLength: 0.00428877s
### Check ### Global Tree Nodes: 512, Particles: 4000000, Halos: 143224
### Check ### Computational domain: -0.484805 0.484805 -0.484805 0.484805 -0.484805 0.484805
### Check ### Total Neighbors: 804089835, Avg neighbor count per particle: 100
### Check ### Total time: 0.0221994, current time-step: 0.000208688
### Check ### Total energy: 0.5, (internal: 0.000206536, kinetic: 0.499794, gravitational: 0)
### Check ### Focus Tree Nodes: 150032, maxDepth 7
=== Total time for iteration(95) 3.41516s

# domain::sync: 0.704275s
# FindNeighbors: 0.760453s
# Density: 0.217955s
# EquationOfState: 0.00371525s
# mpi::synchronizeHalos: 0.0325399s
# IAD: 0.314306s
# mpi::synchronizeHalos: 0.0321912s
# MomentumEnergyIAD: 0.994348s
# Timestep: 0.000103018s
# UpdateQuantities: 0.00820505s
# UpdateSmoothingLength: 0.00416593s
### Check ### Global Tree Nodes: 512, Particles: 4000000, Halos: 143296
### Check ### Computational domain: -0.484685 0.484685 -0.484685 0.484685 -0.484685 0.484685
### Check ### Total Neighbors: 804093043, Avg neighbor count per particle: 100
### Check ### Total time: 0.0224035, current time-step: 0.000204093
### Check ### Total energy: 0.5, (internal: 0.000209856, kinetic: 0.49979, gravitational: 0)
### Check ### Focus Tree Nodes: 150116, maxDepth 7
=== Total time for iteration(96) 3.07227s

# domain::sync: 0.6781s
# FindNeighbors: 0.758226s
# Density: 0.218557s
# EquationOfState: 0.00320115s
# mpi::synchronizeHalos: 0.03471s
# IAD: 0.314384s
# mpi::synchronizeHalos: 0.0326847s
# MomentumEnergyIAD: 0.981287s
# Timestep: 0.00234904s
# UpdateQuantities: 0.00850437s
# UpdateSmoothingLength: 0.00417583s
### Check ### Global Tree Nodes: 512, Particles: 4000000, Halos: 143336
### Check ### Computational domain: -0.484567 0.484567 -0.484567 0.484567 -0.484567 0.484567
### Check ### Total Neighbors: 803981933, Avg neighbor count per particle: 100
### Check ### Total time: 0.0226038, current time-step: 0.00020028
### Check ### Total energy: 0.5, (internal: 0.000213147, kinetic: 0.499787, gravitational: 0)
### Check ### Focus Tree Nodes: 148436, maxDepth 7
=== Total time for iteration(97) 3.03619s

# domain::sync: 0.687419s
# FindNeighbors: 0.759498s
# Density: 0.218858s
# EquationOfState: 0.00322106s
# mpi::synchronizeHalos: 0.0321869s
# IAD: 0.314429s
# mpi::synchronizeHalos: 0.0320699s
# MomentumEnergyIAD: 0.999154s
# Timestep: 0.000103734s
# UpdateQuantities: 0.00807189s
# UpdateSmoothingLength: 0.00416239s
### Check ### Global Tree Nodes: 512, Particles: 4000000, Halos: 143386
### Check ### Computational domain: -0.484451 0.484451 -0.484451 0.484451 -0.484451 0.484451
### Check ### Total Neighbors: 803892818, Avg neighbor count per particle: 100
### Check ### Total time: 0.0228053, current time-step: 0.000201463
### Check ### Total energy: 0.5, (internal: 0.000216489, kinetic: 0.499784, gravitational: 0)
### Check ### Focus Tree Nodes: 141296, maxDepth 7
=== Total time for iteration(98) 3.05918s

# domain::sync: 0.68552s
# FindNeighbors: 0.760052s
# Density: 0.219522s
# EquationOfState: 0.00322638s
# mpi::synchronizeHalos: 0.0320627s
# IAD: 0.317268s
# mpi::synchronizeHalos: 0.0395767s
# MomentumEnergyIAD: 0.990374s
# Timestep: 9.9844e-05s
# UpdateQuantities: 0.00812452s
# UpdateSmoothingLength: 0.00415253s
### Check ### Global Tree Nodes: 512, Particles: 4000000, Halos: 143448
### Check ### Computational domain: -0.484335 0.484335 -0.484335 0.484335 -0.484335 0.484335
### Check ### Total Neighbors: 803955976, Avg neighbor count per particle: 100
### Check ### Total time: 0.0230041, current time-step: 0.000198824
### Check ### Total energy: 0.5, (internal: 0.000219819, kinetic: 0.49978, gravitational: 0)
### Check ### Focus Tree Nodes: 141632, maxDepth 7
=== Total time for iteration(99) 3.05999s

# domain::sync: 0.699469s
# FindNeighbors: 0.758716s
# Density: 0.219122s
# EquationOfState: 0.0032064s
# mpi::synchronizeHalos: 0.0405135s
# IAD: 0.314129s
# mpi::synchronizeHalos: 0.0351264s
# MomentumEnergyIAD: 0.985944s
# Timestep: 0.000100444s
# UpdateQuantities: 0.00813946s
# UpdateSmoothingLength: 0.00416062s
### Check ### Global Tree Nodes: 512, Particles: 4000000, Halos: 143496
### Check ### Computational domain: -0.48422 0.48422 -0.48422 0.48422 -0.48422 0.48422
### Check ### Total Neighbors: 803782872, Avg neighbor count per particle: 100
### Check ### Total time: 0.0232035, current time-step: 0.000199396
### Check ### Total energy: 0.5, (internal: 0.000223191, kinetic: 0.499777, gravitational: 0)
### Check ### Focus Tree Nodes: 143592, maxDepth 7
=== Total time for iteration(100) 3.06864s

# Total execution time of 100 iterations of noh up to t = 0.023204: 299.933s
real 300.35
user 3825.76
sys 10.14
