19.74

Params:Program: ../sph-exa-build/main/src/sphexa/sphexa-cuda
Particles: 100
Timestep: 100
Numthreads: 12
# SPHEXA: HEAD/22053277
# 1 MPI-3.1 process(es) with 12 OpenMP-201511 thread(s)/process
Data generated for 1000000 global particles
Domain synchronized, nLocalParticles 1000000
# domain::sync: 0.00389054s
# FindNeighbors: 0.000330094s
# Density: 0.0720637s
# EquationOfState: 0.00172272s
# mpi::synchronizeHalos: 7.819e-06s
# IAD: 0.0669354s
# mpi::synchronizeHalos: 6.984e-06s
# MomentumEnergyIAD: 0.0657826s
# Timestep: 7.146e-06s
# UpdateQuantities: 0.00386178s
# UpdateSmoothingLength: 1.9067e-05s
### Check ### Global Tree Nodes: 512, Particles: 1000000, Halos: 0
### Check ### Computational domain: -0.5 0.5 -0.5 0.5 -0.5 0.5
### Check ### Total Neighbors: 93000000, Avg neighbor count per particle: 93
### Check ### Total time: 1.1e-06, current time-step: 1.1e-06
### Check ### Total energy: 1, (internal: 1, kinetic: 1.06507e-08, gravitational: 0)
### Check ### Focus Tree Nodes: 32768, maxDepth 5, maxStackNc 0, maxStackGravity 0
=== Total time for iteration(1) 0.214629s

# domain::sync: 0.00360419s
# FindNeighbors: 0.000330976s
# Density: 0.0584426s
# EquationOfState: 0.000134874s
# mpi::synchronizeHalos: 2.432e-06s
# IAD: 0.0580699s
# mpi::synchronizeHalos: 1.515e-06s
# MomentumEnergyIAD: 0.060355s
# Timestep: 1.829e-06s
# UpdateQuantities: 3.213e-06s
# UpdateSmoothingLength: 2.386e-06s
### Check ### Global Tree Nodes: 512, Particles: 1000000, Halos: 0
### Check ### Computational domain: -0.5 0.5 -0.5 0.5 -0.5 0.5
### Check ### Total Neighbors: 93000000, Avg neighbor count per particle: 93
### Check ### Total time: 2.31e-06, current time-step: 1.21e-06
### Check ### Total energy: 1, (internal: 1, kinetic: 3.28473e-08, gravitational: 0)
### Check ### Focus Tree Nodes: 32768, maxDepth 5, maxStackNc 0, maxStackGravity 0
=== Total time for iteration(2) 0.18095s

# domain::sync: 0.00348407s
# FindNeighbors: 0.000325779s
# Density: 0.0585152s
# EquationOfState: 0.000133565s
# mpi::synchronizeHalos: 1.871e-06s
# IAD: 0.0583108s
# mpi::synchronizeHalos: 1.451e-06s
# MomentumEnergyIAD: 0.0606932s
# Timestep: 2.012e-06s
# UpdateQuantities: 3.866e-06s
# UpdateSmoothingLength: 2.403e-06s
### Check ### Global Tree Nodes: 512, Particles: 1000000, Halos: 0
### Check ### Computational domain: -0.5 0.5 -0.5 0.5 -0.5 0.5
### Check ### Total Neighbors: 93000000, Avg neighbor count per particle: 93
### Check ### Total time: 3.641e-06, current time-step: 1.331e-06
### Check ### Total energy: 1, (internal: 1, kinetic: 7.13259e-08, gravitational: 0)
### Check ### Focus Tree Nodes: 32768, maxDepth 5, maxStackNc 0, maxStackGravity 0
=== Total time for iteration(3) 0.181475s

# domain::sync: 0.00348639s
# FindNeighbors: 0.000330939s
# Density: 0.0586991s
# EquationOfState: 0.000134501s
# mpi::synchronizeHalos: 1.786e-06s
# IAD: 0.058773s
# mpi::synchronizeHalos: 1.844e-06s
# MomentumEnergyIAD: 0.0603006s
# Timestep: 2.039e-06s
# UpdateQuantities: 3.181e-06s
# UpdateSmoothingLength: 2.371e-06s
### Check ### Global Tree Nodes: 512, Particles: 1000000, Halos: 0
### Check ### Computational domain: -0.5 0.5 -0.5 0.5 -0.5 0.5
### Check ### Total Neighbors: 93000000, Avg neighbor count per particle: 93
### Check ### Total time: 5.1051e-06, current time-step: 1.4641e-06
### Check ### Total energy: 1, (internal: 1, kinetic: 1.30663e-07, gravitational: 0)
### Check ### Focus Tree Nodes: 32768, maxDepth 5, maxStackNc 0, maxStackGravity 0
=== Total time for iteration(4) 0.181736s

# domain::sync: 0.0034787s
# FindNeighbors: 0.000330053s
# Density: 0.0587877s
# EquationOfState: 0.000134452s
# mpi::synchronizeHalos: 1.766e-06s
# IAD: 0.0585008s
# mpi::synchronizeHalos: 1.556e-06s
# MomentumEnergyIAD: 0.0604235s
# Timestep: 1.854e-06s
# UpdateQuantities: 3.368e-06s
# UpdateSmoothingLength: 2.392e-06s
### Check ### Global Tree Nodes: 512, Particles: 1000000, Halos: 0
### Check ### Computational domain: -0.5 0.5 -0.5 0.5 -0.5 0.5
### Check ### Total Neighbors: 93000000, Avg neighbor count per particle: 93
### Check ### Total time: 6.71561e-06, current time-step: 1.61051e-06
### Check ### Total energy: 1, (internal: 1, kinetic: 2.16511e-07, gravitational: 0)
### Check ### Focus Tree Nodes: 32768, maxDepth 5, maxStackNc 0, maxStackGravity 0
=== Total time for iteration(5) 0.181667s

# domain::sync: 0.00347853s
# FindNeighbors: 0.000329324s
# Density: 0.0587406s
# EquationOfState: 0.000134412s
# mpi::synchronizeHalos: 1.86e-06s
# IAD: 0.0586431s
# mpi::synchronizeHalos: 1.51e-06s
# MomentumEnergyIAD: 0.0603463s
# Timestep: 1.729e-06s
# UpdateQuantities: 2.897e-06s
# UpdateSmoothingLength: 2.382e-06s
### Check ### Global Tree Nodes: 512, Particles: 1000000, Halos: 0
### Check ### Computational domain: -0.5 0.5 -0.5 0.5 -0.5 0.5
### Check ### Total Neighbors: 93000000, Avg neighbor count per particle: 93
### Check ### Total time: 8.48717e-06, current time-step: 1.77156e-06
### Check ### Total energy: 1, (internal: 1, kinetic: 3.35833e-07, gravitational: 0)
### Check ### Focus Tree Nodes: 32768, maxDepth 5, maxStackNc 0, maxStackGravity 0
=== Total time for iteration(6) 0.181683s

# domain::sync: 0.00346594s
# FindNeighbors: 0.000330513s
# Density: 0.0601624s
# EquationOfState: 0.000134146s
# mpi::synchronizeHalos: 1.842e-06s
# IAD: 0.0600197s
# mpi::synchronizeHalos: 1.848e-06s
# MomentumEnergyIAD: 0.0622454s
# Timestep: 1.809e-06s
# UpdateQuantities: 3.028e-06s
# UpdateSmoothingLength: 2.364e-06s
### Check ### Global Tree Nodes: 512, Particles: 1000000, Halos: 0
### Check ### Computational domain: -0.5 0.5 -0.5 0.5 -0.5 0.5
### Check ### Total Neighbors: 123000000, Avg neighbor count per particle: 123
### Check ### Total time: 1.04359e-05, current time-step: 1.94872e-06
### Check ### Total energy: 1, (internal: 1, kinetic: 4.97197e-07, gravitational: 0)
### Check ### Focus Tree Nodes: 32768, maxDepth 5, maxStackNc 0, maxStackGravity 0
=== Total time for iteration(7) 0.18637s

# domain::sync: 0.00346253s
# FindNeighbors: 0.000333816s
# Density: 0.0586868s
# EquationOfState: 0.000133852s
# mpi::synchronizeHalos: 1.839e-06s
# IAD: 0.0589405s
# mpi::synchronizeHalos: 1.442e-06s
# MomentumEnergyIAD: 0.0605247s
# Timestep: 1.692e-06s
# UpdateQuantities: 2.874e-06s
# UpdateSmoothingLength: 2.501e-06s
### Check ### Global Tree Nodes: 512, Particles: 1000000, Halos: 0
### Check ### Computational domain: -0.5 0.5 -0.5 0.5 -0.5 0.5
### Check ### Total Neighbors: 93000000, Avg neighbor count per particle: 93
### Check ### Total time: 1.25795e-05, current time-step: 2.14359e-06
### Check ### Total energy: 1, (internal: 0.999999, kinetic: 7.11256e-07, gravitational: 0)
### Check ### Focus Tree Nodes: 32768, maxDepth 5, maxStackNc 0, maxStackGravity 0
=== Total time for iteration(8) 0.182093s

# domain::sync: 0.00346576s
# FindNeighbors: 0.000327274s
# Density: 0.0589548s
# EquationOfState: 0.000134084s
# mpi::synchronizeHalos: 1.842e-06s
# IAD: 0.0584683s
# mpi::synchronizeHalos: 1.551e-06s
# MomentumEnergyIAD: 0.0607585s
# Timestep: 1.663e-06s
# UpdateQuantities: 3.028e-06s
# UpdateSmoothingLength: 2.274e-06s
### Check ### Global Tree Nodes: 512, Particles: 1000000, Halos: 0
### Check ### Computational domain: -0.5 0.5 -0.5 0.5 -0.5 0.5
### Check ### Total Neighbors: 93000000, Avg neighbor count per particle: 93
### Check ### Total time: 1.49374e-05, current time-step: 2.35795e-06
### Check ### Total energy: 1, (internal: 0.999999, kinetic: 9.90776e-07, gravitational: 0)
### Check ### Focus Tree Nodes: 32768, maxDepth 5, maxStackNc 0, maxStackGravity 0
=== Total time for iteration(9) 0.18212s

# domain::sync: 0.00347252s
# FindNeighbors: 0.000329877s
# Density: 0.0589648s
# EquationOfState: 0.000135212s
# mpi::synchronizeHalos: 1.87e-06s
# IAD: 0.0586542s
# mpi::synchronizeHalos: 1.582e-06s
# MomentumEnergyIAD: 0.060456s
# Timestep: 1.628e-06s
# UpdateQuantities: 2.831e-06s
# UpdateSmoothingLength: 2.477e-06s
### Check ### Global Tree Nodes: 512, Particles: 1000000, Halos: 0
### Check ### Computational domain: -0.5 0.5 -0.5 0.5 -0.5 0.5
### Check ### Total Neighbors: 93000000, Avg neighbor count per particle: 93
### Check ### Total time: 1.75312e-05, current time-step: 2.59374e-06
### Check ### Total energy: 1, (internal: 0.999999, kinetic: 1.35159e-06, gravitational: 0)
### Check ### Focus Tree Nodes: 32768, maxDepth 5, maxStackNc 0, maxStackGravity 0
=== Total time for iteration(10) 0.182024s

# domain::sync: 0.00346699s
# FindNeighbors: 0.000330989s
# Density: 0.0601672s
# EquationOfState: 0.000133936s
# mpi::synchronizeHalos: 1.8e-06s
# IAD: 0.0597663s
# mpi::synchronizeHalos: 1.557e-06s
# MomentumEnergyIAD: 0.0625897s
# Timestep: 1.677e-06s
# UpdateQuantities: 2.972e-06s
# UpdateSmoothingLength: 2.368e-06s
### Check ### Global Tree Nodes: 512, Particles: 1000000, Halos: 0
### Check ### Computational domain: -0.5 0.5 -0.5 0.5 -0.5 0.5
### Check ### Total Neighbors: 123000000, Avg neighbor count per particle: 123
### Check ### Total time: 2.03843e-05, current time-step: 2.85312e-06
### Check ### Total energy: 1, (internal: 0.999998, kinetic: 1.813e-06, gravitational: 0)
### Check ### Focus Tree Nodes: 32768, maxDepth 5, maxStackNc 0, maxStackGravity 0
=== Total time for iteration(11) 0.186466s

# domain::sync: 0.00344757s
# FindNeighbors: 0.000327802s
# Density: 0.0589482s
# EquationOfState: 0.000134566s
# mpi::synchronizeHalos: 1.92e-06s
# IAD: 0.0585439s
# mpi::synchronizeHalos: 1.633e-06s
# MomentumEnergyIAD: 0.0604947s
# Timestep: 1.649e-06s
# UpdateQuantities: 2.868e-06s
# UpdateSmoothingLength: 2.407e-06s
### Check ### Global Tree Nodes: 512, Particles: 1000000, Halos: 0
### Check ### Computational domain: -0.5 0.5 -0.5 0.5 -0.5 0.5
### Check ### Total Neighbors: 93000000, Avg neighbor count per particle: 93
### Check ### Total time: 2.35227e-05, current time-step: 3.13843e-06
### Check ### Total energy: 1, (internal: 0.999998, kinetic: 2.39897e-06, gravitational: 0)
### Check ### Focus Tree Nodes: 32768, maxDepth 5, maxStackNc 0, maxStackGravity 0
=== Total time for iteration(12) 0.181908s

# domain::sync: 0.00346584s
# FindNeighbors: 0.000331479s
# Density: 0.0587569s
# EquationOfState: 0.000134387s
# mpi::synchronizeHalos: 1.851e-06s
# IAD: 0.058604s
# mpi::synchronizeHalos: 1.588e-06s
# MomentumEnergyIAD: 0.0604644s
# Timestep: 1.613e-06s
# UpdateQuantities: 2.872e-06s
# UpdateSmoothingLength: 2.344e-06s
### Check ### Global Tree Nodes: 512, Particles: 1000000, Halos: 0
### Check ### Computational domain: -0.5 0.5 -0.5 0.5 -0.5 0.5
### Check ### Total Neighbors: 93000000, Avg neighbor count per particle: 93
### Check ### Total time: 2.6975e-05, current time-step: 3.45227e-06
### Check ### Total energy: 1, (internal: 0.999997, kinetic: 3.13792e-06, gravitational: 0)
### Check ### Focus Tree Nodes: 32768, maxDepth 5, maxStackNc 0, maxStackGravity 0
=== Total time for iteration(13) 0.181768s

# domain::sync: 0.00347505s
# FindNeighbors: 0.000330778s
# Density: 0.0590579s
# EquationOfState: 0.000133972s
# mpi::synchronizeHalos: 1.73e-06s
# IAD: 0.0586682s
# mpi::synchronizeHalos: 1.536e-06s
# MomentumEnergyIAD: 0.0605616s
# Timestep: 1.707e-06s
# UpdateQuantities: 2.843e-06s
# UpdateSmoothingLength: 2.35e-06s
### Check ### Global Tree Nodes: 512, Particles: 1000000, Halos: 0
### Check ### Computational domain: -0.5 0.5 -0.5 0.5 -0.5 0.5
### Check ### Total Neighbors: 93000000, Avg neighbor count per particle: 93
### Check ### Total time: 3.07725e-05, current time-step: 3.7975e-06
### Check ### Total energy: 1, (internal: 0.999996, kinetic: 4.06507e-06, gravitational: 0)
### Check ### Focus Tree Nodes: 32768, maxDepth 5, maxStackNc 0, maxStackGravity 0
=== Total time for iteration(14) 0.182238s

# domain::sync: 0.00346278s
# FindNeighbors: 0.000336405s
# Density: 0.0604805s
# EquationOfState: 0.000133596s
# mpi::synchronizeHalos: 1.802e-06s
# IAD: 0.0597998s
# mpi::synchronizeHalos: 1.463e-06s
# MomentumEnergyIAD: 0.0623444s
# Timestep: 2.029e-06s
# UpdateQuantities: 3.173e-06s
# UpdateSmoothingLength: 2.342e-06s
### Check ### Global Tree Nodes: 512, Particles: 1000000, Halos: 0
### Check ### Computational domain: -0.5 0.5 -0.5 0.5 -0.5 0.5
### Check ### Total Neighbors: 123000000, Avg neighbor count per particle: 123
### Check ### Total time: 3.49497e-05, current time-step: 4.17725e-06
### Check ### Total energy: 1, (internal: 0.999995, kinetic: 5.22319e-06, gravitational: 0)
### Check ### Focus Tree Nodes: 32768, maxDepth 5, maxStackNc 0, maxStackGravity 0
=== Total time for iteration(15) 0.186569s

# domain::sync: 0.0034577s
# FindNeighbors: 0.000331696s
# Density: 0.0586401s
# EquationOfState: 0.0001341s
# mpi::synchronizeHalos: 1.692e-06s
# IAD: 0.0587586s
# mpi::synchronizeHalos: 1.514e-06s
# MomentumEnergyIAD: 0.06033s
# Timestep: 1.726e-06s
# UpdateQuantities: 3.021e-06s
# UpdateSmoothingLength: 2.452e-06s
### Check ### Global Tree Nodes: 512, Particles: 1000000, Halos: 0
### Check ### Computational domain: -0.5 0.5 -0.5 0.5 -0.5 0.5
### Check ### Total Neighbors: 93000000, Avg neighbor count per particle: 93
### Check ### Total time: 3.95447e-05, current time-step: 4.59497e-06
### Check ### Total energy: 1, (internal: 0.999993, kinetic: 6.66529e-06, gravitational: 0)
### Check ### Focus Tree Nodes: 32768, maxDepth 5, maxStackNc 0, maxStackGravity 0
=== Total time for iteration(16) 0.181663s

# domain::sync: 0.00347644s
# FindNeighbors: 0.000330707s
# Density: 0.0588658s
# EquationOfState: 0.000133987s
# mpi::synchronizeHalos: 1.723e-06s
# IAD: 0.0585106s
# mpi::synchronizeHalos: 1.497e-06s
# MomentumEnergyIAD: 0.0604752s
# Timestep: 1.614e-06s
# UpdateQuantities: 2.909e-06s
# UpdateSmoothingLength: 2.288e-06s
### Check ### Global Tree Nodes: 512, Particles: 1000000, Halos: 0
### Check ### Computational domain: -0.5 0.5 -0.5 0.5 -0.5 0.5
### Check ### Total Neighbors: 93000000, Avg neighbor count per particle: 93
### Check ### Total time: 4.45992e-05, current time-step: 5.05447e-06
### Check ### Total energy: 1, (internal: 0.999992, kinetic: 8.4538e-06, gravitational: 0)
### Check ### Focus Tree Nodes: 32768, maxDepth 5, maxStackNc 0, maxStackGravity 0
=== Total time for iteration(17) 0.181803s

# domain::sync: 0.00345822s
# FindNeighbors: 0.000326424s
# Density: 0.0591089s
# EquationOfState: 0.000135116s
# mpi::synchronizeHalos: 1.886e-06s
# IAD: 0.0585252s
# mpi::synchronizeHalos: 1.504e-06s
# MomentumEnergyIAD: 0.0606998s
# Timestep: 1.614e-06s
# UpdateQuantities: 2.866e-06s
# UpdateSmoothingLength: 2.391e-06s
### Check ### Global Tree Nodes: 512, Particles: 1000000, Halos: 0
### Check ### Computational domain: -0.5 0.5 -0.5 0.5 -0.5 0.5
### Check ### Total Neighbors: 93000000, Avg neighbor count per particle: 93
### Check ### Total time: 5.01591e-05, current time-step: 5.55992e-06
### Check ### Total energy: 1, (internal: 0.999989, kinetic: 1.06661e-05, gravitational: 0)
### Check ### Focus Tree Nodes: 32768, maxDepth 5, maxStackNc 0, maxStackGravity 0
=== Total time for iteration(18) 0.182265s

# domain::sync: 0.00345857s
# FindNeighbors: 0.000331049s
# Density: 0.0601057s
# EquationOfState: 0.000134119s
# mpi::synchronizeHalos: 1.8e-06s
# IAD: 0.0599065s
# mpi::synchronizeHalos: 1.642e-06s
# MomentumEnergyIAD: 0.062284s
# Timestep: 1.704e-06s
# UpdateQuantities: 2.773e-06s
# UpdateSmoothingLength: 2.346e-06s
### Check ### Global Tree Nodes: 512, Particles: 1000000, Halos: 0
### Check ### Computational domain: -0.5 0.5 -0.5 0.5 -0.5 0.5
### Check ### Total Neighbors: 123000000, Avg neighbor count per particle: 123
### Check ### Total time: 5.6275e-05, current time-step: 6.11591e-06
### Check ### Total energy: 1, (internal: 0.999987, kinetic: 1.33959e-05, gravitational: 0)
### Check ### Focus Tree Nodes: 32768, maxDepth 5, maxStackNc 0, maxStackGravity 0
=== Total time for iteration(19) 0.186231s

# domain::sync: 0.00345199s
# FindNeighbors: 0.000330011s
# Density: 0.0586165s
# EquationOfState: 0.000133847s
# mpi::synchronizeHalos: 1.783e-06s
# IAD: 0.0585713s
# mpi::synchronizeHalos: 1.473e-06s
# MomentumEnergyIAD: 0.0604009s
# Timestep: 1.712e-06s
# UpdateQuantities: 2.908e-06s
# UpdateSmoothingLength: 2.364e-06s
### Check ### Global Tree Nodes: 512, Particles: 1000000, Halos: 0
### Check ### Computational domain: -0.5 0.5 -0.5 0.5 -0.5 0.5
### Check ### Total Neighbors: 93000000, Avg neighbor count per particle: 93
### Check ### Total time: 6.30025e-05, current time-step: 6.7275e-06
### Check ### Total energy: 1, (internal: 0.999983, kinetic: 1.67591e-05, gravitational: 0)
### Check ### Focus Tree Nodes: 32768, maxDepth 5, maxStackNc 0, maxStackGravity 0
=== Total time for iteration(20) 0.181516s

# domain::sync: 0.00345842s
# FindNeighbors: 0.000327033s
# Density: 0.0590509s
# EquationOfState: 0.00013421s
# mpi::synchronizeHalos: 1.772e-06s
# IAD: 0.058971s
# mpi::synchronizeHalos: 1.882e-06s
# MomentumEnergyIAD: 0.0604463s
# Timestep: 1.689e-06s
# UpdateQuantities: 2.866e-06s
# UpdateSmoothingLength: 2.348e-06s
### Check ### Global Tree Nodes: 512, Particles: 1000000, Halos: 0
### Check ### Computational domain: -0.5 0.5 -0.5 0.5 -0.5 0.5
### Check ### Total Neighbors: 93000000, Avg neighbor count per particle: 93
### Check ### Total time: 7.04027e-05, current time-step: 7.40025e-06
### Check ### Total energy: 1, (internal: 0.999979, kinetic: 2.08918e-05, gravitational: 0)
### Check ### Focus Tree Nodes: 32768, maxDepth 5, maxStackNc 0, maxStackGravity 0
=== Total time for iteration(21) 0.182399s

# domain::sync: 0.00344584s
# FindNeighbors: 0.000331658s
# Density: 0.0587796s
# EquationOfState: 0.000134027s
# mpi::synchronizeHalos: 1.764e-06s
# IAD: 0.0583909s
# mpi::synchronizeHalos: 1.614e-06s
# MomentumEnergyIAD: 0.0605578s
# Timestep: 1.729e-06s
# UpdateQuantities: 2.804e-06s
# UpdateSmoothingLength: 2.338e-06s
### Check ### Global Tree Nodes: 512, Particles: 1000000, Halos: 0
### Check ### Computational domain: -0.5 0.5 -0.5 0.5 -0.5 0.5
### Check ### Total Neighbors: 93000000, Avg neighbor count per particle: 93
### Check ### Total time: 7.8543e-05, current time-step: 8.14027e-06
### Check ### Total energy: 1, (internal: 0.999974, kinetic: 2.59626e-05, gravitational: 0)
### Check ### Focus Tree Nodes: 32768, maxDepth 5, maxStackNc 0, maxStackGravity 0
=== Total time for iteration(22) 0.181651s

# domain::sync: 0.00345761s
# FindNeighbors: 0.000332617s
# Density: 0.0601842s
# EquationOfState: 0.000134286s
# mpi::synchronizeHalos: 1.82e-06s
# IAD: 0.0599824s
# mpi::synchronizeHalos: 1.615e-06s
# MomentumEnergyIAD: 0.0621939s
# Timestep: 1.943e-06s
# UpdateQuantities: 3.13e-06s
# UpdateSmoothingLength: 2.37e-06s
### Check ### Global Tree Nodes: 512, Particles: 1000000, Halos: 0
### Check ### Computational domain: -0.5 0.5 -0.5 0.5 -0.5 0.5
### Check ### Total Neighbors: 123000000, Avg neighbor count per particle: 123
### Check ### Total time: 8.74973e-05, current time-step: 8.9543e-06
### Check ### Total energy: 1, (internal: 0.999968, kinetic: 3.2175e-05, gravitational: 0)
### Check ### Focus Tree Nodes: 32768, maxDepth 5, maxStackNc 0, maxStackGravity 0
=== Total time for iteration(23) 0.186297s

# domain::sync: 0.00347212s
# FindNeighbors: 0.000330668s
# Density: 0.0587172s
# EquationOfState: 0.000134394s
# mpi::synchronizeHalos: 2.009e-06s
# IAD: 0.0584834s
# mpi::synchronizeHalos: 1.604e-06s
# MomentumEnergyIAD: 0.0606835s
# Timestep: 1.729e-06s
# UpdateQuantities: 2.828e-06s
# UpdateSmoothingLength: 2.393e-06s
### Check ### Global Tree Nodes: 512, Particles: 1000000, Halos: 0
### Check ### Computational domain: -0.5 0.5 -0.5 0.5 -0.5 0.5
### Check ### Total Neighbors: 93000000, Avg neighbor count per particle: 93
### Check ### Total time: 9.73471e-05, current time-step: 9.84973e-06
### Check ### Total energy: 1, (internal: 0.99996, kinetic: 3.97811e-05, gravitational: 0)
### Check ### Focus Tree Nodes: 32768, maxDepth 5, maxStackNc 0, maxStackGravity 0
=== Total time for iteration(24) 0.181833s

# domain::sync: 0.00344918s
# FindNeighbors: 0.000329137s
# Density: 0.0588857s
# EquationOfState: 0.000133734s
# mpi::synchronizeHalos: 1.846e-06s
# IAD: 0.0585158s
# mpi::synchronizeHalos: 1.961e-06s
# MomentumEnergyIAD: 0.0603611s
# Timestep: 1.848e-06s
# UpdateQuantities: 3.192e-06s
# UpdateSmoothingLength: 2.334e-06s
### Check ### Global Tree Nodes: 512, Particles: 1000000, Halos: 0
### Check ### Computational domain: -0.5 0.5 -0.5 0.5 -0.5 0.5
### Check ### Total Neighbors: 93000000, Avg neighbor count per particle: 93
### Check ### Total time: 0.000108182, current time-step: 1.08347e-05
### Check ### Total energy: 1, (internal: 0.999951, kinetic: 4.90755e-05, gravitational: 0)
### Check ### Focus Tree Nodes: 32768, maxDepth 5, maxStackNc 0, maxStackGravity 0
=== Total time for iteration(25) 0.181687s

# domain::sync: 0.00345346s
# FindNeighbors: 0.000328716s
# Density: 0.0602552s
# EquationOfState: 0.000133851s
# mpi::synchronizeHalos: 1.679e-06s
# IAD: 0.0601666s
# mpi::synchronizeHalos: 1.504e-06s
# MomentumEnergyIAD: 0.0626217s
# Timestep: 1.699e-06s
# UpdateQuantities: 2.813e-06s
# UpdateSmoothingLength: 2.369e-06s
### Check ### Global Tree Nodes: 512, Particles: 1000000, Halos: 0
### Check ### Computational domain: -0.5 0.5 -0.5 0.5 -0.5 0.5
### Check ### Total Neighbors: 123000000, Avg neighbor count per particle: 123
### Check ### Total time: 0.0001201, current time-step: 1.19182e-05
### Check ### Total energy: 1, (internal: 0.99994, kinetic: 6.04231e-05, gravitational: 0)
### Check ### Focus Tree Nodes: 32768, maxDepth 5, maxStackNc 0, maxStackGravity 0
=== Total time for iteration(26) 0.18697s

# domain::sync: 0.00347104s
# FindNeighbors: 0.000334527s
# Density: 0.0591475s
# EquationOfState: 0.00013383s
# mpi::synchronizeHalos: 1.788e-06s
# IAD: 0.058529s
# mpi::synchronizeHalos: 1.459e-06s
# MomentumEnergyIAD: 0.0603676s
# Timestep: 1.689e-06s
# UpdateQuantities: 2.875e-06s
# UpdateSmoothingLength: 2.416e-06s
### Check ### Global Tree Nodes: 512, Particles: 1000000, Halos: 0
### Check ### Computational domain: -0.5 0.5 -0.5 0.5 -0.5 0.5
### Check ### Total Neighbors: 93000000, Avg neighbor count per particle: 93
### Check ### Total time: 0.00013321, current time-step: 1.311e-05
### Check ### Total energy: 1, (internal: 0.999926, kinetic: 7.42729e-05, gravitational: 0)
### Check ### Focus Tree Nodes: 32768, maxDepth 5, maxStackNc 0, maxStackGravity 0
=== Total time for iteration(27) 0.181994s

# domain::sync: 0.00345744s
# FindNeighbors: 0.00033206s
# Density: 0.0589945s
# EquationOfState: 0.00013417s
# mpi::synchronizeHalos: 1.889e-06s
# IAD: 0.0584726s
# mpi::synchronizeHalos: 1.646e-06s
# MomentumEnergyIAD: 0.0605549s
# Timestep: 1.653e-06s
# UpdateQuantities: 2.851e-06s
# UpdateSmoothingLength: 2.353e-06s
### Check ### Global Tree Nodes: 512, Particles: 1000000, Halos: 0
### Check ### Computational domain: -0.5 0.5 -0.5 0.5 -0.5 0.5
### Check ### Total Neighbors: 93000000, Avg neighbor count per particle: 93
### Check ### Total time: 0.000147631, current time-step: 1.4421e-05
### Check ### Total energy: 1, (internal: 0.999909, kinetic: 9.11499e-05, gravitational: 0)
### Check ### Focus Tree Nodes: 32768, maxDepth 5, maxStackNc 0, maxStackGravity 0
=== Total time for iteration(28) 0.181957s

# domain::sync: 0.00345612s
# FindNeighbors: 0.000329271s
# Density: 0.0588262s
# EquationOfState: 0.000133944s
# mpi::synchronizeHalos: 1.841e-06s
# IAD: 0.0587739s
# mpi::synchronizeHalos: 1.95e-06s
# MomentumEnergyIAD: 0.0602867s
# Timestep: 1.746e-06s
# UpdateQuantities: 2.895e-06s
# UpdateSmoothingLength: 2.405e-06s
### Check ### Global Tree Nodes: 512, Particles: 1000000, Halos: 0
### Check ### Computational domain: -0.5 0.5 -0.5 0.5 -0.5 0.5
### Check ### Total Neighbors: 93000000, Avg neighbor count per particle: 93
### Check ### Total time: 0.000163494, current time-step: 1.58631e-05
### Check ### Total energy: 1, (internal: 0.999888, kinetic: 0.000111703, gravitational: 0)
### Check ### Focus Tree Nodes: 32768, maxDepth 5, maxStackNc 0, maxStackGravity 0
=== Total time for iteration(29) 0.181818s

# domain::sync: 0.00346773s
# FindNeighbors: 0.000333649s
# Density: 0.0602024s
# EquationOfState: 0.000134154s
# mpi::synchronizeHalos: 1.803e-06s
# IAD: 0.0599032s
# mpi::synchronizeHalos: 1.615e-06s
# MomentumEnergyIAD: 0.062718s
# Timestep: 1.786e-06s
# UpdateQuantities: 2.843e-06s
# UpdateSmoothingLength: 2.372e-06s
### Check ### Global Tree Nodes: 512, Particles: 1000000, Halos: 0
### Check ### Computational domain: -0.5 0.5 -0.5 0.5 -0.5 0.5
### Check ### Total Neighbors: 123000000, Avg neighbor count per particle: 123
### Check ### Total time: 0.000180943, current time-step: 1.74494e-05
### Check ### Total energy: 1, (internal: 0.999863, kinetic: 0.000136716, gravitational: 0)
### Check ### Focus Tree Nodes: 32768, maxDepth 5, maxStackNc 0, maxStackGravity 0
=== Total time for iteration(30) 0.18677s

# domain::sync: 0.00346255s
# FindNeighbors: 0.000332317s
# Density: 0.0589303s
# EquationOfState: 0.000134158s
# mpi::synchronizeHalos: 1.752e-06s
# IAD: 0.0587386s
# mpi::synchronizeHalos: 1.56e-06s
# MomentumEnergyIAD: 0.0605484s
# Timestep: 1.55e-06s
# UpdateQuantities: 2.889e-06s
# UpdateSmoothingLength: 2.335e-06s
### Check ### Global Tree Nodes: 512, Particles: 1000000, Halos: 0
### Check ### Computational domain: -0.5 0.5 -0.5 0.5 -0.5 0.5
### Check ### Total Neighbors: 93000000, Avg neighbor count per particle: 93
### Check ### Total time: 0.000200138, current time-step: 1.91943e-05
### Check ### Total energy: 1, (internal: 0.999833, kinetic: 0.000167155, gravitational: 0)
### Check ### Focus Tree Nodes: 32768, maxDepth 5, maxStackNc 0, maxStackGravity 0
=== Total time for iteration(31) 0.182157s

# domain::sync: 0.00346361s
# FindNeighbors: 0.000328335s
# Density: 0.0588612s
# EquationOfState: 0.000134059s
# mpi::synchronizeHalos: 1.853e-06s
# IAD: 0.0586104s
# mpi::synchronizeHalos: 2.14e-06s
# MomentumEnergyIAD: 0.0604638s
# Timestep: 1.693e-06s
# UpdateQuantities: 2.82e-06s
# UpdateSmoothingLength: 2.284e-06s
### Check ### Global Tree Nodes: 512, Particles: 1000000, Halos: 0
### Check ### Computational domain: -0.5 0.5 -0.5 0.5 -0.5 0.5
### Check ### Total Neighbors: 93000000, Avg neighbor count per particle: 93
### Check ### Total time: 0.000221252, current time-step: 2.11138e-05
### Check ### Total energy: 1, (internal: 0.999796, kinetic: 0.000204149, gravitational: 0)
### Check ### Focus Tree Nodes: 32768, maxDepth 5, maxStackNc 0, maxStackGravity 0
=== Total time for iteration(32) 0.181873s

# domain::sync: 0.0034534s
# FindNeighbors: 0.000332152s
# Density: 0.0587681s
# EquationOfState: 0.000134271s
# mpi::synchronizeHalos: 1.904e-06s
# IAD: 0.0585109s
# mpi::synchronizeHalos: 1.571e-06s
# MomentumEnergyIAD: 0.0604627s
# Timestep: 1.659e-06s
# UpdateQuantities: 2.782e-06s
# UpdateSmoothingLength: 2.33e-06s
### Check ### Global Tree Nodes: 512, Particles: 1000000, Halos: 0
### Check ### Computational domain: -0.5 0.5 -0.5 0.5 -0.5 0.5
### Check ### Total Neighbors: 93000000, Avg neighbor count per particle: 93
### Check ### Total time: 0.000244477, current time-step: 2.32252e-05
### Check ### Total energy: 1, (internal: 0.999751, kinetic: 0.000249092, gravitational: 0)
### Check ### Focus Tree Nodes: 32768, maxDepth 5, maxStackNc 0, maxStackGravity 0
=== Total time for iteration(33) 0.181673s

# domain::sync: 0.00347159s
# FindNeighbors: 0.000333492s
# Density: 0.0598868s
# EquationOfState: 0.00013405s
# mpi::synchronizeHalos: 1.816e-06s
# IAD: 0.0600618s
# mpi::synchronizeHalos: 1.603e-06s
# MomentumEnergyIAD: 0.0621913s
# Timestep: 1.895e-06s
# UpdateQuantities: 3.183e-06s
# UpdateSmoothingLength: 2.461e-06s
### Check ### Global Tree Nodes: 512, Particles: 1000000, Halos: 0
### Check ### Computational domain: -0.5 0.5 -0.5 0.5 -0.5 0.5
### Check ### Total Neighbors: 123000000, Avg neighbor count per particle: 123
### Check ### Total time: 0.000270024, current time-step: 2.55477e-05
### Check ### Total energy: 1, (internal: 0.999696, kinetic: 0.000303663, gravitational: 0)
### Check ### Focus Tree Nodes: 32768, maxDepth 5, maxStackNc 0, maxStackGravity 0
=== Total time for iteration(34) 0.186091s

# domain::sync: 0.00346788s
# FindNeighbors: 0.000328522s
# Density: 0.0587017s
# EquationOfState: 0.000134581s
# mpi::synchronizeHalos: 1.867e-06s
# IAD: 0.0588202s
# mpi::synchronizeHalos: 1.469e-06s
# MomentumEnergyIAD: 0.0604177s
# Timestep: 1.705e-06s
# UpdateQuantities: 2.876e-06s
# UpdateSmoothingLength: 2.363e-06s
### Check ### Global Tree Nodes: 512, Particles: 1000000, Halos: 0
### Check ### Computational domain: -0.5 0.5 -0.5 0.5 -0.5 0.5
### Check ### Total Neighbors: 93000000, Avg neighbor count per particle: 93
### Check ### Total time: 0.000298127, current time-step: 2.81024e-05
### Check ### Total energy: 1, (internal: 0.99963, kinetic: 0.000369936, gravitational: 0)
### Check ### Focus Tree Nodes: 32768, maxDepth 5, maxStackNc 0, maxStackGravity 0
=== Total time for iteration(35) 0.181882s

# domain::sync: 0.00344842s
# FindNeighbors: 0.000334058s
# Density: 0.0587275s
# EquationOfState: 0.000133954s
# mpi::synchronizeHalos: 1.819e-06s
# IAD: 0.0587625s
# mpi::synchronizeHalos: 1.543e-06s
# MomentumEnergyIAD: 0.0605572s
# Timestep: 1.694e-06s
# UpdateQuantities: 2.733e-06s
# UpdateSmoothingLength: 2.353e-06s
### Check ### Global Tree Nodes: 512, Particles: 1000000, Halos: 0
### Check ### Computational domain: -0.5 0.5 -0.5 0.5 -0.5 0.5
### Check ### Total Neighbors: 93000000, Avg neighbor count per particle: 93
### Check ### Total time: 0.000329039, current time-step: 3.09127e-05
### Check ### Total energy: 1, (internal: 0.99955, kinetic: 0.000450321, gravitational: 0)
### Check ### Focus Tree Nodes: 32768, maxDepth 5, maxStackNc 0, maxStackGravity 0
=== Total time for iteration(36) 0.181975s

# domain::sync: 0.00345643s
# FindNeighbors: 0.000335694s
# Density: 0.0588641s
# EquationOfState: 0.00013407s
# mpi::synchronizeHalos: 1.852e-06s
# IAD: 0.0586692s
# mpi::synchronizeHalos: 1.59e-06s
# MomentumEnergyIAD: 0.0603162s
# Timestep: 1.595e-06s
# UpdateQuantities: 2.862e-06s
# UpdateSmoothingLength: 2.385e-06s
### Check ### Global Tree Nodes: 512, Particles: 1000000, Halos: 0
### Check ### Computational domain: -0.5 0.5 -0.5 0.5 -0.5 0.5
### Check ### Total Neighbors: 93000000, Avg neighbor count per particle: 93
### Check ### Total time: 0.000363043, current time-step: 3.40039e-05
### Check ### Total energy: 1, (internal: 0.999452, kinetic: 0.000547794, gravitational: 0)
### Check ### Focus Tree Nodes: 32768, maxDepth 5, maxStackNc 0, maxStackGravity 0
=== Total time for iteration(37) 0.181787s

# domain::sync: 0.00347431s
# FindNeighbors: 0.000329086s
# Density: 0.060505s
# EquationOfState: 0.000134633s
# mpi::synchronizeHalos: 1.74e-06s
# IAD: 0.0596334s
# mpi::synchronizeHalos: 1.551e-06s
# MomentumEnergyIAD: 0.0624525s
# Timestep: 1.657e-06s
# UpdateQuantities: 2.839e-06s
# UpdateSmoothingLength: 2.313e-06s
### Check ### Global Tree Nodes: 512, Particles: 1000000, Halos: 0
### Check ### Computational domain: -0.5 0.5 -0.5 0.5 -0.5 0.5
### Check ### Total Neighbors: 123000000, Avg neighbor count per particle: 123
### Check ### Total time: 0.000400448, current time-step: 3.74043e-05
### Check ### Total energy: 1, (internal: 0.999334, kinetic: 0.000665935, gravitational: 0)
### Check ### Focus Tree Nodes: 32768, maxDepth 5, maxStackNc 0, maxStackGravity 0
=== Total time for iteration(38) 0.18654s

# domain::sync: 0.00343201s
# FindNeighbors: 0.00033344s
# Density: 0.0594043s
# EquationOfState: 0.000134409s
# mpi::synchronizeHalos: 1.734e-06s
# IAD: 0.0589825s
# mpi::synchronizeHalos: 1.57e-06s
# MomentumEnergyIAD: 0.0606438s
# Timestep: 1.599e-06s
# UpdateQuantities: 2.979e-06s
# UpdateSmoothingLength: 2.353e-06s
### Check ### Global Tree Nodes: 512, Particles: 1000000, Halos: 0
### Check ### Computational domain: -0.5 0.5 -0.5 0.5 -0.5 0.5
### Check ### Total Neighbors: 93000000, Avg neighbor count per particle: 93
### Check ### Total time: 0.000441593, current time-step: 4.11448e-05
### Check ### Total energy: 1, (internal: 0.999191, kinetic: 0.000809156, gravitational: 0)
### Check ### Focus Tree Nodes: 32768, maxDepth 5, maxStackNc 0, maxStackGravity 0
=== Total time for iteration(39) 0.182942s

# domain::sync: 0.00345781s
# FindNeighbors: 0.00033155s
# Density: 0.0590968s
# EquationOfState: 0.000135566s
# mpi::synchronizeHalos: 1.826e-06s
# IAD: 0.0589857s
# mpi::synchronizeHalos: 1.557e-06s
# MomentumEnergyIAD: 0.0610688s
# Timestep: 1.645e-06s
# UpdateQuantities: 2.847e-06s
# UpdateSmoothingLength: 2.346e-06s
### Check ### Global Tree Nodes: 512, Particles: 1000000, Halos: 0
### Check ### Computational domain: -0.5 0.5 -0.5 0.5 -0.5 0.5
### Check ### Total Neighbors: 93000000, Avg neighbor count per particle: 93
### Check ### Total time: 0.000486852, current time-step: 4.52593e-05
### Check ### Total energy: 1, (internal: 0.999017, kinetic: 0.000982562, gravitational: 0)
### Check ### Focus Tree Nodes: 32768, maxDepth 5, maxStackNc 0, maxStackGravity 0
=== Total time for iteration(40) 0.183087s

# domain::sync: 0.00346373s
# FindNeighbors: 0.000330621s
# Density: 0.0590994s
# EquationOfState: 0.000134809s
# mpi::synchronizeHalos: 1.754e-06s
# IAD: 0.0588389s
# mpi::synchronizeHalos: 1.621e-06s
# MomentumEnergyIAD: 0.0607395s
# Timestep: 1.627e-06s
# UpdateQuantities: 2.828e-06s
# UpdateSmoothingLength: 2.329e-06s
### Check ### Global Tree Nodes: 512, Particles: 1000000, Halos: 0
### Check ### Computational domain: -0.5 0.5 -0.5 0.5 -0.5 0.5
### Check ### Total Neighbors: 93000000, Avg neighbor count per particle: 93
### Check ### Total time: 0.000536637, current time-step: 4.97852e-05
### Check ### Total energy: 1, (internal: 0.998808, kinetic: 0.00119245, gravitational: 0)
### Check ### Focus Tree Nodes: 32768, maxDepth 5, maxStackNc 0, maxStackGravity 0
=== Total time for iteration(41) 0.182618s

# domain::sync: 0.00345458s
# FindNeighbors: 0.00033228s
# Density: 0.0603612s
# EquationOfState: 0.000134289s
# mpi::synchronizeHalos: 1.751e-06s
# IAD: 0.0603981s
# mpi::synchronizeHalos: 1.682e-06s
# MomentumEnergyIAD: 0.0629714s
# Timestep: 1.67e-06s
# UpdateQuantities: 2.847e-06s
# UpdateSmoothingLength: 2.355e-06s
### Check ### Global Tree Nodes: 512, Particles: 1000000, Halos: 0
### Check ### Computational domain: -0.5 0.5 -0.5 0.5 -0.5 0.5
### Check ### Total Neighbors: 123000000, Avg neighbor count per particle: 123
### Check ### Total time: 0.000591401, current time-step: 5.47637e-05
### Check ### Total energy: 1, (internal: 0.998554, kinetic: 0.00144637, gravitational: 0)
### Check ### Focus Tree Nodes: 32768, maxDepth 5, maxStackNc 0, maxStackGravity 0
=== Total time for iteration(42) 0.187663s

# domain::sync: 0.00347052s
# FindNeighbors: 0.000334246s
# Density: 0.0593758s
# EquationOfState: 0.0001345s
# mpi::synchronizeHalos: 1.703e-06s
# IAD: 0.0594545s
# mpi::synchronizeHalos: 1.593e-06s
# MomentumEnergyIAD: 0.0609588s
# Timestep: 2.06e-06s
# UpdateQuantities: 3.187e-06s
# UpdateSmoothingLength: 2.362e-06s
### Check ### Global Tree Nodes: 512, Particles: 1000000, Halos: 0
### Check ### Computational domain: -0.5 0.5 -0.5 0.5 -0.5 0.5
### Check ### Total Neighbors: 93000000, Avg neighbor count per particle: 93
### Check ### Total time: 0.000651641, current time-step: 6.02401e-05
### Check ### Total energy: 1, (internal: 0.998246, kinetic: 0.00175357, gravitational: 0)
### Check ### Focus Tree Nodes: 32768, maxDepth 5, maxStackNc 0, maxStackGravity 0
=== Total time for iteration(43) 0.18374s

# domain::sync: 0.00347476s
# FindNeighbors: 0.000330054s
# Density: 0.0592965s
# EquationOfState: 0.000134836s
# mpi::synchronizeHalos: 1.76e-06s
# IAD: 0.0589426s
# mpi::synchronizeHalos: 1.585e-06s
# MomentumEnergyIAD: 0.0610347s
# Timestep: 1.607e-06s
# UpdateQuantities: 2.724e-06s
# UpdateSmoothingLength: 2.309e-06s
### Check ### Global Tree Nodes: 512, Particles: 1000000, Halos: 0
### Check ### Computational domain: -0.5 0.5 -0.5 0.5 -0.5 0.5
### Check ### Total Neighbors: 93000000, Avg neighbor count per particle: 93
### Check ### Total time: 0.000717905, current time-step: 6.62641e-05
### Check ### Total energy: 1, (internal: 0.997875, kinetic: 0.0021247, gravitational: 0)
### Check ### Focus Tree Nodes: 32768, maxDepth 5, maxStackNc 0, maxStackGravity 0
=== Total time for iteration(44) 0.183224s

# domain::sync: 0.00346066s
# FindNeighbors: 0.000327374s
# Density: 0.0591755s
# EquationOfState: 0.000134134s
# mpi::synchronizeHalos: 1.7e-06s
# IAD: 0.0588699s
# mpi::synchronizeHalos: 1.784e-06s
# MomentumEnergyIAD: 0.0608411s
# Timestep: 1.627e-06s
# UpdateQuantities: 2.897e-06s
# UpdateSmoothingLength: 2.298e-06s
### Check ### Global Tree Nodes: 512, Particles: 1000000, Halos: 0
### Check ### Computational domain: -0.5 0.5 -0.5 0.5 -0.5 0.5
### Check ### Total Neighbors: 93083952, Avg neighbor count per particle: 93
### Check ### Total time: 0.000790795, current time-step: 7.28905e-05
### Check ### Total energy: 1, (internal: 0.997427, kinetic: 0.00257285, gravitational: 0)
### Check ### Focus Tree Nodes: 32768, maxDepth 5, maxStackNc 0, maxStackGravity 0
=== Total time for iteration(45) 0.18282s

# domain::sync: 0.00346089s
# FindNeighbors: 0.000335347s
# Density: 0.0602733s
# EquationOfState: 0.000134734s
# mpi::synchronizeHalos: 1.834e-06s
# IAD: 0.0601254s
# mpi::synchronizeHalos: 1.566e-06s
# MomentumEnergyIAD: 0.0626568s
# Timestep: 1.659e-06s
# UpdateQuantities: 2.729e-06s
# UpdateSmoothingLength: 2.389e-06s
### Check ### Global Tree Nodes: 512, Particles: 1000000, Halos: 0
### Check ### Computational domain: -0.5 0.5 -0.5 0.5 -0.5 0.5
### Check ### Total Neighbors: 122863320, Avg neighbor count per particle: 122
### Check ### Total time: 0.000870975, current time-step: 8.01795e-05
### Check ### Total energy: 1, (internal: 0.996886, kinetic: 0.00311353, gravitational: 0)
### Check ### Focus Tree Nodes: 32768, maxDepth 5, maxStackNc 0, maxStackGravity 0
=== Total time for iteration(46) 0.186997s

# domain::sync: 0.00347934s
# FindNeighbors: 0.000333783s
# Density: 0.0596497s
# EquationOfState: 0.000136175s
# mpi::synchronizeHalos: 1.905e-06s
# IAD: 0.059172s
# mpi::synchronizeHalos: 1.554e-06s
# MomentumEnergyIAD: 0.0611261s
# Timestep: 1.57e-06s
# UpdateQuantities: 2.857e-06s
# UpdateSmoothingLength: 2.368e-06s
### Check ### Global Tree Nodes: 512, Particles: 1000000, Halos: 0
### Check ### Computational domain: -0.5 0.5 -0.5 0.5 -0.5 0.5
### Check ### Total Neighbors: 93006096, Avg neighbor count per particle: 93
### Check ### Total time: 0.000959172, current time-step: 8.81975e-05
### Check ### Total energy: 1, (internal: 0.996234, kinetic: 0.00376567, gravitational: 0)
### Check ### Focus Tree Nodes: 32768, maxDepth 5, maxStackNc 0, maxStackGravity 0
=== Total time for iteration(47) 0.183908s

# domain::sync: 0.00346366s
# FindNeighbors: 0.000332016s
# Density: 0.059076s
# EquationOfState: 0.00013536s
# mpi::synchronizeHalos: 1.762e-06s
# IAD: 0.0589074s
# mpi::synchronizeHalos: 1.534e-06s
# MomentumEnergyIAD: 0.0608832s
# Timestep: 1.65e-06s
# UpdateQuantities: 2.77e-06s
# UpdateSmoothingLength: 2.367e-06s
### Check ### Global Tree Nodes: 512, Particles: 1000000, Halos: 0
### Check ### Computational domain: -0.5 0.5 -0.5 0.5 -0.5 0.5
### Check ### Total Neighbors: 93136656, Avg neighbor count per particle: 93
### Check ### Total time: 0.00105619, current time-step: 9.70172e-05
### Check ### Total energy: 1, (internal: 0.995449, kinetic: 0.00455084, gravitational: 0)
### Check ### Focus Tree Nodes: 32768, maxDepth 5, maxStackNc 0, maxStackGravity 0
=== Total time for iteration(48) 0.182808s

# domain::sync: 0.00345911s
# FindNeighbors: 0.000334212s
# Density: 0.0590161s
# EquationOfState: 0.000134962s
# mpi::synchronizeHalos: 1.816e-06s
# IAD: 0.0590438s
# mpi::synchronizeHalos: 4.976e-06s
# MomentumEnergyIAD: 0.0610497s
# Timestep: 2.744e-06s
# UpdateQuantities: 3.64e-06s
# UpdateSmoothingLength: 2.981e-06s
### Check ### Global Tree Nodes: 512, Particles: 1000000, Halos: 0
### Check ### Computational domain: -0.5 0.5 -0.5 0.5 -0.5 0.5
### Check ### Total Neighbors: 93541872, Avg neighbor count per particle: 93
### Check ### Total time: 0.00116291, current time-step: 0.000106719
### Check ### Total energy: 1, (internal: 0.994505, kinetic: 0.0054951, gravitational: 0)
### Check ### Focus Tree Nodes: 32768, maxDepth 5, maxStackNc 0, maxStackGravity 0
=== Total time for iteration(49) 0.183055s

# domain::sync: 0.00355935s
# FindNeighbors: 0.000334251s
# Density: 0.0603368s
# EquationOfState: 0.000135092s
# mpi::synchronizeHalos: 1.983e-06s
# IAD: 0.05997s
# mpi::synchronizeHalos: 1.579e-06s
# MomentumEnergyIAD: 0.0627221s
# Timestep: 1.992e-06s
# UpdateQuantities: 3.293e-06s
# UpdateSmoothingLength: 2.625e-06s
### Check ### Global Tree Nodes: 512, Particles: 1000000, Halos: 0
### Check ### Computational domain: -0.5 0.5 -0.5 0.5 -0.5 0.5
### Check ### Total Neighbors: 121729944, Avg neighbor count per particle: 121
### Check ### Total time: 0.0012803, current time-step: 0.000117391
### Check ### Total energy: 1, (internal: 0.99337, kinetic: 0.0066291, gravitational: 0)
### Check ### Focus Tree Nodes: 32768, maxDepth 5, maxStackNc 0, maxStackGravity 0
=== Total time for iteration(50) 0.18707s

# domain::sync: 0.00347897s
# FindNeighbors: 0.000332495s
# Density: 0.0598141s
# EquationOfState: 0.000136564s
# mpi::synchronizeHalos: 1.987e-06s
# IAD: 0.0594739s
# mpi::synchronizeHalos: 1.548e-06s
# MomentumEnergyIAD: 0.0609022s
# Timestep: 1.671e-06s
# UpdateQuantities: 2.875e-06s
# UpdateSmoothingLength: 2.328e-06s
### Check ### Global Tree Nodes: 512, Particles: 1000000, Halos: 0
### Check ### Computational domain: -0.5 0.5 -0.5 0.5 -0.5 0.5
### Check ### Total Neighbors: 93766440, Avg neighbor count per particle: 93
### Check ### Total time: 0.00140943, current time-step: 0.00012913
### Check ### Total energy: 0.999999, (internal: 0.992011, kinetic: 0.00798879, gravitational: 0)
### Check ### Focus Tree Nodes: 32768, maxDepth 5, maxStackNc 0, maxStackGravity 0
=== Total time for iteration(51) 0.184149s

# domain::sync: 0.00347305s
# FindNeighbors: 0.000326828s
# Density: 0.0592476s
# EquationOfState: 0.00013527s
# mpi::synchronizeHalos: 1.761e-06s
# IAD: 0.059032s
# mpi::synchronizeHalos: 1.519e-06s
# MomentumEnergyIAD: 0.0608748s
# Timestep: 1.633e-06s
# UpdateQuantities: 2.951e-06s
# UpdateSmoothingLength: 2.358e-06s
### Check ### Global Tree Nodes: 512, Particles: 1000000, Halos: 0
### Check ### Computational domain: -0.5 0.5 -0.5 0.5 -0.5 0.5
### Check ### Total Neighbors: 93302304, Avg neighbor count per particle: 93
### Check ### Total time: 0.00155147, current time-step: 0.000142043
### Check ### Total energy: 0.999999, (internal: 0.990383, kinetic: 0.00961571, gravitational: 0)
### Check ### Focus Tree Nodes: 32768, maxDepth 5, maxStackNc 0, maxStackGravity 0
=== Total time for iteration(52) 0.183101s

# domain::sync: 0.00346777s
# FindNeighbors: 0.000335201s
# Density: 0.0603269s
# EquationOfState: 0.000134912s
# mpi::synchronizeHalos: 2.021e-06s
# IAD: 0.0599355s
# mpi::synchronizeHalos: 1.438e-06s
# MomentumEnergyIAD: 0.062674s
# Timestep: 1.665e-06s
# UpdateQuantities: 2.774e-06s
# UpdateSmoothingLength: 2.445e-06s
### Check ### Global Tree Nodes: 512, Particles: 1000000, Halos: 0
### Check ### Computational domain: -0.5 0.5 -0.5 0.5 -0.5 0.5
### Check ### Total Neighbors: 120836592, Avg neighbor count per particle: 120
### Check ### Total time: 0.00169948, current time-step: 0.000148005
### Check ### Total energy: 0.999998, (internal: 0.988547, kinetic: 0.0114505, gravitational: 0)
### Check ### Focus Tree Nodes: 32768, maxDepth 5, maxStackNc 0, maxStackGravity 0
=== Total time for iteration(53) 0.186885s

# domain::sync: 0.00346742s
# FindNeighbors: 0.000331749s
# Density: 0.0594988s
# EquationOfState: 0.00013531s
# mpi::synchronizeHalos: 1.804e-06s
# IAD: 0.0591158s
# mpi::synchronizeHalos: 1.559e-06s
# MomentumEnergyIAD: 0.0609445s
# Timestep: 2.25e-06s
# UpdateQuantities: 3.217e-06s
# UpdateSmoothingLength: 2.343e-06s
### Check ### Global Tree Nodes: 512, Particles: 1000000, Halos: 0
### Check ### Computational domain: -0.5 0.5 -0.5 0.5 -0.5 0.5
### Check ### Total Neighbors: 94073304, Avg neighbor count per particle: 94
### Check ### Total time: 0.00185054, current time-step: 0.000151065
### Check ### Total energy: 0.999996, (internal: 0.986532, kinetic: 0.0134637, gravitational: 0)
### Check ### Focus Tree Nodes: 32768, maxDepth 5, maxStackNc 0, maxStackGravity 0
=== Total time for iteration(54) 0.183505s

# domain::sync: 0.00347265s
# FindNeighbors: 0.000329399s
# Density: 0.0596333s
# EquationOfState: 0.000135129s
# mpi::synchronizeHalos: 1.912e-06s
# IAD: 0.0590099s
# mpi::synchronizeHalos: 1.582e-06s
# MomentumEnergyIAD: 0.0608361s
# Timestep: 1.668e-06s
# UpdateQuantities: 2.804e-06s
# UpdateSmoothingLength: 2.375e-06s
### Check ### Global Tree Nodes: 512, Particles: 1000000, Halos: 0
### Check ### Computational domain: -0.5 0.5 -0.5 0.5 -0.5 0.5
### Check ### Total Neighbors: 93714456, Avg neighbor count per particle: 93
### Check ### Total time: 0.00200417, current time-step: 0.00015363
### Check ### Total energy: 0.999994, (internal: 0.984344, kinetic: 0.0156496, gravitational: 0)
### Check ### Focus Tree Nodes: 32768, maxDepth 5, maxStackNc 0, maxStackGravity 0
=== Total time for iteration(55) 0.183427s

# domain::sync: 0.00346195s
# FindNeighbors: 0.000327145s
# Density: 0.0590785s
# EquationOfState: 0.000134444s
# mpi::synchronizeHalos: 1.786e-06s
# IAD: 0.0589839s
# mpi::synchronizeHalos: 1.776e-06s
# MomentumEnergyIAD: 0.0607204s
# Timestep: 1.671e-06s
# UpdateQuantities: 2.88e-06s
# UpdateSmoothingLength: 2.485e-06s
### Check ### Global Tree Nodes: 512, Particles: 1000000, Halos: 0
### Check ### Computational domain: -0.5 0.5 -0.5 0.5 -0.5 0.5
### Check ### Total Neighbors: 93362400, Avg neighbor count per particle: 93
### Check ### Total time: 0.0021605, current time-step: 0.000156327
### Check ### Total energy: 0.999992, (internal: 0.981983, kinetic: 0.0180094, gravitational: 0)
### Check ### Focus Tree Nodes: 32768, maxDepth 5, maxStackNc 0, maxStackGravity 0
=== Total time for iteration(56) 0.182718s

# domain::sync: 0.00346962s
# FindNeighbors: 0.000334915s
# Density: 0.0604329s
# EquationOfState: 0.000134428s
# mpi::synchronizeHalos: 1.807e-06s
# IAD: 0.0603055s
# mpi::synchronizeHalos: 1.559e-06s
# MomentumEnergyIAD: 0.0632279s
# Timestep: 1.66e-06s
# UpdateQuantities: 2.894e-06s
# UpdateSmoothingLength: 2.37e-06s
### Check ### Global Tree Nodes: 512, Particles: 1000000, Halos: 0
### Check ### Computational domain: -0.5 0.5 -0.5 0.5 -0.5 0.5
### Check ### Total Neighbors: 120930888, Avg neighbor count per particle: 120
### Check ### Total time: 0.00231968, current time-step: 0.000159183
### Check ### Total energy: 0.99999, (internal: 0.979445, kinetic: 0.0205443, gravitational: 0)
### Check ### Focus Tree Nodes: 32768, maxDepth 5, maxStackNc 0, maxStackGravity 0
=== Total time for iteration(57) 0.187916s

# domain::sync: 0.00348107s
# FindNeighbors: 0.000331258s
# Density: 0.0596672s
# EquationOfState: 0.000135467s
# mpi::synchronizeHalos: 1.687e-06s
# IAD: 0.0593046s
# mpi::synchronizeHalos: 1.629e-06s
# MomentumEnergyIAD: 0.0610993s
# Timestep: 1.691e-06s
# UpdateQuantities: 2.875e-06s
# UpdateSmoothingLength: 2.467e-06s
### Check ### Global Tree Nodes: 512, Particles: 1000000, Halos: 0
### Check ### Computational domain: -0.5 0.5 -0.5 0.5 -0.5 0.5
### Check ### Total Neighbors: 93962928, Avg neighbor count per particle: 93
### Check ### Total time: 0.00248151, current time-step: 0.000161829
### Check ### Total energy: 0.999987, (internal: 0.976739, kinetic: 0.0232488, gravitational: 0)
### Check ### Focus Tree Nodes: 32768, maxDepth 5, maxStackNc 0, maxStackGravity 0
=== Total time for iteration(58) 0.18403s

# domain::sync: 0.00346769s
# FindNeighbors: 0.000333393s
# Density: 0.0593458s
# EquationOfState: 0.000134913s
# mpi::synchronizeHalos: 1.799e-06s
# IAD: 0.0590462s
# mpi::synchronizeHalos: 1.575e-06s
# MomentumEnergyIAD: 0.0611965s
# Timestep: 1.833e-06s
# UpdateQuantities: 2.825e-06s
# UpdateSmoothingLength: 2.395e-06s
### Check ### Global Tree Nodes: 512, Particles: 1000000, Halos: 0
### Check ### Computational domain: -0.5 0.5 -0.5 0.5 -0.5 0.5
### Check ### Total Neighbors: 93733464, Avg neighbor count per particle: 93
### Check ### Total time: 0.00264547, current time-step: 0.000163961
### Check ### Total energy: 0.999985, (internal: 0.973874, kinetic: 0.0261106, gravitational: 0)
### Check ### Focus Tree Nodes: 32768, maxDepth 5, maxStackNc 0, maxStackGravity 0
=== Total time for iteration(59) 0.183536s

# domain::sync: 0.00350336s
# FindNeighbors: 0.00033508s
# Density: 0.0591119s
# EquationOfState: 0.000136143s
# mpi::synchronizeHalos: 2.168e-06s
# IAD: 0.059115s
# mpi::synchronizeHalos: 1.665e-06s
# MomentumEnergyIAD: 0.0607057s
# Timestep: 1.735e-06s
# UpdateQuantities: 2.908e-06s
# UpdateSmoothingLength: 2.373e-06s
### Check ### Global Tree Nodes: 512, Particles: 1000000, Halos: 0
### Check ### Computational domain: -0.5 0.5 -0.5 0.5 -0.5 0.5
### Check ### Total Neighbors: 93378600, Avg neighbor count per particle: 93
### Check ### Total time: 0.00281225, current time-step: 0.000166775
### Check ### Total energy: 0.999982, (internal: 0.970845, kinetic: 0.0291378, gravitational: 0)
### Check ### Focus Tree Nodes: 32768, maxDepth 5, maxStackNc 0, maxStackGravity 0
=== Total time for iteration(60) 0.182919s

# domain::sync: 0.00346107s
# FindNeighbors: 0.000333253s
# Density: 0.0602698s
# EquationOfState: 0.000134736s
# mpi::synchronizeHalos: 1.882e-06s
# IAD: 0.0600161s
# mpi::synchronizeHalos: 1.834e-06s
# MomentumEnergyIAD: 0.062628s
# Timestep: 1.792e-06s
# UpdateQuantities: 2.773e-06s
# UpdateSmoothingLength: 2.365e-06s
### Check ### Global Tree Nodes: 512, Particles: 1000000, Halos: 0
### Check ### Computational domain: -0.5 0.5 -0.5 0.5 -0.5 0.5
### Check ### Total Neighbors: 121000248, Avg neighbor count per particle: 121
### Check ### Total time: 0.00298167, current time-step: 0.000169419
### Check ### Total energy: 0.99998, (internal: 0.967657, kinetic: 0.0323227, gravitational: 0)
### Check ### Focus Tree Nodes: 32768, maxDepth 5, maxStackNc 0, maxStackGravity 0
=== Total time for iteration(61) 0.186854s

# domain::sync: 0.00347467s
# FindNeighbors: 0.000333403s
# Density: 0.0595836s
# EquationOfState: 0.000135182s
# mpi::synchronizeHalos: 1.852e-06s
# IAD: 0.0590295s
# mpi::synchronizeHalos: 1.474e-06s
# MomentumEnergyIAD: 0.0610548s
# Timestep: 1.655e-06s
# UpdateQuantities: 2.884e-06s
# UpdateSmoothingLength: 2.31e-06s
### Check ### Global Tree Nodes: 512, Particles: 1000000, Halos: 0
### Check ### Computational domain: -0.5 0.5 -0.5 0.5 -0.5 0.5
### Check ### Total Neighbors: 94002960, Avg neighbor count per particle: 94
### Check ### Total time: 0.00315446, current time-step: 0.000172791
### Check ### Total energy: 0.999978, (internal: 0.964303, kinetic: 0.0356751, gravitational: 0)
### Check ### Focus Tree Nodes: 32768, maxDepth 5, maxStackNc 0, maxStackGravity 0
=== Total time for iteration(62) 0.183622s

# domain::sync: 0.00346627s
# FindNeighbors: 0.000333043s
# Density: 0.0594388s
# EquationOfState: 0.000135166s
# mpi::synchronizeHalos: 1.822e-06s
# IAD: 0.0590927s
# mpi::synchronizeHalos: 1.528e-06s
# MomentumEnergyIAD: 0.0608984s
# Timestep: 1.59e-06s
# UpdateQuantities: 2.904e-06s
# UpdateSmoothingLength: 2.365e-06s
### Check ### Global Tree Nodes: 512, Particles: 1000000, Halos: 0
### Check ### Computational domain: -0.5 0.5 -0.5 0.5 -0.5 0.5
### Check ### Total Neighbors: 93578544, Avg neighbor count per particle: 93
### Check ### Total time: 0.00332975, current time-step: 0.000175295
### Check ### Total energy: 0.999975, (internal: 0.960803, kinetic: 0.0391723, gravitational: 0)
### Check ### Focus Tree Nodes: 32768, maxDepth 5, maxStackNc 0, maxStackGravity 0
=== Total time for iteration(63) 0.183375s

# domain::sync: 0.003461s
# FindNeighbors: 0.000328605s
# Density: 0.0591656s
# EquationOfState: 0.000134715s
# mpi::synchronizeHalos: 1.856e-06s
# IAD: 0.0588141s
# mpi::synchronizeHalos: 1.481e-06s
# MomentumEnergyIAD: 0.0607751s
# Timestep: 1.601e-06s
# UpdateQuantities: 2.759e-06s
# UpdateSmoothingLength: 2.404e-06s
### Check ### Global Tree Nodes: 512, Particles: 1000000, Halos: 0
### Check ### Computational domain: -0.5 0.5 -0.5 0.5 -0.5 0.5
### Check ### Total Neighbors: 93444120, Avg neighbor count per particle: 93
### Check ### Total time: 0.00350755, current time-step: 0.000177798
### Check ### Total energy: 0.999972, (internal: 0.957164, kinetic: 0.0428081, gravitational: 0)
### Check ### Focus Tree Nodes: 32768, maxDepth 5, maxStackNc 0, maxStackGravity 0
=== Total time for iteration(64) 0.18269s

# domain::sync: 0.00346749s
# FindNeighbors: 0.000333227s
# Density: 0.0603413s
# EquationOfState: 0.000135722s
# mpi::synchronizeHalos: 1.812e-06s
# IAD: 0.0602087s
# mpi::synchronizeHalos: 1.523e-06s
# MomentumEnergyIAD: 0.0628571s
# Timestep: 1.973e-06s
# UpdateQuantities: 3.201e-06s
# UpdateSmoothingLength: 2.268e-06s
### Check ### Global Tree Nodes: 512, Particles: 1000000, Halos: 0
### Check ### Computational domain: -0.5 0.5 -0.5 0.5 -0.5 0.5
### Check ### Total Neighbors: 121045632, Avg neighbor count per particle: 121
### Check ### Total time: 0.00368811, current time-step: 0.000180555
### Check ### Total energy: 0.99997, (internal: 0.953388, kinetic: 0.0465814, gravitational: 0)
### Check ### Focus Tree Nodes: 32768, maxDepth 5, maxStackNc 0, maxStackGravity 0
=== Total time for iteration(65) 0.187355s

# domain::sync: 0.00348137s
# FindNeighbors: 0.000333412s
# Density: 0.0599314s
# EquationOfState: 0.000135054s
# mpi::synchronizeHalos: 1.857e-06s
# IAD: 0.0593743s
# mpi::synchronizeHalos: 1.571e-06s
# MomentumEnergyIAD: 0.0613024s
# Timestep: 1.695e-06s
# UpdateQuantities: 2.706e-06s
# UpdateSmoothingLength: 2.289e-06s
### Check ### Global Tree Nodes: 512, Particles: 1000000, Halos: 0
### Check ### Computational domain: -0.5 0.5 -0.5 0.5 -0.5 0.5
### Check ### Total Neighbors: 93961032, Avg neighbor count per particle: 93
### Check ### Total time: 0.00387177, current time-step: 0.000183661
### Check ### Total energy: 0.999968, (internal: 0.949475, kinetic: 0.0504928, gravitational: 0)
### Check ### Focus Tree Nodes: 32768, maxDepth 5, maxStackNc 0, maxStackGravity 0
=== Total time for iteration(66) 0.184569s

# domain::sync: 0.00346847s
# FindNeighbors: 0.000329387s
# Density: 0.059233s
# EquationOfState: 0.000135543s
# mpi::synchronizeHalos: 1.804e-06s
# IAD: 0.0591218s
# mpi::synchronizeHalos: 1.732e-06s
# MomentumEnergyIAD: 0.060772s
# Timestep: 1.667e-06s
# UpdateQuantities: 2.832e-06s
# UpdateSmoothingLength: 2.273e-06s
### Check ### Global Tree Nodes: 512, Particles: 1000000, Halos: 0
### Check ### Computational domain: -0.5 0.5 -0.5 0.5 -0.5 0.5
### Check ### Total Neighbors: 93546576, Avg neighbor count per particle: 93
### Check ### Total time: 0.0040589, current time-step: 0.000187136
### Check ### Total energy: 0.999966, (internal: 0.945422, kinetic: 0.0545435, gravitational: 0)
### Check ### Focus Tree Nodes: 32768, maxDepth 5, maxStackNc 0, maxStackGravity 0
=== Total time for iteration(67) 0.183071s

# domain::sync: 0.00346097s
# FindNeighbors: 0.000327888s
# Density: 0.0592532s
# EquationOfState: 0.000134578s
# mpi::synchronizeHalos: 1.819e-06s
# IAD: 0.0588706s
# mpi::synchronizeHalos: 1.457e-06s
# MomentumEnergyIAD: 0.0611771s
# Timestep: 1.931e-06s
# UpdateQuantities: 3.229e-06s
# UpdateSmoothingLength: 2.368e-06s
### Check ### Global Tree Nodes: 512, Particles: 1000000, Halos: 0
### Check ### Computational domain: -0.5 0.5 -0.5 0.5 -0.5 0.5
### Check ### Total Neighbors: 93515760, Avg neighbor count per particle: 93
### Check ### Total time: 0.0042499, current time-step: 0.000191001
### Check ### Total energy: 0.999964, (internal: 0.941229, kinetic: 0.058735, gravitational: 0)
### Check ### Focus Tree Nodes: 32768, maxDepth 5, maxStackNc 0, maxStackGravity 0
=== Total time for iteration(68) 0.183236s

# domain::sync: 0.00347666s
# FindNeighbors: 0.000331847s
# Density: 0.0601539s
# EquationOfState: 0.000134465s
# mpi::synchronizeHalos: 1.769e-06s
# IAD: 0.0599445s
# mpi::synchronizeHalos: 1.544e-06s
# MomentumEnergyIAD: 0.0626349s
# Timestep: 1.701e-06s
# UpdateQuantities: 3.049e-06s
# UpdateSmoothingLength: 2.41e-06s
### Check ### Global Tree Nodes: 512, Particles: 1000000, Halos: 0
### Check ### Computational domain: -0.5 0.5 -0.5 0.5 -0.5 0.5
### Check ### Total Neighbors: 121082619, Avg neighbor count per particle: 121
### Check ### Total time: 0.00444458, current time-step: 0.000194675
### Check ### Total energy: 0.999962, (internal: 0.936906, kinetic: 0.0630557, gravitational: 0)
### Check ### Focus Tree Nodes: 32768, maxDepth 5, maxStackNc 0, maxStackGravity 0
=== Total time for iteration(69) 0.186687s

# domain::sync: 0.00348568s
# FindNeighbors: 0.000332491s
# Density: 0.0595304s
# EquationOfState: 0.000134901s
# mpi::synchronizeHalos: 1.785e-06s
# IAD: 0.0589964s
# mpi::synchronizeHalos: 1.587e-06s
# MomentumEnergyIAD: 0.0609058s
# Timestep: 1.675e-06s
# UpdateQuantities: 2.705e-06s
# UpdateSmoothingLength: 2.255e-06s
### Check ### Global Tree Nodes: 512, Particles: 1000000, Halos: 0
### Check ### Computational domain: -0.5 0.5 -0.5 0.5 -0.5 0.5
### Check ### Total Neighbors: 93809970, Avg neighbor count per particle: 93
### Check ### Total time: 0.00464227, current time-step: 0.000197694
### Check ### Total energy: 0.99996, (internal: 0.932477, kinetic: 0.0674828, gravitational: 0)
### Check ### Focus Tree Nodes: 32768, maxDepth 5, maxStackNc 0, maxStackGravity 0
=== Total time for iteration(70) 0.183396s

# domain::sync: 0.00346786s
# FindNeighbors: 0.000328144s
# Density: 0.059515s
# EquationOfState: 0.000135801s
# mpi::synchronizeHalos: 1.809e-06s
# IAD: 0.0590656s
# mpi::synchronizeHalos: 1.633e-06s
# MomentumEnergyIAD: 0.0610401s
# Timestep: 1.739e-06s
# UpdateQuantities: 2.765e-06s
# UpdateSmoothingLength: 2.399e-06s
### Check ### Global Tree Nodes: 512, Particles: 1000000, Halos: 0
### Check ### Computational domain: -0.5 0.5 -0.5 0.5 -0.5 0.5
### Check ### Total Neighbors: 93564270, Avg neighbor count per particle: 93
### Check ### Total time: 0.00484374, current time-step: 0.000201463
### Check ### Total energy: 0.999958, (internal: 0.927933, kinetic: 0.0720259, gravitational: 0)
### Check ### Focus Tree Nodes: 32768, maxDepth 5, maxStackNc 0, maxStackGravity 0
=== Total time for iteration(71) 0.183564s

# domain::sync: 0.00345569s
# FindNeighbors: 0.000333239s
# Density: 0.0592642s
# EquationOfState: 0.000134279s
# mpi::synchronizeHalos: 1.76e-06s
# IAD: 0.0589339s
# mpi::synchronizeHalos: 1.581e-06s
# MomentumEnergyIAD: 0.0608225s
# Timestep: 1.995e-06s
# UpdateQuantities: 3.13e-06s
# UpdateSmoothingLength: 2.367e-06s
### Check ### Global Tree Nodes: 512, Particles: 1000000, Halos: 0
### Check ### Computational domain: -0.5 0.5 -0.5 0.5 -0.5 0.5
### Check ### Total Neighbors: 93639480, Avg neighbor count per particle: 93
### Check ### Total time: 0.00504906, current time-step: 0.000205321
### Check ### Total energy: 0.999957, (internal: 0.923279, kinetic: 0.0766785, gravitational: 0)
### Check ### Focus Tree Nodes: 32768, maxDepth 5, maxStackNc 0, maxStackGravity 0
=== Total time for iteration(72) 0.182955s

# domain::sync: 0.00347598s
# FindNeighbors: 0.000332616s
# Density: 0.0604127s
# EquationOfState: 0.000137255s
# mpi::synchronizeHalos: 2.158e-06s
# IAD: 0.0602209s
# mpi::synchronizeHalos: 1.628e-06s
# MomentumEnergyIAD: 0.063133s
# Timestep: 1.832e-06s
# UpdateQuantities: 2.828e-06s
# UpdateSmoothingLength: 2.316e-06s
### Check ### Global Tree Nodes: 512, Particles: 1000000, Halos: 0
### Check ### Computational domain: -0.5 0.5 -0.5 0.5 -0.5 0.5
### Check ### Total Neighbors: 121128954, Avg neighbor count per particle: 121
### Check ### Total time: 0.00525809, current time-step: 0.000209035
### Check ### Total energy: 0.999956, (internal: 0.918527, kinetic: 0.0814287, gravitational: 0)
### Check ### Focus Tree Nodes: 32768, maxDepth 5, maxStackNc 0, maxStackGravity 0
=== Total time for iteration(73) 0.187724s

# domain::sync: 0.00349397s
# FindNeighbors: 0.000332007s
# Density: 0.0598885s
# EquationOfState: 0.000135709s
# mpi::synchronizeHalos: 1.967e-06s
# IAD: 0.0598202s
# mpi::synchronizeHalos: 1.604e-06s
# MomentumEnergyIAD: 0.0611655s
# Timestep: 1.838e-06s
# UpdateQuantities: 2.788e-06s
# UpdateSmoothingLength: 2.335e-06s
### Check ### Global Tree Nodes: 512, Particles: 1000000, Halos: 0
### Check ### Computational domain: -0.5 0.5 -0.5 0.5 -0.5 0.5
### Check ### Total Neighbors: 93698259, Avg neighbor count per particle: 93
### Check ### Total time: 0.00547244, current time-step: 0.000214349
### Check ### Total energy: 0.999956, (internal: 0.91365, kinetic: 0.0863056, gravitational: 0)
### Check ### Focus Tree Nodes: 32768, maxDepth 5, maxStackNc 0, maxStackGravity 0
=== Total time for iteration(74) 0.184847s

# domain::sync: 0.00347699s
# FindNeighbors: 0.000330841s
# Density: 0.0594907s
# EquationOfState: 0.000135159s
# mpi::synchronizeHalos: 1.83e-06s
# IAD: 0.0591057s
# mpi::synchronizeHalos: 1.591e-06s
# MomentumEnergyIAD: 0.0606831s
# Timestep: 1.662e-06s
# UpdateQuantities: 2.878e-06s
# UpdateSmoothingLength: 2.213e-06s
### Check ### Global Tree Nodes: 512, Particles: 1000000, Halos: 0
### Check ### Computational domain: -0.5 0.5 -0.5 0.5 -0.5 0.5
### Check ### Total Neighbors: 93584160, Avg neighbor count per particle: 93
### Check ### Total time: 0.0056903, current time-step: 0.000217861
### Check ### Total energy: 0.999955, (internal: 0.908698, kinetic: 0.0912566, gravitational: 0)
### Check ### Focus Tree Nodes: 32768, maxDepth 5, maxStackNc 0, maxStackGravity 0
=== Total time for iteration(75) 0.183233s

# domain::sync: 0.00345902s
# FindNeighbors: 0.000334192s
# Density: 0.0602117s
# EquationOfState: 0.000134941s
# mpi::synchronizeHalos: 1.82e-06s
# IAD: 0.0599661s
# mpi::synchronizeHalos: 1.664e-06s
# MomentumEnergyIAD: 0.0630966s
# Timestep: 2.015e-06s
# UpdateQuantities: 3.163e-06s
# UpdateSmoothingLength: 2.376e-06s
### Check ### Global Tree Nodes: 512, Particles: 1000000, Halos: 0
### Check ### Computational domain: -0.5 0.5 -0.5 0.5 -0.5 0.5
### Check ### Total Neighbors: 120044480, Avg neighbor count per particle: 120
### Check ### Total time: 0.00591158, current time-step: 0.000221279
### Check ### Total energy: 0.999954, (internal: 0.903682, kinetic: 0.0962721, gravitational: 0)
### Check ### Focus Tree Nodes: 32768, maxDepth 5, maxStackNc 0, maxStackGravity 0
=== Total time for iteration(76) 0.187214s

# domain::sync: 0.00348108s
# FindNeighbors: 0.000330436s
# Density: 0.0593984s
# EquationOfState: 0.000135002s
# mpi::synchronizeHalos: 1.926e-06s
# IAD: 0.059199s
# mpi::synchronizeHalos: 1.539e-06s
# MomentumEnergyIAD: 0.0610391s
# Timestep: 1.894e-06s
# UpdateQuantities: 3.225e-06s
# UpdateSmoothingLength: 2.389e-06s
### Check ### Global Tree Nodes: 512, Particles: 1000000, Halos: 0
### Check ### Computational domain: -0.5 0.5 -0.5 0.5 -0.5 0.5
### Check ### Total Neighbors: 94648786, Avg neighbor count per particle: 94
### Check ### Total time: 0.00613211, current time-step: 0.000220529
### Check ### Total energy: 0.999949, (internal: 0.898704, kinetic: 0.101246, gravitational: 0)
### Check ### Focus Tree Nodes: 32768, maxDepth 5, maxStackNc 0, maxStackGravity 0
=== Total time for iteration(77) 0.183595s

# domain::sync: 0.00345613s
# FindNeighbors: 0.000332211s
# Density: 0.0594272s
# EquationOfState: 0.000134671s
# mpi::synchronizeHalos: 1.794e-06s
# IAD: 0.0591436s
# mpi::synchronizeHalos: 1.621e-06s
# MomentumEnergyIAD: 0.0607593s
# Timestep: 1.643e-06s
# UpdateQuantities: 2.85e-06s
# UpdateSmoothingLength: 2.357e-06s
### Check ### Global Tree Nodes: 512, Particles: 1000000, Halos: 0
### Check ### Computational domain: -0.5 0.5 -0.5 0.5 -0.5 0.5
### Check ### Total Neighbors: 93663020, Avg neighbor count per particle: 93
### Check ### Total time: 0.00635347, current time-step: 0.000221358
### Check ### Total energy: 0.999947, (internal: 0.893736, kinetic: 0.106211, gravitational: 0)
### Check ### Focus Tree Nodes: 32768, maxDepth 5, maxStackNc 0, maxStackGravity 0
=== Total time for iteration(78) 0.183264s

# domain::sync: 0.00344796s
# FindNeighbors: 0.000333974s
# Density: 0.0592242s
# EquationOfState: 0.000134248s
# mpi::synchronizeHalos: 1.854e-06s
# IAD: 0.0589818s
# mpi::synchronizeHalos: 1.592e-06s
# MomentumEnergyIAD: 0.0610355s
# Timestep: 1.732e-06s
# UpdateQuantities: 2.818e-06s
# UpdateSmoothingLength: 2.25e-06s
### Check ### Global Tree Nodes: 512, Particles: 1000000, Halos: 0
### Check ### Computational domain: -0.5 0.5 -0.5 0.5 -0.5 0.5
### Check ### Total Neighbors: 93669922, Avg neighbor count per particle: 93
### Check ### Total time: 0.00657593, current time-step: 0.000222458
### Check ### Total energy: 0.999945, (internal: 0.88878, kinetic: 0.111165, gravitational: 0)
### Check ### Focus Tree Nodes: 32768, maxDepth 5, maxStackNc 0, maxStackGravity 0
=== Total time for iteration(79) 0.183169s

# domain::sync: 0.00346541s
# FindNeighbors: 0.000329199s
# Density: 0.0603723s
# EquationOfState: 0.000135117s
# mpi::synchronizeHalos: 2.066e-06s
# IAD: 0.0600153s
# mpi::synchronizeHalos: 1.544e-06s
# MomentumEnergyIAD: 0.0629945s
# Timestep: 1.579e-06s
# UpdateQuantities: 2.758e-06s
# UpdateSmoothingLength: 2.412e-06s
### Check ### Global Tree Nodes: 512, Particles: 1000000, Halos: 0
### Check ### Computational domain: -0.5 0.5 -0.5 0.5 -0.5 0.5
### Check ### Total Neighbors: 120171928, Avg neighbor count per particle: 120
### Check ### Total time: 0.00679977, current time-step: 0.00022384
### Check ### Total energy: 0.999943, (internal: 0.883835, kinetic: 0.116108, gravitational: 0)
### Check ### Focus Tree Nodes: 32768, maxDepth 5, maxStackNc 0, maxStackGravity 0
=== Total time for iteration(80) 0.187323s

# domain::sync: 0.00348911s
# FindNeighbors: 0.000328865s
# Density: 0.0599287s
# EquationOfState: 0.000135632s
# mpi::synchronizeHalos: 1.732e-06s
# IAD: 0.0597099s
# mpi::synchronizeHalos: 1.592e-06s
# MomentumEnergyIAD: 0.061195s
# Timestep: 1.674e-06s
# UpdateQuantities: 2.869e-06s
# UpdateSmoothingLength: 2.528e-06s
### Check ### Global Tree Nodes: 512, Particles: 1000000, Halos: 0
### Check ### Computational domain: -0.5 0.5 -0.5 0.5 -0.5 0.5
### Check ### Total Neighbors: 94584824, Avg neighbor count per particle: 94
### Check ### Total time: 0.00702533, current time-step: 0.000225563
### Check ### Total energy: 0.999942, (internal: 0.8789, kinetic: 0.121042, gravitational: 0)
### Check ### Focus Tree Nodes: 32768, maxDepth 5, maxStackNc 0, maxStackGravity 0
=== Total time for iteration(81) 0.184798s

# domain::sync: 0.0034482s
# FindNeighbors: 0.000335014s
# Density: 0.0595743s
# EquationOfState: 0.000135304s
# mpi::synchronizeHalos: 1.779e-06s
# IAD: 0.0591618s
# mpi::synchronizeHalos: 1.973e-06s
# MomentumEnergyIAD: 0.06086s
# Timestep: 1.752e-06s
# UpdateQuantities: 2.792e-06s
# UpdateSmoothingLength: 2.366e-06s
### Check ### Global Tree Nodes: 512, Particles: 1000000, Halos: 0
### Check ### Computational domain: -0.5 0.5 -0.5 0.5 -0.5 0.5
### Check ### Total Neighbors: 93674152, Avg neighbor count per particle: 93
### Check ### Total time: 0.00725219, current time-step: 0.000226859
### Check ### Total energy: 0.99994, (internal: 0.873991, kinetic: 0.12595, gravitational: 0)
### Check ### Focus Tree Nodes: 32768, maxDepth 5, maxStackNc 0, maxStackGravity 0
=== Total time for iteration(82) 0.183526s

# domain::sync: 0.00345584s
# FindNeighbors: 0.000329428s
# Density: 0.0592781s
# EquationOfState: 0.000134643s
# mpi::synchronizeHalos: 1.792e-06s
# IAD: 0.0591989s
# mpi::synchronizeHalos: 1.854e-06s
# MomentumEnergyIAD: 0.0609432s
# Timestep: 1.654e-06s
# UpdateQuantities: 2.821e-06s
# UpdateSmoothingLength: 2.333e-06s
### Check ### Global Tree Nodes: 512, Particles: 1000000, Halos: 0
### Check ### Computational domain: -0.5 0.5 -0.5 0.5 -0.5 0.5
### Check ### Total Neighbors: 93768616, Avg neighbor count per particle: 93
### Check ### Total time: 0.00748063, current time-step: 0.000228439
### Check ### Total energy: 0.99994, (internal: 0.869106, kinetic: 0.130833, gravitational: 0)
### Check ### Focus Tree Nodes: 32768, maxDepth 5, maxStackNc 0, maxStackGravity 0
=== Total time for iteration(83) 0.183351s

# domain::sync: 0.00346106s
# FindNeighbors: 0.000334527s
# Density: 0.0604276s
# EquationOfState: 0.000134475s
# mpi::synchronizeHalos: 1.891e-06s
# IAD: 0.0604395s
# mpi::synchronizeHalos: 1.586e-06s
# MomentumEnergyIAD: 0.0630731s
# Timestep: 1.627e-06s
# UpdateQuantities: 2.75e-06s
# UpdateSmoothingLength: 2.35e-06s
### Check ### Global Tree Nodes: 512, Particles: 1000000, Halos: 0
### Check ### Computational domain: -0.5 0.5 -0.5 0.5 -0.5 0.5
### Check ### Total Neighbors: 120199552, Avg neighbor count per particle: 120
### Check ### Total time: 0.00770677, current time-step: 0.000226139
### Check ### Total energy: 0.999935, (internal: 0.864334, kinetic: 0.135602, gravitational: 0)
### Check ### Focus Tree Nodes: 32768, maxDepth 5, maxStackNc 0, maxStackGravity 0
=== Total time for iteration(84) 0.187881s

# domain::sync: 0.00348525s
# FindNeighbors: 0.000329059s
# Density: 0.0601432s
# EquationOfState: 0.000135438s
# mpi::synchronizeHalos: 1.922e-06s
# IAD: 0.0595695s
# mpi::synchronizeHalos: 1.506e-06s
# MomentumEnergyIAD: 0.0613165s
# Timestep: 1.554e-06s
# UpdateQuantities: 2.81e-06s
# UpdateSmoothingLength: 2.354e-06s
### Check ### Global Tree Nodes: 512, Particles: 1000000, Halos: 0
### Check ### Computational domain: -0.5 0.5 -0.5 0.5 -0.5 0.5
### Check ### Total Neighbors: 94450923, Avg neighbor count per particle: 94
### Check ### Total time: 0.00793198, current time-step: 0.000225216
### Check ### Total energy: 0.999933, (internal: 0.859646, kinetic: 0.140287, gravitational: 0)
### Check ### Focus Tree Nodes: 32768, maxDepth 5, maxStackNc 0, maxStackGravity 0
=== Total time for iteration(85) 0.18499s

# domain::sync: 0.00348155s
# FindNeighbors: 0.000330646s
# Density: 0.059723s
# EquationOfState: 0.000135049s
# mpi::synchronizeHalos: 1.812e-06s
# IAD: 0.0592404s
# mpi::synchronizeHalos: 1.637e-06s
# MomentumEnergyIAD: 0.0609197s
# Timestep: 1.693e-06s
# UpdateQuantities: 2.884e-06s
# UpdateSmoothingLength: 2.374e-06s
### Check ### Global Tree Nodes: 512, Particles: 1000000, Halos: 0
### Check ### Computational domain: -0.5 0.5 -0.5 0.5 -0.5 0.5
### Check ### Total Neighbors: 93775712, Avg neighbor count per particle: 93
### Check ### Total time: 0.00815806, current time-step: 0.000226081
### Check ### Total energy: 0.999932, (internal: 0.855008, kinetic: 0.144924, gravitational: 0)
### Check ### Focus Tree Nodes: 32768, maxDepth 5, maxStackNc 0, maxStackGravity 0
=== Total time for iteration(86) 0.183841s

# domain::sync: 0.00346736s
# FindNeighbors: 0.000332972s
# Density: 0.0593354s
# EquationOfState: 0.000135252s
# mpi::synchronizeHalos: 2.003e-06s
# IAD: 0.0591777s
# mpi::synchronizeHalos: 1.655e-06s
# MomentumEnergyIAD: 0.0610993s
# Timestep: 2.394e-06s
# UpdateQuantities: 3.573e-06s
# UpdateSmoothingLength: 2.375e-06s
### Check ### Global Tree Nodes: 512, Particles: 1000000, Halos: 0
### Check ### Computational domain: -0.5 0.5 -0.5 0.5 -0.5 0.5
### Check ### Total Neighbors: 93817952, Avg neighbor count per particle: 93
### Check ### Total time: 0.00838348, current time-step: 0.000225415
### Check ### Total energy: 0.99993, (internal: 0.850454, kinetic: 0.149476, gravitational: 0)
### Check ### Focus Tree Nodes: 32768, maxDepth 5, maxStackNc 0, maxStackGravity 0
=== Total time for iteration(87) 0.183561s

# domain::sync: 0.0034648s
# FindNeighbors: 0.000335318s
# Density: 0.0604426s
# EquationOfState: 0.0001349s
# mpi::synchronizeHalos: 1.901e-06s
# IAD: 0.060443s
# mpi::synchronizeHalos: 1.891e-06s
# MomentumEnergyIAD: 0.0632139s
# Timestep: 1.805e-06s
# UpdateQuantities: 2.721e-06s
# UpdateSmoothingLength: 2.319e-06s
### Check ### Global Tree Nodes: 512, Particles: 1000000, Halos: 0
### Check ### Computational domain: -0.5 0.5 -0.5 0.5 -0.5 0.5
### Check ### Total Neighbors: 120236336, Avg neighbor count per particle: 120
### Check ### Total time: 0.0086083, current time-step: 0.000224825
### Check ### Total energy: 0.999928, (internal: 0.845985, kinetic: 0.153943, gravitational: 0)
### Check ### Focus Tree Nodes: 32768, maxDepth 5, maxStackNc 0, maxStackGravity 0
=== Total time for iteration(88) 0.188046s

# domain::sync: 0.0034736s
# FindNeighbors: 0.000331623s
# Density: 0.0597906s
# EquationOfState: 0.000135108s
# mpi::synchronizeHalos: 1.77e-06s
# IAD: 0.0593167s
# mpi::synchronizeHalos: 1.582e-06s
# MomentumEnergyIAD: 0.0611731s
# Timestep: 1.629e-06s
# UpdateQuantities: 2.772e-06s
# UpdateSmoothingLength: 2.37e-06s
### Check ### Global Tree Nodes: 512, Particles: 1000000, Halos: 0
### Check ### Computational domain: -0.5 0.5 -0.5 0.5 -0.5 0.5
### Check ### Total Neighbors: 94355210, Avg neighbor count per particle: 94
### Check ### Total time: 0.00883311, current time-step: 0.000224804
### Check ### Total energy: 0.999927, (internal: 0.841591, kinetic: 0.158336, gravitational: 0)
### Check ### Focus Tree Nodes: 32768, maxDepth 5, maxStackNc 0, maxStackGravity 0
=== Total time for iteration(89) 0.184232s

# domain::sync: 0.00345707s
# FindNeighbors: 0.000331948s
# Density: 0.0594992s
# EquationOfState: 0.000143988s
# mpi::synchronizeHalos: 2.833e-06s
# IAD: 0.0591399s
# mpi::synchronizeHalos: 1.965e-06s
# MomentumEnergyIAD: 0.0609559s
# Timestep: 2e-06s
# UpdateQuantities: 3.399e-06s
# UpdateSmoothingLength: 2.379e-06s
### Check ### Global Tree Nodes: 512, Particles: 1000000, Halos: 0
### Check ### Computational domain: -0.5 0.5 -0.5 0.5 -0.5 0.5
### Check ### Total Neighbors: 93837872, Avg neighbor count per particle: 93
### Check ### Total time: 0.00905809, current time-step: 0.000224985
### Check ### Total energy: 0.999926, (internal: 0.837269, kinetic: 0.162657, gravitational: 0)
### Check ### Focus Tree Nodes: 32768, maxDepth 5, maxStackNc 0, maxStackGravity 0
=== Total time for iteration(90) 0.183541s

# domain::sync: 0.00351639s
# FindNeighbors: 0.000336296s
# Density: 0.0593237s
# EquationOfState: 0.000134599s
# mpi::synchronizeHalos: 1.861e-06s
# IAD: 0.0591553s
# mpi::synchronizeHalos: 1.786e-06s
# MomentumEnergyIAD: 0.0611697s
# Timestep: 1.715e-06s
# UpdateQuantities: 2.913e-06s
# UpdateSmoothingLength: 2.347e-06s
### Check ### Global Tree Nodes: 512, Particles: 1000000, Halos: 0
### Check ### Computational domain: -0.5 0.5 -0.5 0.5 -0.5 0.5
### Check ### Total Neighbors: 93872003, Avg neighbor count per particle: 93
### Check ### Total time: 0.00928381, current time-step: 0.000225717
### Check ### Total energy: 0.999926, (internal: 0.833011, kinetic: 0.166915, gravitational: 0)
### Check ### Focus Tree Nodes: 32768, maxDepth 5, maxStackNc 0, maxStackGravity 0
=== Total time for iteration(91) 0.183647s

# domain::sync: 0.00346711s
# FindNeighbors: 0.000330278s
# Density: 0.060702s
# EquationOfState: 0.000134924s
# mpi::synchronizeHalos: 1.955e-06s
# IAD: 0.0600682s
# mpi::synchronizeHalos: 1.56e-06s
# MomentumEnergyIAD: 0.0632361s
# Timestep: 1.597e-06s
# UpdateQuantities: 2.778e-06s
# UpdateSmoothingLength: 2.371e-06s
### Check ### Global Tree Nodes: 512, Particles: 1000000, Halos: 0
### Check ### Computational domain: -0.5 0.5 -0.5 0.5 -0.5 0.5
### Check ### Total Neighbors: 120280045, Avg neighbor count per particle: 120
### Check ### Total time: 0.00951002, current time-step: 0.000226211
### Check ### Total energy: 0.999926, (internal: 0.828824, kinetic: 0.171102, gravitational: 0)
### Check ### Focus Tree Nodes: 32768, maxDepth 5, maxStackNc 0, maxStackGravity 0
=== Total time for iteration(92) 0.187949s

# domain::sync: 0.00349478s
# FindNeighbors: 0.000328738s
# Density: 0.0601909s
# EquationOfState: 0.000135386s
# mpi::synchronizeHalos: 1.813e-06s
# IAD: 0.0598591s
# mpi::synchronizeHalos: 1.912e-06s
# MomentumEnergyIAD: 0.0615119s
# Timestep: 1.583e-06s
# UpdateQuantities: 2.855e-06s
# UpdateSmoothingLength: 2.223e-06s
### Check ### Global Tree Nodes: 512, Particles: 1000000, Halos: 0
### Check ### Computational domain: -0.5 0.5 -0.5 0.5 -0.5 0.5
### Check ### Total Neighbors: 94239280, Avg neighbor count per particle: 94
### Check ### Total time: 0.00973619, current time-step: 0.000226174
### Check ### Total energy: 0.999925, (internal: 0.824719, kinetic: 0.175206, gravitational: 0)
### Check ### Focus Tree Nodes: 32768, maxDepth 5, maxStackNc 0, maxStackGravity 0
=== Total time for iteration(93) 0.185532s

# domain::sync: 0.00346343s
# FindNeighbors: 0.000334354s
# Density: 0.0595682s
# EquationOfState: 0.000135742s
# mpi::synchronizeHalos: 1.743e-06s
# IAD: 0.059194s
# mpi::synchronizeHalos: 1.579e-06s
# MomentumEnergyIAD: 0.0609601s
# Timestep: 1.584e-06s
# UpdateQuantities: 2.91e-06s
# UpdateSmoothingLength: 2.395e-06s
### Check ### Global Tree Nodes: 512, Particles: 1000000, Halos: 0
### Check ### Computational domain: -0.5 0.5 -0.5 0.5 -0.5 0.5
### Check ### Total Neighbors: 93871531, Avg neighbor count per particle: 93
### Check ### Total time: 0.00995689, current time-step: 0.000220695
### Check ### Total energy: 0.99992, (internal: 0.820793, kinetic: 0.179127, gravitational: 0)
### Check ### Focus Tree Nodes: 32768, maxDepth 5, maxStackNc 0, maxStackGravity 0
=== Total time for iteration(94) 0.183667s

# domain::sync: 0.00346463s
# FindNeighbors: 0.000328218s
# Density: 0.0596143s
# EquationOfState: 0.000134451s
# mpi::synchronizeHalos: 1.803e-06s
# IAD: 0.0591302s
# mpi::synchronizeHalos: 1.72e-06s
# MomentumEnergyIAD: 0.0611533s
# Timestep: 1.613e-06s
# UpdateQuantities: 2.837e-06s
# UpdateSmoothingLength: 2.364e-06s
### Check ### Global Tree Nodes: 512, Particles: 1000000, Halos: 0
### Check ### Computational domain: -0.5 0.5 -0.5 0.5 -0.5 0.5
### Check ### Total Neighbors: 93892248, Avg neighbor count per particle: 93
### Check ### Total time: 0.010176, current time-step: 0.000219112
### Check ### Total energy: 0.999918, (internal: 0.816974, kinetic: 0.182944, gravitational: 0)
### Check ### Focus Tree Nodes: 32768, maxDepth 5, maxStackNc 0, maxStackGravity 0
=== Total time for iteration(95) 0.183836s

# domain::sync: 0.00345874s
# FindNeighbors: 0.000333866s
# Density: 0.0606249s
# EquationOfState: 0.000134473s
# mpi::synchronizeHalos: 1.822e-06s
# IAD: 0.0605979s
# mpi::synchronizeHalos: 1.602e-06s
# MomentumEnergyIAD: 0.0633732s
# Timestep: 1.688e-06s
# UpdateQuantities: 2.856e-06s
# UpdateSmoothingLength: 2.364e-06s
### Check ### Global Tree Nodes: 512, Particles: 1000000, Halos: 0
### Check ### Computational domain: -0.5 0.5 -0.5 0.5 -0.5 0.5
### Check ### Total Neighbors: 120271824, Avg neighbor count per particle: 120
### Check ### Total time: 0.010396, current time-step: 0.000220011
### Check ### Total energy: 0.999919, (internal: 0.813219, kinetic: 0.1867, gravitational: 0)
### Check ### Focus Tree Nodes: 32768, maxDepth 5, maxStackNc 0, maxStackGravity 0
=== Total time for iteration(96) 0.188534s

# domain::sync: 0.00347419s
# FindNeighbors: 0.000331753s
# Density: 0.0599476s
# EquationOfState: 0.00013508s
# mpi::synchronizeHalos: 2.095e-06s
# IAD: 0.0593876s
# mpi::synchronizeHalos: 1.532e-06s
# MomentumEnergyIAD: 0.0614114s
# Timestep: 1.596e-06s
# UpdateQuantities: 2.883e-06s
# UpdateSmoothingLength: 2.72e-06s
### Check ### Global Tree Nodes: 512, Particles: 1000000, Halos: 0
### Check ### Computational domain: -0.5 0.5 -0.5 0.5 -0.5 0.5
### Check ### Total Neighbors: 94156055, Avg neighbor count per particle: 94
### Check ### Total time: 0.0106136, current time-step: 0.000217605
### Check ### Total energy: 0.999917, (internal: 0.809584, kinetic: 0.190332, gravitational: 0)
### Check ### Focus Tree Nodes: 32768, maxDepth 5, maxStackNc 0, maxStackGravity 0
=== Total time for iteration(97) 0.184699s

# domain::sync: 0.0034622s
# FindNeighbors: 0.000327464s
# Density: 0.0598633s
# EquationOfState: 0.00013508s
# mpi::synchronizeHalos: 1.908e-06s
# IAD: 0.0597292s
# mpi::synchronizeHalos: 1.636e-06s
# MomentumEnergyIAD: 0.0613366s
# Timestep: 1.998e-06s
# UpdateQuantities: 3.071e-06s
# UpdateSmoothingLength: 2.293e-06s
### Check ### Global Tree Nodes: 512, Particles: 1000000, Halos: 0
### Check ### Computational domain: -0.5 0.5 -0.5 0.5 -0.5 0.5
### Check ### Total Neighbors: 93891816, Avg neighbor count per particle: 93
### Check ### Total time: 0.0108313, current time-step: 0.000217638
### Check ### Total energy: 0.999917, (internal: 0.806028, kinetic: 0.193889, gravitational: 0)
### Check ### Focus Tree Nodes: 32768, maxDepth 5, maxStackNc 0, maxStackGravity 0
=== Total time for iteration(98) 0.184865s

# domain::sync: 0.00345872s
# FindNeighbors: 0.000337206s
# Density: 0.0595545s
# EquationOfState: 0.000134483s
# mpi::synchronizeHalos: 1.721e-06s
# IAD: 0.0595324s
# mpi::synchronizeHalos: 1.663e-06s
# MomentumEnergyIAD: 0.0613324s
# Timestep: 1.73e-06s
# UpdateQuantities: 2.805e-06s
# UpdateSmoothingLength: 2.364e-06s
### Check ### Global Tree Nodes: 512, Particles: 1000000, Halos: 0
### Check ### Computational domain: -0.5 0.5 -0.5 0.5 -0.5 0.5
### Check ### Total Neighbors: 93976489, Avg neighbor count per particle: 93
### Check ### Total time: 0.0110476, current time-step: 0.000216309
### Check ### Total energy: 0.999916, (internal: 0.802571, kinetic: 0.197345, gravitational: 0)
### Check ### Focus Tree Nodes: 32712, maxDepth 5, maxStackNc 0, maxStackGravity 0
=== Total time for iteration(99) 0.184361s

# domain::sync: 0.00345449s
# FindNeighbors: 0.000333795s
# Density: 0.0606105s
# EquationOfState: 0.00013432s
# mpi::synchronizeHalos: 1.822e-06s
# IAD: 0.0605372s
# mpi::synchronizeHalos: 1.545e-06s
# MomentumEnergyIAD: 0.0633694s
# Timestep: 1.641e-06s
# UpdateQuantities: 2.744e-06s
# UpdateSmoothingLength: 2.312e-06s
### Check ### Global Tree Nodes: 512, Particles: 1000000, Halos: 0
### Check ### Computational domain: -0.5 0.5 -0.5 0.5 -0.5 0.5
### Check ### Total Neighbors: 120317256, Avg neighbor count per particle: 120
### Check ### Total time: 0.0112622, current time-step: 0.000214595
### Check ### Total energy: 0.999914, (internal: 0.799219, kinetic: 0.200695, gravitational: 0)
### Check ### Focus Tree Nodes: 32712, maxDepth 5, maxStackNc 0, maxStackGravity 0
=== Total time for iteration(100) 0.188451s

# Total execution time of 100 iterations of sedov up to t = 0.011262: 18.7178s
real 19.74
user 34.91
sys 0.87
