185.17

Params:Program: ../sph-exa-build/main/src/sphexa/sphexa
Particles: 200
Timestep: 100
Numthreads: 40
Nodes: 3
--------------------------------------------------------------------------
WARNING: There is at least non-excluded one OpenFabrics device found,
but there are no active ports detected (or Open MPI was unable to use
them).  This is most certainly not what you wanted.  Check your
cables, subnet manager configuration, etc.  The openib BTL will be
ignored for this job.

  Local host: emu-27
--------------------------------------------------------------------------
# SPHEXA: HEAD/22053277
# 3 MPI-3.1 process(es) with 40 OpenMP-201511 thread(s)/process
Data generated for 8000000 global particles
Domain synchronized, nLocalParticles 3000459
# domain::sync: 0.438912s
# FindNeighbors: 0.706872s
# Density: 0.105914s
# EquationOfState: 0.00466393s
# mpi::synchronizeHalos: 0.109986s
# IAD: 0.189986s
# mpi::synchronizeHalos: 0.132528s
# MomentumEnergyIAD: 0.486276s
# Timestep: 0.000247445s
# UpdateQuantities: 0.0125482s
# UpdateSmoothingLength: 0.00278823s
### Check ### Global Tree Nodes: 512, Particles: 2671875, Halos: 328584
### Check ### Computational domain: -0.5 0.5 -0.5 0.5 -0.5 0.5
### Check ### Total Neighbors: 744000000, Avg neighbor count per particle: 93
### Check ### Total time: 1.1e-06, current time-step: 1.1e-06
### Check ### Total energy: 1, (internal: 1, kinetic: 1.07895e-08, gravitational: 0)
### Check ### Focus Tree Nodes: 114360, maxDepth 6
=== Total time for iteration(1) 2.19073s

# domain::sync: 0.402507s
# FindNeighbors: 0.358841s
[emu-25:92723] 2 more processes have sent help message help-mpi-btl-openib.txt / no active ports found
[emu-25:92723] Set MCA parameter "orte_base_help_aggregate" to 0 to see all help / error messages
# Density: 0.111235s
# EquationOfState: 0.00172466s
# mpi::synchronizeHalos: 0.0748679s
# IAD: 0.15958s
# mpi::synchronizeHalos: 0.137438s
# MomentumEnergyIAD: 0.4527s
# Timestep: 0.000321887s
# UpdateQuantities: 0.00745121s
# UpdateSmoothingLength: 0.00182883s
### Check ### Global Tree Nodes: 512, Particles: 2671875, Halos: 328584
### Check ### Computational domain: -0.5 0.5 -0.5 0.5 -0.5 0.5
### Check ### Total Neighbors: 744000000, Avg neighbor count per particle: 93
### Check ### Total time: 2.31e-06, current time-step: 1.21e-06
### Check ### Total energy: 1, (internal: 1, kinetic: 3.32782e-08, gravitational: 0)
### Check ### Focus Tree Nodes: 114360, maxDepth 6
=== Total time for iteration(2) 1.7085s

# domain::sync: 0.40668s
# FindNeighbors: 0.363849s
# Density: 0.103186s
# EquationOfState: 0.00171904s
# mpi::synchronizeHalos: 0.0807795s
# IAD: 0.16041s
# mpi::synchronizeHalos: 0.153218s
# MomentumEnergyIAD: 0.449318s
# Timestep: 0.000367165s
# UpdateQuantities: 0.00723618s
# UpdateSmoothingLength: 0.00181708s
### Check ### Global Tree Nodes: 512, Particles: 2671875, Halos: 328584
### Check ### Computational domain: -0.5 0.5 -0.5 0.5 -0.5 0.5
### Check ### Total Neighbors: 744000000, Avg neighbor count per particle: 93
### Check ### Total time: 3.641e-06, current time-step: 1.331e-06
### Check ### Total energy: 1, (internal: 1, kinetic: 7.22677e-08, gravitational: 0)
### Check ### Focus Tree Nodes: 114360, maxDepth 6
=== Total time for iteration(3) 1.72859s

# domain::sync: 0.36451s
# FindNeighbors: 0.369294s
# Density: 0.100915s
# EquationOfState: 0.00176797s
# mpi::synchronizeHalos: 0.146795s
# IAD: 0.157276s
# mpi::synchronizeHalos: 0.115429s
# MomentumEnergyIAD: 0.437528s
# Timestep: 0.00932908s
# UpdateQuantities: 0.0070969s
# UpdateSmoothingLength: 0.00183275s
### Check ### Global Tree Nodes: 512, Particles: 2671875, Halos: 328584
### Check ### Computational domain: -0.5 0.5 -0.5 0.5 -0.5 0.5
### Check ### Total Neighbors: 744000000, Avg neighbor count per particle: 93
### Check ### Total time: 5.1051e-06, current time-step: 1.4641e-06
### Check ### Total energy: 1, (internal: 1, kinetic: 1.324e-07, gravitational: 0)
### Check ### Focus Tree Nodes: 114360, maxDepth 6
=== Total time for iteration(4) 1.71178s

# domain::sync: 0.334093s
# FindNeighbors: 0.3689s
# Density: 0.100421s
# EquationOfState: 0.00173904s
# mpi::synchronizeHalos: 0.151521s
# IAD: 0.153941s
# mpi::synchronizeHalos: 0.0928114s
# MomentumEnergyIAD: 0.44126s
# Timestep: 0.000327316s
# UpdateQuantities: 0.00833195s
# UpdateSmoothingLength: 0.00185307s
### Check ### Global Tree Nodes: 512, Particles: 2671875, Halos: 328584
### Check ### Computational domain: -0.5 0.5 -0.5 0.5 -0.5 0.5
### Check ### Total Neighbors: 744000000, Avg neighbor count per particle: 93
### Check ### Total time: 6.71561e-06, current time-step: 1.61051e-06
### Check ### Total energy: 1, (internal: 1, kinetic: 2.19408e-07, gravitational: 0)
### Check ### Focus Tree Nodes: 114360, maxDepth 6
=== Total time for iteration(5) 1.65521s

# domain::sync: 0.42295s
# FindNeighbors: 0.370317s
# Density: 0.100196s
# EquationOfState: 0.00173846s
# mpi::synchronizeHalos: 0.143129s
# IAD: 0.152077s
# mpi::synchronizeHalos: 0.11555s
# MomentumEnergyIAD: 0.428912s
# Timestep: 0.011032s
# UpdateQuantities: 0.00498848s
# UpdateSmoothingLength: 0.00181271s
### Check ### Global Tree Nodes: 512, Particles: 2671875, Halos: 328584
### Check ### Computational domain: -0.5 0.5 -0.5 0.5 -0.5 0.5
### Check ### Total Neighbors: 744000000, Avg neighbor count per particle: 93
### Check ### Total time: 8.48717e-06, current time-step: 1.77156e-06
### Check ### Total energy: 1, (internal: 1, kinetic: 3.4036e-07, gravitational: 0)
### Check ### Focus Tree Nodes: 114360, maxDepth 6
=== Total time for iteration(6) 1.75271s

# domain::sync: 0.364001s
# FindNeighbors: 0.389301s
# Density: 0.130883s
# EquationOfState: 0.00174964s
# mpi::synchronizeHalos: 0.10974s
# IAD: 0.204543s
# mpi::synchronizeHalos: 0.143973s
# MomentumEnergyIAD: 0.908417s
# Timestep: 0.0318758s
# UpdateQuantities: 0.00562487s
# UpdateSmoothingLength: 0.00218341s
### Check ### Global Tree Nodes: 512, Particles: 2671875, Halos: 328584
### Check ### Computational domain: -0.5 0.5 -0.5 0.5 -0.5 0.5
### Check ### Total Neighbors: 984000000, Avg neighbor count per particle: 123
### Check ### Total time: 1.04359e-05, current time-step: 1.94872e-06
### Check ### Total energy: 1, (internal: 1, kinetic: 5.03947e-07, gravitational: 0)
### Check ### Focus Tree Nodes: 114360, maxDepth 6
=== Total time for iteration(7) 2.2923s

# domain::sync: 0.385533s
# FindNeighbors: 0.362844s
# Density: 0.104162s
# EquationOfState: 0.00175323s
# mpi::synchronizeHalos: 0.132232s
# IAD: 0.160216s
# mpi::synchronizeHalos: 0.124225s
# MomentumEnergyIAD: 0.429045s
# Timestep: 0.0244239s
# UpdateQuantities: 0.00577349s
# UpdateSmoothingLength: 0.00180206s
### Check ### Global Tree Nodes: 512, Particles: 2671875, Halos: 328584
### Check ### Computational domain: -0.5 0.5 -0.5 0.5 -0.5 0.5
### Check ### Total Neighbors: 744000000, Avg neighbor count per particle: 93
### Check ### Total time: 1.25795e-05, current time-step: 2.14359e-06
### Check ### Total energy: 1, (internal: 0.999999, kinetic: 7.2088e-07, gravitational: 0)
### Check ### Focus Tree Nodes: 114360, maxDepth 6
=== Total time for iteration(8) 1.73202s

# domain::sync: 0.406835s
# FindNeighbors: 0.364953s
# Density: 0.101129s
# EquationOfState: 0.00170605s
# mpi::synchronizeHalos: 0.126866s
# IAD: 0.15729s
# mpi::synchronizeHalos: 0.0946795s
# MomentumEnergyIAD: 0.431231s
# Timestep: 0.000360749s
# UpdateQuantities: 0.00571435s
# UpdateSmoothingLength: 0.0018025s
### Check ### Global Tree Nodes: 512, Particles: 2671875, Halos: 328584
### Check ### Computational domain: -0.5 0.5 -0.5 0.5 -0.5 0.5
### Check ### Total Neighbors: 744000000, Avg neighbor count per particle: 93
### Check ### Total time: 1.49374e-05, current time-step: 2.35795e-06
### Check ### Total energy: 1, (internal: 0.999999, kinetic: 1.00421e-06, gravitational: 0)
### Check ### Focus Tree Nodes: 114360, maxDepth 6
=== Total time for iteration(9) 1.69257s

# domain::sync: 0.406915s
# FindNeighbors: 0.36733s
# Density: 0.100358s
# EquationOfState: 0.00170948s
# mpi::synchronizeHalos: 0.114804s
# IAD: 0.153072s
# mpi::synchronizeHalos: 0.135151s
# MomentumEnergyIAD: 0.431727s
# Timestep: 0.000319428s
# UpdateQuantities: 0.00566461s
# UpdateSmoothingLength: 0.00177952s
### Check ### Global Tree Nodes: 512, Particles: 2671875, Halos: 328584
### Check ### Computational domain: -0.5 0.5 -0.5 0.5 -0.5 0.5
### Check ### Total Neighbors: 744000000, Avg neighbor count per particle: 93
### Check ### Total time: 1.75312e-05, current time-step: 2.59374e-06
### Check ### Total energy: 1, (internal: 0.999999, kinetic: 1.36998e-06, gravitational: 0)
### Check ### Focus Tree Nodes: 114360, maxDepth 6
=== Total time for iteration(10) 1.71884s

# domain::sync: 0.364529s
# FindNeighbors: 0.388035s
# Density: 0.131002s
# EquationOfState: 0.00171887s
# mpi::synchronizeHalos: 0.147271s
# IAD: 0.201246s
# mpi::synchronizeHalos: 0.120477s
# MomentumEnergyIAD: 0.766471s
# Timestep: 0.00867937s
# UpdateQuantities: 0.00496953s
# UpdateSmoothingLength: 0.00180821s
### Check ### Global Tree Nodes: 512, Particles: 2671875, Halos: 328584
### Check ### Computational domain: -0.5 0.5 -0.5 0.5 -0.5 0.5
### Check ### Total Neighbors: 984000000, Avg neighbor count per particle: 123
### Check ### Total time: 2.03843e-05, current time-step: 2.85312e-06
### Check ### Total energy: 1, (internal: 0.999998, kinetic: 1.83779e-06, gravitational: 0)
### Check ### Focus Tree Nodes: 114360, maxDepth 6
=== Total time for iteration(11) 2.13621s

# domain::sync: 0.329608s
# FindNeighbors: 0.369376s
# Density: 0.100369s
# EquationOfState: 0.00171355s
# mpi::synchronizeHalos: 0.148391s
# IAD: 0.156018s
# mpi::synchronizeHalos: 0.0994974s
# MomentumEnergyIAD: 0.434062s
# Timestep: 0.000312388s
# UpdateQuantities: 0.00564454s
# UpdateSmoothingLength: 0.00180998s
### Check ### Global Tree Nodes: 512, Particles: 2671875, Halos: 328584
### Check ### Computational domain: -0.5 0.5 -0.5 0.5 -0.5 0.5
### Check ### Total Neighbors: 744000000, Avg neighbor count per particle: 93
### Check ### Total time: 2.35227e-05, current time-step: 3.13843e-06
### Check ### Total energy: 1, (internal: 0.999998, kinetic: 2.43168e-06, gravitational: 0)
### Check ### Focus Tree Nodes: 114360, maxDepth 6
=== Total time for iteration(12) 1.64681s

# domain::sync: 0.325199s
# FindNeighbors: 0.370748s
# Density: 0.10421s
# EquationOfState: 0.00180276s
# mpi::synchronizeHalos: 0.104907s
# IAD: 0.161232s
# mpi::synchronizeHalos: 0.158098s
# MomentumEnergyIAD: 0.432926s
# Timestep: 0.000344753s
# UpdateQuantities: 0.00558033s
# UpdateSmoothingLength: 0.00180405s
### Check ### Global Tree Nodes: 512, Particles: 2671875, Halos: 328584
### Check ### Computational domain: -0.5 0.5 -0.5 0.5 -0.5 0.5
### Check ### Total Neighbors: 744000000, Avg neighbor count per particle: 93
### Check ### Total time: 2.6975e-05, current time-step: 3.45227e-06
### Check ### Total energy: 1, (internal: 0.999997, kinetic: 3.18076e-06, gravitational: 0)
### Check ### Focus Tree Nodes: 114360, maxDepth 6
=== Total time for iteration(13) 1.66686s

# domain::sync: 0.418169s
# FindNeighbors: 0.372818s
# Density: 0.101833s
# EquationOfState: 0.001732s
# mpi::synchronizeHalos: 0.121278s
# IAD: 0.157566s
# mpi::synchronizeHalos: 0.115022s
# MomentumEnergyIAD: 0.446144s
# Timestep: 0.0083309s
# UpdateQuantities: 0.00974272s
# UpdateSmoothingLength: 0.00182045s
### Check ### Global Tree Nodes: 512, Particles: 2671875, Halos: 328584
### Check ### Computational domain: -0.5 0.5 -0.5 0.5 -0.5 0.5
### Check ### Total Neighbors: 744000000, Avg neighbor count per particle: 93
### Check ### Total time: 3.07725e-05, current time-step: 3.7975e-06
### Check ### Total energy: 1, (internal: 0.999996, kinetic: 4.12072e-06, gravitational: 0)
### Check ### Focus Tree Nodes: 114360, maxDepth 6
=== Total time for iteration(14) 1.75446s

# domain::sync: 0.450385s
# FindNeighbors: 0.396609s
# Density: 0.135042s
# EquationOfState: 0.00173077s
# mpi::synchronizeHalos: 0.100232s
# IAD: 0.202911s
# mpi::synchronizeHalos: 0.0970798s
# MomentumEnergyIAD: 0.648795s
# Timestep: 0.000330848s
# UpdateQuantities: 0.0060746s
# UpdateSmoothingLength: 0.00180225s
### Check ### Global Tree Nodes: 512, Particles: 2671875, Halos: 328584
### Check ### Computational domain: -0.5 0.5 -0.5 0.5 -0.5 0.5
### Check ### Total Neighbors: 984000000, Avg neighbor count per particle: 123
### Check ### Total time: 3.49497e-05, current time-step: 4.17725e-06
### Check ### Total energy: 1, (internal: 0.999995, kinetic: 5.29497e-06, gravitational: 0)
### Check ### Focus Tree Nodes: 114360, maxDepth 6
=== Total time for iteration(15) 2.041s

# domain::sync: 0.363586s
# FindNeighbors: 0.368925s
# Density: 0.100308s
# EquationOfState: 0.00172907s
# mpi::synchronizeHalos: 0.143124s
# IAD: 0.151789s
# mpi::synchronizeHalos: 0.117926s
# MomentumEnergyIAD: 0.432627s
# Timestep: 0.0171848s
# UpdateQuantities: 0.00590694s
# UpdateSmoothingLength: 0.00181337s
### Check ### Global Tree Nodes: 512, Particles: 2671875, Halos: 328584
### Check ### Computational domain: -0.5 0.5 -0.5 0.5 -0.5 0.5
### Check ### Total Neighbors: 744000000, Avg neighbor count per particle: 93
### Check ### Total time: 3.95447e-05, current time-step: 4.59497e-06
### Check ### Total energy: 1, (internal: 0.999993, kinetic: 6.75662e-06, gravitational: 0)
### Check ### Focus Tree Nodes: 114360, maxDepth 6
=== Total time for iteration(16) 1.70493s

# domain::sync: 0.3643s
# FindNeighbors: 0.370416s
# Density: 0.100557s
# EquationOfState: 0.00203816s
# mpi::synchronizeHalos: 0.149622s
# IAD: 0.158654s
# mpi::synchronizeHalos: 0.118958s
# MomentumEnergyIAD: 0.440226s
# Timestep: 0.0203253s
# UpdateQuantities: 0.0110003s
# UpdateSmoothingLength: 0.00316317s
### Check ### Global Tree Nodes: 512, Particles: 2671875, Halos: 328584
### Check ### Computational domain: -0.5 0.5 -0.5 0.5 -0.5 0.5
### Check ### Total Neighbors: 744000000, Avg neighbor count per particle: 93
### Check ### Total time: 4.45992e-05, current time-step: 5.05447e-06
### Check ### Total energy: 1, (internal: 0.999991, kinetic: 8.56978e-06, gravitational: 0)
### Check ### Focus Tree Nodes: 114360, maxDepth 6
=== Total time for iteration(17) 1.73927s

# domain::sync: 0.349061s
# FindNeighbors: 0.374587s
# Density: 0.1064s
# EquationOfState: 0.00173194s
# mpi::synchronizeHalos: 0.106932s
# IAD: 0.162026s
# mpi::synchronizeHalos: 0.120657s
# MomentumEnergyIAD: 0.436481s
# Timestep: 0.000352018s
# UpdateQuantities: 0.00650355s
# UpdateSmoothingLength: 0.00181593s
### Check ### Global Tree Nodes: 512, Particles: 2671875, Halos: 328584
### Check ### Computational domain: -0.5 0.5 -0.5 0.5 -0.5 0.5
### Check ### Total Neighbors: 744000000, Avg neighbor count per particle: 93
### Check ### Total time: 5.01591e-05, current time-step: 5.55992e-06
### Check ### Total energy: 1, (internal: 0.999989, kinetic: 1.08128e-05, gravitational: 0)
### Check ### Focus Tree Nodes: 114360, maxDepth 6
=== Total time for iteration(18) 1.66656s

# domain::sync: 0.368119s
# FindNeighbors: 0.397052s
# Density: 0.13251s
# EquationOfState: 0.0017185s
# mpi::synchronizeHalos: 0.137463s
# IAD: 0.207246s
# mpi::synchronizeHalos: 0.12701s
# MomentumEnergyIAD: 0.618856s
# Timestep: 0.019566s
# UpdateQuantities: 0.0064784s
# UpdateSmoothingLength: 0.00181504s
### Check ### Global Tree Nodes: 512, Particles: 2671875, Halos: 328584
### Check ### Computational domain: -0.5 0.5 -0.5 0.5 -0.5 0.5
### Check ### Total Neighbors: 984000000, Avg neighbor count per particle: 123
### Check ### Total time: 5.6275e-05, current time-step: 6.11591e-06
### Check ### Total energy: 1, (internal: 0.999986, kinetic: 1.35807e-05, gravitational: 0)
### Check ### Focus Tree Nodes: 114360, maxDepth 6
=== Total time for iteration(19) 2.01784s

# domain::sync: 0.371993s
# FindNeighbors: 0.366376s
# Density: 0.100581s
# EquationOfState: 0.0017445s
# mpi::synchronizeHalos: 0.140929s
# IAD: 0.15401s
# mpi::synchronizeHalos: 0.123947s
# MomentumEnergyIAD: 0.432736s
# Timestep: 0.0241053s
# UpdateQuantities: 0.00656593s
# UpdateSmoothingLength: 0.0018308s
### Check ### Global Tree Nodes: 512, Particles: 2671875, Halos: 328584
### Check ### Computational domain: -0.5 0.5 -0.5 0.5 -0.5 0.5
### Check ### Total Neighbors: 744000000, Avg neighbor count per particle: 93
### Check ### Total time: 6.30025e-05, current time-step: 6.7275e-06
### Check ### Total energy: 1, (internal: 0.999983, kinetic: 1.69898e-05, gravitational: 0)
### Check ### Focus Tree Nodes: 114360, maxDepth 6
=== Total time for iteration(20) 1.72483s

# domain::sync: 0.411441s
# FindNeighbors: 0.368014s
# Density: 0.100049s
# EquationOfState: 0.00170542s
# mpi::synchronizeHalos: 0.117957s
# IAD: 0.152392s
# mpi::synchronizeHalos: 0.129711s
# MomentumEnergyIAD: 0.43275s
# Timestep: 0.00031817s
# UpdateQuantities: 0.00638197s
# UpdateSmoothingLength: 0.00182382s
### Check ### Global Tree Nodes: 512, Particles: 2671875, Halos: 328584
### Check ### Computational domain: -0.5 0.5 -0.5 0.5 -0.5 0.5
### Check ### Total Neighbors: 744000000, Avg neighbor count per particle: 93
### Check ### Total time: 7.04027e-05, current time-step: 7.40025e-06
### Check ### Total energy: 1, (internal: 0.999979, kinetic: 2.11797e-05, gravitational: 0)
### Check ### Focus Tree Nodes: 114360, maxDepth 6
=== Total time for iteration(21) 1.72255s

# domain::sync: 0.383426s
# FindNeighbors: 0.36917s
# Density: 0.100155s
# EquationOfState: 0.00171073s
# mpi::synchronizeHalos: 0.113934s
# IAD: 0.156224s
# mpi::synchronizeHalos: 0.131599s
# MomentumEnergyIAD: 0.430626s
# Timestep: 0.0343067s
# UpdateQuantities: 0.00656818s
# UpdateSmoothingLength: 0.0018136s
### Check ### Global Tree Nodes: 512, Particles: 2671875, Halos: 328584
### Check ### Computational domain: -0.5 0.5 -0.5 0.5 -0.5 0.5
### Check ### Total Neighbors: 744000000, Avg neighbor count per particle: 93
### Check ### Total time: 7.8543e-05, current time-step: 8.14027e-06
### Check ### Total energy: 1, (internal: 0.999974, kinetic: 2.63212e-05, gravitational: 0)
### Check ### Focus Tree Nodes: 114360, maxDepth 6
=== Total time for iteration(22) 1.72954s

# domain::sync: 0.342442s
# FindNeighbors: 0.391813s
# Density: 0.1367s
# EquationOfState: 0.00173765s
# mpi::synchronizeHalos: 0.108192s
# IAD: 0.210303s
# mpi::synchronizeHalos: 0.148922s
# MomentumEnergyIAD: 0.620241s
# Timestep: 0.0053828s
# UpdateQuantities: 0.00688702s
# UpdateSmoothingLength: 0.00182055s
### Check ### Global Tree Nodes: 512, Particles: 2671875, Halos: 328584
### Check ### Computational domain: -0.5 0.5 -0.5 0.5 -0.5 0.5
### Check ### Total Neighbors: 984000000, Avg neighbor count per particle: 123
### Check ### Total time: 8.74973e-05, current time-step: 8.9543e-06
### Check ### Total energy: 1, (internal: 0.999967, kinetic: 3.2621e-05, gravitational: 0)
### Check ### Focus Tree Nodes: 114360, maxDepth 6
=== Total time for iteration(23) 1.97445s

# domain::sync: 0.409094s
# FindNeighbors: 0.365272s
# Density: 0.106705s
# EquationOfState: 0.0018531s
# mpi::synchronizeHalos: 0.141593s
# IAD: 0.157771s
# mpi::synchronizeHalos: 0.0979857s
# MomentumEnergyIAD: 0.439571s
# Timestep: 0.000315799s
# UpdateQuantities: 0.00712308s
# UpdateSmoothingLength: 0.00180742s
### Check ### Global Tree Nodes: 512, Particles: 2671875, Halos: 328584
### Check ### Computational domain: -0.5 0.5 -0.5 0.5 -0.5 0.5
### Check ### Total Neighbors: 744000000, Avg neighbor count per particle: 93
### Check ### Total time: 9.73471e-05, current time-step: 9.84973e-06
### Check ### Total energy: 1, (internal: 0.99996, kinetic: 4.03313e-05, gravitational: 0)
### Check ### Focus Tree Nodes: 114360, maxDepth 6
=== Total time for iteration(24) 1.7291s

# domain::sync: 0.410994s
# FindNeighbors: 0.3656s
# Density: 0.100428s
# EquationOfState: 0.00170548s
# mpi::synchronizeHalos: 0.105591s
# IAD: 0.153095s
# mpi::synchronizeHalos: 0.168637s
# MomentumEnergyIAD: 0.435214s
# Timestep: 0.0210293s
# UpdateQuantities: 0.00694666s
# UpdateSmoothingLength: 0.00182805s
### Check ### Global Tree Nodes: 512, Particles: 2671875, Halos: 328584
### Check ### Computational domain: -0.5 0.5 -0.5 0.5 -0.5 0.5
### Check ### Total Neighbors: 744000000, Avg neighbor count per particle: 93
### Check ### Total time: 0.000108182, current time-step: 1.08347e-05
### Check ### Total energy: 1, (internal: 0.99995, kinetic: 4.97551e-05, gravitational: 0)
### Check ### Focus Tree Nodes: 114360, maxDepth 6
=== Total time for iteration(25) 1.77108s

# domain::sync: 0.329195s
# FindNeighbors: 0.385176s
# Density: 0.131305s
# EquationOfState: 0.00333392s
# mpi::synchronizeHalos: 0.141948s
# IAD: 0.202029s
# mpi::synchronizeHalos: 0.16295s
# MomentumEnergyIAD: 1.10855s
# Timestep: 0.000269006s
# UpdateQuantities: 0.0106495s
# UpdateSmoothingLength: 0.00297308s
### Check ### Global Tree Nodes: 512, Particles: 2671875, Halos: 328584
### Check ### Computational domain: -0.5 0.5 -0.5 0.5 -0.5 0.5
### Check ### Total Neighbors: 984000000, Avg neighbor count per particle: 123
### Check ### Total time: 0.0001201, current time-step: 1.19182e-05
### Check ### Total energy: 1, (internal: 0.999939, kinetic: 6.12619e-05, gravitational: 0)
### Check ### Focus Tree Nodes: 114360, maxDepth 6
=== Total time for iteration(26) 2.47839s

# domain::sync: 0.369785s
# FindNeighbors: 0.355738s
# Density: 0.101019s
# EquationOfState: 0.00170548s
# mpi::synchronizeHalos: 0.1321s
# IAD: 0.156471s
# mpi::synchronizeHalos: 0.132459s
# MomentumEnergyIAD: 0.444417s
# Timestep: 0.0184995s
# UpdateQuantities: 0.00610397s
# UpdateSmoothingLength: 0.00181562s
### Check ### Global Tree Nodes: 512, Particles: 2671875, Halos: 328584
### Check ### Computational domain: -0.5 0.5 -0.5 0.5 -0.5 0.5
### Check ### Total Neighbors: 744000000, Avg neighbor count per particle: 93
### Check ### Total time: 0.00013321, current time-step: 1.311e-05
### Check ### Total energy: 1, (internal: 0.999925, kinetic: 7.53011e-05, gravitational: 0)
### Check ### Focus Tree Nodes: 114360, maxDepth 6
=== Total time for iteration(27) 1.72012s

# domain::sync: 0.41968s
# FindNeighbors: 0.363747s
# Density: 0.10416s
# EquationOfState: 0.0017174s
# mpi::synchronizeHalos: 0.121212s
# IAD: 0.156373s
# mpi::synchronizeHalos: 0.128512s
# MomentumEnergyIAD: 0.439302s
# Timestep: 0.0211672s
# UpdateQuantities: 0.00645114s
# UpdateSmoothingLength: 0.001815s
### Check ### Global Tree Nodes: 512, Particles: 2671875, Halos: 328584
### Check ### Computational domain: -0.5 0.5 -0.5 0.5 -0.5 0.5
### Check ### Total Neighbors: 744000000, Avg neighbor count per particle: 93
### Check ### Total time: 0.000147631, current time-step: 1.4421e-05
### Check ### Total energy: 1, (internal: 0.999908, kinetic: 9.24125e-05, gravitational: 0)
### Check ### Focus Tree Nodes: 114360, maxDepth 6
=== Total time for iteration(28) 1.76415s

# domain::sync: 0.333783s
# FindNeighbors: 0.367248s
# Density: 0.10161s
# EquationOfState: 0.00202041s
# mpi::synchronizeHalos: 0.154384s
# IAD: 0.153638s
# mpi::synchronizeHalos: 0.106658s
# MomentumEnergyIAD: 0.432084s
# Timestep: 0.027713s
# UpdateQuantities: 0.00665968s
# UpdateSmoothingLength: 0.00181717s
### Check ### Global Tree Nodes: 512, Particles: 2671875, Halos: 328584
### Check ### Computational domain: -0.5 0.5 -0.5 0.5 -0.5 0.5
### Check ### Total Neighbors: 744000000, Avg neighbor count per particle: 93
### Check ### Total time: 0.000163494, current time-step: 1.58631e-05
### Check ### Total energy: 1, (internal: 0.999887, kinetic: 0.000113253, gravitational: 0)
### Check ### Focus Tree Nodes: 114360, maxDepth 6
=== Total time for iteration(29) 1.68763s

# domain::sync: 0.422766s
# FindNeighbors: 0.387415s
# Density: 0.13139s
# EquationOfState: 0.00169968s
# mpi::synchronizeHalos: 0.12598s
# IAD: 0.203189s
# mpi::synchronizeHalos: 0.125674s
# MomentumEnergyIAD: 0.88461s
# Timestep: 0.0446335s
# UpdateQuantities: 0.00611631s
# UpdateSmoothingLength: 0.00180862s
### Check ### Global Tree Nodes: 512, Particles: 2671875, Halos: 328584
### Check ### Computational domain: -0.5 0.5 -0.5 0.5 -0.5 0.5
### Check ### Total Neighbors: 984000000, Avg neighbor count per particle: 123
### Check ### Total time: 0.000180943, current time-step: 1.74494e-05
### Check ### Total energy: 1, (internal: 0.999861, kinetic: 0.000138619, gravitational: 0)
### Check ### Focus Tree Nodes: 114360, maxDepth 6
=== Total time for iteration(30) 2.33529s

# domain::sync: 0.40634s
# FindNeighbors: 0.360546s
# Density: 0.100648s
# EquationOfState: 0.0017287s
# mpi::synchronizeHalos: 0.140833s
# IAD: 0.155117s
# mpi::synchronizeHalos: 0.122138s
# MomentumEnergyIAD: 0.434366s
# Timestep: 0.0229765s
# UpdateQuantities: 0.00647228s
# UpdateSmoothingLength: 0.00182021s
### Check ### Global Tree Nodes: 512, Particles: 2671875, Halos: 328584
### Check ### Computational domain: -0.5 0.5 -0.5 0.5 -0.5 0.5
### Check ### Total Neighbors: 744000000, Avg neighbor count per particle: 93
### Check ### Total time: 0.000200138, current time-step: 1.91943e-05
### Check ### Total energy: 1, (internal: 0.999831, kinetic: 0.000169478, gravitational: 0)
### Check ### Focus Tree Nodes: 114360, maxDepth 6
=== Total time for iteration(31) 1.75299s

# domain::sync: 0.332622s
# FindNeighbors: 0.360934s
# Density: 0.100506s
# EquationOfState: 0.00170574s
# mpi::synchronizeHalos: 0.134746s
# IAD: 0.154807s
# mpi::synchronizeHalos: 0.126789s
# MomentumEnergyIAD: 0.434286s
# Timestep: 0.00869181s
# UpdateQuantities: 0.00660207s
# UpdateSmoothingLength: 0.00181844s
### Check ### Global Tree Nodes: 512, Particles: 2671875, Halos: 328584
### Check ### Computational domain: -0.5 0.5 -0.5 0.5 -0.5 0.5
### Check ### Total Neighbors: 744000000, Avg neighbor count per particle: 93
### Check ### Total time: 0.000221252, current time-step: 2.11138e-05
### Check ### Total energy: 1, (internal: 0.999793, kinetic: 0.000206989, gravitational: 0)
### Check ### Focus Tree Nodes: 114360, maxDepth 6
=== Total time for iteration(32) 1.66352s

# domain::sync: 0.417289s
# FindNeighbors: 0.364326s
# Density: 0.103384s
# EquationOfState: 0.00172128s
# mpi::synchronizeHalos: 0.119965s
# IAD: 0.158163s
# mpi::synchronizeHalos: 0.127823s
# MomentumEnergyIAD: 0.434681s
# Timestep: 0.0210454s
# UpdateQuantities: 0.00684735s
# UpdateSmoothingLength: 0.00182805s
### Check ### Global Tree Nodes: 512, Particles: 2671875, Halos: 328584
### Check ### Computational domain: -0.5 0.5 -0.5 0.5 -0.5 0.5
### Check ### Total Neighbors: 744000000, Avg neighbor count per particle: 93
### Check ### Total time: 0.000244477, current time-step: 2.32252e-05
### Check ### Total energy: 1, (internal: 0.999747, kinetic: 0.000252566, gravitational: 0)
### Check ### Focus Tree Nodes: 114360, maxDepth 6
=== Total time for iteration(33) 1.75708s

# domain::sync: 0.411158s
# FindNeighbors: 0.383855s
# Density: 0.130891s
# EquationOfState: 0.00171833s
# mpi::synchronizeHalos: 0.104201s
# IAD: 0.203177s
# mpi::synchronizeHalos: 0.157425s
# MomentumEnergyIAD: 0.697185s
# Timestep: 0.0316135s
# UpdateQuantities: 0.00655568s
# UpdateSmoothingLength: 0.00181407s
### Check ### Global Tree Nodes: 512, Particles: 2671875, Halos: 328584
### Check ### Computational domain: -0.5 0.5 -0.5 0.5 -0.5 0.5
### Check ### Total Neighbors: 984000000, Avg neighbor count per particle: 123
### Check ### Total time: 0.000270024, current time-step: 2.55477e-05
### Check ### Total energy: 1, (internal: 0.999692, kinetic: 0.000307914, gravitational: 0)
### Check ### Focus Tree Nodes: 114360, maxDepth 6
=== Total time for iteration(34) 2.1296s

# domain::sync: 0.3589s
# FindNeighbors: 0.361008s
# Density: 0.100358s
# EquationOfState: 0.00170925s
# mpi::synchronizeHalos: 0.136633s
# IAD: 0.151898s
# mpi::synchronizeHalos: 0.113715s
# MomentumEnergyIAD: 0.437141s
# Timestep: 0.0329504s
# UpdateQuantities: 0.00601296s
# UpdateSmoothingLength: 0.00181103s
### Check ### Global Tree Nodes: 512, Particles: 2671875, Halos: 328584
### Check ### Computational domain: -0.5 0.5 -0.5 0.5 -0.5 0.5
### Check ### Total Neighbors: 744000000, Avg neighbor count per particle: 93
### Check ### Total time: 0.000298127, current time-step: 2.81024e-05
### Check ### Total energy: 1, (internal: 0.999625, kinetic: 0.000375107, gravitational: 0)
### Check ### Focus Tree Nodes: 114360, maxDepth 6
=== Total time for iteration(35) 1.70214s

# domain::sync: 0.401545s
# FindNeighbors: 0.361443s
# Density: 0.100646s
# EquationOfState: 0.00171988s
# mpi::synchronizeHalos: 0.134237s
# IAD: 0.152231s
# mpi::synchronizeHalos: 0.100368s
# MomentumEnergyIAD: 0.431977s
# Timestep: 0.0339963s
# UpdateQuantities: 0.00577454s
# UpdateSmoothingLength: 0.00180923s
### Check ### Global Tree Nodes: 512, Particles: 2671875, Halos: 328584
### Check ### Computational domain: -0.5 0.5 -0.5 0.5 -0.5 0.5
### Check ### Total Neighbors: 744000000, Avg neighbor count per particle: 93
### Check ### Total time: 0.000329039, current time-step: 3.09127e-05
### Check ### Total energy: 1, (internal: 0.999543, kinetic: 0.000456627, gravitational: 0)
### Check ### Focus Tree Nodes: 114360, maxDepth 6
=== Total time for iteration(36) 1.72576s

# domain::sync: 0.410916s
# FindNeighbors: 0.364541s
# Density: 0.10025s
# EquationOfState: 0.0017024s
# mpi::synchronizeHalos: 0.104454s
# IAD: 0.154607s
# mpi::synchronizeHalos: 0.158079s
# MomentumEnergyIAD: 0.436981s
# Timestep: 0.023255s
# UpdateQuantities: 0.00790691s
# UpdateSmoothingLength: 0.0018361s
### Check ### Global Tree Nodes: 512, Particles: 2671875, Halos: 328584
### Check ### Computational domain: -0.5 0.5 -0.5 0.5 -0.5 0.5
### Check ### Total Neighbors: 744000000, Avg neighbor count per particle: 93
### Check ### Total time: 0.000363043, current time-step: 3.40039e-05
### Check ### Total energy: 1, (internal: 0.999445, kinetic: 0.000555488, gravitational: 0)
### Check ### Focus Tree Nodes: 114360, maxDepth 6
=== Total time for iteration(37) 1.76454s

# domain::sync: 0.358211s
# FindNeighbors: 0.387524s
# Density: 0.132828s
# EquationOfState: 0.0016971s
# mpi::synchronizeHalos: 0.136131s
# IAD: 0.204127s
# mpi::synchronizeHalos: 0.126767s
# MomentumEnergyIAD: 0.613821s
# Timestep: 0.0250719s
# UpdateQuantities: 0.00665998s
# UpdateSmoothingLength: 0.00182251s
### Check ### Global Tree Nodes: 512, Particles: 2671875, Halos: 328584
### Check ### Computational domain: -0.5 0.5 -0.5 0.5 -0.5 0.5
### Check ### Total Neighbors: 984000000, Avg neighbor count per particle: 123
### Check ### Total time: 0.000400448, current time-step: 3.74043e-05
### Check ### Total energy: 1, (internal: 0.999325, kinetic: 0.000675329, gravitational: 0)
### Check ### Focus Tree Nodes: 114360, maxDepth 6
=== Total time for iteration(38) 1.99467s

# domain::sync: 0.331075s
# FindNeighbors: 0.359872s
# Density: 0.103726s
# EquationOfState: 0.00191034s
# mpi::synchronizeHalos: 0.100239s
# IAD: 0.156361s
# mpi::synchronizeHalos: 0.109025s
# MomentumEnergyIAD: 0.436003s
# Timestep: 0.0321718s
# UpdateQuantities: 0.00651074s
# UpdateSmoothingLength: 0.00181806s
### Check ### Global Tree Nodes: 512, Particles: 2671875, Halos: 328584
### Check ### Computational domain: -0.5 0.5 -0.5 0.5 -0.5 0.5
### Check ### Total Neighbors: 744000000, Avg neighbor count per particle: 93
### Check ### Total time: 0.000441593, current time-step: 4.11448e-05
### Check ### Total energy: 1, (internal: 0.999179, kinetic: 0.00082056, gravitational: 0)
### Check ### Focus Tree Nodes: 114360, maxDepth 6
=== Total time for iteration(39) 1.63872s

# domain::sync: 0.401616s
# FindNeighbors: 0.362204s
# Density: 0.10043s
# EquationOfState: 0.0017076s
# mpi::synchronizeHalos: 0.13033s
# IAD: 0.151688s
# mpi::synchronizeHalos: 0.0902707s
# MomentumEnergyIAD: 0.431315s
# Timestep: 0.0374312s
# UpdateQuantities: 0.00590247s
# UpdateSmoothingLength: 0.00181578s
### Check ### Global Tree Nodes: 512, Particles: 2671875, Halos: 328584
### Check ### Computational domain: -0.5 0.5 -0.5 0.5 -0.5 0.5
### Check ### Total Neighbors: 744000000, Avg neighbor count per particle: 93
### Check ### Total time: 0.000486852, current time-step: 4.52593e-05
### Check ### Total energy: 1, (internal: 0.999004, kinetic: 0.000996444, gravitational: 0)
### Check ### Focus Tree Nodes: 114360, maxDepth 6
=== Total time for iteration(40) 1.71472s

# domain::sync: 0.404142s
# FindNeighbors: 0.363552s
# Density: 0.100801s
# EquationOfState: 0.00171257s
# mpi::synchronizeHalos: 0.133824s
# IAD: 0.15334s
# mpi::synchronizeHalos: 0.103084s
# MomentumEnergyIAD: 0.433407s
# Timestep: 0.0315422s
# UpdateQuantities: 0.00613728s
# UpdateSmoothingLength: 0.00182236s
### Check ### Global Tree Nodes: 512, Particles: 2671875, Halos: 328584
### Check ### Computational domain: -0.5 0.5 -0.5 0.5 -0.5 0.5
### Check ### Total Neighbors: 744000000, Avg neighbor count per particle: 93
### Check ### Total time: 0.000536637, current time-step: 4.97852e-05
### Check ### Total energy: 1, (internal: 0.998791, kinetic: 0.00120936, gravitational: 0)
### Check ### Focus Tree Nodes: 114360, maxDepth 6
=== Total time for iteration(41) 1.73338s

# domain::sync: 0.365593s
# FindNeighbors: 0.385251s
# Density: 0.131546s
# EquationOfState: 0.0017005s
# mpi::synchronizeHalos: 0.136055s
# IAD: 0.202165s
# mpi::synchronizeHalos: 0.129792s
# MomentumEnergyIAD: 0.609853s
# Timestep: 0.0258523s
# UpdateQuantities: 0.00655561s
# UpdateSmoothingLength: 0.001825s
### Check ### Global Tree Nodes: 512, Particles: 2671875, Halos: 328584
### Check ### Computational domain: -0.5 0.5 -0.5 0.5 -0.5 0.5
### Check ### Total Neighbors: 984000000, Avg neighbor count per particle: 123
### Check ### Total time: 0.000591401, current time-step: 5.47637e-05
### Check ### Total energy: 1, (internal: 0.998533, kinetic: 0.00146697, gravitational: 0)
### Check ### Focus Tree Nodes: 114360, maxDepth 6
=== Total time for iteration(42) 1.9962s

# domain::sync: 0.399049s
# FindNeighbors: 0.361902s
# Density: 0.101947s
# EquationOfState: 0.00171133s
# mpi::synchronizeHalos: 0.13564s
# IAD: 0.156606s
# mpi::synchronizeHalos: 0.126492s
# MomentumEnergyIAD: 0.429516s
# Timestep: 0.0126843s
# UpdateQuantities: 0.0065965s
# UpdateSmoothingLength: 0.00181213s
### Check ### Global Tree Nodes: 512, Particles: 2671875, Halos: 328584
### Check ### Computational domain: -0.5 0.5 -0.5 0.5 -0.5 0.5
### Check ### Total Neighbors: 744000000, Avg neighbor count per particle: 93
### Check ### Total time: 0.000651641, current time-step: 6.02401e-05
### Check ### Total energy: 1, (internal: 0.998221, kinetic: 0.00177853, gravitational: 0)
### Check ### Focus Tree Nodes: 114360, maxDepth 6
=== Total time for iteration(43) 1.73397s

# domain::sync: 0.410634s
# FindNeighbors: 0.36301s
# Density: 0.101599s
# EquationOfState: 0.0017018s
# mpi::synchronizeHalos: 0.167561s
# IAD: 0.153513s
# mpi::synchronizeHalos: 0.0768993s
# MomentumEnergyIAD: 0.433485s
# Timestep: 0.000342655s
# UpdateQuantities: 0.00633064s
# UpdateSmoothingLength: 0.00181551s
### Check ### Global Tree Nodes: 512, Particles: 2671875, Halos: 328584
### Check ### Computational domain: -0.5 0.5 -0.5 0.5 -0.5 0.5
### Check ### Total Neighbors: 744000000, Avg neighbor count per particle: 93
### Check ### Total time: 0.000717905, current time-step: 6.62641e-05
### Check ### Total energy: 1, (internal: 0.997845, kinetic: 0.00215504, gravitational: 0)
### Check ### Focus Tree Nodes: 114360, maxDepth 6
=== Total time for iteration(44) 1.7169s

# domain::sync: 0.403661s
# FindNeighbors: 0.363685s
# Density: 0.100693s
# EquationOfState: 0.00174772s
# mpi::synchronizeHalos: 0.169699s
# IAD: 0.153372s
# mpi::synchronizeHalos: 0.0741039s
# MomentumEnergyIAD: 0.437579s
# Timestep: 0.000321665s
# UpdateQuantities: 0.00777201s
# UpdateSmoothingLength: 0.00181462s
### Check ### Global Tree Nodes: 512, Particles: 2671875, Halos: 328584
### Check ### Computational domain: -0.5 0.5 -0.5 0.5 -0.5 0.5
### Check ### Total Neighbors: 744714912, Avg neighbor count per particle: 93
### Check ### Total time: 0.000787642, current time-step: 6.97371e-05
### Check ### Total energy: 1, (internal: 0.997411, kinetic: 0.00258913, gravitational: 0)
### Check ### Focus Tree Nodes: 114360, maxDepth 6
=== Total time for iteration(45) 1.71446s

# domain::sync: 0.327735s
# FindNeighbors: 0.383707s
# Density: 0.130519s
# EquationOfState: 0.00171346s
# mpi::synchronizeHalos: 0.102243s
# IAD: 0.199418s
# mpi::synchronizeHalos: 0.0790851s
# MomentumEnergyIAD: 0.600901s
# Timestep: 0.0358236s
# UpdateQuantities: 0.00615036s
# UpdateSmoothingLength: 0.00180428s
### Check ### Global Tree Nodes: 512, Particles: 2671875, Halos: 328584
### Check ### Computational domain: -0.5 0.5 -0.5 0.5 -0.5 0.5
### Check ### Total Neighbors: 982552968, Avg neighbor count per particle: 122
### Check ### Total time: 0.000858048, current time-step: 7.04061e-05
### Check ### Total energy: 1, (internal: 0.996933, kinetic: 0.00306632, gravitational: 0)
### Check ### Focus Tree Nodes: 114360, maxDepth 6
=== Total time for iteration(46) 1.86911s

# domain::sync: 0.414746s
# FindNeighbors: 0.359578s
# Density: 0.101279s
# EquationOfState: 0.00172213s
# mpi::synchronizeHalos: 0.105779s
# IAD: 0.153028s
# mpi::synchronizeHalos: 0.0794471s
# MomentumEnergyIAD: 0.432871s
# Timestep: 0.0370546s
# UpdateQuantities: 0.00632905s
# UpdateSmoothingLength: 0.00181208s
### Check ### Global Tree Nodes: 512, Particles: 2671875, Halos: 328584
### Check ### Computational domain: -0.5 0.5 -0.5 0.5 -0.5 0.5
### Check ### Total Neighbors: 744182376, Avg neighbor count per particle: 93
### Check ### Total time: 0.000929138, current time-step: 7.10899e-05
### Check ### Total energy: 1, (internal: 0.996412, kinetic: 0.00358752, gravitational: 0)
### Check ### Focus Tree Nodes: 114360, maxDepth 6
=== Total time for iteration(47) 1.69366s

# domain::sync: 0.401758s
# FindNeighbors: 0.364166s
# Density: 0.10515s
# EquationOfState: 0.00171438s
# mpi::synchronizeHalos: 0.166109s
# IAD: 0.15852s
# mpi::synchronizeHalos: 0.101054s
# MomentumEnergyIAD: 0.434868s
# Timestep: 0.000289798s
# UpdateQuantities: 0.00622857s
# UpdateSmoothingLength: 0.00180792s
### Check ### Global Tree Nodes: 512, Particles: 2671875, Halos: 328584
### Check ### Computational domain: -0.5 0.5 -0.5 0.5 -0.5 0.5
### Check ### Total Neighbors: 745554912, Avg neighbor count per particle: 93
### Check ### Total time: 0.00099895, current time-step: 6.98115e-05
### Check ### Total energy: 0.999999, (internal: 0.995862, kinetic: 0.00413724, gravitational: 0)
### Check ### Focus Tree Nodes: 114360, maxDepth 6
=== Total time for iteration(48) 1.74167s

# domain::sync: 0.39601s
# FindNeighbors: 0.364293s
# Density: 0.103283s
# EquationOfState: 0.00194564s
# mpi::synchronizeHalos: 0.168215s
# IAD: 0.154491s
# mpi::synchronizeHalos: 0.105045s
# MomentumEnergyIAD: 0.436135s
# Timestep: 0.000336922s
# UpdateQuantities: 0.00586215s
# UpdateSmoothingLength: 0.00179551s
### Check ### Global Tree Nodes: 512, Particles: 2671875, Halos: 328584
### Check ### Computational domain: -0.5 0.5 -0.5 0.5 -0.5 0.5
### Check ### Total Neighbors: 747982656, Avg neighbor count per particle: 93
### Check ### Total time: 0.00106945, current time-step: 7.05013e-05
### Check ### Total energy: 0.999999, (internal: 0.995269, kinetic: 0.00473008, gravitational: 0)
### Check ### Focus Tree Nodes: 114360, maxDepth 6
=== Total time for iteration(49) 1.73742s

# domain::sync: 0.412781s
# FindNeighbors: 0.385374s
# Density: 0.130869s
# EquationOfState: 0.00171033s
# mpi::synchronizeHalos: 0.0929283s
# IAD: 0.200123s
# mpi::synchronizeHalos: 0.145078s
# MomentumEnergyIAD: 0.604268s
# Timestep: 0.0242139s
# UpdateQuantities: 0.00589483s
# UpdateSmoothingLength: 0.00182219s
### Check ### Global Tree Nodes: 512, Particles: 2671875, Halos: 328584
### Check ### Computational domain: -0.5 0.5 -0.5 0.5 -0.5 0.5
### Check ### Total Neighbors: 973415982, Avg neighbor count per particle: 121
### Check ### Total time: 0.00114066, current time-step: 7.1208e-05
### Check ### Total energy: 0.999999, (internal: 0.994633, kinetic: 0.00536665, gravitational: 0)
### Check ### Focus Tree Nodes: 114360, maxDepth 6
=== Total time for iteration(50) 2.00507s

# domain::sync: 0.388212s
# FindNeighbors: 0.359803s
# Density: 0.105325s
# EquationOfState: 0.00175963s
# mpi::synchronizeHalos: 0.126937s
# IAD: 0.156725s
# mpi::synchronizeHalos: 0.0895135s
# MomentumEnergyIAD: 0.439325s
# Timestep: 0.0364869s
# UpdateQuantities: 0.00610534s
# UpdateSmoothingLength: 0.0018196s
### Check ### Global Tree Nodes: 512, Particles: 2671875, Halos: 328584
### Check ### Computational domain: -0.5 0.5 -0.5 0.5 -0.5 0.5
### Check ### Total Neighbors: 750291798, Avg neighbor count per particle: 93
### Check ### Total time: 0.00121243, current time-step: 7.17753e-05
### Check ### Total energy: 0.999999, (internal: 0.993953, kinetic: 0.00604619, gravitational: 0)
### Check ### Focus Tree Nodes: 114360, maxDepth 6
=== Total time for iteration(51) 1.71202s

# domain::sync: 0.402858s
# FindNeighbors: 0.360662s
# Density: 0.103196s
# EquationOfState: 0.00177907s
# mpi::synchronizeHalos: 0.102039s
# IAD: 0.155038s
# mpi::synchronizeHalos: 0.116002s
# MomentumEnergyIAD: 0.431767s
# Timestep: 0.0185427s
# UpdateQuantities: 0.00601639s
# UpdateSmoothingLength: 0.00182201s
### Check ### Global Tree Nodes: 512, Particles: 2671875, Halos: 328584
### Check ### Computational domain: -0.5 0.5 -0.5 0.5 -0.5 0.5
### Check ### Total Neighbors: 746811594, Avg neighbor count per particle: 93
### Check ### Total time: 0.00128444, current time-step: 7.20051e-05
### Check ### Total energy: 0.999999, (internal: 0.993234, kinetic: 0.00676543, gravitational: 0)
### Check ### Focus Tree Nodes: 114360, maxDepth 6
=== Total time for iteration(52) 1.69973s

# domain::sync: 0.409206s
# FindNeighbors: 0.384034s
# Density: 0.133362s
# EquationOfState: 0.00172029s
# mpi::synchronizeHalos: 0.0791213s
# IAD: 0.209124s
# mpi::synchronizeHalos: 0.166116s
# MomentumEnergyIAD: 0.946559s
# Timestep: 0.0316678s
# UpdateQuantities: 0.00810294s
# UpdateSmoothingLength: 0.00371756s
### Check ### Global Tree Nodes: 512, Particles: 2671875, Halos: 328584
### Check ### Computational domain: -0.5 0.5 -0.5 0.5 -0.5 0.5
### Check ### Total Neighbors: 968568894, Avg neighbor count per particle: 121
### Check ### Total time: 0.00135546, current time-step: 7.10226e-05
### Check ### Total energy: 0.999999, (internal: 0.992488, kinetic: 0.00751103, gravitational: 0)
### Check ### Focus Tree Nodes: 114360, maxDepth 6
=== Total time for iteration(53) 2.37274s

# domain::sync: 0.338567s
# FindNeighbors: 0.35728s
# Density: 0.105515s
# EquationOfState: 0.00171807s
# mpi::synchronizeHalos: 0.159045s
# IAD: 0.159038s
# mpi::synchronizeHalos: 0.118431s
# MomentumEnergyIAD: 0.446996s
# Timestep: 0.00415334s
# UpdateQuantities: 0.00546088s
# UpdateSmoothingLength: 0.00185816s
### Check ### Global Tree Nodes: 512, Particles: 2671875, Halos: 328584
### Check ### Computational domain: -0.5 0.5 -0.5 0.5 -0.5 0.5
### Check ### Total Neighbors: 750126291, Avg neighbor count per particle: 93
### Check ### Total time: 0.00142701, current time-step: 7.1548e-05
### Check ### Total energy: 0.999999, (internal: 0.991701, kinetic: 0.00829792, gravitational: 0)
### Check ### Focus Tree Nodes: 114360, maxDepth 6
=== Total time for iteration(54) 1.69807s

# domain::sync: 0.387917s
# FindNeighbors: 0.3572s
# Density: 0.105417s
# EquationOfState: 0.00174306s
# mpi::synchronizeHalos: 0.0998857s
# IAD: 0.157094s
# mpi::synchronizeHalos: 0.143077s
# MomentumEnergyIAD: 0.445941s
# Timestep: 0.0270928s
# UpdateQuantities: 0.00565914s
# UpdateSmoothingLength: 0.00181486s
### Check ### Global Tree Nodes: 512, Particles: 2671875, Halos: 328584
### Check ### Computational domain: -0.5 0.5 -0.5 0.5 -0.5 0.5
### Check ### Total Neighbors: 749991042, Avg neighbor count per particle: 93
### Check ### Total time: 0.00149864, current time-step: 7.16328e-05
### Check ### Total energy: 0.999998, (internal: 0.990877, kinetic: 0.00912096, gravitational: 0)
### Check ### Focus Tree Nodes: 114360, maxDepth 6
=== Total time for iteration(55) 1.73285s

# domain::sync: 0.380775s
# FindNeighbors: 0.359095s
# Density: 0.10427s
# EquationOfState: 0.0017315s
# mpi::synchronizeHalos: 0.118566s
# IAD: 0.155354s
# mpi::synchronizeHalos: 0.112135s
# MomentumEnergyIAD: 0.442503s
# Timestep: 0.032572s
# UpdateQuantities: 0.00689001s
# UpdateSmoothingLength: 0.00183547s
### Check ### Global Tree Nodes: 512, Particles: 2671875, Halos: 328584
### Check ### Computational domain: -0.5 0.5 -0.5 0.5 -0.5 0.5
### Check ### Total Neighbors: 747069678, Avg neighbor count per particle: 93
### Check ### Total time: 0.00157134, current time-step: 7.2699e-05
### Check ### Total energy: 0.999998, (internal: 0.990007, kinetic: 0.00999159, gravitational: 0)
### Check ### Focus Tree Nodes: 114360, maxDepth 6
=== Total time for iteration(56) 1.71574s

# domain::sync: 0.404402s
# FindNeighbors: 0.381454s
# Density: 0.131708s
# EquationOfState: 0.00181021s
# mpi::synchronizeHalos: 0.109722s
# IAD: 0.205963s
# mpi::synchronizeHalos: 0.127426s
# MomentumEnergyIAD: 0.717712s
# Timestep: 0.054039s
# UpdateQuantities: 0.00829161s
# UpdateSmoothingLength: 0.00183607s
### Check ### Global Tree Nodes: 512, Particles: 2671875, Halos: 328584
### Check ### Computational domain: -0.5 0.5 -0.5 0.5 -0.5 0.5
### Check ### Total Neighbors: 969288891, Avg neighbor count per particle: 121
### Check ### Total time: 0.00164482, current time-step: 7.34799e-05
### Check ### Total energy: 0.999998, (internal: 0.989091, kinetic: 0.0109069, gravitational: 0)
### Check ### Focus Tree Nodes: 114360, maxDepth 6
=== Total time for iteration(57) 2.14438s

# domain::sync: 0.397451s
# FindNeighbors: 0.369485s
# Density: 0.107772s
# EquationOfState: 0.00184686s
# mpi::synchronizeHalos: 0.13116s
# IAD: 0.16086s
# mpi::synchronizeHalos: 0.121299s
# MomentumEnergyIAD: 0.445024s
# Timestep: 0.00109726s
# UpdateQuantities: 0.00520547s
# UpdateSmoothingLength: 0.00180096s
### Check ### Global Tree Nodes: 512, Particles: 2671875, Halos: 328584
### Check ### Computational domain: -0.5 0.5 -0.5 0.5 -0.5 0.5
### Check ### Total Neighbors: 749417409, Avg neighbor count per particle: 93
### Check ### Total time: 0.00171825, current time-step: 7.34291e-05
### Check ### Total energy: 0.999998, (internal: 0.988142, kinetic: 0.0118563, gravitational: 0)
### Check ### Focus Tree Nodes: 114360, maxDepth 6
=== Total time for iteration(58) 1.74301s

# domain::sync: 0.407571s
# FindNeighbors: 0.364407s
# Density: 0.10606s
# EquationOfState: 0.00190514s
# mpi::synchronizeHalos: 0.123769s
# IAD: 0.159812s
# mpi::synchronizeHalos: 0.129984s
# MomentumEnergyIAD: 0.45146s
# Timestep: 0.00254173s
# UpdateQuantities: 0.00556962s
# UpdateSmoothingLength: 0.00180544s
### Check ### Global Tree Nodes: 512, Particles: 2671875, Halos: 328584
### Check ### Computational domain: -0.5 0.5 -0.5 0.5 -0.5 0.5
### Check ### Total Neighbors: 749924877, Avg neighbor count per particle: 93
### Check ### Total time: 0.00179191, current time-step: 7.36559e-05
### Check ### Total energy: 0.999998, (internal: 0.987155, kinetic: 0.0128426, gravitational: 0)
### Check ### Focus Tree Nodes: 114360, maxDepth 6
=== Total time for iteration(59) 1.75489s

# domain::sync: 0.318927s
# FindNeighbors: 0.362566s
# Density: 0.103754s
# EquationOfState: 0.00171745s
# mpi::synchronizeHalos: 0.126462s
# IAD: 0.155199s
# mpi::synchronizeHalos: 0.0960759s
# MomentumEnergyIAD: 0.437587s
# Timestep: 0.0304541s
# UpdateQuantities: 0.00602246s
# UpdateSmoothingLength: 0.00180137s
### Check ### Global Tree Nodes: 512, Particles: 2671875, Halos: 328584
### Check ### Computational domain: -0.5 0.5 -0.5 0.5 -0.5 0.5
### Check ### Total Neighbors: 747278175, Avg neighbor count per particle: 93
### Check ### Total time: 0.00186569, current time-step: 7.37876e-05
### Check ### Total energy: 0.999997, (internal: 0.986133, kinetic: 0.013864, gravitational: 0)
### Check ### Focus Tree Nodes: 114360, maxDepth 6
=== Total time for iteration(60) 1.64057s

# domain::sync: 0.388292s
# FindNeighbors: 0.381965s
# Density: 0.130902s
# EquationOfState: 0.00169354s
# mpi::synchronizeHalos: 0.120436s
# IAD: 0.200194s
# mpi::synchronizeHalos: 0.107867s
# MomentumEnergyIAD: 0.634152s
# Timestep: 0.0165019s
# UpdateQuantities: 0.00523975s
# UpdateSmoothingLength: 0.00180067s
### Check ### Global Tree Nodes: 512, Particles: 2671875, Halos: 328584
### Check ### Computational domain: -0.5 0.5 -0.5 0.5 -0.5 0.5
### Check ### Total Neighbors: 969709162, Avg neighbor count per particle: 121
### Check ### Total time: 0.0019398, current time-step: 7.4105e-05
### Check ### Total energy: 0.999997, (internal: 0.985075, kinetic: 0.0149225, gravitational: 0)
### Check ### Focus Tree Nodes: 114360, maxDepth 6
=== Total time for iteration(61) 1.98905s

# domain::sync: 0.344866s
# FindNeighbors: 0.358554s
# Density: 0.104987s
# EquationOfState: 0.00171046s
# mpi::synchronizeHalos: 0.153084s
# IAD: 0.159158s
# mpi::synchronizeHalos: 0.121184s
# MomentumEnergyIAD: 0.451746s
# Timestep: 0.000348884s
# UpdateQuantities: 0.0051315s
# UpdateSmoothingLength: 0.00179473s
### Check ### Global Tree Nodes: 512, Particles: 2671875, Halos: 328584
### Check ### Computational domain: -0.5 0.5 -0.5 0.5 -0.5 0.5
### Check ### Total Neighbors: 748931382, Avg neighbor count per particle: 93
### Check ### Total time: 0.00201419, current time-step: 7.43868e-05
### Check ### Total energy: 0.999997, (internal: 0.98398, kinetic: 0.0160171, gravitational: 0)
### Check ### Focus Tree Nodes: 114360, maxDepth 6
=== Total time for iteration(62) 1.70257s

# domain::sync: 0.382244s
# FindNeighbors: 0.361556s
# Density: 0.106562s
# EquationOfState: 0.00171686s
# mpi::synchronizeHalos: 0.119276s
# IAD: 0.162442s
# mpi::synchronizeHalos: 0.105787s
# MomentumEnergyIAD: 0.451054s
# Timestep: 0.02708s
# UpdateQuantities: 0.00541134s
# UpdateSmoothingLength: 0.00180858s
### Check ### Global Tree Nodes: 512, Particles: 2671875, Halos: 328584
### Check ### Computational domain: -0.5 0.5 -0.5 0.5 -0.5 0.5
### Check ### Total Neighbors: 749862698, Avg neighbor count per particle: 93
### Check ### Total time: 0.00208986, current time-step: 7.56767e-05
### Check ### Total energy: 0.999997, (internal: 0.982834, kinetic: 0.0171628, gravitational: 0)
### Check ### Focus Tree Nodes: 114360, maxDepth 6
=== Total time for iteration(63) 1.72494s

# domain::sync: 0.391185s
# FindNeighbors: 0.362215s
# Density: 0.104322s
# EquationOfState: 0.00172056s
# mpi::synchronizeHalos: 0.121415s
# IAD: 0.160074s
# mpi::synchronizeHalos: 0.0968312s
# MomentumEnergyIAD: 0.447362s
# Timestep: 0.0259902s
# UpdateQuantities: 0.00572688s
# UpdateSmoothingLength: 0.00180832s
### Check ### Global Tree Nodes: 512, Particles: 2671875, Halos: 330744
### Check ### Computational domain: -0.5 0.5 -0.5 0.5 -0.5 0.5
### Check ### Total Neighbors: 747441417, Avg neighbor count per particle: 93
### Check ### Total time: 0.00216665, current time-step: 7.67902e-05
### Check ### Total energy: 0.999996, (internal: 0.981639, kinetic: 0.0183574, gravitational: 0)
### Check ### Focus Tree Nodes: 114360, maxDepth 6
=== Total time for iteration(64) 1.71866s

# domain::sync: 0.391875s
# FindNeighbors: 0.384069s
# Density: 0.131187s
# EquationOfState: 0.00171115s
# mpi::synchronizeHalos: 0.138739s
# IAD: 0.199639s
# mpi::synchronizeHalos: 0.114773s
# MomentumEnergyIAD: 0.632367s
# Timestep: 0.0124835s
# UpdateQuantities: 0.00591138s
# UpdateSmoothingLength: 0.00180276s
### Check ### Global Tree Nodes: 512, Particles: 2671875, Halos: 330879
### Check ### Computational domain: -0.5 0.5 -0.5 0.5 -0.5 0.5
### Check ### Total Neighbors: 969932112, Avg neighbor count per particle: 121
### Check ### Total time: 0.00224284, current time-step: 7.61894e-05
### Check ### Total energy: 0.999996, (internal: 0.980423, kinetic: 0.0195734, gravitational: 0)
### Check ### Focus Tree Nodes: 114360, maxDepth 6
=== Total time for iteration(65) 2.01457s

# domain::sync: 0.388995s
# FindNeighbors: 0.363439s
# Density: 0.105693s
# EquationOfState: 0.00171032s
# mpi::synchronizeHalos: 0.135612s
# IAD: 0.156455s
# mpi::synchronizeHalos: 0.07543s
# MomentumEnergyIAD: 0.445644s
# Timestep: 0.0322879s
# UpdateQuantities: 0.0054639s
# UpdateSmoothingLength: 0.00180471s
### Check ### Global Tree Nodes: 512, Particles: 2671875, Halos: 330879
### Check ### Computational domain: -0.5 0.5 -0.5 0.5 -0.5 0.5
### Check ### Total Neighbors: 749037285, Avg neighbor count per particle: 93
### Check ### Total time: 0.00231915, current time-step: 7.63101e-05
### Check ### Total energy: 0.999996, (internal: 0.979174, kinetic: 0.0208214, gravitational: 0)
### Check ### Focus Tree Nodes: 114360, maxDepth 6
=== Total time for iteration(66) 1.71254s

# domain::sync: 0.388924s
# FindNeighbors: 0.359988s
# Density: 0.105757s
# EquationOfState: 0.00170953s
# mpi::synchronizeHalos: 0.136146s
# IAD: 0.157954s
# mpi::synchronizeHalos: 0.0775739s
# MomentumEnergyIAD: 0.444331s
# Timestep: 0.032119s
# UpdateQuantities: 0.00532214s
# UpdateSmoothingLength: 0.00180198s
### Check ### Global Tree Nodes: 512, Particles: 2671875, Halos: 331770
### Check ### Computational domain: -0.5 0.5 -0.5 0.5 -0.5 0.5
### Check ### Total Neighbors: 749396196, Avg neighbor count per particle: 93
### Check ### Total time: 0.00239643, current time-step: 7.72798e-05
### Check ### Total energy: 0.999995, (internal: 0.977881, kinetic: 0.0221148, gravitational: 0)
### Check ### Focus Tree Nodes: 114360, maxDepth 6
=== Total time for iteration(67) 1.71163s

# domain::sync: 0.396153s
# FindNeighbors: 0.36222s
# Density: 0.10506s
# EquationOfState: 0.0017022s
# mpi::synchronizeHalos: 0.124887s
# IAD: 0.157096s
# mpi::synchronizeHalos: 0.146445s
# MomentumEnergyIAD: 0.441367s
# Timestep: 0.0155183s
# UpdateQuantities: 0.00521397s
# UpdateSmoothingLength: 0.00182434s
### Check ### Global Tree Nodes: 512, Particles: 2671875, Halos: 332040
### Check ### Computational domain: -0.5 0.5 -0.5 0.5 -0.5 0.5
### Check ### Total Neighbors: 747519549, Avg neighbor count per particle: 93
### Check ### Total time: 0.00247487, current time-step: 7.84359e-05
### Check ### Total energy: 0.999995, (internal: 0.976538, kinetic: 0.023457, gravitational: 0)
### Check ### Focus Tree Nodes: 114360, maxDepth 6
=== Total time for iteration(68) 1.75749s

# domain::sync: 0.407144s
# FindNeighbors: 0.387116s
# Density: 0.134499s
# EquationOfState: 0.00171484s
# mpi::synchronizeHalos: 0.11505s
# IAD: 0.204223s
# mpi::synchronizeHalos: 0.115337s
# MomentumEnergyIAD: 0.601716s
# Timestep: 0.000325503s
# UpdateQuantities: 0.00529384s
# UpdateSmoothingLength: 0.00181518s
### Check ### Global Tree Nodes: 512, Particles: 2671875, Halos: 332040
### Check ### Computational domain: -0.5 0.5 -0.5 0.5 -0.5 0.5
### Check ### Total Neighbors: 970208717, Avg neighbor count per particle: 121
### Check ### Total time: 0.00255427, current time-step: 7.94041e-05
### Check ### Total energy: 0.999995, (internal: 0.97515, kinetic: 0.0248447, gravitational: 0)
### Check ### Focus Tree Nodes: 114360, maxDepth 6
=== Total time for iteration(69) 1.97424s

# domain::sync: 0.392244s
# FindNeighbors: 0.360921s
# Density: 0.105342s
# EquationOfState: 0.00171892s
# mpi::synchronizeHalos: 0.138299s
# IAD: 0.156637s
# mpi::synchronizeHalos: 0.109363s
# MomentumEnergyIAD: 0.456184s
# Timestep: 0.000322136s
# UpdateQuantities: 0.00547916s
# UpdateSmoothingLength: 0.00180633s
### Check ### Global Tree Nodes: 512, Particles: 2671875, Halos: 332040
### Check ### Computational domain: -0.5 0.5 -0.5 0.5 -0.5 0.5
### Check ### Total Neighbors: 748821592, Avg neighbor count per particle: 93
### Check ### Total time: 0.00263474, current time-step: 8.04712e-05
### Check ### Total energy: 0.999995, (internal: 0.973715, kinetic: 0.0262798, gravitational: 0)
### Check ### Focus Tree Nodes: 114360, maxDepth 6
=== Total time for iteration(70) 1.72832s

# domain::sync: 0.370319s
# FindNeighbors: 0.36123s
# Density: 0.105483s
# EquationOfState: 0.00170512s
# mpi::synchronizeHalos: 0.108237s
# IAD: 0.157088s
# mpi::synchronizeHalos: 0.0759102s
# MomentumEnergyIAD: 0.454915s
# Timestep: 0.027313s
# UpdateQuantities: 0.00557072s
# UpdateSmoothingLength: 0.0018023s
### Check ### Global Tree Nodes: 512, Particles: 2671875, Halos: 333066
### Check ### Computational domain: -0.5 0.5 -0.5 0.5 -0.5 0.5
### Check ### Total Neighbors: 749088392, Avg neighbor count per particle: 93
### Check ### Total time: 0.00271572, current time-step: 8.0975e-05
### Check ### Total energy: 0.999995, (internal: 0.972243, kinetic: 0.0277518, gravitational: 0)
### Check ### Focus Tree Nodes: 114360, maxDepth 6
=== Total time for iteration(71) 1.66958s

# domain::sync: 0.385396s
# FindNeighbors: 0.363813s
# Density: 0.10492s
# EquationOfState: 0.00172305s
# mpi::synchronizeHalos: 0.130224s
# IAD: 0.156372s
# mpi::synchronizeHalos: 0.0901548s
# MomentumEnergyIAD: 0.450276s
# Timestep: 0.0353103s
# UpdateQuantities: 0.00577027s
# UpdateSmoothingLength: 0.0017976s
### Check ### Global Tree Nodes: 512, Particles: 2671875, Halos: 333336
### Check ### Computational domain: -0.5 0.5 -0.5 0.5 -0.5 0.5
### Check ### Total Neighbors: 747955877, Avg neighbor count per particle: 93
### Check ### Total time: 0.00279745, current time-step: 8.17364e-05
### Check ### Total energy: 0.999994, (internal: 0.970729, kinetic: 0.029265, gravitational: 0)
### Check ### Focus Tree Nodes: 114360, maxDepth 6
=== Total time for iteration(72) 1.72576s

# domain::sync: 0.403803s
# FindNeighbors: 0.387345s
# Density: 0.133715s
# EquationOfState: 0.00171509s
# mpi::synchronizeHalos: 0.137707s
# IAD: 0.205576s
# mpi::synchronizeHalos: 0.0764911s
# MomentumEnergyIAD: 0.599121s
# Timestep: 0.000286936s
# UpdateQuantities: 0.00538327s
# UpdateSmoothingLength: 0.00180207s
### Check ### Global Tree Nodes: 512, Particles: 2671875, Halos: 333336
### Check ### Computational domain: -0.5 0.5 -0.5 0.5 -0.5 0.5
### Check ### Total Neighbors: 970319250, Avg neighbor count per particle: 121
### Check ### Total time: 0.00287868, current time-step: 8.12242e-05
### Check ### Total energy: 0.999994, (internal: 0.969199, kinetic: 0.0307945, gravitational: 0)
### Check ### Focus Tree Nodes: 114360, maxDepth 6
=== Total time for iteration(73) 1.95295s

# domain::sync: 0.396901s
# FindNeighbors: 0.358777s
# Density: 0.105937s
# EquationOfState: 0.00171968s
# mpi::synchronizeHalos: 0.131033s
# IAD: 0.160808s
# mpi::synchronizeHalos: 0.118434s
# MomentumEnergyIAD: 0.454108s
# Timestep: 0.00865591s
# UpdateQuantities: 0.00559756s
# UpdateSmoothingLength: 0.00178558s
### Check ### Global Tree Nodes: 512, Particles: 2671875, Halos: 333336
### Check ### Computational domain: -0.5 0.5 -0.5 0.5 -0.5 0.5
### Check ### Total Neighbors: 748833479, Avg neighbor count per particle: 93
### Check ### Total time: 0.00296092, current time-step: 8.22455e-05
### Check ### Total energy: 0.999994, (internal: 0.967625, kinetic: 0.0323688, gravitational: 0)
### Check ### Focus Tree Nodes: 114360, maxDepth 6
=== Total time for iteration(74) 1.74376s

# domain::sync: 0.422944s
# FindNeighbors: 0.36636s
# Density: 0.106395s
# EquationOfState: 0.00171377s
# mpi::synchronizeHalos: 0.104926s
# IAD: 0.157981s
# mpi::synchronizeHalos: 0.149188s
# MomentumEnergyIAD: 0.452087s
# Timestep: 0.00350817s
# UpdateQuantities: 0.00567187s
# UpdateSmoothingLength: 0.001797s
### Check ### Global Tree Nodes: 512, Particles: 2671875, Halos: 333336
### Check ### Computational domain: -0.5 0.5 -0.5 0.5 -0.5 0.5
### Check ### Total Neighbors: 748802298, Avg neighbor count per particle: 93
### Check ### Total time: 0.00304412, current time-step: 8.31943e-05
### Check ### Total energy: 0.999993, (internal: 0.966007, kinetic: 0.033986, gravitational: 0)
### Check ### Focus Tree Nodes: 114360, maxDepth 6
=== Total time for iteration(75) 1.77258s

# domain::sync: 0.356415s
# FindNeighbors: 0.386408s
# Density: 0.13067s
# EquationOfState: 0.00170013s
# mpi::synchronizeHalos: 0.146773s
# IAD: 0.199229s
# mpi::synchronizeHalos: 0.110296s
# MomentumEnergyIAD: 1.28131s
# Timestep: 0.000316798s
# UpdateQuantities: 0.0137666s
# UpdateSmoothingLength: 0.00649934s
### Check ### Global Tree Nodes: 512, Particles: 2671875, Halos: 333606
### Check ### Computational domain: -0.5 0.5 -0.5 0.5 -0.5 0.5
### Check ### Total Neighbors: 966841284, Avg neighbor count per particle: 120
### Check ### Total time: 0.00312829, current time-step: 8.41663e-05
### Check ### Total energy: 0.999993, (internal: 0.964347, kinetic: 0.0356462, gravitational: 0)
### Check ### Focus Tree Nodes: 114360, maxDepth 6
=== Total time for iteration(76) 2.63341s

# domain::sync: 0.416329s
# FindNeighbors: 0.360314s
# Density: 0.106223s
# EquationOfState: 0.00169956s
# mpi::synchronizeHalos: 0.130656s
# IAD: 0.16271s
# mpi::synchronizeHalos: 0.121s
# MomentumEnergyIAD: 0.449336s
# Timestep: 0.0158535s
# UpdateQuantities: 0.00539178s
# UpdateSmoothingLength: 0.00181049s
### Check ### Global Tree Nodes: 512, Particles: 2671875, Halos: 333606
### Check ### Computational domain: -0.5 0.5 -0.5 0.5 -0.5 0.5
### Check ### Total Neighbors: 750375012, Avg neighbor count per particle: 93
### Check ### Total time: 0.00321298, current time-step: 8.4698e-05
### Check ### Total energy: 0.999993, (internal: 0.962653, kinetic: 0.03734, gravitational: 0)
### Check ### Focus Tree Nodes: 114360, maxDepth 6
=== Total time for iteration(77) 1.77133s

# domain::sync: 0.407745s
# FindNeighbors: 0.358981s
# Density: 0.116911s
# EquationOfState: 0.00213275s
# mpi::synchronizeHalos: 0.158561s
# IAD: 0.161852s
# mpi::synchronizeHalos: 0.082879s
# MomentumEnergyIAD: 0.442935s
# Timestep: 0.00187581s
# UpdateQuantities: 0.00533099s
# UpdateSmoothingLength: 0.00179392s
### Check ### Global Tree Nodes: 512, Particles: 2671875, Halos: 333606
### Check ### Computational domain: -0.5 0.5 -0.5 0.5 -0.5 0.5
### Check ### Total Neighbors: 748730745, Avg neighbor count per particle: 93
### Check ### Total time: 0.00329887, current time-step: 8.58858e-05
### Check ### Total energy: 0.999993, (internal: 0.960912, kinetic: 0.0390804, gravitational: 0)
### Check ### Focus Tree Nodes: 114360, maxDepth 6
=== Total time for iteration(78) 1.74101s

# domain::sync: 0.330337s
# FindNeighbors: 0.360152s
# Density: 0.106742s
# EquationOfState: 0.0017284s
# mpi::synchronizeHalos: 0.136695s
# IAD: 0.159814s
# mpi::synchronizeHalos: 0.112326s
# MomentumEnergyIAD: 0.443333s
# Timestep: 0.00912892s
# UpdateQuantities: 0.0052236s
# UpdateSmoothingLength: 0.00181176s
### Check ### Global Tree Nodes: 512, Particles: 2671875, Halos: 334767
### Check ### Computational domain: -0.5 0.5 -0.5 0.5 -0.5 0.5
### Check ### Total Neighbors: 750131046, Avg neighbor count per particle: 93
### Check ### Total time: 0.00338542, current time-step: 8.65534e-05
### Check ### Total energy: 0.999992, (internal: 0.959136, kinetic: 0.040856, gravitational: 0)
### Check ### Focus Tree Nodes: 114360, maxDepth 6
=== Total time for iteration(79) 1.6673s

# domain::sync: 0.403475s
# FindNeighbors: 0.379953s
# Density: 0.130496s
# EquationOfState: 0.00171767s
# mpi::synchronizeHalos: 0.124986s
# IAD: 0.200666s
# mpi::synchronizeHalos: 0.122513s
# MomentumEnergyIAD: 0.844344s
# Timestep: 0.0367424s
# UpdateQuantities: 0.00576141s
# UpdateSmoothingLength: 0.00180243s
### Check ### Global Tree Nodes: 512, Particles: 2671875, Halos: 334767
### Check ### Computational domain: -0.5 0.5 -0.5 0.5 -0.5 0.5
### Check ### Total Neighbors: 966490365, Avg neighbor count per particle: 120
### Check ### Total time: 0.00347286, current time-step: 8.74383e-05
### Check ### Total energy: 0.999992, (internal: 0.957321, kinetic: 0.0426708, gravitational: 0)
### Check ### Focus Tree Nodes: 114360, maxDepth 6
=== Total time for iteration(80) 2.25247s

# domain::sync: 0.325848s
# FindNeighbors: 0.359593s
# Density: 0.106828s
# EquationOfState: 0.00190392s
# mpi::synchronizeHalos: 0.135553s
# IAD: 0.158709s
# mpi::synchronizeHalos: 0.0820951s
# MomentumEnergyIAD: 0.451257s
# Timestep: 0.0322557s
# UpdateQuantities: 0.00724587s
# UpdateSmoothingLength: 0.0018136s
### Check ### Global Tree Nodes: 512, Particles: 2671875, Halos: 334767
### Check ### Computational domain: -0.5 0.5 -0.5 0.5 -0.5 0.5
### Check ### Total Neighbors: 750888933, Avg neighbor count per particle: 93
### Check ### Total time: 0.00356085, current time-step: 8.79892e-05
### Check ### Total energy: 0.999992, (internal: 0.955475, kinetic: 0.0445169, gravitational: 0)
### Check ### Focus Tree Nodes: 114360, maxDepth 6
=== Total time for iteration(81) 1.66311s

# domain::sync: 0.328284s
# FindNeighbors: 0.363544s
# Density: 0.106301s
# EquationOfState: 0.00171818s
# mpi::synchronizeHalos: 0.136572s
# IAD: 0.157793s
# mpi::synchronizeHalos: 0.0800139s
# MomentumEnergyIAD: 0.443383s
# Timestep: 0.0381019s
# UpdateQuantities: 0.005889s
# UpdateSmoothingLength: 0.0018036s
### Check ### Global Tree Nodes: 512, Particles: 2671875, Halos: 335037
### Check ### Computational domain: -0.5 0.5 -0.5 0.5 -0.5 0.5
### Check ### Total Neighbors: 748721988, Avg neighbor count per particle: 93
### Check ### Total time: 0.00364969, current time-step: 8.88443e-05
### Check ### Total energy: 0.999991, (internal: 0.953591, kinetic: 0.0464001, gravitational: 0)
### Check ### Focus Tree Nodes: 114360, maxDepth 6
=== Total time for iteration(82) 1.66341s

# domain::sync: 0.339528s
# FindNeighbors: 0.370393s
# Density: 0.107313s
# EquationOfState: 0.00171273s
# mpi::synchronizeHalos: 0.16921s
# IAD: 0.162041s
# mpi::synchronizeHalos: 0.105376s
# MomentumEnergyIAD: 0.447758s
# Timestep: 0.000299914s
# UpdateQuantities: 0.0057912s
# UpdateSmoothingLength: 0.00180469s
### Check ### Global Tree Nodes: 512, Particles: 2671875, Halos: 335172
### Check ### Computational domain: -0.5 0.5 -0.5 0.5 -0.5 0.5
### Check ### Total Neighbors: 750624666, Avg neighbor count per particle: 93
### Check ### Total time: 0.00373851, current time-step: 8.88188e-05
### Check ### Total energy: 0.999991, (internal: 0.95169, kinetic: 0.0483006, gravitational: 0)
### Check ### Focus Tree Nodes: 114360, maxDepth 6
=== Total time for iteration(83) 1.71123s

# domain::sync: 0.39999s
# FindNeighbors: 0.386318s
# Density: 0.13182s
# EquationOfState: 0.0017641s
# mpi::synchronizeHalos: 0.124197s
# IAD: 0.203317s
# mpi::synchronizeHalos: 0.123053s
# MomentumEnergyIAD: 0.655707s
# Timestep: 0.011958s
# UpdateQuantities: 0.00576109s
# UpdateSmoothingLength: 0.0018104s
### Check ### Global Tree Nodes: 512, Particles: 2671875, Halos: 335172
### Check ### Computational domain: -0.5 0.5 -0.5 0.5 -0.5 0.5
### Check ### Total Neighbors: 965534210, Avg neighbor count per particle: 120
### Check ### Total time: 0.00382818, current time-step: 8.96666e-05
### Check ### Total energy: 0.999991, (internal: 0.949754, kinetic: 0.0502363, gravitational: 0)
### Check ### Focus Tree Nodes: 114360, maxDepth 6
=== Total time for iteration(84) 2.0457s

# domain::sync: 0.409128s
# FindNeighbors: 0.367531s
# Density: 0.106386s
# EquationOfState: 0.0017162s
# mpi::synchronizeHalos: 0.167576s
# IAD: 0.159227s
# mpi::synchronizeHalos: 0.0770388s
# MomentumEnergyIAD: 0.45104s
# Timestep: 0.000294644s
# UpdateQuantities: 0.00590744s
# UpdateSmoothingLength: 0.00180012s
### Check ### Global Tree Nodes: 512, Particles: 2671875, Halos: 335172
### Check ### Computational domain: -0.5 0.5 -0.5 0.5 -0.5 0.5
### Check ### Total Neighbors: 750721824, Avg neighbor count per particle: 93
### Check ### Total time: 0.00391874, current time-step: 9.05561e-05
### Check ### Total energy: 0.999991, (internal: 0.947783, kinetic: 0.0522074, gravitational: 0)
### Check ### Focus Tree Nodes: 114360, maxDepth 6
=== Total time for iteration(85) 1.74765s

# domain::sync: 0.361979s
# FindNeighbors: 0.368663s
# Density: 0.106208s
# EquationOfState: 0.00171903s
# mpi::synchronizeHalos: 0.147002s
# IAD: 0.159122s
# mpi::synchronizeHalos: 0.126585s
# MomentumEnergyIAD: 0.446025s
# Timestep: 0.00916698s
# UpdateQuantities: 0.00591511s
# UpdateSmoothingLength: 0.00181505s
### Check ### Global Tree Nodes: 512, Particles: 2671875, Halos: 336063
### Check ### Computational domain: -0.5 0.5 -0.5 0.5 -0.5 0.5
### Check ### Total Neighbors: 749687972, Avg neighbor count per particle: 93
### Check ### Total time: 0.00400994, current time-step: 9.12056e-05
### Check ### Total energy: 0.99999, (internal: 0.945783, kinetic: 0.0542077, gravitational: 0)
### Check ### Focus Tree Nodes: 114360, maxDepth 6
=== Total time for iteration(86) 1.73421s

# domain::sync: 0.331513s
# FindNeighbors: 0.365237s
# Density: 0.106816s
# EquationOfState: 0.00171248s
# mpi::synchronizeHalos: 0.13417s
# IAD: 0.159331s
# mpi::synchronizeHalos: 0.116554s
# MomentumEnergyIAD: 0.445263s
# Timestep: 0.0198726s
# UpdateQuantities: 0.00573298s
# UpdateSmoothingLength: 0.00180728s
### Check ### Global Tree Nodes: 512, Particles: 2671875, Halos: 336297
### Check ### Computational domain: -0.5 0.5 -0.5 0.5 -0.5 0.5
### Check ### Total Neighbors: 750539200, Avg neighbor count per particle: 93
### Check ### Total time: 0.00410234, current time-step: 9.23958e-05
### Check ### Total energy: 0.99999, (internal: 0.943742, kinetic: 0.0562485, gravitational: 0)
### Check ### Focus Tree Nodes: 114360, maxDepth 6
=== Total time for iteration(87) 1.68801s

# domain::sync: 0.426163s
# FindNeighbors: 0.399307s
# Density: 0.131007s
# EquationOfState: 0.00170142s
# mpi::synchronizeHalos: 0.137945s
# IAD: 0.203697s
# mpi::synchronizeHalos: 0.116331s
# MomentumEnergyIAD: 0.612989s
# Timestep: 0.000371081s
# UpdateQuantities: 0.00528271s
# UpdateSmoothingLength: 0.00179404s
### Check ### Global Tree Nodes: 512, Particles: 2671875, Halos: 336505
### Check ### Computational domain: -0.5 0.5 -0.5 0.5 -0.5 0.5
### Check ### Total Neighbors: 965008417, Avg neighbor count per particle: 120
### Check ### Total time: 0.00419392, current time-step: 9.15842e-05
### Check ### Total energy: 0.999989, (internal: 0.941706, kinetic: 0.0582837, gravitational: 0)
### Check ### Focus Tree Nodes: 114360, maxDepth 6
=== Total time for iteration(88) 2.0366s

# domain::sync: 0.405351s
# FindNeighbors: 0.366966s
# Density: 0.106979s
# EquationOfState: 0.00172441s
# mpi::synchronizeHalos: 0.119103s
# IAD: 0.159211s
# mpi::synchronizeHalos: 0.130365s
# MomentumEnergyIAD: 0.44834s
# Timestep: 0.0347268s
# UpdateQuantities: 0.00556996s
# UpdateSmoothingLength: 0.00181246s
### Check ### Global Tree Nodes: 512, Particles: 2671875, Halos: 336417
### Check ### Computational domain: -0.5 0.5 -0.5 0.5 -0.5 0.5
### Check ### Total Neighbors: 750762524, Avg neighbor count per particle: 93
### Check ### Total time: 0.00428763, current time-step: 9.37047e-05
### Check ### Total energy: 0.99999, (internal: 0.939611, kinetic: 0.060379, gravitational: 0)
### Check ### Focus Tree Nodes: 114360, maxDepth 6
=== Total time for iteration(89) 1.78016s

# domain::sync: 0.331253s
# FindNeighbors: 0.368856s
# Density: 0.10618s
# EquationOfState: 0.00170444s
# mpi::synchronizeHalos: 0.103565s
# IAD: 0.157627s
# mpi::synchronizeHalos: 0.0826097s
# MomentumEnergyIAD: 0.445407s
# Timestep: 0.0325765s
# UpdateQuantities: 0.00574248s
# UpdateSmoothingLength: 0.00179668s
### Check ### Global Tree Nodes: 512, Particles: 2671875, Halos: 336340
### Check ### Computational domain: -0.5 0.5 -0.5 0.5 -0.5 0.5
### Check ### Total Neighbors: 749341101, Avg neighbor count per particle: 93
### Check ### Total time: 0.00438277, current time-step: 9.51467e-05
### Check ### Total energy: 0.99999, (internal: 0.937472, kinetic: 0.0625178, gravitational: 0)
### Check ### Focus Tree Nodes: 114360, maxDepth 6
=== Total time for iteration(90) 1.63732s

# domain::sync: 0.368387s
# FindNeighbors: 0.370501s
# Density: 0.106528s
# EquationOfState: 0.001713s
# mpi::synchronizeHalos: 0.145743s
# IAD: 0.159935s
# mpi::synchronizeHalos: 0.126878s
# MomentumEnergyIAD: 0.453898s
# Timestep: 0.0140471s
# UpdateQuantities: 0.00567339s
# UpdateSmoothingLength: 0.00181271s
### Check ### Global Tree Nodes: 512, Particles: 2671875, Halos: 336253
### Check ### Computational domain: -0.5 0.5 -0.5 0.5 -0.5 0.5
### Check ### Total Neighbors: 750961207, Avg neighbor count per particle: 93
### Check ### Total time: 0.00447897, current time-step: 9.61964e-05
### Check ### Total energy: 0.999989, (internal: 0.935299, kinetic: 0.0646905, gravitational: 0)
### Check ### Focus Tree Nodes: 114360, maxDepth 6
=== Total time for iteration(91) 1.75513s

# domain::sync: 0.406919s
# FindNeighbors: 0.390585s
# Density: 0.130877s
# EquationOfState: 0.00170935s
# mpi::synchronizeHalos: 0.134152s
# IAD: 0.20069s
# mpi::synchronizeHalos: 0.128464s
# MomentumEnergyIAD: 0.606045s
# Timestep: 0.0211371s
# UpdateQuantities: 0.00572896s
# UpdateSmoothingLength: 0.00181879s
### Check ### Global Tree Nodes: 512, Particles: 2671875, Halos: 336172
### Check ### Computational domain: -0.5 0.5 -0.5 0.5 -0.5 0.5
### Check ### Total Neighbors: 964685117, Avg neighbor count per particle: 120
### Check ### Total time: 0.00457622, current time-step: 9.72516e-05
### Check ### Total energy: 0.999989, (internal: 0.933093, kinetic: 0.0668964, gravitational: 0)
### Check ### Focus Tree Nodes: 114360, maxDepth 6
=== Total time for iteration(92) 2.02813s

# domain::sync: 0.410582s
# FindNeighbors: 0.375827s
# Density: 0.109668s
# EquationOfState: 0.00170525s
# mpi::synchronizeHalos: 0.132006s
# IAD: 0.166638s
# mpi::synchronizeHalos: 0.0913045s
# MomentumEnergyIAD: 0.456111s
# Timestep: 0.000305361s
# UpdateQuantities: 0.00548675s
# UpdateSmoothingLength: 0.00180019s
### Check ### Global Tree Nodes: 512, Particles: 2671875, Halos: 336346
### Check ### Computational domain: -0.5 0.5 -0.5 0.5 -0.5 0.5
### Check ### Total Neighbors: 750875537, Avg neighbor count per particle: 93
### Check ### Total time: 0.00467388, current time-step: 9.76567e-05
### Check ### Total energy: 0.999989, (internal: 0.930869, kinetic: 0.0691196, gravitational: 0)
### Check ### Focus Tree Nodes: 114360, maxDepth 6
=== Total time for iteration(93) 1.75144s

# domain::sync: 0.400283s
# FindNeighbors: 0.378706s
# Density: 0.106253s
# EquationOfState: 0.00171386s
# mpi::synchronizeHalos: 0.166843s
# IAD: 0.160684s
# mpi::synchronizeHalos: 0.105244s
# MomentumEnergyIAD: 0.443848s
# Timestep: 0.000318517s
# UpdateQuantities: 0.00591478s
# UpdateSmoothingLength: 0.00180272s
### Check ### Global Tree Nodes: 512, Particles: 2671875, Halos: 336385
### Check ### Computational domain: -0.5 0.5 -0.5 0.5 -0.5 0.5
### Check ### Total Neighbors: 749424326, Avg neighbor count per particle: 93
### Check ### Total time: 0.00477283, current time-step: 9.89505e-05
### Check ### Total energy: 0.999989, (internal: 0.928609, kinetic: 0.07138, gravitational: 0)
### Check ### Focus Tree Nodes: 114360, maxDepth 6
=== Total time for iteration(94) 1.77162s

# domain::sync: 0.413223s
# FindNeighbors: 0.380159s
# Density: 0.106923s
# EquationOfState: 0.00171122s
# mpi::synchronizeHalos: 0.152758s
# IAD: 0.159769s
# mpi::synchronizeHalos: 0.102421s
# MomentumEnergyIAD: 0.445215s
# Timestep: 0.000293434s
# UpdateQuantities: 0.00588396s
# UpdateSmoothingLength: 0.00180089s
### Check ### Global Tree Nodes: 512, Particles: 2671875, Halos: 336272
### Check ### Computational domain: -0.5 0.5 -0.5 0.5 -0.5 0.5
### Check ### Total Neighbors: 750903714, Avg neighbor count per particle: 93
### Check ### Total time: 0.00487298, current time-step: 0.00010015
### Check ### Total energy: 0.999989, (internal: 0.926315, kinetic: 0.073674, gravitational: 0)
### Check ### Focus Tree Nodes: 114360, maxDepth 6
=== Total time for iteration(95) 1.77016s

# domain::sync: 0.381995s
# FindNeighbors: 0.401994s
# Density: 0.130962s
# EquationOfState: 0.00580603s
# mpi::synchronizeHalos: 0.132148s
# IAD: 0.199485s
# mpi::synchronizeHalos: 0.122745s
# MomentumEnergyIAD: 0.610255s
# Timestep: 0.0003317s
# UpdateQuantities: 0.00565111s
# UpdateSmoothingLength: 0.0018037s
### Check ### Global Tree Nodes: 512, Particles: 2671875, Halos: 336094
### Check ### Computational domain: -0.5 0.5 -0.5 0.5 -0.5 0.5
### Check ### Total Neighbors: 964141727, Avg neighbor count per particle: 120
### Check ### Total time: 0.00497435, current time-step: 0.000101376
### Check ### Total energy: 0.999989, (internal: 0.923987, kinetic: 0.0760015, gravitational: 0)
### Check ### Focus Tree Nodes: 114360, maxDepth 6
=== Total time for iteration(96) 1.99318s

# domain::sync: 0.411993s
# FindNeighbors: 0.369662s
# Density: 0.107259s
# EquationOfState: 0.00170825s
# mpi::synchronizeHalos: 0.125683s
# IAD: 0.163502s
# mpi::synchronizeHalos: 0.136461s
# MomentumEnergyIAD: 0.462499s
# Timestep: 0.000324682s
# UpdateQuantities: 0.00537132s
# UpdateSmoothingLength: 0.00180445s
### Check ### Global Tree Nodes: 512, Particles: 2671875, Halos: 336220
### Check ### Computational domain: -0.5 0.5 -0.5 0.5 -0.5 0.5
### Check ### Total Neighbors: 751549621, Avg neighbor count per particle: 93
### Check ### Total time: 0.0050767, current time-step: 0.000102347
### Check ### Total energy: 0.999989, (internal: 0.921633, kinetic: 0.0783554, gravitational: 0)
### Check ### Focus Tree Nodes: 114360, maxDepth 6
=== Total time for iteration(97) 1.78628s

# domain::sync: 0.358743s
# FindNeighbors: 0.370187s
# Density: 0.107904s
# EquationOfState: 0.00171631s
# mpi::synchronizeHalos: 0.124555s
# IAD: 0.163232s
# mpi::synchronizeHalos: 0.143563s
# MomentumEnergyIAD: 0.453426s
# Timestep: 0.0208042s
# UpdateQuantities: 0.00546538s
# UpdateSmoothingLength: 0.00181152s
### Check ### Global Tree Nodes: 512, Particles: 2671875, Halos: 336095
### Check ### Computational domain: -0.5 0.5 -0.5 0.5 -0.5 0.5
### Check ### Total Neighbors: 749425619, Avg neighbor count per particle: 93
### Check ### Total time: 0.00518008, current time-step: 0.000103382
### Check ### Total energy: 0.999989, (internal: 0.919252, kinetic: 0.0807363, gravitational: 0)
### Check ### Focus Tree Nodes: 114360, maxDepth 6
=== Total time for iteration(98) 1.75142s

# domain::sync: 0.407445s
# FindNeighbors: 0.367757s
# Density: 0.107295s
# EquationOfState: 0.00172491s
# mpi::synchronizeHalos: 0.095826s
# IAD: 0.160849s
# mpi::synchronizeHalos: 0.165509s
# MomentumEnergyIAD: 0.464254s
# Timestep: 0.0129645s
# UpdateQuantities: 0.00579783s
# UpdateSmoothingLength: 0.00180902s
### Check ### Global Tree Nodes: 512, Particles: 2671875, Halos: 335991
### Check ### Computational domain: -0.5 0.5 -0.5 0.5 -0.5 0.5
### Check ### Total Neighbors: 750937472, Avg neighbor count per particle: 93
### Check ### Total time: 0.00528435, current time-step: 0.000104265
### Check ### Total energy: 0.999988, (internal: 0.916849, kinetic: 0.0831397, gravitational: 0)
### Check ### Focus Tree Nodes: 114360, maxDepth 6
=== Total time for iteration(99) 1.79124s

# domain::sync: 0.362358s
# FindNeighbors: 0.396563s
# Density: 0.130691s
# EquationOfState: 0.00171679s
# mpi::synchronizeHalos: 0.0877134s
# IAD: 0.199433s
# mpi::synchronizeHalos: 0.166334s
# MomentumEnergyIAD: 0.598989s
# Timestep: 0.0299801s
# UpdateQuantities: 0.005851s
# UpdateSmoothingLength: 0.00181042s
### Check ### Global Tree Nodes: 512, Particles: 2671875, Halos: 337342
### Check ### Computational domain: -0.5 0.5 -0.5 0.5 -0.5 0.5
### Check ### Total Neighbors: 964110375, Avg neighbor count per particle: 120
### Check ### Total time: 0.00538953, current time-step: 0.000105185
### Check ### Total energy: 0.999988, (internal: 0.914423, kinetic: 0.0855653, gravitational: 0)
### Check ### Focus Tree Nodes: 114360, maxDepth 6
=== Total time for iteration(100) 1.98145s

# Total execution time of 100 iterations of sedov up to t = 0.005390: 184.692s
real 185.17
user 4755.97
sys 24.12
