4.47

--------------------------------------------------------------------------
WARNING: There is at least non-excluded one OpenFabrics device found,
but there are no active ports detected (or Open MPI was unable to use
them).  This is most certainly not what you wanted.  Check your
cables, subnet manager configuration, etc.  The openib BTL will be
ignored for this job.

  Local host: emu-25
--------------------------------------------------------------------------
# SPHEXA: HEAD/22053277
# 1 MPI-3.1 process(es) with 2 OpenMP-201511 thread(s)/process
Data generated for 8000 global particles
Domain synchronized, nLocalParticles 8000
# domain::sync: 0.00158271s
# FindNeighbors: 0.0186642s
# Density: 0.0031884s
# EquationOfState: 6.1793e-05s
# mpi::synchronizeHalos: 3.835e-06s
# IAD: 0.0043859s
# mpi::synchronizeHalos: 3.422e-06s
# MomentumEnergyIAD: 0.0106971s
# Timestep: 3.967e-06s
# UpdateQuantities: 0.000107989s
# UpdateSmoothingLength: 6.5058e-05s
### Check ### Global Tree Nodes: 512, Particles: 8000, Halos: 0
### Check ### Computational domain: -0.5 0.5 -0.5 0.5 -0.5 0.5
### Check ### Total Neighbors: 744000, Avg neighbor count per particle: 93
### Check ### Total time: 1.1e-06, current time-step: 1.1e-06
### Check ### Total energy: 1, (internal: 1, kinetic: 7.2193e-09, gravitational: 0)
### Check ### Focus Tree Nodes: 512, maxDepth 3
=== Total time for iteration(1) 0.0387665s

# domain::sync: 0.00166043s
# FindNeighbors: 0.0170208s
# Density: 0.00316522s
# EquationOfState: 6.0834e-05s
# mpi::synchronizeHalos: 2.846e-06s
# IAD: 0.00441636s
# mpi::synchronizeHalos: 3.27e-06s
# MomentumEnergyIAD: 0.0125644s
# Timestep: 3.443e-06s
# UpdateQuantities: 0.000105519s
# UpdateSmoothingLength: 6.3515e-05s
### Check ### Global Tree Nodes: 512, Particles: 8000, Halos: 0
### Check ### Computational domain: -0.5 0.5 -0.5 0.5 -0.5 0.5
### Check ### Total Neighbors: 744000, Avg neighbor count per particle: 93
### Check ### Total time: 2.31e-06, current time-step: 1.21e-06
### Check ### Total energy: 1, (internal: 1, kinetic: 2.22114e-08, gravitational: 0)
### Check ### Focus Tree Nodes: 512, maxDepth 3
=== Total time for iteration(2) 0.0390689s

# domain::sync: 0.00155093s
# FindNeighbors: 0.017831s
# Density: 0.0032036s
# EquationOfState: 6.1042e-05s
# mpi::synchronizeHalos: 2.733e-06s
# IAD: 0.00441721s
# mpi::synchronizeHalos: 3.432e-06s
# MomentumEnergyIAD: 0.0123477s
# Timestep: 3.74e-06s
# UpdateQuantities: 0.000106017s
# UpdateSmoothingLength: 6.3292e-05s
### Check ### Global Tree Nodes: 512, Particles: 8000, Halos: 0
### Check ### Computational domain: -0.5 0.5 -0.5 0.5 -0.5 0.5
### Check ### Total Neighbors: 744000, Avg neighbor count per particle: 93
### Check ### Total time: 3.641e-06, current time-step: 1.331e-06
### Check ### Total energy: 1, (internal: 1, kinetic: 4.81206e-08, gravitational: 0)
### Check ### Focus Tree Nodes: 512, maxDepth 3
=== Total time for iteration(3) 0.0395929s

# domain::sync: 0.00153462s
# FindNeighbors: 0.0180716s
# Density: 0.00321876s
# EquationOfState: 6.1744e-05s
# mpi::synchronizeHalos: 2.801e-06s
# IAD: 0.00440403s
# mpi::synchronizeHalos: 3.268e-06s
# MomentumEnergyIAD: 0.0122628s
# Timestep: 3.394e-06s
# UpdateQuantities: 0.00010577s
# UpdateSmoothingLength: 6.3482e-05s
### Check ### Global Tree Nodes: 512, Particles: 8000, Halos: 0
### Check ### Computational domain: -0.5 0.5 -0.5 0.5 -0.5 0.5
### Check ### Total Neighbors: 744000, Avg neighbor count per particle: 93
### Check ### Total time: 5.1051e-06, current time-step: 1.4641e-06
### Check ### Total energy: 1, (internal: 1, kinetic: 8.79487e-08, gravitational: 0)
### Check ### Focus Tree Nodes: 512, maxDepth 3
=== Total time for iteration(4) 0.0397345s

# domain::sync: 0.0015364s
# FindNeighbors: 0.0183746s
# Density: 0.00317316s
# EquationOfState: 6.1306e-05s
# mpi::synchronizeHalos: 2.713e-06s
# IAD: 0.00440447s
# mpi::synchronizeHalos: 3.157e-06s
# MomentumEnergyIAD: 0.0121724s
# Timestep: 3.399e-06s
# UpdateQuantities: 0.000105723s
# UpdateSmoothingLength: 6.3501e-05s
### Check ### Global Tree Nodes: 512, Particles: 8000, Halos: 0
### Check ### Computational domain: -0.5 0.5 -0.5 0.5 -0.5 0.5
### Check ### Total Neighbors: 744000, Avg neighbor count per particle: 93
### Check ### Total time: 6.71561e-06, current time-step: 1.61051e-06
### Check ### Total energy: 1, (internal: 1, kinetic: 1.45384e-07, gravitational: 0)
### Check ### Focus Tree Nodes: 512, maxDepth 3
=== Total time for iteration(5) 0.0399031s

# domain::sync: 0.00153754s
# FindNeighbors: 0.0183996s
# Density: 0.00321606s
# EquationOfState: 6.113e-05s
# mpi::synchronizeHalos: 2.832e-06s
# IAD: 0.00440047s
# mpi::synchronizeHalos: 3.158e-06s
# MomentumEnergyIAD: 0.0123169s
# Timestep: 3.615e-06s
# UpdateQuantities: 0.000105594s
# UpdateSmoothingLength: 6.3275e-05s
### Check ### Global Tree Nodes: 512, Particles: 8000, Halos: 0
### Check ### Computational domain: -0.5 0.5 -0.5 0.5 -0.5 0.5
### Check ### Total Neighbors: 744000, Avg neighbor count per particle: 93
### Check ### Total time: 8.48717e-06, current time-step: 1.77156e-06
### Check ### Total energy: 1, (internal: 1, kinetic: 2.24949e-07, gravitational: 0)
### Check ### Focus Tree Nodes: 512, maxDepth 3
=== Total time for iteration(6) 0.0401123s

# domain::sync: 0.00154205s
# FindNeighbors: 0.0197193s
# Density: 0.00416406s
# EquationOfState: 6.0716e-05s
# mpi::synchronizeHalos: 2.814e-06s
# IAD: 0.00585685s
# mpi::synchronizeHalos: 3.737e-06s
# MomentumEnergyIAD: 0.0202218s
# Timestep: 3.301e-06s
# UpdateQuantities: 0.000106324s
# UpdateSmoothingLength: 6.3318e-05s
### Check ### Global Tree Nodes: 512, Particles: 8000, Halos: 0
### Check ### Computational domain: -0.5 0.5 -0.5 0.5 -0.5 0.5
### Check ### Total Neighbors: 984000, Avg neighbor count per particle: 123
### Check ### Total time: 1.04359e-05, current time-step: 1.94872e-06
### Check ### Total energy: 1, (internal: 1, kinetic: 3.32175e-07, gravitational: 0)
### Check ### Focus Tree Nodes: 512, maxDepth 3
=== Total time for iteration(7) 0.0517463s

# domain::sync: 0.00154407s
# FindNeighbors: 0.0179418s
# Density: 0.00316389s
# EquationOfState: 6.091e-05s
# mpi::synchronizeHalos: 2.75e-06s
# IAD: 0.00439413s
# mpi::synchronizeHalos: 3.024e-06s
# MomentumEnergyIAD: 0.0122141s
# Timestep: 3.49e-06s
# UpdateQuantities: 0.00010603s
# UpdateSmoothingLength: 6.691e-05s
### Check ### Global Tree Nodes: 512, Particles: 8000, Halos: 0
### Check ### Computational domain: -0.5 0.5 -0.5 0.5 -0.5 0.5
### Check ### Total Neighbors: 744000, Avg neighbor count per particle: 93
### Check ### Total time: 1.25795e-05, current time-step: 2.14359e-06
### Check ### Total energy: 1, (internal: 1, kinetic: 4.75772e-07, gravitational: 0)
### Check ### Focus Tree Nodes: 512, maxDepth 3
=== Total time for iteration(8) 0.0395037s

# domain::sync: 0.00150528s
# FindNeighbors: 0.0183648s
# Density: 0.00318116s
# EquationOfState: 6.1065e-05s
# mpi::synchronizeHalos: 2.733e-06s
# IAD: 0.00439445s
# mpi::synchronizeHalos: 3.353e-06s
# MomentumEnergyIAD: 0.0121267s
# Timestep: 3.631e-06s
# UpdateQuantities: 0.000106091s
# UpdateSmoothingLength: 6.3348e-05s
### Check ### Global Tree Nodes: 512, Particles: 8000, Halos: 0
### Check ### Computational domain: -0.5 0.5 -0.5 0.5 -0.5 0.5
### Check ### Total Neighbors: 744000, Avg neighbor count per particle: 93
### Check ### Total time: 1.49374e-05, current time-step: 2.35795e-06
### Check ### Total energy: 1, (internal: 0.999999, kinetic: 6.62223e-07, gravitational: 0)
### Check ### Focus Tree Nodes: 512, maxDepth 3
=== Total time for iteration(9) 0.0398149s

# domain::sync: 0.00155107s
# FindNeighbors: 0.0183702s
# Density: 0.00317307s
# EquationOfState: 6.1205e-05s
# mpi::synchronizeHalos: 2.842e-06s
# IAD: 0.00439346s
# mpi::synchronizeHalos: 3.16e-06s
# MomentumEnergyIAD: 0.0121184s
# Timestep: 3.419e-06s
# UpdateQuantities: 0.000106113s
# UpdateSmoothingLength: 6.32e-05s
### Check ### Global Tree Nodes: 512, Particles: 8000, Halos: 0
### Check ### Computational domain: -0.5 0.5 -0.5 0.5 -0.5 0.5
### Check ### Total Neighbors: 744000, Avg neighbor count per particle: 93
### Check ### Total time: 1.75312e-05, current time-step: 2.59374e-06
### Check ### Total energy: 1, (internal: 0.999999, kinetic: 9.02256e-07, gravitational: 0)
### Check ### Focus Tree Nodes: 512, maxDepth 3
=== Total time for iteration(10) 0.0398484s

# domain::sync: 0.00153273s
# FindNeighbors: 0.0195914s
# Density: 0.00418437s
# EquationOfState: 7.4428e-05s
# mpi::synchronizeHalos: 2.759e-06s
# IAD: 0.00585843s
# mpi::synchronizeHalos: 9.51e-06s
# MomentumEnergyIAD: 0.0188032s
# Timestep: 3.607e-06s
# UpdateQuantities: 0.000105468s
# UpdateSmoothingLength: 6.3284e-05s
### Check ### Global Tree Nodes: 512, Particles: 8000, Halos: 0
### Check ### Computational domain: -0.5 0.5 -0.5 0.5 -0.5 0.5
### Check ### Total Neighbors: 984000, Avg neighbor count per particle: 123
### Check ### Total time: 2.03843e-05, current time-step: 2.85312e-06
### Check ### Total energy: 1, (internal: 0.999999, kinetic: 1.20832e-06, gravitational: 0)
### Check ### Focus Tree Nodes: 512, maxDepth 3
=== Total time for iteration(11) 0.0502313s

# domain::sync: 0.00152445s
# FindNeighbors: 0.0179683s
# Density: 0.0031663s
# EquationOfState: 6.0798e-05s
# mpi::synchronizeHalos: 3.969e-06s
# IAD: 0.004398s
# mpi::synchronizeHalos: 3.255e-06s
# MomentumEnergyIAD: 0.0121323s
# Timestep: 3.377e-06s
# UpdateQuantities: 0.000105505s
# UpdateSmoothingLength: 6.3229e-05s
### Check ### Global Tree Nodes: 512, Particles: 8000, Halos: 0
### Check ### Computational domain: -0.5 0.5 -0.5 0.5 -0.5 0.5
### Check ### Total Neighbors: 744000, Avg neighbor count per particle: 93
### Check ### Total time: 2.35227e-05, current time-step: 3.13843e-06
### Check ### Total energy: 1, (internal: 0.999998, kinetic: 1.60079e-06, gravitational: 0)
### Check ### Focus Tree Nodes: 512, maxDepth 3
=== Total time for iteration(12) 0.0394317s

# domain::sync: 0.00156096s
# FindNeighbors: 0.0184604s
# Density: 0.00321893s
# EquationOfState: 6.1235e-05s
# mpi::synchronizeHalos: 2.808e-06s
# IAD: 0.00438709s
# mpi::synchronizeHalos: 3.267e-06s
# MomentumEnergyIAD: 0.0120941s
# Timestep: 3.435e-06s
# UpdateQuantities: 0.000106027s
# UpdateSmoothingLength: 6.3304e-05s
### Check ### Global Tree Nodes: 512, Particles: 8000, Halos: 0
### Check ### Computational domain: -0.5 0.5 -0.5 0.5 -0.5 0.5
### Check ### Total Neighbors: 744000, Avg neighbor count per particle: 93
### Check ### Total time: 2.6975e-05, current time-step: 3.45227e-06
### Check ### Total energy: 1, (internal: 0.999998, kinetic: 2.09297e-06, gravitational: 0)
### Check ### Focus Tree Nodes: 512, maxDepth 3
=== Total time for iteration(13) 0.0399638s

# domain::sync: 0.00152822s
# FindNeighbors: 0.0183459s
# Density: 0.0031736s
# EquationOfState: 6.1211e-05s
# mpi::synchronizeHalos: 2.71e-06s
# IAD: 0.0043924s
# mpi::synchronizeHalos: 3.308e-06s
# MomentumEnergyIAD: 0.0121464s
# Timestep: 3.368e-06s
# UpdateQuantities: 0.000105686s
# UpdateSmoothingLength: 6.3546e-05s
### Check ### Global Tree Nodes: 512, Particles: 8000, Halos: 0
### Check ### Computational domain: -0.5 0.5 -0.5 0.5 -0.5 0.5
### Check ### Total Neighbors: 744000, Avg neighbor count per particle: 93
### Check ### Total time: 3.07725e-05, current time-step: 3.7975e-06
### Check ### Total energy: 1, (internal: 0.999997, kinetic: 2.70896e-06, gravitational: 0)
### Check ### Focus Tree Nodes: 512, maxDepth 3
=== Total time for iteration(14) 0.0398286s

# domain::sync: 0.0015475s
# FindNeighbors: 0.0193961s
# Density: 0.00418125s
# EquationOfState: 6.1119e-05s
# mpi::synchronizeHalos: 2.655e-06s
# IAD: 0.00587259s
# mpi::synchronizeHalos: 3.166e-06s
# MomentumEnergyIAD: 0.0180557s
# Timestep: 3.6e-06s
# UpdateQuantities: 0.000106123s
# UpdateSmoothingLength: 6.6569e-05s
### Check ### Global Tree Nodes: 512, Particles: 8000, Halos: 0
### Check ### Computational domain: -0.5 0.5 -0.5 0.5 -0.5 0.5
### Check ### Total Neighbors: 984000, Avg neighbor count per particle: 123
### Check ### Total time: 3.49497e-05, current time-step: 4.17725e-06
### Check ### Total energy: 1, (internal: 0.999997, kinetic: 3.47628e-06, gravitational: 0)
### Check ### Focus Tree Nodes: 512, maxDepth 3
=== Total time for iteration(15) 0.0492987s

# domain::sync: 0.00151403s
# FindNeighbors: 0.0178862s
# Density: 0.0032131s
# EquationOfState: 6.1305e-05s
# mpi::synchronizeHalos: 2.799e-06s
# IAD: 0.00439755s
# mpi::synchronizeHalos: 3.091e-06s
# MomentumEnergyIAD: 0.0120869s
# Timestep: 3.076e-06s
# UpdateQuantities: 0.000105791s
# UpdateSmoothingLength: 6.3319e-05s
### Check ### Global Tree Nodes: 512, Particles: 8000, Halos: 0
### Check ### Computational domain: -0.5 0.5 -0.5 0.5 -0.5 0.5
### Check ### Total Neighbors: 744000, Avg neighbor count per particle: 93
### Check ### Total time: 3.95447e-05, current time-step: 4.59497e-06
### Check ### Total energy: 1, (internal: 0.999996, kinetic: 4.44114e-06, gravitational: 0)
### Check ### Focus Tree Nodes: 512, maxDepth 3
=== Total time for iteration(16) 0.0393394s

# domain::sync: 0.00152663s
# FindNeighbors: 0.0183911s
# Density: 0.00316648s
# EquationOfState: 6.1244e-05s
# mpi::synchronizeHalos: 2.725e-06s
# IAD: 0.00438988s
# mpi::synchronizeHalos: 3.15e-06s
# MomentumEnergyIAD: 0.012096s
# Timestep: 3.374e-06s
# UpdateQuantities: 0.000106101s
# UpdateSmoothingLength: 6.3395e-05s
### Check ### Global Tree Nodes: 512, Particles: 8000, Halos: 0
### Check ### Computational domain: -0.5 0.5 -0.5 0.5 -0.5 0.5
### Check ### Total Neighbors: 744000, Avg neighbor count per particle: 93
### Check ### Total time: 4.45992e-05, current time-step: 5.05447e-06
### Check ### Total energy: 1, (internal: 0.999994, kinetic: 5.63111e-06, gravitational: 0)
### Check ### Focus Tree Nodes: 512, maxDepth 3
=== Total time for iteration(17) 0.0398123s

# domain::sync: 0.00152495s
# FindNeighbors: 0.0182386s
# Density: 0.00316662s
# EquationOfState: 6.1043e-05s
# mpi::synchronizeHalos: 2.776e-06s
# IAD: 0.00437832s
# mpi::synchronizeHalos: 3.314e-06s
# MomentumEnergyIAD: 0.012089s
# Timestep: 3.595e-06s
# UpdateQuantities: 0.000105979s
# UpdateSmoothingLength: 6.675e-05s
### Check ### Global Tree Nodes: 512, Particles: 8000, Halos: 0
### Check ### Computational domain: -0.5 0.5 -0.5 0.5 -0.5 0.5
### Check ### Total Neighbors: 744000, Avg neighbor count per particle: 93
### Check ### Total time: 5.01591e-05, current time-step: 5.55992e-06
### Check ### Total energy: 1, (internal: 0.999993, kinetic: 7.09945e-06, gravitational: 0)
### Check ### Focus Tree Nodes: 512, maxDepth 3
=== Total time for iteration(18) 0.0396436s

# domain::sync: 0.00151631s
# FindNeighbors: 0.0194305s
# Density: 0.0041906s
# EquationOfState: 6.1244e-05s
# mpi::synchronizeHalos: 2.782e-06s
# IAD: 0.00587765s
# mpi::synchronizeHalos: 3.502e-06s
# MomentumEnergyIAD: 0.0173934s
# Timestep: 3.401e-06s
# UpdateQuantities: 0.00010588s
# UpdateSmoothingLength: 6.3427e-05s
### Check ### Global Tree Nodes: 512, Particles: 8000, Halos: 0
### Check ### Computational domain: -0.5 0.5 -0.5 0.5 -0.5 0.5
### Check ### Total Neighbors: 984000, Avg neighbor count per particle: 123
### Check ### Total time: 5.6275e-05, current time-step: 6.11591e-06
### Check ### Total energy: 1, (internal: 0.999991, kinetic: 8.90634e-06, gravitational: 0)
### Check ### Focus Tree Nodes: 512, maxDepth 3
=== Total time for iteration(19) 0.0486508s

# domain::sync: 0.0015285s
# FindNeighbors: 0.0181968s
# Density: 0.00317213s
# EquationOfState: 6.1263e-05s
# mpi::synchronizeHalos: 2.757e-06s
# IAD: 0.00443396s
# mpi::synchronizeHalos: 3.236e-06s
# MomentumEnergyIAD: 0.0120683s
# Timestep: 3.518e-06s
# UpdateQuantities: 0.000105321s
# UpdateSmoothingLength: 6.3512e-05s
### Check ### Global Tree Nodes: 512, Particles: 8000, Halos: 0
### Check ### Computational domain: -0.5 0.5 -0.5 0.5 -0.5 0.5
### Check ### Total Neighbors: 744000, Avg neighbor count per particle: 93
### Check ### Total time: 6.30025e-05, current time-step: 6.7275e-06
### Check ### Total energy: 1, (internal: 0.999989, kinetic: 1.11546e-05, gravitational: 0)
### Check ### Focus Tree Nodes: 512, maxDepth 3
=== Total time for iteration(20) 0.0396414s

# domain::sync: 0.00152933s
# FindNeighbors: 0.0180667s
# Density: 0.00316804s
# EquationOfState: 6.0697e-05s
# mpi::synchronizeHalos: 2.793e-06s
# IAD: 0.00438067s
# mpi::synchronizeHalos: 3.228e-06s
# MomentumEnergyIAD: 0.012079s
# Timestep: 3.875e-06s
# UpdateQuantities: 0.000108664s
# UpdateSmoothingLength: 6.3492e-05s
### Check ### Global Tree Nodes: 512, Particles: 8000, Halos: 0
### Check ### Computational domain: -0.5 0.5 -0.5 0.5 -0.5 0.5
### Check ### Total Neighbors: 744000, Avg neighbor count per particle: 93
### Check ### Total time: 7.04027e-05, current time-step: 7.40025e-06
### Check ### Total energy: 1, (internal: 0.999986, kinetic: 1.39017e-05, gravitational: 0)
### Check ### Focus Tree Nodes: 512, maxDepth 3
=== Total time for iteration(21) 0.0394686s

# domain::sync: 0.00150087s
# FindNeighbors: 0.0181075s
# Density: 0.00316914s
# EquationOfState: 6.0801e-05s
# mpi::synchronizeHalos: 2.786e-06s
# IAD: 0.00441822s
# mpi::synchronizeHalos: 3.225e-06s
# MomentumEnergyIAD: 0.0120253s
# Timestep: 3.274e-06s
# UpdateQuantities: 0.000105618s
# UpdateSmoothingLength: 6.3287e-05s
### Check ### Global Tree Nodes: 512, Particles: 8000, Halos: 0
### Check ### Computational domain: -0.5 0.5 -0.5 0.5 -0.5 0.5
### Check ### Total Neighbors: 744000, Avg neighbor count per particle: 93
### Check ### Total time: 7.8543e-05, current time-step: 8.14027e-06
### Check ### Total energy: 1, (internal: 0.999983, kinetic: 1.72642e-05, gravitational: 0)
### Check ### Focus Tree Nodes: 512, maxDepth 3
=== Total time for iteration(22) 0.0394621s

# domain::sync: 0.0015507s
# FindNeighbors: 0.0194807s
# Density: 0.00415246s
# EquationOfState: 6.1077e-05s
# mpi::synchronizeHalos: 2.823e-06s
# IAD: 0.00588266s
# mpi::synchronizeHalos: 3.251e-06s
# MomentumEnergyIAD: 0.0173521s
# Timestep: 3.2718e-05s
# UpdateQuantities: 0.00013407s
# UpdateSmoothingLength: 6.7157e-05s
### Check ### Global Tree Nodes: 512, Particles: 8000, Halos: 0
### Check ### Computational domain: -0.5 0.5 -0.5 0.5 -0.5 0.5
### Check ### Total Neighbors: 984000, Avg neighbor count per particle: 123
### Check ### Total time: 8.74973e-05, current time-step: 8.9543e-06
### Check ### Total energy: 1, (internal: 0.999979, kinetic: 2.13727e-05, gravitational: 0)
### Check ### Focus Tree Nodes: 512, maxDepth 3
=== Total time for iteration(23) 0.0487219s

# domain::sync: 0.00157454s
# FindNeighbors: 0.0185647s
# Density: 0.00317435s
# EquationOfState: 6.1163e-05s
# mpi::synchronizeHalos: 2.848e-06s
# IAD: 0.00439264s
# mpi::synchronizeHalos: 3.218e-06s
# MomentumEnergyIAD: 0.0120845s
# Timestep: 3.82e-06s
# UpdateQuantities: 0.000106263s
# UpdateSmoothingLength: 6.3415e-05s
### Check ### Global Tree Nodes: 512, Particles: 8000, Halos: 0
### Check ### Computational domain: -0.5 0.5 -0.5 0.5 -0.5 0.5
### Check ### Total Neighbors: 744000, Avg neighbor count per particle: 93
### Check ### Total time: 9.73471e-05, current time-step: 9.84973e-06
### Check ### Total energy: 1, (internal: 0.999974, kinetic: 2.64529e-05, gravitational: 0)
### Check ### Focus Tree Nodes: 512, maxDepth 3
=== Total time for iteration(24) 0.0400337s

# domain::sync: 0.00153939s
# FindNeighbors: 0.0183906s
# Density: 0.00317555s
# EquationOfState: 6.0646e-05s
# mpi::synchronizeHalos: 2.74e-06s
# IAD: 0.00438333s
# mpi::synchronizeHalos: 3.278e-06s
# MomentumEnergyIAD: 0.012038s
# Timestep: 3.333e-06s
# UpdateQuantities: 0.000105545s
# UpdateSmoothingLength: 6.3485e-05s
### Check ### Global Tree Nodes: 512, Particles: 8000, Halos: 0
### Check ### Computational domain: -0.5 0.5 -0.5 0.5 -0.5 0.5
### Check ### Total Neighbors: 744000, Avg neighbor count per particle: 93
### Check ### Total time: 0.000108182, current time-step: 1.08347e-05
### Check ### Total energy: 1, (internal: 0.999967, kinetic: 3.26258e-05, gravitational: 0)
### Check ### Focus Tree Nodes: 512, maxDepth 3
=== Total time for iteration(25) 0.0397681s

# domain::sync: 0.00153471s
# FindNeighbors: 0.0196046s
# Density: 0.0041503s
# EquationOfState: 6.1086e-05s
# mpi::synchronizeHalos: 2.754e-06s
# IAD: 0.00595916s
# mpi::synchronizeHalos: 3.119e-06s
# MomentumEnergyIAD: 0.0246184s
# Timestep: 3.469e-06s
# UpdateQuantities: 0.000105285s
# UpdateSmoothingLength: 6.3375e-05s
### Check ### Global Tree Nodes: 512, Particles: 8000, Halos: 0
### Check ### Computational domain: -0.5 0.5 -0.5 0.5 -0.5 0.5
### Check ### Total Neighbors: 984000, Avg neighbor count per particle: 123
### Check ### Total time: 0.0001201, current time-step: 1.19182e-05
### Check ### Total energy: 1, (internal: 0.99996, kinetic: 4.0144e-05, gravitational: 0)
### Check ### Focus Tree Nodes: 512, maxDepth 3
=== Total time for iteration(26) 0.0561084s

# domain::sync: 0.0015832s
# FindNeighbors: 0.0181257s
# Density: 0.00320718s
# EquationOfState: 6.1109e-05s
# mpi::synchronizeHalos: 2.808e-06s
# IAD: 0.00438877s
# mpi::synchronizeHalos: 3.531e-06s
# MomentumEnergyIAD: 0.0120712s
# Timestep: 3.656e-06s
# UpdateQuantities: 0.000105721s
# UpdateSmoothingLength: 6.3214e-05s
### Check ### Global Tree Nodes: 512, Particles: 8000, Halos: 0
### Check ### Computational domain: -0.5 0.5 -0.5 0.5 -0.5 0.5
### Check ### Total Neighbors: 744000, Avg neighbor count per particle: 93
### Check ### Total time: 0.00013321, current time-step: 1.311e-05
### Check ### Total energy: 1, (internal: 0.999951, kinetic: 4.94108e-05, gravitational: 0)
### Check ### Focus Tree Nodes: 512, maxDepth 3
=== Total time for iteration(27) 0.0396182s

# domain::sync: 0.00153548s
# FindNeighbors: 0.0182747s
# Density: 0.00317275s
# EquationOfState: 6.1006e-05s
# mpi::synchronizeHalos: 2.696e-06s
# IAD: 0.00437776s
# mpi::synchronizeHalos: 3.064e-06s
# MomentumEnergyIAD: 0.0121251s
# Timestep: 3.407e-06s
# UpdateQuantities: 0.000106218s
# UpdateSmoothingLength: 6.6102e-05s
### Check ### Global Tree Nodes: 512, Particles: 8000, Halos: 0
### Check ### Computational domain: -0.5 0.5 -0.5 0.5 -0.5 0.5
### Check ### Total Neighbors: 744000, Avg neighbor count per particle: 93
### Check ### Total time: 0.000147631, current time-step: 1.4421e-05
### Check ### Total energy: 1, (internal: 0.999939, kinetic: 6.06425e-05, gravitational: 0)
### Check ### Focus Tree Nodes: 512, maxDepth 3
=== Total time for iteration(28) 0.0397306s

# domain::sync: 0.00150857s
# FindNeighbors: 0.0183582s
# Density: 0.00321107s
# EquationOfState: 6.105e-05s
# mpi::synchronizeHalos: 2.728e-06s
# IAD: 0.00437636s
# mpi::synchronizeHalos: 3.185e-06s
# MomentumEnergyIAD: 0.0120361s
# Timestep: 3.592e-06s
# UpdateQuantities: 0.000105817s
# UpdateSmoothingLength: 6.3526e-05s
### Check ### Global Tree Nodes: 512, Particles: 8000, Halos: 0
### Check ### Computational domain: -0.5 0.5 -0.5 0.5 -0.5 0.5
### Check ### Total Neighbors: 744000, Avg neighbor count per particle: 93
### Check ### Total time: 0.000163494, current time-step: 1.58631e-05
### Check ### Total energy: 1, (internal: 0.999926, kinetic: 7.42904e-05, gravitational: 0)
### Check ### Focus Tree Nodes: 512, maxDepth 3
=== Total time for iteration(29) 0.0397323s

# domain::sync: 0.00154846s
# FindNeighbors: 0.0197429s
# Density: 0.00415604s
# EquationOfState: 6.0814e-05s
# mpi::synchronizeHalos: 2.817e-06s
# IAD: 0.00587376s
# mpi::synchronizeHalos: 3.228e-06s
# MomentumEnergyIAD: 0.0199487s
# Timestep: 3.494e-06s
# UpdateQuantities: 0.0001055s
# UpdateSmoothingLength: 6.3313e-05s
### Check ### Global Tree Nodes: 512, Particles: 8000, Halos: 0
### Check ### Computational domain: -0.5 0.5 -0.5 0.5 -0.5 0.5
### Check ### Total Neighbors: 984000, Avg neighbor count per particle: 123
### Check ### Total time: 0.000180943, current time-step: 1.74494e-05
### Check ### Total energy: 1, (internal: 0.999909, kinetic: 9.08586e-05, gravitational: 0)
### Check ### Focus Tree Nodes: 512, maxDepth 3
=== Total time for iteration(30) 0.0515111s

# domain::sync: 0.00155069s
# FindNeighbors: 0.0181388s
# Density: 0.00317089s
# EquationOfState: 6.0748e-05s
# mpi::synchronizeHalos: 2.718e-06s
# IAD: 0.00437587s
# mpi::synchronizeHalos: 3.229e-06s
# MomentumEnergyIAD: 0.0120638s
# Timestep: 3.551e-06s
# UpdateQuantities: 0.000107834s
# UpdateSmoothingLength: 6.3526e-05s
### Check ### Global Tree Nodes: 512, Particles: 8000, Halos: 0
### Check ### Computational domain: -0.5 0.5 -0.5 0.5 -0.5 0.5
### Check ### Total Neighbors: 744000, Avg neighbor count per particle: 93
### Check ### Total time: 0.000200138, current time-step: 1.91943e-05
### Check ### Total energy: 1, (internal: 0.999889, kinetic: 0.000111221, gravitational: 0)
### Check ### Focus Tree Nodes: 512, maxDepth 3
=== Total time for iteration(31) 0.0395438s

# domain::sync: 0.00153314s
# FindNeighbors: 0.0181937s
# Density: 0.00318263s
# EquationOfState: 6.126e-05s
# mpi::synchronizeHalos: 2.889e-06s
# IAD: 0.00436907s
# mpi::synchronizeHalos: 3.106e-06s
# MomentumEnergyIAD: 0.0120193s
# Timestep: 3.379e-06s
# UpdateQuantities: 0.00010506s
# UpdateSmoothingLength: 6.3486e-05s
### Check ### Global Tree Nodes: 512, Particles: 8000, Halos: 0
### Check ### Computational domain: -0.5 0.5 -0.5 0.5 -0.5 0.5
### Check ### Total Neighbors: 744000, Avg neighbor count per particle: 93
### Check ### Total time: 0.000221252, current time-step: 2.11138e-05
### Check ### Total energy: 1, (internal: 0.999864, kinetic: 0.000135833, gravitational: 0)
### Check ### Focus Tree Nodes: 512, maxDepth 3
=== Total time for iteration(32) 0.0395392s

# domain::sync: 0.00155475s
# FindNeighbors: 0.018385s
# Density: 0.00320935s
# EquationOfState: 6.1038e-05s
# mpi::synchronizeHalos: 2.754e-06s
# IAD: 0.00436715s
# mpi::synchronizeHalos: 3.137e-06s
# MomentumEnergyIAD: 0.0120214s
# Timestep: 3.712e-06s
# UpdateQuantities: 0.000106194s
# UpdateSmoothingLength: 6.3279e-05s
### Check ### Global Tree Nodes: 512, Particles: 8000, Halos: 0
### Check ### Computational domain: -0.5 0.5 -0.5 0.5 -0.5 0.5
### Check ### Total Neighbors: 744000, Avg neighbor count per particle: 93
### Check ### Total time: 0.000244477, current time-step: 2.32252e-05
### Check ### Total energy: 1, (internal: 0.999834, kinetic: 0.000165667, gravitational: 0)
### Check ### Focus Tree Nodes: 512, maxDepth 3
=== Total time for iteration(33) 0.03978s

# domain::sync: 0.00156206s
# FindNeighbors: 0.0196287s
# Density: 0.00416701s
# EquationOfState: 6.1359e-05s
# mpi::synchronizeHalos: 2.847e-06s
# IAD: 0.00586984s
# mpi::synchronizeHalos: 3.249e-06s
# MomentumEnergyIAD: 0.018371s
# Timestep: 3.56e-06s
# UpdateQuantities: 0.000106147s
# UpdateSmoothingLength: 6.3358e-05s
### Check ### Global Tree Nodes: 512, Particles: 8000, Halos: 0
### Check ### Computational domain: -0.5 0.5 -0.5 0.5 -0.5 0.5
### Check ### Total Neighbors: 984000, Avg neighbor count per particle: 123
### Check ### Total time: 0.000270024, current time-step: 2.55477e-05
### Check ### Total energy: 1, (internal: 0.999798, kinetic: 0.000201803, gravitational: 0)
### Check ### Focus Tree Nodes: 512, maxDepth 3
=== Total time for iteration(34) 0.0498413s

# domain::sync: 0.00154675s
# FindNeighbors: 0.0179043s
# Density: 0.00316997s
# EquationOfState: 6.103e-05s
# mpi::synchronizeHalos: 2.728e-06s
# IAD: 0.00437477s
# mpi::synchronizeHalos: 3.045e-06s
# MomentumEnergyIAD: 0.0120963s
# Timestep: 3.373e-06s
# UpdateQuantities: 0.000106166s
# UpdateSmoothingLength: 6.3276e-05s
### Check ### Global Tree Nodes: 512, Particles: 8000, Halos: 0
### Check ### Computational domain: -0.5 0.5 -0.5 0.5 -0.5 0.5
### Check ### Total Neighbors: 744000, Avg neighbor count per particle: 93
### Check ### Total time: 0.000298127, current time-step: 2.81024e-05
### Check ### Total energy: 1, (internal: 0.999754, kinetic: 0.000246123, gravitational: 0)
### Check ### Focus Tree Nodes: 512, maxDepth 3
=== Total time for iteration(35) 0.0393339s

# domain::sync: 0.00155021s
# FindNeighbors: 0.0181173s
# Density: 0.00321725s
# EquationOfState: 6.0765e-05s
# mpi::synchronizeHalos: 2.805e-06s
# IAD: 0.00437585s
# mpi::synchronizeHalos: 3.254e-06s
# MomentumEnergyIAD: 0.0120275s
# Timestep: 3.546e-06s
# UpdateQuantities: 0.000105047s
# UpdateSmoothingLength: 6.3577e-05s
### Check ### Global Tree Nodes: 512, Particles: 8000, Halos: 0
### Check ### Computational domain: -0.5 0.5 -0.5 0.5 -0.5 0.5
### Check ### Total Neighbors: 744000, Avg neighbor count per particle: 93
### Check ### Total time: 0.000329039, current time-step: 3.09127e-05
### Check ### Total energy: 1, (internal: 0.9997, kinetic: 0.00029959, gravitational: 0)
### Check ### Focus Tree Nodes: 512, maxDepth 3
=== Total time for iteration(36) 0.0395292s

# domain::sync: 0.00154447s
# FindNeighbors: 0.018334s
# Density: 0.003175s
# EquationOfState: 6.0806e-05s
# mpi::synchronizeHalos: 2.791e-06s
# IAD: 0.00437511s
# mpi::synchronizeHalos: 3.307e-06s
# MomentumEnergyIAD: 0.0120531s
# Timestep: 3.264e-06s
# UpdateQuantities: 0.000105666s
# UpdateSmoothingLength: 6.3558e-05s
### Check ### Global Tree Nodes: 512, Particles: 8000, Halos: 0
### Check ### Computational domain: -0.5 0.5 -0.5 0.5 -0.5 0.5
### Check ### Total Neighbors: 744000, Avg neighbor count per particle: 93
### Check ### Total time: 0.000363043, current time-step: 3.40039e-05
### Check ### Total energy: 1, (internal: 0.999636, kinetic: 0.000364282, gravitational: 0)
### Check ### Focus Tree Nodes: 512, maxDepth 3
=== Total time for iteration(37) 0.0397233s

# domain::sync: 0.00155082s
# FindNeighbors: 0.0195179s
# Density: 0.00415116s
# EquationOfState: 6.0965e-05s
# mpi::synchronizeHalos: 3.969e-06s
# IAD: 0.00587591s
# mpi::synchronizeHalos: 3.257e-06s
# MomentumEnergyIAD: 0.0175317s
# Timestep: 3.64e-06s
# UpdateQuantities: 0.000106001s
# UpdateSmoothingLength: 6.3344e-05s
### Check ### Global Tree Nodes: 512, Particles: 8000, Halos: 0
### Check ### Computational domain: -0.5 0.5 -0.5 0.5 -0.5 0.5
### Check ### Total Neighbors: 984000, Avg neighbor count per particle: 123
### Check ### Total time: 0.000400448, current time-step: 3.74043e-05
### Check ### Total energy: 1, (internal: 0.999558, kinetic: 0.000442503, gravitational: 0)
### Check ### Focus Tree Nodes: 512, maxDepth 3
=== Total time for iteration(38) 0.0488708s

# domain::sync: 0.00153659s
# FindNeighbors: 0.0180731s
# Density: 0.00317656s
# EquationOfState: 6.1272e-05s
# mpi::synchronizeHalos: 2.73e-06s
# IAD: 0.00438147s
# mpi::synchronizeHalos: 3.273e-06s
# MomentumEnergyIAD: 0.0120769s
# Timestep: 3.649e-06s
# UpdateQuantities: 0.000105465s
# UpdateSmoothingLength: 6.3356e-05s
### Check ### Global Tree Nodes: 512, Particles: 8000, Halos: 0
### Check ### Computational domain: -0.5 0.5 -0.5 0.5 -0.5 0.5
### Check ### Total Neighbors: 744000, Avg neighbor count per particle: 93
### Check ### Total time: 0.000441593, current time-step: 4.11448e-05
### Check ### Total energy: 1, (internal: 0.999462, kinetic: 0.000538289, gravitational: 0)
### Check ### Focus Tree Nodes: 512, maxDepth 3
=== Total time for iteration(39) 0.0394865s

# domain::sync: 0.00155144s
# FindNeighbors: 0.0183509s
# Density: 0.00316858s
# EquationOfState: 7.0587e-05s
# mpi::synchronizeHalos: 2.908e-06s
# IAD: 0.00441611s
# mpi::synchronizeHalos: 3.248e-06s
# MomentumEnergyIAD: 0.0120014s
# Timestep: 3.32e-06s
# UpdateQuantities: 0.000105248s
# UpdateSmoothingLength: 6.3487e-05s
### Check ### Global Tree Nodes: 512, Particles: 8000, Halos: 0
### Check ### Computational domain: -0.5 0.5 -0.5 0.5 -0.5 0.5
### Check ### Total Neighbors: 744000, Avg neighbor count per particle: 93
### Check ### Total time: 0.000486852, current time-step: 4.52593e-05
### Check ### Total energy: 1, (internal: 0.999346, kinetic: 0.000653652, gravitational: 0)
### Check ### Focus Tree Nodes: 512, maxDepth 3
=== Total time for iteration(40) 0.0397394s

# domain::sync: 0.00155975s
# FindNeighbors: 0.0182546s
# Density: 0.00317316s
# EquationOfState: 6.1025e-05s
# mpi::synchronizeHalos: 2.77e-06s
# IAD: 0.00437183s
# mpi::synchronizeHalos: 3.059e-06s
# MomentumEnergyIAD: 0.0120211s
# Timestep: 3.289e-06s
# UpdateQuantities: 0.00010524s
# UpdateSmoothingLength: 6.3323e-05s
### Check ### Global Tree Nodes: 512, Particles: 8000, Halos: 0
### Check ### Computational domain: -0.5 0.5 -0.5 0.5 -0.5 0.5
### Check ### Total Neighbors: 744000, Avg neighbor count per particle: 93
### Check ### Total time: 0.000536637, current time-step: 4.97852e-05
### Check ### Total energy: 1, (internal: 0.999207, kinetic: 0.000793011, gravitational: 0)
### Check ### Focus Tree Nodes: 512, maxDepth 3
=== Total time for iteration(41) 0.0396214s

# domain::sync: 0.0015439s
# FindNeighbors: 0.019659s
# Density: 0.00417046s
# EquationOfState: 6.301e-05s
# mpi::synchronizeHalos: 2.908e-06s
# IAD: 0.00587391s
# mpi::synchronizeHalos: 3.245e-06s
# MomentumEnergyIAD: 0.017056s
# Timestep: 3.549e-06s
# UpdateQuantities: 0.000106053s
# UpdateSmoothingLength: 6.3317e-05s
### Check ### Global Tree Nodes: 512, Particles: 8000, Halos: 0
### Check ### Computational domain: -0.5 0.5 -0.5 0.5 -0.5 0.5
### Check ### Total Neighbors: 984000, Avg neighbor count per particle: 123
### Check ### Total time: 0.000591401, current time-step: 5.47637e-05
### Check ### Total energy: 1, (internal: 0.999039, kinetic: 0.000961244, gravitational: 0)
### Check ### Focus Tree Nodes: 512, maxDepth 3
=== Total time for iteration(42) 0.0485476s

# domain::sync: 0.00154349s
# FindNeighbors: 0.0181201s
# Density: 0.00317133s
# EquationOfState: 6.0665e-05s
# mpi::synchronizeHalos: 2.754e-06s
# IAD: 0.00441412s
# mpi::synchronizeHalos: 3.458e-06s
# MomentumEnergyIAD: 0.0120194s
# Timestep: 3.293e-06s
# UpdateQuantities: 0.000106037s
# UpdateSmoothingLength: 6.3361e-05s
### Check ### Global Tree Nodes: 512, Particles: 8000, Halos: 0
### Check ### Computational domain: -0.5 0.5 -0.5 0.5 -0.5 0.5
### Check ### Total Neighbors: 744000, Avg neighbor count per particle: 93
### Check ### Total time: 0.000651641, current time-step: 6.02401e-05
### Check ### Total energy: 1, (internal: 0.998833, kinetic: 0.00116693, gravitational: 0)
### Check ### Focus Tree Nodes: 512, maxDepth 3
=== Total time for iteration(43) 0.0395102s

# domain::sync: 0.00155661s
# FindNeighbors: 0.0182647s
# Density: 0.00317925s
# EquationOfState: 6.1104e-05s
# mpi::synchronizeHalos: 2.762e-06s
# IAD: 0.00437376s
# mpi::synchronizeHalos: 3.173e-06s
# MomentumEnergyIAD: 0.0120688s
# Timestep: 3.458e-06s
# UpdateQuantities: 0.000105737s
# UpdateSmoothingLength: 6.3556e-05s
### Check ### Global Tree Nodes: 512, Particles: 8000, Halos: 0
### Check ### Computational domain: -0.5 0.5 -0.5 0.5 -0.5 0.5
### Check ### Total Neighbors: 744000, Avg neighbor count per particle: 93
### Check ### Total time: 0.000717905, current time-step: 6.62641e-05
### Check ### Total energy: 1, (internal: 0.998586, kinetic: 0.00141421, gravitational: 0)
### Check ### Focus Tree Nodes: 512, maxDepth 3
=== Total time for iteration(44) 0.0396851s

# domain::sync: 0.00155314s
# FindNeighbors: 0.0183718s
# Density: 0.00317375s
# EquationOfState: 6.1141e-05s
# mpi::synchronizeHalos: 2.8e-06s
# IAD: 0.00436759s
# mpi::synchronizeHalos: 3.305e-06s
# MomentumEnergyIAD: 0.0120463s
# Timestep: 3.431e-06s
# UpdateQuantities: 0.000109675s
# UpdateSmoothingLength: 6.3383e-05s
### Check ### Global Tree Nodes: 512, Particles: 8000, Halos: 0
### Check ### Computational domain: -0.5 0.5 -0.5 0.5 -0.5 0.5
### Check ### Total Neighbors: 744000, Avg neighbor count per particle: 93
### Check ### Total time: 0.000790795, current time-step: 7.28905e-05
### Check ### Total energy: 1, (internal: 0.998288, kinetic: 0.00171238, gravitational: 0)
### Check ### Focus Tree Nodes: 512, maxDepth 3
=== Total time for iteration(45) 0.0397584s

# domain::sync: 0.00154607s
# FindNeighbors: 0.0194778s
# Density: 0.00415637s
# EquationOfState: 6.115e-05s
# mpi::synchronizeHalos: 2.8e-06s
# IAD: 0.00588964s
# mpi::synchronizeHalos: 3.314e-06s
# MomentumEnergyIAD: 0.0166734s
# Timestep: 4.602e-06s
# UpdateQuantities: 0.000104767s
# UpdateSmoothingLength: 6.3583e-05s
### Check ### Global Tree Nodes: 512, Particles: 8000, Halos: 0
### Check ### Computational domain: -0.5 0.5 -0.5 0.5 -0.5 0.5
### Check ### Total Neighbors: 984000, Avg neighbor count per particle: 123
### Check ### Total time: 0.000870975, current time-step: 8.01795e-05
### Check ### Total energy: 1, (internal: 0.997928, kinetic: 0.0020716, gravitational: 0)
### Check ### Focus Tree Nodes: 512, maxDepth 3
=== Total time for iteration(46) 0.0479857s

# domain::sync: 0.00155483s
# FindNeighbors: 0.0179604s
# Density: 0.00318861s
# EquationOfState: 6.088e-05s
# mpi::synchronizeHalos: 2.818e-06s
# IAD: 0.00436957s
# mpi::synchronizeHalos: 3.248e-06s
# MomentumEnergyIAD: 0.0120525s
# Timestep: 3.466e-06s
# UpdateQuantities: 0.000105362s
# UpdateSmoothingLength: 6.3351e-05s
### Check ### Global Tree Nodes: 512, Particles: 8000, Halos: 0
### Check ### Computational domain: -0.5 0.5 -0.5 0.5 -0.5 0.5
### Check ### Total Neighbors: 744000, Avg neighbor count per particle: 93
### Check ### Total time: 0.000959172, current time-step: 8.81975e-05
### Check ### Total energy: 1, (internal: 0.99749, kinetic: 0.00250986, gravitational: 0)
### Check ### Focus Tree Nodes: 512, maxDepth 3
=== Total time for iteration(47) 0.0393673s

# domain::sync: 0.00152753s
# FindNeighbors: 0.0183853s
# Density: 0.00325387s
# EquationOfState: 6.1108e-05s
# mpi::synchronizeHalos: 2.729e-06s
# IAD: 0.00436814s
# mpi::synchronizeHalos: 3.228e-06s
# MomentumEnergyIAD: 0.0120019s
# Timestep: 3.62e-06s
# UpdateQuantities: 0.000106087s
# UpdateSmoothingLength: 6.3238e-05s
### Check ### Global Tree Nodes: 512, Particles: 8000, Halos: 0
### Check ### Computational domain: -0.5 0.5 -0.5 0.5 -0.5 0.5
### Check ### Total Neighbors: 744000, Avg neighbor count per particle: 93
### Check ### Total time: 0.00105619, current time-step: 9.70172e-05
### Check ### Total energy: 1, (internal: 0.996964, kinetic: 0.00303544, gravitational: 0)
### Check ### Focus Tree Nodes: 512, maxDepth 3
=== Total time for iteration(48) 0.039779s

# domain::sync: 0.00157899s
# FindNeighbors: 0.0183051s
# Density: 0.00319859s
# EquationOfState: 6.1318e-05s
# mpi::synchronizeHalos: 2.685e-06s
# IAD: 0.00440078s
# mpi::synchronizeHalos: 3.258e-06s
# MomentumEnergyIAD: 0.0121074s
# Timestep: 3.554e-06s
# UpdateQuantities: 0.000106149s
# UpdateSmoothingLength: 6.324e-05s
### Check ### Global Tree Nodes: 512, Particles: 8000, Halos: 0
### Check ### Computational domain: -0.5 0.5 -0.5 0.5 -0.5 0.5
### Check ### Total Neighbors: 749712, Avg neighbor count per particle: 93
### Check ### Total time: 0.00116291, current time-step: 0.000106719
### Check ### Total energy: 1, (internal: 0.996332, kinetic: 0.00366739, gravitational: 0)
### Check ### Focus Tree Nodes: 512, maxDepth 3
=== Total time for iteration(49) 0.0398333s

# domain::sync: 0.00156014s
# FindNeighbors: 0.0194615s
# Density: 0.0041186s
# EquationOfState: 6.0999e-05s
# mpi::synchronizeHalos: 2.701e-06s
# IAD: 0.00579204s
# mpi::synchronizeHalos: 3.217e-06s
# MomentumEnergyIAD: 0.0164913s
# Timestep: 6.243e-06s
# UpdateQuantities: 0.000105982s
# UpdateSmoothingLength: 6.3361e-05s
### Check ### Global Tree Nodes: 512, Particles: 8000, Halos: 0
### Check ### Computational domain: -0.5 0.5 -0.5 0.5 -0.5 0.5
### Check ### Total Neighbors: 974880, Avg neighbor count per particle: 121
### Check ### Total time: 0.0012803, current time-step: 0.000117391
### Check ### Total energy: 1, (internal: 0.995569, kinetic: 0.00443039, gravitational: 0)
### Check ### Focus Tree Nodes: 512, maxDepth 3
=== Total time for iteration(50) 0.0476683s

# domain::sync: 0.00153202s
# FindNeighbors: 0.018246s
# Density: 0.00320862s
# EquationOfState: 6.0975e-05s
# mpi::synchronizeHalos: 2.79e-06s
# IAD: 0.00441508s
# mpi::synchronizeHalos: 3.013e-06s
# MomentumEnergyIAD: 0.0121646s
# Timestep: 3.494e-06s
# UpdateQuantities: 0.000108888s
# UpdateSmoothingLength: 6.3463e-05s
### Check ### Global Tree Nodes: 512, Particles: 8000, Halos: 0
### Check ### Computational domain: -0.5 0.5 -0.5 0.5 -0.5 0.5
### Check ### Total Neighbors: 752328, Avg neighbor count per particle: 94
### Check ### Total time: 0.00140943, current time-step: 0.00012913
### Check ### Total energy: 1, (internal: 0.994655, kinetic: 0.0053445, gravitational: 0)
### Check ### Focus Tree Nodes: 512, maxDepth 3
=== Total time for iteration(51) 0.0398111s

# domain::sync: 0.00156406s
# FindNeighbors: 0.0182277s
# Density: 0.00317557s
# EquationOfState: 6.1001e-05s
# mpi::synchronizeHalos: 2.833e-06s
# IAD: 0.00440672s
# mpi::synchronizeHalos: 3.186e-06s
# MomentumEnergyIAD: 0.0120064s
# Timestep: 3.58e-06s
# UpdateQuantities: 0.000106041s
# UpdateSmoothingLength: 6.3315e-05s
### Check ### Global Tree Nodes: 512, Particles: 8000, Halos: 0
### Check ### Computational domain: -0.5 0.5 -0.5 0.5 -0.5 0.5
### Check ### Total Neighbors: 744000, Avg neighbor count per particle: 93
### Check ### Total time: 0.00155147, current time-step: 0.000142043
### Check ### Total energy: 1, (internal: 0.993549, kinetic: 0.00645022, gravitational: 0)
### Check ### Focus Tree Nodes: 512, maxDepth 3
=== Total time for iteration(52) 0.0396226s

# domain::sync: 0.00155039s
# FindNeighbors: 0.0195018s
# Density: 0.00400208s
# EquationOfState: 6.1061e-05s
# mpi::synchronizeHalos: 2.714e-06s
# IAD: 0.00567494s
# mpi::synchronizeHalos: 3.25e-06s
# MomentumEnergyIAD: 0.02022s
# Timestep: 3.46e-06s
# UpdateQuantities: 0.000109758s
# UpdateSmoothingLength: 6.3639e-05s
### Check ### Global Tree Nodes: 512, Particles: 8000, Halos: 0
### Check ### Computational domain: -0.5 0.5 -0.5 0.5 -0.5 0.5
### Check ### Total Neighbors: 943056, Avg neighbor count per particle: 117
### Check ### Total time: 0.00170772, current time-step: 0.000156247
### Check ### Total energy: 0.999999, (internal: 0.99223, kinetic: 0.00776965, gravitational: 0)
### Check ### Focus Tree Nodes: 512, maxDepth 3
=== Total time for iteration(53) 0.0511952s

# domain::sync: 0.00157057s
# FindNeighbors: 0.0182724s
# Density: 0.00330947s
# EquationOfState: 6.0742e-05s
# mpi::synchronizeHalos: 2.807e-06s
# IAD: 0.00456872s
# mpi::synchronizeHalos: 3.309e-06s
# MomentumEnergyIAD: 0.0126902s
# Timestep: 3.595e-06s
# UpdateQuantities: 0.000106038s
# UpdateSmoothingLength: 6.3241e-05s
### Check ### Global Tree Nodes: 512, Particles: 8000, Halos: 0
### Check ### Computational domain: -0.5 0.5 -0.5 0.5 -0.5 0.5
### Check ### Total Neighbors: 778536, Avg neighbor count per particle: 97
### Check ### Total time: 0.00187959, current time-step: 0.000171872
### Check ### Total energy: 0.999999, (internal: 0.990649, kinetic: 0.0093498, gravitational: 0)
### Check ### Focus Tree Nodes: 512, maxDepth 3
=== Total time for iteration(54) 0.0406532s

# domain::sync: 0.00157635s
# FindNeighbors: 0.0183718s
# Density: 0.00330695s
# EquationOfState: 6.2085e-05s
# mpi::synchronizeHalos: 2.839e-06s
# IAD: 0.00478466s
# mpi::synchronizeHalos: 3.29e-06s
# MomentumEnergyIAD: 0.0122532s
# Timestep: 3.697e-06s
# UpdateQuantities: 0.000105425s
# UpdateSmoothingLength: 6.2769e-05s
### Check ### Global Tree Nodes: 512, Particles: 8000, Halos: 0
### Check ### Computational domain: -0.5 0.5 -0.5 0.5 -0.5 0.5
### Check ### Total Neighbors: 750000, Avg neighbor count per particle: 93
### Check ### Total time: 0.00206865, current time-step: 0.000189059
### Check ### Total energy: 0.999999, (internal: 0.988762, kinetic: 0.0112367, gravitational: 0)
### Check ### Focus Tree Nodes: 512, maxDepth 3
=== Total time for iteration(55) 0.0405353s

# domain::sync: 0.00155912s
# FindNeighbors: 0.0184783s
# Density: 0.00313233s
# EquationOfState: 6.1108e-05s
# mpi::synchronizeHalos: 2.678e-06s
# IAD: 0.00463639s
# mpi::synchronizeHalos: 3.025e-06s
# MomentumEnergyIAD: 0.0121067s
# Timestep: 3.536e-06s
# UpdateQuantities: 0.000105581s
# UpdateSmoothingLength: 6.2494e-05s
### Check ### Global Tree Nodes: 512, Particles: 8000, Halos: 0
### Check ### Computational domain: -0.5 0.5 -0.5 0.5 -0.5 0.5
### Check ### Total Neighbors: 745128, Avg neighbor count per particle: 93
### Check ### Total time: 0.00227662, current time-step: 0.000207965
### Check ### Total energy: 0.999998, (internal: 0.98651, kinetic: 0.013488, gravitational: 0)
### Check ### Focus Tree Nodes: 512, maxDepth 3
=== Total time for iteration(56) 0.0401534s

# domain::sync: 0.00158193s
# FindNeighbors: 0.0193957s
# Density: 0.00395279s
# EquationOfState: 6.0966e-05s
# mpi::synchronizeHalos: 2.863e-06s
# IAD: 0.00598862s
# mpi::synchronizeHalos: 3.006e-06s
# MomentumEnergyIAD: 0.0176733s
# Timestep: 3.774e-06s
# UpdateQuantities: 0.00010608s
# UpdateSmoothingLength: 6.2599e-05s
### Check ### Global Tree Nodes: 512, Particles: 8000, Halos: 0
### Check ### Computational domain: -0.5 0.5 -0.5 0.5 -0.5 0.5
### Check ### Total Neighbors: 945528, Avg neighbor count per particle: 118
### Check ### Total time: 0.00250538, current time-step: 0.000228762
### Check ### Total energy: 0.999998, (internal: 0.983839, kinetic: 0.0161581, gravitational: 0)
### Check ### Focus Tree Nodes: 512, maxDepth 3
=== Total time for iteration(57) 0.0488339s

# domain::sync: 0.00154063s
# FindNeighbors: 0.0182395s
# Density: 0.00327398s
# EquationOfState: 6.1313e-05s
# mpi::synchronizeHalos: 2.739e-06s
# IAD: 0.00484362s
# mpi::synchronizeHalos: 3.372e-06s
# MomentumEnergyIAD: 0.0126806s
# Timestep: 3.465e-06s
# UpdateQuantities: 0.000105819s
# UpdateSmoothingLength: 6.252e-05s
### Check ### Global Tree Nodes: 512, Particles: 8000, Halos: 0
### Check ### Computational domain: -0.5 0.5 -0.5 0.5 -0.5 0.5
### Check ### Total Neighbors: 779184, Avg neighbor count per particle: 97
### Check ### Total time: 0.00275701, current time-step: 0.000251638
### Check ### Total energy: 0.999997, (internal: 0.980673, kinetic: 0.0193235, gravitational: 0)
### Check ### Focus Tree Nodes: 512, maxDepth 3
=== Total time for iteration(58) 0.0408197s

# domain::sync: 0.00158303s
# FindNeighbors: 0.0183905s
# Density: 0.00319079s
# EquationOfState: 6.1227e-05s
# mpi::synchronizeHalos: 2.797e-06s
# IAD: 0.00465473s
# mpi::synchronizeHalos: 3.194e-06s
# MomentumEnergyIAD: 0.012122s
# Timestep: 3.366e-06s
# UpdateQuantities: 0.000105922s
# UpdateSmoothingLength: 6.2621e-05s
### Check ### Global Tree Nodes: 512, Particles: 8000, Halos: 0
### Check ### Computational domain: -0.5 0.5 -0.5 0.5 -0.5 0.5
### Check ### Total Neighbors: 747360, Avg neighbor count per particle: 93
### Check ### Total time: 0.00303382, current time-step: 0.000276801
### Check ### Total energy: 0.999996, (internal: 0.97694, kinetic: 0.0230562, gravitational: 0)
### Check ### Focus Tree Nodes: 512, maxDepth 3
=== Total time for iteration(59) 0.0401825s

# domain::sync: 0.00157222s
# FindNeighbors: 0.0182302s
# Density: 0.00314991s
# EquationOfState: 6.0935e-05s
# mpi::synchronizeHalos: 2.835e-06s
# IAD: 0.00465109s
# mpi::synchronizeHalos: 3.076e-06s
# MomentumEnergyIAD: 0.0121429s
# Timestep: 3.4e-06s
# UpdateQuantities: 0.000105749s
# UpdateSmoothingLength: 6.2473e-05s
### Check ### Global Tree Nodes: 512, Particles: 8000, Halos: 0
### Check ### Computational domain: -0.5 0.5 -0.5 0.5 -0.5 0.5
### Check ### Total Neighbors: 746592, Avg neighbor count per particle: 93
### Check ### Total time: 0.0033383, current time-step: 0.000304482
### Check ### Total energy: 0.999995, (internal: 0.972555, kinetic: 0.0274396, gravitational: 0)
### Check ### Focus Tree Nodes: 512, maxDepth 3
=== Total time for iteration(60) 0.039987s

# domain::sync: 0.00158788s
# FindNeighbors: 0.019437s
# Density: 0.00396466s
# EquationOfState: 6.1039e-05s
# mpi::synchronizeHalos: 2.726e-06s
# IAD: 0.00597573s
# mpi::synchronizeHalos: 3.049e-06s
# MomentumEnergyIAD: 0.0167539s
# Timestep: 3.482e-06s
# UpdateQuantities: 0.000105814s
# UpdateSmoothingLength: 6.256e-05s
### Check ### Global Tree Nodes: 512, Particles: 8000, Halos: 0
### Check ### Computational domain: -0.5 0.5 -0.5 0.5 -0.5 0.5
### Check ### Total Neighbors: 945480, Avg neighbor count per particle: 118
### Check ### Total time: 0.00367323, current time-step: 0.00033493
### Check ### Total energy: 0.999994, (internal: 0.967447, kinetic: 0.0325474, gravitational: 0)
### Check ### Focus Tree Nodes: 512, maxDepth 3
=== Total time for iteration(61) 0.04796s

# domain::sync: 0.00155123s
# FindNeighbors: 0.0183017s
# Density: 0.00326065s
# EquationOfState: 6.1486e-05s
# mpi::synchronizeHalos: 2.814e-06s
# IAD: 0.0048973s
# mpi::synchronizeHalos: 3.183e-06s
# MomentumEnergyIAD: 0.0126661s
# Timestep: 3.328e-06s
# UpdateQuantities: 0.000105642s
# UpdateSmoothingLength: 6.2663e-05s
### Check ### Global Tree Nodes: 512, Particles: 8000, Halos: 0
### Check ### Computational domain: -0.5 0.5 -0.5 0.5 -0.5 0.5
### Check ### Total Neighbors: 775536, Avg neighbor count per particle: 96
### Check ### Total time: 0.00404165, current time-step: 0.000368423
### Check ### Total energy: 0.999994, (internal: 0.961516, kinetic: 0.038478, gravitational: 0)
### Check ### Focus Tree Nodes: 512, maxDepth 3
=== Total time for iteration(62) 0.0409183s

# domain::sync: 0.0015964s
# FindNeighbors: 0.0184116s
# Density: 0.00315817s
# EquationOfState: 6.128e-05s
# mpi::synchronizeHalos: 2.772e-06s
# IAD: 0.004662s
# mpi::synchronizeHalos: 3.154e-06s
# MomentumEnergyIAD: 0.0122088s
# Timestep: 3.711e-06s
# UpdateQuantities: 0.000106371s
# UpdateSmoothingLength: 6.2514e-05s
### Check ### Global Tree Nodes: 512, Particles: 8000, Halos: 0
### Check ### Computational domain: -0.5 0.5 -0.5 0.5 -0.5 0.5
### Check ### Total Neighbors: 748872, Avg neighbor count per particle: 93
### Check ### Total time: 0.00444692, current time-step: 0.000405265
### Check ### Total energy: 0.999994, (internal: 0.954687, kinetic: 0.0453072, gravitational: 0)
### Check ### Focus Tree Nodes: 512, maxDepth 3
=== Total time for iteration(63) 0.040279s

# domain::sync: 0.00157341s
# FindNeighbors: 0.0182598s
# Density: 0.00315347s
# EquationOfState: 6.158e-05s
# mpi::synchronizeHalos: 2.812e-06s
# IAD: 0.00465195s
# mpi::synchronizeHalos: 3.055e-06s
# MomentumEnergyIAD: 0.0121195s
# Timestep: 3.607e-06s
# UpdateQuantities: 0.000105364s
# UpdateSmoothingLength: 6.2586e-05s
### Check ### Global Tree Nodes: 512, Particles: 8000, Halos: 0
### Check ### Computational domain: -0.5 0.5 -0.5 0.5 -0.5 0.5
### Check ### Total Neighbors: 748080, Avg neighbor count per particle: 93
### Check ### Total time: 0.00489271, current time-step: 0.000445792
### Check ### Total energy: 0.999997, (internal: 0.946897, kinetic: 0.0530997, gravitational: 0)
### Check ### Focus Tree Nodes: 512, maxDepth 3
=== Total time for iteration(64) 0.0399993s

# domain::sync: 0.00156878s
# FindNeighbors: 0.0195438s
# Density: 0.00400318s
# EquationOfState: 6.1264e-05s
# mpi::synchronizeHalos: 2.756e-06s
# IAD: 0.00598065s
# mpi::synchronizeHalos: 3.173e-06s
# MomentumEnergyIAD: 0.016393s
# Timestep: 3.373e-06s
# UpdateQuantities: 0.000108518s
# UpdateSmoothingLength: 6.2736e-05s
### Check ### Global Tree Nodes: 512, Particles: 8000, Halos: 0
### Check ### Computational domain: -0.5 0.5 -0.5 0.5 -0.5 0.5
### Check ### Total Neighbors: 948672, Avg neighbor count per particle: 118
### Check ### Total time: 0.00538308, current time-step: 0.000490371
### Check ### Total energy: 1, (internal: 0.938091, kinetic: 0.0619117, gravitational: 0)
### Check ### Focus Tree Nodes: 512, maxDepth 3
=== Total time for iteration(65) 0.0477334s

# domain::sync: 0.00157931s
# FindNeighbors: 0.0181422s
# Density: 0.00322666s
# EquationOfState: 6.1223e-05s
# mpi::synchronizeHalos: 2.942e-06s
# IAD: 0.00479278s
# mpi::synchronizeHalos: 7.715e-06s
# MomentumEnergyIAD: 0.0124556s
# Timestep: 3.673e-06s
# UpdateQuantities: 0.000105202s
# UpdateSmoothingLength: 6.2895e-05s
### Check ### Global Tree Nodes: 512, Particles: 8000, Halos: 0
### Check ### Computational domain: -0.5 0.5 -0.5 0.5 -0.5 0.5
### Check ### Total Neighbors: 764328, Avg neighbor count per particle: 95
### Check ### Total time: 0.00592249, current time-step: 0.000539408
### Check ### Total energy: 1.00002, (internal: 0.928239, kinetic: 0.0717761, gravitational: 0)
### Check ### Focus Tree Nodes: 512, maxDepth 3
=== Total time for iteration(66) 0.0404425s

# domain::sync: 0.00155618s
# FindNeighbors: 0.0184195s
# Density: 0.00318409s
# EquationOfState: 6.1279e-05s
# mpi::synchronizeHalos: 2.732e-06s
# IAD: 0.00470144s
# mpi::synchronizeHalos: 3.2e-06s
# MomentumEnergyIAD: 0.0122943s
# Timestep: 3.55e-06s
# UpdateQuantities: 0.000109288s
# UpdateSmoothingLength: 6.2952e-05s
### Check ### Global Tree Nodes: 512, Particles: 8000, Halos: 0
### Check ### Computational domain: -0.5 0.5 -0.5 0.5 -0.5 0.5
### Check ### Total Neighbors: 754872, Avg neighbor count per particle: 94
### Check ### Total time: 0.00651583, current time-step: 0.000593349
### Check ### Total energy: 1.00004, (internal: 0.917333, kinetic: 0.0827045, gravitational: 0)
### Check ### Focus Tree Nodes: 512, maxDepth 3
=== Total time for iteration(67) 0.0404006s

# domain::sync: 0.00159528s
# FindNeighbors: 0.0184146s
# Density: 0.00317824s
# EquationOfState: 6.11e-05s
# mpi::synchronizeHalos: 2.806e-06s
# IAD: 0.00473182s
# mpi::synchronizeHalos: 3.331e-06s
# MomentumEnergyIAD: 0.0122354s
# Timestep: 3.327e-06s
# UpdateQuantities: 0.000105915s
# UpdateSmoothingLength: 6.2757e-05s
### Check ### Global Tree Nodes: 512, Particles: 8000, Halos: 0
### Check ### Computational domain: -0.5 0.5 -0.5 0.5 -0.5 0.5
### Check ### Total Neighbors: 754056, Avg neighbor count per particle: 94
### Check ### Total time: 0.00716852, current time-step: 0.000652683
### Check ### Total energy: 1.00007, (internal: 0.905432, kinetic: 0.0946395, gravitational: 0)
### Check ### Focus Tree Nodes: 512, maxDepth 3
=== Total time for iteration(68) 0.0403968s

# domain::sync: 0.00158465s
# FindNeighbors: 0.0195651s
# Density: 0.00397971s
# EquationOfState: 6.1151e-05s
# mpi::synchronizeHalos: 2.743e-06s
# IAD: 0.00597113s
# mpi::synchronizeHalos: 3.362e-06s
# MomentumEnergyIAD: 0.0161949s
# Timestep: 4.261e-06s
# UpdateQuantities: 0.00010608s
# UpdateSmoothingLength: 6.2578e-05s
### Check ### Global Tree Nodes: 512, Particles: 8000, Halos: 0
### Check ### Computational domain: -0.5 0.5 -0.5 0.5 -0.5 0.5
### Check ### Total Neighbors: 948480, Avg neighbor count per particle: 118
### Check ### Total time: 0.00788647, current time-step: 0.000717952
### Check ### Total energy: 1.00013, (internal: 0.892608, kinetic: 0.107518, gravitational: 0)
### Check ### Focus Tree Nodes: 512, maxDepth 3
=== Total time for iteration(69) 0.0475378s

# domain::sync: 0.00163435s
# FindNeighbors: 0.0182312s
# Density: 0.0031865s
# EquationOfState: 6.0629e-05s
# mpi::synchronizeHalos: 2.771e-06s
# IAD: 0.00470949s
# mpi::synchronizeHalos: 3.076e-06s
# MomentumEnergyIAD: 0.012334s
# Timestep: 3.465e-06s
# UpdateQuantities: 0.000105999s
# UpdateSmoothingLength: 6.2602e-05s
### Check ### Global Tree Nodes: 512, Particles: 8000, Halos: 0
### Check ### Computational domain: -0.5 0.5 -0.5 0.5 -0.5 0.5
### Check ### Total Neighbors: 754896, Avg neighbor count per particle: 94
### Check ### Total time: 0.00867622, current time-step: 0.000789747
### Check ### Total energy: 1.00021, (internal: 0.87903, kinetic: 0.121178, gravitational: 0)
### Check ### Focus Tree Nodes: 512, maxDepth 3
=== Total time for iteration(70) 0.0403363s

# domain::sync: 0.00158819s
# FindNeighbors: 0.0186326s
# Density: 0.00335917s
# EquationOfState: 8.0783e-05s
# mpi::synchronizeHalos: 5.189e-06s
# IAD: 0.00474678s
# mpi::synchronizeHalos: 3.368e-06s
# MomentumEnergyIAD: 0.0123532s
# Timestep: 2.2982e-05s
# UpdateQuantities: 0.000113838s
# UpdateSmoothingLength: 6.3025e-05s
### Check ### Global Tree Nodes: 512, Particles: 8000, Halos: 0
### Check ### Computational domain: -0.5 0.5 -0.5 0.5 -0.5 0.5
### Check ### Total Neighbors: 757008, Avg neighbor count per particle: 94
### Check ### Total time: 0.00954494, current time-step: 0.000868722
### Check ### Total energy: 1.00033, (internal: 0.864894, kinetic: 0.135438, gravitational: 0)
### Check ### Focus Tree Nodes: 512, maxDepth 3
=== Total time for iteration(71) 0.0409712s

# domain::sync: 0.00164032s
# FindNeighbors: 0.0182852s
# Density: 0.00319638s
# EquationOfState: 6.1062e-05s
# mpi::synchronizeHalos: 2.975e-06s
# IAD: 0.0047519s
# mpi::synchronizeHalos: 3.182e-06s
# MomentumEnergyIAD: 0.0123064s
# Timestep: 3.519e-06s
# UpdateQuantities: 0.000105622s
# UpdateSmoothingLength: 6.2619e-05s
### Check ### Global Tree Nodes: 512, Particles: 8000, Halos: 0
### Check ### Computational domain: -0.5 0.5 -0.5 0.5 -0.5 0.5
### Check ### Total Neighbors: 756432, Avg neighbor count per particle: 94
### Check ### Total time: 0.0104389, current time-step: 0.000893965
### Check ### Total energy: 1.00036, (internal: 0.851337, kinetic: 0.149019, gravitational: 0)
### Check ### Focus Tree Nodes: 512, maxDepth 3
=== Total time for iteration(72) 0.0404214s

# domain::sync: 0.00159778s
# FindNeighbors: 0.0194812s
# Density: 0.00396548s
# EquationOfState: 6.1108e-05s
# mpi::synchronizeHalos: 2.823e-06s
# IAD: 0.00594614s
# mpi::synchronizeHalos: 3.155e-06s
# MomentumEnergyIAD: 0.0160592s
# Timestep: 3.843e-06s
# UpdateQuantities: 0.00010515s
# UpdateSmoothingLength: 6.2794e-05s
### Check ### Global Tree Nodes: 512, Particles: 8000, Halos: 0
### Check ### Computational domain: -0.5 0.5 -0.5 0.5 -0.5 0.5
### Check ### Total Neighbors: 945696, Avg neighbor count per particle: 118
### Check ### Total time: 0.0113412, current time-step: 0.000902346
### Check ### Total energy: 1.00036, (internal: 0.838634, kinetic: 0.161727, gravitational: 0)
### Check ### Focus Tree Nodes: 512, maxDepth 3
=== Total time for iteration(73) 0.0472909s

# domain::sync: 0.00157094s
# FindNeighbors: 0.0181649s
# Density: 0.00321094s
# EquationOfState: 6.1359e-05s
# mpi::synchronizeHalos: 2.784e-06s
# IAD: 0.00473815s
# mpi::synchronizeHalos: 3.183e-06s
# MomentumEnergyIAD: 0.0124297s
# Timestep: 3.463e-06s
# UpdateQuantities: 0.000106113s
# UpdateSmoothingLength: 6.6114e-05s
### Check ### Global Tree Nodes: 512, Particles: 8000, Halos: 0
### Check ### Computational domain: -0.5 0.5 -0.5 0.5 -0.5 0.5
### Check ### Total Neighbors: 759920, Avg neighbor count per particle: 94
### Check ### Total time: 0.012261, current time-step: 0.000919786
### Check ### Total energy: 1.0004, (internal: 0.826663, kinetic: 0.173741, gravitational: 0)
### Check ### Focus Tree Nodes: 512, maxDepth 3
=== Total time for iteration(74) 0.0403601s

# domain::sync: 0.00159212s
# FindNeighbors: 0.0184451s
# Density: 0.00320624s
# EquationOfState: 6.0783e-05s
# mpi::synchronizeHalos: 2.722e-06s
# IAD: 0.0047646s
# mpi::synchronizeHalos: 3.278e-06s
# MomentumEnergyIAD: 0.0123338s
# Timestep: 3.486e-06s
# UpdateQuantities: 0.000105348s
# UpdateSmoothingLength: 6.2814e-05s
### Check ### Global Tree Nodes: 512, Particles: 8000, Halos: 0
### Check ### Computational domain: -0.5 0.5 -0.5 0.5 -0.5 0.5
### Check ### Total Neighbors: 757240, Avg neighbor count per particle: 94
### Check ### Total time: 0.0131744, current time-step: 0.000913409
### Check ### Total energy: 1.00039, (internal: 0.815744, kinetic: 0.184646, gravitational: 0)
### Check ### Focus Tree Nodes: 512, maxDepth 3
=== Total time for iteration(75) 0.0405825s

# domain::sync: 0.00160009s
# FindNeighbors: 0.0191594s
# Density: 0.00385383s
# EquationOfState: 6.1295e-05s
# mpi::synchronizeHalos: 2.8e-06s
# IAD: 0.00596084s
# mpi::synchronizeHalos: 3.138e-06s
# MomentumEnergyIAD: 0.0364248s
# Timestep: 3.758e-06s
# UpdateQuantities: 0.000105984s
# UpdateSmoothingLength: 6.5881e-05s
### Check ### Global Tree Nodes: 512, Particles: 8000, Halos: 0
### Check ### Computational domain: -0.5 0.5 -0.5 0.5 -0.5 0.5
### Check ### Total Neighbors: 916360, Avg neighbor count per particle: 114
### Check ### Total time: 0.0140855, current time-step: 0.000911014
### Check ### Total energy: 1.00038, (internal: 0.805719, kinetic: 0.194666, gravitational: 0)
### Check ### Focus Tree Nodes: 512, maxDepth 3
=== Total time for iteration(76) 0.0672443s

# domain::sync: 0.0016057s
# FindNeighbors: 0.0182453s
# Density: 0.00330493s
# EquationOfState: 6.1342e-05s
# mpi::synchronizeHalos: 2.843e-06s
# IAD: 0.00487336s
# mpi::synchronizeHalos: 3.163e-06s
# MomentumEnergyIAD: 0.0129319s
# Timestep: 3.558e-06s
# UpdateQuantities: 0.000105663s
# UpdateSmoothingLength: 6.2479e-05s
### Check ### Global Tree Nodes: 512, Particles: 8000, Halos: 0
### Check ### Computational domain: -0.5 0.5 -0.5 0.5 -0.5 0.5
### Check ### Total Neighbors: 782184, Avg neighbor count per particle: 97
### Check ### Total time: 0.0150003, current time-step: 0.000914804
### Check ### Total energy: 1.00038, (internal: 0.796477, kinetic: 0.203907, gravitational: 0)
### Check ### Focus Tree Nodes: 512, maxDepth 3
=== Total time for iteration(77) 0.0412024s

# domain::sync: 0.00157431s
# FindNeighbors: 0.0183927s
# Density: 0.00322817s
# EquationOfState: 6.1421e-05s
# mpi::synchronizeHalos: 2.769e-06s
# IAD: 0.00479699s
# mpi::synchronizeHalos: 3.282e-06s
# MomentumEnergyIAD: 0.0124392s
# Timestep: 3.296e-06s
# UpdateQuantities: 0.000106482s
# UpdateSmoothingLength: 6.5594e-05s
### Check ### Global Tree Nodes: 512, Particles: 8000, Halos: 0
### Check ### Computational domain: -0.5 0.5 -0.5 0.5 -0.5 0.5
### Check ### Total Neighbors: 762192, Avg neighbor count per particle: 95
### Check ### Total time: 0.0159232, current time-step: 0.000922909
### Check ### Total energy: 1.00039, (internal: 0.788009, kinetic: 0.212382, gravitational: 0)
### Check ### Focus Tree Nodes: 512, maxDepth 3
=== Total time for iteration(78) 0.0406767s

# domain::sync: 0.00160486s
# FindNeighbors: 0.0183149s
# Density: 0.0033601s
# EquationOfState: 6.1376e-05s
# mpi::synchronizeHalos: 2.71e-06s
# IAD: 0.00487442s
# mpi::synchronizeHalos: 3.346e-06s
# MomentumEnergyIAD: 0.0124014s
# Timestep: 3.467e-06s
# UpdateQuantities: 0.000105916s
# UpdateSmoothingLength: 6.2527e-05s
### Check ### Global Tree Nodes: 512, Particles: 8000, Halos: 0
### Check ### Computational domain: -0.5 0.5 -0.5 0.5 -0.5 0.5
### Check ### Total Neighbors: 759144, Avg neighbor count per particle: 94
### Check ### Total time: 0.016863, current time-step: 0.000939848
### Check ### Total energy: 1.00043, (internal: 0.780227, kinetic: 0.220201, gravitational: 0)
### Check ### Focus Tree Nodes: 512, maxDepth 3
=== Total time for iteration(79) 0.0407972s

# domain::sync: 0.00160636s
# FindNeighbors: 0.0192681s
# Density: 0.00387296s
# EquationOfState: 6.1345e-05s
# mpi::synchronizeHalos: 2.704e-06s
# IAD: 0.00585681s
# mpi::synchronizeHalos: 3.233e-06s
# MomentumEnergyIAD: 0.0177682s
# Timestep: 3.593e-06s
# UpdateQuantities: 0.000105248s
# UpdateSmoothingLength: 6.257e-05s
### Check ### Global Tree Nodes: 512, Particles: 8000, Halos: 0
### Check ### Computational domain: -0.5 0.5 -0.5 0.5 -0.5 0.5
### Check ### Total Neighbors: 919752, Avg neighbor count per particle: 114
### Check ### Total time: 0.0178216, current time-step: 0.000958622
### Check ### Total energy: 1.00047, (internal: 0.773102, kinetic: 0.227369, gravitational: 0)
### Check ### Focus Tree Nodes: 512, maxDepth 3
=== Total time for iteration(80) 0.0486132s

# domain::sync: 0.00161229s
# FindNeighbors: 0.0182602s
# Density: 0.00326701s
# EquationOfState: 6.159e-05s
# mpi::synchronizeHalos: 2.896e-06s
# IAD: 0.00482499s
# mpi::synchronizeHalos: 3.268e-06s
# MomentumEnergyIAD: 0.0127277s
# Timestep: 3.608e-06s
# UpdateQuantities: 0.000105489s
# UpdateSmoothingLength: 6.2594e-05s
### Check ### Global Tree Nodes: 512, Particles: 8000, Halos: 0
### Check ### Computational domain: -0.5 0.5 -0.5 0.5 -0.5 0.5
### Check ### Total Neighbors: 773064, Avg neighbor count per particle: 96
### Check ### Total time: 0.0188018, current time-step: 0.000980132
### Check ### Total energy: 1.00052, (internal: 0.766631, kinetic: 0.233885, gravitational: 0)
### Check ### Focus Tree Nodes: 512, maxDepth 3
=== Total time for iteration(81) 0.0409339s

# domain::sync: 0.00161188s
# FindNeighbors: 0.0183864s
# Density: 0.0032502s
# EquationOfState: 6.4367e-05s
# mpi::synchronizeHalos: 2.921e-06s
# IAD: 0.00483144s
# mpi::synchronizeHalos: 3.201e-06s
# MomentumEnergyIAD: 0.0125625s
# Timestep: 3.503e-06s
# UpdateQuantities: 0.00010548s
# UpdateSmoothingLength: 6.2622e-05s
### Check ### Global Tree Nodes: 512, Particles: 8000, Halos: 0
### Check ### Computational domain: -0.5 0.5 -0.5 0.5 -0.5 0.5
### Check ### Total Neighbors: 767832, Avg neighbor count per particle: 95
### Check ### Total time: 0.0197891, current time-step: 0.000987353
### Check ### Total energy: 1.00053, (internal: 0.760898, kinetic: 0.239631, gravitational: 0)
### Check ### Focus Tree Nodes: 512, maxDepth 3
=== Total time for iteration(82) 0.0408867s

# domain::sync: 0.00162134s
# FindNeighbors: 0.0182098s
# Density: 0.00323004s
# EquationOfState: 6.1142e-05s
# mpi::synchronizeHalos: 2.744e-06s
# IAD: 0.00476509s
# mpi::synchronizeHalos: 3.332e-06s
# MomentumEnergyIAD: 0.0124796s
# Timestep: 3.741e-06s
# UpdateQuantities: 0.000105138s
# UpdateSmoothingLength: 6.2649e-05s
### Check ### Global Tree Nodes: 512, Particles: 8000, Halos: 0
### Check ### Computational domain: -0.5 0.5 -0.5 0.5 -0.5 0.5
### Check ### Total Neighbors: 763200, Avg neighbor count per particle: 95
### Check ### Total time: 0.0208081, current time-step: 0.00101902
### Check ### Total energy: 1.0006, (internal: 0.755703, kinetic: 0.244892, gravitational: 0)
### Check ### Focus Tree Nodes: 512, maxDepth 3
=== Total time for iteration(83) 0.0405469s

# domain::sync: 0.00159997s
# FindNeighbors: 0.0192231s
# Density: 0.00390615s
# EquationOfState: 6.3094e-05s
# mpi::synchronizeHalos: 2.774e-06s
# IAD: 0.00585877s
# mpi::synchronizeHalos: 3.324e-06s
# MomentumEnergyIAD: 0.0163295s
# Timestep: 3.48e-06s
# UpdateQuantities: 0.000106458s
# UpdateSmoothingLength: 6.2473e-05s
### Check ### Global Tree Nodes: 512, Particles: 8000, Halos: 0
### Check ### Computational domain: -0.5 0.5 -0.5 0.5 -0.5 0.5
### Check ### Total Neighbors: 921800, Avg neighbor count per particle: 115
### Check ### Total time: 0.02186, current time-step: 0.00105189
### Check ### Total energy: 1.00067, (internal: 0.751066, kinetic: 0.249604, gravitational: 0)
### Check ### Focus Tree Nodes: 512, maxDepth 3
=== Total time for iteration(84) 0.0471613s

# domain::sync: 0.0016035s
# FindNeighbors: 0.0181784s
# Density: 0.00326105s
# EquationOfState: 6.1052e-05s
# mpi::synchronizeHalos: 2.712e-06s
# IAD: 0.00489572s
# mpi::synchronizeHalos: 3.234e-06s
# MomentumEnergyIAD: 0.0126138s
# Timestep: 3.523e-06s
# UpdateQuantities: 0.000105384s
# UpdateSmoothingLength: 6.2609e-05s
### Check ### Global Tree Nodes: 512, Particles: 8000, Halos: 0
### Check ### Computational domain: -0.5 0.5 -0.5 0.5 -0.5 0.5
### Check ### Total Neighbors: 771176, Avg neighbor count per particle: 96
### Check ### Total time: 0.0229418, current time-step: 0.00108175
### Check ### Total energy: 1.00073, (internal: 0.746915, kinetic: 0.253812, gravitational: 0)
### Check ### Focus Tree Nodes: 512, maxDepth 3
=== Total time for iteration(85) 0.040793s

# domain::sync: 0.00161821s
# FindNeighbors: 0.0181961s
# Density: 0.00329274s
# EquationOfState: 6.1267e-05s
# mpi::synchronizeHalos: 2.726e-06s
# IAD: 0.00480573s
# mpi::synchronizeHalos: 3.087e-06s
# MomentumEnergyIAD: 0.0125878s
# Timestep: 3.51e-06s
# UpdateQuantities: 0.000111304s
# UpdateSmoothingLength: 6.2654e-05s
### Check ### Global Tree Nodes: 512, Particles: 8000, Halos: 0
### Check ### Computational domain: -0.5 0.5 -0.5 0.5 -0.5 0.5
### Check ### Total Neighbors: 769480, Avg neighbor count per particle: 96
### Check ### Total time: 0.0240329, current time-step: 0.00109109
### Check ### Total energy: 1.00074, (internal: 0.743181, kinetic: 0.257556, gravitational: 0)
### Check ### Focus Tree Nodes: 512, maxDepth 3
=== Total time for iteration(86) 0.0407474s

# domain::sync: 0.00165361s
# FindNeighbors: 0.0183611s
# Density: 0.00325264s
# EquationOfState: 6.1489e-05s
# mpi::synchronizeHalos: 2.874e-06s
# IAD: 0.00479767s
# mpi::synchronizeHalos: 3.17e-06s
# MomentumEnergyIAD: 0.0125184s
# Timestep: 3.479e-06s
# UpdateQuantities: 0.000108726s
# UpdateSmoothingLength: 6.2783e-05s
### Check ### Global Tree Nodes: 512, Particles: 8000, Halos: 0
### Check ### Computational domain: -0.5 0.5 -0.5 0.5 -0.5 0.5
### Check ### Total Neighbors: 767416, Avg neighbor count per particle: 95
### Check ### Total time: 0.0251437, current time-step: 0.00111081
### Check ### Total energy: 1.00078, (internal: 0.739707, kinetic: 0.261071, gravitational: 0)
### Check ### Focus Tree Nodes: 512, maxDepth 3
=== Total time for iteration(87) 0.0408281s

# domain::sync: 0.00163023s
# FindNeighbors: 0.0192569s
# Density: 0.0038938s
# EquationOfState: 6.0857e-05s
# mpi::synchronizeHalos: 5.479e-06s
# IAD: 0.00588256s
# mpi::synchronizeHalos: 3.21e-06s
# MomentumEnergyIAD: 0.0159805s
# Timestep: 3.338e-06s
# UpdateQuantities: 0.000105618s
# UpdateSmoothingLength: 6.5723e-05s
### Check ### Global Tree Nodes: 512, Particles: 8000, Halos: 0
### Check ### Computational domain: -0.5 0.5 -0.5 0.5 -0.5 0.5
### Check ### Total Neighbors: 923104, Avg neighbor count per particle: 115
### Check ### Total time: 0.0262772, current time-step: 0.00113354
### Check ### Total energy: 1.00083, (internal: 0.736313, kinetic: 0.264513, gravitational: 0)
### Check ### Focus Tree Nodes: 512, maxDepth 3
=== Total time for iteration(88) 0.0468908s

# domain::sync: 0.00163638s
# FindNeighbors: 0.0179677s
# Density: 0.0032678s
# EquationOfState: 6.1204e-05s
# mpi::synchronizeHalos: 2.587e-06s
# IAD: 0.00481707s
# mpi::synchronizeHalos: 3.418e-06s
# MomentumEnergyIAD: 0.0126696s
# Timestep: 3.665e-06s
# UpdateQuantities: 0.000105831s
# UpdateSmoothingLength: 6.2597e-05s
### Check ### Global Tree Nodes: 512, Particles: 8000, Halos: 0
### Check ### Computational domain: -0.5 0.5 -0.5 0.5 -0.5 0.5
### Check ### Total Neighbors: 770056, Avg neighbor count per particle: 96
### Check ### Total time: 0.0274141, current time-step: 0.00113685
### Check ### Total energy: 1.00083, (internal: 0.732954, kinetic: 0.267875, gravitational: 0)
### Check ### Focus Tree Nodes: 512, maxDepth 3
=== Total time for iteration(89) 0.0406s

# domain::sync: 0.00180065s
# FindNeighbors: 0.0184278s
# Density: 0.00331748s
# EquationOfState: 6.1715e-05s
# mpi::synchronizeHalos: 2.961e-06s
# IAD: 0.004834s
# mpi::synchronizeHalos: 3.6e-06s
# MomentumEnergyIAD: 0.012657s
# Timestep: 3.354e-06s
# UpdateQuantities: 0.000108835s
# UpdateSmoothingLength: 6.2783e-05s
### Check ### Global Tree Nodes: 512, Particles: 8000, Halos: 0
### Check ### Computational domain: -0.5 0.5 -0.5 0.5 -0.5 0.5
### Check ### Total Neighbors: 771712, Avg neighbor count per particle: 96
### Check ### Total time: 0.0285689, current time-step: 0.00115481
### Check ### Total energy: 1.00083, (internal: 0.72952, kinetic: 0.271309, gravitational: 0)
### Check ### Focus Tree Nodes: 512, maxDepth 3
=== Total time for iteration(90) 0.0412823s

# domain::sync: 0.00162596s
# FindNeighbors: 0.0182223s
# Density: 0.00327019s
# EquationOfState: 6.1485e-05s
# mpi::synchronizeHalos: 2.8e-06s
# IAD: 0.00485418s
# mpi::synchronizeHalos: 3.175e-06s
# MomentumEnergyIAD: 0.012575s
# Timestep: 3.556e-06s
# UpdateQuantities: 0.000105549s
# UpdateSmoothingLength: 6.2577e-05s
### Check ### Global Tree Nodes: 512, Particles: 8000, Halos: 0
### Check ### Computational domain: -0.5 0.5 -0.5 0.5 -0.5 0.5
### Check ### Total Neighbors: 770032, Avg neighbor count per particle: 96
### Check ### Total time: 0.0297572, current time-step: 0.00118835
### Check ### Total energy: 1.00086, (internal: 0.725911, kinetic: 0.274946, gravitational: 0)
### Check ### Focus Tree Nodes: 512, maxDepth 3
=== Total time for iteration(91) 0.0407889s

# domain::sync: 0.00163664s
# FindNeighbors: 0.019253s
# Density: 0.00387334s
# EquationOfState: 6.1494e-05s
# mpi::synchronizeHalos: 2.912e-06s
# IAD: 0.00581377s
# mpi::synchronizeHalos: 3.158e-06s
# MomentumEnergyIAD: 0.0157792s
# Timestep: 3.92e-06s
# UpdateQuantities: 0.000105706s
# UpdateSmoothingLength: 6.2534e-05s
### Check ### Global Tree Nodes: 512, Particles: 8000, Halos: 0
### Check ### Computational domain: -0.5 0.5 -0.5 0.5 -0.5 0.5
### Check ### Total Neighbors: 917104, Avg neighbor count per particle: 114
### Check ### Total time: 0.0309479, current time-step: 0.00119067
### Check ### Total energy: 1.00082, (internal: 0.72225, kinetic: 0.278569, gravitational: 0)
### Check ### Focus Tree Nodes: 512, maxDepth 3
=== Total time for iteration(92) 0.0465978s

# domain::sync: 0.00167486s
# FindNeighbors: 0.0180342s
# Density: 0.00333069s
# EquationOfState: 6.1058e-05s
# mpi::synchronizeHalos: 2.971e-06s
# IAD: 0.00484882s
# mpi::synchronizeHalos: 3.389e-06s
# MomentumEnergyIAD: 0.0127609s
# Timestep: 3.57e-06s
# UpdateQuantities: 0.000105267s
# UpdateSmoothingLength: 6.2563e-05s
### Check ### Global Tree Nodes: 512, Particles: 8000, Halos: 0
### Check ### Computational domain: -0.5 0.5 -0.5 0.5 -0.5 0.5
### Check ### Total Neighbors: 774016, Avg neighbor count per particle: 96
### Check ### Total time: 0.0321419, current time-step: 0.00119399
### Check ### Total energy: 1.00076, (internal: 0.718565, kinetic: 0.282199, gravitational: 0)
### Check ### Focus Tree Nodes: 512, maxDepth 3
=== Total time for iteration(93) 0.0408906s

# domain::sync: 0.00169203s
# FindNeighbors: 0.0184273s
# Density: 0.00328208s
# EquationOfState: 6.1327e-05s
# mpi::synchronizeHalos: 2.83e-06s
# IAD: 0.00483525s
# mpi::synchronizeHalos: 3.24e-06s
# MomentumEnergyIAD: 0.0126195s
# Timestep: 3.344e-06s
# UpdateQuantities: 0.000105579s
# UpdateSmoothingLength: 6.2565e-05s
### Check ### Global Tree Nodes: 512, Particles: 8000, Halos: 0
### Check ### Computational domain: -0.5 0.5 -0.5 0.5 -0.5 0.5
### Check ### Total Neighbors: 772960, Avg neighbor count per particle: 96
### Check ### Total time: 0.0333451, current time-step: 0.00120319
### Check ### Total energy: 1.00071, (internal: 0.714983, kinetic: 0.285728, gravitational: 0)
### Check ### Focus Tree Nodes: 512, maxDepth 3
=== Total time for iteration(94) 0.0410973s

# domain::sync: 0.00181819s
# FindNeighbors: 0.0185041s
# Density: 0.00328663s
# EquationOfState: 6.1216e-05s
# mpi::synchronizeHalos: 2.916e-06s
# IAD: 0.00488294s
# mpi::synchronizeHalos: 3.206e-06s
# MomentumEnergyIAD: 0.0126657s
# Timestep: 3.568e-06s
# UpdateQuantities: 0.000105157s
# UpdateSmoothingLength: 6.2524e-05s
### Check ### Global Tree Nodes: 512, Particles: 8000, Halos: 0
### Check ### Computational domain: -0.5 0.5 -0.5 0.5 -0.5 0.5
### Check ### Total Neighbors: 773480, Avg neighbor count per particle: 96
### Check ### Total time: 0.0345638, current time-step: 0.00121874
### Check ### Total energy: 1.00067, (internal: 0.711621, kinetic: 0.289046, gravitational: 0)
### Check ### Focus Tree Nodes: 512, maxDepth 3
=== Total time for iteration(95) 0.0413983s

# domain::sync: 0.00166705s
# FindNeighbors: 0.0191328s
# Density: 0.00382962s
# EquationOfState: 6.349e-05s
# mpi::synchronizeHalos: 2.962e-06s
# IAD: 0.0057482s
# mpi::synchronizeHalos: 3.193e-06s
# MomentumEnergyIAD: 0.0155107s
# Timestep: 3.44e-06s
# UpdateQuantities: 0.000105845s
# UpdateSmoothingLength: 6.2569e-05s
### Check ### Global Tree Nodes: 512, Particles: 8000, Halos: 0
### Check ### Computational domain: -0.5 0.5 -0.5 0.5 -0.5 0.5
### Check ### Total Neighbors: 907232, Avg neighbor count per particle: 113
### Check ### Total time: 0.0357998, current time-step: 0.00123594
### Check ### Total energy: 1.00063, (internal: 0.708523, kinetic: 0.292106, gravitational: 0)
### Check ### Focus Tree Nodes: 512, maxDepth 3
=== Total time for iteration(96) 0.0461321s

# domain::sync: 0.00166324s
# FindNeighbors: 0.0182443s
# Density: 0.00330769s
# EquationOfState: 6.1218e-05s
# mpi::synchronizeHalos: 2.832e-06s
# IAD: 0.00488152s
# mpi::synchronizeHalos: 3.091e-06s
# MomentumEnergyIAD: 0.0128494s
# Timestep: 3.219e-06s
# UpdateQuantities: 0.000106021s
# UpdateSmoothingLength: 6.2418e-05s
### Check ### Global Tree Nodes: 512, Particles: 8000, Halos: 0
### Check ### Computational domain: -0.5 0.5 -0.5 0.5 -0.5 0.5
### Check ### Total Neighbors: 779456, Avg neighbor count per particle: 97
### Check ### Total time: 0.0370611, current time-step: 0.0012613
### Check ### Total energy: 1.00061, (internal: 0.705778, kinetic: 0.294829, gravitational: 0)
### Check ### Focus Tree Nodes: 512, maxDepth 3
=== Total time for iteration(97) 0.0411872s

# domain::sync: 0.00183404s
# FindNeighbors: 0.0182744s
# Density: 0.00331031s
# EquationOfState: 6.131e-05s
# mpi::synchronizeHalos: 2.782e-06s
# IAD: 0.00488193s
# mpi::synchronizeHalos: 3.163e-06s
# MomentumEnergyIAD: 0.0127361s
# Timestep: 3.677e-06s
# UpdateQuantities: 0.000108694s
# UpdateSmoothingLength: 6.2619e-05s
### Check ### Global Tree Nodes: 512, Particles: 8000, Halos: 0
### Check ### Computational domain: -0.5 0.5 -0.5 0.5 -0.5 0.5
### Check ### Total Neighbors: 775952, Avg neighbor count per particle: 96
### Check ### Total time: 0.0383583, current time-step: 0.00129729
### Check ### Total energy: 1.00059, (internal: 0.703436, kinetic: 0.297155, gravitational: 0)
### Check ### Focus Tree Nodes: 512, maxDepth 3
=== Total time for iteration(98) 0.0412812s

# domain::sync: 0.00182496s
# FindNeighbors: 0.0183188s
# Density: 0.0033055s
# EquationOfState: 6.0846e-05s
# mpi::synchronizeHalos: 2.92e-06s
# IAD: 0.00488281s
# mpi::synchronizeHalos: 3.236e-06s
# MomentumEnergyIAD: 0.0128045s
# Timestep: 3.489e-06s
# UpdateQuantities: 0.000106056s
# UpdateSmoothingLength: 6.2647e-05s
### Check ### Global Tree Nodes: 512, Particles: 8000, Halos: 0
### Check ### Computational domain: -0.5 0.5 -0.5 0.5 -0.5 0.5
### Check ### Total Neighbors: 778496, Avg neighbor count per particle: 97
### Check ### Total time: 0.0397043, current time-step: 0.00134594
### Check ### Total energy: 1.0006, (internal: 0.701598, kinetic: 0.299007, gravitational: 0)
### Check ### Focus Tree Nodes: 512, maxDepth 3
=== Total time for iteration(99) 0.0413779s

# domain::sync: 0.001671s
# FindNeighbors: 0.0188431s
# Density: 0.00380966s
# EquationOfState: 6.4115e-05s
# mpi::synchronizeHalos: 2.92e-06s
# IAD: 0.00569761s
# mpi::synchronizeHalos: 3.232e-06s
# MomentumEnergyIAD: 0.015296s
# Timestep: 3.448e-06s
# UpdateQuantities: 0.000119325s
# UpdateSmoothingLength: 6.4759e-05s
### Check ### Global Tree Nodes: 512, Particles: 8000, Halos: 0
### Check ### Computational domain: -0.5 0.5 -0.5 0.5 -0.5 0.5
### Check ### Total Neighbors: 899720, Avg neighbor count per particle: 112
### Check ### Total time: 0.0411139, current time-step: 0.00140961
### Check ### Total energy: 1.00066, (internal: 0.700339, kinetic: 0.300324, gravitational: 0)
### Check ### Focus Tree Nodes: 512, maxDepth 3
=== Total time for iteration(100) 0.0455774s

# Total execution time of 100 iterations of sedov up to t = 0.041114: 4.26141s
real 4.47
user 8.51
sys 0.03
