229.84

Params:Program: ../sph-exa-build/main/src/sphexa/sphexa
Particles: 200
Timestep: 100
Numthreads: 40
Nodes: 2
# SPHEXA: HEAD/22053277
# 2 MPI-3.1 process(es) with 40 OpenMP-201511 thread(s)/process
Data generated for 8000000 global particles
Domain synchronized, nLocalParticles 4120000
# domain::sync: 0.359903s
# FindNeighbors: 0.85283s
# Density: 0.125175s
# EquationOfState: 0.0067741s
# mpi::synchronizeHalos: 0.0284973s
# IAD: 0.143544s
# mpi::synchronizeHalos: 0.027084s
# MomentumEnergyIAD: 0.424345s
# Timestep: 0.0102183s
# UpdateQuantities: 0.0103578s
# UpdateSmoothingLength: 0.00271029s
### Check ### Global Tree Nodes: 512, Particles: 4000000, Halos: 120000
### Check ### Computational domain: -0.4975 0.4975 -0.4975 0.4975 -0.4975 0.4975
### Check ### Total Neighbors: 450497056, Avg neighbor count per particle: 56
### Check ### Total time: 0.00011, current time-step: 0.00011
### Check ### Total energy: 0.5, (internal: 5.27009e-07, kinetic: 0.5, gravitational: 0)
### Check ### Focus Tree Nodes: 140736, maxDepth 6
=== Total time for iteration(1) 1.99146s

# domain::sync: 0.377799s
# FindNeighbors: 0.358999s
# Density: 0.12392s
# EquationOfState: 0.00276471s
# mpi::synchronizeHalos: 0.028075s
# IAD: 0.178649s
# mpi::synchronizeHalos: 0.030304s
# MomentumEnergyIAD: 0.589811s
# Timestep: 0.000126654s
# UpdateQuantities: 0.0108768s
# UpdateSmoothingLength: 0.00271636s
### Check ### Global Tree Nodes: 512, Particles: 4000000, Halos: 120000
### Check ### Computational domain: -0.497436 0.497436 -0.497436 0.497436 -0.497436 0.497436
### Check ### Total Neighbors: 638681184, Avg neighbor count per particle: 79
### Check ### Total time: 0.000231, current time-step: 0.000121
### Check ### Total energy: 0.5, (internal: 9.63432e-07, kinetic: 0.499999, gravitational: 0)
### Check ### Focus Tree Nodes: 140736, maxDepth 6
=== Total time for iteration(2) 1.70406s

# domain::sync: 0.348695s
# FindNeighbors: 0.372294s
# Density: 0.13145s
# EquationOfState: 0.00271221s
# mpi::synchronizeHalos: 0.0329094s
# IAD: 0.178834s
# mpi::synchronizeHalos: 0.0328446s
# MomentumEnergyIAD: 0.591411s
# Timestep: 0.000161982s
# UpdateQuantities: 0.0101799s
# UpdateSmoothingLength: 0.00271298s
### Check ### Global Tree Nodes: 512, Particles: 4000000, Halos: 120000
### Check ### Computational domain: -0.497367 0.497367 -0.497367 0.497367 -0.497367 0.497367
### Check ### Total Neighbors: 638693376, Avg neighbor count per particle: 79
### Check ### Total time: 0.0003641, current time-step: 0.0001331
### Check ### Total energy: 0.5, (internal: 1.44757e-06, kinetic: 0.499999, gravitational: 0)
### Check ### Focus Tree Nodes: 147904, maxDepth 6
=== Total time for iteration(3) 1.70421s

# domain::sync: 0.354016s
# FindNeighbors: 0.383994s
# Density: 0.130294s
# EquationOfState: 0.00254932s
# mpi::synchronizeHalos: 0.0271329s
# IAD: 0.182235s
# mpi::synchronizeHalos: 0.027262s
# MomentumEnergyIAD: 0.583875s
# Timestep: 0.00012918s
# UpdateQuantities: 0.0105096s
# UpdateSmoothingLength: 0.0035756s
### Check ### Global Tree Nodes: 512, Particles: 4000000, Halos: 121200
### Check ### Computational domain: -0.49729 0.49729 -0.49729 0.49729 -0.49729 0.49729
### Check ### Total Neighbors: 640664568, Avg neighbor count per particle: 80
### Check ### Total time: 0.00051051, current time-step: 0.00014641
### Check ### Total energy: 0.5, (internal: 1.99999e-06, kinetic: 0.499998, gravitational: 0)
### Check ### Focus Tree Nodes: 149584, maxDepth 6
=== Total time for iteration(4) 1.70558s

# domain::sync: 0.358947s
# FindNeighbors: 0.393629s
# Density: 0.122258s
# EquationOfState: 0.00363215s
# mpi::synchronizeHalos: 0.0283621s
# IAD: 0.180743s
# mpi::synchronizeHalos: 0.0277568s
# MomentumEnergyIAD: 0.5857s
# Timestep: 0.000172133s
# UpdateQuantities: 0.0109598s
# UpdateSmoothingLength: 0.00269621s
### Check ### Global Tree Nodes: 512, Particles: 4000000, Halos: 121200
### Check ### Computational domain: -0.497205 0.497205 -0.497205 0.497205 -0.497205 0.497205
### Check ### Total Neighbors: 644670768, Avg neighbor count per particle: 80
### Check ### Total time: 0.000671561, current time-step: 0.000161051
### Check ### Total energy: 0.5, (internal: 2.6312e-06, kinetic: 0.499997, gravitational: 0)
### Check ### Focus Tree Nodes: 147904, maxDepth 6
=== Total time for iteration(5) 1.71486s

# domain::sync: 0.357913s
# FindNeighbors: 0.392653s
# Density: 0.121753s
# EquationOfState: 0.00253316s
# mpi::synchronizeHalos: 0.042217s
# IAD: 0.18044s
# mpi::synchronizeHalos: 0.0375116s
# MomentumEnergyIAD: 0.583367s
# Timestep: 0.00191049s
# UpdateQuantities: 0.00871808s
# UpdateSmoothingLength: 0.00268583s
### Check ### Global Tree Nodes: 512, Particles: 4000000, Halos: 142800
### Check ### Computational domain: -0.497112 0.497112 -0.497112 0.497112 -0.497112 0.497112
### Check ### Total Neighbors: 647562624, Avg neighbor count per particle: 80
### Check ### Total time: 0.000848717, current time-step: 0.000177156
### Check ### Total energy: 0.5, (internal: 3.35395e-06, kinetic: 0.499997, gravitational: 0)
### Check ### Focus Tree Nodes: 140624, maxDepth 6
=== Total time for iteration(6) 1.73171s

# domain::sync: 0.351847s
# FindNeighbors: 0.403043s
# Density: 0.120925s
# EquationOfState: 0.00253752s
# mpi::synchronizeHalos: 0.0343829s
# IAD: 0.178398s
# mpi::synchronizeHalos: 0.0319602s
# MomentumEnergyIAD: 0.583887s
# Timestep: 0.00447094s
# UpdateQuantities: 0.00863621s
# UpdateSmoothingLength: 0.00471733s
### Check ### Global Tree Nodes: 512, Particles: 4000000, Halos: 142800
### Check ### Computational domain: -0.49701 0.49701 -0.49701 0.49701 -0.49701 0.49701
### Check ### Total Neighbors: 650295192, Avg neighbor count per particle: 81
### Check ### Total time: 0.00104359, current time-step: 0.000194872
### Check ### Total energy: 0.5, (internal: 4.18257e-06, kinetic: 0.499996, gravitational: 0)
### Check ### Focus Tree Nodes: 142976, maxDepth 6
=== Total time for iteration(7) 1.72481s

# domain::sync: 0.383898s
# FindNeighbors: 0.417363s
# Density: 0.123855s
# EquationOfState: 0.00496365s
# mpi::synchronizeHalos: 0.0346256s
# IAD: 0.228273s
# mpi::synchronizeHalos: 0.0339009s
# MomentumEnergyIAD: 0.755822s
# Timestep: 0.000230167s
# UpdateQuantities: 0.0153244s
# UpdateSmoothingLength: 0.00790663s
### Check ### Global Tree Nodes: 512, Particles: 4000000, Halos: 142800
### Check ### Computational domain: -0.496897 0.496897 -0.496897 0.496897 -0.496897 0.496897
### Check ### Total Neighbors: 650418768, Avg neighbor count per particle: 81
### Check ### Total time: 0.00125795, current time-step: 0.000214359
### Check ### Total energy: 0.5, (internal: 5.13279e-06, kinetic: 0.499995, gravitational: 0)
### Check ### Focus Tree Nodes: 141072, maxDepth 6
=== Total time for iteration(8) 2.00618s

# domain::sync: 0.366673s
# FindNeighbors: 0.435511s
# Density: 0.142658s
# EquationOfState: 0.00253315s
# mpi::synchronizeHalos: 0.0337144s
# IAD: 0.214993s
# mpi::synchronizeHalos: 0.0324258s
# MomentumEnergyIAD: 0.674749s
# Timestep: 0.000302198s
# UpdateQuantities: 0.0103051s
# UpdateSmoothingLength: 0.0027024s
### Check ### Global Tree Nodes: 512, Particles: 4000000, Halos: 142800
### Check ### Computational domain: -0.496774 0.496774 -0.496774 0.496774 -0.496774 0.496774
### Check ### Total Neighbors: 745557480, Avg neighbor count per particle: 93
### Check ### Total time: 0.00149374, current time-step: 0.000235795
### Check ### Total energy: 0.5, (internal: 6.21854e-06, kinetic: 0.499994, gravitational: 0)
### Check ### Focus Tree Nodes: 150144, maxDepth 6
=== Total time for iteration(9) 1.91657s

# domain::sync: 0.365183s
# FindNeighbors: 0.436915s
# Density: 0.139424s
# EquationOfState: 0.00254785s
# mpi::synchronizeHalos: 0.0338679s
# IAD: 0.210853s
# mpi::synchronizeHalos: 0.0323704s
# MomentumEnergyIAD: 0.682614s
# Timestep: 0.000120703s
# UpdateQuantities: 0.00976211s
# UpdateSmoothingLength: 0.00269823s
### Check ### Global Tree Nodes: 512, Particles: 4000000, Halos: 142800
### Check ### Computational domain: -0.496638 0.496638 -0.496638 0.496638 -0.496638 0.496638
### Check ### Total Neighbors: 745613376, Avg neighbor count per particle: 93
### Check ### Total time: 0.00175271, current time-step: 0.000258963
### Check ### Total energy: 0.5, (internal: 7.4412e-06, kinetic: 0.499993, gravitational: 0)
### Check ### Focus Tree Nodes: 148240, maxDepth 6
=== Total time for iteration(10) 1.91636s

# domain::sync: 0.37288s
# FindNeighbors: 0.438771s
# Density: 0.139216s
# EquationOfState: 0.00254088s
# mpi::synchronizeHalos: 0.0396834s
# IAD: 0.210072s
# mpi::synchronizeHalos: 0.0323289s
# MomentumEnergyIAD: 0.793873s
# Timestep: 0.000101526s
# UpdateQuantities: 0.01323s
# UpdateSmoothingLength: 0.00785396s
### Check ### Global Tree Nodes: 512, Particles: 4000000, Halos: 142800
### Check ### Computational domain: -0.496488 0.496488 -0.496488 0.496488 -0.496488 0.496488
### Check ### Total Neighbors: 746902112, Avg neighbor count per particle: 93
### Check ### Total time: 0.00201864, current time-step: 0.000265935
### Check ### Total energy: 0.5, (internal: 8.73199e-06, kinetic: 0.499991, gravitational: 0)
### Check ### Focus Tree Nodes: 150144, maxDepth 6
=== Total time for iteration(11) 2.05057s

# domain::sync: 0.430248s
# FindNeighbors: 0.442991s
# Density: 0.137742s
# EquationOfState: 0.00256174s
# mpi::synchronizeHalos: 0.0360008s
# IAD: 0.206602s
# mpi::synchronizeHalos: 0.0323871s
# MomentumEnergyIAD: 0.683201s
# Timestep: 0.000124799s
# UpdateQuantities: 0.00942709s
# UpdateSmoothingLength: 0.00269007s
### Check ### Global Tree Nodes: 512, Particles: 4000000, Halos: 142800
### Check ### Computational domain: -0.496335 0.496335 -0.496335 0.496335 -0.496335 0.496335
### Check ### Total Neighbors: 747771272, Avg neighbor count per particle: 93
### Check ### Total time: 0.0022817, current time-step: 0.000263055
### Check ### Total energy: 0.5, (internal: 1.00422e-05, kinetic: 0.49999, gravitational: 0)
### Check ### Focus Tree Nodes: 147904, maxDepth 6
=== Total time for iteration(12) 1.98398s

# domain::sync: 0.404783s
# FindNeighbors: 0.447859s
# Density: 0.144548s
# EquationOfState: 0.00451478s
# mpi::synchronizeHalos: 0.0329807s
# IAD: 0.215859s
# mpi::synchronizeHalos: 0.0325434s
# MomentumEnergyIAD: 0.680695s
# Timestep: 0.00315941s
# UpdateQuantities: 0.0119626s
# UpdateSmoothingLength: 0.00270036s
### Check ### Global Tree Nodes: 512, Particles: 4000000, Halos: 142812
### Check ### Computational domain: -0.496183 0.496183 -0.496183 0.496183 -0.496183 0.496183
### Check ### Total Neighbors: 747825272, Avg neighbor count per particle: 93
### Check ### Total time: 0.00255237, current time-step: 0.000270674
### Check ### Total energy: 0.5, (internal: 1.14234e-05, kinetic: 0.499989, gravitational: 0)
### Check ### Focus Tree Nodes: 142864, maxDepth 6
=== Total time for iteration(13) 1.98161s

# domain::sync: 0.387182s
# FindNeighbors: 0.450291s
# Density: 0.141068s
# EquationOfState: 0.00275199s
# mpi::synchronizeHalos: 0.0411116s
# IAD: 0.21177s
# mpi::synchronizeHalos: 0.0321104s
# MomentumEnergyIAD: 0.679031s
# Timestep: 0.0145578s
# UpdateQuantities: 0.0122201s
# UpdateSmoothingLength: 0.00269038s
### Check ### Global Tree Nodes: 512, Particles: 4000000, Halos: 142824
### Check ### Computational domain: -0.496026 0.496026 -0.496026 0.496026 -0.496026 0.496026
### Check ### Total Neighbors: 749106392, Avg neighbor count per particle: 93
### Check ### Total time: 0.00283122, current time-step: 0.000278855
### Check ### Total energy: 0.5, (internal: 1.28769e-05, kinetic: 0.499987, gravitational: 0)
### Check ### Focus Tree Nodes: 150144, maxDepth 6
=== Total time for iteration(14) 1.9748s

# domain::sync: 0.438722s
# FindNeighbors: 0.463967s
# Density: 0.148024s
# EquationOfState: 0.00267238s
# mpi::synchronizeHalos: 0.0320921s
# IAD: 0.217477s
# mpi::synchronizeHalos: 0.0333169s
# MomentumEnergyIAD: 0.710099s
# Timestep: 0.000182538s
# UpdateQuantities: 0.0122577s
# UpdateSmoothingLength: 0.00269482s
### Check ### Global Tree Nodes: 512, Particles: 4000000, Halos: 142832
### Check ### Computational domain: -0.495865 0.495865 -0.495865 0.495865 -0.495865 0.495865
### Check ### Total Neighbors: 757654904, Avg neighbor count per particle: 94
### Check ### Total time: 0.00311881, current time-step: 0.000287588
### Check ### Total energy: 0.5, (internal: 1.44071e-05, kinetic: 0.499986, gravitational: 0)
### Check ### Focus Tree Nodes: 150144, maxDepth 6
=== Total time for iteration(15) 2.06151s

# domain::sync: 0.435069s
# FindNeighbors: 0.472171s
# Density: 0.1711s
# EquationOfState: 0.00254319s
# mpi::synchronizeHalos: 0.0343985s
# IAD: 0.249587s
# mpi::synchronizeHalos: 0.0337242s
# MomentumEnergyIAD: 0.833059s
# Timestep: 0.000151892s
# UpdateQuantities: 0.0126294s
# UpdateSmoothingLength: 0.002712s
### Check ### Global Tree Nodes: 512, Particles: 4000000, Halos: 142852
### Check ### Computational domain: -0.495699 0.495699 -0.495699 0.495699 -0.495699 0.495699
### Check ### Total Neighbors: 908380256, Avg neighbor count per particle: 113
### Check ### Total time: 0.00341441, current time-step: 0.0002956
### Check ### Total energy: 0.5, (internal: 1.60104e-05, kinetic: 0.499984, gravitational: 0)
### Check ### Focus Tree Nodes: 142976, maxDepth 6
=== Total time for iteration(16) 2.24716s

# domain::sync: 0.407389s
# FindNeighbors: 0.458468s
# Density: 0.148895s
# EquationOfState: 0.00261074s
# mpi::synchronizeHalos: 0.0327408s
# IAD: 0.270581s
# mpi::synchronizeHalos: 0.0321213s
# MomentumEnergyIAD: 0.760452s
# Timestep: 0.000110249s
# UpdateQuantities: 0.0139823s
# UpdateSmoothingLength: 0.00276273s
### Check ### Global Tree Nodes: 512, Particles: 4000000, Halos: 142876
### Check ### Computational domain: -0.495529 0.495529 -0.495529 0.495529 -0.495529 0.495529
### Check ### Total Neighbors: 758968168, Avg neighbor count per particle: 94
### Check ### Total time: 0.00371533, current time-step: 0.00030092
### Check ### Total energy: 0.5, (internal: 1.76706e-05, kinetic: 0.499982, gravitational: 0)
### Check ### Focus Tree Nodes: 150144, maxDepth 6
=== Total time for iteration(17) 2.13013s

# domain::sync: 0.438588s
# FindNeighbors: 0.457864s
# Density: 0.150362s
# EquationOfState: 0.00440292s
# mpi::synchronizeHalos: 0.0395472s
# IAD: 0.21704s
# mpi::synchronizeHalos: 0.0319696s
# MomentumEnergyIAD: 0.694131s
# Timestep: 0.000308291s
# UpdateQuantities: 0.0123548s
# UpdateSmoothingLength: 0.00271099s
### Check ### Global Tree Nodes: 512, Particles: 4000000, Halos: 142312
### Check ### Computational domain: -0.495355 0.495355 -0.495355 0.495355 -0.495355 0.495355
### Check ### Total Neighbors: 752278912, Avg neighbor count per particle: 94
### Check ### Total time: 0.00401924, current time-step: 0.000303912
### Check ### Total energy: 0.5, (internal: 1.93834e-05, kinetic: 0.499981, gravitational: 0)
### Check ### Focus Tree Nodes: 150144, maxDepth 6
=== Total time for iteration(18) 2.04929s

# domain::sync: 0.426056s
# FindNeighbors: 0.471385s
# Density: 0.17685s
# EquationOfState: 0.00278312s
# mpi::synchronizeHalos: 0.0322157s
# IAD: 0.263092s
# mpi::synchronizeHalos: 0.0334257s
# MomentumEnergyIAD: 0.841804s
# Timestep: 0.000151763s
# UpdateQuantities: 0.0141383s
# UpdateSmoothingLength: 0.00269777s
### Check ### Global Tree Nodes: 512, Particles: 4000000, Halos: 142072
### Check ### Computational domain: -0.49518 0.49518 -0.49518 0.49518 -0.49518 0.49518
### Check ### Total Neighbors: 914205784, Avg neighbor count per particle: 114
### Check ### Total time: 0.00432801, current time-step: 0.000308767
### Check ### Total energy: 0.5, (internal: 2.11647e-05, kinetic: 0.499979, gravitational: 0)
### Check ### Focus Tree Nodes: 150144, maxDepth 6
=== Total time for iteration(19) 2.26461s

# domain::sync: 0.425987s
# FindNeighbors: 0.455819s
# Density: 0.14539s
# EquationOfState: 0.00255211s
# mpi::synchronizeHalos: 0.0367215s
# IAD: 0.214519s
# mpi::synchronizeHalos: 0.0318741s
# MomentumEnergyIAD: 0.69426s
# Timestep: 0.000613368s
# UpdateQuantities: 0.0103607s
# UpdateSmoothingLength: 0.00270725s
### Check ### Global Tree Nodes: 512, Particles: 4000000, Halos: 141908
### Check ### Computational domain: -0.495001 0.495001 -0.495001 0.495001 -0.495001 0.495001
### Check ### Total Neighbors: 752664040, Avg neighbor count per particle: 94
### Check ### Total time: 0.00463506, current time-step: 0.000307048
### Check ### Total energy: 0.5, (internal: 2.29617e-05, kinetic: 0.499977, gravitational: 0)
### Check ### Focus Tree Nodes: 150144, maxDepth 6
=== Total time for iteration(20) 2.02082s

# domain::sync: 0.43033s
# FindNeighbors: 0.464828s
# Density: 0.155285s
# EquationOfState: 0.00256181s
# mpi::synchronizeHalos: 0.0330626s
# IAD: 0.226438s
# mpi::synchronizeHalos: 0.0319926s
# MomentumEnergyIAD: 0.743343s
# Timestep: 0.000123982s
# UpdateQuantities: 0.0104591s
# UpdateSmoothingLength: 0.00270867s
### Check ### Global Tree Nodes: 512, Particles: 4000000, Halos: 141788
### Check ### Computational domain: -0.494824 0.494824 -0.494824 0.494824 -0.494824 0.494824
### Check ### Total Neighbors: 780032488, Avg neighbor count per particle: 97
### Check ### Total time: 0.004935, current time-step: 0.000299936
### Check ### Total energy: 0.5, (internal: 2.47599e-05, kinetic: 0.499975, gravitational: 0)
### Check ### Focus Tree Nodes: 150144, maxDepth 6
=== Total time for iteration(21) 2.10115s

# domain::sync: 0.436024s
# FindNeighbors: 0.461484s
# Density: 0.165723s
# EquationOfState: 0.00257077s
# mpi::synchronizeHalos: 0.0435174s
# IAD: 0.245179s
# mpi::synchronizeHalos: 0.0325443s
# MomentumEnergyIAD: 0.81229s
# Timestep: 0.000132213s
# UpdateQuantities: 0.0107704s
# UpdateSmoothingLength: 0.0027073s
### Check ### Global Tree Nodes: 512, Particles: 4000000, Halos: 141676
### Check ### Computational domain: -0.494651 0.494651 -0.494651 0.494651 -0.494651 0.494651
### Check ### Total Neighbors: 862754248, Avg neighbor count per particle: 107
### Check ### Total time: 0.00522786, current time-step: 0.000292861
### Check ### Total energy: 0.5, (internal: 2.65466e-05, kinetic: 0.499974, gravitational: 0)
### Check ### Focus Tree Nodes: 150144, maxDepth 6
=== Total time for iteration(22) 2.21296s

# domain::sync: 0.43219s
# FindNeighbors: 0.4632s
# Density: 0.154144s
# EquationOfState: 0.00274628s
# mpi::synchronizeHalos: 0.0340122s
# IAD: 0.229203s
# mpi::synchronizeHalos: 0.0318143s
# MomentumEnergyIAD: 0.757364s
# Timestep: 0.000130812s
# UpdateQuantities: 0.0116126s
# UpdateSmoothingLength: 0.0027232s
### Check ### Global Tree Nodes: 512, Particles: 4000000, Halos: 141592
### Check ### Computational domain: -0.494482 0.494482 -0.494482 0.494482 -0.494482 0.494482
### Check ### Total Neighbors: 778687168, Avg neighbor count per particle: 97
### Check ### Total time: 0.00551288, current time-step: 0.000285023
### Check ### Total energy: 0.5, (internal: 2.83177e-05, kinetic: 0.499972, gravitational: 0)
### Check ### Focus Tree Nodes: 150144, maxDepth 6
=== Total time for iteration(23) 2.11916s

# domain::sync: 0.579391s
# FindNeighbors: 0.458447s
# Density: 0.148092s
# EquationOfState: 0.00319082s
# mpi::synchronizeHalos: 0.0350994s
# IAD: 0.223568s
# mpi::synchronizeHalos: 0.0318171s
# MomentumEnergyIAD: 0.719565s
# Timestep: 0.00225481s
# UpdateQuantities: 0.0107921s
# UpdateSmoothingLength: 0.00271355s
### Check ### Global Tree Nodes: 512, Particles: 4000000, Halos: 141528
### Check ### Computational domain: -0.494317 0.494317 -0.494317 0.494317 -0.494317 0.494317
### Check ### Total Neighbors: 785114224, Avg neighbor count per particle: 98
### Check ### Total time: 0.00578994, current time-step: 0.00027706
### Check ### Total energy: 0.5, (internal: 3.00693e-05, kinetic: 0.49997, gravitational: 0)
### Check ### Focus Tree Nodes: 150144, maxDepth 6
=== Total time for iteration(24) 2.21495s

# domain::sync: 0.587578s
# FindNeighbors: 0.46362s
# Density: 0.163267s
# EquationOfState: 0.00264831s
# mpi::synchronizeHalos: 0.0383711s
# IAD: 0.239177s
# mpi::synchronizeHalos: 0.033428s
# MomentumEnergyIAD: 0.79085s
# Timestep: 0.00013153s
# UpdateQuantities: 0.0109255s
# UpdateSmoothingLength: 0.00270394s
### Check ### Global Tree Nodes: 512, Particles: 4000000, Halos: 141472
### Check ### Computational domain: -0.494157 0.494157 -0.494157 0.494157 -0.494157 0.494157
### Check ### Total Neighbors: 848058152, Avg neighbor count per particle: 106
### Check ### Total time: 0.00605361, current time-step: 0.000263668
### Check ### Total energy: 0.5, (internal: 3.17676e-05, kinetic: 0.499968, gravitational: 0)
### Check ### Focus Tree Nodes: 150144, maxDepth 6
=== Total time for iteration(25) 2.33272s

# domain::sync: 0.585044s
# FindNeighbors: 0.459202s
# Density: 0.151132s
# EquationOfState: 0.00287757s
# mpi::synchronizeHalos: 0.0341173s
# IAD: 0.222127s
# mpi::synchronizeHalos: 0.031711s
# MomentumEnergyIAD: 0.736055s
# Timestep: 0.000113945s
# UpdateQuantities: 0.0108339s
# UpdateSmoothingLength: 0.00270789s
### Check ### Global Tree Nodes: 512, Particles: 4000000, Halos: 141444
### Check ### Computational domain: -0.494005 0.494005 -0.494005 0.494005 -0.494005 0.494005
### Check ### Total Neighbors: 787765208, Avg neighbor count per particle: 98
### Check ### Total time: 0.00631076, current time-step: 0.000257152
### Check ### Total energy: 0.5, (internal: 3.3447e-05, kinetic: 0.499967, gravitational: 0)
### Check ### Focus Tree Nodes: 150144, maxDepth 6
=== Total time for iteration(26) 2.23594s

# domain::sync: 0.591584s
# FindNeighbors: 0.461594s
# Density: 0.154296s
# EquationOfState: 0.0025365s
# mpi::synchronizeHalos: 0.032719s
# IAD: 0.231396s
# mpi::synchronizeHalos: 0.0317846s
# MomentumEnergyIAD: 0.749735s
# Timestep: 0.000169612s
# UpdateQuantities: 0.0104561s
# UpdateSmoothingLength: 0.00271232s
### Check ### Global Tree Nodes: 512, Particles: 4000000, Halos: 141388
### Check ### Computational domain: -0.493857 0.493857 -0.493857 0.493857 -0.493857 0.493857
### Check ### Total Neighbors: 793859144, Avg neighbor count per particle: 99
### Check ### Total time: 0.00656333, current time-step: 0.000252574
### Check ### Total energy: 0.5, (internal: 3.51261e-05, kinetic: 0.499965, gravitational: 0)
### Check ### Focus Tree Nodes: 150144, maxDepth 6
=== Total time for iteration(27) 2.269s

# domain::sync: 0.595474s
# FindNeighbors: 0.45865s
# Density: 0.164668s
# EquationOfState: 0.00254379s
# mpi::synchronizeHalos: 0.0385938s
# IAD: 0.248387s
# mpi::synchronizeHalos: 0.0321417s
# MomentumEnergyIAD: 0.792443s
# Timestep: 0.000123654s
# UpdateQuantities: 0.0107369s
# UpdateSmoothingLength: 0.0026828s
### Check ### Global Tree Nodes: 512, Particles: 4000000, Halos: 141356
### Check ### Computational domain: -0.493711 0.493711 -0.493711 0.493711 -0.493711 0.493711
### Check ### Total Neighbors: 831867560, Avg neighbor count per particle: 103
### Check ### Total time: 0.00681212, current time-step: 0.000248789
### Check ### Total energy: 0.5, (internal: 3.68048e-05, kinetic: 0.499963, gravitational: 0)
### Check ### Focus Tree Nodes: 142976, maxDepth 6
=== Total time for iteration(28) 2.34645s

# domain::sync: 0.614458s
# FindNeighbors: 0.470412s
# Density: 0.151761s
# EquationOfState: 0.00255266s
# mpi::synchronizeHalos: 0.03216s
# IAD: 0.226322s
# mpi::synchronizeHalos: 0.0322195s
# MomentumEnergyIAD: 0.732177s
# Timestep: 0.00205599s
# UpdateQuantities: 0.0105504s
# UpdateSmoothingLength: 0.00272126s
### Check ### Global Tree Nodes: 512, Particles: 4000000, Halos: 141352
### Check ### Computational domain: -0.493567 0.493567 -0.493567 0.493567 -0.493567 0.493567
### Check ### Total Neighbors: 792110024, Avg neighbor count per particle: 99
### Check ### Total time: 0.00705788, current time-step: 0.000245759
### Check ### Total energy: 0.5, (internal: 3.849e-05, kinetic: 0.499962, gravitational: 0)
### Check ### Focus Tree Nodes: 142976, maxDepth 6
=== Total time for iteration(29) 2.2774s

# domain::sync: 0.589989s
# FindNeighbors: 0.46014s
# Density: 0.151044s
# EquationOfState: 0.0025329s
# mpi::synchronizeHalos: 0.0358438s
# IAD: 0.27402s
# mpi::synchronizeHalos: 0.0318003s
# MomentumEnergyIAD: 0.867386s
# Timestep: 0.000117017s
# UpdateQuantities: 0.0154465s
# UpdateSmoothingLength: 0.00787716s
### Check ### Global Tree Nodes: 512, Particles: 4000000, Halos: 141320
### Check ### Computational domain: -0.493425 0.493425 -0.493425 0.493425 -0.493425 0.493425
### Check ### Total Neighbors: 797732552, Avg neighbor count per particle: 99
### Check ### Total time: 0.00730137, current time-step: 0.00024349
### Check ### Total energy: 0.5, (internal: 4.01848e-05, kinetic: 0.49996, gravitational: 0)
### Check ### Focus Tree Nodes: 142528, maxDepth 6
=== Total time for iteration(30) 2.43621s

# domain::sync: 0.575457s
# FindNeighbors: 0.46735s
# Density: 0.163115s
# EquationOfState: 0.0035333s
# mpi::synchronizeHalos: 0.0337937s
# IAD: 0.244385s
# mpi::synchronizeHalos: 0.032197s
# MomentumEnergyIAD: 0.800985s
# Timestep: 0.000137165s
# UpdateQuantities: 0.0107177s
# UpdateSmoothingLength: 0.00271766s
### Check ### Global Tree Nodes: 512, Particles: 4000000, Halos: 141312
### Check ### Computational domain: -0.493285 0.493285 -0.493285 0.493285 -0.493285 0.493285
### Check ### Total Neighbors: 824814416, Avg neighbor count per particle: 103
### Check ### Total time: 0.00754589, current time-step: 0.000244513
### Check ### Total energy: 0.5, (internal: 4.19147e-05, kinetic: 0.499958, gravitational: 0)
### Check ### Focus Tree Nodes: 150144, maxDepth 6
=== Total time for iteration(31) 2.33439s

# domain::sync: 0.580944s
# FindNeighbors: 0.455662s
# Density: 0.150051s
# EquationOfState: 0.00255944s
# mpi::synchronizeHalos: 0.0370918s
# IAD: 0.221789s
# mpi::synchronizeHalos: 0.0316645s
# MomentumEnergyIAD: 0.737893s
# Timestep: 0.00429766s
# UpdateQuantities: 0.0104825s
# UpdateSmoothingLength: 0.00270896s
### Check ### Global Tree Nodes: 512, Particles: 4000000, Halos: 141304
### Check ### Computational domain: -0.493144 0.493144 -0.493144 0.493144 -0.493144 0.493144
### Check ### Total Neighbors: 796586552, Avg neighbor count per particle: 99
### Check ### Total time: 0.00779096, current time-step: 0.000245073
### Check ### Total energy: 0.5, (internal: 4.36738e-05, kinetic: 0.499956, gravitational: 0)
### Check ### Focus Tree Nodes: 150144, maxDepth 6
=== Total time for iteration(32) 2.23515s

# domain::sync: 0.591815s
# FindNeighbors: 0.460488s
# Density: 0.152982s
# EquationOfState: 0.00254035s
# mpi::synchronizeHalos: 0.0321442s
# IAD: 0.228666s
# mpi::synchronizeHalos: 0.0317956s
# MomentumEnergyIAD: 0.748252s
# Timestep: 0.000129509s
# UpdateQuantities: 0.0105083s
# UpdateSmoothingLength: 0.00270734s
### Check ### Global Tree Nodes: 512, Particles: 4000000, Halos: 141280
### Check ### Computational domain: -0.493002 0.493002 -0.493002 0.493002 -0.493002 0.493002
### Check ### Total Neighbors: 798908984, Avg neighbor count per particle: 99
### Check ### Total time: 0.00803738, current time-step: 0.000246419
### Check ### Total energy: 0.5, (internal: 4.54713e-05, kinetic: 0.499955, gravitational: 0)
### Check ### Focus Tree Nodes: 142920, maxDepth 7
=== Total time for iteration(33) 2.26204s

# domain::sync: 0.588311s
# FindNeighbors: 0.464073s
# Density: 0.162037s
# EquationOfState: 0.00254444s
# mpi::synchronizeHalos: 0.031992s
# IAD: 0.237815s
# mpi::synchronizeHalos: 0.0317984s
# MomentumEnergyIAD: 0.791115s
# Timestep: 0.000149657s
# UpdateQuantities: 0.010635s
# UpdateSmoothingLength: 0.00270205s
### Check ### Global Tree Nodes: 512, Particles: 4000000, Halos: 141304
### Check ### Computational domain: -0.49286 0.49286 -0.49286 0.49286 -0.49286 0.49286
### Check ### Total Neighbors: 819779000, Avg neighbor count per particle: 102
### Check ### Total time: 0.00828601, current time-step: 0.000248636
### Check ### Total energy: 0.5, (internal: 4.73126e-05, kinetic: 0.499953, gravitational: 0)
### Check ### Focus Tree Nodes: 142920, maxDepth 7
=== Total time for iteration(34) 2.32318s

# domain::sync: 0.57742s
# FindNeighbors: 0.463346s
# Density: 0.153612s
# EquationOfState: 0.00255185s
# mpi::synchronizeHalos: 0.0328511s
# IAD: 0.224972s
# mpi::synchronizeHalos: 0.031691s
# MomentumEnergyIAD: 0.741108s
# Timestep: 0.000121131s
# UpdateQuantities: 0.010176s
# UpdateSmoothingLength: 0.00270619s
### Check ### Global Tree Nodes: 512, Particles: 4000000, Halos: 141284
### Check ### Computational domain: -0.492716 0.492716 -0.492716 0.492716 -0.492716 0.492716
### Check ### Total Neighbors: 798970400, Avg neighbor count per particle: 99
### Check ### Total time: 0.00853778, current time-step: 0.000251767
### Check ### Total energy: 0.5, (internal: 4.92064e-05, kinetic: 0.499951, gravitational: 0)
### Check ### Focus Tree Nodes: 140680, maxDepth 7
=== Total time for iteration(35) 2.24056s

# domain::sync: 0.593992s
# FindNeighbors: 0.463322s
# Density: 0.152626s
# EquationOfState: 0.00254044s
# mpi::synchronizeHalos: 0.0330796s
# IAD: 0.227482s
# mpi::synchronizeHalos: 0.0316103s
# MomentumEnergyIAD: 0.740936s
# Timestep: 0.00312639s
# UpdateQuantities: 0.0101301s
# UpdateSmoothingLength: 0.00270555s
### Check ### Global Tree Nodes: 512, Particles: 4000000, Halos: 141304
### Check ### Computational domain: -0.492571 0.492571 -0.492571 0.492571 -0.492571 0.492571
### Check ### Total Neighbors: 802556768, Avg neighbor count per particle: 100
### Check ### Total time: 0.00879364, current time-step: 0.000255861
### Check ### Total energy: 0.5, (internal: 5.11611e-05, kinetic: 0.499949, gravitational: 0)
### Check ### Focus Tree Nodes: 142920, maxDepth 7
=== Total time for iteration(36) 2.26156s

# domain::sync: 0.62269s
# FindNeighbors: 0.461884s
# Density: 0.156858s
# EquationOfState: 0.00253159s
# mpi::synchronizeHalos: 0.0351979s
# IAD: 0.2326s
# mpi::synchronizeHalos: 0.0320115s
# MomentumEnergyIAD: 0.761544s
# Timestep: 0.00638372s
# UpdateQuantities: 0.0142013s
# UpdateSmoothingLength: 0.00783465s
### Check ### Global Tree Nodes: 512, Particles: 4000000, Halos: 141296
### Check ### Computational domain: -0.492423 0.492423 -0.492423 0.492423 -0.492423 0.492423
### Check ### Total Neighbors: 813101984, Avg neighbor count per particle: 101
### Check ### Total time: 0.00904918, current time-step: 0.000255537
### Check ### Total energy: 0.5, (internal: 5.31449e-05, kinetic: 0.499947, gravitational: 0)
### Check ### Focus Tree Nodes: 140680, maxDepth 7
=== Total time for iteration(37) 2.33377s

# domain::sync: 0.644929s
# FindNeighbors: 0.597967s
# Density: 0.192515s
# EquationOfState: 0.00736553s
# mpi::synchronizeHalos: 0.0320333s
# IAD: 0.28012s
# mpi::synchronizeHalos: 0.0315858s
# MomentumEnergyIAD: 0.883829s
# Timestep: 0.000127217s
# UpdateQuantities: 0.0134284s
# UpdateSmoothingLength: 0.00271068s
### Check ### Global Tree Nodes: 512, Particles: 4000000, Halos: 141316
### Check ### Computational domain: -0.492276 0.492276 -0.492276 0.492276 -0.492276 0.492276
### Check ### Total Neighbors: 803845520, Avg neighbor count per particle: 100
### Check ### Total time: 0.00930397, current time-step: 0.000254795
### Check ### Total energy: 0.5, (internal: 5.51534e-05, kinetic: 0.499945, gravitational: 0)
### Check ### Focus Tree Nodes: 140680, maxDepth 7
=== Total time for iteration(38) 2.68662s

# domain::sync: 0.730303s
# FindNeighbors: 0.46687s
# Density: 0.15331s
# EquationOfState: 0.00253513s
# mpi::synchronizeHalos: 0.0321391s
# IAD: 0.232109s
# mpi::synchronizeHalos: 0.0316759s
# MomentumEnergyIAD: 0.755235s
# Timestep: 0.000123978s
# UpdateQuantities: 0.010618s
# UpdateSmoothingLength: 0.00271129s
### Check ### Global Tree Nodes: 512, Particles: 4000000, Halos: 141380
### Check ### Computational domain: -0.492129 0.492129 -0.492129 0.492129 -0.492129 0.492129
### Check ### Total Neighbors: 800830572, Avg neighbor count per particle: 100
### Check ### Total time: 0.00955904, current time-step: 0.00025507
### Check ### Total energy: 0.5, (internal: 5.71961e-05, kinetic: 0.499943, gravitational: 0)
### Check ### Focus Tree Nodes: 147960, maxDepth 7
=== Total time for iteration(39) 2.41765s

# domain::sync: 0.689294s
# FindNeighbors: 0.461438s
# Density: 0.158162s
# EquationOfState: 0.00261721s
# mpi::synchronizeHalos: 0.0331332s
# IAD: 0.230631s
# mpi::synchronizeHalos: 0.0318599s
# MomentumEnergyIAD: 0.749214s
# Timestep: 0.0126731s
# UpdateQuantities: 0.010461s
# UpdateSmoothingLength: 0.0027107s
### Check ### Global Tree Nodes: 512, Particles: 4000000, Halos: 141412
### Check ### Computational domain: -0.491981 0.491981 -0.491981 0.491981 -0.491981 0.491981
### Check ### Total Neighbors: 814511260, Avg neighbor count per particle: 101
### Check ### Total time: 0.0098045, current time-step: 0.000245459
### Check ### Total energy: 0.5, (internal: 5.9192e-05, kinetic: 0.499941, gravitational: 0)
### Check ### Focus Tree Nodes: 140792, maxDepth 7
=== Total time for iteration(40) 2.38221s

# domain::sync: 0.686788s
# FindNeighbors: 0.46318s
# Density: 0.190423s
# EquationOfState: 0.00549719s
# mpi::synchronizeHalos: 0.0323143s
# IAD: 0.295196s
# mpi::synchronizeHalos: 0.0314427s
# MomentumEnergyIAD: 0.749722s
# Timestep: 0.000247658s
# UpdateQuantities: 0.0101156s
# UpdateSmoothingLength: 0.00269118s
### Check ### Global Tree Nodes: 512, Particles: 4000000, Halos: 141468
### Check ### Computational domain: -0.49184 0.49184 -0.49184 0.49184 -0.49184 0.49184
### Check ### Total Neighbors: 799343528, Avg neighbor count per particle: 99
### Check ### Total time: 0.0100494, current time-step: 0.000244931
### Check ### Total energy: 0.5, (internal: 6.12136e-05, kinetic: 0.499939, gravitational: 0)
### Check ### Focus Tree Nodes: 147848, maxDepth 7
=== Total time for iteration(41) 2.46763s

# domain::sync: 0.681754s
# FindNeighbors: 0.46292s
# Density: 0.153044s
# EquationOfState: 0.00255097s
# mpi::synchronizeHalos: 0.0322947s
# IAD: 0.230741s
# mpi::synchronizeHalos: 0.0319435s
# MomentumEnergyIAD: 0.745454s
# Timestep: 0.00250197s
# UpdateQuantities: 0.00990653s
# UpdateSmoothingLength: 0.00268326s
### Check ### Global Tree Nodes: 512, Particles: 4000000, Halos: 141492
### Check ### Computational domain: -0.491698 0.491698 -0.491698 0.491698 -0.491698 0.491698
### Check ### Total Neighbors: 807511904, Avg neighbor count per particle: 100
### Check ### Total time: 0.0102943, current time-step: 0.000244852
### Check ### Total energy: 0.5, (internal: 6.32652e-05, kinetic: 0.499937, gravitational: 0)
### Check ### Focus Tree Nodes: 150200, maxDepth 7
=== Total time for iteration(42) 2.35581s

# domain::sync: 0.676173s
# FindNeighbors: 0.464936s
# Density: 0.154152s
# EquationOfState: 0.00276651s
# mpi::synchronizeHalos: 0.0319275s
# IAD: 0.225238s
# mpi::synchronizeHalos: 0.0332536s
# MomentumEnergyIAD: 0.74798s
# Timestep: 0.0001107s
# UpdateQuantities: 0.013135s
# UpdateSmoothingLength: 0.00292704s
### Check ### Global Tree Nodes: 512, Particles: 4000000, Halos: 141536
### Check ### Computational domain: -0.491557 0.491557 -0.491557 0.491557 -0.491557 0.491557
### Check ### Total Neighbors: 806302040, Avg neighbor count per particle: 100
### Check ### Total time: 0.0105402, current time-step: 0.000245896
### Check ### Total energy: 0.5, (internal: 6.53577e-05, kinetic: 0.499935, gravitational: 0)
### Check ### Focus Tree Nodes: 149640, maxDepth 7
=== Total time for iteration(43) 2.35262s

# domain::sync: 0.669828s
# FindNeighbors: 0.461356s
# Density: 0.151994s
# EquationOfState: 0.00269769s
# mpi::synchronizeHalos: 0.0370678s
# IAD: 0.226802s
# mpi::synchronizeHalos: 0.0320635s
# MomentumEnergyIAD: 0.743999s
# Timestep: 0.00037906s
# UpdateQuantities: 0.00884592s
# UpdateSmoothingLength: 0.00274625s
### Check ### Global Tree Nodes: 512, Particles: 4000000, Halos: 141592
### Check ### Computational domain: -0.491415 0.491415 -0.491415 0.491415 -0.491415 0.491415
### Check ### Total Neighbors: 807095144, Avg neighbor count per particle: 100
### Check ### Total time: 0.0107873, current time-step: 0.000247069
### Check ### Total energy: 0.5, (internal: 6.74922e-05, kinetic: 0.499933, gravitational: 0)
### Check ### Focus Tree Nodes: 149640, maxDepth 7
=== Total time for iteration(44) 2.3378s

# domain::sync: 0.689291s
# FindNeighbors: 0.462702s
# Density: 0.15591s
# EquationOfState: 0.0025543s
# mpi::synchronizeHalos: 0.0362651s
# IAD: 0.229334s
# mpi::synchronizeHalos: 0.0320114s
# MomentumEnergyIAD: 0.739267s
# Timestep: 0.00165211s
# UpdateQuantities: 0.00829382s
# UpdateSmoothingLength: 0.00273678s
### Check ### Global Tree Nodes: 512, Particles: 4000000, Halos: 141632
### Check ### Computational domain: -0.491272 0.491272 -0.491272 0.491272 -0.491272 0.491272
### Check ### Total Neighbors: 801091880, Avg neighbor count per particle: 100
### Check ### Total time: 0.0110361, current time-step: 0.000248851
### Check ### Total energy: 0.5, (internal: 6.96756e-05, kinetic: 0.49993, gravitational: 0)
### Check ### Focus Tree Nodes: 140792, maxDepth 7
=== Total time for iteration(45) 2.36004s

# domain::sync: 0.693361s
# FindNeighbors: 0.464147s
# Density: 0.154355s
# EquationOfState: 0.00255428s
# mpi::synchronizeHalos: 0.0337257s
# IAD: 0.228792s
# mpi::synchronizeHalos: 0.0322333s
# MomentumEnergyIAD: 0.747699s
# Timestep: 0.00111208s
# UpdateQuantities: 0.00755762s
# UpdateSmoothingLength: 0.00339456s
### Check ### Global Tree Nodes: 512, Particles: 4000000, Halos: 141676
### Check ### Computational domain: -0.491129 0.491129 -0.491129 0.491129 -0.491129 0.491129
### Check ### Total Neighbors: 811715432, Avg neighbor count per particle: 101
### Check ### Total time: 0.0112883, current time-step: 0.000252193
### Check ### Total energy: 0.5, (internal: 7.19221e-05, kinetic: 0.499928, gravitational: 0)
### Check ### Focus Tree Nodes: 142920, maxDepth 7
=== Total time for iteration(46) 2.36895s

# domain::sync: 0.702336s
# FindNeighbors: 0.461561s
# Density: 0.152882s
# EquationOfState: 0.00254116s
# mpi::synchronizeHalos: 0.0353973s
# IAD: 0.225671s
# mpi::synchronizeHalos: 0.0320275s
# MomentumEnergyIAD: 0.74611s
# Timestep: 0.000137402s
# UpdateQuantities: 0.00763005s
# UpdateSmoothingLength: 0.00268949s
### Check ### Global Tree Nodes: 512, Particles: 4000000, Halos: 141736
### Check ### Computational domain: -0.490983 0.490983 -0.490983 0.490983 -0.490983 0.490983
### Check ### Total Neighbors: 801148832, Avg neighbor count per particle: 100
### Check ### Total time: 0.0115408, current time-step: 0.000252492
### Check ### Total energy: 0.5, (internal: 7.42057e-05, kinetic: 0.499926, gravitational: 0)
### Check ### Focus Tree Nodes: 140680, maxDepth 7
=== Total time for iteration(47) 2.369s

# domain::sync: 0.687083s
# FindNeighbors: 0.465518s
# Density: 0.152359s
# EquationOfState: 0.00253378s
# mpi::synchronizeHalos: 0.0318829s
# IAD: 0.225741s
# mpi::synchronizeHalos: 0.0323374s
# MomentumEnergyIAD: 0.74748s
# Timestep: 0.0001186s
# UpdateQuantities: 0.00884358s
# UpdateSmoothingLength: 0.00268034s
### Check ### Global Tree Nodes: 512, Particles: 4000000, Halos: 141776
### Check ### Computational domain: -0.490837 0.490837 -0.490837 0.490837 -0.490837 0.490837
### Check ### Total Neighbors: 808719224, Avg neighbor count per particle: 101
### Check ### Total time: 0.0117843, current time-step: 0.000243546
### Check ### Total energy: 0.5, (internal: 7.64408e-05, kinetic: 0.499924, gravitational: 0)
### Check ### Focus Tree Nodes: 140680, maxDepth 7
=== Total time for iteration(48) 2.35659s

# domain::sync: 0.685916s
# FindNeighbors: 0.460559s
# Density: 0.152437s
# EquationOfState: 0.0025509s
# mpi::synchronizeHalos: 0.037297s
# IAD: 0.227282s
# mpi::synchronizeHalos: 0.0321827s
# MomentumEnergyIAD: 0.746374s
# Timestep: 0.000676118s
# UpdateQuantities: 0.00991708s
# UpdateSmoothingLength: 0.00269097s
### Check ### Global Tree Nodes: 512, Particles: 4000000, Halos: 141848
### Check ### Computational domain: -0.490697 0.490697 -0.490697 0.490697 -0.490697 0.490697
### Check ### Total Neighbors: 803362304, Avg neighbor count per particle: 100
### Check ### Total time: 0.0120314, current time-step: 0.000247049
### Check ### Total energy: 0.5, (internal: 7.874e-05, kinetic: 0.499921, gravitational: 0)
### Check ### Focus Tree Nodes: 140792, maxDepth 7
=== Total time for iteration(49) 2.3579s

# domain::sync: 0.702266s
# FindNeighbors: 0.463271s
# Density: 0.158251s
# EquationOfState: 0.00254015s
# mpi::synchronizeHalos: 0.0340819s
# IAD: 0.230615s
# mpi::synchronizeHalos: 0.0319543s
# MomentumEnergyIAD: 0.749882s
# Timestep: 0.000114102s
# UpdateQuantities: 0.00939761s
# UpdateSmoothingLength: 0.00275862s
### Check ### Global Tree Nodes: 512, Particles: 4000000, Halos: 141888
### Check ### Computational domain: -0.490554 0.490554 -0.490554 0.490554 -0.490554 0.490554
### Check ### Total Neighbors: 808279112, Avg neighbor count per particle: 101
### Check ### Total time: 0.0122673, current time-step: 0.000235928
### Check ### Total energy: 0.5, (internal: 8.09668e-05, kinetic: 0.499919, gravitational: 0)
### Check ### Focus Tree Nodes: 150088, maxDepth 7
=== Total time for iteration(50) 2.38515s

# domain::sync: 0.692784s
# FindNeighbors: 0.462877s
# Density: 0.153865s
# EquationOfState: 0.00255874s
# mpi::synchronizeHalos: 0.0361133s
# IAD: 0.229463s
# mpi::synchronizeHalos: 0.0319236s
# MomentumEnergyIAD: 0.740643s
# Timestep: 0.000155742s
# UpdateQuantities: 0.00880844s
# UpdateSmoothingLength: 0.00277302s
### Check ### Global Tree Nodes: 512, Particles: 4000000, Halos: 141924
### Check ### Computational domain: -0.490418 0.490418 -0.490418 0.490418 -0.490418 0.490418
### Check ### Total Neighbors: 802071104, Avg neighbor count per particle: 100
### Check ### Total time: 0.0125048, current time-step: 0.000237514
### Check ### Total energy: 0.5, (internal: 8.32384e-05, kinetic: 0.499917, gravitational: 0)
### Check ### Focus Tree Nodes: 140680, maxDepth 7
=== Total time for iteration(51) 2.36198s

# domain::sync: 0.683073s
# FindNeighbors: 0.46178s
# Density: 0.152428s
# EquationOfState: 0.00253878s
# mpi::synchronizeHalos: 0.0342194s
# IAD: 0.225506s
# mpi::synchronizeHalos: 0.0319313s
# MomentumEnergyIAD: 0.743106s
# Timestep: 0.00248933s
# UpdateQuantities: 0.00829212s
# UpdateSmoothingLength: 0.00267808s
### Check ### Global Tree Nodes: 512, Particles: 4000000, Halos: 141972
### Check ### Computational domain: -0.490281 0.490281 -0.490281 0.490281 -0.490281 0.490281
### Check ### Total Neighbors: 808964096, Avg neighbor count per particle: 101
### Check ### Total time: 0.0127444, current time-step: 0.000239567
### Check ### Total energy: 0.5, (internal: 8.55612e-05, kinetic: 0.499915, gravitational: 0)
### Check ### Focus Tree Nodes: 140680, maxDepth 7
=== Total time for iteration(52) 2.34806s

# domain::sync: 0.678321s
# FindNeighbors: 0.462734s
# Density: 0.152644s
# EquationOfState: 0.00254885s
# mpi::synchronizeHalos: 0.0324074s
# IAD: 0.22531s
# mpi::synchronizeHalos: 0.0319757s
# MomentumEnergyIAD: 0.745743s
# Timestep: 0.00166164s
# UpdateQuantities: 0.00857192s
# UpdateSmoothingLength: 0.0027826s
### Check ### Global Tree Nodes: 512, Particles: 4000000, Halos: 142032
### Check ### Computational domain: -0.490142 0.490142 -0.490142 0.490142 -0.490142 0.490142
### Check ### Total Neighbors: 802504928, Avg neighbor count per particle: 100
### Check ### Total time: 0.0129853, current time-step: 0.000240922
### Check ### Total energy: 0.5, (internal: 8.79299e-05, kinetic: 0.499912, gravitational: 0)
### Check ### Focus Tree Nodes: 147848, maxDepth 7
=== Total time for iteration(53) 2.34472s

# domain::sync: 0.679939s
# FindNeighbors: 0.462427s
# Density: 0.152848s
# EquationOfState: 0.00253897s
# mpi::synchronizeHalos: 0.03554s
# IAD: 0.22915s
# mpi::synchronizeHalos: 0.0319659s
# MomentumEnergyIAD: 0.747739s
# Timestep: 0.000124128s
# UpdateQuantities: 0.00873213s
# UpdateSmoothingLength: 0.00267908s
### Check ### Global Tree Nodes: 512, Particles: 4000000, Halos: 142072
### Check ### Computational domain: -0.490003 0.490003 -0.490003 0.490003 -0.490003 0.490003
### Check ### Total Neighbors: 807866264, Avg neighbor count per particle: 100
### Check ### Total time: 0.0132248, current time-step: 0.000239463
### Check ### Total energy: 0.5, (internal: 9.03172e-05, kinetic: 0.49991, gravitational: 0)
### Check ### Focus Tree Nodes: 147848, maxDepth 7
=== Total time for iteration(54) 2.3537s

# domain::sync: 0.676862s
# FindNeighbors: 0.462023s
# Density: 0.155534s
# EquationOfState: 0.00256359s
# mpi::synchronizeHalos: 0.0363629s
# IAD: 0.228834s
# mpi::synchronizeHalos: 0.0319322s
# MomentumEnergyIAD: 0.743247s
# Timestep: 0.000110958s
# UpdateQuantities: 0.00810527s
# UpdateSmoothingLength: 0.0027036s
### Check ### Global Tree Nodes: 512, Particles: 4000000, Halos: 142152
### Check ### Computational domain: -0.489865 0.489865 -0.489865 0.489865 -0.489865 0.489865
### Check ### Total Neighbors: 803352536, Avg neighbor count per particle: 100
### Check ### Total time: 0.0134637, current time-step: 0.000238952
### Check ### Total energy: 0.5, (internal: 9.27325e-05, kinetic: 0.499907, gravitational: 0)
### Check ### Focus Tree Nodes: 140932, maxDepth 7
=== Total time for iteration(55) 2.3483s

# domain::sync: 0.673564s
# FindNeighbors: 0.464164s
# Density: 0.15404s
# EquationOfState: 0.00254665s
# mpi::synchronizeHalos: 0.0342664s
# IAD: 0.228531s
# mpi::synchronizeHalos: 0.0319891s
# MomentumEnergyIAD: 0.747934s
# Timestep: 0.000727165s
# UpdateQuantities: 0.0084005s
# UpdateSmoothingLength: 0.00268752s
### Check ### Global Tree Nodes: 512, Particles: 4000000, Halos: 142192
### Check ### Computational domain: -0.489727 0.489727 -0.489727 0.489727 -0.489727 0.489727
### Check ### Total Neighbors: 807478304, Avg neighbor count per particle: 100
### Check ### Total time: 0.0137024, current time-step: 0.000238647
### Check ### Total energy: 0.5, (internal: 9.51782e-05, kinetic: 0.499905, gravitational: 0)
### Check ### Focus Tree Nodes: 140820, maxDepth 7
=== Total time for iteration(56) 2.34886s

# domain::sync: 0.67664s
# FindNeighbors: 0.465855s
# Density: 0.15293s
# EquationOfState: 0.00254668s
# mpi::synchronizeHalos: 0.0323742s
# IAD: 0.224425s
# mpi::synchronizeHalos: 0.0320085s
# MomentumEnergyIAD: 0.738769s
# Timestep: 0.000150498s
# UpdateQuantities: 0.00885922s
# UpdateSmoothingLength: 0.00267633s
### Check ### Global Tree Nodes: 512, Particles: 4000000, Halos: 142256
### Check ### Computational domain: -0.489589 0.489589 -0.489589 0.489589 -0.489589 0.489589
### Check ### Total Neighbors: 803427376, Avg neighbor count per particle: 100
### Check ### Total time: 0.013939, current time-step: 0.000236621
### Check ### Total energy: 0.5, (internal: 9.76366e-05, kinetic: 0.499902, gravitational: 0)
### Check ### Focus Tree Nodes: 140848, maxDepth 7
=== Total time for iteration(57) 2.33725s

# domain::sync: 0.693515s
# FindNeighbors: 0.469377s
# Density: 0.158922s
# EquationOfState: 0.00271816s
# mpi::synchronizeHalos: 0.0321885s
# IAD: 0.230558s
# mpi::synchronizeHalos: 0.0320418s
# MomentumEnergyIAD: 0.747613s
# Timestep: 0.00338878s
# UpdateQuantities: 0.00978145s
# UpdateSmoothingLength: 0.00269609s
### Check ### Global Tree Nodes: 512, Particles: 4000000, Halos: 142316
### Check ### Computational domain: -0.489453 0.489453 -0.489453 0.489453 -0.489453 0.489453
### Check ### Total Neighbors: 806919976, Avg neighbor count per particle: 100
### Check ### Total time: 0.0141736, current time-step: 0.000234607
### Check ### Total energy: 0.5, (internal: 0.000100108, kinetic: 0.4999, gravitational: 0)
### Check ### Focus Tree Nodes: 140932, maxDepth 7
=== Total time for iteration(58) 2.38281s

# domain::sync: 0.659935s
# FindNeighbors: 0.459502s
# Density: 0.154195s
# EquationOfState: 0.00617131s
# mpi::synchronizeHalos: 0.0389654s
# IAD: 0.22649s
# mpi::synchronizeHalos: 0.0325284s
# MomentumEnergyIAD: 0.736076s
# Timestep: 0.0097955s
# UpdateQuantities: 0.0128531s
# UpdateSmoothingLength: 0.00268322s
### Check ### Global Tree Nodes: 512, Particles: 4000000, Halos: 142110
### Check ### Computational domain: -0.489317 0.489317 -0.489317 0.489317 -0.489317 0.489317
### Check ### Total Neighbors: 803933680, Avg neighbor count per particle: 100
### Check ### Total time: 0.0144066, current time-step: 0.000233045
### Check ### Total energy: 0.5, (internal: 0.000102595, kinetic: 0.499897, gravitational: 0)
### Check ### Focus Tree Nodes: 149808, maxDepth 7
=== Total time for iteration(59) 2.3392s

# domain::sync: 0.659071s
# FindNeighbors: 0.4618s
# Density: 0.154966s
# EquationOfState: 0.00254608s
# mpi::synchronizeHalos: 0.0365272s
# IAD: 0.225545s
# mpi::synchronizeHalos: 0.0347358s
# MomentumEnergyIAD: 0.748227s
# Timestep: 0.000110363s
# UpdateQuantities: 0.00778196s
# UpdateSmoothingLength: 0.0026716s
### Check ### Global Tree Nodes: 512, Particles: 4000000, Halos: 142040
### Check ### Computational domain: -0.489183 0.489183 -0.489183 0.489183 -0.489183 0.489183
### Check ### Total Neighbors: 806399576, Avg neighbor count per particle: 100
### Check ### Total time: 0.014639, current time-step: 0.000232364
### Check ### Total energy: 0.5, (internal: 0.000105108, kinetic: 0.499895, gravitational: 0)
### Check ### Focus Tree Nodes: 149780, maxDepth 7
=== Total time for iteration(60) 2.33399s

# domain::sync: 0.677588s
# FindNeighbors: 0.463396s
# Density: 0.154037s
# EquationOfState: 0.00256379s
# mpi::synchronizeHalos: 0.037208s
# IAD: 0.225153s
# mpi::synchronizeHalos: 0.0323774s
# MomentumEnergyIAD: 0.747138s
# Timestep: 0.000153638s
# UpdateQuantities: 0.00714162s
# UpdateSmoothingLength: 0.00268919s
### Check ### Global Tree Nodes: 512, Particles: 4000000, Halos: 142028
### Check ### Computational domain: -0.489049 0.489049 -0.489049 0.489049 -0.489049 0.489049
### Check ### Total Neighbors: 804057080, Avg neighbor count per particle: 100
### Check ### Total time: 0.0148712, current time-step: 0.000232171
### Check ### Total energy: 0.5, (internal: 0.000107653, kinetic: 0.499892, gravitational: 0)
### Check ### Focus Tree Nodes: 148100, maxDepth 7
=== Total time for iteration(61) 2.34946s

# domain::sync: 0.675614s
# FindNeighbors: 0.460102s
# Density: 0.152826s
# EquationOfState: 0.00254919s
# mpi::synchronizeHalos: 0.0368636s
# IAD: 0.225346s
# mpi::synchronizeHalos: 0.0322476s
# MomentumEnergyIAD: 0.743452s
# Timestep: 0.000153525s
# UpdateQuantities: 0.00766761s
# UpdateSmoothingLength: 0.00268191s
### Check ### Global Tree Nodes: 512, Particles: 4000000, Halos: 142012
### Check ### Computational domain: -0.488915 0.488915 -0.488915 0.488915 -0.488915 0.488915
### Check ### Total Neighbors: 806159384, Avg neighbor count per particle: 100
### Check ### Total time: 0.0150969, current time-step: 0.000225747
### Check ### Total energy: 0.5, (internal: 0.000110158, kinetic: 0.49989, gravitational: 0)
### Check ### Focus Tree Nodes: 147988, maxDepth 7
=== Total time for iteration(62) 2.33952s

# domain::sync: 0.671498s
# FindNeighbors: 0.461649s
# Density: 0.1542s
# EquationOfState: 0.00253381s
# mpi::synchronizeHalos: 0.0320744s
# IAD: 0.233022s
# mpi::synchronizeHalos: 0.0323531s
# MomentumEnergyIAD: 0.748214s
# Timestep: 0.000158357s
# UpdateQuantities: 0.0076606s
# UpdateSmoothingLength: 0.0026755s
### Check ### Global Tree Nodes: 512, Particles: 4000000, Halos: 141984
### Check ### Computational domain: -0.488784 0.488784 -0.488784 0.488784 -0.488784 0.488784
### Check ### Total Neighbors: 804093560, Avg neighbor count per particle: 100
### Check ### Total time: 0.0153238, current time-step: 0.000226824
### Check ### Total energy: 0.5, (internal: 0.000112706, kinetic: 0.499887, gravitational: 0)
### Check ### Focus Tree Nodes: 140960, maxDepth 7
=== Total time for iteration(63) 2.34606s

# domain::sync: 0.674047s
# FindNeighbors: 0.459595s
# Density: 0.153587s
# EquationOfState: 0.00254752s
# mpi::synchronizeHalos: 0.0419579s
# IAD: 0.231383s
# mpi::synchronizeHalos: 0.0319897s
# MomentumEnergyIAD: 0.749934s
# Timestep: 0.000152978s
# UpdateQuantities: 0.00800831s
# UpdateSmoothingLength: 0.00267887s
### Check ### Global Tree Nodes: 512, Particles: 4000000, Halos: 142012
### Check ### Computational domain: -0.488653 0.488653 -0.488653 0.488653 -0.488653 0.488653
### Check ### Total Neighbors: 805882112, Avg neighbor count per particle: 100
### Check ### Total time: 0.0155519, current time-step: 0.000228122
### Check ### Total energy: 0.5, (internal: 0.000115301, kinetic: 0.499885, gravitational: 0)
### Check ### Focus Tree Nodes: 148100, maxDepth 7
=== Total time for iteration(64) 2.3559s

# domain::sync: 0.696361s
# FindNeighbors: 0.460438s
# Density: 0.153878s
# EquationOfState: 0.00255395s
# mpi::synchronizeHalos: 0.0512345s
# IAD: 0.227043s
# mpi::synchronizeHalos: 0.0357833s
# MomentumEnergyIAD: 0.748019s
# Timestep: 0.00302747s
# UpdateQuantities: 0.00821734s
# UpdateSmoothingLength: 0.00269123s
### Check ### Global Tree Nodes: 512, Particles: 4000000, Halos: 142006
### Check ### Computational domain: -0.488522 0.488522 -0.488522 0.488522 -0.488522 0.488522
### Check ### Total Neighbors: 804269600, Avg neighbor count per particle: 100
### Check ### Total time: 0.0157814, current time-step: 0.000229567
### Check ### Total energy: 0.5, (internal: 0.000117947, kinetic: 0.499882, gravitational: 0)
### Check ### Focus Tree Nodes: 148100, maxDepth 7
=== Total time for iteration(65) 2.38926s

# domain::sync: 0.695502s
# FindNeighbors: 0.461687s
# Density: 0.154015s
# EquationOfState: 0.00254404s
# mpi::synchronizeHalos: 0.0355991s
# IAD: 0.225022s
# mpi::synchronizeHalos: 0.0320812s
# MomentumEnergyIAD: 0.743874s
# Timestep: 0.000510337s
# UpdateQuantities: 0.00759354s
# UpdateSmoothingLength: 0.00269567s
### Check ### Global Tree Nodes: 512, Particles: 4000000, Halos: 142020
### Check ### Computational domain: -0.488389 0.488389 -0.488389 0.488389 -0.488389 0.488389
### Check ### Total Neighbors: 805665320, Avg neighbor count per particle: 100
### Check ### Total time: 0.016009, current time-step: 0.000227529
### Check ### Total energy: 0.5, (internal: 0.000120602, kinetic: 0.499879, gravitational: 0)
### Check ### Focus Tree Nodes: 142640, maxDepth 7
=== Total time for iteration(66) 2.36115s

# domain::sync: 0.672735s
# FindNeighbors: 0.460852s
# Density: 0.153686s
# EquationOfState: 0.00255038s
# mpi::synchronizeHalos: 0.0380158s
# IAD: 0.228245s
# mpi::synchronizeHalos: 0.0320152s
# MomentumEnergyIAD: 0.74128s
# Timestep: 0.000116403s
# UpdateQuantities: 0.00761208s
# UpdateSmoothingLength: 0.0026738s
### Check ### Global Tree Nodes: 512, Particles: 4000000, Halos: 142036
### Check ### Computational domain: -0.488258 0.488258 -0.488258 0.488258 -0.488258 0.488258
### Check ### Total Neighbors: 804437144, Avg neighbor count per particle: 100
### Check ### Total time: 0.0162349, current time-step: 0.000225963
### Check ### Total energy: 0.5, (internal: 0.000123272, kinetic: 0.499877, gravitational: 0)
### Check ### Focus Tree Nodes: 143060, maxDepth 7
=== Total time for iteration(67) 2.3398s

# domain::sync: 0.680214s
# FindNeighbors: 0.463225s
# Density: 0.153293s
# EquationOfState: 0.00253325s
# mpi::synchronizeHalos: 0.0352987s
# IAD: 0.229318s
# mpi::synchronizeHalos: 0.0319628s
# MomentumEnergyIAD: 0.750371s
# Timestep: 0.00118832s
# UpdateQuantities: 0.00820965s
# UpdateSmoothingLength: 0.00271157s
### Check ### Global Tree Nodes: 512, Particles: 4000000, Halos: 142080
### Check ### Computational domain: -0.488127 0.488127 -0.488127 0.488127 -0.488127 0.488127
### Check ### Total Neighbors: 805343992, Avg neighbor count per particle: 100
### Check ### Total time: 0.0164597, current time-step: 0.000224812
### Check ### Total energy: 0.5, (internal: 0.000125961, kinetic: 0.499874, gravitational: 0)
### Check ### Focus Tree Nodes: 150228, maxDepth 7
=== Total time for iteration(68) 2.35834s

# domain::sync: 0.701326s
# FindNeighbors: 0.461257s
# Density: 0.154784s
# EquationOfState: 0.00253458s
# mpi::synchronizeHalos: 0.0322533s
# IAD: 0.232264s
# mpi::synchronizeHalos: 0.0319265s
# MomentumEnergyIAD: 0.747867s
# Timestep: 0.000114908s
# UpdateQuantities: 0.00811252s
# UpdateSmoothingLength: 0.0026634s
### Check ### Global Tree Nodes: 512, Particles: 4000000, Halos: 142080
### Check ### Computational domain: -0.487998 0.487998 -0.487998 0.487998 -0.487998 0.487998
### Check ### Total Neighbors: 804364672, Avg neighbor count per particle: 100
### Check ### Total time: 0.0166849, current time-step: 0.000225144
### Check ### Total energy: 0.5, (internal: 0.000128687, kinetic: 0.499871, gravitational: 0)
### Check ### Focus Tree Nodes: 140820, maxDepth 7
=== Total time for iteration(69) 2.37512s

# domain::sync: 0.679528s
# FindNeighbors: 0.460801s
# Density: 0.153785s
# EquationOfState: 0.00253203s
# mpi::synchronizeHalos: 0.0346648s
# IAD: 0.225189s
# mpi::synchronizeHalos: 0.0320215s
# MomentumEnergyIAD: 0.746034s
# Timestep: 0.000143851s
# UpdateQuantities: 0.00775481s
# UpdateSmoothingLength: 0.00269322s
### Check ### Global Tree Nodes: 512, Particles: 4000000, Halos: 142132
### Check ### Computational domain: -0.487868 0.487868 -0.487868 0.487868 -0.487868 0.487868
### Check ### Total Neighbors: 805344784, Avg neighbor count per particle: 100
### Check ### Total time: 0.0169108, current time-step: 0.000225899
### Check ### Total energy: 0.5, (internal: 0.000131455, kinetic: 0.499869, gravitational: 0)
### Check ### Focus Tree Nodes: 140820, maxDepth 7
=== Total time for iteration(70) 2.34516s

# domain::sync: 0.684146s
# FindNeighbors: 0.462397s
# Density: 0.153974s
# EquationOfState: 0.00254505s
# mpi::synchronizeHalos: 0.0362022s
# IAD: 0.224963s
# mpi::synchronizeHalos: 0.0320199s
# MomentumEnergyIAD: 0.742843s
# Timestep: 0.000167065s
# UpdateQuantities: 0.00918967s
# UpdateSmoothingLength: 0.00268795s
### Check ### Global Tree Nodes: 512, Particles: 4000000, Halos: 142148
### Check ### Computational domain: -0.487737 0.487737 -0.487737 0.487737 -0.487737 0.487737
### Check ### Total Neighbors: 804470416, Avg neighbor count per particle: 100
### Check ### Total time: 0.0171379, current time-step: 0.000227121
### Check ### Total energy: 0.5, (internal: 0.000134271, kinetic: 0.499866, gravitational: 0)
### Check ### Focus Tree Nodes: 150256, maxDepth 7
=== Total time for iteration(71) 2.35115s

# domain::sync: 0.681495s
# FindNeighbors: 0.464845s
# Density: 0.1537s
# EquationOfState: 0.00255503s
# mpi::synchronizeHalos: 0.0348213s
# IAD: 0.225615s
# mpi::synchronizeHalos: 0.0322606s
# MomentumEnergyIAD: 0.744053s
# Timestep: 0.000148442s
# UpdateQuantities: 0.00792257s
# UpdateSmoothingLength: 0.00267566s
### Check ### Global Tree Nodes: 512, Particles: 4000000, Halos: 142180
### Check ### Computational domain: -0.487606 0.487606 -0.487606 0.487606 -0.487606 0.487606
### Check ### Total Neighbors: 805148560, Avg neighbor count per particle: 100
### Check ### Total time: 0.0173572, current time-step: 0.000219242
### Check ### Total energy: 0.5, (internal: 0.000137023, kinetic: 0.499863, gravitational: 0)
### Check ### Focus Tree Nodes: 149892, maxDepth 7
=== Total time for iteration(72) 2.35011s

# domain::sync: 0.686855s
# FindNeighbors: 0.460477s
# Density: 0.154234s
# EquationOfState: 0.00254667s
# mpi::synchronizeHalos: 0.0365211s
# IAD: 0.231809s
# mpi::synchronizeHalos: 0.0320692s
# MomentumEnergyIAD: 0.752059s
# Timestep: 0.000149146s
# UpdateQuantities: 0.0121161s
# UpdateSmoothingLength: 0.00268828s
### Check ### Global Tree Nodes: 512, Particles: 4000000, Halos: 142204
### Check ### Computational domain: -0.48748 0.48748 -0.48748 0.48748 -0.48748 0.48748
### Check ### Total Neighbors: 804354279, Avg neighbor count per particle: 100
### Check ### Total time: 0.0175754, current time-step: 0.000218203
### Check ### Total energy: 0.5, (internal: 0.000139793, kinetic: 0.49986, gravitational: 0)
### Check ### Focus Tree Nodes: 140932, maxDepth 7
=== Total time for iteration(73) 2.37154s

# domain::sync: 0.673309s
# FindNeighbors: 0.460646s
# Density: 0.155045s
# EquationOfState: 0.00260728s
# mpi::synchronizeHalos: 0.0355089s
# IAD: 0.23306s
# mpi::synchronizeHalos: 0.0344169s
# MomentumEnergyIAD: 0.790507s
# Timestep: 0.000262728s
# UpdateQuantities: 0.0102132s
# UpdateSmoothingLength: 0.00288265s
### Check ### Global Tree Nodes: 512, Particles: 4000000, Halos: 142220
### Check ### Computational domain: -0.487354 0.487354 -0.487354 0.487354 -0.487354 0.487354
### Check ### Total Neighbors: 804881736, Avg neighbor count per particle: 100
### Check ### Total time: 0.0177912, current time-step: 0.00021581
### Check ### Total energy: 0.5, (internal: 0.000142565, kinetic: 0.499858, gravitational: 0)
### Check ### Focus Tree Nodes: 141044, maxDepth 7
=== Total time for iteration(74) 2.39848s

# domain::sync: 0.660146s
# FindNeighbors: 0.460178s
# Density: 0.154669s
# EquationOfState: 0.00254686s
# mpi::synchronizeHalos: 0.0382457s
# IAD: 0.226228s
# mpi::synchronizeHalos: 0.0346356s
# MomentumEnergyIAD: 0.741398s
# Timestep: 0.0100141s
# UpdateQuantities: 0.00804585s
# UpdateSmoothingLength: 0.00272525s
### Check ### Global Tree Nodes: 512, Particles: 4000000, Halos: 142276
### Check ### Computational domain: -0.487229 0.487229 -0.487229 0.487229 -0.487229 0.487229
### Check ### Total Neighbors: 804302817, Avg neighbor count per particle: 100
### Check ### Total time: 0.0180084, current time-step: 0.000217217
### Check ### Total energy: 0.5, (internal: 0.000145386, kinetic: 0.499855, gravitational: 0)
### Check ### Focus Tree Nodes: 141044, maxDepth 7
=== Total time for iteration(75) 2.33885s

# domain::sync: 0.675786s
# FindNeighbors: 0.464967s
# Density: 0.155045s
# EquationOfState: 0.00254502s
# mpi::synchronizeHalos: 0.0320814s
# IAD: 0.227356s
# mpi::synchronizeHalos: 0.0367318s
# MomentumEnergyIAD: 0.755394s
# Timestep: 0.000116943s
# UpdateQuantities: 0.00874425s
# UpdateSmoothingLength: 0.00270695s
### Check ### Global Tree Nodes: 512, Particles: 4000000, Halos: 142284
### Check ### Computational domain: -0.487104 0.487104 -0.487104 0.487104 -0.487104 0.487104
### Check ### Total Neighbors: 804863272, Avg neighbor count per particle: 100
### Check ### Total time: 0.0182248, current time-step: 0.000216432
### Check ### Total energy: 0.5, (internal: 0.00014823, kinetic: 0.499852, gravitational: 0)
### Check ### Focus Tree Nodes: 142808, maxDepth 7
=== Total time for iteration(76) 2.36149s

# domain::sync: 0.664137s
# FindNeighbors: 0.461499s
# Density: 0.154603s
# EquationOfState: 0.00561384s
# mpi::synchronizeHalos: 0.03239s
# IAD: 0.256015s
# mpi::synchronizeHalos: 0.0324417s
# MomentumEnergyIAD: 0.743586s
# Timestep: 0.00454908s
# UpdateQuantities: 0.00948889s
# UpdateSmoothingLength: 0.00268579s
### Check ### Global Tree Nodes: 512, Particles: 4000000, Halos: 142376
### Check ### Computational domain: -0.486979 0.486979 -0.486979 0.486979 -0.486979 0.486979
### Check ### Total Neighbors: 804409720, Avg neighbor count per particle: 100
### Check ### Total time: 0.0184412, current time-step: 0.000216423
### Check ### Total energy: 0.5, (internal: 0.000151107, kinetic: 0.499849, gravitational: 0)
### Check ### Focus Tree Nodes: 141072, maxDepth 7
=== Total time for iteration(77) 2.36701s

# domain::sync: 0.686741s
# FindNeighbors: 0.460759s
# Density: 0.16093s
# EquationOfState: 0.00255169s
# mpi::synchronizeHalos: 0.0333684s
# IAD: 0.230259s
# mpi::synchronizeHalos: 0.0369347s
# MomentumEnergyIAD: 0.747963s
# Timestep: 0.000149566s
# UpdateQuantities: 0.00905163s
# UpdateSmoothingLength: 0.0026965s
### Check ### Global Tree Nodes: 512, Particles: 4000000, Halos: 142392
### Check ### Computational domain: -0.486854 0.486854 -0.486854 0.486854 -0.486854 0.486854
### Check ### Total Neighbors: 804588520, Avg neighbor count per particle: 100
### Check ### Total time: 0.0186581, current time-step: 0.000216828
### Check ### Total energy: 0.5, (internal: 0.000154021, kinetic: 0.499846, gravitational: 0)
### Check ### Focus Tree Nodes: 148100, maxDepth 7
=== Total time for iteration(78) 2.37141s

# domain::sync: 0.65612s
# FindNeighbors: 0.460437s
# Density: 0.153631s
# EquationOfState: 0.0025626s
# mpi::synchronizeHalos: 0.0359489s
# IAD: 0.226178s
# mpi::synchronizeHalos: 0.0375513s
# MomentumEnergyIAD: 0.738765s
# Timestep: 0.00454445s
# UpdateQuantities: 0.00864894s
# UpdateSmoothingLength: 0.00282915s
### Check ### Global Tree Nodes: 512, Particles: 4000000, Halos: 142432
### Check ### Computational domain: -0.486729 0.486729 -0.486729 0.486729 -0.486729 0.486729
### Check ### Total Neighbors: 804455556, Avg neighbor count per particle: 100
### Check ### Total time: 0.0188766, current time-step: 0.000218488
### Check ### Total energy: 0.5, (internal: 0.000156993, kinetic: 0.499843, gravitational: 0)
### Check ### Focus Tree Nodes: 149976, maxDepth 7
=== Total time for iteration(79) 2.32722s

# domain::sync: 0.660936s
# FindNeighbors: 0.458903s
# Density: 0.154742s
# EquationOfState: 0.00290731s
# mpi::synchronizeHalos: 0.0367588s
# IAD: 0.227411s
# mpi::synchronizeHalos: 0.033036s
# MomentumEnergyIAD: 0.73842s
# Timestep: 0.00776792s
# UpdateQuantities: 0.00824043s
# UpdateSmoothingLength: 0.00268189s
### Check ### Global Tree Nodes: 512, Particles: 4000000, Halos: 142476
### Check ### Computational domain: -0.486603 0.486603 -0.486603 0.486603 -0.486603 0.486603
### Check ### Total Neighbors: 804635008, Avg neighbor count per particle: 100
### Check ### Total time: 0.0190867, current time-step: 0.000210193
### Check ### Total energy: 0.5, (internal: 0.000159883, kinetic: 0.49984, gravitational: 0)
### Check ### Focus Tree Nodes: 143312, maxDepth 7
=== Total time for iteration(80) 2.33181s

# domain::sync: 0.678571s
# FindNeighbors: 0.458364s
# Density: 0.154602s
# EquationOfState: 0.00256187s
# mpi::synchronizeHalos: 0.0396909s
# IAD: 0.226024s
# mpi::synchronizeHalos: 0.0380755s
# MomentumEnergyIAD: 0.740396s
# Timestep: 0.00576258s
# UpdateQuantities: 0.0074284s
# UpdateSmoothingLength: 0.00269179s
### Check ### Global Tree Nodes: 512, Particles: 4000000, Halos: 142528
### Check ### Computational domain: -0.486481 0.486481 -0.486481 0.486481 -0.486481 0.486481
### Check ### Total Neighbors: 804250060, Avg neighbor count per particle: 100
### Check ### Total time: 0.0192967, current time-step: 0.000209957
### Check ### Total energy: 0.5, (internal: 0.000162803, kinetic: 0.499837, gravitational: 0)
### Check ### Focus Tree Nodes: 141184, maxDepth 7
=== Total time for iteration(81) 2.35418s

# domain::sync: 0.682502s
# FindNeighbors: 0.45611s
# Density: 0.153446s
# EquationOfState: 0.0025528s
# mpi::synchronizeHalos: 0.042979s
# IAD: 0.22587s
# mpi::synchronizeHalos: 0.0367634s
# MomentumEnergyIAD: 0.743337s
# Timestep: 0.00638224s
# UpdateQuantities: 0.00732754s
# UpdateSmoothingLength: 0.00267247s
### Check ### Global Tree Nodes: 512, Particles: 4000000, Halos: 142568
### Check ### Computational domain: -0.48636 0.48636 -0.48636 0.48636 -0.48636 0.48636
### Check ### Total Neighbors: 804344968, Avg neighbor count per particle: 100
### Check ### Total time: 0.019507, current time-step: 0.000210278
### Check ### Total energy: 0.5, (internal: 0.000165758, kinetic: 0.499834, gravitational: 0)
### Check ### Focus Tree Nodes: 148100, maxDepth 7
=== Total time for iteration(82) 2.35995s

# domain::sync: 0.682288s
# FindNeighbors: 0.46335s
# Density: 0.158247s
# EquationOfState: 0.00254949s
# mpi::synchronizeHalos: 0.0332073s
# IAD: 0.234068s
# mpi::synchronizeHalos: 0.0333972s
# MomentumEnergyIAD: 0.749977s
# Timestep: 0.000137078s
# UpdateQuantities: 0.00736534s
# UpdateSmoothingLength: 0.0026681s
### Check ### Global Tree Nodes: 512, Particles: 4000000, Halos: 142600
### Check ### Computational domain: -0.486239 0.486239 -0.486239 0.486239 -0.486239 0.486239
### Check ### Total Neighbors: 804366920, Avg neighbor count per particle: 100
### Check ### Total time: 0.019718, current time-step: 0.000210997
### Check ### Total energy: 0.5, (internal: 0.000168757, kinetic: 0.499831, gravitational: 0)
### Check ### Focus Tree Nodes: 148296, maxDepth 7
=== Total time for iteration(83) 2.36726s

# domain::sync: 0.668076s
# FindNeighbors: 0.459857s
# Density: 0.154719s
# EquationOfState: 0.00254523s
# mpi::synchronizeHalos: 0.0340914s
# IAD: 0.226925s
# mpi::synchronizeHalos: 0.0374703s
# MomentumEnergyIAD: 0.742079s
# Timestep: 0.00451124s
# UpdateQuantities: 0.00736462s
# UpdateSmoothingLength: 0.00269444s
### Check ### Global Tree Nodes: 512, Particles: 4000000, Halos: 142636
### Check ### Computational domain: -0.486117 0.486117 -0.486117 0.486117 -0.486117 0.486117
### Check ### Total Neighbors: 804367408, Avg neighbor count per particle: 100
### Check ### Total time: 0.0199299, current time-step: 0.000211904
### Check ### Total energy: 0.5, (internal: 0.000171802, kinetic: 0.499828, gravitational: 0)
### Check ### Focus Tree Nodes: 140960, maxDepth 7
=== Total time for iteration(84) 2.34034s

# domain::sync: 0.672113s
# FindNeighbors: 0.461187s
# Density: 0.154275s
# EquationOfState: 0.00253383s
# mpi::synchronizeHalos: 0.0362102s
# IAD: 0.22632s
# mpi::synchronizeHalos: 0.0376806s
# MomentumEnergyIAD: 0.744887s
# Timestep: 0.00735958s
# UpdateQuantities: 0.00722549s
# UpdateSmoothingLength: 0.00268148s
### Check ### Global Tree Nodes: 512, Particles: 4000000, Halos: 142708
### Check ### Computational domain: -0.485995 0.485995 -0.485995 0.485995 -0.485995 0.485995
### Check ### Total Neighbors: 804328024, Avg neighbor count per particle: 100
### Check ### Total time: 0.0201433, current time-step: 0.000213413
### Check ### Total energy: 0.5, (internal: 0.000174902, kinetic: 0.499825, gravitational: 0)
### Check ### Focus Tree Nodes: 148240, maxDepth 7
=== Total time for iteration(85) 2.35248s

# domain::sync: 0.666372s
# FindNeighbors: 0.459102s
# Density: 0.154707s
# EquationOfState: 0.00253386s
# mpi::synchronizeHalos: 0.0383853s
# IAD: 0.22604s
# mpi::synchronizeHalos: 0.0339454s
# MomentumEnergyIAD: 0.741722s
# Timestep: 0.0072876s
# UpdateQuantities: 0.00795554s
# UpdateSmoothingLength: 0.00274777s
### Check ### Global Tree Nodes: 512, Particles: 4000000, Halos: 142748
### Check ### Computational domain: -0.485871 0.485871 -0.485871 0.485871 -0.485871 0.485871
### Check ### Total Neighbors: 804384346, Avg neighbor count per particle: 100
### Check ### Total time: 0.0203532, current time-step: 0.000209862
### Check ### Total energy: 0.5, (internal: 0.000177984, kinetic: 0.499822, gravitational: 0)
### Check ### Focus Tree Nodes: 143256, maxDepth 7
=== Total time for iteration(86) 2.34081s

# domain::sync: 0.664522s
# FindNeighbors: 0.456207s
# Density: 0.154351s
# EquationOfState: 0.00491481s
# mpi::synchronizeHalos: 0.0411371s
# IAD: 0.22943s
# mpi::synchronizeHalos: 0.0331439s
# MomentumEnergyIAD: 0.744769s
# Timestep: 0.00194385s
# UpdateQuantities: 0.0100795s
# UpdateSmoothingLength: 0.0026957s
### Check ### Global Tree Nodes: 512, Particles: 4000000, Halos: 142784
### Check ### Computational domain: -0.48575 0.48575 -0.48575 0.48575 -0.48575 0.48575
### Check ### Total Neighbors: 804174358, Avg neighbor count per particle: 100
### Check ### Total time: 0.0205623, current time-step: 0.000209113
### Check ### Total energy: 0.5, (internal: 0.000181088, kinetic: 0.499819, gravitational: 0)
### Check ### Focus Tree Nodes: 149892, maxDepth 7
=== Total time for iteration(87) 2.3432s

# domain::sync: 0.66563s
# FindNeighbors: 0.460719s
# Density: 0.154174s
# EquationOfState: 0.00253535s
# mpi::synchronizeHalos: 0.0425303s
# IAD: 0.227889s
# mpi::synchronizeHalos: 0.077644s
# MomentumEnergyIAD: 0.74952s
# Timestep: 0.173673s
# UpdateQuantities: 0.00784081s
# UpdateSmoothingLength: 0.00269254s
### Check ### Global Tree Nodes: 512, Particles: 4000000, Halos: 142872
### Check ### Computational domain: -0.48563 0.48563 -0.48563 0.48563 -0.48563 0.48563
### Check ### Total Neighbors: 804278826, Avg neighbor count per particle: 100
### Check ### Total time: 0.020765, current time-step: 0.000202738
### Check ### Total energy: 0.5, (internal: 0.000184128, kinetic: 0.499816, gravitational: 0)
### Check ### Focus Tree Nodes: 140960, maxDepth 7
=== Total time for iteration(88) 2.56486s

# domain::sync: 0.65821s
# FindNeighbors: 0.460478s
# Density: 0.153345s
# EquationOfState: 0.00254537s
# mpi::synchronizeHalos: 0.0330772s
# IAD: 0.228143s
# mpi::synchronizeHalos: 0.0355945s
# MomentumEnergyIAD: 0.74379s
# Timestep: 0.000126457s
# UpdateQuantities: 0.00703117s
# UpdateSmoothingLength: 0.00266708s
### Check ### Global Tree Nodes: 512, Particles: 4000000, Halos: 142912
### Check ### Computational domain: -0.485513 0.485513 -0.485513 0.485513 -0.485513 0.485513
### Check ### Total Neighbors: 803955944, Avg neighbor count per particle: 100
### Check ### Total time: 0.0209682, current time-step: 0.000203165
### Check ### Total energy: 0.5, (internal: 0.000187206, kinetic: 0.499813, gravitational: 0)
### Check ### Focus Tree Nodes: 150032, maxDepth 7
=== Total time for iteration(89) 2.32502s

# domain::sync: 0.654481s
# FindNeighbors: 0.462451s
# Density: 0.155034s
# EquationOfState: 0.00254061s
# mpi::synchronizeHalos: 0.0550082s
# IAD: 0.227675s
# mpi::synchronizeHalos: 0.0399017s
# MomentumEnergyIAD: 0.746942s
# Timestep: 0.000141379s
# UpdateQuantities: 0.00719965s
# UpdateSmoothingLength: 0.00268489s
### Check ### Global Tree Nodes: 512, Particles: 4000000, Halos: 142940
### Check ### Computational domain: -0.485395 0.485395 -0.485395 0.485395 -0.485395 0.485395
### Check ### Total Neighbors: 804173334, Avg neighbor count per particle: 100
### Check ### Total time: 0.0211725, current time-step: 0.00020433
### Check ### Total energy: 0.5, (internal: 0.000190332, kinetic: 0.49981, gravitational: 0)
### Check ### Focus Tree Nodes: 150368, maxDepth 7
=== Total time for iteration(90) 2.35408s

# domain::sync: 0.63653s
# FindNeighbors: 0.459895s
# Density: 0.154833s
# EquationOfState: 0.00252317s
# mpi::synchronizeHalos: 0.0397606s
# IAD: 0.225856s
# mpi::synchronizeHalos: 0.0418282s
# MomentumEnergyIAD: 0.745727s
# Timestep: 0.000110745s
# UpdateQuantities: 0.00708236s
# UpdateSmoothingLength: 0.00267959s
### Check ### Global Tree Nodes: 512, Particles: 4000000, Halos: 142992
### Check ### Computational domain: -0.485277 0.485277 -0.485277 0.485277 -0.485277 0.485277
### Check ### Total Neighbors: 804080753, Avg neighbor count per particle: 100
### Check ### Total time: 0.0213757, current time-step: 0.000203215
### Check ### Total energy: 0.5, (internal: 0.000193474, kinetic: 0.499807, gravitational: 0)
### Check ### Focus Tree Nodes: 148240, maxDepth 7
=== Total time for iteration(91) 2.31684s

# domain::sync: 0.637571s
# FindNeighbors: 0.457151s
# Density: 0.153622s
# EquationOfState: 0.00252346s
# mpi::synchronizeHalos: 0.0374227s
# IAD: 0.226918s
# mpi::synchronizeHalos: 0.0345402s
# MomentumEnergyIAD: 0.743778s
# Timestep: 0.000138773s
# UpdateQuantities: 0.0068072s
# UpdateSmoothingLength: 0.00265789s
### Check ### Global Tree Nodes: 512, Particles: 4000000, Halos: 143064
### Check ### Computational domain: -0.48516 0.48516 -0.48516 0.48516 -0.48516 0.48516
### Check ### Total Neighbors: 804114543, Avg neighbor count per particle: 100
### Check ### Total time: 0.0215793, current time-step: 0.0002036
### Check ### Total energy: 0.5, (internal: 0.000196653, kinetic: 0.499803, gravitational: 0)
### Check ### Focus Tree Nodes: 143396, maxDepth 7
=== Total time for iteration(92) 2.30314s

# domain::sync: 0.64239s
# FindNeighbors: 0.459688s
# Density: 0.153987s
# EquationOfState: 0.00253519s
# mpi::synchronizeHalos: 0.040338s
# IAD: 0.231598s
# mpi::synchronizeHalos: 0.0326381s
# MomentumEnergyIAD: 0.752402s
# Timestep: 0.000125688s
# UpdateQuantities: 0.00720719s
# UpdateSmoothingLength: 0.0026623s
### Check ### Global Tree Nodes: 512, Particles: 4000000, Halos: 143124
### Check ### Computational domain: -0.485042 0.485042 -0.485042 0.485042 -0.485042 0.485042
### Check ### Total Neighbors: 803991068, Avg neighbor count per particle: 100
### Check ### Total time: 0.0217841, current time-step: 0.000204744
### Check ### Total energy: 0.5, (internal: 0.000199882, kinetic: 0.4998, gravitational: 0)
### Check ### Focus Tree Nodes: 141072, maxDepth 7
=== Total time for iteration(93) 2.32559s

# domain::sync: 0.630892s
# FindNeighbors: 0.461167s
# Density: 0.156879s
# EquationOfState: 0.0026851s
# mpi::synchronizeHalos: 0.0624322s
# IAD: 0.233068s
# mpi::synchronizeHalos: 0.0325005s
# MomentumEnergyIAD: 0.744024s
# Timestep: 0.000118271s
# UpdateQuantities: 0.00703045s
# UpdateSmoothingLength: 0.00265675s
### Check ### Global Tree Nodes: 512, Particles: 4000000, Halos: 143144
### Check ### Computational domain: -0.484924 0.484924 -0.484924 0.484924 -0.484924 0.484924
### Check ### Total Neighbors: 804132520, Avg neighbor count per particle: 100
### Check ### Total time: 0.0219908, current time-step: 0.000206693
### Check ### Total energy: 0.5, (internal: 0.000203176, kinetic: 0.499797, gravitational: 0)
### Check ### Focus Tree Nodes: 143312, maxDepth 7
=== Total time for iteration(94) 2.33347s

# domain::sync: 0.657229s
# FindNeighbors: 0.458045s
# Density: 0.154813s
# EquationOfState: 0.0025205s
# mpi::synchronizeHalos: 0.0358328s
# IAD: 0.226623s
# mpi::synchronizeHalos: 0.0383536s
# MomentumEnergyIAD: 0.746112s
# Timestep: 0.000175787s
# UpdateQuantities: 0.00725473s
# UpdateSmoothingLength: 0.00265478s
### Check ### Global Tree Nodes: 512, Particles: 4000000, Halos: 143224
### Check ### Computational domain: -0.484805 0.484805 -0.484805 0.484805 -0.484805 0.484805
### Check ### Total Neighbors: 804089835, Avg neighbor count per particle: 100
### Check ### Total time: 0.0221994, current time-step: 0.000208688
### Check ### Total energy: 0.5, (internal: 0.000206536, kinetic: 0.499794, gravitational: 0)
### Check ### Focus Tree Nodes: 150032, maxDepth 7
=== Total time for iteration(95) 2.32964s

# domain::sync: 0.674132s
# FindNeighbors: 0.460164s
# Density: 0.154577s
# EquationOfState: 0.00254997s
# mpi::synchronizeHalos: 0.0384649s
# IAD: 0.226485s
# mpi::synchronizeHalos: 0.0410031s
# MomentumEnergyIAD: 0.744732s
# Timestep: 0.000123831s
# UpdateQuantities: 0.00742187s
# UpdateSmoothingLength: 0.00268576s
### Check ### Global Tree Nodes: 512, Particles: 4000000, Halos: 143296
### Check ### Computational domain: -0.484685 0.484685 -0.484685 0.484685 -0.484685 0.484685
### Check ### Total Neighbors: 804093043, Avg neighbor count per particle: 100
### Check ### Total time: 0.0224035, current time-step: 0.000204093
### Check ### Total energy: 0.5, (internal: 0.000209856, kinetic: 0.49979, gravitational: 0)
### Check ### Focus Tree Nodes: 150116, maxDepth 7
=== Total time for iteration(96) 2.35236s

# domain::sync: 0.649088s
# FindNeighbors: 0.457986s
# Density: 0.154107s
# EquationOfState: 0.00254256s
# mpi::synchronizeHalos: 0.0372294s
# IAD: 0.226443s
# mpi::synchronizeHalos: 0.0322648s
# MomentumEnergyIAD: 0.739976s
# Timestep: 0.000150582s
# UpdateQuantities: 0.00754498s
# UpdateSmoothingLength: 0.00267999s
### Check ### Global Tree Nodes: 512, Particles: 4000000, Halos: 143336
### Check ### Computational domain: -0.484567 0.484567 -0.484567 0.484567 -0.484567 0.484567
### Check ### Total Neighbors: 803981933, Avg neighbor count per particle: 100
### Check ### Total time: 0.0226038, current time-step: 0.00020028
### Check ### Total energy: 0.5, (internal: 0.000213147, kinetic: 0.499787, gravitational: 0)
### Check ### Focus Tree Nodes: 148436, maxDepth 7
=== Total time for iteration(97) 2.31003s

# domain::sync: 0.655124s
# FindNeighbors: 0.459516s
# Density: 0.153937s
# EquationOfState: 0.00254638s
# mpi::synchronizeHalos: 0.0335218s
# IAD: 0.229041s
# mpi::synchronizeHalos: 0.035006s
# MomentumEnergyIAD: 0.750388s
# Timestep: 0.000110435s
# UpdateQuantities: 0.00709443s
# UpdateSmoothingLength: 0.00268549s
### Check ### Global Tree Nodes: 512, Particles: 4000000, Halos: 143386
### Check ### Computational domain: -0.484451 0.484451 -0.484451 0.484451 -0.484451 0.484451
### Check ### Total Neighbors: 803892818, Avg neighbor count per particle: 100
### Check ### Total time: 0.0228053, current time-step: 0.000201463
### Check ### Total energy: 0.5, (internal: 0.000216489, kinetic: 0.499784, gravitational: 0)
### Check ### Focus Tree Nodes: 141296, maxDepth 7
=== Total time for iteration(98) 2.32899s

# domain::sync: 0.654584s
# FindNeighbors: 0.459522s
# Density: 0.154739s
# EquationOfState: 0.00254491s
# mpi::synchronizeHalos: 0.034312s
# IAD: 0.233658s
# mpi::synchronizeHalos: 0.03259s
# MomentumEnergyIAD: 0.744449s
# Timestep: 0.000112206s
# UpdateQuantities: 0.00723854s
# UpdateSmoothingLength: 0.00267751s
### Check ### Global Tree Nodes: 512, Particles: 4000000, Halos: 143448
### Check ### Computational domain: -0.484335 0.484335 -0.484335 0.484335 -0.484335 0.484335
### Check ### Total Neighbors: 803955976, Avg neighbor count per particle: 100
### Check ### Total time: 0.0230041, current time-step: 0.000198824
### Check ### Total energy: 0.5, (internal: 0.000219819, kinetic: 0.49978, gravitational: 0)
### Check ### Focus Tree Nodes: 141632, maxDepth 7
=== Total time for iteration(99) 2.32644s

# domain::sync: 0.671147s
# FindNeighbors: 0.457929s
# Density: 0.155396s
# EquationOfState: 0.00267247s
# mpi::synchronizeHalos: 0.0387051s
# IAD: 0.227813s
# mpi::synchronizeHalos: 0.0403946s
# MomentumEnergyIAD: 0.74666s
# Timestep: 0.000111952s
# UpdateQuantities: 0.00752087s
# UpdateSmoothingLength: 0.00269109s
### Check ### Global Tree Nodes: 512, Particles: 4000000, Halos: 143496
### Check ### Computational domain: -0.48422 0.48422 -0.48422 0.48422 -0.48422 0.48422
### Check ### Total Neighbors: 803782872, Avg neighbor count per particle: 100
### Check ### Total time: 0.0232035, current time-step: 0.000199396
### Check ### Total energy: 0.5, (internal: 0.000223191, kinetic: 0.499777, gravitational: 0)
### Check ### Focus Tree Nodes: 143592, maxDepth 7
=== Total time for iteration(100) 2.35106s

# Total execution time of 100 iterations of noh up to t = 0.023204: 228.942s
real 229.84
user 6673.20
sys 11.61
