123.65

Params:Program: ../sph-exa-build/main/src/sphexa/sphexa
Particles: 100
Timestep: 100
Numthreads: 1
Nodes: 11
# SPHEXA: HEAD/22053277
# 11 MPI-3.1 process(es) with 1 OpenMP-201511 thread(s)/process
Data generated for 1000000 global particles
Domain synchronized, nLocalParticles 139752
# domain::sync: 0.309909s
# FindNeighbors: 0.23338s
# Density: 0.0550178s
# EquationOfState: 0.000498135s
# mpi::synchronizeHalos: 0.0252997s
# IAD: 0.0737339s
# mpi::synchronizeHalos: 0.229837s
# MomentumEnergyIAD: 0.171463s
# Timestep: 0.00216632s
# UpdateQuantities: 0.00107034s
# UpdateSmoothingLength: 0.00102958s
### Check ### Global Tree Nodes: 4096, Particles: 91014, Halos: 48738
### Check ### Computational domain: -0.5 0.5 -0.5 0.5 -0.5 0.5
### Check ### Total Neighbors: 93000000, Avg neighbor count per particle: 93
### Check ### Total time: 1.1e-06, current time-step: 1.1e-06
### Check ### Total energy: 1, (internal: 1, kinetic: 1.06507e-08, gravitational: 0)
### Check ### Focus Tree Nodes: 7757, maxDepth 5
=== Total time for iteration(1) 1.10341s

# domain::sync: 0.334377s
# FindNeighbors: 0.229855s
# Density: 0.0549604s
# EquationOfState: 0.000500207s
# mpi::synchronizeHalos: 0.0580215s
# IAD: 0.0756189s
# mpi::synchronizeHalos: 0.204914s
# MomentumEnergyIAD: 0.211791s
# Timestep: 0.0210103s
# UpdateQuantities: 0.00105785s
# UpdateSmoothingLength: 0.0010262s
### Check ### Global Tree Nodes: 4096, Particles: 90924, Halos: 48828
### Check ### Computational domain: -0.5 0.5 -0.5 0.5 -0.5 0.5
### Check ### Total Neighbors: 93000000, Avg neighbor count per particle: 93
### Check ### Total time: 2.31e-06, current time-step: 1.21e-06
### Check ### Total energy: 1, (internal: 1, kinetic: 3.28473e-08, gravitational: 0)
### Check ### Focus Tree Nodes: 7757, maxDepth 5
=== Total time for iteration(2) 1.19314s

# domain::sync: 0.347482s
# FindNeighbors: 0.231825s
# Density: 0.0554428s
# EquationOfState: 0.000496528s
# mpi::synchronizeHalos: 0.0316089s
# IAD: 0.0750117s
# mpi::synchronizeHalos: 0.036849s
# MomentumEnergyIAD: 0.205528s
# Timestep: 0.0252469s
# UpdateQuantities: 0.00106777s
# UpdateSmoothingLength: 0.00102516s
### Check ### Global Tree Nodes: 4096, Particles: 90924, Halos: 48828
### Check ### Computational domain: -0.5 0.5 -0.5 0.5 -0.5 0.5
### Check ### Total Neighbors: 93000000, Avg neighbor count per particle: 93
### Check ### Total time: 3.641e-06, current time-step: 1.331e-06
### Check ### Total energy: 1, (internal: 1, kinetic: 7.13259e-08, gravitational: 0)
### Check ### Focus Tree Nodes: 7757, maxDepth 5
=== Total time for iteration(3) 1.01159s

# domain::sync: 0.159797s
# FindNeighbors: 0.232642s
# Density: 0.0548233s
# EquationOfState: 0.000498452s
# mpi::synchronizeHalos: 0.188171s
# IAD: 0.0752805s
# mpi::synchronizeHalos: 0.0664853s
# MomentumEnergyIAD: 0.202933s
# Timestep: 0.0248978s
# UpdateQuantities: 0.00107679s
# UpdateSmoothingLength: 0.00102482s
### Check ### Global Tree Nodes: 4096, Particles: 90924, Halos: 48828
### Check ### Computational domain: -0.5 0.5 -0.5 0.5 -0.5 0.5
### Check ### Total Neighbors: 93000000, Avg neighbor count per particle: 93
### Check ### Total time: 5.1051e-06, current time-step: 1.4641e-06
### Check ### Total energy: 1, (internal: 1, kinetic: 1.30663e-07, gravitational: 0)
### Check ### Focus Tree Nodes: 7757, maxDepth 5
=== Total time for iteration(4) 1.00763s

# domain::sync: 0.306895s
# FindNeighbors: 0.233563s
# Density: 0.0549238s
# EquationOfState: 0.000500027s
# mpi::synchronizeHalos: 0.029445s
# IAD: 0.0758528s
# mpi::synchronizeHalos: 0.0954311s
# MomentumEnergyIAD: 0.201456s
# Timestep: 0.00634532s
# UpdateQuantities: 0.00106305s
# UpdateSmoothingLength: 0.00105231s
### Check ### Global Tree Nodes: 4096, Particles: 90924, Halos: 48828
### Check ### Computational domain: -0.5 0.5 -0.5 0.5 -0.5 0.5
### Check ### Total Neighbors: 93000000, Avg neighbor count per particle: 93
### Check ### Total time: 6.71561e-06, current time-step: 1.61051e-06
### Check ### Total energy: 1, (internal: 1, kinetic: 2.16511e-07, gravitational: 0)
### Check ### Focus Tree Nodes: 7757, maxDepth 5
=== Total time for iteration(5) 1.00653s

# domain::sync: 0.307955s
# FindNeighbors: 0.23519s
# Density: 0.0550362s
# EquationOfState: 0.000526455s
# mpi::synchronizeHalos: 0.024794s
# IAD: 0.075441s
# mpi::synchronizeHalos: 0.0455372s
# MomentumEnergyIAD: 0.200983s
# Timestep: 0.000444529s
# UpdateQuantities: 0.00105794s
# UpdateSmoothingLength: 0.0010245s
### Check ### Global Tree Nodes: 4096, Particles: 90924, Halos: 48828
### Check ### Computational domain: -0.5 0.5 -0.5 0.5 -0.5 0.5
### Check ### Total Neighbors: 93000000, Avg neighbor count per particle: 93
### Check ### Total time: 8.48717e-06, current time-step: 1.77156e-06
### Check ### Total energy: 1, (internal: 1, kinetic: 3.35833e-07, gravitational: 0)
### Check ### Focus Tree Nodes: 7757, maxDepth 5
=== Total time for iteration(6) 0.947994s

# domain::sync: 0.333236s
# FindNeighbors: 0.254449s
# Density: 0.0720595s
# EquationOfState: 0.000497663s
# mpi::synchronizeHalos: 0.244857s
# IAD: 0.099209s
# mpi::synchronizeHalos: 0.0266576s
# MomentumEnergyIAD: 0.414256s
# Timestep: 0.0214579s
# UpdateQuantities: 0.00106417s
# UpdateSmoothingLength: 0.00102489s
### Check ### Global Tree Nodes: 4096, Particles: 90924, Halos: 48828
### Check ### Computational domain: -0.5 0.5 -0.5 0.5 -0.5 0.5
### Check ### Total Neighbors: 123000000, Avg neighbor count per particle: 123
### Check ### Total time: 1.04359e-05, current time-step: 1.94872e-06
### Check ### Total energy: 1, (internal: 1, kinetic: 4.97197e-07, gravitational: 0)
### Check ### Focus Tree Nodes: 7757, maxDepth 5
=== Total time for iteration(7) 1.46877s

# domain::sync: 0.324298s
# FindNeighbors: 0.232827s
# Density: 0.0555731s
# EquationOfState: 0.000500419s
# mpi::synchronizeHalos: 0.225315s
# IAD: 0.0753515s
# mpi::synchronizeHalos: 0.208411s
# MomentumEnergyIAD: 0.200205s
# Timestep: 0.140165s
# UpdateQuantities: 0.00106348s
# UpdateSmoothingLength: 0.00102626s
### Check ### Global Tree Nodes: 4096, Particles: 90924, Halos: 48828
### Check ### Computational domain: -0.5 0.5 -0.5 0.5 -0.5 0.5
### Check ### Total Neighbors: 93000000, Avg neighbor count per particle: 93
### Check ### Total time: 1.25795e-05, current time-step: 2.14359e-06
### Check ### Total energy: 1, (internal: 0.999999, kinetic: 7.11256e-07, gravitational: 0)
### Check ### Focus Tree Nodes: 7757, maxDepth 5
=== Total time for iteration(8) 1.46474s

# domain::sync: 0.347237s
# FindNeighbors: 0.233785s
# Density: 0.0555988s
# EquationOfState: 0.000497088s
# mpi::synchronizeHalos: 0.0277309s
# IAD: 0.0750474s
# mpi::synchronizeHalos: 0.0952167s
# MomentumEnergyIAD: 0.199304s
# Timestep: 0.00673118s
# UpdateQuantities: 0.00107101s
# UpdateSmoothingLength: 0.00102588s
### Check ### Global Tree Nodes: 4096, Particles: 90924, Halos: 48828
### Check ### Computational domain: -0.5 0.5 -0.5 0.5 -0.5 0.5
### Check ### Total Neighbors: 93000000, Avg neighbor count per particle: 93
### Check ### Total time: 1.49374e-05, current time-step: 2.35795e-06
### Check ### Total energy: 1, (internal: 0.999999, kinetic: 9.90776e-07, gravitational: 0)
### Check ### Focus Tree Nodes: 7757, maxDepth 5
=== Total time for iteration(9) 1.04325s

# domain::sync: 0.152184s
# FindNeighbors: 0.234636s
# Density: 0.0554415s
# EquationOfState: 0.000498192s
# mpi::synchronizeHalos: 0.187382s
# IAD: 0.0747008s
# mpi::synchronizeHalos: 0.118638s
# MomentumEnergyIAD: 0.198171s
# Timestep: 0.134436s
# UpdateQuantities: 0.00106937s
# UpdateSmoothingLength: 0.0010255s
### Check ### Global Tree Nodes: 4096, Particles: 90924, Halos: 48828
### Check ### Computational domain: -0.5 0.5 -0.5 0.5 -0.5 0.5
### Check ### Total Neighbors: 93000000, Avg neighbor count per particle: 93
### Check ### Total time: 1.75312e-05, current time-step: 2.59374e-06
### Check ### Total energy: 1, (internal: 0.999999, kinetic: 1.35159e-06, gravitational: 0)
### Check ### Focus Tree Nodes: 7757, maxDepth 5
=== Total time for iteration(10) 1.15819s

# domain::sync: 0.330925s
# FindNeighbors: 0.255474s
# Density: 0.072866s
# EquationOfState: 0.000498581s
# mpi::synchronizeHalos: 0.0267518s
# IAD: 0.0992399s
# mpi::synchronizeHalos: 0.0391663s
# MomentumEnergyIAD: 0.364719s
# Timestep: 0.238302s
# UpdateQuantities: 0.00106037s
# UpdateSmoothingLength: 0.00102443s
### Check ### Global Tree Nodes: 4096, Particles: 90924, Halos: 48828
### Check ### Computational domain: -0.5 0.5 -0.5 0.5 -0.5 0.5
### Check ### Total Neighbors: 123000000, Avg neighbor count per particle: 123
### Check ### Total time: 2.03843e-05, current time-step: 2.85312e-06
### Check ### Total energy: 1, (internal: 0.999998, kinetic: 1.813e-06, gravitational: 0)
### Check ### Focus Tree Nodes: 7757, maxDepth 5
=== Total time for iteration(11) 1.43003s

# domain::sync: 0.13392s
# FindNeighbors: 0.232869s
# Density: 0.0551358s
# EquationOfState: 0.000504365s
# mpi::synchronizeHalos: 0.217503s
# IAD: 0.0758009s
# mpi::synchronizeHalos: 0.0366517s
# MomentumEnergyIAD: 0.20075s
# Timestep: 0.0201908s
# UpdateQuantities: 0.00106082s
# UpdateSmoothingLength: 0.00102433s
### Check ### Global Tree Nodes: 4096, Particles: 90924, Halos: 48828
### Check ### Computational domain: -0.5 0.5 -0.5 0.5 -0.5 0.5
### Check ### Total Neighbors: 93000000, Avg neighbor count per particle: 93
### Check ### Total time: 2.35227e-05, current time-step: 3.13843e-06
### Check ### Total energy: 1, (internal: 0.999998, kinetic: 2.39897e-06, gravitational: 0)
### Check ### Focus Tree Nodes: 7757, maxDepth 5
=== Total time for iteration(12) 0.975413s

# domain::sync: 0.297782s
# FindNeighbors: 0.233423s
# Density: 0.0549544s
# EquationOfState: 0.000502291s
# mpi::synchronizeHalos: 0.0442966s
# IAD: 0.0748872s
# mpi::synchronizeHalos: 0.213378s
# MomentumEnergyIAD: 0.200158s
# Timestep: 0.0209922s
# UpdateQuantities: 0.0010587s
# UpdateSmoothingLength: 0.00102528s
### Check ### Global Tree Nodes: 4096, Particles: 90924, Halos: 48828
### Check ### Computational domain: -0.5 0.5 -0.5 0.5 -0.5 0.5
### Check ### Total Neighbors: 93000000, Avg neighbor count per particle: 93
### Check ### Total time: 2.6975e-05, current time-step: 3.45227e-06
### Check ### Total energy: 1, (internal: 0.999997, kinetic: 3.13792e-06, gravitational: 0)
### Check ### Focus Tree Nodes: 7757, maxDepth 5
=== Total time for iteration(13) 1.14246s

# domain::sync: 0.322218s
# FindNeighbors: 0.234594s
# Density: 0.0548117s
# EquationOfState: 0.000495908s
# mpi::synchronizeHalos: 0.0335212s
# IAD: 0.0751103s
# mpi::synchronizeHalos: 0.224345s
# MomentumEnergyIAD: 0.198199s
# Timestep: 0.202723s
# UpdateQuantities: 0.00106591s
# UpdateSmoothingLength: 0.00102619s
### Check ### Global Tree Nodes: 4096, Particles: 90924, Halos: 48828
### Check ### Computational domain: -0.5 0.5 -0.5 0.5 -0.5 0.5
### Check ### Total Neighbors: 93000000, Avg neighbor count per particle: 93
### Check ### Total time: 3.07725e-05, current time-step: 3.7975e-06
### Check ### Total energy: 1, (internal: 0.999996, kinetic: 4.06507e-06, gravitational: 0)
### Check ### Focus Tree Nodes: 7757, maxDepth 5
=== Total time for iteration(14) 1.34811s

# domain::sync: 0.326323s
# FindNeighbors: 0.255452s
# Density: 0.0719541s
# EquationOfState: 0.000495906s
# mpi::synchronizeHalos: 0.0504001s
# IAD: 0.0983739s
# mpi::synchronizeHalos: 0.237147s
# MomentumEnergyIAD: 0.323507s
# Timestep: 0.0113802s
# UpdateQuantities: 0.00111438s
# UpdateSmoothingLength: 0.00102329s
### Check ### Global Tree Nodes: 4096, Particles: 90924, Halos: 48828
### Check ### Computational domain: -0.5 0.5 -0.5 0.5 -0.5 0.5
### Check ### Total Neighbors: 123000000, Avg neighbor count per particle: 123
### Check ### Total time: 3.49497e-05, current time-step: 4.17725e-06
### Check ### Total energy: 1, (internal: 0.999995, kinetic: 5.22319e-06, gravitational: 0)
### Check ### Focus Tree Nodes: 7757, maxDepth 5
=== Total time for iteration(15) 1.37717s

# domain::sync: 0.31571s
# FindNeighbors: 0.233871s
# Density: 0.0554989s
# EquationOfState: 0.000499234s
# mpi::synchronizeHalos: 0.0216436s
# IAD: 0.0751454s
# mpi::synchronizeHalos: 0.0707166s
# MomentumEnergyIAD: 0.199267s
# Timestep: 0.0014013s
# UpdateQuantities: 0.00106865s
# UpdateSmoothingLength: 0.00102361s
### Check ### Global Tree Nodes: 4096, Particles: 90924, Halos: 48828
### Check ### Computational domain: -0.5 0.5 -0.5 0.5 -0.5 0.5
### Check ### Total Neighbors: 93000000, Avg neighbor count per particle: 93
### Check ### Total time: 3.95447e-05, current time-step: 4.59497e-06
### Check ### Total energy: 1, (internal: 0.999993, kinetic: 6.66529e-06, gravitational: 0)
### Check ### Focus Tree Nodes: 7757, maxDepth 5
=== Total time for iteration(16) 0.975849s

# domain::sync: 0.362871s
# FindNeighbors: 0.233766s
# Density: 0.055442s
# EquationOfState: 0.000529423s
# mpi::synchronizeHalos: 0.0305674s
# IAD: 0.0752614s
# mpi::synchronizeHalos: 0.0917305s
# MomentumEnergyIAD: 0.198965s
# Timestep: 0.212698s
# UpdateQuantities: 0.00107597s
# UpdateSmoothingLength: 0.00102665s
### Check ### Global Tree Nodes: 4096, Particles: 90924, Halos: 48828
### Check ### Computational domain: -0.5 0.5 -0.5 0.5 -0.5 0.5
### Check ### Total Neighbors: 93000000, Avg neighbor count per particle: 93
### Check ### Total time: 4.45992e-05, current time-step: 5.05447e-06
### Check ### Total energy: 1, (internal: 0.999992, kinetic: 8.4538e-06, gravitational: 0)
### Check ### Focus Tree Nodes: 7757, maxDepth 5
=== Total time for iteration(17) 1.26394s

# domain::sync: 0.305875s
# FindNeighbors: 0.234526s
# Density: 0.0553451s
# EquationOfState: 0.000583129s
# mpi::synchronizeHalos: 0.0370495s
# IAD: 0.0748373s
# mpi::synchronizeHalos: 0.230826s
# MomentumEnergyIAD: 0.198412s
# Timestep: 0.00720761s
# UpdateQuantities: 0.00109486s
# UpdateSmoothingLength: 0.001055s
### Check ### Global Tree Nodes: 4096, Particles: 90924, Halos: 48828
### Check ### Computational domain: -0.5 0.5 -0.5 0.5 -0.5 0.5
### Check ### Total Neighbors: 93000000, Avg neighbor count per particle: 93
### Check ### Total time: 5.01591e-05, current time-step: 5.55992e-06
### Check ### Total energy: 1, (internal: 0.999989, kinetic: 1.06661e-05, gravitational: 0)
### Check ### Focus Tree Nodes: 7757, maxDepth 5
=== Total time for iteration(18) 1.14682s

# domain::sync: 0.174499s
# FindNeighbors: 0.254197s
# Density: 0.0721345s
# EquationOfState: 0.000496809s
# mpi::synchronizeHalos: 0.206745s
# IAD: 0.0984017s
# mpi::synchronizeHalos: 0.230594s
# MomentumEnergyIAD: 0.298902s
# Timestep: 0.0293794s
# UpdateQuantities: 0.00106141s
# UpdateSmoothingLength: 0.00105242s
### Check ### Global Tree Nodes: 4096, Particles: 90924, Halos: 48828
### Check ### Computational domain: -0.5 0.5 -0.5 0.5 -0.5 0.5
### Check ### Total Neighbors: 123000000, Avg neighbor count per particle: 123
### Check ### Total time: 5.6275e-05, current time-step: 6.11591e-06
### Check ### Total energy: 1, (internal: 0.999987, kinetic: 1.33959e-05, gravitational: 0)
### Check ### Focus Tree Nodes: 7757, maxDepth 5
=== Total time for iteration(19) 1.36747s

# domain::sync: 0.16133s
# FindNeighbors: 0.232999s
# Density: 0.0549737s
# EquationOfState: 0.000498318s
# mpi::synchronizeHalos: 0.214462s
# IAD: 0.0750193s
# mpi::synchronizeHalos: 0.0431452s
# MomentumEnergyIAD: 0.198906s
# Timestep: 0.194367s
# UpdateQuantities: 0.00106724s
# UpdateSmoothingLength: 0.00102423s
### Check ### Global Tree Nodes: 4096, Particles: 90924, Halos: 48828
### Check ### Computational domain: -0.5 0.5 -0.5 0.5 -0.5 0.5
### Check ### Total Neighbors: 93000000, Avg neighbor count per particle: 93
### Check ### Total time: 6.30025e-05, current time-step: 6.7275e-06
### Check ### Total energy: 1, (internal: 0.999983, kinetic: 1.67591e-05, gravitational: 0)
### Check ### Focus Tree Nodes: 7757, maxDepth 5
=== Total time for iteration(20) 1.1778s

# domain::sync: 0.159377s
# FindNeighbors: 0.234155s
# Density: 0.0554068s
# EquationOfState: 0.000496675s
# mpi::synchronizeHalos: 0.236478s
# IAD: 0.0752174s
# mpi::synchronizeHalos: 0.0884968s
# MomentumEnergyIAD: 0.198006s
# Timestep: 0.122987s
# UpdateQuantities: 0.00106289s
# UpdateSmoothingLength: 0.00102579s
### Check ### Global Tree Nodes: 4096, Particles: 90924, Halos: 48828
### Check ### Computational domain: -0.5 0.5 -0.5 0.5 -0.5 0.5
### Check ### Total Neighbors: 93000000, Avg neighbor count per particle: 93
### Check ### Total time: 7.04027e-05, current time-step: 7.40025e-06
### Check ### Total energy: 1, (internal: 0.999979, kinetic: 2.08918e-05, gravitational: 0)
### Check ### Focus Tree Nodes: 7757, maxDepth 5
=== Total time for iteration(21) 1.17271s

# domain::sync: 0.342992s
# FindNeighbors: 0.234611s
# Density: 0.0554237s
# EquationOfState: 0.000500456s
# mpi::synchronizeHalos: 0.0397402s
# IAD: 0.0749815s
# mpi::synchronizeHalos: 0.0289136s
# MomentumEnergyIAD: 0.197867s
# Timestep: 0.185006s
# UpdateQuantities: 0.00106895s
# UpdateSmoothingLength: 0.00102452s
### Check ### Global Tree Nodes: 4096, Particles: 90924, Halos: 48828
### Check ### Computational domain: -0.5 0.5 -0.5 0.5 -0.5 0.5
### Check ### Total Neighbors: 93000000, Avg neighbor count per particle: 93
### Check ### Total time: 7.8543e-05, current time-step: 8.14027e-06
### Check ### Total energy: 1, (internal: 0.999974, kinetic: 2.59626e-05, gravitational: 0)
### Check ### Focus Tree Nodes: 7757, maxDepth 5
=== Total time for iteration(22) 1.16213s

# domain::sync: 0.323367s
# FindNeighbors: 0.254785s
# Density: 0.0719254s
# EquationOfState: 0.000498138s
# mpi::synchronizeHalos: 0.0310483s
# IAD: 0.0984086s
# mpi::synchronizeHalos: 0.228705s
# MomentumEnergyIAD: 0.294337s
# Timestep: 0.0132892s
# UpdateQuantities: 0.00106418s
# UpdateSmoothingLength: 0.00102526s
### Check ### Global Tree Nodes: 4096, Particles: 90924, Halos: 48828
### Check ### Computational domain: -0.5 0.5 -0.5 0.5 -0.5 0.5
### Check ### Total Neighbors: 123000000, Avg neighbor count per particle: 123
### Check ### Total time: 8.74973e-05, current time-step: 8.9543e-06
### Check ### Total energy: 1, (internal: 0.999968, kinetic: 3.2175e-05, gravitational: 0)
### Check ### Focus Tree Nodes: 7757, maxDepth 5
=== Total time for iteration(23) 1.31846s

# domain::sync: 0.342029s
# FindNeighbors: 0.233282s
# Density: 0.0550532s
# EquationOfState: 0.000503294s
# mpi::synchronizeHalos: 0.230859s
# IAD: 0.0752762s
# mpi::synchronizeHalos: 0.0300142s
# MomentumEnergyIAD: 0.197145s
# Timestep: 0.000249291s
# UpdateQuantities: 0.00110028s
# UpdateSmoothingLength: 0.00102379s
### Check ### Global Tree Nodes: 4096, Particles: 90924, Halos: 48828
### Check ### Computational domain: -0.5 0.5 -0.5 0.5 -0.5 0.5
### Check ### Total Neighbors: 93000000, Avg neighbor count per particle: 93
### Check ### Total time: 9.73471e-05, current time-step: 9.84973e-06
### Check ### Total energy: 1, (internal: 0.99996, kinetic: 3.97811e-05, gravitational: 0)
### Check ### Focus Tree Nodes: 7757, maxDepth 5
=== Total time for iteration(24) 1.16654s

# domain::sync: 0.14426s
# FindNeighbors: 0.23308s
# Density: 0.0555144s
# EquationOfState: 0.000526865s
# mpi::synchronizeHalos: 0.190617s
# IAD: 0.0749163s
# mpi::synchronizeHalos: 0.230309s
# MomentumEnergyIAD: 0.197373s
# Timestep: 0.0133443s
# UpdateQuantities: 0.00109643s
# UpdateSmoothingLength: 0.00102332s
### Check ### Global Tree Nodes: 4096, Particles: 90924, Halos: 48828
### Check ### Computational domain: -0.5 0.5 -0.5 0.5 -0.5 0.5
### Check ### Total Neighbors: 93000000, Avg neighbor count per particle: 93
### Check ### Total time: 0.000108182, current time-step: 1.08347e-05
### Check ### Total energy: 1, (internal: 0.999951, kinetic: 4.90755e-05, gravitational: 0)
### Check ### Focus Tree Nodes: 7757, maxDepth 5
=== Total time for iteration(25) 1.14206s

# domain::sync: 0.349403s
# FindNeighbors: 0.252654s
# Density: 0.0728962s
# EquationOfState: 0.000498614s
# mpi::synchronizeHalos: 0.0280754s
# IAD: 0.100517s
# mpi::synchronizeHalos: 0.17238s
# MomentumEnergyIAD: 0.530383s
# Timestep: 0.0544278s
# UpdateQuantities: 0.00105256s
# UpdateSmoothingLength: 0.00102365s
### Check ### Global Tree Nodes: 4096, Particles: 90924, Halos: 48828
### Check ### Computational domain: -0.5 0.5 -0.5 0.5 -0.5 0.5
### Check ### Total Neighbors: 123000000, Avg neighbor count per particle: 123
### Check ### Total time: 0.0001201, current time-step: 1.19182e-05
### Check ### Total energy: 1, (internal: 0.99994, kinetic: 6.04231e-05, gravitational: 0)
### Check ### Focus Tree Nodes: 7757, maxDepth 5
=== Total time for iteration(26) 1.56332s

# domain::sync: 0.136316s
# FindNeighbors: 0.232621s
# Density: 0.0556309s
# EquationOfState: 0.000498031s
# mpi::synchronizeHalos: 0.208731s
# IAD: 0.0752063s
# mpi::synchronizeHalos: 0.278337s
# MomentumEnergyIAD: 0.198544s
# Timestep: 0.00468935s
# UpdateQuantities: 0.00108165s
# UpdateSmoothingLength: 0.00105144s
### Check ### Global Tree Nodes: 4096, Particles: 90924, Halos: 48828
### Check ### Computational domain: -0.5 0.5 -0.5 0.5 -0.5 0.5
### Check ### Total Neighbors: 93000000, Avg neighbor count per particle: 93
### Check ### Total time: 0.00013321, current time-step: 1.311e-05
### Check ### Total energy: 1, (internal: 0.999926, kinetic: 7.42729e-05, gravitational: 0)
### Check ### Focus Tree Nodes: 7757, maxDepth 5
=== Total time for iteration(27) 1.19271s

# domain::sync: 0.144639s
# FindNeighbors: 0.232469s
# Density: 0.0549401s
# EquationOfState: 0.000497382s
# mpi::synchronizeHalos: 0.204186s
# IAD: 0.0752253s
# mpi::synchronizeHalos: 0.0270227s
# MomentumEnergyIAD: 0.197357s
# Timestep: 0.204741s
# UpdateQuantities: 0.00105894s
# UpdateSmoothingLength: 0.00102458s
### Check ### Global Tree Nodes: 4096, Particles: 90924, Halos: 48828
### Check ### Computational domain: -0.5 0.5 -0.5 0.5 -0.5 0.5
### Check ### Total Neighbors: 93000000, Avg neighbor count per particle: 93
### Check ### Total time: 0.000147631, current time-step: 1.4421e-05
### Check ### Total energy: 1, (internal: 0.999909, kinetic: 9.11499e-05, gravitational: 0)
### Check ### Focus Tree Nodes: 7757, maxDepth 5
=== Total time for iteration(28) 1.14317s

# domain::sync: 0.144599s
# FindNeighbors: 0.233831s
# Density: 0.0547588s
# EquationOfState: 0.000495397s
# mpi::synchronizeHalos: 0.258586s
# IAD: 0.0749321s
# mpi::synchronizeHalos: 0.0271278s
# MomentumEnergyIAD: 0.196952s
# Timestep: 0.192587s
# UpdateQuantities: 0.00104852s
# UpdateSmoothingLength: 0.00102404s
### Check ### Global Tree Nodes: 4096, Particles: 90924, Halos: 48828
### Check ### Computational domain: -0.5 0.5 -0.5 0.5 -0.5 0.5
### Check ### Total Neighbors: 93000000, Avg neighbor count per particle: 93
### Check ### Total time: 0.000163494, current time-step: 1.58631e-05
### Check ### Total energy: 1, (internal: 0.999888, kinetic: 0.000111703, gravitational: 0)
### Check ### Focus Tree Nodes: 7757, maxDepth 5
=== Total time for iteration(29) 1.18594s

# domain::sync: 0.173049s
# FindNeighbors: 0.252649s
# Density: 0.0718745s
# EquationOfState: 0.00049686s
# mpi::synchronizeHalos: 0.218256s
# IAD: 0.0996636s
# mpi::synchronizeHalos: 0.0298243s
# MomentumEnergyIAD: 0.400157s
# Timestep: 0.214555s
# UpdateQuantities: 0.00105733s
# UpdateSmoothingLength: 0.00102503s
### Check ### Global Tree Nodes: 4096, Particles: 90924, Halos: 48828
### Check ### Computational domain: -0.5 0.5 -0.5 0.5 -0.5 0.5
### Check ### Total Neighbors: 123000000, Avg neighbor count per particle: 123
### Check ### Total time: 0.000180943, current time-step: 1.74494e-05
### Check ### Total energy: 1, (internal: 0.999863, kinetic: 0.000136716, gravitational: 0)
### Check ### Focus Tree Nodes: 7757, maxDepth 5
=== Total time for iteration(30) 1.46261s

# domain::sync: 0.307214s
# FindNeighbors: 0.233506s
# Density: 0.054892s
# EquationOfState: 0.000533693s
# mpi::synchronizeHalos: 0.0223102s
# IAD: 0.0752081s
# mpi::synchronizeHalos: 0.0378704s
# MomentumEnergyIAD: 0.198334s
# Timestep: 0.204233s
# UpdateQuantities: 0.00108851s
# UpdateSmoothingLength: 0.00102371s
### Check ### Global Tree Nodes: 4096, Particles: 90924, Halos: 48828
### Check ### Computational domain: -0.5 0.5 -0.5 0.5 -0.5 0.5
### Check ### Total Neighbors: 93000000, Avg neighbor count per particle: 93
### Check ### Total time: 0.000200138, current time-step: 1.91943e-05
### Check ### Total energy: 1, (internal: 0.999833, kinetic: 0.000167155, gravitational: 0)
### Check ### Focus Tree Nodes: 7757, maxDepth 5
=== Total time for iteration(31) 1.13622s

# domain::sync: 0.330172s
# FindNeighbors: 0.233484s
# Density: 0.0549716s
# EquationOfState: 0.000497915s
# mpi::synchronizeHalos: 0.0242523s
# IAD: 0.0750739s
# mpi::synchronizeHalos: 0.0534339s
# MomentumEnergyIAD: 0.200033s
# Timestep: 0.154955s
# UpdateQuantities: 0.00105203s
# UpdateSmoothingLength: 0.00105s
### Check ### Global Tree Nodes: 4096, Particles: 90924, Halos: 48828
### Check ### Computational domain: -0.5 0.5 -0.5 0.5 -0.5 0.5
### Check ### Total Neighbors: 93000000, Avg neighbor count per particle: 93
### Check ### Total time: 0.000221252, current time-step: 2.11138e-05
### Check ### Total energy: 1, (internal: 0.999796, kinetic: 0.000204149, gravitational: 0)
### Check ### Focus Tree Nodes: 7757, maxDepth 5
=== Total time for iteration(32) 1.12898s

# domain::sync: 0.337767s
# FindNeighbors: 0.233807s
# Density: 0.0555336s
# EquationOfState: 0.000507195s
# mpi::synchronizeHalos: 0.186913s
# IAD: 0.074656s
# mpi::synchronizeHalos: 0.235682s
# MomentumEnergyIAD: 0.19493s
# Timestep: 0.211398s
# UpdateQuantities: 0.00105368s
# UpdateSmoothingLength: 0.00102444s
### Check ### Global Tree Nodes: 4096, Particles: 90924, Halos: 48828
### Check ### Computational domain: -0.5 0.5 -0.5 0.5 -0.5 0.5
### Check ### Total Neighbors: 93000000, Avg neighbor count per particle: 93
### Check ### Total time: 0.000244477, current time-step: 2.32252e-05
### Check ### Total energy: 1, (internal: 0.999751, kinetic: 0.000249092, gravitational: 0)
### Check ### Focus Tree Nodes: 7757, maxDepth 5
=== Total time for iteration(33) 1.53328s

# domain::sync: 0.138165s
# FindNeighbors: 0.253117s
# Density: 0.0717541s
# EquationOfState: 0.000495011s
# mpi::synchronizeHalos: 0.179465s
# IAD: 0.0982845s
# mpi::synchronizeHalos: 0.0506776s
# MomentumEnergyIAD: 0.343273s
# Timestep: 0.20045s
# UpdateQuantities: 0.00112818s
# UpdateSmoothingLength: 0.00106326s
### Check ### Global Tree Nodes: 4096, Particles: 90924, Halos: 48828
### Check ### Computational domain: -0.5 0.5 -0.5 0.5 -0.5 0.5
### Check ### Total Neighbors: 123000000, Avg neighbor count per particle: 123
### Check ### Total time: 0.000270024, current time-step: 2.55477e-05
### Check ### Total energy: 1, (internal: 0.999696, kinetic: 0.000303663, gravitational: 0)
### Check ### Focus Tree Nodes: 7757, maxDepth 5
=== Total time for iteration(34) 1.33788s

# domain::sync: 0.32622s
# FindNeighbors: 0.232258s
# Density: 0.0549315s
# EquationOfState: 0.000498117s
# mpi::synchronizeHalos: 0.211036s
# IAD: 0.0749269s
# mpi::synchronizeHalos: 0.0358255s
# MomentumEnergyIAD: 0.19741s
# Timestep: 0.00107339s
# UpdateQuantities: 0.00105098s
# UpdateSmoothingLength: 0.0010229s
### Check ### Global Tree Nodes: 4096, Particles: 90924, Halos: 48828
### Check ### Computational domain: -0.5 0.5 -0.5 0.5 -0.5 0.5
### Check ### Total Neighbors: 93000000, Avg neighbor count per particle: 93
### Check ### Total time: 0.000298127, current time-step: 2.81024e-05
### Check ### Total energy: 1, (internal: 0.99963, kinetic: 0.000369936, gravitational: 0)
### Check ### Focus Tree Nodes: 7757, maxDepth 5
=== Total time for iteration(35) 1.13626s

# domain::sync: 0.309033s
# FindNeighbors: 0.232925s
# Density: 0.0548653s
# EquationOfState: 0.000497556s
# mpi::synchronizeHalos: 0.0376054s
# IAD: 0.0745497s
# mpi::synchronizeHalos: 0.233543s
# MomentumEnergyIAD: 0.195242s
# Timestep: 0.00915076s
# UpdateQuantities: 0.00103873s
# UpdateSmoothingLength: 0.00102281s
### Check ### Global Tree Nodes: 4096, Particles: 90924, Halos: 48828
### Check ### Computational domain: -0.5 0.5 -0.5 0.5 -0.5 0.5
### Check ### Total Neighbors: 93000000, Avg neighbor count per particle: 93
### Check ### Total time: 0.000329039, current time-step: 3.09127e-05
### Check ### Total energy: 1, (internal: 0.99955, kinetic: 0.000450321, gravitational: 0)
### Check ### Focus Tree Nodes: 7757, maxDepth 5
=== Total time for iteration(36) 1.14948s

# domain::sync: 0.155524s
# FindNeighbors: 0.233837s
# Density: 0.0547959s
# EquationOfState: 0.000496249s
# mpi::synchronizeHalos: 0.0425121s
# IAD: 0.0747644s
# mpi::synchronizeHalos: 0.0917146s
# MomentumEnergyIAD: 0.193668s
# Timestep: 0.00642082s
# UpdateQuantities: 0.00107606s
# UpdateSmoothingLength: 0.00104952s
### Check ### Global Tree Nodes: 4096, Particles: 90924, Halos: 48828
### Check ### Computational domain: -0.5 0.5 -0.5 0.5 -0.5 0.5
### Check ### Total Neighbors: 93000000, Avg neighbor count per particle: 93
### Check ### Total time: 0.000363043, current time-step: 3.40039e-05
### Check ### Total energy: 1, (internal: 0.999452, kinetic: 0.000547794, gravitational: 0)
### Check ### Focus Tree Nodes: 7757, maxDepth 5
=== Total time for iteration(37) 0.855862s

# domain::sync: 0.167376s
# FindNeighbors: 0.253591s
# Density: 0.0720116s
# EquationOfState: 0.000497851s
# mpi::synchronizeHalos: 0.188488s
# IAD: 0.0984092s
# mpi::synchronizeHalos: 0.233938s
# MomentumEnergyIAD: 0.29699s
# Timestep: 0.00601196s
# UpdateQuantities: 0.00104303s
# UpdateSmoothingLength: 0.00102336s
### Check ### Global Tree Nodes: 4096, Particles: 90924, Halos: 48828
### Check ### Computational domain: -0.5 0.5 -0.5 0.5 -0.5 0.5
### Check ### Total Neighbors: 123000000, Avg neighbor count per particle: 123
### Check ### Total time: 0.000400448, current time-step: 3.74043e-05
### Check ### Total energy: 1, (internal: 0.999334, kinetic: 0.000665935, gravitational: 0)
### Check ### Focus Tree Nodes: 7757, maxDepth 5
=== Total time for iteration(38) 1.31938s

# domain::sync: 0.151063s
# FindNeighbors: 0.231627s
# Density: 0.0553852s
# EquationOfState: 0.00049856s
# mpi::synchronizeHalos: 0.191959s
# IAD: 0.0746833s
# mpi::synchronizeHalos: 0.0301903s
# MomentumEnergyIAD: 0.197095s
# Timestep: 0.207114s
# UpdateQuantities: 0.001051s
# UpdateSmoothingLength: 0.00102338s
### Check ### Global Tree Nodes: 4096, Particles: 90924, Halos: 48828
### Check ### Computational domain: -0.5 0.5 -0.5 0.5 -0.5 0.5
### Check ### Total Neighbors: 93000000, Avg neighbor count per particle: 93
### Check ### Total time: 0.000441593, current time-step: 4.11448e-05
### Check ### Total energy: 1, (internal: 0.999191, kinetic: 0.000809156, gravitational: 0)
### Check ### Focus Tree Nodes: 7757, maxDepth 5
=== Total time for iteration(39) 1.14169s

# domain::sync: 0.121825s
# FindNeighbors: 0.232775s
# Density: 0.0547695s
# EquationOfState: 0.00049947s
# mpi::synchronizeHalos: 0.196915s
# IAD: 0.0754037s
# mpi::synchronizeHalos: 0.211999s
# MomentumEnergyIAD: 0.195184s
# Timestep: 0.0506s
# UpdateQuantities: 0.0010482s
# UpdateSmoothingLength: 0.00105179s
### Check ### Global Tree Nodes: 4096, Particles: 90924, Halos: 48828
### Check ### Computational domain: -0.5 0.5 -0.5 0.5 -0.5 0.5
### Check ### Total Neighbors: 93000000, Avg neighbor count per particle: 93
### Check ### Total time: 0.000486852, current time-step: 4.52593e-05
### Check ### Total energy: 1, (internal: 0.999017, kinetic: 0.000982562, gravitational: 0)
### Check ### Focus Tree Nodes: 7757, maxDepth 5
=== Total time for iteration(40) 1.14207s

# domain::sync: 0.343043s
# FindNeighbors: 0.234175s
# Density: 0.0554581s
# EquationOfState: 0.000499989s
# mpi::synchronizeHalos: 0.197736s
# IAD: 0.0749812s
# mpi::synchronizeHalos: 0.0226085s
# MomentumEnergyIAD: 0.193824s
# Timestep: 0.184118s
# UpdateQuantities: 0.00105379s
# UpdateSmoothingLength: 0.00102252s
### Check ### Global Tree Nodes: 4096, Particles: 90924, Halos: 48828
### Check ### Computational domain: -0.5 0.5 -0.5 0.5 -0.5 0.5
### Check ### Total Neighbors: 93000000, Avg neighbor count per particle: 93
### Check ### Total time: 0.000536637, current time-step: 4.97852e-05
### Check ### Total energy: 1, (internal: 0.998808, kinetic: 0.00119245, gravitational: 0)
### Check ### Focus Tree Nodes: 7757, maxDepth 5
=== Total time for iteration(41) 1.30852s

# domain::sync: 0.148621s
# FindNeighbors: 0.253582s
# Density: 0.0721138s
# EquationOfState: 0.000521175s
# mpi::synchronizeHalos: 0.207023s
# IAD: 0.0981381s
# mpi::synchronizeHalos: 0.229856s
# MomentumEnergyIAD: 0.288944s
# Timestep: 0.0283772s
# UpdateQuantities: 0.00106671s
# UpdateSmoothingLength: 0.0010219s
### Check ### Global Tree Nodes: 4096, Particles: 90924, Halos: 48828
### Check ### Computational domain: -0.5 0.5 -0.5 0.5 -0.5 0.5
### Check ### Total Neighbors: 123000000, Avg neighbor count per particle: 123
### Check ### Total time: 0.000591401, current time-step: 5.47637e-05
### Check ### Total energy: 1, (internal: 0.998554, kinetic: 0.00144637, gravitational: 0)
### Check ### Focus Tree Nodes: 7757, maxDepth 5
=== Total time for iteration(42) 1.32927s

# domain::sync: 0.376271s
# FindNeighbors: 0.232022s
# Density: 0.0548042s
# EquationOfState: 0.00049456s
# mpi::synchronizeHalos: 0.0329645s
# IAD: 0.0752702s
# mpi::synchronizeHalos: 0.420701s
# MomentumEnergyIAD: 0.19514s
# Timestep: 0.00131268s
# UpdateQuantities: 0.00104123s
# UpdateSmoothingLength: 0.00102265s
### Check ### Global Tree Nodes: 4096, Particles: 90924, Halos: 48828
### Check ### Computational domain: -0.5 0.5 -0.5 0.5 -0.5 0.5
### Check ### Total Neighbors: 93000000, Avg neighbor count per particle: 93
### Check ### Total time: 0.000651641, current time-step: 6.02401e-05
### Check ### Total energy: 1, (internal: 0.998246, kinetic: 0.00175357, gravitational: 0)
### Check ### Focus Tree Nodes: 7757, maxDepth 5
=== Total time for iteration(43) 1.39105s

# domain::sync: 0.332895s
# FindNeighbors: 0.233608s
# Density: 0.054767s
# EquationOfState: 0.000495085s
# mpi::synchronizeHalos: 0.189863s
# IAD: 0.0749812s
# mpi::synchronizeHalos: 0.0831046s
# MomentumEnergyIAD: 0.194076s
# Timestep: 0.0101945s
# UpdateQuantities: 0.00108805s
# UpdateSmoothingLength: 0.00102306s
### Check ### Global Tree Nodes: 4096, Particles: 90924, Halos: 48828
### Check ### Computational domain: -0.5 0.5 -0.5 0.5 -0.5 0.5
### Check ### Total Neighbors: 93000000, Avg neighbor count per particle: 93
### Check ### Total time: 0.000717905, current time-step: 6.62641e-05
### Check ### Total energy: 1, (internal: 0.997875, kinetic: 0.0021247, gravitational: 0)
### Check ### Focus Tree Nodes: 7757, maxDepth 5
=== Total time for iteration(44) 1.1761s

# domain::sync: 0.110148s
# FindNeighbors: 0.233822s
# Density: 0.0547628s
# EquationOfState: 0.00049619s
# mpi::synchronizeHalos: 0.227912s
# IAD: 0.0745935s
# mpi::synchronizeHalos: 0.21697s
# MomentumEnergyIAD: 0.192245s
# Timestep: 0.0242946s
# UpdateQuantities: 0.00104748s
# UpdateSmoothingLength: 0.00102276s
### Check ### Global Tree Nodes: 4096, Particles: 90924, Halos: 48828
### Check ### Computational domain: -0.5 0.5 -0.5 0.5 -0.5 0.5
### Check ### Total Neighbors: 93083952, Avg neighbor count per particle: 93
### Check ### Total time: 0.000790795, current time-step: 7.28905e-05
### Check ### Total energy: 1, (internal: 0.997427, kinetic: 0.00257285, gravitational: 0)
### Check ### Focus Tree Nodes: 7757, maxDepth 5
=== Total time for iteration(45) 1.13732s

# domain::sync: 0.16962s
# FindNeighbors: 0.253499s
# Density: 0.0721521s
# EquationOfState: 0.000501843s
# mpi::synchronizeHalos: 0.138892s
# IAD: 0.0986601s
# mpi::synchronizeHalos: 0.211533s
# MomentumEnergyIAD: 0.28241s
# Timestep: 0.0225443s
# UpdateQuantities: 0.0010892s
# UpdateSmoothingLength: 0.00102486s
### Check ### Global Tree Nodes: 4096, Particles: 90924, Halos: 48828
### Check ### Computational domain: -0.5 0.5 -0.5 0.5 -0.5 0.5
### Check ### Total Neighbors: 122863368, Avg neighbor count per particle: 122
### Check ### Total time: 0.000870975, current time-step: 8.01795e-05
### Check ### Total energy: 1, (internal: 0.996886, kinetic: 0.00311353, gravitational: 0)
### Check ### Focus Tree Nodes: 7757, maxDepth 5
=== Total time for iteration(46) 1.25193s

# domain::sync: 0.349618s
# FindNeighbors: 0.232244s
# Density: 0.0553254s
# EquationOfState: 0.000497094s
# mpi::synchronizeHalos: 0.039537s
# IAD: 0.0750444s
# mpi::synchronizeHalos: 0.041475s
# MomentumEnergyIAD: 0.195004s
# Timestep: 0.196454s
# UpdateQuantities: 0.00105325s
# UpdateSmoothingLength: 0.00104961s
### Check ### Global Tree Nodes: 4096, Particles: 90924, Halos: 48828
### Check ### Computational domain: -0.5 0.5 -0.5 0.5 -0.5 0.5
### Check ### Total Neighbors: 93006096, Avg neighbor count per particle: 93
### Check ### Total time: 0.000959172, current time-step: 8.81975e-05
### Check ### Total energy: 1, (internal: 0.996234, kinetic: 0.00376567, gravitational: 0)
### Check ### Focus Tree Nodes: 7757, maxDepth 5
=== Total time for iteration(47) 1.18731s

# domain::sync: 0.338674s
# FindNeighbors: 0.233512s
# Density: 0.0555159s
# EquationOfState: 0.000498963s
# mpi::synchronizeHalos: 0.0290899s
# IAD: 0.0749948s
# mpi::synchronizeHalos: 0.0546003s
# MomentumEnergyIAD: 0.194971s
# Timestep: 0.152089s
# UpdateQuantities: 0.00105226s
# UpdateSmoothingLength: 0.00102809s
### Check ### Global Tree Nodes: 4096, Particles: 90924, Halos: 48828
### Check ### Computational domain: -0.5 0.5 -0.5 0.5 -0.5 0.5
### Check ### Total Neighbors: 93136488, Avg neighbor count per particle: 93
### Check ### Total time: 0.00105619, current time-step: 9.70172e-05
### Check ### Total energy: 1, (internal: 0.995449, kinetic: 0.00455084, gravitational: 0)
### Check ### Focus Tree Nodes: 7757, maxDepth 5
=== Total time for iteration(48) 1.13603s

# domain::sync: 0.502852s
# FindNeighbors: 0.234585s
# Density: 0.0558153s
# EquationOfState: 0.000498119s
# mpi::synchronizeHalos: 0.0337524s
# IAD: 0.0755104s
# mpi::synchronizeHalos: 0.188543s
# MomentumEnergyIAD: 0.192648s
# Timestep: 0.0152269s
# UpdateQuantities: 0.00109248s
# UpdateSmoothingLength: 0.00105314s
### Check ### Global Tree Nodes: 4096, Particles: 90924, Halos: 48828
### Check ### Computational domain: -0.5 0.5 -0.5 0.5 -0.5 0.5
### Check ### Total Neighbors: 93541920, Avg neighbor count per particle: 93
### Check ### Total time: 0.00116291, current time-step: 0.000106719
### Check ### Total energy: 1, (internal: 0.994505, kinetic: 0.0054951, gravitational: 0)
### Check ### Focus Tree Nodes: 7757, maxDepth 5
=== Total time for iteration(49) 1.30158s

# domain::sync: 0.328586s
# FindNeighbors: 0.253321s
# Density: 0.0716534s
# EquationOfState: 0.000494137s
# mpi::synchronizeHalos: 0.048669s
# IAD: 0.0978973s
# mpi::synchronizeHalos: 0.243289s
# MomentumEnergyIAD: 0.275357s
# Timestep: 0.00346557s
# UpdateQuantities: 0.00104598s
# UpdateSmoothingLength: 0.0010467s
### Check ### Global Tree Nodes: 4096, Particles: 90924, Halos: 48828
### Check ### Computational domain: -0.5 0.5 -0.5 0.5 -0.5 0.5
### Check ### Total Neighbors: 121730064, Avg neighbor count per particle: 121
### Check ### Total time: 0.0012803, current time-step: 0.000117391
### Check ### Total energy: 1, (internal: 0.99337, kinetic: 0.0066291, gravitational: 0)
### Check ### Focus Tree Nodes: 7757, maxDepth 5
=== Total time for iteration(50) 1.32483s

# domain::sync: 0.32535s
# FindNeighbors: 0.233381s
# Density: 0.0558881s
# EquationOfState: 0.000514924s
# mpi::synchronizeHalos: 0.02479s
# IAD: 0.075493s
# mpi::synchronizeHalos: 0.236204s
# MomentumEnergyIAD: 0.197059s
# Timestep: 0.00159068s
# UpdateQuantities: 0.00109159s
# UpdateSmoothingLength: 0.00102298s
### Check ### Global Tree Nodes: 4096, Particles: 90924, Halos: 48828
### Check ### Computational domain: -0.5 0.5 -0.5 0.5 -0.5 0.5
### Check ### Total Neighbors: 93766344, Avg neighbor count per particle: 93
### Check ### Total time: 0.00140943, current time-step: 0.00012913
### Check ### Total energy: 0.999999, (internal: 0.992011, kinetic: 0.00798879, gravitational: 0)
### Check ### Focus Tree Nodes: 7757, maxDepth 5
=== Total time for iteration(51) 1.15239s

# domain::sync: 0.120607s
# FindNeighbors: 0.233562s
# Density: 0.0555308s
# EquationOfState: 0.00049278s
# mpi::synchronizeHalos: 0.200946s
# IAD: 0.0750298s
# mpi::synchronizeHalos: 0.0347956s
# MomentumEnergyIAD: 0.193783s
# Timestep: 0.205758s
# UpdateQuantities: 0.00105108s
# UpdateSmoothingLength: 0.001024s
### Check ### Global Tree Nodes: 4096, Particles: 90924, Halos: 48828
### Check ### Computational domain: -0.5 0.5 -0.5 0.5 -0.5 0.5
### Check ### Total Neighbors: 93302376, Avg neighbor count per particle: 93
### Check ### Total time: 0.00155147, current time-step: 0.000142043
### Check ### Total energy: 0.999999, (internal: 0.990383, kinetic: 0.00961571, gravitational: 0)
### Check ### Focus Tree Nodes: 7757, maxDepth 5
=== Total time for iteration(52) 1.12258s

# domain::sync: 0.501985s
# FindNeighbors: 0.250466s
# Density: 0.0709794s
# EquationOfState: 0.000538428s
# mpi::synchronizeHalos: 0.146112s
# IAD: 0.0981548s
# mpi::synchronizeHalos: 0.13196s
# MomentumEnergyIAD: 0.4263s
# Timestep: 0.0482441s
# UpdateQuantities: 0.00104208s
# UpdateSmoothingLength: 0.0010222s
### Check ### Global Tree Nodes: 4096, Particles: 90924, Halos: 48828
### Check ### Computational domain: -0.5 0.5 -0.5 0.5 -0.5 0.5
### Check ### Total Neighbors: 120836544, Avg neighbor count per particle: 120
### Check ### Total time: 0.00169948, current time-step: 0.000148005
### Check ### Total energy: 0.999998, (internal: 0.988547, kinetic: 0.0114505, gravitational: 0)
### Check ### Focus Tree Nodes: 7757, maxDepth 5
=== Total time for iteration(53) 1.67681s

# domain::sync: 0.149996s
# FindNeighbors: 0.233377s
# Density: 0.0555926s
# EquationOfState: 0.000499597s
# mpi::synchronizeHalos: 0.22413s
# IAD: 0.0758537s
# mpi::synchronizeHalos: 0.220119s
# MomentumEnergyIAD: 0.198279s
# Timestep: 0.0171235s
# UpdateQuantities: 0.00108028s
# UpdateSmoothingLength: 0.00102125s
### Check ### Global Tree Nodes: 4096, Particles: 90924, Halos: 48828
### Check ### Computational domain: -0.5 0.5 -0.5 0.5 -0.5 0.5
### Check ### Total Neighbors: 94073304, Avg neighbor count per particle: 94
### Check ### Total time: 0.00185054, current time-step: 0.000151065
### Check ### Total energy: 0.999996, (internal: 0.986532, kinetic: 0.0134637, gravitational: 0)
### Check ### Focus Tree Nodes: 7757, maxDepth 5
=== Total time for iteration(54) 1.17708s

# domain::sync: 0.140081s
# FindNeighbors: 0.233037s
# Density: 0.0553701s
# EquationOfState: 0.000496518s
# mpi::synchronizeHalos: 0.234445s
# IAD: 0.0752569s
# mpi::synchronizeHalos: 0.185583s
# MomentumEnergyIAD: 0.196427s
# Timestep: 0.00783921s
# UpdateQuantities: 0.00105122s
# UpdateSmoothingLength: 0.00102227s
### Check ### Global Tree Nodes: 4096, Particles: 90924, Halos: 48828
### Check ### Computational domain: -0.5 0.5 -0.5 0.5 -0.5 0.5
### Check ### Total Neighbors: 93714504, Avg neighbor count per particle: 93
### Check ### Total time: 0.00200417, current time-step: 0.00015363
### Check ### Total energy: 0.999994, (internal: 0.984344, kinetic: 0.0156496, gravitational: 0)
### Check ### Focus Tree Nodes: 7757, maxDepth 5
=== Total time for iteration(55) 1.13061s

# domain::sync: 0.384503s
# FindNeighbors: 0.234379s
# Density: 0.0556082s
# EquationOfState: 0.000495462s
# mpi::synchronizeHalos: 0.02018s
# IAD: 0.075157s
# mpi::synchronizeHalos: 0.0794118s
# MomentumEnergyIAD: 0.193939s
# Timestep: 0.126797s
# UpdateQuantities: 0.00107658s
# UpdateSmoothingLength: 0.00102203s
### Check ### Global Tree Nodes: 4096, Particles: 90924, Halos: 48828
### Check ### Computational domain: -0.5 0.5 -0.5 0.5 -0.5 0.5
### Check ### Total Neighbors: 93362352, Avg neighbor count per particle: 93
### Check ### Total time: 0.0021605, current time-step: 0.000156327
### Check ### Total energy: 0.999992, (internal: 0.981983, kinetic: 0.0180094, gravitational: 0)
### Check ### Focus Tree Nodes: 7757, maxDepth 5
=== Total time for iteration(56) 1.17257s

# domain::sync: 0.130985s
# FindNeighbors: 0.251276s
# Density: 0.0703538s
# EquationOfState: 0.000495595s
# mpi::synchronizeHalos: 0.226639s
# IAD: 0.097483s
# mpi::synchronizeHalos: 0.226812s
# MomentumEnergyIAD: 0.337748s
# Timestep: 0.0222962s
# UpdateQuantities: 0.00107553s
# UpdateSmoothingLength: 0.00102235s
### Check ### Global Tree Nodes: 4096, Particles: 90924, Halos: 48828
### Check ### Computational domain: -0.5 0.5 -0.5 0.5 -0.5 0.5
### Check ### Total Neighbors: 120930888, Avg neighbor count per particle: 120
### Check ### Total time: 0.00231968, current time-step: 0.000159183
### Check ### Total energy: 0.99999, (internal: 0.979445, kinetic: 0.0205443, gravitational: 0)
### Check ### Focus Tree Nodes: 7757, maxDepth 5
=== Total time for iteration(57) 1.36619s

# domain::sync: 0.186916s
# FindNeighbors: 0.232832s
# Density: 0.0555227s
# EquationOfState: 0.000497337s
# mpi::synchronizeHalos: 0.284349s
# IAD: 0.0754762s
# mpi::synchronizeHalos: 0.0208587s
# MomentumEnergyIAD: 0.198105s
# Timestep: 0.106365s
# UpdateQuantities: 0.00105257s
# UpdateSmoothingLength: 0.00102422s
### Check ### Global Tree Nodes: 4096, Particles: 90924, Halos: 50475
### Check ### Computational domain: -0.5 0.5 -0.5 0.5 -0.5 0.5
### Check ### Total Neighbors: 93962928, Avg neighbor count per particle: 93
### Check ### Total time: 0.00248151, current time-step: 0.000161829
### Check ### Total energy: 0.999987, (internal: 0.976739, kinetic: 0.0232488, gravitational: 0)
### Check ### Focus Tree Nodes: 7757, maxDepth 5
=== Total time for iteration(58) 1.163s

# domain::sync: 0.16981s
# FindNeighbors: 0.233824s
# Density: 0.0555547s
# EquationOfState: 0.000498137s
# mpi::synchronizeHalos: 0.220989s
# IAD: 0.0755635s
# mpi::synchronizeHalos: 0.032448s
# MomentumEnergyIAD: 0.194691s
# Timestep: 0.20132s
# UpdateQuantities: 0.00105303s
# UpdateSmoothingLength: 0.00102373s
### Check ### Global Tree Nodes: 4096, Particles: 90924, Halos: 50475
### Check ### Computational domain: -0.5 0.5 -0.5 0.5 -0.5 0.5
### Check ### Total Neighbors: 93733464, Avg neighbor count per particle: 93
### Check ### Total time: 0.00264547, current time-step: 0.000163961
### Check ### Total energy: 0.999985, (internal: 0.973874, kinetic: 0.0261106, gravitational: 0)
### Check ### Focus Tree Nodes: 7757, maxDepth 5
=== Total time for iteration(59) 1.18678s

# domain::sync: 0.307947s
# FindNeighbors: 0.234415s
# Density: 0.0551973s
# EquationOfState: 0.000496159s
# mpi::synchronizeHalos: 0.0303549s
# IAD: 0.0751591s
# mpi::synchronizeHalos: 0.0367397s
# MomentumEnergyIAD: 0.193846s
# Timestep: 0.175276s
# UpdateQuantities: 0.00104355s
# UpdateSmoothingLength: 0.00102352s
### Check ### Global Tree Nodes: 4096, Particles: 90924, Halos: 50475
### Check ### Computational domain: -0.5 0.5 -0.5 0.5 -0.5 0.5
### Check ### Total Neighbors: 93378648, Avg neighbor count per particle: 93
### Check ### Total time: 0.00281225, current time-step: 0.000166775
### Check ### Total energy: 0.999982, (internal: 0.970845, kinetic: 0.0291378, gravitational: 0)
### Check ### Focus Tree Nodes: 7757, maxDepth 5
=== Total time for iteration(60) 1.1115s

# domain::sync: 0.115189s
# FindNeighbors: 0.252195s
# Density: 0.071238s
# EquationOfState: 0.000517452s
# mpi::synchronizeHalos: 0.197665s
# IAD: 0.0974671s
# mpi::synchronizeHalos: 0.0663442s
# MomentumEnergyIAD: 0.290788s
# Timestep: 0.159028s
# UpdateQuantities: 0.00105239s
# UpdateSmoothingLength: 0.00102359s
### Check ### Global Tree Nodes: 4096, Particles: 90924, Halos: 51204
### Check ### Computational domain: -0.5 0.5 -0.5 0.5 -0.5 0.5
### Check ### Total Neighbors: 121000200, Avg neighbor count per particle: 121
### Check ### Total time: 0.00298167, current time-step: 0.000169419
### Check ### Total energy: 0.99998, (internal: 0.967657, kinetic: 0.0323227, gravitational: 0)
### Check ### Focus Tree Nodes: 7757, maxDepth 5
=== Total time for iteration(61) 1.25251s

# domain::sync: 0.371485s
# FindNeighbors: 0.233417s
# Density: 0.0556473s
# EquationOfState: 0.000497246s
# mpi::synchronizeHalos: 0.025334s
# IAD: 0.075746s
# mpi::synchronizeHalos: 0.100897s
# MomentumEnergyIAD: 0.197147s
# Timestep: 0.0950776s
# UpdateQuantities: 0.00105853s
# UpdateSmoothingLength: 0.00102372s
### Check ### Global Tree Nodes: 4096, Particles: 90924, Halos: 51204
### Check ### Computational domain: -0.5 0.5 -0.5 0.5 -0.5 0.5
### Check ### Total Neighbors: 94003008, Avg neighbor count per particle: 94
### Check ### Total time: 0.00315446, current time-step: 0.000172791
### Check ### Total energy: 0.999978, (internal: 0.964303, kinetic: 0.0356751, gravitational: 0)
### Check ### Focus Tree Nodes: 7757, maxDepth 5
=== Total time for iteration(62) 1.15733s

# domain::sync: 0.328277s
# FindNeighbors: 0.233369s
# Density: 0.0555969s
# EquationOfState: 0.000496963s
# mpi::synchronizeHalos: 0.0462102s
# IAD: 0.0750927s
# mpi::synchronizeHalos: 0.205968s
# MomentumEnergyIAD: 0.194411s
# Timestep: 0.000228894s
# UpdateQuantities: 0.00108878s
# UpdateSmoothingLength: 0.0010237s
### Check ### Global Tree Nodes: 4096, Particles: 90924, Halos: 51204
### Check ### Computational domain: -0.5 0.5 -0.5 0.5 -0.5 0.5
### Check ### Total Neighbors: 93578496, Avg neighbor count per particle: 93
### Check ### Total time: 0.00332975, current time-step: 0.000175295
### Check ### Total energy: 0.999975, (internal: 0.960803, kinetic: 0.0391723, gravitational: 0)
### Check ### Focus Tree Nodes: 7757, maxDepth 5
=== Total time for iteration(63) 1.14177s

# domain::sync: 0.149561s
# FindNeighbors: 0.234245s
# Density: 0.0552744s
# EquationOfState: 0.000497633s
# mpi::synchronizeHalos: 0.180141s
# IAD: 0.0748474s
# mpi::synchronizeHalos: 0.238572s
# MomentumEnergyIAD: 0.192775s
# Timestep: 0.00918341s
# UpdateQuantities: 0.00105458s
# UpdateSmoothingLength: 0.00102263s
### Check ### Global Tree Nodes: 4096, Particles: 90924, Halos: 51285
### Check ### Computational domain: -0.5 0.5 -0.5 0.5 -0.5 0.5
### Check ### Total Neighbors: 93444120, Avg neighbor count per particle: 93
### Check ### Total time: 0.00350755, current time-step: 0.000177798
### Check ### Total energy: 0.999972, (internal: 0.957164, kinetic: 0.0428081, gravitational: 0)
### Check ### Focus Tree Nodes: 7757, maxDepth 5
=== Total time for iteration(64) 1.13718s

# domain::sync: 0.341536s
# FindNeighbors: 0.252997s
# Density: 0.0711839s
# EquationOfState: 0.000495099s
# mpi::synchronizeHalos: 0.0484219s
# IAD: 0.0966914s
# mpi::synchronizeHalos: 0.173885s
# MomentumEnergyIAD: 0.280864s
# Timestep: 0.0253506s
# UpdateQuantities: 0.00105391s
# UpdateSmoothingLength: 0.0010456s
### Check ### Global Tree Nodes: 4096, Particles: 90924, Halos: 51285
### Check ### Computational domain: -0.5 0.5 -0.5 0.5 -0.5 0.5
### Check ### Total Neighbors: 121045632, Avg neighbor count per particle: 121
### Check ### Total time: 0.00368811, current time-step: 0.000180555
### Check ### Total energy: 0.99997, (internal: 0.953388, kinetic: 0.0465814, gravitational: 0)
### Check ### Focus Tree Nodes: 7757, maxDepth 5
=== Total time for iteration(65) 1.29353s

# domain::sync: 0.342551s
# FindNeighbors: 0.233634s
# Density: 0.0553837s
# EquationOfState: 0.000494384s
# mpi::synchronizeHalos: 0.0318812s
# IAD: 0.0761181s
# mpi::synchronizeHalos: 0.0997008s
# MomentumEnergyIAD: 0.197613s
# Timestep: 0.213313s
# UpdateQuantities: 0.00105424s
# UpdateSmoothingLength: 0.00102432s
### Check ### Global Tree Nodes: 4096, Particles: 90924, Halos: 51285
### Check ### Computational domain: -0.5 0.5 -0.5 0.5 -0.5 0.5
### Check ### Total Neighbors: 93961032, Avg neighbor count per particle: 93
### Check ### Total time: 0.00387177, current time-step: 0.000183661
### Check ### Total energy: 0.999968, (internal: 0.949475, kinetic: 0.0504928, gravitational: 0)
### Check ### Focus Tree Nodes: 7757, maxDepth 5
=== Total time for iteration(66) 1.25277s

# domain::sync: 0.178835s
# FindNeighbors: 0.233797s
# Density: 0.0553388s
# EquationOfState: 0.000503512s
# mpi::synchronizeHalos: 0.151506s
# IAD: 0.074927s
# mpi::synchronizeHalos: 0.227033s
# MomentumEnergyIAD: 0.193829s
# Timestep: 0.0583938s
# UpdateQuantities: 0.00105305s
# UpdateSmoothingLength: 0.00102327s
### Check ### Global Tree Nodes: 4096, Particles: 90924, Halos: 51285
### Check ### Computational domain: -0.5 0.5 -0.5 0.5 -0.5 0.5
### Check ### Total Neighbors: 93546576, Avg neighbor count per particle: 93
### Check ### Total time: 0.0040589, current time-step: 0.000187136
### Check ### Total energy: 0.999966, (internal: 0.945422, kinetic: 0.0545435, gravitational: 0)
### Check ### Focus Tree Nodes: 7757, maxDepth 5
=== Total time for iteration(67) 1.17624s

# domain::sync: 0.175192s
# FindNeighbors: 0.23431s
# Density: 0.0553362s
# EquationOfState: 0.000496461s
# mpi::synchronizeHalos: 0.190084s
# IAD: 0.0751732s
# mpi::synchronizeHalos: 0.232778s
# MomentumEnergyIAD: 0.193463s
# Timestep: 0.000236654s
# UpdateQuantities: 0.00105332s
# UpdateSmoothingLength: 0.00102284s
### Check ### Global Tree Nodes: 4096, Particles: 90924, Halos: 51285
### Check ### Computational domain: -0.5 0.5 -0.5 0.5 -0.5 0.5
### Check ### Total Neighbors: 93515760, Avg neighbor count per particle: 93
### Check ### Total time: 0.0042499, current time-step: 0.000191001
### Check ### Total energy: 0.999964, (internal: 0.941229, kinetic: 0.058735, gravitational: 0)
### Check ### Focus Tree Nodes: 7757, maxDepth 5
=== Total time for iteration(68) 1.15915s

# domain::sync: 0.518557s
# FindNeighbors: 0.25243s
# Density: 0.0713685s
# EquationOfState: 0.000497815s
# mpi::synchronizeHalos: 0.0285709s
# IAD: 0.0970436s
# mpi::synchronizeHalos: 0.198859s
# MomentumEnergyIAD: 0.274406s
# Timestep: 0.0317447s
# UpdateQuantities: 0.00103672s
# UpdateSmoothingLength: 0.00102053s
### Check ### Global Tree Nodes: 4096, Particles: 90924, Halos: 52026
### Check ### Computational domain: -0.5 0.5 -0.5 0.5 -0.5 0.5
### Check ### Total Neighbors: 121082616, Avg neighbor count per particle: 121
### Check ### Total time: 0.00444458, current time-step: 0.000194675
### Check ### Total energy: 0.999962, (internal: 0.936906, kinetic: 0.0630557, gravitational: 0)
### Check ### Focus Tree Nodes: 7757, maxDepth 5
=== Total time for iteration(69) 1.47554s

# domain::sync: 0.138698s
# FindNeighbors: 0.233086s
# Density: 0.055411s
# EquationOfState: 0.000497717s
# mpi::synchronizeHalos: 0.179641s
# IAD: 0.0754814s
# mpi::synchronizeHalos: 0.0534664s
# MomentumEnergyIAD: 0.199438s
# Timestep: 0.00543689s
# UpdateQuantities: 0.00103843s
# UpdateSmoothingLength: 0.00102363s
### Check ### Global Tree Nodes: 4096, Particles: 90924, Halos: 52008
### Check ### Computational domain: -0.5 0.5 -0.5 0.5 -0.5 0.5
### Check ### Total Neighbors: 93809976, Avg neighbor count per particle: 93
### Check ### Total time: 0.00464244, current time-step: 0.000197859
### Check ### Total energy: 0.99996, (internal: 0.932473, kinetic: 0.0674866, gravitational: 0)
### Check ### Focus Tree Nodes: 7757, maxDepth 5
=== Total time for iteration(70) 0.943221s

# domain::sync: 0.334863s
# FindNeighbors: 0.23388s
# Density: 0.055512s
# EquationOfState: 0.000494147s
# mpi::synchronizeHalos: 0.238816s
# IAD: 0.0751675s
# mpi::synchronizeHalos: 0.0216585s
# MomentumEnergyIAD: 0.19348s
# Timestep: 0.000246393s
# UpdateQuantities: 0.00107203s
# UpdateSmoothingLength: 0.00102069s
### Check ### Global Tree Nodes: 4096, Particles: 90924, Halos: 52128
### Check ### Computational domain: -0.5 0.5 -0.5 0.5 -0.5 0.5
### Check ### Total Neighbors: 93564456, Avg neighbor count per particle: 93
### Check ### Total time: 0.00484391, current time-step: 0.000201469
### Check ### Total energy: 0.999958, (internal: 0.927929, kinetic: 0.0720298, gravitational: 0)
### Check ### Focus Tree Nodes: 7757, maxDepth 5
=== Total time for iteration(71) 1.15621s

# domain::sync: 0.139528s
# FindNeighbors: 0.234396s
# Density: 0.0552784s
# EquationOfState: 0.000496959s
# mpi::synchronizeHalos: 0.283398s
# IAD: 0.0757206s
# mpi::synchronizeHalos: 0.0284457s
# MomentumEnergyIAD: 0.193242s
# Timestep: 0.19826s
# UpdateQuantities: 0.00103402s
# UpdateSmoothingLength: 0.00102213s
### Check ### Global Tree Nodes: 4096, Particles: 90924, Halos: 52014
### Check ### Computational domain: -0.5 0.5 -0.5 0.5 -0.5 0.5
### Check ### Total Neighbors: 93639384, Avg neighbor count per particle: 93
### Check ### Total time: 0.00504923, current time-step: 0.000205323
### Check ### Total energy: 0.999957, (internal: 0.923275, kinetic: 0.0766825, gravitational: 0)
### Check ### Focus Tree Nodes: 7757, maxDepth 5
=== Total time for iteration(72) 1.21082s

# domain::sync: 0.502432s
# FindNeighbors: 0.25337s
# Density: 0.0712408s
# EquationOfState: 0.000495275s
# mpi::synchronizeHalos: 0.0504571s
# IAD: 0.0968781s
# mpi::synchronizeHalos: 0.223349s
# MomentumEnergyIAD: 0.271706s
# Timestep: 0.018034s
# UpdateQuantities: 0.00103439s
# UpdateSmoothingLength: 0.00102174s
### Check ### Global Tree Nodes: 4096, Particles: 90924, Halos: 51942
### Check ### Computational domain: -0.5 0.5 -0.5 0.5 -0.5 0.5
### Check ### Total Neighbors: 121128912, Avg neighbor count per particle: 121
### Check ### Total time: 0.00525827, current time-step: 0.000209041
### Check ### Total energy: 0.999956, (internal: 0.918523, kinetic: 0.0814328, gravitational: 0)
### Check ### Focus Tree Nodes: 7757, maxDepth 5
=== Total time for iteration(73) 1.49002s

# domain::sync: 0.292663s
# FindNeighbors: 0.233392s
# Density: 0.0555216s
# EquationOfState: 0.000497061s
# mpi::synchronizeHalos: 0.0526564s
# IAD: 0.0757682s
# mpi::synchronizeHalos: 0.226714s
# MomentumEnergyIAD: 0.196284s
# Timestep: 0.00731969s
# UpdateQuantities: 0.00104583s
# UpdateSmoothingLength: 0.00102162s
### Check ### Global Tree Nodes: 4096, Particles: 90924, Halos: 52002
### Check ### Computational domain: -0.5 0.5 -0.5 0.5 -0.5 0.5
### Check ### Total Neighbors: 93698304, Avg neighbor count per particle: 93
### Check ### Total time: 0.00547263, current time-step: 0.000214354
### Check ### Total energy: 0.999956, (internal: 0.913646, kinetic: 0.0863098, gravitational: 0)
### Check ### Focus Tree Nodes: 7757, maxDepth 5
=== Total time for iteration(74) 1.14289s

# domain::sync: 0.363959s
# FindNeighbors: 0.233971s
# Density: 0.0556624s
# EquationOfState: 0.000498739s
# mpi::synchronizeHalos: 0.0412582s
# IAD: 0.0750047s
# mpi::synchronizeHalos: 0.16662s
# MomentumEnergyIAD: 0.194023s
# Timestep: 0.00391863s
# UpdateQuantities: 0.00103993s
# UpdateSmoothingLength: 0.00102204s
### Check ### Global Tree Nodes: 4096, Particles: 90924, Halos: 51942
### Check ### Computational domain: -0.5 0.5 -0.5 0.5 -0.5 0.5
### Check ### Total Neighbors: 93584112, Avg neighbor count per particle: 93
### Check ### Total time: 0.00569049, current time-step: 0.000217865
### Check ### Total energy: 0.999955, (internal: 0.908694, kinetic: 0.0912609, gravitational: 0)
### Check ### Focus Tree Nodes: 7757, maxDepth 5
=== Total time for iteration(75) 1.13698s

# domain::sync: 0.335097s
# FindNeighbors: 0.25025s
# Density: 0.0700821s
# EquationOfState: 0.000494792s
# mpi::synchronizeHalos: 0.194311s
# IAD: 0.0984115s
# mpi::synchronizeHalos: 0.040926s
# MomentumEnergyIAD: 0.708745s
# Timestep: 0.191019s
# UpdateQuantities: 0.00103955s
# UpdateSmoothingLength: 0.00102192s
### Check ### Global Tree Nodes: 4096, Particles: 90924, Halos: 51882
### Check ### Computational domain: -0.5 0.5 -0.5 0.5 -0.5 0.5
### Check ### Total Neighbors: 120044720, Avg neighbor count per particle: 120
### Check ### Total time: 0.00591177, current time-step: 0.000221281
### Check ### Total energy: 0.999954, (internal: 0.903677, kinetic: 0.0962764, gravitational: 0)
### Check ### Focus Tree Nodes: 7757, maxDepth 5
=== Total time for iteration(76) 1.8914s

# domain::sync: 0.142145s
# FindNeighbors: 0.232869s
# Density: 0.0558701s
# EquationOfState: 0.000496873s
# mpi::synchronizeHalos: 0.208095s
# IAD: 0.0761793s
# mpi::synchronizeHalos: 0.0366404s
# MomentumEnergyIAD: 0.198042s
# Timestep: 0.182753s
# UpdateQuantities: 0.00104127s
# UpdateSmoothingLength: 0.00102357s
### Check ### Global Tree Nodes: 4096, Particles: 90924, Halos: 52805
### Check ### Computational domain: -0.5 0.5 -0.5 0.5 -0.5 0.5
### Check ### Total Neighbors: 94648816, Avg neighbor count per particle: 94
### Check ### Total time: 0.0061323, current time-step: 0.000220531
### Check ### Total energy: 0.999949, (internal: 0.898699, kinetic: 0.10125, gravitational: 0)
### Check ### Focus Tree Nodes: 7757, maxDepth 5
=== Total time for iteration(77) 1.13516s

# domain::sync: 0.31127s
# FindNeighbors: 0.233316s
# Density: 0.0553613s
# EquationOfState: 0.000500012s
# mpi::synchronizeHalos: 0.0330182s
# IAD: 0.074878s
# mpi::synchronizeHalos: 0.239715s
# MomentumEnergyIAD: 0.195309s
# Timestep: 0.00946357s
# UpdateQuantities: 0.00103046s
# UpdateSmoothingLength: 0.00105478s
### Check ### Global Tree Nodes: 4096, Particles: 90924, Halos: 52754
### Check ### Computational domain: -0.5 0.5 -0.5 0.5 -0.5 0.5
### Check ### Total Neighbors: 93662960, Avg neighbor count per particle: 93
### Check ### Total time: 0.00635366, current time-step: 0.00022136
### Check ### Total energy: 0.999947, (internal: 0.893732, kinetic: 0.106215, gravitational: 0)
### Check ### Focus Tree Nodes: 7757, maxDepth 5
=== Total time for iteration(78) 1.15492s

# domain::sync: 0.326636s
# FindNeighbors: 0.234287s
# Density: 0.0554388s
# EquationOfState: 0.000497636s
# mpi::synchronizeHalos: 0.0554182s
# IAD: 0.0756208s
# mpi::synchronizeHalos: 0.0887912s
# MomentumEnergyIAD: 0.194906s
# Timestep: 0.198644s
# UpdateQuantities: 0.00104302s
# UpdateSmoothingLength: 0.00102157s
### Check ### Global Tree Nodes: 4096, Particles: 90924, Halos: 52892
### Check ### Computational domain: -0.5 0.5 -0.5 0.5 -0.5 0.5
### Check ### Total Neighbors: 93670048, Avg neighbor count per particle: 93
### Check ### Total time: 0.00657612, current time-step: 0.00022246
### Check ### Total energy: 0.999945, (internal: 0.888775, kinetic: 0.111169, gravitational: 0)
### Check ### Focus Tree Nodes: 7757, maxDepth 5
=== Total time for iteration(79) 1.23231s

# domain::sync: 0.334901s
# FindNeighbors: 0.252046s
# Density: 0.0709867s
# EquationOfState: 0.000497488s
# mpi::synchronizeHalos: 0.0321917s
# IAD: 0.097194s
# mpi::synchronizeHalos: 0.109754s
# MomentumEnergyIAD: 0.369969s
# Timestep: 0.0353553s
# UpdateQuantities: 0.00104845s
# UpdateSmoothingLength: 0.001022s
### Check ### Global Tree Nodes: 4096, Particles: 90924, Halos: 52829
### Check ### Computational domain: -0.5 0.5 -0.5 0.5 -0.5 0.5
### Check ### Total Neighbors: 120171885, Avg neighbor count per particle: 120
### Check ### Total time: 0.00679997, current time-step: 0.000223843
### Check ### Total energy: 0.999943, (internal: 0.88383, kinetic: 0.116113, gravitational: 0)
### Check ### Focus Tree Nodes: 7757, maxDepth 5
=== Total time for iteration(80) 1.30497s

# domain::sync: 0.338324s
# FindNeighbors: 0.233227s
# Density: 0.05604s
# EquationOfState: 0.000494171s
# mpi::synchronizeHalos: 0.181683s
# IAD: 0.0767407s
# mpi::synchronizeHalos: 0.21356s
# MomentumEnergyIAD: 0.199417s
# Timestep: 0.000669755s
# UpdateQuantities: 0.00104347s
# UpdateSmoothingLength: 0.00102092s
### Check ### Global Tree Nodes: 4096, Particles: 90924, Halos: 52733
### Check ### Computational domain: -0.5 0.5 -0.5 0.5 -0.5 0.5
### Check ### Total Neighbors: 94584886, Avg neighbor count per particle: 94
### Check ### Total time: 0.00702553, current time-step: 0.000225566
### Check ### Total energy: 0.999942, (internal: 0.878895, kinetic: 0.121046, gravitational: 0)
### Check ### Focus Tree Nodes: 7757, maxDepth 5
=== Total time for iteration(81) 1.30222s

# domain::sync: 0.336147s
# FindNeighbors: 0.233704s
# Density: 0.0553943s
# EquationOfState: 0.000498745s
# mpi::synchronizeHalos: 0.0245246s
# IAD: 0.0752684s
# mpi::synchronizeHalos: 0.203248s
# MomentumEnergyIAD: 0.194273s
# Timestep: 0.0193329s
# UpdateQuantities: 0.00106878s
# UpdateSmoothingLength: 0.00102133s
### Check ### Global Tree Nodes: 4096, Particles: 90924, Halos: 52679
### Check ### Computational domain: -0.5 0.5 -0.5 0.5 -0.5 0.5
### Check ### Total Neighbors: 93674056, Avg neighbor count per particle: 93
### Check ### Total time: 0.00725239, current time-step: 0.000226861
### Check ### Total energy: 0.99994, (internal: 0.873986, kinetic: 0.125954, gravitational: 0)
### Check ### Focus Tree Nodes: 7757, maxDepth 5
=== Total time for iteration(82) 1.14448s

# domain::sync: 0.167496s
# FindNeighbors: 0.234533s
# Density: 0.0554575s
# EquationOfState: 0.00049494s
# mpi::synchronizeHalos: 0.253582s
# IAD: 0.0757098s
# mpi::synchronizeHalos: 0.0364673s
# MomentumEnergyIAD: 0.194437s
# Timestep: 0.220266s
# UpdateQuantities: 0.00103715s
# UpdateSmoothingLength: 0.00102297s
### Check ### Global Tree Nodes: 4096, Particles: 90924, Halos: 52622
### Check ### Computational domain: -0.5 0.5 -0.5 0.5 -0.5 0.5
### Check ### Total Neighbors: 93767944, Avg neighbor count per particle: 93
### Check ### Total time: 0.00748083, current time-step: 0.000228442
### Check ### Total energy: 0.99994, (internal: 0.869102, kinetic: 0.130838, gravitational: 0)
### Check ### Focus Tree Nodes: 7757, maxDepth 5
=== Total time for iteration(83) 1.24051s

# domain::sync: 0.325768s
# FindNeighbors: 0.252061s
# Density: 0.070777s
# EquationOfState: 0.000495551s
# mpi::synchronizeHalos: 0.0506506s
# IAD: 0.0963822s
# mpi::synchronizeHalos: 0.243025s
# MomentumEnergyIAD: 0.297874s
# Timestep: 0.00462632s
# UpdateQuantities: 0.00105221s
# UpdateSmoothingLength: 0.00102156s
### Check ### Global Tree Nodes: 4096, Particles: 90924, Halos: 52574
### Check ### Computational domain: -0.5 0.5 -0.5 0.5 -0.5 0.5
### Check ### Total Neighbors: 120201184, Avg neighbor count per particle: 120
### Check ### Total time: 0.00770697, current time-step: 0.000226139
### Check ### Total energy: 0.999935, (internal: 0.864329, kinetic: 0.135606, gravitational: 0)
### Check ### Focus Tree Nodes: 7757, maxDepth 5
=== Total time for iteration(84) 1.34374s

# domain::sync: 0.367216s
# FindNeighbors: 0.233691s
# Density: 0.0558636s
# EquationOfState: 0.000502948s
# mpi::synchronizeHalos: 0.230568s
# IAD: 0.0762419s
# mpi::synchronizeHalos: 0.225428s
# MomentumEnergyIAD: 0.196917s
# Timestep: 0.00950867s
# UpdateQuantities: 0.0010321s
# UpdateSmoothingLength: 0.00102173s
### Check ### Global Tree Nodes: 4096, Particles: 90924, Halos: 52538
### Check ### Computational domain: -0.5 0.5 -0.5 0.5 -0.5 0.5
### Check ### Total Neighbors: 94450594, Avg neighbor count per particle: 94
### Check ### Total time: 0.00793219, current time-step: 0.000225218
### Check ### Total energy: 0.999933, (internal: 0.859641, kinetic: 0.140292, gravitational: 0)
### Check ### Focus Tree Nodes: 7757, maxDepth 5
=== Total time for iteration(85) 1.39799s

# domain::sync: 0.353394s
# FindNeighbors: 0.233764s
# Density: 0.0554349s
# EquationOfState: 0.000496597s
# mpi::synchronizeHalos: 0.0336081s
# IAD: 0.0755009s
# mpi::synchronizeHalos: 0.222197s
# MomentumEnergyIAD: 0.194399s
# Timestep: 0.000238894s
# UpdateQuantities: 0.00104197s
# UpdateSmoothingLength: 0.00102106s
### Check ### Global Tree Nodes: 4096, Particles: 90924, Halos: 52496
### Check ### Computational domain: -0.5 0.5 -0.5 0.5 -0.5 0.5
### Check ### Total Neighbors: 93774344, Avg neighbor count per particle: 93
### Check ### Total time: 0.00815827, current time-step: 0.000226083
### Check ### Total energy: 0.999932, (internal: 0.855003, kinetic: 0.144929, gravitational: 0)
### Check ### Focus Tree Nodes: 7757, maxDepth 5
=== Total time for iteration(86) 1.1711s

# domain::sync: 0.184458s
# FindNeighbors: 0.234591s
# Density: 0.0554734s
# EquationOfState: 0.000498273s
# mpi::synchronizeHalos: 0.237186s
# IAD: 0.0757261s
# mpi::synchronizeHalos: 0.224007s
# MomentumEnergyIAD: 0.194481s
# Timestep: 0.01213s
# UpdateQuantities: 0.00103348s
# UpdateSmoothingLength: 0.00102217s
### Check ### Global Tree Nodes: 4096, Particles: 90924, Halos: 52445
### Check ### Computational domain: -0.5 0.5 -0.5 0.5 -0.5 0.5
### Check ### Total Neighbors: 93818047, Avg neighbor count per particle: 93
### Check ### Total time: 0.00838369, current time-step: 0.000225416
### Check ### Total energy: 0.99993, (internal: 0.85045, kinetic: 0.14948, gravitational: 0)
### Check ### Focus Tree Nodes: 7757, maxDepth 5
=== Total time for iteration(87) 1.22061s

# domain::sync: 0.302206s
# FindNeighbors: 0.251491s
# Density: 0.0703581s
# EquationOfState: 0.000496233s
# mpi::synchronizeHalos: 0.056218s
# IAD: 0.0963031s
# mpi::synchronizeHalos: 0.2286s
# MomentumEnergyIAD: 0.280088s
# Timestep: 0.0172353s
# UpdateQuantities: 0.00103498s
# UpdateSmoothingLength: 0.00102216s
### Check ### Global Tree Nodes: 4096, Particles: 90924, Halos: 52676
### Check ### Computational domain: -0.5 0.5 -0.5 0.5 -0.5 0.5
### Check ### Total Neighbors: 120237766, Avg neighbor count per particle: 120
### Check ### Total time: 0.00860852, current time-step: 0.000224826
### Check ### Total energy: 0.999928, (internal: 0.845981, kinetic: 0.153947, gravitational: 0)
### Check ### Focus Tree Nodes: 7757, maxDepth 5
=== Total time for iteration(88) 1.30506s

# domain::sync: 0.32434s
# FindNeighbors: 0.23365s
# Density: 0.0562739s
# EquationOfState: 0.000498345s
# mpi::synchronizeHalos: 0.0494047s
# IAD: 0.0760511s
# mpi::synchronizeHalos: 0.236259s
# MomentumEnergyIAD: 0.198125s
# Timestep: 0.0120087s
# UpdateQuantities: 0.0010362s
# UpdateSmoothingLength: 0.0010221s
### Check ### Global Tree Nodes: 4096, Particles: 90924, Halos: 52652
### Check ### Computational domain: -0.5 0.5 -0.5 0.5 -0.5 0.5
### Check ### Total Neighbors: 94354690, Avg neighbor count per particle: 94
### Check ### Total time: 0.00883332, current time-step: 0.000224805
### Check ### Total energy: 0.999927, (internal: 0.841587, kinetic: 0.15834, gravitational: 0)
### Check ### Focus Tree Nodes: 7757, maxDepth 5
=== Total time for iteration(89) 1.18867s

# domain::sync: 0.297828s
# FindNeighbors: 0.234328s
# Density: 0.0560841s
# EquationOfState: 0.000496072s
# mpi::synchronizeHalos: 0.0230058s
# IAD: 0.0754591s
# mpi::synchronizeHalos: 0.230949s
# MomentumEnergyIAD: 0.194792s
# Timestep: 0.00373573s
# UpdateQuantities: 0.00106753s
# UpdateSmoothingLength: 0.00102113s
### Check ### Global Tree Nodes: 4096, Particles: 90924, Halos: 52620
### Check ### Computational domain: -0.5 0.5 -0.5 0.5 -0.5 0.5
### Check ### Total Neighbors: 93836646, Avg neighbor count per particle: 93
### Check ### Total time: 0.00905831, current time-step: 0.000224987
### Check ### Total energy: 0.999926, (internal: 0.837265, kinetic: 0.162661, gravitational: 0)
### Check ### Focus Tree Nodes: 7757, maxDepth 5
=== Total time for iteration(90) 1.11877s

# domain::sync: 0.318609s
# FindNeighbors: 0.234714s
# Density: 0.0554932s
# EquationOfState: 0.000495122s
# mpi::synchronizeHalos: 0.236232s
# IAD: 0.0750578s
# mpi::synchronizeHalos: 0.0274181s
# MomentumEnergyIAD: 0.193719s
# Timestep: 0.000241287s
# UpdateQuantities: 0.00103954s
# UpdateSmoothingLength: 0.00102153s
### Check ### Global Tree Nodes: 4096, Particles: 90924, Halos: 52535
### Check ### Computational domain: -0.5 0.5 -0.5 0.5 -0.5 0.5
### Check ### Total Neighbors: 93872204, Avg neighbor count per particle: 93
### Check ### Total time: 0.00928403, current time-step: 0.000225719
### Check ### Total energy: 0.999926, (internal: 0.833007, kinetic: 0.166919, gravitational: 0)
### Check ### Focus Tree Nodes: 7757, maxDepth 5
=== Total time for iteration(91) 1.14404s

# domain::sync: 0.365354s
# FindNeighbors: 0.251927s
# Density: 0.0702853s
# EquationOfState: 0.000497977s
# mpi::synchronizeHalos: 0.0369686s
# IAD: 0.0960717s
# mpi::synchronizeHalos: 0.18736s
# MomentumEnergyIAD: 0.272845s
# Timestep: 0.0314478s
# UpdateQuantities: 0.00108071s
# UpdateSmoothingLength: 0.00102068s
### Check ### Global Tree Nodes: 4096, Particles: 90924, Halos: 52465
### Check ### Computational domain: -0.5 0.5 -0.5 0.5 -0.5 0.5
### Check ### Total Neighbors: 120280600, Avg neighbor count per particle: 120
### Check ### Total time: 0.00951024, current time-step: 0.000226212
### Check ### Total energy: 0.999926, (internal: 0.82882, kinetic: 0.171106, gravitational: 0)
### Check ### Focus Tree Nodes: 7757, maxDepth 5
=== Total time for iteration(92) 1.31486s

# domain::sync: 0.347584s
# FindNeighbors: 0.233481s
# Density: 0.0562069s
# EquationOfState: 0.000494789s
# mpi::synchronizeHalos: 0.266927s
# IAD: 0.0753921s
# mpi::synchronizeHalos: 0.223821s
# MomentumEnergyIAD: 0.198266s
# Timestep: 0.00417635s
# UpdateQuantities: 0.00104384s
# UpdateSmoothingLength: 0.00102191s
### Check ### Global Tree Nodes: 4096, Particles: 90924, Halos: 52375
### Check ### Computational domain: -0.5 0.5 -0.5 0.5 -0.5 0.5
### Check ### Total Neighbors: 94239628, Avg neighbor count per particle: 94
### Check ### Total time: 0.00973642, current time-step: 0.000226175
### Check ### Total energy: 0.999925, (internal: 0.824715, kinetic: 0.17521, gravitational: 0)
### Check ### Focus Tree Nodes: 7757, maxDepth 5
=== Total time for iteration(93) 1.40842s

# domain::sync: 0.292889s
# FindNeighbors: 0.234486s
# Density: 0.0560748s
# EquationOfState: 0.000523176s
# mpi::synchronizeHalos: 0.226733s
# IAD: 0.0756219s
# mpi::synchronizeHalos: 0.0330742s
# MomentumEnergyIAD: 0.194836s
# Timestep: 0.0070799s
# UpdateQuantities: 0.00104027s
# UpdateSmoothingLength: 0.00102108s
### Check ### Global Tree Nodes: 4096, Particles: 90922, Halos: 52286
### Check ### Computational domain: -0.5 0.5 -0.5 0.5 -0.5 0.5
### Check ### Total Neighbors: 93870220, Avg neighbor count per particle: 93
### Check ### Total time: 0.00995711, current time-step: 0.000220696
### Check ### Total energy: 0.99992, (internal: 0.820789, kinetic: 0.179131, gravitational: 0)
### Check ### Focus Tree Nodes: 7757, maxDepth 5
=== Total time for iteration(94) 1.12338s

# domain::sync: 0.351029s
# FindNeighbors: 0.234985s
# Density: 0.0560801s
# EquationOfState: 0.00049582s
# mpi::synchronizeHalos: 0.228797s
# IAD: 0.0756943s
# mpi::synchronizeHalos: 0.0374323s
# MomentumEnergyIAD: 0.19462s
# Timestep: 0.19252s
# UpdateQuantities: 0.00103431s
# UpdateSmoothingLength: 0.0010231s
### Check ### Global Tree Nodes: 4096, Particles: 90921, Halos: 52218
### Check ### Computational domain: -0.5 0.5 -0.5 0.5 -0.5 0.5
### Check ### Total Neighbors: 93892430, Avg neighbor count per particle: 93
### Check ### Total time: 0.0101762, current time-step: 0.000219114
### Check ### Total energy: 0.999918, (internal: 0.81697, kinetic: 0.182948, gravitational: 0)
### Check ### Focus Tree Nodes: 7757, maxDepth 5
=== Total time for iteration(95) 1.37371s

# domain::sync: 0.318185s
# FindNeighbors: 0.252814s
# Density: 0.0709687s
# EquationOfState: 0.000497285s
# mpi::synchronizeHalos: 0.0247169s
# IAD: 0.0965497s
# mpi::synchronizeHalos: 0.0388745s
# MomentumEnergyIAD: 0.273164s
# Timestep: 0.160011s
# UpdateQuantities: 0.00106018s
# UpdateSmoothingLength: 0.0010208s
### Check ### Global Tree Nodes: 4096, Particles: 90920, Halos: 53514
### Check ### Computational domain: -0.5 0.5 -0.5 0.5 -0.5 0.5
### Check ### Total Neighbors: 120273178, Avg neighbor count per particle: 120
### Check ### Total time: 0.0103962, current time-step: 0.000220008
### Check ### Total energy: 0.999919, (internal: 0.813215, kinetic: 0.186703, gravitational: 0)
### Check ### Focus Tree Nodes: 7757, maxDepth 5
=== Total time for iteration(96) 1.23786s

# domain::sync: 0.15299s
# FindNeighbors: 0.233317s
# Density: 0.05614s
# EquationOfState: 0.000505373s
# mpi::synchronizeHalos: 0.213527s
# IAD: 0.075576s
# mpi::synchronizeHalos: 0.19628s
# MomentumEnergyIAD: 0.196499s
# Timestep: 0.0193895s
# UpdateQuantities: 0.0010552s
# UpdateSmoothingLength: 0.00104756s
### Check ### Global Tree Nodes: 4096, Particles: 90920, Halos: 53496
### Check ### Computational domain: -0.5 0.5 -0.5 0.5 -0.5 0.5
### Check ### Total Neighbors: 94156358, Avg neighbor count per particle: 94
### Check ### Total time: 0.0106138, current time-step: 0.000217604
### Check ### Total energy: 0.999917, (internal: 0.809581, kinetic: 0.190336, gravitational: 0)
### Check ### Focus Tree Nodes: 7757, maxDepth 5
=== Total time for iteration(97) 1.14633s

# domain::sync: 0.163841s
# FindNeighbors: 0.234037s
# Density: 0.0560521s
# EquationOfState: 0.000494636s
# mpi::synchronizeHalos: 0.21681s
# IAD: 0.0751766s
# mpi::synchronizeHalos: 0.232404s
# MomentumEnergyIAD: 0.194416s
# Timestep: 0.0210105s
# UpdateQuantities: 0.00105957s
# UpdateSmoothingLength: 0.00102197s
### Check ### Global Tree Nodes: 4096, Particles: 90917, Halos: 53432
### Check ### Computational domain: -0.5 0.5 -0.5 0.5 -0.5 0.5
### Check ### Total Neighbors: 93890290, Avg neighbor count per particle: 93
### Check ### Total time: 0.0108315, current time-step: 0.000217638
### Check ### Total energy: 0.999917, (internal: 0.806024, kinetic: 0.193893, gravitational: 0)
### Check ### Focus Tree Nodes: 7757, maxDepth 5
=== Total time for iteration(98) 1.19633s

# domain::sync: 0.144067s
# FindNeighbors: 0.234888s
# Density: 0.0555613s
# EquationOfState: 0.000495114s
# mpi::synchronizeHalos: 0.225392s
# IAD: 0.0757691s
# mpi::synchronizeHalos: 0.0326485s
# MomentumEnergyIAD: 0.194387s
# Timestep: 0.183872s
# UpdateQuantities: 0.00104948s
# UpdateSmoothingLength: 0.00102165s
### Check ### Global Tree Nodes: 4096, Particles: 90915, Halos: 53410
### Check ### Computational domain: -0.5 0.5 -0.5 0.5 -0.5 0.5
### Check ### Total Neighbors: 93976392, Avg neighbor count per particle: 93
### Check ### Total time: 0.0110478, current time-step: 0.00021631
### Check ### Total energy: 0.999916, (internal: 0.802568, kinetic: 0.197348, gravitational: 0)
### Check ### Focus Tree Nodes: 7701, maxDepth 5
=== Total time for iteration(99) 1.14915s

# domain::sync: 0.167448s
# FindNeighbors: 0.251844s
# Density: 0.0709206s
# EquationOfState: 0.000497318s
# mpi::synchronizeHalos: 0.183661s
# IAD: 0.0965509s
# mpi::synchronizeHalos: 0.23982s
# MomentumEnergyIAD: 0.266754s
# Timestep: 0.00603551s
# UpdateQuantities: 0.00104193s
# UpdateSmoothingLength: 0.00102015s
### Check ### Global Tree Nodes: 4096, Particles: 90912, Halos: 53377
### Check ### Computational domain: -0.5 0.5 -0.5 0.5 -0.5 0.5
### Check ### Total Neighbors: 120318888, Avg neighbor count per particle: 120
### Check ### Total time: 0.0112624, current time-step: 0.000214594
### Check ### Total energy: 0.999914, (internal: 0.799216, kinetic: 0.200699, gravitational: 0)
### Check ### Focus Tree Nodes: 7701, maxDepth 5
=== Total time for iteration(100) 1.2856s

# Total execution time of 100 iterations of sedov up to t = 0.011262: 123.273s
real 123.65
user 84.10
sys 37.81
