778.87

Params:Program: ../sph-exa-build/main/src/sphexa/sphexa
Particles: 200
Timestep: 100
Numthreads: 4
Nodes: 2
# SPHEXA: HEAD/22053277
# 2 MPI-3.1 process(es) with 4 OpenMP-201511 thread(s)/process
Data generated for 8000000 global particles
Domain synchronized, nLocalParticles 4240000
# domain::sync: 0.623072s
# FindNeighbors: 2.57398s
# Density: 0.634768s
# EquationOfState: 0.00548041s
# mpi::synchronizeHalos: 0.0543411s
# IAD: 0.848934s
# mpi::synchronizeHalos: 0.0570597s
# MomentumEnergyIAD: 2.06083s
# Timestep: 0.0245556s
# UpdateQuantities: 0.0209737s
# UpdateSmoothingLength: 0.0114924s
### Check ### Global Tree Nodes: 512, Particles: 4000000, Halos: 240000
### Check ### Computational domain: -0.5 0.5 -0.5 0.5 -0.5 0.5
### Check ### Total Neighbors: 744000000, Avg neighbor count per particle: 93
### Check ### Total time: 1.1e-06, current time-step: 1.1e-06
### Check ### Total energy: 1, (internal: 1, kinetic: 1.07895e-08, gravitational: 0)
### Check ### Focus Tree Nodes: 150144, maxDepth 6
=== Total time for iteration(1) 6.9155s

# domain::sync: 0.676375s
# FindNeighbors: 2.41597s
# Density: 0.635309s
# EquationOfState: 0.00547644s
# mpi::synchronizeHalos: 0.0531992s
# IAD: 0.869586s
# mpi::synchronizeHalos: 0.0526437s
# MomentumEnergyIAD: 2.45215s
# Timestep: 0.0282396s
# UpdateQuantities: 0.0209089s
# UpdateSmoothingLength: 0.0114922s
### Check ### Global Tree Nodes: 512, Particles: 4000000, Halos: 240000
### Check ### Computational domain: -0.5 0.5 -0.5 0.5 -0.5 0.5
### Check ### Total Neighbors: 744000000, Avg neighbor count per particle: 93
### Check ### Total time: 2.31e-06, current time-step: 1.21e-06
### Check ### Total energy: 1, (internal: 1, kinetic: 3.32782e-08, gravitational: 0)
### Check ### Focus Tree Nodes: 150144, maxDepth 6
=== Total time for iteration(2) 7.22136s

# domain::sync: 0.65381s
# FindNeighbors: 2.43504s
# Density: 0.635651s
# EquationOfState: 0.00548163s
# mpi::synchronizeHalos: 0.0538164s
# IAD: 0.870623s
# mpi::synchronizeHalos: 0.0523445s
# MomentumEnergyIAD: 2.38133s
# Timestep: 0.02645s
# UpdateQuantities: 0.0209035s
# UpdateSmoothingLength: 0.0114988s
### Check ### Global Tree Nodes: 512, Particles: 4000000, Halos: 240000
### Check ### Computational domain: -0.5 0.5 -0.5 0.5 -0.5 0.5
### Check ### Total Neighbors: 744000000, Avg neighbor count per particle: 93
### Check ### Total time: 3.641e-06, current time-step: 1.331e-06
### Check ### Total energy: 1, (internal: 1, kinetic: 7.22677e-08, gravitational: 0)
### Check ### Focus Tree Nodes: 150144, maxDepth 6
=== Total time for iteration(3) 7.14696s

# domain::sync: 0.658017s
# FindNeighbors: 2.45215s
# Density: 0.635632s
# EquationOfState: 0.00551692s
# mpi::synchronizeHalos: 0.0522608s
# IAD: 0.871222s
# mpi::synchronizeHalos: 0.0526386s
# MomentumEnergyIAD: 2.46953s
# Timestep: 6.1584e-05s
# UpdateQuantities: 0.02084s
# UpdateSmoothingLength: 0.011523s
### Check ### Global Tree Nodes: 512, Particles: 4000000, Halos: 240000
### Check ### Computational domain: -0.5 0.5 -0.5 0.5 -0.5 0.5
### Check ### Total Neighbors: 744000000, Avg neighbor count per particle: 93
### Check ### Total time: 5.1051e-06, current time-step: 1.4641e-06
### Check ### Total energy: 1, (internal: 1, kinetic: 1.324e-07, gravitational: 0)
### Check ### Focus Tree Nodes: 150144, maxDepth 6
=== Total time for iteration(4) 7.22939s

# domain::sync: 0.658108s
# FindNeighbors: 2.47782s
# Density: 0.637813s
# EquationOfState: 0.00888429s
# mpi::synchronizeHalos: 0.0531653s
# IAD: 0.878761s
# mpi::synchronizeHalos: 0.0517392s
# MomentumEnergyIAD: 2.44644s
# Timestep: 6.4735e-05s
# UpdateQuantities: 0.0209276s
# UpdateSmoothingLength: 0.0115188s
### Check ### Global Tree Nodes: 512, Particles: 4000000, Halos: 240000
### Check ### Computational domain: -0.5 0.5 -0.5 0.5 -0.5 0.5
### Check ### Total Neighbors: 744000000, Avg neighbor count per particle: 93
### Check ### Total time: 6.71561e-06, current time-step: 1.61051e-06
### Check ### Total energy: 1, (internal: 1, kinetic: 2.19408e-07, gravitational: 0)
### Check ### Focus Tree Nodes: 150144, maxDepth 6
=== Total time for iteration(5) 7.24525s

# domain::sync: 0.656119s
# FindNeighbors: 2.46554s
# Density: 0.635185s
# EquationOfState: 0.00546931s
# mpi::synchronizeHalos: 0.0618498s
# IAD: 0.87075s
# mpi::synchronizeHalos: 0.0637058s
# MomentumEnergyIAD: 2.37241s
# Timestep: 0.00912723s
# UpdateQuantities: 0.0208294s
# UpdateSmoothingLength: 0.0114964s
### Check ### Global Tree Nodes: 512, Particles: 4000000, Halos: 240000
### Check ### Computational domain: -0.5 0.5 -0.5 0.5 -0.5 0.5
### Check ### Total Neighbors: 744000000, Avg neighbor count per particle: 93
### Check ### Total time: 8.48717e-06, current time-step: 1.77156e-06
### Check ### Total energy: 1, (internal: 1, kinetic: 3.4036e-07, gravitational: 0)
### Check ### Focus Tree Nodes: 150144, maxDepth 6
=== Total time for iteration(6) 7.17249s

# domain::sync: 0.656668s
# FindNeighbors: 2.66265s
# Density: 0.835298s
# EquationOfState: 0.00549992s
# mpi::synchronizeHalos: 0.0524661s
# IAD: 1.14741s
# mpi::synchronizeHalos: 0.0526985s
# MomentumEnergyIAD: 4.75917s
# Timestep: 0.0411572s
# UpdateQuantities: 0.0209026s
# UpdateSmoothingLength: 0.0115241s
### Check ### Global Tree Nodes: 512, Particles: 4000000, Halos: 240000
### Check ### Computational domain: -0.5 0.5 -0.5 0.5 -0.5 0.5
### Check ### Total Neighbors: 984000000, Avg neighbor count per particle: 123
### Check ### Total time: 1.04359e-05, current time-step: 1.94872e-06
### Check ### Total energy: 1, (internal: 1, kinetic: 5.03947e-07, gravitational: 0)
### Check ### Focus Tree Nodes: 150144, maxDepth 6
=== Total time for iteration(7) 10.2454s

# domain::sync: 0.657267s
# FindNeighbors: 2.44737s
# Density: 0.635527s
# EquationOfState: 0.00548769s
# mpi::synchronizeHalos: 0.0530713s
# IAD: 0.870835s
# mpi::synchronizeHalos: 0.0517511s
# MomentumEnergyIAD: 2.34181s
# Timestep: 0.035665s
# UpdateQuantities: 0.0209069s
# UpdateSmoothingLength: 0.0115207s
### Check ### Global Tree Nodes: 512, Particles: 4000000, Halos: 240000
### Check ### Computational domain: -0.5 0.5 -0.5 0.5 -0.5 0.5
### Check ### Total Neighbors: 744000000, Avg neighbor count per particle: 93
### Check ### Total time: 1.25795e-05, current time-step: 2.14359e-06
### Check ### Total energy: 1, (internal: 0.999999, kinetic: 7.2088e-07, gravitational: 0)
### Check ### Focus Tree Nodes: 150144, maxDepth 6
=== Total time for iteration(8) 7.13122s

# domain::sync: 0.657727s
# FindNeighbors: 2.45846s
# Density: 0.635817s
# EquationOfState: 0.0054798s
# mpi::synchronizeHalos: 0.0534824s
# IAD: 0.870795s
# mpi::synchronizeHalos: 0.0523499s
# MomentumEnergyIAD: 2.40592s
# Timestep: 6.2153e-05s
# UpdateQuantities: 0.0209s
# UpdateSmoothingLength: 0.0114918s
### Check ### Global Tree Nodes: 512, Particles: 4000000, Halos: 240000
### Check ### Computational domain: -0.5 0.5 -0.5 0.5 -0.5 0.5
### Check ### Total Neighbors: 744000000, Avg neighbor count per particle: 93
### Check ### Total time: 1.49374e-05, current time-step: 2.35795e-06
### Check ### Total energy: 1, (internal: 0.999999, kinetic: 1.00421e-06, gravitational: 0)
### Check ### Focus Tree Nodes: 150144, maxDepth 6
=== Total time for iteration(9) 7.17249s

# domain::sync: 0.658506s
# FindNeighbors: 2.48953s
# Density: 0.636592s
# EquationOfState: 0.00544484s
# mpi::synchronizeHalos: 0.0523768s
# IAD: 0.876787s
# mpi::synchronizeHalos: 0.0523903s
# MomentumEnergyIAD: 2.4307s
# Timestep: 6.3721e-05s
# UpdateQuantities: 0.0208784s
# UpdateSmoothingLength: 0.0115151s
### Check ### Global Tree Nodes: 512, Particles: 4000000, Halos: 240000
### Check ### Computational domain: -0.5 0.5 -0.5 0.5 -0.5 0.5
### Check ### Total Neighbors: 744000000, Avg neighbor count per particle: 93
### Check ### Total time: 1.75312e-05, current time-step: 2.59374e-06
### Check ### Total energy: 1, (internal: 0.999999, kinetic: 1.36998e-06, gravitational: 0)
### Check ### Focus Tree Nodes: 150144, maxDepth 6
=== Total time for iteration(10) 7.23479s

# domain::sync: 0.659855s
# FindNeighbors: 2.66459s
# Density: 0.834829s
# EquationOfState: 0.00549714s
# mpi::synchronizeHalos: 0.0592529s
# IAD: 1.14681s
# mpi::synchronizeHalos: 0.0674195s
# MomentumEnergyIAD: 4.11191s
# Timestep: 0.0301403s
# UpdateQuantities: 0.0209094s
# UpdateSmoothingLength: 0.0114887s
### Check ### Global Tree Nodes: 512, Particles: 4000000, Halos: 240000
### Check ### Computational domain: -0.5 0.5 -0.5 0.5 -0.5 0.5
### Check ### Total Neighbors: 984000000, Avg neighbor count per particle: 123
### Check ### Total time: 2.03843e-05, current time-step: 2.85312e-06
### Check ### Total energy: 1, (internal: 0.999998, kinetic: 1.83779e-06, gravitational: 0)
### Check ### Focus Tree Nodes: 150144, maxDepth 6
=== Total time for iteration(11) 9.61271s

# domain::sync: 0.657247s
# FindNeighbors: 2.44651s
# Density: 0.63524s
# EquationOfState: 0.00547322s
# mpi::synchronizeHalos: 0.0538595s
# IAD: 0.87093s
# mpi::synchronizeHalos: 0.0526898s
# MomentumEnergyIAD: 2.36069s
# Timestep: 0.00595732s
# UpdateQuantities: 0.0208546s
# UpdateSmoothingLength: 0.0114899s
### Check ### Global Tree Nodes: 512, Particles: 4000000, Halos: 240000
### Check ### Computational domain: -0.5 0.5 -0.5 0.5 -0.5 0.5
### Check ### Total Neighbors: 744000000, Avg neighbor count per particle: 93
### Check ### Total time: 2.35227e-05, current time-step: 3.13843e-06
### Check ### Total energy: 1, (internal: 0.999998, kinetic: 2.43168e-06, gravitational: 0)
### Check ### Focus Tree Nodes: 150144, maxDepth 6
=== Total time for iteration(12) 7.12095s

# domain::sync: 0.65655s
# FindNeighbors: 2.45483s
# Density: 0.635406s
# EquationOfState: 0.00549506s
# mpi::synchronizeHalos: 0.05276s
# IAD: 0.871749s
# mpi::synchronizeHalos: 0.0521701s
# MomentumEnergyIAD: 2.34643s
# Timestep: 0.0289127s
# UpdateQuantities: 0.0209358s
# UpdateSmoothingLength: 0.0114902s
### Check ### Global Tree Nodes: 512, Particles: 4000000, Halos: 240000
### Check ### Computational domain: -0.5 0.5 -0.5 0.5 -0.5 0.5
### Check ### Total Neighbors: 744000000, Avg neighbor count per particle: 93
### Check ### Total time: 2.6975e-05, current time-step: 3.45227e-06
### Check ### Total energy: 1, (internal: 0.999997, kinetic: 3.18076e-06, gravitational: 0)
### Check ### Focus Tree Nodes: 150144, maxDepth 6
=== Total time for iteration(13) 7.13674s

# domain::sync: 0.655769s
# FindNeighbors: 2.47051s
# Density: 0.635156s
# EquationOfState: 0.00540588s
# mpi::synchronizeHalos: 0.0519163s
# IAD: 0.870906s
# mpi::synchronizeHalos: 0.0524597s
# MomentumEnergyIAD: 2.39125s
# Timestep: 6.1245e-05s
# UpdateQuantities: 0.0208358s
# UpdateSmoothingLength: 0.011508s
### Check ### Global Tree Nodes: 512, Particles: 4000000, Halos: 240000
### Check ### Computational domain: -0.5 0.5 -0.5 0.5 -0.5 0.5
### Check ### Total Neighbors: 744000000, Avg neighbor count per particle: 93
### Check ### Total time: 3.07725e-05, current time-step: 3.7975e-06
### Check ### Total energy: 1, (internal: 0.999996, kinetic: 4.12072e-06, gravitational: 0)
### Check ### Focus Tree Nodes: 150144, maxDepth 6
=== Total time for iteration(14) 7.16578s

# domain::sync: 0.66021s
# FindNeighbors: 2.69135s
# Density: 0.834872s
# EquationOfState: 0.00551085s
# mpi::synchronizeHalos: 0.0522703s
# IAD: 1.14593s
# mpi::synchronizeHalos: 0.0675017s
# MomentumEnergyIAD: 3.72624s
# Timestep: 5.874e-05s
# UpdateQuantities: 0.0208466s
# UpdateSmoothingLength: 0.0115001s
### Check ### Global Tree Nodes: 512, Particles: 4000000, Halos: 240000
### Check ### Computational domain: -0.5 0.5 -0.5 0.5 -0.5 0.5
### Check ### Total Neighbors: 984000000, Avg neighbor count per particle: 123
### Check ### Total time: 3.49497e-05, current time-step: 4.17725e-06
### Check ### Total energy: 1, (internal: 0.999995, kinetic: 5.29497e-06, gravitational: 0)
### Check ### Focus Tree Nodes: 150144, maxDepth 6
=== Total time for iteration(15) 9.2163s

# domain::sync: 0.662732s
# FindNeighbors: 2.45196s
# Density: 0.635216s
# EquationOfState: 0.00579544s
# mpi::synchronizeHalos: 0.0547844s
# IAD: 0.871334s
# mpi::synchronizeHalos: 0.0559568s
# MomentumEnergyIAD: 2.35095s
# Timestep: 0.0291263s
# UpdateQuantities: 0.0209151s
# UpdateSmoothingLength: 0.0115271s
### Check ### Global Tree Nodes: 512, Particles: 4000000, Halos: 240000
### Check ### Computational domain: -0.5 0.5 -0.5 0.5 -0.5 0.5
### Check ### Total Neighbors: 744000000, Avg neighbor count per particle: 93
### Check ### Total time: 3.95447e-05, current time-step: 4.59497e-06
### Check ### Total energy: 1, (internal: 0.999993, kinetic: 6.75662e-06, gravitational: 0)
### Check ### Focus Tree Nodes: 150144, maxDepth 6
=== Total time for iteration(16) 7.1503s

# domain::sync: 0.664905s
# FindNeighbors: 2.45944s
# Density: 0.635625s
# EquationOfState: 0.00547193s
# mpi::synchronizeHalos: 0.0523735s
# IAD: 0.87144s
# mpi::synchronizeHalos: 0.0531847s
# MomentumEnergyIAD: 2.33655s
# Timestep: 0.0366774s
# UpdateQuantities: 0.0209027s
# UpdateSmoothingLength: 0.0115145s
### Check ### Global Tree Nodes: 512, Particles: 4000000, Halos: 240000
### Check ### Computational domain: -0.5 0.5 -0.5 0.5 -0.5 0.5
### Check ### Total Neighbors: 744000000, Avg neighbor count per particle: 93
### Check ### Total time: 4.45992e-05, current time-step: 5.05447e-06
### Check ### Total energy: 1, (internal: 0.999991, kinetic: 8.56978e-06, gravitational: 0)
### Check ### Focus Tree Nodes: 150144, maxDepth 6
=== Total time for iteration(17) 7.14809s

# domain::sync: 0.664643s
# FindNeighbors: 2.46584s
# Density: 0.635661s
# EquationOfState: 0.00546976s
# mpi::synchronizeHalos: 0.0532704s
# IAD: 0.870727s
# mpi::synchronizeHalos: 0.053811s
# MomentumEnergyIAD: 2.31274s
# Timestep: 0.0479277s
# UpdateQuantities: 0.0209198s
# UpdateSmoothingLength: 0.0114925s
### Check ### Global Tree Nodes: 512, Particles: 4000000, Halos: 240000
### Check ### Computational domain: -0.5 0.5 -0.5 0.5 -0.5 0.5
### Check ### Total Neighbors: 744000000, Avg neighbor count per particle: 93
### Check ### Total time: 5.01591e-05, current time-step: 5.55992e-06
### Check ### Total energy: 1, (internal: 0.999989, kinetic: 1.08128e-05, gravitational: 0)
### Check ### Focus Tree Nodes: 150144, maxDepth 6
=== Total time for iteration(18) 7.1425s

# domain::sync: 0.66623s
# FindNeighbors: 2.67014s
# Density: 0.835117s
# EquationOfState: 0.00547526s
# mpi::synchronizeHalos: 0.0525264s
# IAD: 1.14236s
# mpi::synchronizeHalos: 0.0525843s
# MomentumEnergyIAD: 3.53804s
# Timestep: 5.7345e-05s
# UpdateQuantities: 0.0208722s
# UpdateSmoothingLength: 0.0115014s
### Check ### Global Tree Nodes: 512, Particles: 4000000, Halos: 240000
### Check ### Computational domain: -0.5 0.5 -0.5 0.5 -0.5 0.5
### Check ### Total Neighbors: 984000000, Avg neighbor count per particle: 123
### Check ### Total time: 5.6275e-05, current time-step: 6.11591e-06
### Check ### Total energy: 1, (internal: 0.999986, kinetic: 1.35807e-05, gravitational: 0)
### Check ### Focus Tree Nodes: 150144, maxDepth 6
=== Total time for iteration(19) 8.99491s

# domain::sync: 0.666585s
# FindNeighbors: 2.47408s
# Density: 0.63509s
# EquationOfState: 0.00546554s
# mpi::synchronizeHalos: 0.0528864s
# IAD: 0.871738s
# mpi::synchronizeHalos: 0.0637431s
# MomentumEnergyIAD: 2.44907s
# Timestep: 5.6967e-05s
# UpdateQuantities: 0.0208868s
# UpdateSmoothingLength: 0.0114998s
### Check ### Global Tree Nodes: 512, Particles: 4000000, Halos: 240000
### Check ### Computational domain: -0.5 0.5 -0.5 0.5 -0.5 0.5
### Check ### Total Neighbors: 744000000, Avg neighbor count per particle: 93
### Check ### Total time: 6.30025e-05, current time-step: 6.7275e-06
### Check ### Total energy: 1, (internal: 0.999983, kinetic: 1.69898e-05, gravitational: 0)
### Check ### Focus Tree Nodes: 150144, maxDepth 6
=== Total time for iteration(20) 7.25111s

# domain::sync: 0.665048s
# FindNeighbors: 2.45996s
# Density: 0.634971s
# EquationOfState: 0.00548128s
# mpi::synchronizeHalos: 0.0593662s
# IAD: 0.871248s
# mpi::synchronizeHalos: 0.055992s
# MomentumEnergyIAD: 2.36024s
# Timestep: 0.017101s
# UpdateQuantities: 0.0209148s
# UpdateSmoothingLength: 0.011491s
### Check ### Global Tree Nodes: 512, Particles: 4000000, Halos: 240000
### Check ### Computational domain: -0.5 0.5 -0.5 0.5 -0.5 0.5
### Check ### Total Neighbors: 744000000, Avg neighbor count per particle: 93
### Check ### Total time: 7.04027e-05, current time-step: 7.40025e-06
### Check ### Total energy: 1, (internal: 0.999979, kinetic: 2.11797e-05, gravitational: 0)
### Check ### Focus Tree Nodes: 150144, maxDepth 6
=== Total time for iteration(21) 7.16182s

# domain::sync: 0.668426s
# FindNeighbors: 2.46567s
# Density: 0.635349s
# EquationOfState: 0.00550514s
# mpi::synchronizeHalos: 0.0539451s
# IAD: 0.880228s
# mpi::synchronizeHalos: 0.0520629s
# MomentumEnergyIAD: 2.33179s
# Timestep: 0.010891s
# UpdateQuantities: 0.0208275s
# UpdateSmoothingLength: 0.0114863s
### Check ### Global Tree Nodes: 512, Particles: 4000000, Halos: 240000
### Check ### Computational domain: -0.5 0.5 -0.5 0.5 -0.5 0.5
### Check ### Total Neighbors: 744000000, Avg neighbor count per particle: 93
### Check ### Total time: 7.8543e-05, current time-step: 8.14027e-06
### Check ### Total energy: 1, (internal: 0.999974, kinetic: 2.63212e-05, gravitational: 0)
### Check ### Focus Tree Nodes: 150144, maxDepth 6
=== Total time for iteration(22) 7.13618s

# domain::sync: 0.669135s
# FindNeighbors: 2.66532s
# Density: 0.83535s
# EquationOfState: 0.00533308s
# mpi::synchronizeHalos: 0.0548799s
# IAD: 1.14131s
# mpi::synchronizeHalos: 0.0523755s
# MomentumEnergyIAD: 3.51168s
# Timestep: 0.0435869s
# UpdateQuantities: 0.0226609s
# UpdateSmoothingLength: 0.0124534s
### Check ### Global Tree Nodes: 512, Particles: 4000000, Halos: 240000
### Check ### Computational domain: -0.5 0.5 -0.5 0.5 -0.5 0.5
### Check ### Total Neighbors: 984000000, Avg neighbor count per particle: 123
### Check ### Total time: 8.74973e-05, current time-step: 8.9543e-06
### Check ### Total energy: 1, (internal: 0.999967, kinetic: 3.2621e-05, gravitational: 0)
### Check ### Focus Tree Nodes: 150144, maxDepth 6
=== Total time for iteration(23) 9.01409s

# domain::sync: 0.72779s
# FindNeighbors: 2.66065s
# Density: 0.688302s
# EquationOfState: 0.00595022s
# mpi::synchronizeHalos: 0.0574276s
# IAD: 0.87743s
# mpi::synchronizeHalos: 0.0522652s
# MomentumEnergyIAD: 2.3885s
# Timestep: 6.168e-05s
# UpdateQuantities: 0.0208268s
# UpdateSmoothingLength: 0.0115161s
### Check ### Global Tree Nodes: 512, Particles: 4000000, Halos: 240000
### Check ### Computational domain: -0.5 0.5 -0.5 0.5 -0.5 0.5
### Check ### Total Neighbors: 744000000, Avg neighbor count per particle: 93
### Check ### Total time: 9.73471e-05, current time-step: 9.84973e-06
### Check ### Total energy: 1, (internal: 0.99996, kinetic: 4.03313e-05, gravitational: 0)
### Check ### Focus Tree Nodes: 150144, maxDepth 6
=== Total time for iteration(24) 7.49073s

# domain::sync: 0.670443s
# FindNeighbors: 2.48557s
# Density: 0.638218s
# EquationOfState: 0.00545928s
# mpi::synchronizeHalos: 0.0522418s
# IAD: 0.879602s
# mpi::synchronizeHalos: 0.0520838s
# MomentumEnergyIAD: 2.39069s
# Timestep: 6.1389e-05s
# UpdateQuantities: 0.02086s
# UpdateSmoothingLength: 0.0114929s
### Check ### Global Tree Nodes: 512, Particles: 4000000, Halos: 240000
### Check ### Computational domain: -0.5 0.5 -0.5 0.5 -0.5 0.5
### Check ### Total Neighbors: 744000000, Avg neighbor count per particle: 93
### Check ### Total time: 0.000108182, current time-step: 1.08347e-05
### Check ### Total energy: 1, (internal: 0.99995, kinetic: 4.97551e-05, gravitational: 0)
### Check ### Focus Tree Nodes: 150144, maxDepth 6
=== Total time for iteration(25) 7.20673s

# domain::sync: 0.667776s
# FindNeighbors: 2.65091s
# Density: 0.835089s
# EquationOfState: 0.00548196s
# mpi::synchronizeHalos: 0.0578596s
# IAD: 1.18069s
# mpi::synchronizeHalos: 0.0627897s
# MomentumEnergyIAD: 6.10018s
# Timestep: 0.0373381s
# UpdateQuantities: 0.0209316s
# UpdateSmoothingLength: 0.0114998s
### Check ### Global Tree Nodes: 512, Particles: 4000000, Halos: 240000
### Check ### Computational domain: -0.5 0.5 -0.5 0.5 -0.5 0.5
### Check ### Total Neighbors: 984000000, Avg neighbor count per particle: 123
### Check ### Total time: 0.0001201, current time-step: 1.19182e-05
### Check ### Total energy: 1, (internal: 0.999939, kinetic: 6.12619e-05, gravitational: 0)
### Check ### Focus Tree Nodes: 150144, maxDepth 6
=== Total time for iteration(26) 11.6306s

# domain::sync: 0.666577s
# FindNeighbors: 2.44374s
# Density: 0.635675s
# EquationOfState: 0.00532469s
# mpi::synchronizeHalos: 0.0522747s
# IAD: 0.872276s
# mpi::synchronizeHalos: 0.0525258s
# MomentumEnergyIAD: 2.34031s
# Timestep: 0.048611s
# UpdateQuantities: 0.0208803s
# UpdateSmoothingLength: 0.0115246s
### Check ### Global Tree Nodes: 512, Particles: 4000000, Halos: 240000
### Check ### Computational domain: -0.5 0.5 -0.5 0.5 -0.5 0.5
### Check ### Total Neighbors: 744000000, Avg neighbor count per particle: 93
### Check ### Total time: 0.00013321, current time-step: 1.311e-05
### Check ### Total energy: 1, (internal: 0.999925, kinetic: 7.53011e-05, gravitational: 0)
### Check ### Focus Tree Nodes: 150144, maxDepth 6
=== Total time for iteration(27) 7.14976s

# domain::sync: 0.666218s
# FindNeighbors: 2.45097s
# Density: 0.635417s
# EquationOfState: 0.00544197s
# mpi::synchronizeHalos: 0.0537898s
# IAD: 0.87203s
# mpi::synchronizeHalos: 0.0525019s
# MomentumEnergyIAD: 2.34314s
# Timestep: 0.0208755s
# UpdateQuantities: 0.0209316s
# UpdateSmoothingLength: 0.0114912s
### Check ### Global Tree Nodes: 512, Particles: 4000000, Halos: 240000
### Check ### Computational domain: -0.5 0.5 -0.5 0.5 -0.5 0.5
### Check ### Total Neighbors: 744000000, Avg neighbor count per particle: 93
### Check ### Total time: 0.000147631, current time-step: 1.4421e-05
### Check ### Total energy: 1, (internal: 0.999908, kinetic: 9.24125e-05, gravitational: 0)
### Check ### Focus Tree Nodes: 150144, maxDepth 6
=== Total time for iteration(28) 7.13281s

# domain::sync: 0.668259s
# FindNeighbors: 2.47021s
# Density: 0.635508s
# EquationOfState: 0.0054159s
# mpi::synchronizeHalos: 0.0583977s
# IAD: 0.871911s
# mpi::synchronizeHalos: 0.0547484s
# MomentumEnergyIAD: 2.40718s
# Timestep: 6.3113e-05s
# UpdateQuantities: 0.0208549s
# UpdateSmoothingLength: 0.0114998s
### Check ### Global Tree Nodes: 512, Particles: 4000000, Halos: 240000
### Check ### Computational domain: -0.5 0.5 -0.5 0.5 -0.5 0.5
### Check ### Total Neighbors: 744000000, Avg neighbor count per particle: 93
### Check ### Total time: 0.000163494, current time-step: 1.58631e-05
### Check ### Total energy: 1, (internal: 0.999887, kinetic: 0.000113253, gravitational: 0)
### Check ### Focus Tree Nodes: 150144, maxDepth 6
=== Total time for iteration(29) 7.20406s

# domain::sync: 0.677247s
# FindNeighbors: 2.67554s
# Density: 0.837746s
# EquationOfState: 0.00546214s
# mpi::synchronizeHalos: 0.0525456s
# IAD: 1.16998s
# mpi::synchronizeHalos: 0.0519868s
# MomentumEnergyIAD: 4.74247s
# Timestep: 5.7877e-05s
# UpdateQuantities: 0.0207962s
# UpdateSmoothingLength: 0.0114797s
### Check ### Global Tree Nodes: 512, Particles: 4000000, Halos: 240000
### Check ### Computational domain: -0.5 0.5 -0.5 0.5 -0.5 0.5
### Check ### Total Neighbors: 984000000, Avg neighbor count per particle: 123
### Check ### Total time: 0.000180943, current time-step: 1.74494e-05
### Check ### Total energy: 1, (internal: 0.999861, kinetic: 0.000138619, gravitational: 0)
### Check ### Focus Tree Nodes: 150144, maxDepth 6
=== Total time for iteration(30) 10.2453s

# domain::sync: 0.666986s
# FindNeighbors: 2.44852s
# Density: 0.635428s
# EquationOfState: 0.00548334s
# mpi::synchronizeHalos: 0.0582576s
# IAD: 0.871959s
# mpi::synchronizeHalos: 0.0645122s
# MomentumEnergyIAD: 2.38563s
# Timestep: 0.0147748s
# UpdateQuantities: 0.0208941s
# UpdateSmoothingLength: 0.0114919s
### Check ### Global Tree Nodes: 512, Particles: 4000000, Halos: 240000
### Check ### Computational domain: -0.5 0.5 -0.5 0.5 -0.5 0.5
### Check ### Total Neighbors: 744000000, Avg neighbor count per particle: 93
### Check ### Total time: 0.000200138, current time-step: 1.91943e-05
### Check ### Total energy: 1, (internal: 0.999831, kinetic: 0.000169478, gravitational: 0)
### Check ### Focus Tree Nodes: 150144, maxDepth 6
=== Total time for iteration(31) 7.18394s

# domain::sync: 0.668644s
# FindNeighbors: 2.4536s
# Density: 0.635217s
# EquationOfState: 0.00547701s
# mpi::synchronizeHalos: 0.0539028s
# IAD: 0.872191s
# mpi::synchronizeHalos: 0.0528682s
# MomentumEnergyIAD: 2.35028s
# Timestep: 0.0222454s
# UpdateQuantities: 0.0209873s
# UpdateSmoothingLength: 0.011489s
### Check ### Global Tree Nodes: 512, Particles: 4000000, Halos: 240000
### Check ### Computational domain: -0.5 0.5 -0.5 0.5 -0.5 0.5
### Check ### Total Neighbors: 744000000, Avg neighbor count per particle: 93
### Check ### Total time: 0.000221252, current time-step: 2.11138e-05
### Check ### Total energy: 1, (internal: 0.999793, kinetic: 0.000206989, gravitational: 0)
### Check ### Focus Tree Nodes: 150144, maxDepth 6
=== Total time for iteration(32) 7.14692s

# domain::sync: 0.665368s
# FindNeighbors: 2.46487s
# Density: 0.635217s
# EquationOfState: 0.00546861s
# mpi::synchronizeHalos: 0.0533004s
# IAD: 0.871158s
# mpi::synchronizeHalos: 0.0536922s
# MomentumEnergyIAD: 2.2898s
# Timestep: 0.0349083s
# UpdateQuantities: 0.0208985s
# UpdateSmoothingLength: 0.0115019s
### Check ### Global Tree Nodes: 512, Particles: 4000000, Halos: 240000
### Check ### Computational domain: -0.5 0.5 -0.5 0.5 -0.5 0.5
### Check ### Total Neighbors: 744000000, Avg neighbor count per particle: 93
### Check ### Total time: 0.000244477, current time-step: 2.32252e-05
### Check ### Total energy: 1, (internal: 0.999747, kinetic: 0.000252566, gravitational: 0)
### Check ### Focus Tree Nodes: 150144, maxDepth 6
=== Total time for iteration(33) 7.10619s

# domain::sync: 0.671806s
# FindNeighbors: 2.65983s
# Density: 0.835508s
# EquationOfState: 0.00548645s
# mpi::synchronizeHalos: 0.0521708s
# IAD: 1.15518s
# mpi::synchronizeHalos: 0.0521823s
# MomentumEnergyIAD: 3.87184s
# Timestep: 6.6851e-05s
# UpdateQuantities: 0.020839s
# UpdateSmoothingLength: 0.0115183s
### Check ### Global Tree Nodes: 512, Particles: 4000000, Halos: 240000
### Check ### Computational domain: -0.5 0.5 -0.5 0.5 -0.5 0.5
### Check ### Total Neighbors: 984000000, Avg neighbor count per particle: 123
### Check ### Total time: 0.000270024, current time-step: 2.55477e-05
### Check ### Total energy: 1, (internal: 0.999692, kinetic: 0.000307914, gravitational: 0)
### Check ### Focus Tree Nodes: 150144, maxDepth 6
=== Total time for iteration(34) 9.33643s

# domain::sync: 0.667401s
# FindNeighbors: 2.4717s
# Density: 0.63558s
# EquationOfState: 0.00543769s
# mpi::synchronizeHalos: 0.0531643s
# IAD: 0.871693s
# mpi::synchronizeHalos: 0.0584079s
# MomentumEnergyIAD: 2.40549s
# Timestep: 6.0097e-05s
# UpdateQuantities: 0.0208614s
# UpdateSmoothingLength: 0.0114814s
### Check ### Global Tree Nodes: 512, Particles: 4000000, Halos: 240000
### Check ### Computational domain: -0.5 0.5 -0.5 0.5 -0.5 0.5
### Check ### Total Neighbors: 744000000, Avg neighbor count per particle: 93
### Check ### Total time: 0.000298127, current time-step: 2.81024e-05
### Check ### Total energy: 1, (internal: 0.999625, kinetic: 0.000375107, gravitational: 0)
### Check ### Focus Tree Nodes: 150144, maxDepth 6
=== Total time for iteration(35) 7.20129s

# domain::sync: 0.666904s
# FindNeighbors: 2.45459s
# Density: 0.635254s
# EquationOfState: 0.00548082s
# mpi::synchronizeHalos: 0.059002s
# IAD: 0.871571s
# mpi::synchronizeHalos: 0.0628844s
# MomentumEnergyIAD: 2.32606s
# Timestep: 0.0505718s
# UpdateQuantities: 0.020902s
# UpdateSmoothingLength: 0.0114987s
### Check ### Global Tree Nodes: 512, Particles: 4000000, Halos: 240000
### Check ### Computational domain: -0.5 0.5 -0.5 0.5 -0.5 0.5
### Check ### Total Neighbors: 744000000, Avg neighbor count per particle: 93
### Check ### Total time: 0.000329039, current time-step: 3.09127e-05
### Check ### Total energy: 1, (internal: 0.999543, kinetic: 0.000456627, gravitational: 0)
### Check ### Focus Tree Nodes: 150144, maxDepth 6
=== Total time for iteration(36) 7.16471s

# domain::sync: 0.668279s
# FindNeighbors: 2.46437s
# Density: 0.635407s
# EquationOfState: 0.00547897s
# mpi::synchronizeHalos: 0.0527592s
# IAD: 0.871495s
# mpi::synchronizeHalos: 0.0519029s
# MomentumEnergyIAD: 2.31488s
# Timestep: 0.0310114s
# UpdateQuantities: 0.0209159s
# UpdateSmoothingLength: 0.0114974s
### Check ### Global Tree Nodes: 512, Particles: 4000000, Halos: 240000
### Check ### Computational domain: -0.5 0.5 -0.5 0.5 -0.5 0.5
### Check ### Total Neighbors: 744000000, Avg neighbor count per particle: 93
### Check ### Total time: 0.000363043, current time-step: 3.40039e-05
### Check ### Total energy: 1, (internal: 0.999445, kinetic: 0.000555488, gravitational: 0)
### Check ### Focus Tree Nodes: 150144, maxDepth 6
=== Total time for iteration(37) 7.128s

# domain::sync: 0.663234s
# FindNeighbors: 2.6635s
# Density: 0.835432s
# EquationOfState: 0.0054368s
# mpi::synchronizeHalos: 0.054538s
# IAD: 1.15142s
# mpi::synchronizeHalos: 0.0549189s
# MomentumEnergyIAD: 3.49052s
# Timestep: 0.0243298s
# UpdateQuantities: 0.0209206s
# UpdateSmoothingLength: 0.0114929s
### Check ### Global Tree Nodes: 512, Particles: 4000000, Halos: 240000
### Check ### Computational domain: -0.5 0.5 -0.5 0.5 -0.5 0.5
### Check ### Total Neighbors: 984000000, Avg neighbor count per particle: 123
### Check ### Total time: 0.000400448, current time-step: 3.74043e-05
### Check ### Total energy: 1, (internal: 0.999325, kinetic: 0.000675329, gravitational: 0)
### Check ### Focus Tree Nodes: 150144, maxDepth 6
=== Total time for iteration(38) 8.97575s

# domain::sync: 0.664214s
# FindNeighbors: 2.45222s
# Density: 0.635493s
# EquationOfState: 0.00552327s
# mpi::synchronizeHalos: 0.0521943s
# IAD: 0.871367s
# mpi::synchronizeHalos: 0.0517678s
# MomentumEnergyIAD: 2.4039s
# Timestep: 6.1567e-05s
# UpdateQuantities: 0.0208527s
# UpdateSmoothingLength: 0.0115455s
### Check ### Global Tree Nodes: 512, Particles: 4000000, Halos: 240000
### Check ### Computational domain: -0.5 0.5 -0.5 0.5 -0.5 0.5
### Check ### Total Neighbors: 744000000, Avg neighbor count per particle: 93
### Check ### Total time: 0.000441593, current time-step: 4.11448e-05
### Check ### Total energy: 1, (internal: 0.999179, kinetic: 0.00082056, gravitational: 0)
### Check ### Focus Tree Nodes: 150144, maxDepth 6
=== Total time for iteration(39) 7.16915s

# domain::sync: 0.665169s
# FindNeighbors: 2.4837s
# Density: 0.635677s
# EquationOfState: 0.00547835s
# mpi::synchronizeHalos: 0.0527805s
# IAD: 0.8706s
# mpi::synchronizeHalos: 0.0644412s
# MomentumEnergyIAD: 2.42362s
# Timestep: 6.3684e-05s
# UpdateQuantities: 0.0208904s
# UpdateSmoothingLength: 0.0115112s
### Check ### Global Tree Nodes: 512, Particles: 4000000, Halos: 240000
### Check ### Computational domain: -0.5 0.5 -0.5 0.5 -0.5 0.5
### Check ### Total Neighbors: 744000000, Avg neighbor count per particle: 93
### Check ### Total time: 0.000486852, current time-step: 4.52593e-05
### Check ### Total energy: 1, (internal: 0.999004, kinetic: 0.000996444, gravitational: 0)
### Check ### Focus Tree Nodes: 150144, maxDepth 6
=== Total time for iteration(40) 7.23393s

# domain::sync: 0.666984s
# FindNeighbors: 2.46629s
# Density: 0.634858s
# EquationOfState: 0.00547086s
# mpi::synchronizeHalos: 0.0576331s
# IAD: 0.870428s
# mpi::synchronizeHalos: 0.0562523s
# MomentumEnergyIAD: 2.31463s
# Timestep: 0.0346976s
# UpdateQuantities: 0.0208727s
# UpdateSmoothingLength: 0.0114911s
### Check ### Global Tree Nodes: 512, Particles: 4000000, Halos: 240000
### Check ### Computational domain: -0.5 0.5 -0.5 0.5 -0.5 0.5
### Check ### Total Neighbors: 744000000, Avg neighbor count per particle: 93
### Check ### Total time: 0.000536637, current time-step: 4.97852e-05
### Check ### Total energy: 1, (internal: 0.998791, kinetic: 0.00120936, gravitational: 0)
### Check ### Focus Tree Nodes: 150144, maxDepth 6
=== Total time for iteration(41) 7.13961s

# domain::sync: 0.662711s
# FindNeighbors: 2.66509s
# Density: 0.835338s
# EquationOfState: 0.00548618s
# mpi::synchronizeHalos: 0.0520017s
# IAD: 1.14708s
# mpi::synchronizeHalos: 0.0529183s
# MomentumEnergyIAD: 3.38948s
# Timestep: 0.0589642s
# UpdateQuantities: 0.0208651s
# UpdateSmoothingLength: 0.0114931s
### Check ### Global Tree Nodes: 512, Particles: 4000000, Halos: 240000
### Check ### Computational domain: -0.5 0.5 -0.5 0.5 -0.5 0.5
### Check ### Total Neighbors: 984000000, Avg neighbor count per particle: 123
### Check ### Total time: 0.000591401, current time-step: 5.47637e-05
### Check ### Total energy: 1, (internal: 0.998533, kinetic: 0.00146697, gravitational: 0)
### Check ### Focus Tree Nodes: 150144, maxDepth 6
=== Total time for iteration(42) 8.90143s

# domain::sync: 0.661808s
# FindNeighbors: 2.44979s
# Density: 0.63531s
# EquationOfState: 0.00545171s
# mpi::synchronizeHalos: 0.0555569s
# IAD: 0.870931s
# mpi::synchronizeHalos: 0.0524205s
# MomentumEnergyIAD: 2.34497s
# Timestep: 0.0146379s
# UpdateQuantities: 0.020931s
# UpdateSmoothingLength: 0.0114924s
### Check ### Global Tree Nodes: 512, Particles: 4000000, Halos: 240000
### Check ### Computational domain: -0.5 0.5 -0.5 0.5 -0.5 0.5
### Check ### Total Neighbors: 744000000, Avg neighbor count per particle: 93
### Check ### Total time: 0.000651641, current time-step: 6.02401e-05
### Check ### Total energy: 1, (internal: 0.998221, kinetic: 0.00177853, gravitational: 0)
### Check ### Focus Tree Nodes: 150144, maxDepth 6
=== Total time for iteration(43) 7.1233s

# domain::sync: 0.664552s
# FindNeighbors: 2.46499s
# Density: 0.635366s
# EquationOfState: 0.00552173s
# mpi::synchronizeHalos: 0.0523204s
# IAD: 0.870456s
# mpi::synchronizeHalos: 0.052321s
# MomentumEnergyIAD: 2.33621s
# Timestep: 0.0155119s
# UpdateQuantities: 0.0211746s
# UpdateSmoothingLength: 0.011554s
### Check ### Global Tree Nodes: 512, Particles: 4000000, Halos: 240000
### Check ### Computational domain: -0.5 0.5 -0.5 0.5 -0.5 0.5
### Check ### Total Neighbors: 744000000, Avg neighbor count per particle: 93
### Check ### Total time: 0.000717905, current time-step: 6.62641e-05
### Check ### Total energy: 1, (internal: 0.997845, kinetic: 0.00215504, gravitational: 0)
### Check ### Focus Tree Nodes: 150144, maxDepth 6
=== Total time for iteration(44) 7.12999s

# domain::sync: 0.65925s
# FindNeighbors: 2.49243s
# Density: 0.635865s
# EquationOfState: 0.00548291s
# mpi::synchronizeHalos: 0.0527663s
# IAD: 0.879836s
# mpi::synchronizeHalos: 0.0557247s
# MomentumEnergyIAD: 2.36802s
# Timestep: 6.1681e-05s
# UpdateQuantities: 0.0208435s
# UpdateSmoothingLength: 0.0114912s
### Check ### Global Tree Nodes: 512, Particles: 4000000, Halos: 240000
### Check ### Computational domain: -0.5 0.5 -0.5 0.5 -0.5 0.5
### Check ### Total Neighbors: 744714912, Avg neighbor count per particle: 93
### Check ### Total time: 0.000787642, current time-step: 6.97371e-05
### Check ### Total energy: 1, (internal: 0.997411, kinetic: 0.00258913, gravitational: 0)
### Check ### Focus Tree Nodes: 150144, maxDepth 6
=== Total time for iteration(45) 7.18178s

# domain::sync: 0.659095s
# FindNeighbors: 2.66474s
# Density: 0.834305s
# EquationOfState: 0.00549421s
# mpi::synchronizeHalos: 0.270678s
# IAD: 1.14322s
# mpi::synchronizeHalos: 0.0586218s
# MomentumEnergyIAD: 3.35843s
# Timestep: 0.0569222s
# UpdateQuantities: 0.0209471s
# UpdateSmoothingLength: 0.0114887s
### Check ### Global Tree Nodes: 512, Particles: 4000000, Halos: 240000
### Check ### Computational domain: -0.5 0.5 -0.5 0.5 -0.5 0.5
### Check ### Total Neighbors: 982552968, Avg neighbor count per particle: 122
### Check ### Total time: 0.000858048, current time-step: 7.04061e-05
### Check ### Total energy: 1, (internal: 0.996933, kinetic: 0.00306632, gravitational: 0)
### Check ### Focus Tree Nodes: 150144, maxDepth 6
=== Total time for iteration(46) 9.08394s

# domain::sync: 0.655105s
# FindNeighbors: 2.45077s
# Density: 0.635261s
# EquationOfState: 0.00548265s
# mpi::synchronizeHalos: 0.0539281s
# IAD: 0.870981s
# mpi::synchronizeHalos: 0.0544656s
# MomentumEnergyIAD: 2.35305s
# Timestep: 0.0277838s
# UpdateQuantities: 0.0209021s
# UpdateSmoothingLength: 0.0114963s
### Check ### Global Tree Nodes: 512, Particles: 4000000, Halos: 240000
### Check ### Computational domain: -0.5 0.5 -0.5 0.5 -0.5 0.5
### Check ### Total Neighbors: 744182376, Avg neighbor count per particle: 93
### Check ### Total time: 0.000929138, current time-step: 7.10899e-05
### Check ### Total energy: 1, (internal: 0.996412, kinetic: 0.00358752, gravitational: 0)
### Check ### Focus Tree Nodes: 150144, maxDepth 6
=== Total time for iteration(47) 7.13923s

# domain::sync: 0.653651s
# FindNeighbors: 2.46092s
# Density: 0.636902s
# EquationOfState: 0.00547469s
# mpi::synchronizeHalos: 0.0534742s
# IAD: 0.871594s
# mpi::synchronizeHalos: 0.0516296s
# MomentumEnergyIAD: 2.32524s
# Timestep: 0.00903872s
# UpdateQuantities: 0.0209109s
# UpdateSmoothingLength: 0.0114904s
### Check ### Global Tree Nodes: 512, Particles: 4000000, Halos: 240000
### Check ### Computational domain: -0.5 0.5 -0.5 0.5 -0.5 0.5
### Check ### Total Neighbors: 745554912, Avg neighbor count per particle: 93
### Check ### Total time: 0.00099895, current time-step: 6.98115e-05
### Check ### Total energy: 0.999999, (internal: 0.995862, kinetic: 0.00413724, gravitational: 0)
### Check ### Focus Tree Nodes: 150144, maxDepth 6
=== Total time for iteration(48) 7.10033s

# domain::sync: 0.641747s
# FindNeighbors: 2.47558s
# Density: 0.638555s
# EquationOfState: 0.00548354s
# mpi::synchronizeHalos: 0.0519569s
# IAD: 0.874867s
# mpi::synchronizeHalos: 0.0531365s
# MomentumEnergyIAD: 2.38516s
# Timestep: 6.3035e-05s
# UpdateQuantities: 0.0208399s
# UpdateSmoothingLength: 0.0115156s
### Check ### Global Tree Nodes: 512, Particles: 4000000, Halos: 240000
### Check ### Computational domain: -0.5 0.5 -0.5 0.5 -0.5 0.5
### Check ### Total Neighbors: 747982656, Avg neighbor count per particle: 93
### Check ### Total time: 0.00106945, current time-step: 7.05013e-05
### Check ### Total energy: 0.999999, (internal: 0.995269, kinetic: 0.00473008, gravitational: 0)
### Check ### Focus Tree Nodes: 150144, maxDepth 6
=== Total time for iteration(49) 7.15891s

# domain::sync: 0.652744s
# FindNeighbors: 2.68363s
# Density: 0.829551s
# EquationOfState: 0.00545297s
# mpi::synchronizeHalos: 0.0523947s
# IAD: 1.14423s
# mpi::synchronizeHalos: 0.0530609s
# MomentumEnergyIAD: 3.36406s
# Timestep: 5.9582e-05s
# UpdateQuantities: 0.0208529s
# UpdateSmoothingLength: 0.0114936s
### Check ### Global Tree Nodes: 512, Particles: 4000000, Halos: 240000
### Check ### Computational domain: -0.5 0.5 -0.5 0.5 -0.5 0.5
### Check ### Total Neighbors: 973415982, Avg neighbor count per particle: 121
### Check ### Total time: 0.00114066, current time-step: 7.1208e-05
### Check ### Total energy: 0.999999, (internal: 0.994633, kinetic: 0.00536665, gravitational: 0)
### Check ### Focus Tree Nodes: 150144, maxDepth 6
=== Total time for iteration(50) 8.81754s

# domain::sync: 0.647716s
# FindNeighbors: 2.45835s
# Density: 0.640186s
# EquationOfState: 0.0054886s
# mpi::synchronizeHalos: 0.0575135s
# IAD: 0.876551s
# mpi::synchronizeHalos: 0.0654508s
# MomentumEnergyIAD: 2.34737s
# Timestep: 0.0400628s
# UpdateQuantities: 0.0208857s
# UpdateSmoothingLength: 0.0114998s
### Check ### Global Tree Nodes: 512, Particles: 4000000, Halos: 240000
### Check ### Computational domain: -0.5 0.5 -0.5 0.5 -0.5 0.5
### Check ### Total Neighbors: 750291798, Avg neighbor count per particle: 93
### Check ### Total time: 0.00121243, current time-step: 7.17753e-05
### Check ### Total energy: 0.999999, (internal: 0.993953, kinetic: 0.00604619, gravitational: 0)
### Check ### Focus Tree Nodes: 150144, maxDepth 6
=== Total time for iteration(51) 7.17108s

# domain::sync: 0.648617s
# FindNeighbors: 2.46238s
# Density: 0.637895s
# EquationOfState: 0.00550494s
# mpi::synchronizeHalos: 0.0526729s
# IAD: 0.873018s
# mpi::synchronizeHalos: 0.0587839s
# MomentumEnergyIAD: 2.31282s
# Timestep: 0.0307299s
# UpdateQuantities: 0.0208858s
# UpdateSmoothingLength: 0.0114927s
### Check ### Global Tree Nodes: 512, Particles: 4000000, Halos: 240000
### Check ### Computational domain: -0.5 0.5 -0.5 0.5 -0.5 0.5
### Check ### Total Neighbors: 746811594, Avg neighbor count per particle: 93
### Check ### Total time: 0.00128444, current time-step: 7.20051e-05
### Check ### Total energy: 0.999999, (internal: 0.993234, kinetic: 0.00676543, gravitational: 0)
### Check ### Focus Tree Nodes: 150144, maxDepth 6
=== Total time for iteration(52) 7.1148s

# domain::sync: 0.645892s
# FindNeighbors: 2.63714s
# Density: 0.829671s
# EquationOfState: 0.00547396s
# mpi::synchronizeHalos: 0.052229s
# IAD: 1.15368s
# mpi::synchronizeHalos: 0.0536697s
# MomentumEnergyIAD: 5.01342s
# Timestep: 0.0146894s
# UpdateQuantities: 0.020919s
# UpdateSmoothingLength: 0.0114992s
### Check ### Global Tree Nodes: 512, Particles: 4000000, Halos: 240000
### Check ### Computational domain: -0.5 0.5 -0.5 0.5 -0.5 0.5
### Check ### Total Neighbors: 968568894, Avg neighbor count per particle: 121
### Check ### Total time: 0.00135546, current time-step: 7.10226e-05
### Check ### Total energy: 0.999999, (internal: 0.992488, kinetic: 0.00751103, gravitational: 0)
### Check ### Focus Tree Nodes: 150144, maxDepth 6
=== Total time for iteration(53) 10.4383s

# domain::sync: 0.641405s
# FindNeighbors: 2.45497s
# Density: 0.640609s
# EquationOfState: 0.00549139s
# mpi::synchronizeHalos: 0.0520757s
# IAD: 0.876179s
# mpi::synchronizeHalos: 0.0530123s
# MomentumEnergyIAD: 2.39748s
# Timestep: 6.8446e-05s
# UpdateQuantities: 0.0208371s
# UpdateSmoothingLength: 0.0115185s
### Check ### Global Tree Nodes: 512, Particles: 4000000, Halos: 240000
### Check ### Computational domain: -0.5 0.5 -0.5 0.5 -0.5 0.5
### Check ### Total Neighbors: 750126291, Avg neighbor count per particle: 93
### Check ### Total time: 0.00142701, current time-step: 7.1548e-05
### Check ### Total energy: 0.999999, (internal: 0.991701, kinetic: 0.00829792, gravitational: 0)
### Check ### Focus Tree Nodes: 150144, maxDepth 6
=== Total time for iteration(54) 7.15366s

# domain::sync: 0.645381s
# FindNeighbors: 2.48193s
# Density: 0.641971s
# EquationOfState: 0.00547534s
# mpi::synchronizeHalos: 0.0530193s
# IAD: 0.882459s
# mpi::synchronizeHalos: 0.0516041s
# MomentumEnergyIAD: 2.41302s
# Timestep: 6.4458e-05s
# UpdateQuantities: 0.0208974s
# UpdateSmoothingLength: 0.0114872s
### Check ### Global Tree Nodes: 512, Particles: 4000000, Halos: 240000
### Check ### Computational domain: -0.5 0.5 -0.5 0.5 -0.5 0.5
### Check ### Total Neighbors: 749991042, Avg neighbor count per particle: 93
### Check ### Total time: 0.00149864, current time-step: 7.16328e-05
### Check ### Total energy: 0.999998, (internal: 0.990877, kinetic: 0.00912096, gravitational: 0)
### Check ### Focus Tree Nodes: 150144, maxDepth 6
=== Total time for iteration(55) 7.20731s

# domain::sync: 0.637507s
# FindNeighbors: 2.46739s
# Density: 0.637879s
# EquationOfState: 0.00546829s
# mpi::synchronizeHalos: 0.0593674s
# IAD: 0.871253s
# mpi::synchronizeHalos: 0.0675437s
# MomentumEnergyIAD: 2.33346s
# Timestep: 0.0362381s
# UpdateQuantities: 0.0209056s
# UpdateSmoothingLength: 0.0115181s
### Check ### Global Tree Nodes: 512, Particles: 4000000, Halos: 240000
### Check ### Computational domain: -0.5 0.5 -0.5 0.5 -0.5 0.5
### Check ### Total Neighbors: 747069678, Avg neighbor count per particle: 93
### Check ### Total time: 0.00157134, current time-step: 7.2699e-05
### Check ### Total energy: 0.999998, (internal: 0.990007, kinetic: 0.00999159, gravitational: 0)
### Check ### Focus Tree Nodes: 150144, maxDepth 6
=== Total time for iteration(56) 7.14854s

# domain::sync: 0.64979s
# FindNeighbors: 2.64371s
# Density: 0.82316s
# EquationOfState: 0.00548755s
# mpi::synchronizeHalos: 0.0539478s
# IAD: 1.14399s
# mpi::synchronizeHalos: 0.0521932s
# MomentumEnergyIAD: 3.91845s
# Timestep: 0.0488603s
# UpdateQuantities: 0.0208585s
# UpdateSmoothingLength: 0.011527s
### Check ### Global Tree Nodes: 512, Particles: 4000000, Halos: 240000
### Check ### Computational domain: -0.5 0.5 -0.5 0.5 -0.5 0.5
### Check ### Total Neighbors: 969288891, Avg neighbor count per particle: 121
### Check ### Total time: 0.00164482, current time-step: 7.34799e-05
### Check ### Total energy: 0.999998, (internal: 0.989091, kinetic: 0.0109069, gravitational: 0)
### Check ### Focus Tree Nodes: 150144, maxDepth 6
=== Total time for iteration(57) 9.37198s

# domain::sync: 0.646456s
# FindNeighbors: 2.45339s
# Density: 0.640453s
# EquationOfState: 0.00546846s
# mpi::synchronizeHalos: 0.0529216s
# IAD: 0.875341s
# mpi::synchronizeHalos: 0.0532961s
# MomentumEnergyIAD: 2.36321s
# Timestep: 0.0392131s
# UpdateQuantities: 0.0208776s
# UpdateSmoothingLength: 0.0114955s
### Check ### Global Tree Nodes: 512, Particles: 4000000, Halos: 240000
### Check ### Computational domain: -0.5 0.5 -0.5 0.5 -0.5 0.5
### Check ### Total Neighbors: 749417409, Avg neighbor count per particle: 93
### Check ### Total time: 0.00171825, current time-step: 7.34291e-05
### Check ### Total energy: 0.999998, (internal: 0.988142, kinetic: 0.0118563, gravitational: 0)
### Check ### Focus Tree Nodes: 150144, maxDepth 6
=== Total time for iteration(58) 7.16213s

# domain::sync: 0.645182s
# FindNeighbors: 2.46452s
# Density: 0.640464s
# EquationOfState: 0.00534459s
# mpi::synchronizeHalos: 0.0522152s
# IAD: 0.874589s
# mpi::synchronizeHalos: 0.0525496s
# MomentumEnergyIAD: 2.36059s
# Timestep: 6.2151e-05s
# UpdateQuantities: 0.0208345s
# UpdateSmoothingLength: 0.0115167s
### Check ### Global Tree Nodes: 512, Particles: 4000000, Halos: 240000
### Check ### Computational domain: -0.5 0.5 -0.5 0.5 -0.5 0.5
### Check ### Total Neighbors: 749924877, Avg neighbor count per particle: 93
### Check ### Total time: 0.00179191, current time-step: 7.36559e-05
### Check ### Total energy: 0.999998, (internal: 0.987155, kinetic: 0.0128426, gravitational: 0)
### Check ### Focus Tree Nodes: 150144, maxDepth 6
=== Total time for iteration(59) 7.12788s

# domain::sync: 0.643231s
# FindNeighbors: 2.49257s
# Density: 0.638002s
# EquationOfState: 0.00548224s
# mpi::synchronizeHalos: 0.0524912s
# IAD: 0.871236s
# mpi::synchronizeHalos: 0.0639807s
# MomentumEnergyIAD: 2.38105s
# Timestep: 6.3411e-05s
# UpdateQuantities: 0.020854s
# UpdateSmoothingLength: 0.0115113s
### Check ### Global Tree Nodes: 512, Particles: 4000000, Halos: 240000
### Check ### Computational domain: -0.5 0.5 -0.5 0.5 -0.5 0.5
### Check ### Total Neighbors: 747278175, Avg neighbor count per particle: 93
### Check ### Total time: 0.00186569, current time-step: 7.37876e-05
### Check ### Total energy: 0.999997, (internal: 0.986133, kinetic: 0.013864, gravitational: 0)
### Check ### Focus Tree Nodes: 150144, maxDepth 6
=== Total time for iteration(60) 7.18048s

# domain::sync: 0.641062s
# FindNeighbors: 2.65158s
# Density: 0.823225s
# EquationOfState: 0.00549619s
# mpi::synchronizeHalos: 0.0524575s
# IAD: 1.13741s
# mpi::synchronizeHalos: 0.0551481s
# MomentumEnergyIAD: 3.43469s
# Timestep: 0.0614764s
# UpdateQuantities: 0.0208776s
# UpdateSmoothingLength: 0.0114842s
### Check ### Global Tree Nodes: 512, Particles: 4000000, Halos: 240000
### Check ### Computational domain: -0.5 0.5 -0.5 0.5 -0.5 0.5
### Check ### Total Neighbors: 969709162, Avg neighbor count per particle: 121
### Check ### Total time: 0.0019398, current time-step: 7.4105e-05
### Check ### Total energy: 0.999997, (internal: 0.985075, kinetic: 0.0149225, gravitational: 0)
### Check ### Focus Tree Nodes: 150144, maxDepth 6
=== Total time for iteration(61) 8.89492s

# domain::sync: 0.647291s
# FindNeighbors: 2.45337s
# Density: 0.639705s
# EquationOfState: 0.0054878s
# mpi::synchronizeHalos: 0.0530371s
# IAD: 0.87406s
# mpi::synchronizeHalos: 0.0523376s
# MomentumEnergyIAD: 2.3355s
# Timestep: 0.0251092s
# UpdateQuantities: 0.0209109s
# UpdateSmoothingLength: 0.0115185s
### Check ### Global Tree Nodes: 512, Particles: 4000000, Halos: 240000
### Check ### Computational domain: -0.5 0.5 -0.5 0.5 -0.5 0.5
### Check ### Total Neighbors: 748931382, Avg neighbor count per particle: 93
### Check ### Total time: 0.00201419, current time-step: 7.43868e-05
### Check ### Total energy: 0.999997, (internal: 0.98398, kinetic: 0.0160171, gravitational: 0)
### Check ### Focus Tree Nodes: 150144, maxDepth 6
=== Total time for iteration(62) 7.11833s

# domain::sync: 0.642362s
# FindNeighbors: 2.46088s
# Density: 0.640607s
# EquationOfState: 0.00549003s
# mpi::synchronizeHalos: 0.0536236s
# IAD: 0.874518s
# mpi::synchronizeHalos: 0.0537495s
# MomentumEnergyIAD: 2.33871s
# Timestep: 0.0202887s
# UpdateQuantities: 0.0209261s
# UpdateSmoothingLength: 0.0115147s
### Check ### Global Tree Nodes: 512, Particles: 4000000, Halos: 240000
### Check ### Computational domain: -0.5 0.5 -0.5 0.5 -0.5 0.5
### Check ### Total Neighbors: 749862698, Avg neighbor count per particle: 93
### Check ### Total time: 0.00208986, current time-step: 7.56767e-05
### Check ### Total energy: 0.999997, (internal: 0.982834, kinetic: 0.0171628, gravitational: 0)
### Check ### Focus Tree Nodes: 150144, maxDepth 6
=== Total time for iteration(63) 7.12268s

# domain::sync: 0.64585s
# FindNeighbors: 2.4725s
# Density: 0.638296s
# EquationOfState: 0.00547432s
# mpi::synchronizeHalos: 0.052925s
# IAD: 0.871193s
# mpi::synchronizeHalos: 0.0521693s
# MomentumEnergyIAD: 2.36871s
# Timestep: 5.7954e-05s
# UpdateQuantities: 0.0209245s
# UpdateSmoothingLength: 0.0114919s
### Check ### Global Tree Nodes: 512, Particles: 4000000, Halos: 241620
### Check ### Computational domain: -0.5 0.5 -0.5 0.5 -0.5 0.5
### Check ### Total Neighbors: 747441417, Avg neighbor count per particle: 93
### Check ### Total time: 0.00216665, current time-step: 7.67902e-05
### Check ### Total energy: 0.999996, (internal: 0.981639, kinetic: 0.0183574, gravitational: 0)
### Check ### Focus Tree Nodes: 150144, maxDepth 6
=== Total time for iteration(64) 7.13963s

# domain::sync: 0.639791s
# FindNeighbors: 2.67901s
# Density: 0.823192s
# EquationOfState: 0.00548124s
# mpi::synchronizeHalos: 0.0533041s
# IAD: 1.13329s
# mpi::synchronizeHalos: 0.0709408s
# MomentumEnergyIAD: 3.48563s
# Timestep: 6.2978e-05s
# UpdateQuantities: 0.0208876s
# UpdateSmoothingLength: 0.0115353s
### Check ### Global Tree Nodes: 512, Particles: 4000000, Halos: 241728
### Check ### Computational domain: -0.5 0.5 -0.5 0.5 -0.5 0.5
### Check ### Total Neighbors: 969932112, Avg neighbor count per particle: 121
### Check ### Total time: 0.00224284, current time-step: 7.61894e-05
### Check ### Total energy: 0.999996, (internal: 0.980423, kinetic: 0.0195734, gravitational: 0)
### Check ### Focus Tree Nodes: 150144, maxDepth 6
=== Total time for iteration(65) 8.92313s

# domain::sync: 0.638802s
# FindNeighbors: 2.45574s
# Density: 0.639605s
# EquationOfState: 0.0054782s
# mpi::synchronizeHalos: 0.058698s
# IAD: 0.873887s
# mpi::synchronizeHalos: 0.05644s
# MomentumEnergyIAD: 2.36351s
# Timestep: 0.0387304s
# UpdateQuantities: 0.0209071s
# UpdateSmoothingLength: 0.0114958s
### Check ### Global Tree Nodes: 512, Particles: 4000000, Halos: 241728
### Check ### Computational domain: -0.5 0.5 -0.5 0.5 -0.5 0.5
### Check ### Total Neighbors: 749037285, Avg neighbor count per particle: 93
### Check ### Total time: 0.00231915, current time-step: 7.63101e-05
### Check ### Total energy: 0.999996, (internal: 0.979174, kinetic: 0.0208214, gravitational: 0)
### Check ### Focus Tree Nodes: 150144, maxDepth 6
=== Total time for iteration(66) 7.16331s

# domain::sync: 0.639604s
# FindNeighbors: 2.46596s
# Density: 0.640751s
# EquationOfState: 0.00551216s
# mpi::synchronizeHalos: 0.0526431s
# IAD: 0.87379s
# mpi::synchronizeHalos: 0.0540177s
# MomentumEnergyIAD: 2.35169s
# Timestep: 0.0515228s
# UpdateQuantities: 0.0208971s
# UpdateSmoothingLength: 0.0114946s
### Check ### Global Tree Nodes: 512, Particles: 4000000, Halos: 242376
### Check ### Computational domain: -0.5 0.5 -0.5 0.5 -0.5 0.5
### Check ### Total Neighbors: 749396196, Avg neighbor count per particle: 93
### Check ### Total time: 0.00239643, current time-step: 7.72798e-05
### Check ### Total energy: 0.999995, (internal: 0.977881, kinetic: 0.0221148, gravitational: 0)
### Check ### Focus Tree Nodes: 150144, maxDepth 6
=== Total time for iteration(67) 7.16789s

# domain::sync: 0.650294s
# FindNeighbors: 2.46907s
# Density: 0.638498s
# EquationOfState: 0.00549606s
# mpi::synchronizeHalos: 0.0622434s
# IAD: 0.870902s
# mpi::synchronizeHalos: 0.0536374s
# MomentumEnergyIAD: 2.32345s
# Timestep: 0.00496522s
# UpdateQuantities: 0.0208659s
# UpdateSmoothingLength: 0.0114868s
### Check ### Global Tree Nodes: 512, Particles: 4000000, Halos: 242592
### Check ### Computational domain: -0.5 0.5 -0.5 0.5 -0.5 0.5
### Check ### Total Neighbors: 747519549, Avg neighbor count per particle: 93
### Check ### Total time: 0.00247487, current time-step: 7.84359e-05
### Check ### Total energy: 0.999995, (internal: 0.976538, kinetic: 0.023457, gravitational: 0)
### Check ### Focus Tree Nodes: 150144, maxDepth 6
=== Total time for iteration(68) 7.11091s

# domain::sync: 0.646969s
# FindNeighbors: 2.66043s
# Density: 0.823855s
# EquationOfState: 0.00549016s
# mpi::synchronizeHalos: 0.0525187s
# IAD: 1.12948s
# mpi::synchronizeHalos: 0.0538842s
# MomentumEnergyIAD: 3.33675s
# Timestep: 6.4291e-05s
# UpdateQuantities: 0.0208109s
# UpdateSmoothingLength: 0.011486s
### Check ### Global Tree Nodes: 512, Particles: 4000000, Halos: 242592
### Check ### Computational domain: -0.5 0.5 -0.5 0.5 -0.5 0.5
### Check ### Total Neighbors: 970208717, Avg neighbor count per particle: 121
### Check ### Total time: 0.00255427, current time-step: 7.94041e-05
### Check ### Total energy: 0.999995, (internal: 0.97515, kinetic: 0.0248447, gravitational: 0)
### Check ### Focus Tree Nodes: 150144, maxDepth 6
=== Total time for iteration(69) 8.74174s

# domain::sync: 0.640349s
# FindNeighbors: 2.47965s
# Density: 0.642234s
# EquationOfState: 0.00549936s
# mpi::synchronizeHalos: 0.0540696s
# IAD: 0.881189s
# mpi::synchronizeHalos: 0.0528807s
# MomentumEnergyIAD: 2.39108s
# Timestep: 0.00468239s
# UpdateQuantities: 0.0208659s
# UpdateSmoothingLength: 0.0115028s
### Check ### Global Tree Nodes: 512, Particles: 4000000, Halos: 242592
### Check ### Computational domain: -0.5 0.5 -0.5 0.5 -0.5 0.5
### Check ### Total Neighbors: 748821592, Avg neighbor count per particle: 93
### Check ### Total time: 0.00263474, current time-step: 8.04712e-05
### Check ### Total energy: 0.999995, (internal: 0.973715, kinetic: 0.0262798, gravitational: 0)
### Check ### Focus Tree Nodes: 150144, maxDepth 6
=== Total time for iteration(70) 7.18401s

# domain::sync: 0.647731s
# FindNeighbors: 2.46562s
# Density: 0.639484s
# EquationOfState: 0.00539333s
# mpi::synchronizeHalos: 0.0590888s
# IAD: 0.8731s
# mpi::synchronizeHalos: 0.0606273s
# MomentumEnergyIAD: 2.3081s
# Timestep: 0.0492424s
# UpdateQuantities: 0.0209268s
# UpdateSmoothingLength: 0.0114919s
### Check ### Global Tree Nodes: 512, Particles: 4000000, Halos: 243348
### Check ### Computational domain: -0.5 0.5 -0.5 0.5 -0.5 0.5
### Check ### Total Neighbors: 749088392, Avg neighbor count per particle: 93
### Check ### Total time: 0.00271572, current time-step: 8.0975e-05
### Check ### Total energy: 0.999995, (internal: 0.972243, kinetic: 0.0277518, gravitational: 0)
### Check ### Focus Tree Nodes: 150144, maxDepth 6
=== Total time for iteration(71) 7.14081s

# domain::sync: 0.639814s
# FindNeighbors: 2.47001s
# Density: 0.639636s
# EquationOfState: 0.00548705s
# mpi::synchronizeHalos: 0.0531574s
# IAD: 0.871217s
# mpi::synchronizeHalos: 0.0532503s
# MomentumEnergyIAD: 2.31704s
# Timestep: 0.0327063s
# UpdateQuantities: 0.0209205s
# UpdateSmoothingLength: 0.011517s
### Check ### Global Tree Nodes: 512, Particles: 4000000, Halos: 243564
### Check ### Computational domain: -0.5 0.5 -0.5 0.5 -0.5 0.5
### Check ### Total Neighbors: 747955877, Avg neighbor count per particle: 93
### Check ### Total time: 0.00279745, current time-step: 8.17364e-05
### Check ### Total energy: 0.999994, (internal: 0.970729, kinetic: 0.029265, gravitational: 0)
### Check ### Focus Tree Nodes: 150144, maxDepth 6
=== Total time for iteration(72) 7.11476s

# domain::sync: 0.651377s
# FindNeighbors: 2.6544s
# Density: 0.824665s
# EquationOfState: 0.0054867s
# mpi::synchronizeHalos: 0.0545539s
# IAD: 1.12867s
# mpi::synchronizeHalos: 0.0531094s
# MomentumEnergyIAD: 3.2927s
# Timestep: 0.0100061s
# UpdateQuantities: 0.0208788s
# UpdateSmoothingLength: 0.0115124s
### Check ### Global Tree Nodes: 512, Particles: 4000000, Halos: 243564
### Check ### Computational domain: -0.5 0.5 -0.5 0.5 -0.5 0.5
### Check ### Total Neighbors: 970319250, Avg neighbor count per particle: 121
### Check ### Total time: 0.00287868, current time-step: 8.12242e-05
### Check ### Total energy: 0.999994, (internal: 0.969199, kinetic: 0.0307945, gravitational: 0)
### Check ### Focus Tree Nodes: 150144, maxDepth 6
=== Total time for iteration(73) 8.70737s

# domain::sync: 0.644961s
# FindNeighbors: 2.46155s
# Density: 0.639558s
# EquationOfState: 0.00549259s
# mpi::synchronizeHalos: 0.0528189s
# IAD: 0.872885s
# mpi::synchronizeHalos: 0.054417s
# MomentumEnergyIAD: 2.40498s
# Timestep: 5.7815e-05s
# UpdateQuantities: 0.0208274s
# UpdateSmoothingLength: 0.0114851s
### Check ### Global Tree Nodes: 512, Particles: 4000000, Halos: 243564
### Check ### Computational domain: -0.5 0.5 -0.5 0.5 -0.5 0.5
### Check ### Total Neighbors: 748833479, Avg neighbor count per particle: 93
### Check ### Total time: 0.00296092, current time-step: 8.22455e-05
### Check ### Total energy: 0.999994, (internal: 0.967625, kinetic: 0.0323688, gravitational: 0)
### Check ### Focus Tree Nodes: 150144, maxDepth 6
=== Total time for iteration(74) 7.16904s

# domain::sync: 0.655931s
# FindNeighbors: 2.48847s
# Density: 0.641596s
# EquationOfState: 0.005483s
# mpi::synchronizeHalos: 0.0538453s
# IAD: 0.878693s
# mpi::synchronizeHalos: 0.053117s
# MomentumEnergyIAD: 2.41432s
# Timestep: 5.8395e-05s
# UpdateQuantities: 0.0208756s
# UpdateSmoothingLength: 0.0115049s
### Check ### Global Tree Nodes: 512, Particles: 4000000, Halos: 243564
### Check ### Computational domain: -0.5 0.5 -0.5 0.5 -0.5 0.5
### Check ### Total Neighbors: 748802298, Avg neighbor count per particle: 93
### Check ### Total time: 0.00304412, current time-step: 8.31943e-05
### Check ### Total energy: 0.999993, (internal: 0.966007, kinetic: 0.033986, gravitational: 0)
### Check ### Focus Tree Nodes: 150144, maxDepth 6
=== Total time for iteration(75) 7.2239s

# domain::sync: 0.656088s
# FindNeighbors: 2.63688s
# Density: 0.821248s
# EquationOfState: 0.00548181s
# mpi::synchronizeHalos: 0.058876s
# IAD: 1.13666s
# mpi::synchronizeHalos: 0.0680416s
# MomentumEnergyIAD: 8.54703s
# Timestep: 0.034149s
# UpdateQuantities: 0.0208956s
# UpdateSmoothingLength: 0.0114908s
### Check ### Global Tree Nodes: 512, Particles: 4000000, Halos: 243780
### Check ### Computational domain: -0.5 0.5 -0.5 0.5 -0.5 0.5
### Check ### Total Neighbors: 966841284, Avg neighbor count per particle: 120
### Check ### Total time: 0.00312829, current time-step: 8.41663e-05
### Check ### Total energy: 0.999993, (internal: 0.964347, kinetic: 0.0356462, gravitational: 0)
### Check ### Focus Tree Nodes: 150144, maxDepth 6
=== Total time for iteration(76) 13.9969s

# domain::sync: 0.655756s
# FindNeighbors: 2.45056s
# Density: 0.64074s
# EquationOfState: 0.00547166s
# mpi::synchronizeHalos: 0.0551372s
# IAD: 0.875232s
# mpi::synchronizeHalos: 0.0530749s
# MomentumEnergyIAD: 2.35801s
# Timestep: 0.0244673s
# UpdateQuantities: 0.0211459s
# UpdateSmoothingLength: 0.0114944s
### Check ### Global Tree Nodes: 512, Particles: 4000000, Halos: 243780
### Check ### Computational domain: -0.5 0.5 -0.5 0.5 -0.5 0.5
### Check ### Total Neighbors: 750375012, Avg neighbor count per particle: 93
### Check ### Total time: 0.00321298, current time-step: 8.4698e-05
### Check ### Total energy: 0.999993, (internal: 0.962653, kinetic: 0.03734, gravitational: 0)
### Check ### Focus Tree Nodes: 150144, maxDepth 6
=== Total time for iteration(77) 7.1511s

# domain::sync: 0.652485s
# FindNeighbors: 2.45725s
# Density: 0.639266s
# EquationOfState: 0.00543208s
# mpi::synchronizeHalos: 0.0539625s
# IAD: 0.872868s
# mpi::synchronizeHalos: 0.0546423s
# MomentumEnergyIAD: 2.30847s
# Timestep: 0.0320809s
# UpdateQuantities: 0.0208979s
# UpdateSmoothingLength: 0.011519s
### Check ### Global Tree Nodes: 512, Particles: 4000000, Halos: 243780
### Check ### Computational domain: -0.5 0.5 -0.5 0.5 -0.5 0.5
### Check ### Total Neighbors: 748730745, Avg neighbor count per particle: 93
### Check ### Total time: 0.00329887, current time-step: 8.58858e-05
### Check ### Total energy: 0.999993, (internal: 0.960912, kinetic: 0.0390804, gravitational: 0)
### Check ### Focus Tree Nodes: 150144, maxDepth 6
=== Total time for iteration(78) 7.10888s

# domain::sync: 0.650141s
# FindNeighbors: 2.46998s
# Density: 0.640693s
# EquationOfState: 0.00550499s
# mpi::synchronizeHalos: 0.0531454s
# IAD: 0.874009s
# mpi::synchronizeHalos: 0.0526764s
# MomentumEnergyIAD: 2.35255s
# Timestep: 0.00849332s
# UpdateQuantities: 0.0208175s
# UpdateSmoothingLength: 0.0114937s
### Check ### Global Tree Nodes: 512, Particles: 4000000, Halos: 244644
### Check ### Computational domain: -0.5 0.5 -0.5 0.5 -0.5 0.5
### Check ### Total Neighbors: 750131046, Avg neighbor count per particle: 93
### Check ### Total time: 0.00338542, current time-step: 8.65534e-05
### Check ### Total energy: 0.999992, (internal: 0.959136, kinetic: 0.040856, gravitational: 0)
### Check ### Focus Tree Nodes: 150144, maxDepth 6
=== Total time for iteration(79) 7.13952s

# domain::sync: 0.653158s
# FindNeighbors: 2.66543s
# Density: 0.82052s
# EquationOfState: 0.00547521s
# mpi::synchronizeHalos: 0.0534085s
# IAD: 1.14728s
# mpi::synchronizeHalos: 0.0608157s
# MomentumEnergyIAD: 4.55728s
# Timestep: 0.00344825s
# UpdateQuantities: 0.0208554s
# UpdateSmoothingLength: 0.0114818s
### Check ### Global Tree Nodes: 512, Particles: 4000000, Halos: 244644
### Check ### Computational domain: -0.5 0.5 -0.5 0.5 -0.5 0.5
### Check ### Total Neighbors: 966490365, Avg neighbor count per particle: 120
### Check ### Total time: 0.00347286, current time-step: 8.74383e-05
### Check ### Total energy: 0.999992, (internal: 0.957321, kinetic: 0.0426708, gravitational: 0)
### Check ### Focus Tree Nodes: 150144, maxDepth 6
=== Total time for iteration(80) 9.99915s

# domain::sync: 0.64668s
# FindNeighbors: 2.45246s
# Density: 0.641032s
# EquationOfState: 0.00548465s
# mpi::synchronizeHalos: 0.0591245s
# IAD: 0.875895s
# mpi::synchronizeHalos: 0.0638985s
# MomentumEnergyIAD: 2.36295s
# Timestep: 0.0430729s
# UpdateQuantities: 0.0209317s
# UpdateSmoothingLength: 0.0114935s
### Check ### Global Tree Nodes: 512, Particles: 4000000, Halos: 244644
### Check ### Computational domain: -0.5 0.5 -0.5 0.5 -0.5 0.5
### Check ### Total Neighbors: 750888933, Avg neighbor count per particle: 93
### Check ### Total time: 0.00356085, current time-step: 8.79892e-05
### Check ### Total energy: 0.999992, (internal: 0.955475, kinetic: 0.0445169, gravitational: 0)
### Check ### Focus Tree Nodes: 150144, maxDepth 6
=== Total time for iteration(81) 7.18303s

# domain::sync: 0.65313s
# FindNeighbors: 2.45663s
# Density: 0.639313s
# EquationOfState: 0.00549222s
# mpi::synchronizeHalos: 0.0552632s
# IAD: 0.873119s
# mpi::synchronizeHalos: 0.0534423s
# MomentumEnergyIAD: 2.33835s
# Timestep: 0.0170559s
# UpdateQuantities: 0.0209037s
# UpdateSmoothingLength: 0.011493s
### Check ### Global Tree Nodes: 512, Particles: 4000000, Halos: 244860
### Check ### Computational domain: -0.5 0.5 -0.5 0.5 -0.5 0.5
### Check ### Total Neighbors: 748721988, Avg neighbor count per particle: 93
### Check ### Total time: 0.00364969, current time-step: 8.88443e-05
### Check ### Total energy: 0.999991, (internal: 0.953591, kinetic: 0.0464001, gravitational: 0)
### Check ### Focus Tree Nodes: 150144, maxDepth 6
=== Total time for iteration(82) 7.1242s

# domain::sync: 0.651658s
# FindNeighbors: 2.47116s
# Density: 0.641604s
# EquationOfState: 0.0054719s
# mpi::synchronizeHalos: 0.0608211s
# IAD: 0.874592s
# mpi::synchronizeHalos: 0.0547198s
# MomentumEnergyIAD: 2.34402s
# Timestep: 0.0129884s
# UpdateQuantities: 0.0209187s
# UpdateSmoothingLength: 0.0114847s
### Check ### Global Tree Nodes: 512, Particles: 4000000, Halos: 244968
### Check ### Computational domain: -0.5 0.5 -0.5 0.5 -0.5 0.5
### Check ### Total Neighbors: 750624666, Avg neighbor count per particle: 93
### Check ### Total time: 0.00373851, current time-step: 8.88188e-05
### Check ### Total energy: 0.999991, (internal: 0.95169, kinetic: 0.0483006, gravitational: 0)
### Check ### Focus Tree Nodes: 150144, maxDepth 6
=== Total time for iteration(83) 7.14945s

# domain::sync: 0.653427s
# FindNeighbors: 2.64768s
# Density: 0.820409s
# EquationOfState: 0.00550409s
# mpi::synchronizeHalos: 0.0532079s
# IAD: 1.1356s
# mpi::synchronizeHalos: 0.0541391s
# MomentumEnergyIAD: 3.62651s
# Timestep: 6.6157e-05s
# UpdateQuantities: 0.0208448s
# UpdateSmoothingLength: 0.0115198s
### Check ### Global Tree Nodes: 512, Particles: 4000000, Halos: 244968
### Check ### Computational domain: -0.5 0.5 -0.5 0.5 -0.5 0.5
### Check ### Total Neighbors: 965534210, Avg neighbor count per particle: 120
### Check ### Total time: 0.00382818, current time-step: 8.96666e-05
### Check ### Total energy: 0.999991, (internal: 0.949754, kinetic: 0.0502363, gravitational: 0)
### Check ### Focus Tree Nodes: 150144, maxDepth 6
=== Total time for iteration(84) 9.02892s

# domain::sync: 0.654416s
# FindNeighbors: 2.47851s
# Density: 0.641428s
# EquationOfState: 0.00547624s
# mpi::synchronizeHalos: 0.053068s
# IAD: 0.875087s
# mpi::synchronizeHalos: 0.0654973s
# MomentumEnergyIAD: 2.43965s
# Timestep: 6.2948e-05s
# UpdateQuantities: 0.0208561s
# UpdateSmoothingLength: 0.0114877s
### Check ### Global Tree Nodes: 512, Particles: 4000000, Halos: 244968
### Check ### Computational domain: -0.5 0.5 -0.5 0.5 -0.5 0.5
### Check ### Total Neighbors: 750721824, Avg neighbor count per particle: 93
### Check ### Total time: 0.00391874, current time-step: 9.05561e-05
### Check ### Total energy: 0.999991, (internal: 0.947783, kinetic: 0.0522074, gravitational: 0)
### Check ### Focus Tree Nodes: 150144, maxDepth 6
=== Total time for iteration(85) 7.24555s

# domain::sync: 0.6503s
# FindNeighbors: 2.4615s
# Density: 0.63996s
# EquationOfState: 0.00547997s
# mpi::synchronizeHalos: 0.0594607s
# IAD: 0.873895s
# mpi::synchronizeHalos: 0.0565734s
# MomentumEnergyIAD: 2.32786s
# Timestep: 0.0374366s
# UpdateQuantities: 0.0209258s
# UpdateSmoothingLength: 0.011525s
### Check ### Global Tree Nodes: 512, Particles: 4000000, Halos: 245616
### Check ### Computational domain: -0.5 0.5 -0.5 0.5 -0.5 0.5
### Check ### Total Neighbors: 749687972, Avg neighbor count per particle: 93
### Check ### Total time: 0.00400994, current time-step: 9.12056e-05
### Check ### Total energy: 0.99999, (internal: 0.945783, kinetic: 0.0542077, gravitational: 0)
### Check ### Focus Tree Nodes: 150144, maxDepth 6
=== Total time for iteration(86) 7.14492s

# domain::sync: 0.651683s
# FindNeighbors: 2.47112s
# Density: 0.640876s
# EquationOfState: 0.00546405s
# mpi::synchronizeHalos: 0.0547647s
# IAD: 0.873557s
# mpi::synchronizeHalos: 0.053806s
# MomentumEnergyIAD: 2.30378s
# Timestep: 0.0466857s
# UpdateQuantities: 0.0209033s
# UpdateSmoothingLength: 0.0114992s
### Check ### Global Tree Nodes: 512, Particles: 4000000, Halos: 245796
### Check ### Computational domain: -0.5 0.5 -0.5 0.5 -0.5 0.5
### Check ### Total Neighbors: 750539200, Avg neighbor count per particle: 93
### Check ### Total time: 0.00410234, current time-step: 9.23958e-05
### Check ### Total energy: 0.99999, (internal: 0.943742, kinetic: 0.0562485, gravitational: 0)
### Check ### Focus Tree Nodes: 150144, maxDepth 6
=== Total time for iteration(87) 7.13414s

# domain::sync: 0.653469s
# FindNeighbors: 2.64302s
# Density: 0.819857s
# EquationOfState: 0.00547286s
# mpi::synchronizeHalos: 0.0541669s
# IAD: 1.12972s
# mpi::synchronizeHalos: 0.0530994s
# MomentumEnergyIAD: 3.36502s
# Timestep: 0.0128237s
# UpdateQuantities: 0.0209575s
# UpdateSmoothingLength: 0.0114965s
### Check ### Global Tree Nodes: 512, Particles: 4000000, Halos: 245952
### Check ### Computational domain: -0.5 0.5 -0.5 0.5 -0.5 0.5
### Check ### Total Neighbors: 965008417, Avg neighbor count per particle: 120
### Check ### Total time: 0.00419392, current time-step: 9.15842e-05
### Check ### Total energy: 0.999989, (internal: 0.941706, kinetic: 0.0582837, gravitational: 0)
### Check ### Focus Tree Nodes: 150144, maxDepth 6
=== Total time for iteration(88) 8.7691s

# domain::sync: 0.646286s
# FindNeighbors: 2.45978s
# Density: 0.641438s
# EquationOfState: 0.00549373s
# mpi::synchronizeHalos: 0.0533787s
# IAD: 0.874529s
# mpi::synchronizeHalos: 0.0541616s
# MomentumEnergyIAD: 2.36327s
# Timestep: 0.0109202s
# UpdateQuantities: 0.0208356s
# UpdateSmoothingLength: 0.0114914s
### Check ### Global Tree Nodes: 512, Particles: 4000000, Halos: 245884
### Check ### Computational domain: -0.5 0.5 -0.5 0.5 -0.5 0.5
### Check ### Total Neighbors: 750762524, Avg neighbor count per particle: 93
### Check ### Total time: 0.00428763, current time-step: 9.37047e-05
### Check ### Total energy: 0.99999, (internal: 0.939611, kinetic: 0.060379, gravitational: 0)
### Check ### Focus Tree Nodes: 150144, maxDepth 6
=== Total time for iteration(89) 7.1416s

# domain::sync: 0.659284s
# FindNeighbors: 2.48451s
# Density: 0.640083s
# EquationOfState: 0.00545325s
# mpi::synchronizeHalos: 0.0538836s
# IAD: 0.872503s
# mpi::synchronizeHalos: 0.0663513s
# MomentumEnergyIAD: 2.39042s
# Timestep: 6.1282e-05s
# UpdateQuantities: 0.0208886s
# UpdateSmoothingLength: 0.011517s
### Check ### Global Tree Nodes: 512, Particles: 4000000, Halos: 245832
### Check ### Computational domain: -0.5 0.5 -0.5 0.5 -0.5 0.5
### Check ### Total Neighbors: 749341101, Avg neighbor count per particle: 93
### Check ### Total time: 0.00438277, current time-step: 9.51467e-05
### Check ### Total energy: 0.99999, (internal: 0.937472, kinetic: 0.0625178, gravitational: 0)
### Check ### Focus Tree Nodes: 150144, maxDepth 6
=== Total time for iteration(90) 7.20506s

# domain::sync: 0.656954s
# FindNeighbors: 2.47289s
# Density: 0.640977s
# EquationOfState: 0.00547427s
# mpi::synchronizeHalos: 0.0582674s
# IAD: 0.873944s
# mpi::synchronizeHalos: 0.05796s
# MomentumEnergyIAD: 2.33231s
# Timestep: 0.0400461s
# UpdateQuantities: 0.0209834s
# UpdateSmoothingLength: 0.0114897s
### Check ### Global Tree Nodes: 512, Particles: 4000000, Halos: 245772
### Check ### Computational domain: -0.5 0.5 -0.5 0.5 -0.5 0.5
### Check ### Total Neighbors: 750961207, Avg neighbor count per particle: 93
### Check ### Total time: 0.00447897, current time-step: 9.61964e-05
### Check ### Total energy: 0.999989, (internal: 0.935299, kinetic: 0.0646905, gravitational: 0)
### Check ### Focus Tree Nodes: 150144, maxDepth 6
=== Total time for iteration(91) 7.17131s

# domain::sync: 0.654231s
# FindNeighbors: 2.64897s
# Density: 0.819454s
# EquationOfState: 0.00547459s
# mpi::synchronizeHalos: 0.0550151s
# IAD: 1.12499s
# mpi::synchronizeHalos: 0.0550271s
# MomentumEnergyIAD: 3.31231s
# Timestep: 0.0372391s
# UpdateQuantities: 0.0209103s
# UpdateSmoothingLength: 0.0114977s
### Check ### Global Tree Nodes: 512, Particles: 4000000, Halos: 245716
### Check ### Computational domain: -0.5 0.5 -0.5 0.5 -0.5 0.5
### Check ### Total Neighbors: 964685117, Avg neighbor count per particle: 120
### Check ### Total time: 0.00457622, current time-step: 9.72516e-05
### Check ### Total energy: 0.999989, (internal: 0.933093, kinetic: 0.0668964, gravitational: 0)
### Check ### Focus Tree Nodes: 150144, maxDepth 6
=== Total time for iteration(92) 8.74512s

# domain::sync: 0.648026s
# FindNeighbors: 2.45824s
# Density: 0.641908s
# EquationOfState: 0.00548801s
# mpi::synchronizeHalos: 0.0532551s
# IAD: 0.87499s
# mpi::synchronizeHalos: 0.05292s
# MomentumEnergyIAD: 2.34632s
# Timestep: 0.0102705s
# UpdateQuantities: 0.0208724s
# UpdateSmoothingLength: 0.0114861s
### Check ### Global Tree Nodes: 512, Particles: 4000000, Halos: 245864
### Check ### Computational domain: -0.5 0.5 -0.5 0.5 -0.5 0.5
### Check ### Total Neighbors: 750875537, Avg neighbor count per particle: 93
### Check ### Total time: 0.00467388, current time-step: 9.76567e-05
### Check ### Total energy: 0.999989, (internal: 0.930869, kinetic: 0.0691196, gravitational: 0)
### Check ### Focus Tree Nodes: 150144, maxDepth 6
=== Total time for iteration(93) 7.12378s

# domain::sync: 0.649312s
# FindNeighbors: 2.46846s
# Density: 0.640521s
# EquationOfState: 0.00547238s
# mpi::synchronizeHalos: 0.0533703s
# IAD: 0.872637s
# mpi::synchronizeHalos: 0.0543621s
# MomentumEnergyIAD: 2.39961s
# Timestep: 6.2994e-05s
# UpdateQuantities: 0.0208421s
# UpdateSmoothingLength: 0.0115001s
### Check ### Global Tree Nodes: 512, Particles: 4000000, Halos: 245904
### Check ### Computational domain: -0.5 0.5 -0.5 0.5 -0.5 0.5
### Check ### Total Neighbors: 749424326, Avg neighbor count per particle: 93
### Check ### Total time: 0.00477283, current time-step: 9.89505e-05
### Check ### Total energy: 0.999989, (internal: 0.928609, kinetic: 0.07138, gravitational: 0)
### Check ### Focus Tree Nodes: 150144, maxDepth 6
=== Total time for iteration(94) 7.17616s

# domain::sync: 0.651648s
# FindNeighbors: 2.49577s
# Density: 0.644424s
# EquationOfState: 0.00546935s
# mpi::synchronizeHalos: 0.0539559s
# IAD: 0.882424s
# mpi::synchronizeHalos: 0.053352s
# MomentumEnergyIAD: 2.39009s
# Timestep: 6.1722e-05s
# UpdateQuantities: 0.0208512s
# UpdateSmoothingLength: 0.0115235s
### Check ### Global Tree Nodes: 512, Particles: 4000000, Halos: 245824
### Check ### Computational domain: -0.5 0.5 -0.5 0.5 -0.5 0.5
### Check ### Total Neighbors: 750903714, Avg neighbor count per particle: 93
### Check ### Total time: 0.00487298, current time-step: 0.00010015
### Check ### Total energy: 0.999989, (internal: 0.926315, kinetic: 0.073674, gravitational: 0)
### Check ### Focus Tree Nodes: 150144, maxDepth 6
=== Total time for iteration(95) 7.20957s

# domain::sync: 0.655018s
# FindNeighbors: 2.65046s
# Density: 0.819116s
# EquationOfState: 0.00550027s
# mpi::synchronizeHalos: 0.0598337s
# IAD: 1.12303s
# mpi::synchronizeHalos: 0.067915s
# MomentumEnergyIAD: 3.28496s
# Timestep: 0.050602s
# UpdateQuantities: 0.0208744s
# UpdateSmoothingLength: 0.0114982s
### Check ### Global Tree Nodes: 512, Particles: 4000000, Halos: 245700
### Check ### Computational domain: -0.5 0.5 -0.5 0.5 -0.5 0.5
### Check ### Total Neighbors: 964141727, Avg neighbor count per particle: 120
### Check ### Total time: 0.00497435, current time-step: 0.000101376
### Check ### Total energy: 0.999989, (internal: 0.923987, kinetic: 0.0760015, gravitational: 0)
### Check ### Focus Tree Nodes: 150144, maxDepth 6
=== Total time for iteration(96) 8.74881s

# domain::sync: 0.652865s
# FindNeighbors: 2.45921s
# Density: 0.642261s
# EquationOfState: 0.00548663s
# mpi::synchronizeHalos: 0.0540475s
# IAD: 0.875488s
# mpi::synchronizeHalos: 0.0528325s
# MomentumEnergyIAD: 2.33386s
# Timestep: 0.0386147s
# UpdateQuantities: 0.0209069s
# UpdateSmoothingLength: 0.0114833s
### Check ### Global Tree Nodes: 512, Particles: 4000000, Halos: 245812
### Check ### Computational domain: -0.5 0.5 -0.5 0.5 -0.5 0.5
### Check ### Total Neighbors: 751549621, Avg neighbor count per particle: 93
### Check ### Total time: 0.0050767, current time-step: 0.000102347
### Check ### Total energy: 0.999989, (internal: 0.921633, kinetic: 0.0783554, gravitational: 0)
### Check ### Focus Tree Nodes: 150144, maxDepth 6
=== Total time for iteration(97) 7.14706s

# domain::sync: 0.655884s
# FindNeighbors: 2.46648s
# Density: 0.640913s
# EquationOfState: 0.00546193s
# mpi::synchronizeHalos: 0.0534248s
# IAD: 0.872199s
# mpi::synchronizeHalos: 0.0539337s
# MomentumEnergyIAD: 2.3454s
# Timestep: 0.00996827s
# UpdateQuantities: 0.020874s
# UpdateSmoothingLength: 0.0114883s
### Check ### Global Tree Nodes: 512, Particles: 4000000, Halos: 245720
### Check ### Computational domain: -0.5 0.5 -0.5 0.5 -0.5 0.5
### Check ### Total Neighbors: 749425619, Avg neighbor count per particle: 93
### Check ### Total time: 0.00518008, current time-step: 0.000103382
### Check ### Total energy: 0.999989, (internal: 0.919252, kinetic: 0.0807363, gravitational: 0)
### Check ### Focus Tree Nodes: 150144, maxDepth 6
=== Total time for iteration(98) 7.13604s

# domain::sync: 0.652685s
# FindNeighbors: 2.47952s
# Density: 0.641577s
# EquationOfState: 0.00553861s
# mpi::synchronizeHalos: 0.0533993s
# IAD: 0.873898s
# mpi::synchronizeHalos: 0.0545814s
# MomentumEnergyIAD: 2.37195s
# Timestep: 5.5331e-05s
# UpdateQuantities: 0.0208346s
# UpdateSmoothingLength: 0.0115213s
### Check ### Global Tree Nodes: 512, Particles: 4000000, Halos: 245640
### Check ### Computational domain: -0.5 0.5 -0.5 0.5 -0.5 0.5
### Check ### Total Neighbors: 750937472, Avg neighbor count per particle: 93
### Check ### Total time: 0.00528435, current time-step: 0.000104265
### Check ### Total energy: 0.999988, (internal: 0.916849, kinetic: 0.0831397, gravitational: 0)
### Check ### Focus Tree Nodes: 150144, maxDepth 6
=== Total time for iteration(99) 7.16556s

# domain::sync: 0.651339s
# FindNeighbors: 2.67531s
# Density: 0.820292s
# EquationOfState: 0.00548289s
# mpi::synchronizeHalos: 0.0543518s
# IAD: 1.13094s
# mpi::synchronizeHalos: 0.0534641s
# MomentumEnergyIAD: 3.30893s
# Timestep: 6.2471e-05s
# UpdateQuantities: 0.0208649s
# UpdateSmoothingLength: 0.0114922s
### Check ### Global Tree Nodes: 512, Particles: 4000000, Halos: 246640
### Check ### Computational domain: -0.5 0.5 -0.5 0.5 -0.5 0.5
### Check ### Total Neighbors: 964110375, Avg neighbor count per particle: 120
### Check ### Total time: 0.00538953, current time-step: 0.000105185
### Check ### Total energy: 0.999988, (internal: 0.914423, kinetic: 0.0855653, gravitational: 0)
### Check ### Focus Tree Nodes: 150144, maxDepth 6
=== Total time for iteration(100) 8.73253s

# Total execution time of 100 iterations of sedov up to t = 0.005390: 777.459s
real 778.87
user 2990.70
sys 11.59
