130.11

Params:Program: ../sph-exa-build/main/src/sphexa/sphexa
Particles: 100
Timestep: 100
Numthreads: 1
Nodes: 9
# SPHEXA: HEAD/22053277
# 9 MPI-3.1 process(es) with 1 OpenMP-201511 thread(s)/process
Data generated for 1000000 global particles
Domain synchronized, nLocalParticles 164684
# domain::sync: 0.351002s
# FindNeighbors: 0.271542s
# Density: 0.0671811s
# EquationOfState: 0.000600784s
# mpi::synchronizeHalos: 0.22585s
# IAD: 0.0901309s
# mpi::synchronizeHalos: 0.218809s
# MomentumEnergyIAD: 0.209303s
# Timestep: 0.00533824s
# UpdateQuantities: 0.00132026s
# UpdateSmoothingLength: 0.0012439s
### Check ### Global Tree Nodes: 4096, Particles: 111151, Halos: 53533
### Check ### Computational domain: -0.5 0.5 -0.5 0.5 -0.5 0.5
### Check ### Total Neighbors: 93000000, Avg neighbor count per particle: 93
### Check ### Total time: 1.1e-06, current time-step: 1.1e-06
### Check ### Total energy: 1, (internal: 1, kinetic: 1.06507e-08, gravitational: 0)
### Check ### Focus Tree Nodes: 8821, maxDepth 5
=== Total time for iteration(1) 1.44232s

# domain::sync: 0.349255s
# FindNeighbors: 0.268236s
# Density: 0.0669649s
# EquationOfState: 0.000601104s
# mpi::synchronizeHalos: 0.0321304s
# IAD: 0.0921345s
# mpi::synchronizeHalos: 0.0324433s
# MomentumEnergyIAD: 0.253743s
# Timestep: 0.198156s
# UpdateQuantities: 0.00129397s
# UpdateSmoothingLength: 0.00124107s
### Check ### Global Tree Nodes: 4096, Particles: 111151, Halos: 53533
### Check ### Computational domain: -0.5 0.5 -0.5 0.5 -0.5 0.5
### Check ### Total Neighbors: 93000000, Avg neighbor count per particle: 93
### Check ### Total time: 2.31e-06, current time-step: 1.21e-06
### Check ### Total energy: 1, (internal: 1, kinetic: 3.28473e-08, gravitational: 0)
### Check ### Focus Tree Nodes: 8821, maxDepth 5
=== Total time for iteration(2) 1.2962s

# domain::sync: 0.142176s
# FindNeighbors: 0.269363s
# Density: 0.0673424s
# EquationOfState: 0.00060154s
# mpi::synchronizeHalos: 0.238139s
# IAD: 0.0923925s
# mpi::synchronizeHalos: 0.0296059s
# MomentumEnergyIAD: 0.246872s
# Timestep: 0.0131135s
# UpdateQuantities: 0.00129134s
# UpdateSmoothingLength: 0.0012425s
### Check ### Global Tree Nodes: 4096, Particles: 111155, Halos: 53529
### Check ### Computational domain: -0.5 0.5 -0.5 0.5 -0.5 0.5
### Check ### Total Neighbors: 93000000, Avg neighbor count per particle: 93
### Check ### Total time: 3.641e-06, current time-step: 1.331e-06
### Check ### Total energy: 1, (internal: 1, kinetic: 7.13259e-08, gravitational: 0)
### Check ### Focus Tree Nodes: 8821, maxDepth 5
=== Total time for iteration(3) 1.10214s

# domain::sync: 0.362215s
# FindNeighbors: 0.270718s
# Density: 0.0670317s
# EquationOfState: 0.000598226s
# mpi::synchronizeHalos: 0.0381445s
# IAD: 0.0922257s
# mpi::synchronizeHalos: 0.108389s
# MomentumEnergyIAD: 0.243609s
# Timestep: 0.093856s
# UpdateQuantities: 0.0012925s
# UpdateSmoothingLength: 0.00124131s
### Check ### Global Tree Nodes: 4096, Particles: 111163, Halos: 53521
### Check ### Computational domain: -0.5 0.5 -0.5 0.5 -0.5 0.5
### Check ### Total Neighbors: 93000000, Avg neighbor count per particle: 93
### Check ### Total time: 5.1051e-06, current time-step: 1.4641e-06
### Check ### Total energy: 1, (internal: 1, kinetic: 1.30663e-07, gravitational: 0)
### Check ### Focus Tree Nodes: 8821, maxDepth 5
=== Total time for iteration(4) 1.27932s

# domain::sync: 0.310683s
# FindNeighbors: 0.272647s
# Density: 0.0670218s
# EquationOfState: 0.000603217s
# mpi::synchronizeHalos: 0.0495452s
# IAD: 0.0923684s
# mpi::synchronizeHalos: 0.0258728s
# MomentumEnergyIAD: 0.242889s
# Timestep: 0.168055s
# UpdateQuantities: 0.00129741s
# UpdateSmoothingLength: 0.00124381s
### Check ### Global Tree Nodes: 4096, Particles: 111173, Halos: 53511
### Check ### Computational domain: -0.5 0.5 -0.5 0.5 -0.5 0.5
### Check ### Total Neighbors: 93000000, Avg neighbor count per particle: 93
### Check ### Total time: 6.71561e-06, current time-step: 1.61051e-06
### Check ### Total energy: 1, (internal: 1, kinetic: 2.16511e-07, gravitational: 0)
### Check ### Focus Tree Nodes: 8821, maxDepth 5
=== Total time for iteration(5) 1.23223s

# domain::sync: 0.341042s
# FindNeighbors: 0.272847s
# Density: 0.0672189s
# EquationOfState: 0.000600665s
# mpi::synchronizeHalos: 0.226475s
# IAD: 0.0921569s
# mpi::synchronizeHalos: 0.228397s
# MomentumEnergyIAD: 0.241169s
# Timestep: 0.000859356s
# UpdateQuantities: 0.00128546s
# UpdateSmoothingLength: 0.00124209s
### Check ### Global Tree Nodes: 4096, Particles: 111180, Halos: 53504
### Check ### Computational domain: -0.5 0.5 -0.5 0.5 -0.5 0.5
### Check ### Total Neighbors: 93000000, Avg neighbor count per particle: 93
### Check ### Total time: 8.48717e-06, current time-step: 1.77156e-06
### Check ### Total energy: 1, (internal: 1, kinetic: 3.35833e-07, gravitational: 0)
### Check ### Focus Tree Nodes: 8821, maxDepth 5
=== Total time for iteration(6) 1.4733s

# domain::sync: 0.188851s
# FindNeighbors: 0.293686s
# Density: 0.0883447s
# EquationOfState: 0.00059889s
# mpi::synchronizeHalos: 0.0276517s
# IAD: 0.121298s
# mpi::synchronizeHalos: 0.114647s
# MomentumEnergyIAD: 0.476458s
# Timestep: 0.150817s
# UpdateQuantities: 0.0012928s
# UpdateSmoothingLength: 0.00124252s
### Check ### Global Tree Nodes: 4096, Particles: 111189, Halos: 53495
### Check ### Computational domain: -0.5 0.5 -0.5 0.5 -0.5 0.5
### Check ### Total Neighbors: 123000000, Avg neighbor count per particle: 123
### Check ### Total time: 1.04359e-05, current time-step: 1.94872e-06
### Check ### Total energy: 1, (internal: 1, kinetic: 4.97197e-07, gravitational: 0)
### Check ### Focus Tree Nodes: 8821, maxDepth 5
=== Total time for iteration(7) 1.46489s

# domain::sync: 0.342755s
# FindNeighbors: 0.27143s
# Density: 0.0673952s
# EquationOfState: 0.000600979s
# mpi::synchronizeHalos: 0.0235424s
# IAD: 0.0925463s
# mpi::synchronizeHalos: 0.0847091s
# MomentumEnergyIAD: 0.241923s
# Timestep: 0.0208559s
# UpdateQuantities: 0.00137744s
# UpdateSmoothingLength: 0.00123989s
### Check ### Global Tree Nodes: 4096, Particles: 111193, Halos: 53491
### Check ### Computational domain: -0.5 0.5 -0.5 0.5 -0.5 0.5
### Check ### Total Neighbors: 93000000, Avg neighbor count per particle: 93
### Check ### Total time: 1.25795e-05, current time-step: 2.14359e-06
### Check ### Total energy: 1, (internal: 0.999999, kinetic: 7.11256e-07, gravitational: 0)
### Check ### Focus Tree Nodes: 8821, maxDepth 5
=== Total time for iteration(8) 1.14838s

# domain::sync: 0.153177s
# FindNeighbors: 0.271808s
# Density: 0.0672947s
# EquationOfState: 0.000600399s
# mpi::synchronizeHalos: 0.0474041s
# IAD: 0.0922959s
# mpi::synchronizeHalos: 0.208897s
# MomentumEnergyIAD: 0.240794s
# Timestep: 0.00599116s
# UpdateQuantities: 0.00128883s
# UpdateSmoothingLength: 0.00124461s
### Check ### Global Tree Nodes: 4096, Particles: 111202, Halos: 53482
### Check ### Computational domain: -0.5 0.5 -0.5 0.5 -0.5 0.5
### Check ### Total Neighbors: 93000000, Avg neighbor count per particle: 93
### Check ### Total time: 1.49374e-05, current time-step: 2.35795e-06
### Check ### Total energy: 1, (internal: 0.999999, kinetic: 9.90776e-07, gravitational: 0)
### Check ### Focus Tree Nodes: 8821, maxDepth 5
=== Total time for iteration(9) 1.0908s

# domain::sync: 0.156589s
# FindNeighbors: 0.273174s
# Density: 0.0672346s
# EquationOfState: 0.000610938s
# mpi::synchronizeHalos: 0.173817s
# IAD: 0.0922598s
# mpi::synchronizeHalos: 0.0619818s
# MomentumEnergyIAD: 0.240239s
# Timestep: 0.015179s
# UpdateQuantities: 0.00129348s
# UpdateSmoothingLength: 0.00126936s
### Check ### Global Tree Nodes: 4096, Particles: 111205, Halos: 53479
### Check ### Computational domain: -0.5 0.5 -0.5 0.5 -0.5 0.5
### Check ### Total Neighbors: 93000000, Avg neighbor count per particle: 93
### Check ### Total time: 1.75312e-05, current time-step: 2.59374e-06
### Check ### Total energy: 1, (internal: 0.999999, kinetic: 1.35159e-06, gravitational: 0)
### Check ### Focus Tree Nodes: 8821, maxDepth 5
=== Total time for iteration(10) 1.08365s

# domain::sync: 0.16081s
# FindNeighbors: 0.294263s
# Density: 0.0885702s
# EquationOfState: 0.000604101s
# mpi::synchronizeHalos: 0.172951s
# IAD: 0.121046s
# mpi::synchronizeHalos: 0.254042s
# MomentumEnergyIAD: 0.423427s
# Timestep: 0.000339546s
# UpdateQuantities: 0.00128787s
# UpdateSmoothingLength: 0.00124229s
### Check ### Global Tree Nodes: 4096, Particles: 111212, Halos: 53472
### Check ### Computational domain: -0.5 0.5 -0.5 0.5 -0.5 0.5
### Check ### Total Neighbors: 123000000, Avg neighbor count per particle: 123
### Check ### Total time: 2.03843e-05, current time-step: 2.85312e-06
### Check ### Total energy: 1, (internal: 0.999998, kinetic: 1.813e-06, gravitational: 0)
### Check ### Focus Tree Nodes: 8821, maxDepth 5
=== Total time for iteration(11) 1.51859s

# domain::sync: 0.162241s
# FindNeighbors: 0.270578s
# Density: 0.067313s
# EquationOfState: 0.000631434s
# mpi::synchronizeHalos: 0.0383357s
# IAD: 0.0922107s
# mpi::synchronizeHalos: 0.194183s
# MomentumEnergyIAD: 0.241852s
# Timestep: 0.015941s
# UpdateQuantities: 0.00129176s
# UpdateSmoothingLength: 0.00124318s
### Check ### Global Tree Nodes: 4096, Particles: 111215, Halos: 53469
### Check ### Computational domain: -0.5 0.5 -0.5 0.5 -0.5 0.5
### Check ### Total Neighbors: 93000000, Avg neighbor count per particle: 93
### Check ### Total time: 2.35227e-05, current time-step: 3.13843e-06
### Check ### Total energy: 1, (internal: 0.999998, kinetic: 2.39897e-06, gravitational: 0)
### Check ### Focus Tree Nodes: 8821, maxDepth 5
=== Total time for iteration(12) 1.08582s

# domain::sync: 0.183637s
# FindNeighbors: 0.271558s
# Density: 0.0674634s
# EquationOfState: 0.000603134s
# mpi::synchronizeHalos: 0.18482s
# IAD: 0.092249s
# mpi::synchronizeHalos: 0.222335s
# MomentumEnergyIAD: 0.241654s
# Timestep: 0.0186262s
# UpdateQuantities: 0.00132532s
# UpdateSmoothingLength: 0.00124189s
### Check ### Global Tree Nodes: 4096, Particles: 111218, Halos: 53466
### Check ### Computational domain: -0.5 0.5 -0.5 0.5 -0.5 0.5
### Check ### Total Neighbors: 93000000, Avg neighbor count per particle: 93
### Check ### Total time: 2.6975e-05, current time-step: 3.45227e-06
### Check ### Total energy: 1, (internal: 0.999997, kinetic: 3.13792e-06, gravitational: 0)
### Check ### Focus Tree Nodes: 8821, maxDepth 5
=== Total time for iteration(13) 1.28552s

# domain::sync: 0.132292s
# FindNeighbors: 0.272647s
# Density: 0.0671687s
# EquationOfState: 0.000600654s
# mpi::synchronizeHalos: 0.186855s
# IAD: 0.0920074s
# mpi::synchronizeHalos: 0.0491278s
# MomentumEnergyIAD: 0.239128s
# Timestep: 0.409829s
# UpdateQuantities: 0.00132013s
# UpdateSmoothingLength: 0.00124232s
### Check ### Global Tree Nodes: 4096, Particles: 111222, Halos: 53462
### Check ### Computational domain: -0.5 0.5 -0.5 0.5 -0.5 0.5
### Check ### Total Neighbors: 93000000, Avg neighbor count per particle: 93
### Check ### Total time: 3.07725e-05, current time-step: 3.7975e-06
### Check ### Total energy: 1, (internal: 0.999996, kinetic: 4.06507e-06, gravitational: 0)
### Check ### Focus Tree Nodes: 8821, maxDepth 5
=== Total time for iteration(14) 1.45222s

# domain::sync: 0.346063s
# FindNeighbors: 0.295758s
# Density: 0.0876424s
# EquationOfState: 0.000602473s
# mpi::synchronizeHalos: 0.023371s
# IAD: 0.121289s
# mpi::synchronizeHalos: 0.229755s
# MomentumEnergyIAD: 0.382139s
# Timestep: 0.0137608s
# UpdateQuantities: 0.00133503s
# UpdateSmoothingLength: 0.00124864s
### Check ### Global Tree Nodes: 4096, Particles: 111225, Halos: 53459
### Check ### Computational domain: -0.5 0.5 -0.5 0.5 -0.5 0.5
### Check ### Total Neighbors: 123000000, Avg neighbor count per particle: 123
### Check ### Total time: 3.49497e-05, current time-step: 4.17725e-06
### Check ### Total energy: 1, (internal: 0.999995, kinetic: 5.22319e-06, gravitational: 0)
### Check ### Focus Tree Nodes: 8821, maxDepth 5
=== Total time for iteration(15) 1.50297s

# domain::sync: 0.320583s
# FindNeighbors: 0.270602s
# Density: 0.0670457s
# EquationOfState: 0.000599562s
# mpi::synchronizeHalos: 0.058908s
# IAD: 0.0917386s
# mpi::synchronizeHalos: 0.214687s
# MomentumEnergyIAD: 0.24013s
# Timestep: 0.0223318s
# UpdateQuantities: 0.0013162s
# UpdateSmoothingLength: 0.00126851s
### Check ### Global Tree Nodes: 4096, Particles: 111230, Halos: 53454
### Check ### Computational domain: -0.5 0.5 -0.5 0.5 -0.5 0.5
### Check ### Total Neighbors: 93000000, Avg neighbor count per particle: 93
### Check ### Total time: 3.95447e-05, current time-step: 4.59497e-06
### Check ### Total energy: 1, (internal: 0.999993, kinetic: 6.66529e-06, gravitational: 0)
### Check ### Focus Tree Nodes: 8821, maxDepth 5
=== Total time for iteration(16) 1.28921s

# domain::sync: 0.337835s
# FindNeighbors: 0.271591s
# Density: 0.0677797s
# EquationOfState: 0.000582146s
# mpi::synchronizeHalos: 0.0292288s
# IAD: 0.0921315s
# mpi::synchronizeHalos: 0.0319282s
# MomentumEnergyIAD: 0.239469s
# Timestep: 0.00845194s
# UpdateQuantities: 0.00129066s
# UpdateSmoothingLength: 0.00124156s
### Check ### Global Tree Nodes: 4096, Particles: 111232, Halos: 53452
### Check ### Computational domain: -0.5 0.5 -0.5 0.5 -0.5 0.5
### Check ### Total Neighbors: 93000000, Avg neighbor count per particle: 93
### Check ### Total time: 4.45992e-05, current time-step: 5.05447e-06
### Check ### Total energy: 1, (internal: 0.999992, kinetic: 8.4538e-06, gravitational: 0)
### Check ### Focus Tree Nodes: 8821, maxDepth 5
=== Total time for iteration(17) 1.08153s

# domain::sync: 0.159475s
# FindNeighbors: 0.272548s
# Density: 0.0673835s
# EquationOfState: 0.000600499s
# mpi::synchronizeHalos: 0.135497s
# IAD: 0.0919265s
# mpi::synchronizeHalos: 0.157125s
# MomentumEnergyIAD: 0.239515s
# Timestep: 0.0105627s
# UpdateQuantities: 0.00129083s
# UpdateSmoothingLength: 0.00127504s
### Check ### Global Tree Nodes: 4096, Particles: 111235, Halos: 53449
### Check ### Computational domain: -0.5 0.5 -0.5 0.5 -0.5 0.5
### Check ### Total Neighbors: 93000000, Avg neighbor count per particle: 93
### Check ### Total time: 5.01591e-05, current time-step: 5.55992e-06
### Check ### Total energy: 1, (internal: 0.999989, kinetic: 1.06661e-05, gravitational: 0)
### Check ### Focus Tree Nodes: 8821, maxDepth 5
=== Total time for iteration(18) 1.1372s

# domain::sync: 0.162273s
# FindNeighbors: 0.293884s
# Density: 0.0883829s
# EquationOfState: 0.000598236s
# mpi::synchronizeHalos: 0.234616s
# IAD: 0.120748s
# mpi::synchronizeHalos: 0.222973s
# MomentumEnergyIAD: 0.356407s
# Timestep: 0.0210519s
# UpdateQuantities: 0.00131039s
# UpdateSmoothingLength: 0.00124124s
### Check ### Global Tree Nodes: 4096, Particles: 111237, Halos: 53447
### Check ### Computational domain: -0.5 0.5 -0.5 0.5 -0.5 0.5
### Check ### Total Neighbors: 123000000, Avg neighbor count per particle: 123
### Check ### Total time: 5.6275e-05, current time-step: 6.11591e-06
### Check ### Total energy: 1, (internal: 0.999987, kinetic: 1.33959e-05, gravitational: 0)
### Check ### Focus Tree Nodes: 8821, maxDepth 5
=== Total time for iteration(19) 1.50349s

# domain::sync: 0.342958s
# FindNeighbors: 0.271239s
# Density: 0.0670205s
# EquationOfState: 0.000629948s
# mpi::synchronizeHalos: 0.0368364s
# IAD: 0.0921869s
# mpi::synchronizeHalos: 0.121443s
# MomentumEnergyIAD: 0.240239s
# Timestep: 0.000277947s
# UpdateQuantities: 0.00128723s
# UpdateSmoothingLength: 0.00124312s
### Check ### Global Tree Nodes: 4096, Particles: 111241, Halos: 53443
### Check ### Computational domain: -0.5 0.5 -0.5 0.5 -0.5 0.5
### Check ### Total Neighbors: 93000000, Avg neighbor count per particle: 93
### Check ### Total time: 6.30025e-05, current time-step: 6.7275e-06
### Check ### Total energy: 1, (internal: 0.999983, kinetic: 1.67591e-05, gravitational: 0)
### Check ### Focus Tree Nodes: 8821, maxDepth 5
=== Total time for iteration(20) 1.17536s

# domain::sync: 0.344626s
# FindNeighbors: 0.273792s
# Density: 0.067188s
# EquationOfState: 0.000603495s
# mpi::synchronizeHalos: 0.0359154s
# IAD: 0.0919523s
# mpi::synchronizeHalos: 0.194311s
# MomentumEnergyIAD: 0.238807s
# Timestep: 0.0170985s
# UpdateQuantities: 0.00129241s
# UpdateSmoothingLength: 0.00124202s
### Check ### Global Tree Nodes: 4096, Particles: 111242, Halos: 53442
### Check ### Computational domain: -0.5 0.5 -0.5 0.5 -0.5 0.5
### Check ### Total Neighbors: 93000000, Avg neighbor count per particle: 93
### Check ### Total time: 7.04027e-05, current time-step: 7.40025e-06
### Check ### Total energy: 1, (internal: 0.999979, kinetic: 2.08918e-05, gravitational: 0)
### Check ### Focus Tree Nodes: 8821, maxDepth 5
=== Total time for iteration(21) 1.26683s

# domain::sync: 0.147249s
# FindNeighbors: 0.272591s
# Density: 0.0670764s
# EquationOfState: 0.000599118s
# mpi::synchronizeHalos: 0.271763s
# IAD: 0.0915565s
# mpi::synchronizeHalos: 0.243069s
# MomentumEnergyIAD: 0.238992s
# Timestep: 0.0106364s
# UpdateQuantities: 0.00128304s
# UpdateSmoothingLength: 0.00124397s
### Check ### Global Tree Nodes: 4096, Particles: 111243, Halos: 53441
### Check ### Computational domain: -0.5 0.5 -0.5 0.5 -0.5 0.5
### Check ### Total Neighbors: 93000000, Avg neighbor count per particle: 93
### Check ### Total time: 7.8543e-05, current time-step: 8.14027e-06
### Check ### Total energy: 1, (internal: 0.999974, kinetic: 2.59626e-05, gravitational: 0)
### Check ### Focus Tree Nodes: 8821, maxDepth 5
=== Total time for iteration(22) 1.34606s

# domain::sync: 0.137336s
# FindNeighbors: 0.294231s
# Density: 0.0884176s
# EquationOfState: 0.000599875s
# mpi::synchronizeHalos: 0.241665s
# IAD: 0.121754s
# mpi::synchronizeHalos: 0.0489937s
# MomentumEnergyIAD: 0.350706s
# Timestep: 0.15565s
# UpdateQuantities: 0.00127915s
# UpdateSmoothingLength: 0.00127219s
### Check ### Global Tree Nodes: 4096, Particles: 111247, Halos: 53437
### Check ### Computational domain: -0.5 0.5 -0.5 0.5 -0.5 0.5
### Check ### Total Neighbors: 123000000, Avg neighbor count per particle: 123
### Check ### Total time: 8.74973e-05, current time-step: 8.9543e-06
### Check ### Total energy: 1, (internal: 0.999968, kinetic: 3.2175e-05, gravitational: 0)
### Check ### Focus Tree Nodes: 8821, maxDepth 5
=== Total time for iteration(23) 1.44191s

# domain::sync: 0.344088s
# FindNeighbors: 0.271935s
# Density: 0.0668594s
# EquationOfState: 0.000599349s
# mpi::synchronizeHalos: 0.023607s
# IAD: 0.0930276s
# mpi::synchronizeHalos: 0.398452s
# MomentumEnergyIAD: 0.237799s
# Timestep: 0.00371754s
# UpdateQuantities: 0.00126827s
# UpdateSmoothingLength: 0.00124242s
### Check ### Global Tree Nodes: 4096, Particles: 111248, Halos: 53436
### Check ### Computational domain: -0.5 0.5 -0.5 0.5 -0.5 0.5
### Check ### Total Neighbors: 93000000, Avg neighbor count per particle: 93
### Check ### Total time: 9.73471e-05, current time-step: 9.84973e-06
### Check ### Total energy: 1, (internal: 0.99996, kinetic: 3.97811e-05, gravitational: 0)
### Check ### Focus Tree Nodes: 8821, maxDepth 5
=== Total time for iteration(24) 1.4426s

# domain::sync: 0.141942s
# FindNeighbors: 0.271536s
# Density: 0.0669165s
# EquationOfState: 0.000597541s
# mpi::synchronizeHalos: 0.222034s
# IAD: 0.0921674s
# mpi::synchronizeHalos: 0.0415353s
# MomentumEnergyIAD: 0.236823s
# Timestep: 0.00424223s
# UpdateQuantities: 0.00126798s
# UpdateSmoothingLength: 0.00124372s
### Check ### Global Tree Nodes: 4096, Particles: 111249, Halos: 53435
### Check ### Computational domain: -0.5 0.5 -0.5 0.5 -0.5 0.5
### Check ### Total Neighbors: 93000000, Avg neighbor count per particle: 93
### Check ### Total time: 0.000108182, current time-step: 1.08347e-05
### Check ### Total energy: 1, (internal: 0.999951, kinetic: 4.90755e-05, gravitational: 0)
### Check ### Focus Tree Nodes: 8821, maxDepth 5
=== Total time for iteration(25) 1.08031s

# domain::sync: 0.331858s
# FindNeighbors: 0.292585s
# Density: 0.0881997s
# EquationOfState: 0.000626559s
# mpi::synchronizeHalos: 0.0291877s
# IAD: 0.123419s
# mpi::synchronizeHalos: 0.0455976s
# MomentumEnergyIAD: 0.601695s
# Timestep: 0.324457s
# UpdateQuantities: 0.00126851s
# UpdateSmoothingLength: 0.0012444s
### Check ### Global Tree Nodes: 4096, Particles: 111252, Halos: 53432
### Check ### Computational domain: -0.5 0.5 -0.5 0.5 -0.5 0.5
### Check ### Total Neighbors: 123000000, Avg neighbor count per particle: 123
### Check ### Total time: 0.0001201, current time-step: 1.19182e-05
### Check ### Total energy: 1, (internal: 0.99994, kinetic: 6.04231e-05, gravitational: 0)
### Check ### Focus Tree Nodes: 8821, maxDepth 5
=== Total time for iteration(26) 1.84014s

# domain::sync: 0.325652s
# FindNeighbors: 0.270439s
# Density: 0.0672965s
# EquationOfState: 0.000598286s
# mpi::synchronizeHalos: 0.0236872s
# IAD: 0.0920772s
# mpi::synchronizeHalos: 0.0346536s
# MomentumEnergyIAD: 0.237669s
# Timestep: 0.0268198s
# UpdateQuantities: 0.00126878s
# UpdateSmoothingLength: 0.00124366s
### Check ### Global Tree Nodes: 4096, Particles: 111255, Halos: 53429
### Check ### Computational domain: -0.5 0.5 -0.5 0.5 -0.5 0.5
### Check ### Total Neighbors: 93000000, Avg neighbor count per particle: 93
### Check ### Total time: 0.00013321, current time-step: 1.311e-05
### Check ### Total energy: 1, (internal: 0.999926, kinetic: 7.42729e-05, gravitational: 0)
### Check ### Focus Tree Nodes: 8821, maxDepth 5
=== Total time for iteration(27) 1.08141s

# domain::sync: 0.142386s
# FindNeighbors: 0.271329s
# Density: 0.0670677s
# EquationOfState: 0.000601019s
# mpi::synchronizeHalos: 0.205622s
# IAD: 0.0920049s
# mpi::synchronizeHalos: 0.0358574s
# MomentumEnergyIAD: 0.237772s
# Timestep: 0.0273215s
# UpdateQuantities: 0.00127093s
# UpdateSmoothingLength: 0.00124337s
### Check ### Global Tree Nodes: 4096, Particles: 111255, Halos: 53429
### Check ### Computational domain: -0.5 0.5 -0.5 0.5 -0.5 0.5
### Check ### Total Neighbors: 93000000, Avg neighbor count per particle: 93
### Check ### Total time: 0.000147631, current time-step: 1.4421e-05
### Check ### Total energy: 1, (internal: 0.999909, kinetic: 9.11499e-05, gravitational: 0)
### Check ### Focus Tree Nodes: 8821, maxDepth 5
=== Total time for iteration(28) 1.08248s

# domain::sync: 0.331712s
# FindNeighbors: 0.272432s
# Density: 0.0670778s
# EquationOfState: 0.000623144s
# mpi::synchronizeHalos: 0.0350859s
# IAD: 0.0920602s
# mpi::synchronizeHalos: 0.0543959s
# MomentumEnergyIAD: 0.236575s
# Timestep: 0.191863s
# UpdateQuantities: 0.0012726s
# UpdateSmoothingLength: 0.00124095s
### Check ### Global Tree Nodes: 4096, Particles: 111256, Halos: 53428
### Check ### Computational domain: -0.5 0.5 -0.5 0.5 -0.5 0.5
### Check ### Total Neighbors: 93000000, Avg neighbor count per particle: 93
### Check ### Total time: 0.000163494, current time-step: 1.58631e-05
### Check ### Total energy: 1, (internal: 0.999888, kinetic: 0.000111703, gravitational: 0)
### Check ### Focus Tree Nodes: 8821, maxDepth 5
=== Total time for iteration(29) 1.28434s

# domain::sync: 0.32548s
# FindNeighbors: 0.291558s
# Density: 0.0881307s
# EquationOfState: 0.000596633s
# mpi::synchronizeHalos: 0.0447494s
# IAD: 0.121907s
# mpi::synchronizeHalos: 0.211777s
# MomentumEnergyIAD: 0.458293s
# Timestep: 0.0592807s
# UpdateQuantities: 0.00126568s
# UpdateSmoothingLength: 0.00123822s
### Check ### Global Tree Nodes: 4096, Particles: 110966, Halos: 53256
### Check ### Computational domain: -0.5 0.5 -0.5 0.5 -0.5 0.5
### Check ### Total Neighbors: 123000000, Avg neighbor count per particle: 123
### Check ### Total time: 0.000180943, current time-step: 1.74494e-05
### Check ### Total energy: 1, (internal: 0.999863, kinetic: 0.000136716, gravitational: 0)
### Check ### Focus Tree Nodes: 8814, maxDepth 5
=== Total time for iteration(30) 1.60428s

# domain::sync: 0.369537s
# FindNeighbors: 0.269684s
# Density: 0.0665413s
# EquationOfState: 0.000622016s
# mpi::synchronizeHalos: 0.0344112s
# IAD: 0.0930145s
# mpi::synchronizeHalos: 0.223088s
# MomentumEnergyIAD: 0.236142s
# Timestep: 0.00445017s
# UpdateQuantities: 0.00130056s
# UpdateSmoothingLength: 0.00123812s
### Check ### Global Tree Nodes: 4096, Particles: 110966, Halos: 53172
### Check ### Computational domain: -0.5 0.5 -0.5 0.5 -0.5 0.5
### Check ### Total Neighbors: 93000000, Avg neighbor count per particle: 93
### Check ### Total time: 0.000200138, current time-step: 1.91943e-05
### Check ### Total energy: 1, (internal: 0.999833, kinetic: 0.000167155, gravitational: 0)
### Check ### Focus Tree Nodes: 8807, maxDepth 5
=== Total time for iteration(31) 1.30003s

# domain::sync: 0.120755s
# FindNeighbors: 0.274805s
# Density: 0.0674385s
# EquationOfState: 0.000597553s
# mpi::synchronizeHalos: 0.197344s
# IAD: 0.091657s
# mpi::synchronizeHalos: 0.0342128s
# MomentumEnergyIAD: 0.236376s
# Timestep: 0.18964s
# UpdateQuantities: 0.00127208s
# UpdateSmoothingLength: 0.00124054s
### Check ### Global Tree Nodes: 4096, Particles: 111259, Halos: 53803
### Check ### Computational domain: -0.5 0.5 -0.5 0.5 -0.5 0.5
### Check ### Total Neighbors: 93000000, Avg neighbor count per particle: 93
### Check ### Total time: 0.000221252, current time-step: 2.11138e-05
### Check ### Total energy: 1, (internal: 0.999796, kinetic: 0.000204149, gravitational: 0)
### Check ### Focus Tree Nodes: 8807, maxDepth 5
=== Total time for iteration(32) 1.21534s

# domain::sync: 0.120412s
# FindNeighbors: 0.272662s
# Density: 0.0669791s
# EquationOfState: 0.00060225s
# mpi::synchronizeHalos: 0.291326s
# IAD: 0.0920606s
# mpi::synchronizeHalos: 0.0503874s
# MomentumEnergyIAD: 0.234903s
# Timestep: 0.168559s
# UpdateQuantities: 0.00127532s
# UpdateSmoothingLength: 0.00124059s
### Check ### Global Tree Nodes: 4096, Particles: 111258, Halos: 53426
### Check ### Computational domain: -0.5 0.5 -0.5 0.5 -0.5 0.5
### Check ### Total Neighbors: 93000000, Avg neighbor count per particle: 93
### Check ### Total time: 0.000244477, current time-step: 2.32252e-05
### Check ### Total energy: 1, (internal: 0.999751, kinetic: 0.000249092, gravitational: 0)
### Check ### Focus Tree Nodes: 8821, maxDepth 5
=== Total time for iteration(33) 1.30041s

# domain::sync: 0.346487s
# FindNeighbors: 0.293764s
# Density: 0.0882544s
# EquationOfState: 0.00059684s
# mpi::synchronizeHalos: 0.21929s
# IAD: 0.122151s
# mpi::synchronizeHalos: 0.0345535s
# MomentumEnergyIAD: 0.401685s
# Timestep: 0.0508394s
# UpdateQuantities: 0.00126612s
# UpdateSmoothingLength: 0.00128062s
### Check ### Global Tree Nodes: 4096, Particles: 111259, Halos: 53425
### Check ### Computational domain: -0.5 0.5 -0.5 0.5 -0.5 0.5
### Check ### Total Neighbors: 123000000, Avg neighbor count per particle: 123
### Check ### Total time: 0.000270024, current time-step: 2.55477e-05
### Check ### Total energy: 1, (internal: 0.999696, kinetic: 0.000303663, gravitational: 0)
### Check ### Focus Tree Nodes: 8821, maxDepth 5
=== Total time for iteration(34) 1.56017s

# domain::sync: 0.146144s
# FindNeighbors: 0.270189s
# Density: 0.0677847s
# EquationOfState: 0.000600275s
# mpi::synchronizeHalos: 0.212454s
# IAD: 0.0918459s
# mpi::synchronizeHalos: 0.189903s
# MomentumEnergyIAD: 0.236962s
# Timestep: 0.0131162s
# UpdateQuantities: 0.0012405s
# UpdateSmoothingLength: 0.00123907s
### Check ### Global Tree Nodes: 4096, Particles: 111258, Halos: 53426
### Check ### Computational domain: -0.5 0.5 -0.5 0.5 -0.5 0.5
### Check ### Total Neighbors: 93000000, Avg neighbor count per particle: 93
### Check ### Total time: 0.000298127, current time-step: 2.81024e-05
### Check ### Total energy: 1, (internal: 0.99963, kinetic: 0.000369936, gravitational: 0)
### Check ### Focus Tree Nodes: 8821, maxDepth 5
=== Total time for iteration(35) 1.23148s

# domain::sync: 0.307618s
# FindNeighbors: 0.27172s
# Density: 0.0670222s
# EquationOfState: 0.000596635s
# mpi::synchronizeHalos: 0.0798512s
# IAD: 0.0914386s
# mpi::synchronizeHalos: 0.251953s
# MomentumEnergyIAD: 0.237032s
# Timestep: 0.00557032s
# UpdateQuantities: 0.00126515s
# UpdateSmoothingLength: 0.001239s
### Check ### Global Tree Nodes: 4096, Particles: 111256, Halos: 53428
### Check ### Computational domain: -0.5 0.5 -0.5 0.5 -0.5 0.5
### Check ### Total Neighbors: 93000000, Avg neighbor count per particle: 93
### Check ### Total time: 0.000329039, current time-step: 3.09127e-05
### Check ### Total energy: 1, (internal: 0.99955, kinetic: 0.000450321, gravitational: 0)
### Check ### Focus Tree Nodes: 8821, maxDepth 5
=== Total time for iteration(36) 1.31531s

# domain::sync: 0.141282s
# FindNeighbors: 0.272189s
# Density: 0.0670034s
# EquationOfState: 0.000598047s
# mpi::synchronizeHalos: 0.0213229s
# IAD: 0.0917131s
# mpi::synchronizeHalos: 0.245262s
# MomentumEnergyIAD: 0.234797s
# Timestep: 0.00409908s
# UpdateQuantities: 0.00127563s
# UpdateSmoothingLength: 0.00126613s
### Check ### Global Tree Nodes: 4096, Particles: 111252, Halos: 53432
### Check ### Computational domain: -0.5 0.5 -0.5 0.5 -0.5 0.5
### Check ### Total Neighbors: 93000000, Avg neighbor count per particle: 93
### Check ### Total time: 0.000363043, current time-step: 3.40039e-05
### Check ### Total energy: 1, (internal: 0.999452, kinetic: 0.000547794, gravitational: 0)
### Check ### Focus Tree Nodes: 8821, maxDepth 5
=== Total time for iteration(37) 1.08081s

# domain::sync: 0.130363s
# FindNeighbors: 0.293345s
# Density: 0.088263s
# EquationOfState: 0.000596814s
# mpi::synchronizeHalos: 0.430367s
# IAD: 0.120856s
# mpi::synchronizeHalos: 0.0347285s
# MomentumEnergyIAD: 0.353896s
# Timestep: 0.237143s
# UpdateQuantities: 0.0012716s
# UpdateSmoothingLength: 0.00124044s
### Check ### Global Tree Nodes: 4096, Particles: 111248, Halos: 53436
### Check ### Computational domain: -0.5 0.5 -0.5 0.5 -0.5 0.5
### Check ### Total Neighbors: 123000000, Avg neighbor count per particle: 123
### Check ### Total time: 0.000400448, current time-step: 3.74043e-05
### Check ### Total energy: 1, (internal: 0.999334, kinetic: 0.000665935, gravitational: 0)
### Check ### Focus Tree Nodes: 8821, maxDepth 5
=== Total time for iteration(38) 1.69207s

# domain::sync: 0.146952s
# FindNeighbors: 0.270379s
# Density: 0.0670039s
# EquationOfState: 0.000627014s
# mpi::synchronizeHalos: 0.211985s
# IAD: 0.0916066s
# mpi::synchronizeHalos: 0.258988s
# MomentumEnergyIAD: 0.237106s
# Timestep: 0.000274837s
# UpdateQuantities: 0.00129646s
# UpdateSmoothingLength: 0.00127194s
### Check ### Global Tree Nodes: 4096, Particles: 111245, Halos: 53439
### Check ### Computational domain: -0.5 0.5 -0.5 0.5 -0.5 0.5
### Check ### Total Neighbors: 93000000, Avg neighbor count per particle: 93
### Check ### Total time: 0.000441593, current time-step: 4.11448e-05
### Check ### Total energy: 1, (internal: 0.999191, kinetic: 0.000809156, gravitational: 0)
### Check ### Focus Tree Nodes: 8821, maxDepth 5
=== Total time for iteration(39) 1.2875s

# domain::sync: 0.138635s
# FindNeighbors: 0.271326s
# Density: 0.067026s
# EquationOfState: 0.000597874s
# mpi::synchronizeHalos: 0.0322657s
# IAD: 0.0915041s
# mpi::synchronizeHalos: 0.0537113s
# MomentumEnergyIAD: 0.235538s
# Timestep: 0.0105879s
# UpdateQuantities: 0.00127991s
# UpdateSmoothingLength: 0.00124192s
### Check ### Global Tree Nodes: 4096, Particles: 111241, Halos: 53443
### Check ### Computational domain: -0.5 0.5 -0.5 0.5 -0.5 0.5
### Check ### Total Neighbors: 93000000, Avg neighbor count per particle: 93
### Check ### Total time: 0.000486852, current time-step: 4.52593e-05
### Check ### Total energy: 1, (internal: 0.999017, kinetic: 0.000982562, gravitational: 0)
### Check ### Focus Tree Nodes: 8821, maxDepth 5
=== Total time for iteration(40) 0.903717s

# domain::sync: 0.319664s
# FindNeighbors: 0.273196s
# Density: 0.066709s
# EquationOfState: 0.000598572s
# mpi::synchronizeHalos: 0.0312908s
# IAD: 0.0919326s
# mpi::synchronizeHalos: 0.051991s
# MomentumEnergyIAD: 0.234821s
# Timestep: 0.0121773s
# UpdateQuantities: 0.0012674s
# UpdateSmoothingLength: 0.00124097s
### Check ### Global Tree Nodes: 4096, Particles: 111235, Halos: 53449
### Check ### Computational domain: -0.5 0.5 -0.5 0.5 -0.5 0.5
### Check ### Total Neighbors: 93000000, Avg neighbor count per particle: 93
### Check ### Total time: 0.000536637, current time-step: 4.97852e-05
### Check ### Total energy: 1, (internal: 0.998808, kinetic: 0.00119245, gravitational: 0)
### Check ### Focus Tree Nodes: 8821, maxDepth 5
=== Total time for iteration(41) 1.08489s

# domain::sync: 0.345776s
# FindNeighbors: 0.294157s
# Density: 0.088331s
# EquationOfState: 0.000597965s
# mpi::synchronizeHalos: 0.0291737s
# IAD: 0.121168s
# mpi::synchronizeHalos: 0.219456s
# MomentumEnergyIAD: 0.34496s
# Timestep: 0.0092198s
# UpdateQuantities: 0.00126926s
# UpdateSmoothingLength: 0.00123923s
### Check ### Global Tree Nodes: 4096, Particles: 111231, Halos: 53453
### Check ### Computational domain: -0.5 0.5 -0.5 0.5 -0.5 0.5
### Check ### Total Neighbors: 123000000, Avg neighbor count per particle: 123
### Check ### Total time: 0.000591401, current time-step: 5.47637e-05
### Check ### Total energy: 1, (internal: 0.998554, kinetic: 0.00144637, gravitational: 0)
### Check ### Focus Tree Nodes: 8821, maxDepth 5
=== Total time for iteration(42) 1.45535s

# domain::sync: 0.146384s
# FindNeighbors: 0.270626s
# Density: 0.067264s
# EquationOfState: 0.00059987s
# mpi::synchronizeHalos: 0.205201s
# IAD: 0.0914808s
# mpi::synchronizeHalos: 0.0468899s
# MomentumEnergyIAD: 0.236135s
# Timestep: 0.180163s
# UpdateQuantities: 0.00126991s
# UpdateSmoothingLength: 0.0012405s
### Check ### Global Tree Nodes: 4096, Particles: 111226, Halos: 53458
### Check ### Computational domain: -0.5 0.5 -0.5 0.5 -0.5 0.5
### Check ### Total Neighbors: 93000000, Avg neighbor count per particle: 93
### Check ### Total time: 0.000651641, current time-step: 6.02401e-05
### Check ### Total energy: 1, (internal: 0.998246, kinetic: 0.00175357, gravitational: 0)
### Check ### Focus Tree Nodes: 8821, maxDepth 5
=== Total time for iteration(43) 1.24726s

# domain::sync: 0.305901s
# FindNeighbors: 0.272929s
# Density: 0.0669402s
# EquationOfState: 0.00059733s
# mpi::synchronizeHalos: 0.0261274s
# IAD: 0.0921075s
# mpi::synchronizeHalos: 0.0261882s
# MomentumEnergyIAD: 0.235204s
# Timestep: 0.203133s
# UpdateQuantities: 0.00126649s
# UpdateSmoothingLength: 0.00123996s
### Check ### Global Tree Nodes: 4096, Particles: 111221, Halos: 53463
### Check ### Computational domain: -0.5 0.5 -0.5 0.5 -0.5 0.5
### Check ### Total Neighbors: 93000000, Avg neighbor count per particle: 93
### Check ### Total time: 0.000717905, current time-step: 6.62641e-05
### Check ### Total energy: 1, (internal: 0.997875, kinetic: 0.0021247, gravitational: 0)
### Check ### Focus Tree Nodes: 8821, maxDepth 5
=== Total time for iteration(44) 1.23164s

# domain::sync: 0.335101s
# FindNeighbors: 0.272445s
# Density: 0.0667693s
# EquationOfState: 0.000596718s
# mpi::synchronizeHalos: 0.0461992s
# IAD: 0.0915705s
# mpi::synchronizeHalos: 0.0341001s
# MomentumEnergyIAD: 0.233802s
# Timestep: 0.0109354s
# UpdateQuantities: 0.00129687s
# UpdateSmoothingLength: 0.00124252s
### Check ### Global Tree Nodes: 4096, Particles: 111216, Halos: 53468
### Check ### Computational domain: -0.5 0.5 -0.5 0.5 -0.5 0.5
### Check ### Total Neighbors: 93083952, Avg neighbor count per particle: 93
### Check ### Total time: 0.000790795, current time-step: 7.28905e-05
### Check ### Total energy: 1, (internal: 0.997427, kinetic: 0.00257285, gravitational: 0)
### Check ### Focus Tree Nodes: 8821, maxDepth 5
=== Total time for iteration(45) 1.09406s

# domain::sync: 0.144239s
# FindNeighbors: 0.293864s
# Density: 0.0881767s
# EquationOfState: 0.000596172s
# mpi::synchronizeHalos: 0.200724s
# IAD: 0.121116s
# mpi::synchronizeHalos: 0.220718s
# MomentumEnergyIAD: 0.3384s
# Timestep: 0.016155s
# UpdateQuantities: 0.00124528s
# UpdateSmoothingLength: 0.00126697s
### Check ### Global Tree Nodes: 4096, Particles: 111211, Halos: 53473
### Check ### Computational domain: -0.5 0.5 -0.5 0.5 -0.5 0.5
### Check ### Total Neighbors: 122863368, Avg neighbor count per particle: 122
### Check ### Total time: 0.000870975, current time-step: 8.01795e-05
### Check ### Total energy: 1, (internal: 0.996886, kinetic: 0.00311353, gravitational: 0)
### Check ### Focus Tree Nodes: 8821, maxDepth 5
=== Total time for iteration(46) 1.4265s

# domain::sync: 0.169768s
# FindNeighbors: 0.270598s
# Density: 0.0672263s
# EquationOfState: 0.00059765s
# mpi::synchronizeHalos: 0.0381608s
# IAD: 0.0915385s
# mpi::synchronizeHalos: 0.0590534s
# MomentumEnergyIAD: 0.235954s
# Timestep: 0.199251s
# UpdateQuantities: 0.00127019s
# UpdateSmoothingLength: 0.00123969s
### Check ### Global Tree Nodes: 4096, Particles: 111206, Halos: 53478
### Check ### Computational domain: -0.5 0.5 -0.5 0.5 -0.5 0.5
### Check ### Total Neighbors: 93006096, Avg neighbor count per particle: 93
### Check ### Total time: 0.000959172, current time-step: 8.81975e-05
### Check ### Total energy: 1, (internal: 0.996234, kinetic: 0.00376567, gravitational: 0)
### Check ### Focus Tree Nodes: 8821, maxDepth 5
=== Total time for iteration(47) 1.13466s

# domain::sync: 0.346489s
# FindNeighbors: 0.272498s
# Density: 0.0669053s
# EquationOfState: 0.000598802s
# mpi::synchronizeHalos: 0.0355528s
# IAD: 0.0915064s
# mpi::synchronizeHalos: 0.0958119s
# MomentumEnergyIAD: 0.234979s
# Timestep: 0.123089s
# UpdateQuantities: 0.001274s
# UpdateSmoothingLength: 0.00123934s
### Check ### Global Tree Nodes: 4096, Particles: 111203, Halos: 53481
### Check ### Computational domain: -0.5 0.5 -0.5 0.5 -0.5 0.5
### Check ### Total Neighbors: 93136488, Avg neighbor count per particle: 93
### Check ### Total time: 0.00105619, current time-step: 9.70172e-05
### Check ### Total energy: 1, (internal: 0.995449, kinetic: 0.00455084, gravitational: 0)
### Check ### Focus Tree Nodes: 8821, maxDepth 5
=== Total time for iteration(48) 1.26995s

# domain::sync: 0.347155s
# FindNeighbors: 0.27335s
# Density: 0.0674204s
# EquationOfState: 0.000620472s
# mpi::synchronizeHalos: 0.0214993s
# IAD: 0.0928751s
# mpi::synchronizeHalos: 0.0640423s
# MomentumEnergyIAD: 0.233645s
# Timestep: 0.195179s
# UpdateQuantities: 0.00126884s
# UpdateSmoothingLength: 0.0012395s
### Check ### Global Tree Nodes: 4096, Particles: 111198, Halos: 53486
### Check ### Computational domain: -0.5 0.5 -0.5 0.5 -0.5 0.5
### Check ### Total Neighbors: 93541920, Avg neighbor count per particle: 93
### Check ### Total time: 0.00116291, current time-step: 0.000106719
### Check ### Total energy: 1, (internal: 0.994505, kinetic: 0.0054951, gravitational: 0)
### Check ### Focus Tree Nodes: 8821, maxDepth 5
=== Total time for iteration(49) 1.2983s

# domain::sync: 0.349097s
# FindNeighbors: 0.293863s
# Density: 0.0874618s
# EquationOfState: 0.000650486s
# mpi::synchronizeHalos: 0.0296783s
# IAD: 0.120102s
# mpi::synchronizeHalos: 0.024992s
# MomentumEnergyIAD: 0.330308s
# Timestep: 0.0186501s
# UpdateQuantities: 0.0012655s
# UpdateSmoothingLength: 0.00123902s
### Check ### Global Tree Nodes: 4096, Particles: 111193, Halos: 53491
### Check ### Computational domain: -0.5 0.5 -0.5 0.5 -0.5 0.5
### Check ### Total Neighbors: 121730064, Avg neighbor count per particle: 121
### Check ### Total time: 0.0012803, current time-step: 0.000117391
### Check ### Total energy: 1, (internal: 0.99337, kinetic: 0.0066291, gravitational: 0)
### Check ### Focus Tree Nodes: 8821, maxDepth 5
=== Total time for iteration(50) 1.25731s

# domain::sync: 0.349183s
# FindNeighbors: 0.272425s
# Density: 0.0675679s
# EquationOfState: 0.000599259s
# mpi::synchronizeHalos: 0.0233391s
# IAD: 0.0926937s
# mpi::synchronizeHalos: 0.0253071s
# MomentumEnergyIAD: 0.238631s
# Timestep: 0.00921964s
# UpdateQuantities: 0.00123969s
# UpdateSmoothingLength: 0.00123964s
### Check ### Global Tree Nodes: 4096, Particles: 111190, Halos: 53494
### Check ### Computational domain: -0.5 0.5 -0.5 0.5 -0.5 0.5
### Check ### Total Neighbors: 93766344, Avg neighbor count per particle: 93
### Check ### Total time: 0.00140943, current time-step: 0.00012913
### Check ### Total energy: 0.999999, (internal: 0.992011, kinetic: 0.00798879, gravitational: 0)
### Check ### Focus Tree Nodes: 8821, maxDepth 5
=== Total time for iteration(51) 1.08145s

# domain::sync: 0.322492s
# FindNeighbors: 0.272566s
# Density: 0.0673917s
# EquationOfState: 0.000595997s
# mpi::synchronizeHalos: 0.235246s
# IAD: 0.0923104s
# mpi::synchronizeHalos: 0.0230212s
# MomentumEnergyIAD: 0.234516s
# Timestep: 0.000274142s
# UpdateQuantities: 0.00124083s
# UpdateSmoothingLength: 0.00123931s
### Check ### Global Tree Nodes: 4096, Particles: 111184, Halos: 53500
### Check ### Computational domain: -0.5 0.5 -0.5 0.5 -0.5 0.5
### Check ### Total Neighbors: 93302376, Avg neighbor count per particle: 93
### Check ### Total time: 0.00155147, current time-step: 0.000142043
### Check ### Total energy: 0.999999, (internal: 0.990383, kinetic: 0.00961571, gravitational: 0)
### Check ### Focus Tree Nodes: 8821, maxDepth 5
=== Total time for iteration(52) 1.2509s

# domain::sync: 0.35294s
# FindNeighbors: 0.290569s
# Density: 0.0864347s
# EquationOfState: 0.000597797s
# mpi::synchronizeHalos: 0.176174s
# IAD: 0.121115s
# mpi::synchronizeHalos: 0.211964s
# MomentumEnergyIAD: 0.489261s
# Timestep: 0.000270446s
# UpdateQuantities: 0.00126776s
# UpdateSmoothingLength: 0.00124105s
### Check ### Global Tree Nodes: 4096, Particles: 111181, Halos: 53503
### Check ### Computational domain: -0.5 0.5 -0.5 0.5 -0.5 0.5
### Check ### Total Neighbors: 120836544, Avg neighbor count per particle: 120
### Check ### Total time: 0.00169948, current time-step: 0.000148005
### Check ### Total energy: 0.999998, (internal: 0.988547, kinetic: 0.0114505, gravitational: 0)
### Check ### Focus Tree Nodes: 8821, maxDepth 5
=== Total time for iteration(53) 1.73184s

# domain::sync: 0.147065s
# FindNeighbors: 0.270665s
# Density: 0.0678267s
# EquationOfState: 0.000595896s
# mpi::synchronizeHalos: 0.227044s
# IAD: 0.0924075s
# mpi::synchronizeHalos: 0.235983s
# MomentumEnergyIAD: 0.239608s
# Timestep: 0.00630092s
# UpdateQuantities: 0.00127125s
# UpdateSmoothingLength: 0.00126887s
### Check ### Global Tree Nodes: 4096, Particles: 111176, Halos: 53508
### Check ### Computational domain: -0.5 0.5 -0.5 0.5 -0.5 0.5
### Check ### Total Neighbors: 94073304, Avg neighbor count per particle: 94
### Check ### Total time: 0.00185054, current time-step: 0.000151065
### Check ### Total energy: 0.999996, (internal: 0.986532, kinetic: 0.0134637, gravitational: 0)
### Check ### Focus Tree Nodes: 8821, maxDepth 5
=== Total time for iteration(54) 1.29004s

# domain::sync: 0.144312s
# FindNeighbors: 0.271623s
# Density: 0.0677662s
# EquationOfState: 0.000597097s
# mpi::synchronizeHalos: 0.0451017s
# IAD: 0.092205s
# mpi::synchronizeHalos: 0.0305913s
# MomentumEnergyIAD: 0.237202s
# Timestep: 0.0030033s
# UpdateQuantities: 0.00129356s
# UpdateSmoothingLength: 0.00126541s
### Check ### Global Tree Nodes: 4096, Particles: 111175, Halos: 53509
### Check ### Computational domain: -0.5 0.5 -0.5 0.5 -0.5 0.5
### Check ### Total Neighbors: 93714504, Avg neighbor count per particle: 93
### Check ### Total time: 0.00200417, current time-step: 0.00015363
### Check ### Total energy: 0.999994, (internal: 0.984344, kinetic: 0.0156496, gravitational: 0)
### Check ### Focus Tree Nodes: 8821, maxDepth 5
=== Total time for iteration(55) 0.894965s

# domain::sync: 0.327206s
# FindNeighbors: 0.27271s
# Density: 0.0673133s
# EquationOfState: 0.000597721s
# mpi::synchronizeHalos: 0.0616631s
# IAD: 0.0918546s
# mpi::synchronizeHalos: 0.210333s
# MomentumEnergyIAD: 0.234779s
# Timestep: 0.00222948s
# UpdateQuantities: 0.00127057s
# UpdateSmoothingLength: 0.00126581s
### Check ### Global Tree Nodes: 4096, Particles: 111172, Halos: 53512
### Check ### Computational domain: -0.5 0.5 -0.5 0.5 -0.5 0.5
### Check ### Total Neighbors: 93362352, Avg neighbor count per particle: 93
### Check ### Total time: 0.0021605, current time-step: 0.000156327
### Check ### Total energy: 0.999992, (internal: 0.981983, kinetic: 0.0180094, gravitational: 0)
### Check ### Focus Tree Nodes: 8821, maxDepth 5
=== Total time for iteration(56) 1.27123s

# domain::sync: 0.146631s
# FindNeighbors: 0.291712s
# Density: 0.0865875s
# EquationOfState: 0.000594696s
# mpi::synchronizeHalos: 0.263807s
# IAD: 0.119247s
# mpi::synchronizeHalos: 0.236805s
# MomentumEnergyIAD: 0.395819s
# Timestep: 0.0423356s
# UpdateQuantities: 0.00127124s
# UpdateSmoothingLength: 0.00123908s
### Check ### Global Tree Nodes: 4096, Particles: 111171, Halos: 53513
### Check ### Computational domain: -0.5 0.5 -0.5 0.5 -0.5 0.5
### Check ### Total Neighbors: 120930888, Avg neighbor count per particle: 120
### Check ### Total time: 0.00231968, current time-step: 0.000159183
### Check ### Total energy: 0.99999, (internal: 0.979445, kinetic: 0.0205443, gravitational: 0)
### Check ### Focus Tree Nodes: 8821, maxDepth 5
=== Total time for iteration(57) 1.58605s

# domain::sync: 0.35497s
# FindNeighbors: 0.27156s
# Density: 0.0677833s
# EquationOfState: 0.000625896s
# mpi::synchronizeHalos: 0.235113s
# IAD: 0.0921224s
# mpi::synchronizeHalos: 0.0240758s
# MomentumEnergyIAD: 0.238859s
# Timestep: 0.000277726s
# UpdateQuantities: 0.00127023s
# UpdateSmoothingLength: 0.00124521s
### Check ### Global Tree Nodes: 4096, Particles: 111169, Halos: 55162
### Check ### Computational domain: -0.5 0.5 -0.5 0.5 -0.5 0.5
### Check ### Total Neighbors: 93962928, Avg neighbor count per particle: 93
### Check ### Total time: 0.00248151, current time-step: 0.000161829
### Check ### Total energy: 0.999987, (internal: 0.976739, kinetic: 0.0232488, gravitational: 0)
### Check ### Focus Tree Nodes: 8821, maxDepth 5
=== Total time for iteration(58) 1.28791s

# domain::sync: 0.15673s
# FindNeighbors: 0.271739s
# Density: 0.0676426s
# EquationOfState: 0.000625095s
# mpi::synchronizeHalos: 0.0417058s
# IAD: 0.0921341s
# mpi::synchronizeHalos: 0.0369805s
# MomentumEnergyIAD: 0.236181s
# Timestep: 0.00193729s
# UpdateQuantities: 0.00129418s
# UpdateSmoothingLength: 0.0012722s
### Check ### Global Tree Nodes: 4096, Particles: 111166, Halos: 55165
### Check ### Computational domain: -0.5 0.5 -0.5 0.5 -0.5 0.5
### Check ### Total Neighbors: 93733464, Avg neighbor count per particle: 93
### Check ### Total time: 0.00264547, current time-step: 0.000163961
### Check ### Total energy: 0.999985, (internal: 0.973874, kinetic: 0.0261106, gravitational: 0)
### Check ### Focus Tree Nodes: 8821, maxDepth 5
=== Total time for iteration(59) 0.908245s

# domain::sync: 0.186711s
# FindNeighbors: 0.273205s
# Density: 0.0678792s
# EquationOfState: 0.000627139s
# mpi::synchronizeHalos: 0.214301s
# IAD: 0.0915999s
# mpi::synchronizeHalos: 0.0466759s
# MomentumEnergyIAD: 0.234058s
# Timestep: 0.175697s
# UpdateQuantities: 0.00127251s
# UpdateSmoothingLength: 0.00124618s
### Check ### Global Tree Nodes: 4096, Particles: 111165, Halos: 55166
### Check ### Computational domain: -0.5 0.5 -0.5 0.5 -0.5 0.5
### Check ### Total Neighbors: 93378648, Avg neighbor count per particle: 93
### Check ### Total time: 0.00281225, current time-step: 0.000166775
### Check ### Total energy: 0.999982, (internal: 0.970845, kinetic: 0.0291378, gravitational: 0)
### Check ### Focus Tree Nodes: 8821, maxDepth 5
=== Total time for iteration(60) 1.29328s

# domain::sync: 0.165255s
# FindNeighbors: 0.291788s
# Density: 0.086567s
# EquationOfState: 0.000598595s
# mpi::synchronizeHalos: 0.0573829s
# IAD: 0.11899s
# mpi::synchronizeHalos: 0.02946s
# MomentumEnergyIAD: 0.346956s
# Timestep: 0.0414619s
# UpdateQuantities: 0.00127191s
# UpdateSmoothingLength: 0.00124271s
### Check ### Global Tree Nodes: 4096, Particles: 111164, Halos: 55896
### Check ### Computational domain: -0.5 0.5 -0.5 0.5 -0.5 0.5
### Check ### Total Neighbors: 121000200, Avg neighbor count per particle: 121
### Check ### Total time: 0.00298167, current time-step: 0.000169419
### Check ### Total energy: 0.99998, (internal: 0.967657, kinetic: 0.0323227, gravitational: 0)
### Check ### Focus Tree Nodes: 8821, maxDepth 5
=== Total time for iteration(61) 1.14098s

# domain::sync: 0.147896s
# FindNeighbors: 0.271061s
# Density: 0.0677158s
# EquationOfState: 0.000597865s
# mpi::synchronizeHalos: 0.221548s
# IAD: 0.092298s
# mpi::synchronizeHalos: 0.0492751s
# MomentumEnergyIAD: 0.238033s
# Timestep: 0.185837s
# UpdateQuantities: 0.0012745s
# UpdateSmoothingLength: 0.00127149s
### Check ### Global Tree Nodes: 4096, Particles: 111162, Halos: 55898
### Check ### Computational domain: -0.5 0.5 -0.5 0.5 -0.5 0.5
### Check ### Total Neighbors: 94003008, Avg neighbor count per particle: 94
### Check ### Total time: 0.00315446, current time-step: 0.000172791
### Check ### Total energy: 0.999978, (internal: 0.964303, kinetic: 0.0356751, gravitational: 0)
### Check ### Focus Tree Nodes: 8821, maxDepth 5
=== Total time for iteration(62) 1.27681s

# domain::sync: 0.142207s
# FindNeighbors: 0.271934s
# Density: 0.067581s
# EquationOfState: 0.000629285s
# mpi::synchronizeHalos: 0.0465323s
# IAD: 0.0918523s
# mpi::synchronizeHalos: 0.225695s
# MomentumEnergyIAD: 0.235296s
# Timestep: 0.0151209s
# UpdateQuantities: 0.00127099s
# UpdateSmoothingLength: 0.00124284s
### Check ### Global Tree Nodes: 4096, Particles: 111161, Halos: 55899
### Check ### Computational domain: -0.5 0.5 -0.5 0.5 -0.5 0.5
### Check ### Total Neighbors: 93578496, Avg neighbor count per particle: 93
### Check ### Total time: 0.00332975, current time-step: 0.000175295
### Check ### Total energy: 0.999975, (internal: 0.960803, kinetic: 0.0391723, gravitational: 0)
### Check ### Focus Tree Nodes: 8821, maxDepth 5
=== Total time for iteration(63) 1.09936s

# domain::sync: 0.35049s
# FindNeighbors: 0.273433s
# Density: 0.0671164s
# EquationOfState: 0.000594883s
# mpi::synchronizeHalos: 0.220537s
# IAD: 0.0922102s
# mpi::synchronizeHalos: 0.226352s
# MomentumEnergyIAD: 0.23406s
# Timestep: 0.00294393s
# UpdateQuantities: 0.00127145s
# UpdateSmoothingLength: 0.00126897s
### Check ### Global Tree Nodes: 4096, Particles: 111157, Halos: 55984
### Check ### Computational domain: -0.5 0.5 -0.5 0.5 -0.5 0.5
### Check ### Total Neighbors: 93444120, Avg neighbor count per particle: 93
### Check ### Total time: 0.00350755, current time-step: 0.000177798
### Check ### Total energy: 0.999972, (internal: 0.957164, kinetic: 0.0428081, gravitational: 0)
### Check ### Focus Tree Nodes: 8821, maxDepth 5
=== Total time for iteration(64) 1.47028s

# domain::sync: 0.339834s
# FindNeighbors: 0.292427s
# Density: 0.0866294s
# EquationOfState: 0.000596649s
# mpi::synchronizeHalos: 0.0353851s
# IAD: 0.119031s
# mpi::synchronizeHalos: 0.209297s
# MomentumEnergyIAD: 0.336985s
# Timestep: 0.0327483s
# UpdateQuantities: 0.00126948s
# UpdateSmoothingLength: 0.00124312s
### Check ### Global Tree Nodes: 4096, Particles: 111156, Halos: 55985
### Check ### Computational domain: -0.5 0.5 -0.5 0.5 -0.5 0.5
### Check ### Total Neighbors: 121045632, Avg neighbor count per particle: 121
### Check ### Total time: 0.00368811, current time-step: 0.000180555
### Check ### Total energy: 0.99997, (internal: 0.953388, kinetic: 0.0465814, gravitational: 0)
### Check ### Focus Tree Nodes: 8821, maxDepth 5
=== Total time for iteration(65) 1.45545s

# domain::sync: 0.314618s
# FindNeighbors: 0.271718s
# Density: 0.0680431s
# EquationOfState: 0.000599614s
# mpi::synchronizeHalos: 0.0299993s
# IAD: 0.0920887s
# mpi::synchronizeHalos: 0.107335s
# MomentumEnergyIAD: 0.237879s
# Timestep: 0.0232588s
# UpdateQuantities: 0.00129684s
# UpdateSmoothingLength: 0.00126629s
### Check ### Global Tree Nodes: 4096, Particles: 111155, Halos: 55986
### Check ### Computational domain: -0.5 0.5 -0.5 0.5 -0.5 0.5
### Check ### Total Neighbors: 93961032, Avg neighbor count per particle: 93
### Check ### Total time: 0.00387177, current time-step: 0.000183661
### Check ### Total energy: 0.999968, (internal: 0.949475, kinetic: 0.0504928, gravitational: 0)
### Check ### Focus Tree Nodes: 8821, maxDepth 5
=== Total time for iteration(66) 1.14811s

# domain::sync: 0.37474s
# FindNeighbors: 0.271877s
# Density: 0.0672326s
# EquationOfState: 0.000598003s
# mpi::synchronizeHalos: 0.024802s
# IAD: 0.0915993s
# mpi::synchronizeHalos: 0.0953367s
# MomentumEnergyIAD: 0.235019s
# Timestep: 0.0259719s
# UpdateQuantities: 0.00129974s
# UpdateSmoothingLength: 0.00124333s
### Check ### Global Tree Nodes: 4096, Particles: 111153, Halos: 55988
### Check ### Computational domain: -0.5 0.5 -0.5 0.5 -0.5 0.5
### Check ### Total Neighbors: 93546576, Avg neighbor count per particle: 93
### Check ### Total time: 0.0040589, current time-step: 0.000187136
### Check ### Total energy: 0.999966, (internal: 0.945422, kinetic: 0.0545435, gravitational: 0)
### Check ### Focus Tree Nodes: 8821, maxDepth 5
=== Total time for iteration(67) 1.18972s

# domain::sync: 0.355217s
# FindNeighbors: 0.27283s
# Density: 0.0677525s
# EquationOfState: 0.000598263s
# mpi::synchronizeHalos: 0.0272284s
# IAD: 0.091995s
# mpi::synchronizeHalos: 0.031153s
# MomentumEnergyIAD: 0.234934s
# Timestep: 0.179308s
# UpdateQuantities: 0.00128795s
# UpdateSmoothingLength: 0.00132188s
### Check ### Global Tree Nodes: 4096, Particles: 111152, Halos: 55989
### Check ### Computational domain: -0.5 0.5 -0.5 0.5 -0.5 0.5
### Check ### Total Neighbors: 93515760, Avg neighbor count per particle: 93
### Check ### Total time: 0.0042499, current time-step: 0.000191001
### Check ### Total energy: 0.999964, (internal: 0.941229, kinetic: 0.058735, gravitational: 0)
### Check ### Focus Tree Nodes: 8821, maxDepth 5
=== Total time for iteration(68) 1.26363s

# domain::sync: 0.319126s
# FindNeighbors: 0.292206s
# Density: 0.0865948s
# EquationOfState: 0.000596332s
# mpi::synchronizeHalos: 0.0303919s
# IAD: 0.118891s
# mpi::synchronizeHalos: 0.235864s
# MomentumEnergyIAD: 0.328147s
# Timestep: 0.00942927s
# UpdateQuantities: 0.00126811s
# UpdateSmoothingLength: 0.00124338s
### Check ### Global Tree Nodes: 4096, Particles: 111151, Halos: 56731
### Check ### Computational domain: -0.5 0.5 -0.5 0.5 -0.5 0.5
### Check ### Total Neighbors: 121082616, Avg neighbor count per particle: 121
### Check ### Total time: 0.00444458, current time-step: 0.000194675
### Check ### Total energy: 0.999962, (internal: 0.936906, kinetic: 0.0630557, gravitational: 0)
### Check ### Focus Tree Nodes: 8821, maxDepth 5
=== Total time for iteration(69) 1.42376s

# domain::sync: 0.346345s
# FindNeighbors: 0.271555s
# Density: 0.0678112s
# EquationOfState: 0.000594914s
# mpi::synchronizeHalos: 0.0284201s
# IAD: 0.0919646s
# mpi::synchronizeHalos: 0.244153s
# MomentumEnergyIAD: 0.237467s
# Timestep: 0.000272779s
# UpdateQuantities: 0.00126954s
# UpdateSmoothingLength: 0.00124174s
### Check ### Global Tree Nodes: 4096, Particles: 111149, Halos: 56715
### Check ### Computational domain: -0.5 0.5 -0.5 0.5 -0.5 0.5
### Check ### Total Neighbors: 93809976, Avg neighbor count per particle: 93
### Check ### Total time: 0.00464244, current time-step: 0.000197859
### Check ### Total energy: 0.99996, (internal: 0.932473, kinetic: 0.0674866, gravitational: 0)
### Check ### Focus Tree Nodes: 8821, maxDepth 5
=== Total time for iteration(70) 1.2911s

# domain::sync: 0.151244s
# FindNeighbors: 0.272059s
# Density: 0.067903s
# EquationOfState: 0.00060032s
# mpi::synchronizeHalos: 0.17734s
# IAD: 0.0917732s
# mpi::synchronizeHalos: 0.03416s
# MomentumEnergyIAD: 0.234228s
# Timestep: 0.00645666s
# UpdateQuantities: 0.00126464s
# UpdateSmoothingLength: 0.00126847s
### Check ### Global Tree Nodes: 4096, Particles: 111147, Halos: 56837
### Check ### Computational domain: -0.5 0.5 -0.5 0.5 -0.5 0.5
### Check ### Total Neighbors: 93564456, Avg neighbor count per particle: 93
### Check ### Total time: 0.00484391, current time-step: 0.000201469
### Check ### Total energy: 0.999958, (internal: 0.927929, kinetic: 0.0720298, gravitational: 0)
### Check ### Focus Tree Nodes: 8821, maxDepth 5
=== Total time for iteration(71) 1.0383s

# domain::sync: 0.141932s
# FindNeighbors: 0.272862s
# Density: 0.0680565s
# EquationOfState: 0.000596151s
# mpi::synchronizeHalos: 0.251143s
# IAD: 0.0921468s
# mpi::synchronizeHalos: 0.0327157s
# MomentumEnergyIAD: 0.233778s
# Timestep: 0.000245908s
# UpdateQuantities: 0.0013239s
# UpdateSmoothingLength: 0.00125878s
### Check ### Global Tree Nodes: 4096, Particles: 111146, Halos: 56724
### Check ### Computational domain: -0.5 0.5 -0.5 0.5 -0.5 0.5
### Check ### Total Neighbors: 93639384, Avg neighbor count per particle: 93
### Check ### Total time: 0.00504923, current time-step: 0.000205323
### Check ### Total energy: 0.999957, (internal: 0.923275, kinetic: 0.0766825, gravitational: 0)
### Check ### Focus Tree Nodes: 8821, maxDepth 5
=== Total time for iteration(72) 1.09606s

# domain::sync: 0.148977s
# FindNeighbors: 0.292385s
# Density: 0.0863718s
# EquationOfState: 0.000594582s
# mpi::synchronizeHalos: 0.182478s
# IAD: 0.118555s
# mpi::synchronizeHalos: 0.0426868s
# MomentumEnergyIAD: 0.326131s
# Timestep: 0.227393s
# UpdateQuantities: 0.0012745s
# UpdateSmoothingLength: 0.00124287s
### Check ### Global Tree Nodes: 4096, Particles: 111146, Halos: 56652
### Check ### Computational domain: -0.5 0.5 -0.5 0.5 -0.5 0.5
### Check ### Total Neighbors: 121128912, Avg neighbor count per particle: 121
### Check ### Total time: 0.00525827, current time-step: 0.000209041
### Check ### Total energy: 0.999956, (internal: 0.918523, kinetic: 0.0814328, gravitational: 0)
### Check ### Focus Tree Nodes: 8821, maxDepth 5
=== Total time for iteration(73) 1.42809s

# domain::sync: 0.189536s
# FindNeighbors: 0.270911s
# Density: 0.0676083s
# EquationOfState: 0.000622676s
# mpi::synchronizeHalos: 0.23007s
# IAD: 0.0922425s
# mpi::synchronizeHalos: 0.0421977s
# MomentumEnergyIAD: 0.236623s
# Timestep: 0.000657502s
# UpdateQuantities: 0.00132263s
# UpdateSmoothingLength: 0.00124605s
### Check ### Global Tree Nodes: 4096, Particles: 111144, Halos: 56714
### Check ### Computational domain: -0.5 0.5 -0.5 0.5 -0.5 0.5
### Check ### Total Neighbors: 93698304, Avg neighbor count per particle: 93
### Check ### Total time: 0.00547263, current time-step: 0.000214354
### Check ### Total energy: 0.999956, (internal: 0.913646, kinetic: 0.0863098, gravitational: 0)
### Check ### Focus Tree Nodes: 8821, maxDepth 5
=== Total time for iteration(74) 1.13304s

# domain::sync: 0.163967s
# FindNeighbors: 0.272015s
# Density: 0.0677893s
# EquationOfState: 0.000597229s
# mpi::synchronizeHalos: 0.392715s
# IAD: 0.0914886s
# mpi::synchronizeHalos: 0.0277375s
# MomentumEnergyIAD: 0.234209s
# Timestep: 0.000272499s
# UpdateQuantities: 0.00124533s
# UpdateSmoothingLength: 0.00128257s
### Check ### Global Tree Nodes: 4096, Particles: 111143, Halos: 56655
### Check ### Computational domain: -0.5 0.5 -0.5 0.5 -0.5 0.5
### Check ### Total Neighbors: 93584112, Avg neighbor count per particle: 93
### Check ### Total time: 0.00569049, current time-step: 0.000217865
### Check ### Total energy: 0.999955, (internal: 0.908694, kinetic: 0.0912609, gravitational: 0)
### Check ### Focus Tree Nodes: 8821, maxDepth 5
=== Total time for iteration(75) 1.25332s

# domain::sync: 0.347557s
# FindNeighbors: 0.290155s
# Density: 0.0856841s
# EquationOfState: 0.000598533s
# mpi::synchronizeHalos: 0.0347504s
# IAD: 0.120376s
# mpi::synchronizeHalos: 0.199549s
# MomentumEnergyIAD: 0.849559s
# Timestep: 0.154055s
# UpdateQuantities: 0.00127045s
# UpdateSmoothingLength: 0.00124307s
### Check ### Global Tree Nodes: 4096, Particles: 111143, Halos: 56595
### Check ### Computational domain: -0.5 0.5 -0.5 0.5 -0.5 0.5
### Check ### Total Neighbors: 120044720, Avg neighbor count per particle: 120
### Check ### Total time: 0.00591177, current time-step: 0.000221281
### Check ### Total energy: 0.999954, (internal: 0.903677, kinetic: 0.0962764, gravitational: 0)
### Check ### Focus Tree Nodes: 8821, maxDepth 5
=== Total time for iteration(76) 2.0848s

# domain::sync: 0.156297s
# FindNeighbors: 0.271233s
# Density: 0.0685041s
# EquationOfState: 0.000598533s
# mpi::synchronizeHalos: 0.17132s
# IAD: 0.0928749s
# mpi::synchronizeHalos: 0.0587488s
# MomentumEnergyIAD: 0.239869s
# Timestep: 0.16183s
# UpdateQuantities: 0.00126524s
# UpdateSmoothingLength: 0.00124219s
### Check ### Global Tree Nodes: 4096, Particles: 111142, Halos: 57519
### Check ### Computational domain: -0.5 0.5 -0.5 0.5 -0.5 0.5
### Check ### Total Neighbors: 94648816, Avg neighbor count per particle: 94
### Check ### Total time: 0.0061323, current time-step: 0.000220531
### Check ### Total energy: 0.999949, (internal: 0.898699, kinetic: 0.10125, gravitational: 0)
### Check ### Focus Tree Nodes: 8821, maxDepth 5
=== Total time for iteration(77) 1.22378s

# domain::sync: 0.159789s
# FindNeighbors: 0.271007s
# Density: 0.0677263s
# EquationOfState: 0.00059697s
# mpi::synchronizeHalos: 0.18806s
# IAD: 0.0915313s
# mpi::synchronizeHalos: 0.0497615s
# MomentumEnergyIAD: 0.236039s
# Timestep: 0.042808s
# UpdateQuantities: 0.00126488s
# UpdateSmoothingLength: 0.00124428s
### Check ### Global Tree Nodes: 4096, Particles: 111139, Halos: 57471
### Check ### Computational domain: -0.5 0.5 -0.5 0.5 -0.5 0.5
### Check ### Total Neighbors: 93662960, Avg neighbor count per particle: 93
### Check ### Total time: 0.00635366, current time-step: 0.00022136
### Check ### Total energy: 0.999947, (internal: 0.893732, kinetic: 0.106215, gravitational: 0)
### Check ### Focus Tree Nodes: 8821, maxDepth 5
=== Total time for iteration(78) 1.10983s

# domain::sync: 0.140407s
# FindNeighbors: 0.271883s
# Density: 0.0677736s
# EquationOfState: 0.000626712s
# mpi::synchronizeHalos: 0.235603s
# IAD: 0.0923408s
# mpi::synchronizeHalos: 0.194082s
# MomentumEnergyIAD: 0.235042s
# Timestep: 0.0066537s
# UpdateQuantities: 0.00126171s
# UpdateSmoothingLength: 0.00126939s
### Check ### Global Tree Nodes: 4096, Particles: 111138, Halos: 57610
### Check ### Computational domain: -0.5 0.5 -0.5 0.5 -0.5 0.5
### Check ### Total Neighbors: 93670048, Avg neighbor count per particle: 93
### Check ### Total time: 0.00657612, current time-step: 0.00022246
### Check ### Total energy: 0.999945, (internal: 0.888775, kinetic: 0.111169, gravitational: 0)
### Check ### Focus Tree Nodes: 8821, maxDepth 5
=== Total time for iteration(79) 1.24695s

# domain::sync: 0.160802s
# FindNeighbors: 0.290623s
# Density: 0.0860812s
# EquationOfState: 0.000596492s
# mpi::synchronizeHalos: 0.186954s
# IAD: 0.11946s
# mpi::synchronizeHalos: 0.0385638s
# MomentumEnergyIAD: 0.427656s
# Timestep: 0.0810174s
# UpdateQuantities: 0.00127019s
# UpdateSmoothingLength: 0.00124232s
### Check ### Global Tree Nodes: 4096, Particles: 111137, Halos: 57548
### Check ### Computational domain: -0.5 0.5 -0.5 0.5 -0.5 0.5
### Check ### Total Neighbors: 120171885, Avg neighbor count per particle: 120
### Check ### Total time: 0.00679997, current time-step: 0.000223843
### Check ### Total energy: 0.999943, (internal: 0.88383, kinetic: 0.116113, gravitational: 0)
### Check ### Focus Tree Nodes: 8821, maxDepth 5
=== Total time for iteration(80) 1.39427s

# domain::sync: 0.355688s
# FindNeighbors: 0.271744s
# Density: 0.0683736s
# EquationOfState: 0.000625344s
# mpi::synchronizeHalos: 0.0268637s
# IAD: 0.0933247s
# mpi::synchronizeHalos: 0.0236236s
# MomentumEnergyIAD: 0.241239s
# Timestep: 0.00862368s
# UpdateQuantities: 0.00126933s
# UpdateSmoothingLength: 0.00124405s
### Check ### Global Tree Nodes: 4096, Particles: 111137, Halos: 57452
### Check ### Computational domain: -0.5 0.5 -0.5 0.5 -0.5 0.5
### Check ### Total Neighbors: 94584886, Avg neighbor count per particle: 94
### Check ### Total time: 0.00702553, current time-step: 0.000225566
### Check ### Total energy: 0.999942, (internal: 0.878895, kinetic: 0.121046, gravitational: 0)
### Check ### Focus Tree Nodes: 8821, maxDepth 5
=== Total time for iteration(81) 1.09262s

# domain::sync: 0.187509s
# FindNeighbors: 0.271071s
# Density: 0.0675662s
# EquationOfState: 0.000596602s
# mpi::synchronizeHalos: 0.180079s
# IAD: 0.0921099s
# mpi::synchronizeHalos: 0.0467217s
# MomentumEnergyIAD: 0.234824s
# Timestep: 0.157975s
# UpdateQuantities: 0.00126529s
# UpdateSmoothingLength: 0.00124339s
### Check ### Global Tree Nodes: 4096, Particles: 111136, Halos: 57399
### Check ### Computational domain: -0.5 0.5 -0.5 0.5 -0.5 0.5
### Check ### Total Neighbors: 93674056, Avg neighbor count per particle: 93
### Check ### Total time: 0.00725239, current time-step: 0.000226861
### Check ### Total energy: 0.99994, (internal: 0.873986, kinetic: 0.125954, gravitational: 0)
### Check ### Focus Tree Nodes: 8821, maxDepth 5
=== Total time for iteration(82) 1.24096s

# domain::sync: 0.154344s
# FindNeighbors: 0.272734s
# Density: 0.0675346s
# EquationOfState: 0.000595025s
# mpi::synchronizeHalos: 0.210014s
# IAD: 0.0917908s
# mpi::synchronizeHalos: 0.246911s
# MomentumEnergyIAD: 0.234673s
# Timestep: 0.000269181s
# UpdateQuantities: 0.00123875s
# UpdateSmoothingLength: 0.00124308s
### Check ### Global Tree Nodes: 4096, Particles: 111135, Halos: 57343
### Check ### Computational domain: -0.5 0.5 -0.5 0.5 -0.5 0.5
### Check ### Total Neighbors: 93767944, Avg neighbor count per particle: 93
### Check ### Total time: 0.00748083, current time-step: 0.000228442
### Check ### Total energy: 0.99994, (internal: 0.869102, kinetic: 0.130838, gravitational: 0)
### Check ### Focus Tree Nodes: 8821, maxDepth 5
=== Total time for iteration(83) 1.28135s

# domain::sync: 0.152588s
# FindNeighbors: 0.290367s
# Density: 0.0859667s
# EquationOfState: 0.000599813s
# mpi::synchronizeHalos: 0.239863s
# IAD: 0.118298s
# mpi::synchronizeHalos: 0.0404259s
# MomentumEnergyIAD: 0.353217s
# Timestep: 0.182155s
# UpdateQuantities: 0.00126393s
# UpdateSmoothingLength: 0.00124425s
### Check ### Global Tree Nodes: 4096, Particles: 111135, Halos: 57295
### Check ### Computational domain: -0.5 0.5 -0.5 0.5 -0.5 0.5
### Check ### Total Neighbors: 120201184, Avg neighbor count per particle: 120
### Check ### Total time: 0.00770697, current time-step: 0.000226139
### Check ### Total energy: 0.999935, (internal: 0.864329, kinetic: 0.135606, gravitational: 0)
### Check ### Focus Tree Nodes: 8821, maxDepth 5
=== Total time for iteration(84) 1.46599s

# domain::sync: 0.145837s
# FindNeighbors: 0.271521s
# Density: 0.0682517s
# EquationOfState: 0.000592268s
# mpi::synchronizeHalos: 0.204933s
# IAD: 0.0925165s
# mpi::synchronizeHalos: 0.044533s
# MomentumEnergyIAD: 0.238499s
# Timestep: 0.19605s
# UpdateQuantities: 0.00127011s
# UpdateSmoothingLength: 0.00127039s
### Check ### Global Tree Nodes: 4096, Particles: 111133, Halos: 57261
### Check ### Computational domain: -0.5 0.5 -0.5 0.5 -0.5 0.5
### Check ### Total Neighbors: 94450594, Avg neighbor count per particle: 94
### Check ### Total time: 0.00793219, current time-step: 0.000225218
### Check ### Total energy: 0.999933, (internal: 0.859641, kinetic: 0.140292, gravitational: 0)
### Check ### Focus Tree Nodes: 8821, maxDepth 5
=== Total time for iteration(85) 1.26528s

# domain::sync: 0.345726s
# FindNeighbors: 0.272445s
# Density: 0.0676476s
# EquationOfState: 0.000595976s
# mpi::synchronizeHalos: 0.213751s
# IAD: 0.0921066s
# mpi::synchronizeHalos: 0.0325791s
# MomentumEnergyIAD: 0.235338s
# Timestep: 0.000280123s
# UpdateQuantities: 0.00129629s
# UpdateSmoothingLength: 0.0012693s
### Check ### Global Tree Nodes: 4096, Particles: 111133, Halos: 57219
### Check ### Computational domain: -0.5 0.5 -0.5 0.5 -0.5 0.5
### Check ### Total Neighbors: 93774344, Avg neighbor count per particle: 93
### Check ### Total time: 0.00815827, current time-step: 0.000226083
### Check ### Total energy: 0.999932, (internal: 0.855003, kinetic: 0.144929, gravitational: 0)
### Check ### Focus Tree Nodes: 8821, maxDepth 5
=== Total time for iteration(86) 1.26304s

# domain::sync: 0.325735s
# FindNeighbors: 0.273115s
# Density: 0.0674781s
# EquationOfState: 0.000597136s
# mpi::synchronizeHalos: 0.0473739s
# IAD: 0.0916714s
# mpi::synchronizeHalos: 0.226048s
# MomentumEnergyIAD: 0.235178s
# Timestep: 0.0305265s
# UpdateQuantities: 0.00123928s
# UpdateSmoothingLength: 0.00124254s
### Check ### Global Tree Nodes: 4096, Particles: 111132, Halos: 57169
### Check ### Computational domain: -0.5 0.5 -0.5 0.5 -0.5 0.5
### Check ### Total Neighbors: 93818047, Avg neighbor count per particle: 93
### Check ### Total time: 0.00838369, current time-step: 0.000225416
### Check ### Total energy: 0.99993, (internal: 0.85045, kinetic: 0.14948, gravitational: 0)
### Check ### Focus Tree Nodes: 8821, maxDepth 5
=== Total time for iteration(87) 1.30021s

# domain::sync: 0.353531s
# FindNeighbors: 0.291401s
# Density: 0.0861257s
# EquationOfState: 0.000595767s
# mpi::synchronizeHalos: 0.0291859s
# IAD: 0.118186s
# mpi::synchronizeHalos: 0.227617s
# MomentumEnergyIAD: 0.333221s
# Timestep: 0.0108249s
# UpdateQuantities: 0.00126883s
# UpdateSmoothingLength: 0.00124269s
### Check ### Global Tree Nodes: 4096, Particles: 111132, Halos: 57400
### Check ### Computational domain: -0.5 0.5 -0.5 0.5 -0.5 0.5
### Check ### Total Neighbors: 120237766, Avg neighbor count per particle: 120
### Check ### Total time: 0.00860852, current time-step: 0.000224826
### Check ### Total energy: 0.999928, (internal: 0.845981, kinetic: 0.153947, gravitational: 0)
### Check ### Focus Tree Nodes: 8821, maxDepth 5
=== Total time for iteration(88) 1.4532s

# domain::sync: 0.159956s
# FindNeighbors: 0.270939s
# Density: 0.0680941s
# EquationOfState: 0.000595169s
# mpi::synchronizeHalos: 0.297495s
# IAD: 0.0928917s
# mpi::synchronizeHalos: 0.0321825s
# MomentumEnergyIAD: 0.238633s
# Timestep: 0.000279844s
# UpdateQuantities: 0.00126065s
# UpdateSmoothingLength: 0.00124347s
### Check ### Global Tree Nodes: 4096, Particles: 111132, Halos: 57376
### Check ### Computational domain: -0.5 0.5 -0.5 0.5 -0.5 0.5
### Check ### Total Neighbors: 94354690, Avg neighbor count per particle: 94
### Check ### Total time: 0.00883332, current time-step: 0.000224805
### Check ### Total energy: 0.999927, (internal: 0.841587, kinetic: 0.15834, gravitational: 0)
### Check ### Focus Tree Nodes: 8821, maxDepth 5
=== Total time for iteration(89) 1.16357s

# domain::sync: 0.149857s
# FindNeighbors: 0.27142s
# Density: 0.0674734s
# EquationOfState: 0.000594426s
# mpi::synchronizeHalos: 0.0369844s
# IAD: 0.0918008s
# mpi::synchronizeHalos: 0.228345s
# MomentumEnergyIAD: 0.235333s
# Timestep: 0.183885s
# UpdateQuantities: 0.0012705s
# UpdateSmoothingLength: 0.00124178s
### Check ### Global Tree Nodes: 4096, Particles: 111130, Halos: 57348
### Check ### Computational domain: -0.5 0.5 -0.5 0.5 -0.5 0.5
### Check ### Total Neighbors: 93836646, Avg neighbor count per particle: 93
### Check ### Total time: 0.00905831, current time-step: 0.000224987
### Check ### Total energy: 0.999926, (internal: 0.837265, kinetic: 0.162661, gravitational: 0)
### Check ### Focus Tree Nodes: 8821, maxDepth 5
=== Total time for iteration(90) 1.26821s

# domain::sync: 0.161706s
# FindNeighbors: 0.273019s
# Density: 0.0679293s
# EquationOfState: 0.000621553s
# mpi::synchronizeHalos: 0.221434s
# IAD: 0.0915598s
# mpi::synchronizeHalos: 0.034464s
# MomentumEnergyIAD: 0.234857s
# Timestep: 0.0335179s
# UpdateQuantities: 0.00126883s
# UpdateSmoothingLength: 0.00128067s
### Check ### Global Tree Nodes: 4096, Particles: 111130, Halos: 57267
### Check ### Computational domain: -0.5 0.5 -0.5 0.5 -0.5 0.5
### Check ### Total Neighbors: 93872204, Avg neighbor count per particle: 93
### Check ### Total time: 0.00928403, current time-step: 0.000225719
### Check ### Total energy: 0.999926, (internal: 0.833007, kinetic: 0.166919, gravitational: 0)
### Check ### Focus Tree Nodes: 8821, maxDepth 5
=== Total time for iteration(91) 1.12166s

# domain::sync: 0.156617s
# FindNeighbors: 0.29139s
# Density: 0.0859931s
# EquationOfState: 0.000625509s
# mpi::synchronizeHalos: 0.0381091s
# IAD: 0.118083s
# mpi::synchronizeHalos: 0.0471608s
# MomentumEnergyIAD: 0.32736s
# Timestep: 0.208892s
# UpdateQuantities: 0.00126723s
# UpdateSmoothingLength: 0.00124442s
### Check ### Global Tree Nodes: 4096, Particles: 111130, Halos: 57198
### Check ### Computational domain: -0.5 0.5 -0.5 0.5 -0.5 0.5
### Check ### Total Neighbors: 120280600, Avg neighbor count per particle: 120
### Check ### Total time: 0.00951024, current time-step: 0.000226212
### Check ### Total energy: 0.999926, (internal: 0.82882, kinetic: 0.171106, gravitational: 0)
### Check ### Focus Tree Nodes: 8821, maxDepth 5
=== Total time for iteration(92) 1.27675s

# domain::sync: 0.147038s
# FindNeighbors: 0.271107s
# Density: 0.0677788s
# EquationOfState: 0.000596897s
# mpi::synchronizeHalos: 0.403385s
# IAD: 0.0929942s
# mpi::synchronizeHalos: 0.228775s
# MomentumEnergyIAD: 0.238202s
# Timestep: 0.00154371s
# UpdateQuantities: 0.00126611s
# UpdateSmoothingLength: 0.00126889s
### Check ### Global Tree Nodes: 4096, Particles: 111129, Halos: 57109
### Check ### Computational domain: -0.5 0.5 -0.5 0.5 -0.5 0.5
### Check ### Total Neighbors: 94239628, Avg neighbor count per particle: 94
### Check ### Total time: 0.00973642, current time-step: 0.000226175
### Check ### Total energy: 0.999925, (internal: 0.824715, kinetic: 0.17521, gravitational: 0)
### Check ### Focus Tree Nodes: 8821, maxDepth 5
=== Total time for iteration(93) 1.45396s

# domain::sync: 0.36961s
# FindNeighbors: 0.272418s
# Density: 0.0677222s
# EquationOfState: 0.000595491s
# mpi::synchronizeHalos: 0.0320548s
# IAD: 0.0916877s
# mpi::synchronizeHalos: 0.245607s
# MomentumEnergyIAD: 0.234651s
# Timestep: 0.0097624s
# UpdateQuantities: 0.00126349s
# UpdateSmoothingLength: 0.0012428s
### Check ### Global Tree Nodes: 4096, Particles: 111129, Halos: 57019
### Check ### Computational domain: -0.5 0.5 -0.5 0.5 -0.5 0.5
### Check ### Total Neighbors: 93870220, Avg neighbor count per particle: 93
### Check ### Total time: 0.00995711, current time-step: 0.000220696
### Check ### Total energy: 0.99992, (internal: 0.820789, kinetic: 0.179131, gravitational: 0)
### Check ### Focus Tree Nodes: 8821, maxDepth 5
=== Total time for iteration(94) 1.32662s

# domain::sync: 0.181196s
# FindNeighbors: 0.272828s
# Density: 0.0677315s
# EquationOfState: 0.000593487s
# mpi::synchronizeHalos: 0.457907s
# IAD: 0.0921799s
# mpi::synchronizeHalos: 0.0338553s
# MomentumEnergyIAD: 0.235318s
# Timestep: 0.00331305s
# UpdateQuantities: 0.00129516s
# UpdateSmoothingLength: 0.00127032s
### Check ### Global Tree Nodes: 4096, Particles: 111129, Halos: 56950
### Check ### Computational domain: -0.5 0.5 -0.5 0.5 -0.5 0.5
### Check ### Total Neighbors: 93892430, Avg neighbor count per particle: 93
### Check ### Total time: 0.0101762, current time-step: 0.000219114
### Check ### Total energy: 0.999918, (internal: 0.81697, kinetic: 0.182948, gravitational: 0)
### Check ### Focus Tree Nodes: 8821, maxDepth 5
=== Total time for iteration(95) 1.34749s

# domain::sync: 0.150418s
# FindNeighbors: 0.291344s
# Density: 0.0864602s
# EquationOfState: 0.000595332s
# mpi::synchronizeHalos: 0.0510725s
# IAD: 0.117704s
# mpi::synchronizeHalos: 0.424514s
# MomentumEnergyIAD: 0.326531s
# Timestep: 0.0299974s
# UpdateQuantities: 0.00126749s
# UpdateSmoothingLength: 0.00124154s
### Check ### Global Tree Nodes: 4096, Particles: 111128, Halos: 58130
### Check ### Computational domain: -0.5 0.5 -0.5 0.5 -0.5 0.5
### Check ### Total Neighbors: 120273178, Avg neighbor count per particle: 120
### Check ### Total time: 0.0103962, current time-step: 0.000220008
### Check ### Total energy: 0.999919, (internal: 0.813215, kinetic: 0.186703, gravitational: 0)
### Check ### Focus Tree Nodes: 8821, maxDepth 5
=== Total time for iteration(96) 1.48115s

# domain::sync: 0.157528s
# FindNeighbors: 0.271479s
# Density: 0.0680917s
# EquationOfState: 0.000597085s
# mpi::synchronizeHalos: 0.405093s
# IAD: 0.0919979s
# mpi::synchronizeHalos: 0.0262681s
# MomentumEnergyIAD: 0.237237s
# Timestep: 0.0275275s
# UpdateQuantities: 0.00126483s
# UpdateSmoothingLength: 0.00124168s
### Check ### Global Tree Nodes: 4096, Particles: 111128, Halos: 58112
### Check ### Computational domain: -0.5 0.5 -0.5 0.5 -0.5 0.5
### Check ### Total Neighbors: 94156358, Avg neighbor count per particle: 94
### Check ### Total time: 0.0106138, current time-step: 0.000217604
### Check ### Total energy: 0.999917, (internal: 0.809581, kinetic: 0.190336, gravitational: 0)
### Check ### Focus Tree Nodes: 8821, maxDepth 5
=== Total time for iteration(97) 1.28833s

# domain::sync: 0.360468s
# FindNeighbors: 0.27181s
# Density: 0.0681708s
# EquationOfState: 0.000595482s
# mpi::synchronizeHalos: 0.0383592s
# IAD: 0.0922157s
# mpi::synchronizeHalos: 0.0387997s
# MomentumEnergyIAD: 0.236107s
# Timestep: 0.194317s
# UpdateQuantities: 0.00126827s
# UpdateSmoothingLength: 0.00124439s
### Check ### Global Tree Nodes: 4096, Particles: 111127, Halos: 58046
### Check ### Computational domain: -0.5 0.5 -0.5 0.5 -0.5 0.5
### Check ### Total Neighbors: 93890290, Avg neighbor count per particle: 93
### Check ### Total time: 0.0108315, current time-step: 0.000217638
### Check ### Total energy: 0.999917, (internal: 0.806024, kinetic: 0.193893, gravitational: 0)
### Check ### Focus Tree Nodes: 8821, maxDepth 5
=== Total time for iteration(98) 1.30336s

# domain::sync: 0.149308s
# FindNeighbors: 0.27271s
# Density: 0.0678755s
# EquationOfState: 0.000595766s
# mpi::synchronizeHalos: 0.196662s
# IAD: 0.0922273s
# mpi::synchronizeHalos: 0.0480348s
# MomentumEnergyIAD: 0.235254s
# Timestep: 0.261607s
# UpdateQuantities: 0.00126173s
# UpdateSmoothingLength: 0.00124174s
### Check ### Global Tree Nodes: 4096, Particles: 111127, Halos: 58022
### Check ### Computational domain: -0.5 0.5 -0.5 0.5 -0.5 0.5
### Check ### Total Neighbors: 93976392, Avg neighbor count per particle: 93
### Check ### Total time: 0.0110478, current time-step: 0.00021631
### Check ### Total energy: 0.999916, (internal: 0.802568, kinetic: 0.197348, gravitational: 0)
### Check ### Focus Tree Nodes: 8765, maxDepth 5
=== Total time for iteration(99) 1.32678s

# domain::sync: 0.38031s
# FindNeighbors: 0.292236s
# Density: 0.0860881s
# EquationOfState: 0.000599048s
# mpi::synchronizeHalos: 0.0335512s
# IAD: 0.117877s
# mpi::synchronizeHalos: 0.0287128s
# MomentumEnergyIAD: 0.320326s
# Timestep: 0.260048s
# UpdateQuantities: 0.00126722s
# UpdateSmoothingLength: 0.00126947s
### Check ### Global Tree Nodes: 4096, Particles: 111127, Halos: 57986
### Check ### Computational domain: -0.5 0.5 -0.5 0.5 -0.5 0.5
### Check ### Total Neighbors: 120318888, Avg neighbor count per particle: 120
### Check ### Total time: 0.0112624, current time-step: 0.000214594
### Check ### Total energy: 0.999914, (internal: 0.799216, kinetic: 0.200699, gravitational: 0)
### Check ### Focus Tree Nodes: 8765, maxDepth 5
=== Total time for iteration(100) 1.52229s

# Total execution time of 100 iterations of sedov up to t = 0.011262: 129.742s
real 130.11
user 97.09
sys 32.59
