22.31

Params:Program: ../sph-exa-build/main/src/sphexa/sphexa-cuda
Particles: 100
Timestep: 100
Numthreads: 1
# SPHEXA: HEAD/22053277
# 1 MPI-3.1 process(es) with 1 OpenMP-201511 thread(s)/process
Data generated for 1000000 global particles
Domain synchronized, nLocalParticles 1000000
# domain::sync: 0.00638731s
# FindNeighbors: 0.000345852s
# Density: 0.0715821s
# EquationOfState: 0.00165516s
# mpi::synchronizeHalos: 4.922e-06s
# IAD: 0.0674324s
# mpi::synchronizeHalos: 4.559e-06s
# MomentumEnergyIAD: 0.0663839s
# Timestep: 7.308e-06s
# UpdateQuantities: 0.00361632s
# UpdateSmoothingLength: 1.8308e-05s
### Check ### Global Tree Nodes: 512, Particles: 1000000, Halos: 0
### Check ### Computational domain: -0.5 0.5 -0.5 0.5 -0.5 0.5
### Check ### Total Neighbors: 93000000, Avg neighbor count per particle: 93
### Check ### Total time: 1.1e-06, current time-step: 1.1e-06
### Check ### Total energy: 1, (internal: 1, kinetic: 1.06507e-08, gravitational: 0)
### Check ### Focus Tree Nodes: 32768, maxDepth 5, maxStackNc 0, maxStackGravity 0
=== Total time for iteration(1) 0.21744s

# domain::sync: 0.00603574s
# FindNeighbors: 0.000342597s
# Density: 0.0583495s
# EquationOfState: 0.000133421s
# mpi::synchronizeHalos: 2.473e-06s
# IAD: 0.0579837s
# mpi::synchronizeHalos: 1.536e-06s
# MomentumEnergyIAD: 0.0599863s
# Timestep: 1.764e-06s
# UpdateQuantities: 3.411e-06s
# UpdateSmoothingLength: 2.544e-06s
### Check ### Global Tree Nodes: 512, Particles: 1000000, Halos: 0
### Check ### Computational domain: -0.5 0.5 -0.5 0.5 -0.5 0.5
### Check ### Total Neighbors: 93000000, Avg neighbor count per particle: 93
### Check ### Total time: 2.31e-06, current time-step: 1.21e-06
### Check ### Total energy: 1, (internal: 1, kinetic: 3.28473e-08, gravitational: 0)
### Check ### Focus Tree Nodes: 32768, maxDepth 5, maxStackNc 0, maxStackGravity 0
=== Total time for iteration(2) 0.182844s

# domain::sync: 0.00587542s
# FindNeighbors: 0.000341603s
# Density: 0.0585194s
# EquationOfState: 0.00013335s
# mpi::synchronizeHalos: 1.605e-06s
# IAD: 0.0584656s
# mpi::synchronizeHalos: 2.18e-06s
# MomentumEnergyIAD: 0.0603828s
# Timestep: 2.061e-06s
# UpdateQuantities: 3.596e-06s
# UpdateSmoothingLength: 2.807e-06s
### Check ### Global Tree Nodes: 512, Particles: 1000000, Halos: 0
### Check ### Computational domain: -0.5 0.5 -0.5 0.5 -0.5 0.5
### Check ### Total Neighbors: 93000000, Avg neighbor count per particle: 93
### Check ### Total time: 3.641e-06, current time-step: 1.331e-06
### Check ### Total energy: 1, (internal: 1, kinetic: 7.13259e-08, gravitational: 0)
### Check ### Focus Tree Nodes: 32768, maxDepth 5, maxStackNc 0, maxStackGravity 0
=== Total time for iteration(3) 0.183731s

# domain::sync: 0.00587516s
# FindNeighbors: 0.00034069s
# Density: 0.0584336s
# EquationOfState: 0.000132632s
# mpi::synchronizeHalos: 1.637e-06s
# IAD: 0.0582713s
# mpi::synchronizeHalos: 1.609e-06s
# MomentumEnergyIAD: 0.0603308s
# Timestep: 1.563e-06s
# UpdateQuantities: 2.821e-06s
# UpdateSmoothingLength: 2.415e-06s
### Check ### Global Tree Nodes: 512, Particles: 1000000, Halos: 0
### Check ### Computational domain: -0.5 0.5 -0.5 0.5 -0.5 0.5
### Check ### Total Neighbors: 93000000, Avg neighbor count per particle: 93
### Check ### Total time: 5.1051e-06, current time-step: 1.4641e-06
### Check ### Total energy: 1, (internal: 1, kinetic: 1.30663e-07, gravitational: 0)
### Check ### Focus Tree Nodes: 32768, maxDepth 5, maxStackNc 0, maxStackGravity 0
=== Total time for iteration(4) 0.183395s

# domain::sync: 0.00577865s
# FindNeighbors: 0.000341028s
# Density: 0.0586461s
# EquationOfState: 0.000133144s
# mpi::synchronizeHalos: 1.67e-06s
# IAD: 0.0583117s
# mpi::synchronizeHalos: 1.447e-06s
# MomentumEnergyIAD: 0.0600267s
# Timestep: 1.566e-06s
# UpdateQuantities: 2.941e-06s
# UpdateSmoothingLength: 2.381e-06s
### Check ### Global Tree Nodes: 512, Particles: 1000000, Halos: 0
### Check ### Computational domain: -0.5 0.5 -0.5 0.5 -0.5 0.5
### Check ### Total Neighbors: 93000000, Avg neighbor count per particle: 93
### Check ### Total time: 6.71561e-06, current time-step: 1.61051e-06
### Check ### Total energy: 1, (internal: 1, kinetic: 2.16511e-07, gravitational: 0)
### Check ### Focus Tree Nodes: 32768, maxDepth 5, maxStackNc 0, maxStackGravity 0
=== Total time for iteration(5) 0.183248s

# domain::sync: 0.00586518s
# FindNeighbors: 0.000342673s
# Density: 0.0583644s
# EquationOfState: 0.000132528s
# mpi::synchronizeHalos: 1.615e-06s
# IAD: 0.0582523s
# mpi::synchronizeHalos: 1.605e-06s
# MomentumEnergyIAD: 0.0600441s
# Timestep: 2.542e-06s
# UpdateQuantities: 2.875e-06s
# UpdateSmoothingLength: 2.396e-06s
### Check ### Global Tree Nodes: 512, Particles: 1000000, Halos: 0
### Check ### Computational domain: -0.5 0.5 -0.5 0.5 -0.5 0.5
### Check ### Total Neighbors: 93000000, Avg neighbor count per particle: 93
### Check ### Total time: 8.48717e-06, current time-step: 1.77156e-06
### Check ### Total energy: 1, (internal: 1, kinetic: 3.35833e-07, gravitational: 0)
### Check ### Focus Tree Nodes: 32768, maxDepth 5, maxStackNc 0, maxStackGravity 0
=== Total time for iteration(6) 0.183013s

# domain::sync: 0.00585163s
# FindNeighbors: 0.00034187s
# Density: 0.0595981s
# EquationOfState: 0.000132683s
# mpi::synchronizeHalos: 1.665e-06s
# IAD: 0.0595142s
# mpi::synchronizeHalos: 1.559e-06s
# MomentumEnergyIAD: 0.0618654s
# Timestep: 1.586e-06s
# UpdateQuantities: 3.033e-06s
# UpdateSmoothingLength: 2.402e-06s
### Check ### Global Tree Nodes: 512, Particles: 1000000, Halos: 0
### Check ### Computational domain: -0.5 0.5 -0.5 0.5 -0.5 0.5
### Check ### Total Neighbors: 123000000, Avg neighbor count per particle: 123
### Check ### Total time: 1.04359e-05, current time-step: 1.94872e-06
### Check ### Total energy: 1, (internal: 1, kinetic: 4.97197e-07, gravitational: 0)
### Check ### Focus Tree Nodes: 32768, maxDepth 5, maxStackNc 0, maxStackGravity 0
=== Total time for iteration(7) 0.187315s

# domain::sync: 0.00585351s
# FindNeighbors: 0.000342374s
# Density: 0.0584385s
# EquationOfState: 0.000132663s
# mpi::synchronizeHalos: 1.597e-06s
# IAD: 0.0581884s
# mpi::synchronizeHalos: 1.466e-06s
# MomentumEnergyIAD: 0.0604169s
# Timestep: 1.53e-06s
# UpdateQuantities: 2.85e-06s
# UpdateSmoothingLength: 2.352e-06s
### Check ### Global Tree Nodes: 512, Particles: 1000000, Halos: 0
### Check ### Computational domain: -0.5 0.5 -0.5 0.5 -0.5 0.5
### Check ### Total Neighbors: 93000000, Avg neighbor count per particle: 93
### Check ### Total time: 1.25795e-05, current time-step: 2.14359e-06
### Check ### Total energy: 1, (internal: 0.999999, kinetic: 7.11256e-07, gravitational: 0)
### Check ### Focus Tree Nodes: 32768, maxDepth 5, maxStackNc 0, maxStackGravity 0
=== Total time for iteration(8) 0.183383s

# domain::sync: 0.00578434s
# FindNeighbors: 0.000342963s
# Density: 0.0584239s
# EquationOfState: 0.000134619s
# mpi::synchronizeHalos: 1.778e-06s
# IAD: 0.0583103s
# mpi::synchronizeHalos: 1.386e-06s
# MomentumEnergyIAD: 0.0600237s
# Timestep: 1.591e-06s
# UpdateQuantities: 2.881e-06s
# UpdateSmoothingLength: 2.293e-06s
### Check ### Global Tree Nodes: 512, Particles: 1000000, Halos: 0
### Check ### Computational domain: -0.5 0.5 -0.5 0.5 -0.5 0.5
### Check ### Total Neighbors: 93000000, Avg neighbor count per particle: 93
### Check ### Total time: 1.49374e-05, current time-step: 2.35795e-06
### Check ### Total energy: 1, (internal: 0.999999, kinetic: 9.90776e-07, gravitational: 0)
### Check ### Focus Tree Nodes: 32768, maxDepth 5, maxStackNc 0, maxStackGravity 0
=== Total time for iteration(9) 0.18303s

# domain::sync: 0.00585241s
# FindNeighbors: 0.000339239s
# Density: 0.0583636s
# EquationOfState: 0.000132755s
# mpi::synchronizeHalos: 1.583e-06s
# IAD: 0.058141s
# mpi::synchronizeHalos: 1.87e-06s
# MomentumEnergyIAD: 0.0600366s
# Timestep: 1.835e-06s
# UpdateQuantities: 2.863e-06s
# UpdateSmoothingLength: 2.388e-06s
### Check ### Global Tree Nodes: 512, Particles: 1000000, Halos: 0
### Check ### Computational domain: -0.5 0.5 -0.5 0.5 -0.5 0.5
### Check ### Total Neighbors: 93000000, Avg neighbor count per particle: 93
### Check ### Total time: 1.75312e-05, current time-step: 2.59374e-06
### Check ### Total energy: 1, (internal: 0.999999, kinetic: 1.35159e-06, gravitational: 0)
### Check ### Focus Tree Nodes: 32768, maxDepth 5, maxStackNc 0, maxStackGravity 0
=== Total time for iteration(10) 0.182877s

# domain::sync: 0.00584605s
# FindNeighbors: 0.000343221s
# Density: 0.0596593s
# EquationOfState: 0.000132705s
# mpi::synchronizeHalos: 1.629e-06s
# IAD: 0.0596149s
# mpi::synchronizeHalos: 1.402e-06s
# MomentumEnergyIAD: 0.0618864s
# Timestep: 1.565e-06s
# UpdateQuantities: 2.74e-06s
# UpdateSmoothingLength: 2.368e-06s
### Check ### Global Tree Nodes: 512, Particles: 1000000, Halos: 0
### Check ### Computational domain: -0.5 0.5 -0.5 0.5 -0.5 0.5
### Check ### Total Neighbors: 123000000, Avg neighbor count per particle: 123
### Check ### Total time: 2.03843e-05, current time-step: 2.85312e-06
### Check ### Total energy: 1, (internal: 0.999998, kinetic: 1.813e-06, gravitational: 0)
### Check ### Focus Tree Nodes: 32768, maxDepth 5, maxStackNc 0, maxStackGravity 0
=== Total time for iteration(11) 0.187493s

# domain::sync: 0.0058087s
# FindNeighbors: 0.000341765s
# Density: 0.0584721s
# EquationOfState: 0.000132683s
# mpi::synchronizeHalos: 1.631e-06s
# IAD: 0.0581931s
# mpi::synchronizeHalos: 1.399e-06s
# MomentumEnergyIAD: 0.0601233s
# Timestep: 1.584e-06s
# UpdateQuantities: 2.831e-06s
# UpdateSmoothingLength: 2.236e-06s
### Check ### Global Tree Nodes: 512, Particles: 1000000, Halos: 0
### Check ### Computational domain: -0.5 0.5 -0.5 0.5 -0.5 0.5
### Check ### Total Neighbors: 93000000, Avg neighbor count per particle: 93
### Check ### Total time: 2.35227e-05, current time-step: 3.13843e-06
### Check ### Total energy: 1, (internal: 0.999998, kinetic: 2.39897e-06, gravitational: 0)
### Check ### Focus Tree Nodes: 32768, maxDepth 5, maxStackNc 0, maxStackGravity 0
=== Total time for iteration(12) 0.183082s

# domain::sync: 0.00582231s
# FindNeighbors: 0.000338046s
# Density: 0.0583723s
# EquationOfState: 0.000132896s
# mpi::synchronizeHalos: 1.553e-06s
# IAD: 0.0582315s
# mpi::synchronizeHalos: 1.526e-06s
# MomentumEnergyIAD: 0.0602035s
# Timestep: 1.576e-06s
# UpdateQuantities: 2.734e-06s
# UpdateSmoothingLength: 2.209e-06s
### Check ### Global Tree Nodes: 512, Particles: 1000000, Halos: 0
### Check ### Computational domain: -0.5 0.5 -0.5 0.5 -0.5 0.5
### Check ### Total Neighbors: 93000000, Avg neighbor count per particle: 93
### Check ### Total time: 2.6975e-05, current time-step: 3.45227e-06
### Check ### Total energy: 1, (internal: 0.999997, kinetic: 3.13792e-06, gravitational: 0)
### Check ### Focus Tree Nodes: 32768, maxDepth 5, maxStackNc 0, maxStackGravity 0
=== Total time for iteration(13) 0.183111s

# domain::sync: 0.00585407s
# FindNeighbors: 0.000345512s
# Density: 0.0583819s
# EquationOfState: 0.000132684s
# mpi::synchronizeHalos: 1.568e-06s
# IAD: 0.0582422s
# mpi::synchronizeHalos: 1.954e-06s
# MomentumEnergyIAD: 0.0600565s
# Timestep: 1.701e-06s
# UpdateQuantities: 2.827e-06s
# UpdateSmoothingLength: 2.4e-06s
### Check ### Global Tree Nodes: 512, Particles: 1000000, Halos: 0
### Check ### Computational domain: -0.5 0.5 -0.5 0.5 -0.5 0.5
### Check ### Total Neighbors: 93000000, Avg neighbor count per particle: 93
### Check ### Total time: 3.07725e-05, current time-step: 3.7975e-06
### Check ### Total energy: 1, (internal: 0.999996, kinetic: 4.06507e-06, gravitational: 0)
### Check ### Focus Tree Nodes: 32768, maxDepth 5, maxStackNc 0, maxStackGravity 0
=== Total time for iteration(14) 0.183024s

# domain::sync: 0.00585113s
# FindNeighbors: 0.000340732s
# Density: 0.0598375s
# EquationOfState: 0.000132666s
# mpi::synchronizeHalos: 1.55e-06s
# IAD: 0.0594334s
# mpi::synchronizeHalos: 1.388e-06s
# MomentumEnergyIAD: 0.0621534s
# Timestep: 1.498e-06s
# UpdateQuantities: 2.752e-06s
# UpdateSmoothingLength: 2.376e-06s
### Check ### Global Tree Nodes: 512, Particles: 1000000, Halos: 0
### Check ### Computational domain: -0.5 0.5 -0.5 0.5 -0.5 0.5
### Check ### Total Neighbors: 123000000, Avg neighbor count per particle: 123
### Check ### Total time: 3.49497e-05, current time-step: 4.17725e-06
### Check ### Total energy: 1, (internal: 0.999995, kinetic: 5.22319e-06, gravitational: 0)
### Check ### Focus Tree Nodes: 32768, maxDepth 5, maxStackNc 0, maxStackGravity 0
=== Total time for iteration(15) 0.187759s

# domain::sync: 0.00585526s
# FindNeighbors: 0.000338451s
# Density: 0.0582522s
# EquationOfState: 0.000132406s
# mpi::synchronizeHalos: 1.578e-06s
# IAD: 0.0581704s
# mpi::synchronizeHalos: 1.407e-06s
# MomentumEnergyIAD: 0.0601585s
# Timestep: 1.538e-06s
# UpdateQuantities: 2.792e-06s
# UpdateSmoothingLength: 2.299e-06s
### Check ### Global Tree Nodes: 512, Particles: 1000000, Halos: 0
### Check ### Computational domain: -0.5 0.5 -0.5 0.5 -0.5 0.5
### Check ### Total Neighbors: 93000000, Avg neighbor count per particle: 93
### Check ### Total time: 3.95447e-05, current time-step: 4.59497e-06
### Check ### Total energy: 1, (internal: 0.999993, kinetic: 6.66529e-06, gravitational: 0)
### Check ### Focus Tree Nodes: 32768, maxDepth 5, maxStackNc 0, maxStackGravity 0
=== Total time for iteration(16) 0.182918s

# domain::sync: 0.00583896s
# FindNeighbors: 0.000338423s
# Density: 0.0586016s
# EquationOfState: 0.000132527s
# mpi::synchronizeHalos: 1.614e-06s
# IAD: 0.0582581s
# mpi::synchronizeHalos: 1.558e-06s
# MomentumEnergyIAD: 0.0601787s
# Timestep: 1.575e-06s
# UpdateQuantities: 2.685e-06s
# UpdateSmoothingLength: 2.428e-06s
### Check ### Global Tree Nodes: 512, Particles: 1000000, Halos: 0
### Check ### Computational domain: -0.5 0.5 -0.5 0.5 -0.5 0.5
### Check ### Total Neighbors: 93000000, Avg neighbor count per particle: 93
### Check ### Total time: 4.45992e-05, current time-step: 5.05447e-06
### Check ### Total energy: 1, (internal: 0.999992, kinetic: 8.4538e-06, gravitational: 0)
### Check ### Focus Tree Nodes: 32768, maxDepth 5, maxStackNc 0, maxStackGravity 0
=== Total time for iteration(17) 0.183359s

# domain::sync: 0.00580614s
# FindNeighbors: 0.000344598s
# Density: 0.0584496s
# EquationOfState: 0.000132626s
# mpi::synchronizeHalos: 1.553e-06s
# IAD: 0.0581939s
# mpi::synchronizeHalos: 1.787e-06s
# MomentumEnergyIAD: 0.0600096s
# Timestep: 1.599e-06s
# UpdateQuantities: 2.766e-06s
# UpdateSmoothingLength: 2.435e-06s
### Check ### Global Tree Nodes: 512, Particles: 1000000, Halos: 0
### Check ### Computational domain: -0.5 0.5 -0.5 0.5 -0.5 0.5
### Check ### Total Neighbors: 93000000, Avg neighbor count per particle: 93
### Check ### Total time: 5.01591e-05, current time-step: 5.55992e-06
### Check ### Total energy: 1, (internal: 0.999989, kinetic: 1.06661e-05, gravitational: 0)
### Check ### Focus Tree Nodes: 32768, maxDepth 5, maxStackNc 0, maxStackGravity 0
=== Total time for iteration(18) 0.182947s

# domain::sync: 0.00583771s
# FindNeighbors: 0.000342807s
# Density: 0.0600328s
# EquationOfState: 0.000132417s
# mpi::synchronizeHalos: 1.554e-06s
# IAD: 0.0597854s
# mpi::synchronizeHalos: 1.545e-06s
# MomentumEnergyIAD: 0.0618528s
# Timestep: 1.636e-06s
# UpdateQuantities: 2.832e-06s
# UpdateSmoothingLength: 2.394e-06s
### Check ### Global Tree Nodes: 512, Particles: 1000000, Halos: 0
### Check ### Computational domain: -0.5 0.5 -0.5 0.5 -0.5 0.5
### Check ### Total Neighbors: 123000000, Avg neighbor count per particle: 123
### Check ### Total time: 5.6275e-05, current time-step: 6.11591e-06
### Check ### Total energy: 1, (internal: 0.999987, kinetic: 1.33959e-05, gravitational: 0)
### Check ### Focus Tree Nodes: 32768, maxDepth 5, maxStackNc 0, maxStackGravity 0
=== Total time for iteration(19) 0.187995s

# domain::sync: 0.00584808s
# FindNeighbors: 0.000345223s
# Density: 0.0585017s
# EquationOfState: 0.000133395s
# mpi::synchronizeHalos: 1.68e-06s
# IAD: 0.0583828s
# mpi::synchronizeHalos: 1.563e-06s
# MomentumEnergyIAD: 0.0600832s
# Timestep: 1.675e-06s
# UpdateQuantities: 2.935e-06s
# UpdateSmoothingLength: 2.402e-06s
### Check ### Global Tree Nodes: 512, Particles: 1000000, Halos: 0
### Check ### Computational domain: -0.5 0.5 -0.5 0.5 -0.5 0.5
### Check ### Total Neighbors: 93000000, Avg neighbor count per particle: 93
### Check ### Total time: 6.30025e-05, current time-step: 6.7275e-06
### Check ### Total energy: 1, (internal: 0.999983, kinetic: 1.67591e-05, gravitational: 0)
### Check ### Focus Tree Nodes: 32768, maxDepth 5, maxStackNc 0, maxStackGravity 0
=== Total time for iteration(20) 0.183305s

# domain::sync: 0.00583875s
# FindNeighbors: 0.000344478s
# Density: 0.0586382s
# EquationOfState: 0.000132648s
# mpi::synchronizeHalos: 1.609e-06s
# IAD: 0.0584137s
# mpi::synchronizeHalos: 1.405e-06s
# MomentumEnergyIAD: 0.0601898s
# Timestep: 1.968e-06s
# UpdateQuantities: 3.18e-06s
# UpdateSmoothingLength: 2.338e-06s
### Check ### Global Tree Nodes: 512, Particles: 1000000, Halos: 0
### Check ### Computational domain: -0.5 0.5 -0.5 0.5 -0.5 0.5
### Check ### Total Neighbors: 93000000, Avg neighbor count per particle: 93
### Check ### Total time: 7.04027e-05, current time-step: 7.40025e-06
### Check ### Total energy: 1, (internal: 0.999979, kinetic: 2.08918e-05, gravitational: 0)
### Check ### Focus Tree Nodes: 32768, maxDepth 5, maxStackNc 0, maxStackGravity 0
=== Total time for iteration(21) 0.183569s

# domain::sync: 0.00581605s
# FindNeighbors: 0.00034116s
# Density: 0.0583976s
# EquationOfState: 0.000132714s
# mpi::synchronizeHalos: 1.6e-06s
# IAD: 0.0583343s
# mpi::synchronizeHalos: 1.491e-06s
# MomentumEnergyIAD: 0.0604744s
# Timestep: 1.661e-06s
# UpdateQuantities: 2.76e-06s
# UpdateSmoothingLength: 2.401e-06s
### Check ### Global Tree Nodes: 512, Particles: 1000000, Halos: 0
### Check ### Computational domain: -0.5 0.5 -0.5 0.5 -0.5 0.5
### Check ### Total Neighbors: 93000000, Avg neighbor count per particle: 93
### Check ### Total time: 7.8543e-05, current time-step: 8.14027e-06
### Check ### Total energy: 1, (internal: 0.999974, kinetic: 2.59626e-05, gravitational: 0)
### Check ### Focus Tree Nodes: 32768, maxDepth 5, maxStackNc 0, maxStackGravity 0
=== Total time for iteration(22) 0.183507s

# domain::sync: 0.00577651s
# FindNeighbors: 0.000341815s
# Density: 0.0597202s
# EquationOfState: 0.000132643s
# mpi::synchronizeHalos: 1.614e-06s
# IAD: 0.059404s
# mpi::synchronizeHalos: 1.531e-06s
# MomentumEnergyIAD: 0.0618045s
# Timestep: 1.588e-06s
# UpdateQuantities: 2.826e-06s
# UpdateSmoothingLength: 2.392e-06s
### Check ### Global Tree Nodes: 512, Particles: 1000000, Halos: 0
### Check ### Computational domain: -0.5 0.5 -0.5 0.5 -0.5 0.5
### Check ### Total Neighbors: 123000000, Avg neighbor count per particle: 123
### Check ### Total time: 8.74973e-05, current time-step: 8.9543e-06
### Check ### Total energy: 1, (internal: 0.999968, kinetic: 3.2175e-05, gravitational: 0)
### Check ### Focus Tree Nodes: 32768, maxDepth 5, maxStackNc 0, maxStackGravity 0
=== Total time for iteration(23) 0.18719s

# domain::sync: 0.00581859s
# FindNeighbors: 0.000345508s
# Density: 0.0584988s
# EquationOfState: 0.000132463s
# mpi::synchronizeHalos: 1.603e-06s
# IAD: 0.0583558s
# mpi::synchronizeHalos: 1.448e-06s
# MomentumEnergyIAD: 0.0600621s
# Timestep: 1.688e-06s
# UpdateQuantities: 2.777e-06s
# UpdateSmoothingLength: 2.262e-06s
### Check ### Global Tree Nodes: 512, Particles: 1000000, Halos: 0
### Check ### Computational domain: -0.5 0.5 -0.5 0.5 -0.5 0.5
### Check ### Total Neighbors: 93000000, Avg neighbor count per particle: 93
### Check ### Total time: 9.73471e-05, current time-step: 9.84973e-06
### Check ### Total energy: 1, (internal: 0.99996, kinetic: 3.97811e-05, gravitational: 0)
### Check ### Focus Tree Nodes: 32768, maxDepth 5, maxStackNc 0, maxStackGravity 0
=== Total time for iteration(24) 0.183224s

# domain::sync: 0.00583591s
# FindNeighbors: 0.000340213s
# Density: 0.0585138s
# EquationOfState: 0.000132333s
# mpi::synchronizeHalos: 1.496e-06s
# IAD: 0.0583532s
# mpi::synchronizeHalos: 1.472e-06s
# MomentumEnergyIAD: 0.0600536s
# Timestep: 2.094e-06s
# UpdateQuantities: 3.343e-06s
# UpdateSmoothingLength: 2.361e-06s
### Check ### Global Tree Nodes: 512, Particles: 1000000, Halos: 0
### Check ### Computational domain: -0.5 0.5 -0.5 0.5 -0.5 0.5
### Check ### Total Neighbors: 93000000, Avg neighbor count per particle: 93
### Check ### Total time: 0.000108182, current time-step: 1.08347e-05
### Check ### Total energy: 1, (internal: 0.999951, kinetic: 4.90755e-05, gravitational: 0)
### Check ### Focus Tree Nodes: 32768, maxDepth 5, maxStackNc 0, maxStackGravity 0
=== Total time for iteration(25) 0.183241s

# domain::sync: 0.00584187s
# FindNeighbors: 0.00034069s
# Density: 0.0596937s
# EquationOfState: 0.000132528s
# mpi::synchronizeHalos: 1.665e-06s
# IAD: 0.0593543s
# mpi::synchronizeHalos: 1.611e-06s
# MomentumEnergyIAD: 0.0619418s
# Timestep: 1.64e-06s
# UpdateQuantities: 2.707e-06s
# UpdateSmoothingLength: 2.337e-06s
### Check ### Global Tree Nodes: 512, Particles: 1000000, Halos: 0
### Check ### Computational domain: -0.5 0.5 -0.5 0.5 -0.5 0.5
### Check ### Total Neighbors: 123000000, Avg neighbor count per particle: 123
### Check ### Total time: 0.0001201, current time-step: 1.19182e-05
### Check ### Total energy: 1, (internal: 0.99994, kinetic: 6.04231e-05, gravitational: 0)
### Check ### Focus Tree Nodes: 32768, maxDepth 5, maxStackNc 0, maxStackGravity 0
=== Total time for iteration(26) 0.187316s

# domain::sync: 0.00584213s
# FindNeighbors: 0.000343893s
# Density: 0.0584986s
# EquationOfState: 0.00013246s
# mpi::synchronizeHalos: 1.604e-06s
# IAD: 0.0584669s
# mpi::synchronizeHalos: 1.56e-06s
# MomentumEnergyIAD: 0.0601889s
# Timestep: 1.599e-06s
# UpdateQuantities: 2.709e-06s
# UpdateSmoothingLength: 2.323e-06s
### Check ### Global Tree Nodes: 512, Particles: 1000000, Halos: 0
### Check ### Computational domain: -0.5 0.5 -0.5 0.5 -0.5 0.5
### Check ### Total Neighbors: 93000000, Avg neighbor count per particle: 93
### Check ### Total time: 0.00013321, current time-step: 1.311e-05
### Check ### Total energy: 1, (internal: 0.999926, kinetic: 7.42729e-05, gravitational: 0)
### Check ### Focus Tree Nodes: 32768, maxDepth 5, maxStackNc 0, maxStackGravity 0
=== Total time for iteration(27) 0.183483s

# domain::sync: 0.00582773s
# FindNeighbors: 0.000340229s
# Density: 0.0583985s
# EquationOfState: 0.000132504s
# mpi::synchronizeHalos: 1.656e-06s
# IAD: 0.058498s
# mpi::synchronizeHalos: 1.467e-06s
# MomentumEnergyIAD: 0.0601226s
# Timestep: 1.567e-06s
# UpdateQuantities: 2.752e-06s
# UpdateSmoothingLength: 2.409e-06s
### Check ### Global Tree Nodes: 512, Particles: 1000000, Halos: 0
### Check ### Computational domain: -0.5 0.5 -0.5 0.5 -0.5 0.5
### Check ### Total Neighbors: 93000000, Avg neighbor count per particle: 93
### Check ### Total time: 0.000147631, current time-step: 1.4421e-05
### Check ### Total energy: 1, (internal: 0.999909, kinetic: 9.11499e-05, gravitational: 0)
### Check ### Focus Tree Nodes: 32768, maxDepth 5, maxStackNc 0, maxStackGravity 0
=== Total time for iteration(28) 0.18333s

# domain::sync: 0.00581492s
# FindNeighbors: 0.000339289s
# Density: 0.0584405s
# EquationOfState: 0.000132466s
# mpi::synchronizeHalos: 1.607e-06s
# IAD: 0.0584057s
# mpi::synchronizeHalos: 1.478e-06s
# MomentumEnergyIAD: 0.0603758s
# Timestep: 1.509e-06s
# UpdateQuantities: 2.721e-06s
# UpdateSmoothingLength: 2.404e-06s
### Check ### Global Tree Nodes: 512, Particles: 1000000, Halos: 0
### Check ### Computational domain: -0.5 0.5 -0.5 0.5 -0.5 0.5
### Check ### Total Neighbors: 93000000, Avg neighbor count per particle: 93
### Check ### Total time: 0.000163494, current time-step: 1.58631e-05
### Check ### Total energy: 1, (internal: 0.999888, kinetic: 0.000111703, gravitational: 0)
### Check ### Focus Tree Nodes: 32768, maxDepth 5, maxStackNc 0, maxStackGravity 0
=== Total time for iteration(29) 0.183519s

# domain::sync: 0.00581274s
# FindNeighbors: 0.000343798s
# Density: 0.0599648s
# EquationOfState: 0.000132522s
# mpi::synchronizeHalos: 1.635e-06s
# IAD: 0.0595599s
# mpi::synchronizeHalos: 1.455e-06s
# MomentumEnergyIAD: 0.0623155s
# Timestep: 2.142e-06s
# UpdateQuantities: 3.351e-06s
# UpdateSmoothingLength: 2.375e-06s
### Check ### Global Tree Nodes: 512, Particles: 1000000, Halos: 0
### Check ### Computational domain: -0.5 0.5 -0.5 0.5 -0.5 0.5
### Check ### Total Neighbors: 123000000, Avg neighbor count per particle: 123
### Check ### Total time: 0.000180943, current time-step: 1.74494e-05
### Check ### Total energy: 1, (internal: 0.999863, kinetic: 0.000136716, gravitational: 0)
### Check ### Focus Tree Nodes: 32768, maxDepth 5, maxStackNc 0, maxStackGravity 0
=== Total time for iteration(30) 0.188141s

# domain::sync: 0.0058763s
# FindNeighbors: 0.000338388s
# Density: 0.0586043s
# EquationOfState: 0.000133221s
# mpi::synchronizeHalos: 1.601e-06s
# IAD: 0.0582569s
# mpi::synchronizeHalos: 1.425e-06s
# MomentumEnergyIAD: 0.0603056s
# Timestep: 1.642e-06s
# UpdateQuantities: 2.728e-06s
# UpdateSmoothingLength: 2.393e-06s
### Check ### Global Tree Nodes: 512, Particles: 1000000, Halos: 0
### Check ### Computational domain: -0.5 0.5 -0.5 0.5 -0.5 0.5
### Check ### Total Neighbors: 93000000, Avg neighbor count per particle: 93
### Check ### Total time: 0.000200138, current time-step: 1.91943e-05
### Check ### Total energy: 1, (internal: 0.999833, kinetic: 0.000167155, gravitational: 0)
### Check ### Focus Tree Nodes: 32768, maxDepth 5, maxStackNc 0, maxStackGravity 0
=== Total time for iteration(31) 0.183525s

# domain::sync: 0.00590043s
# FindNeighbors: 0.000341273s
# Density: 0.0584842s
# EquationOfState: 0.000133272s
# mpi::synchronizeHalos: 1.721e-06s
# IAD: 0.0582507s
# mpi::synchronizeHalos: 1.43e-06s
# MomentumEnergyIAD: 0.0601462s
# Timestep: 1.663e-06s
# UpdateQuantities: 2.95e-06s
# UpdateSmoothingLength: 2.35e-06s
### Check ### Global Tree Nodes: 512, Particles: 1000000, Halos: 0
### Check ### Computational domain: -0.5 0.5 -0.5 0.5 -0.5 0.5
### Check ### Total Neighbors: 93000000, Avg neighbor count per particle: 93
### Check ### Total time: 0.000221252, current time-step: 2.11138e-05
### Check ### Total energy: 1, (internal: 0.999796, kinetic: 0.000204149, gravitational: 0)
### Check ### Focus Tree Nodes: 32768, maxDepth 5, maxStackNc 0, maxStackGravity 0
=== Total time for iteration(32) 0.183267s

# domain::sync: 0.00581734s
# FindNeighbors: 0.000340738s
# Density: 0.058431s
# EquationOfState: 0.000132709s
# mpi::synchronizeHalos: 1.635e-06s
# IAD: 0.0581399s
# mpi::synchronizeHalos: 1.512e-06s
# MomentumEnergyIAD: 0.0600338s
# Timestep: 1.605e-06s
# UpdateQuantities: 3.004e-06s
# UpdateSmoothingLength: 2.435e-06s
### Check ### Global Tree Nodes: 512, Particles: 1000000, Halos: 0
### Check ### Computational domain: -0.5 0.5 -0.5 0.5 -0.5 0.5
### Check ### Total Neighbors: 93000000, Avg neighbor count per particle: 93
### Check ### Total time: 0.000244477, current time-step: 2.32252e-05
### Check ### Total energy: 1, (internal: 0.999751, kinetic: 0.000249092, gravitational: 0)
### Check ### Focus Tree Nodes: 32768, maxDepth 5, maxStackNc 0, maxStackGravity 0
=== Total time for iteration(33) 0.182906s

# domain::sync: 0.00582247s
# FindNeighbors: 0.000340863s
# Density: 0.0599139s
# EquationOfState: 0.000132645s
# mpi::synchronizeHalos: 1.676e-06s
# IAD: 0.0595018s
# mpi::synchronizeHalos: 1.396e-06s
# MomentumEnergyIAD: 0.062s
# Timestep: 1.685e-06s
# UpdateQuantities: 2.986e-06s
# UpdateSmoothingLength: 2.375e-06s
### Check ### Global Tree Nodes: 512, Particles: 1000000, Halos: 0
### Check ### Computational domain: -0.5 0.5 -0.5 0.5 -0.5 0.5
### Check ### Total Neighbors: 123000000, Avg neighbor count per particle: 123
### Check ### Total time: 0.000270024, current time-step: 2.55477e-05
### Check ### Total energy: 1, (internal: 0.999696, kinetic: 0.000303663, gravitational: 0)
### Check ### Focus Tree Nodes: 32768, maxDepth 5, maxStackNc 0, maxStackGravity 0
=== Total time for iteration(34) 0.187723s

# domain::sync: 0.00588426s
# FindNeighbors: 0.000340636s
# Density: 0.0585758s
# EquationOfState: 0.000132518s
# mpi::synchronizeHalos: 1.564e-06s
# IAD: 0.0583252s
# mpi::synchronizeHalos: 2.714e-06s
# MomentumEnergyIAD: 0.0600011s
# Timestep: 1.659e-06s
# UpdateQuantities: 2.9e-06s
# UpdateSmoothingLength: 2.445e-06s
### Check ### Global Tree Nodes: 512, Particles: 1000000, Halos: 0
### Check ### Computational domain: -0.5 0.5 -0.5 0.5 -0.5 0.5
### Check ### Total Neighbors: 93000000, Avg neighbor count per particle: 93
### Check ### Total time: 0.000298127, current time-step: 2.81024e-05
### Check ### Total energy: 1, (internal: 0.99963, kinetic: 0.000369936, gravitational: 0)
### Check ### Focus Tree Nodes: 32768, maxDepth 5, maxStackNc 0, maxStackGravity 0
=== Total time for iteration(35) 0.183272s

# domain::sync: 0.00584286s
# FindNeighbors: 0.000341551s
# Density: 0.0584937s
# EquationOfState: 0.000132633s
# mpi::synchronizeHalos: 1.582e-06s
# IAD: 0.0582626s
# mpi::synchronizeHalos: 1.479e-06s
# MomentumEnergyIAD: 0.0601296s
# Timestep: 1.556e-06s
# UpdateQuantities: 2.898e-06s
# UpdateSmoothingLength: 2.217e-06s
### Check ### Global Tree Nodes: 512, Particles: 1000000, Halos: 0
### Check ### Computational domain: -0.5 0.5 -0.5 0.5 -0.5 0.5
### Check ### Total Neighbors: 93000000, Avg neighbor count per particle: 93
### Check ### Total time: 0.000329039, current time-step: 3.09127e-05
### Check ### Total energy: 1, (internal: 0.99955, kinetic: 0.000450321, gravitational: 0)
### Check ### Focus Tree Nodes: 32768, maxDepth 5, maxStackNc 0, maxStackGravity 0
=== Total time for iteration(36) 0.183213s

# domain::sync: 0.00579472s
# FindNeighbors: 0.000344529s
# Density: 0.0585784s
# EquationOfState: 0.00013298s
# mpi::synchronizeHalos: 1.628e-06s
# IAD: 0.0582145s
# mpi::synchronizeHalos: 1.6e-06s
# MomentumEnergyIAD: 0.0600992s
# Timestep: 1.598e-06s
# UpdateQuantities: 2.874e-06s
# UpdateSmoothingLength: 2.266e-06s
### Check ### Global Tree Nodes: 512, Particles: 1000000, Halos: 0
### Check ### Computational domain: -0.5 0.5 -0.5 0.5 -0.5 0.5
### Check ### Total Neighbors: 93000000, Avg neighbor count per particle: 93
### Check ### Total time: 0.000363043, current time-step: 3.40039e-05
### Check ### Total energy: 1, (internal: 0.999452, kinetic: 0.000547794, gravitational: 0)
### Check ### Focus Tree Nodes: 32768, maxDepth 5, maxStackNc 0, maxStackGravity 0
=== Total time for iteration(37) 0.183175s

# domain::sync: 0.00583324s
# FindNeighbors: 0.000346363s
# Density: 0.0597235s
# EquationOfState: 0.000132981s
# mpi::synchronizeHalos: 1.71e-06s
# IAD: 0.0592976s
# mpi::synchronizeHalos: 1.676e-06s
# MomentumEnergyIAD: 0.0620909s
# Timestep: 1.77e-06s
# UpdateQuantities: 2.843e-06s
# UpdateSmoothingLength: 2.29e-06s
### Check ### Global Tree Nodes: 512, Particles: 1000000, Halos: 0
### Check ### Computational domain: -0.5 0.5 -0.5 0.5 -0.5 0.5
### Check ### Total Neighbors: 123000000, Avg neighbor count per particle: 123
### Check ### Total time: 0.000400448, current time-step: 3.74043e-05
### Check ### Total energy: 1, (internal: 0.999334, kinetic: 0.000665935, gravitational: 0)
### Check ### Focus Tree Nodes: 32768, maxDepth 5, maxStackNc 0, maxStackGravity 0
=== Total time for iteration(38) 0.187436s

# domain::sync: 0.00577897s
# FindNeighbors: 0.000345313s
# Density: 0.0589565s
# EquationOfState: 0.000133584s
# mpi::synchronizeHalos: 1.755e-06s
# IAD: 0.0591052s
# mpi::synchronizeHalos: 1.565e-06s
# MomentumEnergyIAD: 0.060438s
# Timestep: 1.692e-06s
# UpdateQuantities: 2.829e-06s
# UpdateSmoothingLength: 2.358e-06s
### Check ### Global Tree Nodes: 512, Particles: 1000000, Halos: 0
### Check ### Computational domain: -0.5 0.5 -0.5 0.5 -0.5 0.5
### Check ### Total Neighbors: 93000000, Avg neighbor count per particle: 93
### Check ### Total time: 0.000441593, current time-step: 4.11448e-05
### Check ### Total energy: 1, (internal: 0.999191, kinetic: 0.000809156, gravitational: 0)
### Check ### Focus Tree Nodes: 32768, maxDepth 5, maxStackNc 0, maxStackGravity 0
=== Total time for iteration(39) 0.184768s

# domain::sync: 0.00583614s
# FindNeighbors: 0.000345857s
# Density: 0.0587859s
# EquationOfState: 0.000133392s
# mpi::synchronizeHalos: 1.575e-06s
# IAD: 0.05864s
# mpi::synchronizeHalos: 1.488e-06s
# MomentumEnergyIAD: 0.0610339s
# Timestep: 3.521e-06s
# UpdateQuantities: 6.086e-06s
# UpdateSmoothingLength: 2.449e-06s
### Check ### Global Tree Nodes: 512, Particles: 1000000, Halos: 0
### Check ### Computational domain: -0.5 0.5 -0.5 0.5 -0.5 0.5
### Check ### Total Neighbors: 93000000, Avg neighbor count per particle: 93
### Check ### Total time: 0.000486852, current time-step: 4.52593e-05
### Check ### Total energy: 1, (internal: 0.999017, kinetic: 0.000982562, gravitational: 0)
### Check ### Focus Tree Nodes: 32768, maxDepth 5, maxStackNc 0, maxStackGravity 0
=== Total time for iteration(40) 0.184791s

# domain::sync: 0.00598361s
# FindNeighbors: 0.000341065s
# Density: 0.0588021s
# EquationOfState: 0.000133909s
# mpi::synchronizeHalos: 1.687e-06s
# IAD: 0.0588219s
# mpi::synchronizeHalos: 1.615e-06s
# MomentumEnergyIAD: 0.0603613s
# Timestep: 1.74e-06s
# UpdateQuantities: 2.887e-06s
# UpdateSmoothingLength: 2.388e-06s
### Check ### Global Tree Nodes: 512, Particles: 1000000, Halos: 0
### Check ### Computational domain: -0.5 0.5 -0.5 0.5 -0.5 0.5
### Check ### Total Neighbors: 93000000, Avg neighbor count per particle: 93
### Check ### Total time: 0.000536637, current time-step: 4.97852e-05
### Check ### Total energy: 1, (internal: 0.998808, kinetic: 0.00119245, gravitational: 0)
### Check ### Focus Tree Nodes: 32768, maxDepth 5, maxStackNc 0, maxStackGravity 0
=== Total time for iteration(41) 0.184455s

# domain::sync: 0.00585888s
# FindNeighbors: 0.000342433s
# Density: 0.0600429s
# EquationOfState: 0.000133424s
# mpi::synchronizeHalos: 1.597e-06s
# IAD: 0.0597871s
# mpi::synchronizeHalos: 1.523e-06s
# MomentumEnergyIAD: 0.0626389s
# Timestep: 1.622e-06s
# UpdateQuantities: 2.772e-06s
# UpdateSmoothingLength: 2.391e-06s
### Check ### Global Tree Nodes: 512, Particles: 1000000, Halos: 0
### Check ### Computational domain: -0.5 0.5 -0.5 0.5 -0.5 0.5
### Check ### Total Neighbors: 123000000, Avg neighbor count per particle: 123
### Check ### Total time: 0.000591401, current time-step: 5.47637e-05
### Check ### Total energy: 1, (internal: 0.998554, kinetic: 0.00144637, gravitational: 0)
### Check ### Focus Tree Nodes: 32768, maxDepth 5, maxStackNc 0, maxStackGravity 0
=== Total time for iteration(42) 0.188814s

# domain::sync: 0.00582435s
# FindNeighbors: 0.000338785s
# Density: 0.058788s
# EquationOfState: 0.00013331s
# mpi::synchronizeHalos: 1.615e-06s
# IAD: 0.0585101s
# mpi::synchronizeHalos: 1.412e-06s
# MomentumEnergyIAD: 0.0604566s
# Timestep: 2.243e-06s
# UpdateQuantities: 3.445e-06s
# UpdateSmoothingLength: 2.352e-06s
### Check ### Global Tree Nodes: 512, Particles: 1000000, Halos: 0
### Check ### Computational domain: -0.5 0.5 -0.5 0.5 -0.5 0.5
### Check ### Total Neighbors: 93000000, Avg neighbor count per particle: 93
### Check ### Total time: 0.000651641, current time-step: 6.02401e-05
### Check ### Total energy: 1, (internal: 0.998246, kinetic: 0.00175357, gravitational: 0)
### Check ### Focus Tree Nodes: 32768, maxDepth 5, maxStackNc 0, maxStackGravity 0
=== Total time for iteration(43) 0.184063s

# domain::sync: 0.0059036s
# FindNeighbors: 0.000341374s
# Density: 0.058863s
# EquationOfState: 0.000133401s
# mpi::synchronizeHalos: 1.643e-06s
# IAD: 0.0584294s
# mpi::synchronizeHalos: 1.521e-06s
# MomentumEnergyIAD: 0.0604137s
# Timestep: 1.608e-06s
# UpdateQuantities: 2.788e-06s
# UpdateSmoothingLength: 2.263e-06s
### Check ### Global Tree Nodes: 512, Particles: 1000000, Halos: 0
### Check ### Computational domain: -0.5 0.5 -0.5 0.5 -0.5 0.5
### Check ### Total Neighbors: 93000000, Avg neighbor count per particle: 93
### Check ### Total time: 0.000717905, current time-step: 6.62641e-05
### Check ### Total energy: 1, (internal: 0.997875, kinetic: 0.0021247, gravitational: 0)
### Check ### Focus Tree Nodes: 32768, maxDepth 5, maxStackNc 0, maxStackGravity 0
=== Total time for iteration(44) 0.184095s

# domain::sync: 0.00585455s
# FindNeighbors: 0.000343618s
# Density: 0.0589031s
# EquationOfState: 0.000133767s
# mpi::synchronizeHalos: 1.6e-06s
# IAD: 0.0584414s
# mpi::synchronizeHalos: 1.448e-06s
# MomentumEnergyIAD: 0.0604882s
# Timestep: 1.648e-06s
# UpdateQuantities: 2.744e-06s
# UpdateSmoothingLength: 2.181e-06s
### Check ### Global Tree Nodes: 512, Particles: 1000000, Halos: 0
### Check ### Computational domain: -0.5 0.5 -0.5 0.5 -0.5 0.5
### Check ### Total Neighbors: 93083952, Avg neighbor count per particle: 93
### Check ### Total time: 0.000790795, current time-step: 7.28905e-05
### Check ### Total energy: 1, (internal: 0.997427, kinetic: 0.00257285, gravitational: 0)
### Check ### Focus Tree Nodes: 32768, maxDepth 5, maxStackNc 0, maxStackGravity 0
=== Total time for iteration(45) 0.184175s

# domain::sync: 0.00581896s
# FindNeighbors: 0.000342159s
# Density: 0.0600003s
# EquationOfState: 0.000133294s
# mpi::synchronizeHalos: 1.595e-06s
# IAD: 0.0598551s
# mpi::synchronizeHalos: 2.158e-06s
# MomentumEnergyIAD: 0.0623713s
# Timestep: 2.078e-06s
# UpdateQuantities: 2.854e-06s
# UpdateSmoothingLength: 2.337e-06s
### Check ### Global Tree Nodes: 512, Particles: 1000000, Halos: 0
### Check ### Computational domain: -0.5 0.5 -0.5 0.5 -0.5 0.5
### Check ### Total Neighbors: 122863320, Avg neighbor count per particle: 122
### Check ### Total time: 0.000870975, current time-step: 8.01795e-05
### Check ### Total energy: 1, (internal: 0.996886, kinetic: 0.00311353, gravitational: 0)
### Check ### Focus Tree Nodes: 32768, maxDepth 5, maxStackNc 0, maxStackGravity 0
=== Total time for iteration(46) 0.188533s

# domain::sync: 0.00587839s
# FindNeighbors: 0.000345381s
# Density: 0.0588591s
# EquationOfState: 0.000133353s
# mpi::synchronizeHalos: 1.517e-06s
# IAD: 0.0585468s
# mpi::synchronizeHalos: 1.449e-06s
# MomentumEnergyIAD: 0.060316s
# Timestep: 1.629e-06s
# UpdateQuantities: 2.757e-06s
# UpdateSmoothingLength: 2.4e-06s
### Check ### Global Tree Nodes: 512, Particles: 1000000, Halos: 0
### Check ### Computational domain: -0.5 0.5 -0.5 0.5 -0.5 0.5
### Check ### Total Neighbors: 93006096, Avg neighbor count per particle: 93
### Check ### Total time: 0.000959172, current time-step: 8.81975e-05
### Check ### Total energy: 1, (internal: 0.996234, kinetic: 0.00376567, gravitational: 0)
### Check ### Focus Tree Nodes: 32768, maxDepth 5, maxStackNc 0, maxStackGravity 0
=== Total time for iteration(47) 0.18409s

# domain::sync: 0.00585356s
# FindNeighbors: 0.000339657s
# Density: 0.0589564s
# EquationOfState: 0.000133359s
# mpi::synchronizeHalos: 1.558e-06s
# IAD: 0.0586267s
# mpi::synchronizeHalos: 1.43e-06s
# MomentumEnergyIAD: 0.0604234s
# Timestep: 1.519e-06s
# UpdateQuantities: 2.727e-06s
# UpdateSmoothingLength: 2.396e-06s
### Check ### Global Tree Nodes: 512, Particles: 1000000, Halos: 0
### Check ### Computational domain: -0.5 0.5 -0.5 0.5 -0.5 0.5
### Check ### Total Neighbors: 93136656, Avg neighbor count per particle: 93
### Check ### Total time: 0.00105619, current time-step: 9.70172e-05
### Check ### Total energy: 1, (internal: 0.995449, kinetic: 0.00455084, gravitational: 0)
### Check ### Focus Tree Nodes: 32768, maxDepth 5, maxStackNc 0, maxStackGravity 0
=== Total time for iteration(48) 0.184343s

# domain::sync: 0.00586955s
# FindNeighbors: 0.000342882s
# Density: 0.0588318s
# EquationOfState: 0.000133456s
# mpi::synchronizeHalos: 1.586e-06s
# IAD: 0.0586795s
# mpi::synchronizeHalos: 1.502e-06s
# MomentumEnergyIAD: 0.0605059s
# Timestep: 1.596e-06s
# UpdateQuantities: 2.707e-06s
# UpdateSmoothingLength: 2.386e-06s
### Check ### Global Tree Nodes: 512, Particles: 1000000, Halos: 0
### Check ### Computational domain: -0.5 0.5 -0.5 0.5 -0.5 0.5
### Check ### Total Neighbors: 93541872, Avg neighbor count per particle: 93
### Check ### Total time: 0.00116291, current time-step: 0.000106719
### Check ### Total energy: 1, (internal: 0.994505, kinetic: 0.0054951, gravitational: 0)
### Check ### Focus Tree Nodes: 32768, maxDepth 5, maxStackNc 0, maxStackGravity 0
=== Total time for iteration(49) 0.184374s

# domain::sync: 0.00582349s
# FindNeighbors: 0.000339916s
# Density: 0.0599841s
# EquationOfState: 0.000133391s
# mpi::synchronizeHalos: 1.558e-06s
# IAD: 0.059786s
# mpi::synchronizeHalos: 1.521e-06s
# MomentumEnergyIAD: 0.0623056s
# Timestep: 1.781e-06s
# UpdateQuantities: 3.366e-06s
# UpdateSmoothingLength: 2.374e-06s
### Check ### Global Tree Nodes: 512, Particles: 1000000, Halos: 0
### Check ### Computational domain: -0.5 0.5 -0.5 0.5 -0.5 0.5
### Check ### Total Neighbors: 121729944, Avg neighbor count per particle: 121
### Check ### Total time: 0.0012803, current time-step: 0.000117391
### Check ### Total energy: 1, (internal: 0.99337, kinetic: 0.0066291, gravitational: 0)
### Check ### Focus Tree Nodes: 32768, maxDepth 5, maxStackNc 0, maxStackGravity 0
=== Total time for iteration(50) 0.188384s

# domain::sync: 0.00589031s
# FindNeighbors: 0.000343817s
# Density: 0.0594632s
# EquationOfState: 0.000133497s
# mpi::synchronizeHalos: 1.531e-06s
# IAD: 0.0590088s
# mpi::synchronizeHalos: 1.397e-06s
# MomentumEnergyIAD: 0.0604269s
# Timestep: 2.59e-06s
# UpdateQuantities: 3.759e-06s
# UpdateSmoothingLength: 2.407e-06s
### Check ### Global Tree Nodes: 512, Particles: 1000000, Halos: 0
### Check ### Computational domain: -0.5 0.5 -0.5 0.5 -0.5 0.5
### Check ### Total Neighbors: 93766440, Avg neighbor count per particle: 93
### Check ### Total time: 0.00140943, current time-step: 0.00012913
### Check ### Total energy: 0.999999, (internal: 0.992011, kinetic: 0.00798879, gravitational: 0)
### Check ### Focus Tree Nodes: 32768, maxDepth 5, maxStackNc 0, maxStackGravity 0
=== Total time for iteration(51) 0.185279s

# domain::sync: 0.00587608s
# FindNeighbors: 0.000341897s
# Density: 0.0590267s
# EquationOfState: 0.000133134s
# mpi::synchronizeHalos: 1.593e-06s
# IAD: 0.0587419s
# mpi::synchronizeHalos: 1.42e-06s
# MomentumEnergyIAD: 0.0604307s
# Timestep: 1.694e-06s
# UpdateQuantities: 2.686e-06s
# UpdateSmoothingLength: 2.394e-06s
### Check ### Global Tree Nodes: 512, Particles: 1000000, Halos: 0
### Check ### Computational domain: -0.5 0.5 -0.5 0.5 -0.5 0.5
### Check ### Total Neighbors: 93302304, Avg neighbor count per particle: 93
### Check ### Total time: 0.00155147, current time-step: 0.000142043
### Check ### Total energy: 0.999999, (internal: 0.990383, kinetic: 0.00961571, gravitational: 0)
### Check ### Focus Tree Nodes: 32768, maxDepth 5, maxStackNc 0, maxStackGravity 0
=== Total time for iteration(52) 0.184561s

# domain::sync: 0.00585675s
# FindNeighbors: 0.000343163s
# Density: 0.0599588s
# EquationOfState: 0.00013337s
# mpi::synchronizeHalos: 1.616e-06s
# IAD: 0.0597903s
# mpi::synchronizeHalos: 1.421e-06s
# MomentumEnergyIAD: 0.0625194s
# Timestep: 1.627e-06s
# UpdateQuantities: 2.719e-06s
# UpdateSmoothingLength: 2.25e-06s
### Check ### Global Tree Nodes: 512, Particles: 1000000, Halos: 0
### Check ### Computational domain: -0.5 0.5 -0.5 0.5 -0.5 0.5
### Check ### Total Neighbors: 120836592, Avg neighbor count per particle: 120
### Check ### Total time: 0.00169948, current time-step: 0.000148005
### Check ### Total energy: 0.999998, (internal: 0.988547, kinetic: 0.0114505, gravitational: 0)
### Check ### Focus Tree Nodes: 32768, maxDepth 5, maxStackNc 0, maxStackGravity 0
=== Total time for iteration(53) 0.188612s

# domain::sync: 0.00584198s
# FindNeighbors: 0.000345937s
# Density: 0.0589526s
# EquationOfState: 0.000133031s
# mpi::synchronizeHalos: 1.538e-06s
# IAD: 0.0586813s
# mpi::synchronizeHalos: 1.502e-06s
# MomentumEnergyIAD: 0.06065s
# Timestep: 1.708e-06s
# UpdateQuantities: 2.678e-06s
# UpdateSmoothingLength: 2.395e-06s
### Check ### Global Tree Nodes: 512, Particles: 1000000, Halos: 0
### Check ### Computational domain: -0.5 0.5 -0.5 0.5 -0.5 0.5
### Check ### Total Neighbors: 94073304, Avg neighbor count per particle: 94
### Check ### Total time: 0.00185054, current time-step: 0.000151065
### Check ### Total energy: 0.999996, (internal: 0.986532, kinetic: 0.0134637, gravitational: 0)
### Check ### Focus Tree Nodes: 32768, maxDepth 5, maxStackNc 0, maxStackGravity 0
=== Total time for iteration(54) 0.184615s

# domain::sync: 0.00585204s
# FindNeighbors: 0.000346132s
# Density: 0.0589086s
# EquationOfState: 0.00013339s
# mpi::synchronizeHalos: 1.66e-06s
# IAD: 0.0590231s
# mpi::synchronizeHalos: 1.451e-06s
# MomentumEnergyIAD: 0.0606029s
# Timestep: 1.627e-06s
# UpdateQuantities: 2.695e-06s
# UpdateSmoothingLength: 2.352e-06s
### Check ### Global Tree Nodes: 512, Particles: 1000000, Halos: 0
### Check ### Computational domain: -0.5 0.5 -0.5 0.5 -0.5 0.5
### Check ### Total Neighbors: 93714456, Avg neighbor count per particle: 93
### Check ### Total time: 0.00200417, current time-step: 0.00015363
### Check ### Total energy: 0.999994, (internal: 0.984344, kinetic: 0.0156496, gravitational: 0)
### Check ### Focus Tree Nodes: 32768, maxDepth 5, maxStackNc 0, maxStackGravity 0
=== Total time for iteration(55) 0.184877s

# domain::sync: 0.00585961s
# FindNeighbors: 0.000338148s
# Density: 0.058797s
# EquationOfState: 0.000133542s
# mpi::synchronizeHalos: 1.583e-06s
# IAD: 0.0585292s
# mpi::synchronizeHalos: 1.417e-06s
# MomentumEnergyIAD: 0.0607689s
# Timestep: 1.603e-06s
# UpdateQuantities: 2.796e-06s
# UpdateSmoothingLength: 2.329e-06s
### Check ### Global Tree Nodes: 512, Particles: 1000000, Halos: 0
### Check ### Computational domain: -0.5 0.5 -0.5 0.5 -0.5 0.5
### Check ### Total Neighbors: 93362400, Avg neighbor count per particle: 93
### Check ### Total time: 0.0021605, current time-step: 0.000156327
### Check ### Total energy: 0.999992, (internal: 0.981983, kinetic: 0.0180094, gravitational: 0)
### Check ### Focus Tree Nodes: 32768, maxDepth 5, maxStackNc 0, maxStackGravity 0
=== Total time for iteration(56) 0.184437s

# domain::sync: 0.00586632s
# FindNeighbors: 0.000339657s
# Density: 0.0599768s
# EquationOfState: 0.000133597s
# mpi::synchronizeHalos: 1.688e-06s
# IAD: 0.0598097s
# mpi::synchronizeHalos: 1.957e-06s
# MomentumEnergyIAD: 0.0624832s
# Timestep: 1.734e-06s
# UpdateQuantities: 2.836e-06s
# UpdateSmoothingLength: 2.443e-06s
### Check ### Global Tree Nodes: 512, Particles: 1000000, Halos: 0
### Check ### Computational domain: -0.5 0.5 -0.5 0.5 -0.5 0.5
### Check ### Total Neighbors: 120930888, Avg neighbor count per particle: 120
### Check ### Total time: 0.00231968, current time-step: 0.000159183
### Check ### Total energy: 0.99999, (internal: 0.979445, kinetic: 0.0205443, gravitational: 0)
### Check ### Focus Tree Nodes: 32768, maxDepth 5, maxStackNc 0, maxStackGravity 0
=== Total time for iteration(57) 0.188621s

# domain::sync: 0.00587493s
# FindNeighbors: 0.000341197s
# Density: 0.0593821s
# EquationOfState: 0.000133246s
# mpi::synchronizeHalos: 1.548e-06s
# IAD: 0.05865s
# mpi::synchronizeHalos: 1.565e-06s
# MomentumEnergyIAD: 0.0606574s
# Timestep: 1.57e-06s
# UpdateQuantities: 2.829e-06s
# UpdateSmoothingLength: 2.222e-06s
### Check ### Global Tree Nodes: 512, Particles: 1000000, Halos: 0
### Check ### Computational domain: -0.5 0.5 -0.5 0.5 -0.5 0.5
### Check ### Total Neighbors: 93962928, Avg neighbor count per particle: 93
### Check ### Total time: 0.00248151, current time-step: 0.000161829
### Check ### Total energy: 0.999987, (internal: 0.976739, kinetic: 0.0232488, gravitational: 0)
### Check ### Focus Tree Nodes: 32768, maxDepth 5, maxStackNc 0, maxStackGravity 0
=== Total time for iteration(58) 0.185049s

# domain::sync: 0.00584178s
# FindNeighbors: 0.00034068s
# Density: 0.058908s
# EquationOfState: 0.000133375s
# mpi::synchronizeHalos: 1.615e-06s
# IAD: 0.0585232s
# mpi::synchronizeHalos: 1.511e-06s
# MomentumEnergyIAD: 0.0604759s
# Timestep: 1.573e-06s
# UpdateQuantities: 2.68e-06s
# UpdateSmoothingLength: 2.482e-06s
### Check ### Global Tree Nodes: 512, Particles: 1000000, Halos: 0
### Check ### Computational domain: -0.5 0.5 -0.5 0.5 -0.5 0.5
### Check ### Total Neighbors: 93733464, Avg neighbor count per particle: 93
### Check ### Total time: 0.00264547, current time-step: 0.000163961
### Check ### Total energy: 0.999985, (internal: 0.973874, kinetic: 0.0261106, gravitational: 0)
### Check ### Focus Tree Nodes: 32768, maxDepth 5, maxStackNc 0, maxStackGravity 0
=== Total time for iteration(59) 0.184233s

# domain::sync: 0.00584993s
# FindNeighbors: 0.000341073s
# Density: 0.0588355s
# EquationOfState: 0.000135786s
# mpi::synchronizeHalos: 1.854e-06s
# IAD: 0.0585473s
# mpi::synchronizeHalos: 1.556e-06s
# MomentumEnergyIAD: 0.0604897s
# Timestep: 1.71e-06s
# UpdateQuantities: 2.966e-06s
# UpdateSmoothingLength: 2.377e-06s
### Check ### Global Tree Nodes: 512, Particles: 1000000, Halos: 0
### Check ### Computational domain: -0.5 0.5 -0.5 0.5 -0.5 0.5
### Check ### Total Neighbors: 93378600, Avg neighbor count per particle: 93
### Check ### Total time: 0.00281225, current time-step: 0.000166775
### Check ### Total energy: 0.999982, (internal: 0.970845, kinetic: 0.0291378, gravitational: 0)
### Check ### Focus Tree Nodes: 32768, maxDepth 5, maxStackNc 0, maxStackGravity 0
=== Total time for iteration(60) 0.18421s

# domain::sync: 0.00607265s
# FindNeighbors: 0.000343182s
# Density: 0.0662491s
# EquationOfState: 0.000148272s
# mpi::synchronizeHalos: 1.793e-06s
# IAD: 0.0660452s
# mpi::synchronizeHalos: 1.821e-06s
# MomentumEnergyIAD: 0.0625795s
# Timestep: 1.636e-06s
# UpdateQuantities: 3.031e-06s
# UpdateSmoothingLength: 2.396e-06s
### Check ### Global Tree Nodes: 512, Particles: 1000000, Halos: 0
### Check ### Computational domain: -0.5 0.5 -0.5 0.5 -0.5 0.5
### Check ### Total Neighbors: 121000248, Avg neighbor count per particle: 121
### Check ### Total time: 0.00298167, current time-step: 0.000169419
### Check ### Total energy: 0.99998, (internal: 0.967657, kinetic: 0.0323227, gravitational: 0)
### Check ### Focus Tree Nodes: 32768, maxDepth 5, maxStackNc 0, maxStackGravity 0
=== Total time for iteration(61) 0.201449s

# domain::sync: 0.0058446s
# FindNeighbors: 0.000340355s
# Density: 0.0588537s
# EquationOfState: 0.000133432s
# mpi::synchronizeHalos: 1.58e-06s
# IAD: 0.05897s
# mpi::synchronizeHalos: 1.549e-06s
# MomentumEnergyIAD: 0.0606024s
# Timestep: 2.09e-06s
# UpdateQuantities: 3.545e-06s
# UpdateSmoothingLength: 2.421e-06s
### Check ### Global Tree Nodes: 512, Particles: 1000000, Halos: 0
### Check ### Computational domain: -0.5 0.5 -0.5 0.5 -0.5 0.5
### Check ### Total Neighbors: 94002960, Avg neighbor count per particle: 94
### Check ### Total time: 0.00315446, current time-step: 0.000172791
### Check ### Total energy: 0.999978, (internal: 0.964303, kinetic: 0.0356751, gravitational: 0)
### Check ### Focus Tree Nodes: 32768, maxDepth 5, maxStackNc 0, maxStackGravity 0
=== Total time for iteration(62) 0.184756s

# domain::sync: 0.00586355s
# FindNeighbors: 0.000344589s
# Density: 0.0589972s
# EquationOfState: 0.000133297s
# mpi::synchronizeHalos: 1.522e-06s
# IAD: 0.0585653s
# mpi::synchronizeHalos: 1.5e-06s
# MomentumEnergyIAD: 0.0604508s
# Timestep: 1.507e-06s
# UpdateQuantities: 2.799e-06s
# UpdateSmoothingLength: 2.374e-06s
### Check ### Global Tree Nodes: 512, Particles: 1000000, Halos: 0
### Check ### Computational domain: -0.5 0.5 -0.5 0.5 -0.5 0.5
### Check ### Total Neighbors: 93578544, Avg neighbor count per particle: 93
### Check ### Total time: 0.00332975, current time-step: 0.000175295
### Check ### Total energy: 0.999975, (internal: 0.960803, kinetic: 0.0391723, gravitational: 0)
### Check ### Focus Tree Nodes: 32768, maxDepth 5, maxStackNc 0, maxStackGravity 0
=== Total time for iteration(63) 0.184365s

# domain::sync: 0.00585483s
# FindNeighbors: 0.000344748s
# Density: 0.0588172s
# EquationOfState: 0.000133546s
# mpi::synchronizeHalos: 1.597e-06s
# IAD: 0.0584906s
# mpi::synchronizeHalos: 1.516e-06s
# MomentumEnergyIAD: 0.0605801s
# Timestep: 1.565e-06s
# UpdateQuantities: 2.783e-06s
# UpdateSmoothingLength: 2.467e-06s
### Check ### Global Tree Nodes: 512, Particles: 1000000, Halos: 0
### Check ### Computational domain: -0.5 0.5 -0.5 0.5 -0.5 0.5
### Check ### Total Neighbors: 93444120, Avg neighbor count per particle: 93
### Check ### Total time: 0.00350755, current time-step: 0.000177798
### Check ### Total energy: 0.999972, (internal: 0.957164, kinetic: 0.0428081, gravitational: 0)
### Check ### Focus Tree Nodes: 32768, maxDepth 5, maxStackNc 0, maxStackGravity 0
=== Total time for iteration(64) 0.184232s

# domain::sync: 0.0058347s
# FindNeighbors: 0.000341793s
# Density: 0.0601531s
# EquationOfState: 0.000133968s
# mpi::synchronizeHalos: 1.549e-06s
# IAD: 0.0595774s
# mpi::synchronizeHalos: 1.525e-06s
# MomentumEnergyIAD: 0.0624962s
# Timestep: 1.56e-06s
# UpdateQuantities: 2.711e-06s
# UpdateSmoothingLength: 2.385e-06s
### Check ### Global Tree Nodes: 512, Particles: 1000000, Halos: 0
### Check ### Computational domain: -0.5 0.5 -0.5 0.5 -0.5 0.5
### Check ### Total Neighbors: 121045632, Avg neighbor count per particle: 121
### Check ### Total time: 0.00368811, current time-step: 0.000180555
### Check ### Total energy: 0.99997, (internal: 0.953388, kinetic: 0.0465814, gravitational: 0)
### Check ### Focus Tree Nodes: 32768, maxDepth 5, maxStackNc 0, maxStackGravity 0
=== Total time for iteration(65) 0.188548s

# domain::sync: 0.00585713s
# FindNeighbors: 0.000346435s
# Density: 0.0587755s
# EquationOfState: 0.00013328s
# mpi::synchronizeHalos: 1.54e-06s
# IAD: 0.0590025s
# mpi::synchronizeHalos: 1.52e-06s
# MomentumEnergyIAD: 0.0605286s
# Timestep: 1.592e-06s
# UpdateQuantities: 2.78e-06s
# UpdateSmoothingLength: 2.348e-06s
### Check ### Global Tree Nodes: 512, Particles: 1000000, Halos: 0
### Check ### Computational domain: -0.5 0.5 -0.5 0.5 -0.5 0.5
### Check ### Total Neighbors: 93961032, Avg neighbor count per particle: 93
### Check ### Total time: 0.00387177, current time-step: 0.000183661
### Check ### Total energy: 0.999968, (internal: 0.949475, kinetic: 0.0504928, gravitational: 0)
### Check ### Focus Tree Nodes: 32768, maxDepth 5, maxStackNc 0, maxStackGravity 0
=== Total time for iteration(66) 0.184654s

# domain::sync: 0.00584382s
# FindNeighbors: 0.00034199s
# Density: 0.0589058s
# EquationOfState: 0.000133446s
# mpi::synchronizeHalos: 1.593e-06s
# IAD: 0.0586235s
# mpi::synchronizeHalos: 1.477e-06s
# MomentumEnergyIAD: 0.0604861s
# Timestep: 1.486e-06s
# UpdateQuantities: 2.709e-06s
# UpdateSmoothingLength: 2.337e-06s
### Check ### Global Tree Nodes: 512, Particles: 1000000, Halos: 0
### Check ### Computational domain: -0.5 0.5 -0.5 0.5 -0.5 0.5
### Check ### Total Neighbors: 93546576, Avg neighbor count per particle: 93
### Check ### Total time: 0.0040589, current time-step: 0.000187136
### Check ### Total energy: 0.999966, (internal: 0.945422, kinetic: 0.0545435, gravitational: 0)
### Check ### Focus Tree Nodes: 32768, maxDepth 5, maxStackNc 0, maxStackGravity 0
=== Total time for iteration(67) 0.184345s

# domain::sync: 0.00583934s
# FindNeighbors: 0.00034614s
# Density: 0.0587538s
# EquationOfState: 0.000133283s
# mpi::synchronizeHalos: 2.642e-06s
# IAD: 0.0585515s
# mpi::synchronizeHalos: 1.944e-06s
# MomentumEnergyIAD: 0.0603534s
# Timestep: 1.666e-06s
# UpdateQuantities: 2.73e-06s
# UpdateSmoothingLength: 2.414e-06s
### Check ### Global Tree Nodes: 512, Particles: 1000000, Halos: 0
### Check ### Computational domain: -0.5 0.5 -0.5 0.5 -0.5 0.5
### Check ### Total Neighbors: 93515760, Avg neighbor count per particle: 93
### Check ### Total time: 0.0042499, current time-step: 0.000191001
### Check ### Total energy: 0.999964, (internal: 0.941229, kinetic: 0.058735, gravitational: 0)
### Check ### Focus Tree Nodes: 32768, maxDepth 5, maxStackNc 0, maxStackGravity 0
=== Total time for iteration(68) 0.183989s

# domain::sync: 0.00584333s
# FindNeighbors: 0.000345646s
# Density: 0.060072s
# EquationOfState: 0.000133304s
# mpi::synchronizeHalos: 1.535e-06s
# IAD: 0.0599305s
# mpi::synchronizeHalos: 1.471e-06s
# MomentumEnergyIAD: 0.0622553s
# Timestep: 1.601e-06s
# UpdateQuantities: 2.828e-06s
# UpdateSmoothingLength: 2.397e-06s
### Check ### Global Tree Nodes: 512, Particles: 1000000, Halos: 0
### Check ### Computational domain: -0.5 0.5 -0.5 0.5 -0.5 0.5
### Check ### Total Neighbors: 121082619, Avg neighbor count per particle: 121
### Check ### Total time: 0.00444458, current time-step: 0.000194675
### Check ### Total energy: 0.999962, (internal: 0.936906, kinetic: 0.0630557, gravitational: 0)
### Check ### Focus Tree Nodes: 32768, maxDepth 5, maxStackNc 0, maxStackGravity 0
=== Total time for iteration(69) 0.188591s

# domain::sync: 0.00585801s
# FindNeighbors: 0.000342564s
# Density: 0.0592377s
# EquationOfState: 0.000133334s
# mpi::synchronizeHalos: 1.608e-06s
# IAD: 0.0586085s
# mpi::synchronizeHalos: 1.648e-06s
# MomentumEnergyIAD: 0.0606507s
# Timestep: 1.665e-06s
# UpdateQuantities: 2.812e-06s
# UpdateSmoothingLength: 2.413e-06s
### Check ### Global Tree Nodes: 512, Particles: 1000000, Halos: 0
### Check ### Computational domain: -0.5 0.5 -0.5 0.5 -0.5 0.5
### Check ### Total Neighbors: 93809970, Avg neighbor count per particle: 93
### Check ### Total time: 0.00464227, current time-step: 0.000197694
### Check ### Total energy: 0.99996, (internal: 0.932477, kinetic: 0.0674828, gravitational: 0)
### Check ### Focus Tree Nodes: 32768, maxDepth 5, maxStackNc 0, maxStackGravity 0
=== Total time for iteration(70) 0.184842s

# domain::sync: 0.00584045s
# FindNeighbors: 0.000343649s
# Density: 0.0587926s
# EquationOfState: 0.000133292s
# mpi::synchronizeHalos: 1.532e-06s
# IAD: 0.0587462s
# mpi::synchronizeHalos: 1.447e-06s
# MomentumEnergyIAD: 0.0607227s
# Timestep: 1.577e-06s
# UpdateQuantities: 2.664e-06s
# UpdateSmoothingLength: 2.304e-06s
### Check ### Global Tree Nodes: 512, Particles: 1000000, Halos: 0
### Check ### Computational domain: -0.5 0.5 -0.5 0.5 -0.5 0.5
### Check ### Total Neighbors: 93564270, Avg neighbor count per particle: 93
### Check ### Total time: 0.00484374, current time-step: 0.000201463
### Check ### Total energy: 0.999958, (internal: 0.927933, kinetic: 0.0720259, gravitational: 0)
### Check ### Focus Tree Nodes: 32768, maxDepth 5, maxStackNc 0, maxStackGravity 0
=== Total time for iteration(71) 0.184589s

# domain::sync: 0.00586155s
# FindNeighbors: 0.000342875s
# Density: 0.059065s
# EquationOfState: 0.000133276s
# mpi::synchronizeHalos: 1.563e-06s
# IAD: 0.0586908s
# mpi::synchronizeHalos: 1.451e-06s
# MomentumEnergyIAD: 0.0603675s
# Timestep: 1.549e-06s
# UpdateQuantities: 2.743e-06s
# UpdateSmoothingLength: 2.278e-06s
### Check ### Global Tree Nodes: 512, Particles: 1000000, Halos: 0
### Check ### Computational domain: -0.5 0.5 -0.5 0.5 -0.5 0.5
### Check ### Total Neighbors: 93639480, Avg neighbor count per particle: 93
### Check ### Total time: 0.00504906, current time-step: 0.000205321
### Check ### Total energy: 0.999957, (internal: 0.923279, kinetic: 0.0766785, gravitational: 0)
### Check ### Focus Tree Nodes: 32768, maxDepth 5, maxStackNc 0, maxStackGravity 0
=== Total time for iteration(72) 0.184471s

# domain::sync: 0.00585442s
# FindNeighbors: 0.000346605s
# Density: 0.0601257s
# EquationOfState: 0.000133172s
# mpi::synchronizeHalos: 1.553e-06s
# IAD: 0.0599536s
# mpi::synchronizeHalos: 1.459e-06s
# MomentumEnergyIAD: 0.0625036s
# Timestep: 2.234e-06s
# UpdateQuantities: 3.458e-06s
# UpdateSmoothingLength: 2.35e-06s
### Check ### Global Tree Nodes: 512, Particles: 1000000, Halos: 0
### Check ### Computational domain: -0.5 0.5 -0.5 0.5 -0.5 0.5
### Check ### Total Neighbors: 121128954, Avg neighbor count per particle: 121
### Check ### Total time: 0.00525809, current time-step: 0.000209035
### Check ### Total energy: 0.999956, (internal: 0.918527, kinetic: 0.0814287, gravitational: 0)
### Check ### Focus Tree Nodes: 32768, maxDepth 5, maxStackNc 0, maxStackGravity 0
=== Total time for iteration(73) 0.188929s

# domain::sync: 0.00586804s
# FindNeighbors: 0.000341599s
# Density: 0.0591444s
# EquationOfState: 0.000133398s
# mpi::synchronizeHalos: 1.538e-06s
# IAD: 0.0588101s
# mpi::synchronizeHalos: 1.398e-06s
# MomentumEnergyIAD: 0.0606807s
# Timestep: 1.623e-06s
# UpdateQuantities: 2.75e-06s
# UpdateSmoothingLength: 2.362e-06s
### Check ### Global Tree Nodes: 512, Particles: 1000000, Halos: 0
### Check ### Computational domain: -0.5 0.5 -0.5 0.5 -0.5 0.5
### Check ### Total Neighbors: 93698259, Avg neighbor count per particle: 93
### Check ### Total time: 0.00547244, current time-step: 0.000214349
### Check ### Total energy: 0.999956, (internal: 0.91365, kinetic: 0.0863056, gravitational: 0)
### Check ### Focus Tree Nodes: 32768, maxDepth 5, maxStackNc 0, maxStackGravity 0
=== Total time for iteration(74) 0.184989s

# domain::sync: 0.005844s
# FindNeighbors: 0.000342444s
# Density: 0.0590853s
# EquationOfState: 0.000133153s
# mpi::synchronizeHalos: 1.553e-06s
# IAD: 0.0588011s
# mpi::synchronizeHalos: 1.406e-06s
# MomentumEnergyIAD: 0.0605674s
# Timestep: 1.503e-06s
# UpdateQuantities: 2.711e-06s
# UpdateSmoothingLength: 2.259e-06s
### Check ### Global Tree Nodes: 512, Particles: 1000000, Halos: 0
### Check ### Computational domain: -0.5 0.5 -0.5 0.5 -0.5 0.5
### Check ### Total Neighbors: 93584160, Avg neighbor count per particle: 93
### Check ### Total time: 0.0056903, current time-step: 0.000217861
### Check ### Total energy: 0.999955, (internal: 0.908698, kinetic: 0.0912566, gravitational: 0)
### Check ### Focus Tree Nodes: 32768, maxDepth 5, maxStackNc 0, maxStackGravity 0
=== Total time for iteration(75) 0.184784s

# domain::sync: 0.00587335s
# FindNeighbors: 0.000342815s
# Density: 0.0601774s
# EquationOfState: 0.000133191s
# mpi::synchronizeHalos: 1.569e-06s
# IAD: 0.0600121s
# mpi::synchronizeHalos: 1.417e-06s
# MomentumEnergyIAD: 0.0623538s
# Timestep: 1.567e-06s
# UpdateQuantities: 2.758e-06s
# UpdateSmoothingLength: 2.21e-06s
### Check ### Global Tree Nodes: 512, Particles: 1000000, Halos: 0
### Check ### Computational domain: -0.5 0.5 -0.5 0.5 -0.5 0.5
### Check ### Total Neighbors: 120044480, Avg neighbor count per particle: 120
### Check ### Total time: 0.00591158, current time-step: 0.000221279
### Check ### Total energy: 0.999954, (internal: 0.903682, kinetic: 0.0962721, gravitational: 0)
### Check ### Focus Tree Nodes: 32768, maxDepth 5, maxStackNc 0, maxStackGravity 0
=== Total time for iteration(76) 0.188903s

# domain::sync: 0.00584183s
# FindNeighbors: 0.000342944s
# Density: 0.0592677s
# EquationOfState: 0.000133135s
# mpi::synchronizeHalos: 1.72e-06s
# IAD: 0.0588854s
# mpi::synchronizeHalos: 1.414e-06s
# MomentumEnergyIAD: 0.0606306s
# Timestep: 1.525e-06s
# UpdateQuantities: 2.74e-06s
# UpdateSmoothingLength: 2.411e-06s
### Check ### Global Tree Nodes: 512, Particles: 1000000, Halos: 0
### Check ### Computational domain: -0.5 0.5 -0.5 0.5 -0.5 0.5
### Check ### Total Neighbors: 94648786, Avg neighbor count per particle: 94
### Check ### Total time: 0.00613211, current time-step: 0.000220529
### Check ### Total energy: 0.999949, (internal: 0.898704, kinetic: 0.101246, gravitational: 0)
### Check ### Focus Tree Nodes: 32768, maxDepth 5, maxStackNc 0, maxStackGravity 0
=== Total time for iteration(77) 0.185112s

# domain::sync: 0.00585329s
# FindNeighbors: 0.000346199s
# Density: 0.0590272s
# EquationOfState: 0.000133304s
# mpi::synchronizeHalos: 1.629e-06s
# IAD: 0.058715s
# mpi::synchronizeHalos: 1.518e-06s
# MomentumEnergyIAD: 0.0605309s
# Timestep: 1.585e-06s
# UpdateQuantities: 2.759e-06s
# UpdateSmoothingLength: 2.221e-06s
### Check ### Global Tree Nodes: 512, Particles: 1000000, Halos: 0
### Check ### Computational domain: -0.5 0.5 -0.5 0.5 -0.5 0.5
### Check ### Total Neighbors: 93663020, Avg neighbor count per particle: 93
### Check ### Total time: 0.00635347, current time-step: 0.000221358
### Check ### Total energy: 0.999947, (internal: 0.893736, kinetic: 0.106211, gravitational: 0)
### Check ### Focus Tree Nodes: 32768, maxDepth 5, maxStackNc 0, maxStackGravity 0
=== Total time for iteration(78) 0.184616s

# domain::sync: 0.00583819s
# FindNeighbors: 0.000340198s
# Density: 0.0589598s
# EquationOfState: 0.000133285s
# mpi::synchronizeHalos: 1.525e-06s
# IAD: 0.058644s
# mpi::synchronizeHalos: 2.177e-06s
# MomentumEnergyIAD: 0.0606876s
# Timestep: 1.569e-06s
# UpdateQuantities: 2.717e-06s
# UpdateSmoothingLength: 2.236e-06s
### Check ### Global Tree Nodes: 512, Particles: 1000000, Halos: 0
### Check ### Computational domain: -0.5 0.5 -0.5 0.5 -0.5 0.5
### Check ### Total Neighbors: 93669922, Avg neighbor count per particle: 93
### Check ### Total time: 0.00657593, current time-step: 0.000222458
### Check ### Total energy: 0.999945, (internal: 0.88878, kinetic: 0.111165, gravitational: 0)
### Check ### Focus Tree Nodes: 32768, maxDepth 5, maxStackNc 0, maxStackGravity 0
=== Total time for iteration(79) 0.184614s

# domain::sync: 0.00586829s
# FindNeighbors: 0.000340368s
# Density: 0.059919s
# EquationOfState: 0.000133222s
# mpi::synchronizeHalos: 1.573e-06s
# IAD: 0.0599568s
# mpi::synchronizeHalos: 1.539e-06s
# MomentumEnergyIAD: 0.0623068s
# Timestep: 1.594e-06s
# UpdateQuantities: 2.786e-06s
# UpdateSmoothingLength: 2.392e-06s
### Check ### Global Tree Nodes: 512, Particles: 1000000, Halos: 0
### Check ### Computational domain: -0.5 0.5 -0.5 0.5 -0.5 0.5
### Check ### Total Neighbors: 120171928, Avg neighbor count per particle: 120
### Check ### Total time: 0.00679977, current time-step: 0.00022384
### Check ### Total energy: 0.999943, (internal: 0.883835, kinetic: 0.116108, gravitational: 0)
### Check ### Focus Tree Nodes: 32768, maxDepth 5, maxStackNc 0, maxStackGravity 0
=== Total time for iteration(80) 0.188535s

# domain::sync: 0.00600715s
# FindNeighbors: 0.000341427s
# Density: 0.059201s
# EquationOfState: 0.000133143s
# mpi::synchronizeHalos: 1.565e-06s
# IAD: 0.0588405s
# mpi::synchronizeHalos: 1.611e-06s
# MomentumEnergyIAD: 0.0606131s
# Timestep: 1.578e-06s
# UpdateQuantities: 2.835e-06s
# UpdateSmoothingLength: 2.219e-06s
### Check ### Global Tree Nodes: 512, Particles: 1000000, Halos: 0
### Check ### Computational domain: -0.5 0.5 -0.5 0.5 -0.5 0.5
### Check ### Total Neighbors: 94584824, Avg neighbor count per particle: 94
### Check ### Total time: 0.00702533, current time-step: 0.000225563
### Check ### Total energy: 0.999942, (internal: 0.8789, kinetic: 0.121042, gravitational: 0)
### Check ### Focus Tree Nodes: 32768, maxDepth 5, maxStackNc 0, maxStackGravity 0
=== Total time for iteration(81) 0.185147s

# domain::sync: 0.00583885s
# FindNeighbors: 0.000342604s
# Density: 0.0588972s
# EquationOfState: 0.000133458s
# mpi::synchronizeHalos: 1.681e-06s
# IAD: 0.0588129s
# mpi::synchronizeHalos: 1.478e-06s
# MomentumEnergyIAD: 0.060748s
# Timestep: 2.085e-06s
# UpdateQuantities: 3.393e-06s
# UpdateSmoothingLength: 2.416e-06s
### Check ### Global Tree Nodes: 512, Particles: 1000000, Halos: 0
### Check ### Computational domain: -0.5 0.5 -0.5 0.5 -0.5 0.5
### Check ### Total Neighbors: 93674152, Avg neighbor count per particle: 93
### Check ### Total time: 0.00725219, current time-step: 0.000226859
### Check ### Total energy: 0.99994, (internal: 0.873991, kinetic: 0.12595, gravitational: 0)
### Check ### Focus Tree Nodes: 32768, maxDepth 5, maxStackNc 0, maxStackGravity 0
=== Total time for iteration(82) 0.184785s

# domain::sync: 0.00586227s
# FindNeighbors: 0.000340737s
# Density: 0.0587714s
# EquationOfState: 0.000133289s
# mpi::synchronizeHalos: 1.518e-06s
# IAD: 0.0587183s
# mpi::synchronizeHalos: 1.462e-06s
# MomentumEnergyIAD: 0.0606338s
# Timestep: 1.536e-06s
# UpdateQuantities: 2.722e-06s
# UpdateSmoothingLength: 2.388e-06s
### Check ### Global Tree Nodes: 512, Particles: 1000000, Halos: 0
### Check ### Computational domain: -0.5 0.5 -0.5 0.5 -0.5 0.5
### Check ### Total Neighbors: 93768616, Avg neighbor count per particle: 93
### Check ### Total time: 0.00748063, current time-step: 0.000228439
### Check ### Total energy: 0.99994, (internal: 0.869106, kinetic: 0.130833, gravitational: 0)
### Check ### Focus Tree Nodes: 32768, maxDepth 5, maxStackNc 0, maxStackGravity 0
=== Total time for iteration(83) 0.18447s

# domain::sync: 0.00585316s
# FindNeighbors: 0.000342887s
# Density: 0.0602228s
# EquationOfState: 0.000133129s
# mpi::synchronizeHalos: 1.604e-06s
# IAD: 0.0597935s
# mpi::synchronizeHalos: 1.428e-06s
# MomentumEnergyIAD: 0.0624335s
# Timestep: 2.023e-06s
# UpdateQuantities: 3.418e-06s
# UpdateSmoothingLength: 2.401e-06s
### Check ### Global Tree Nodes: 512, Particles: 1000000, Halos: 0
### Check ### Computational domain: -0.5 0.5 -0.5 0.5 -0.5 0.5
### Check ### Total Neighbors: 120199552, Avg neighbor count per particle: 120
### Check ### Total time: 0.00770677, current time-step: 0.000226139
### Check ### Total energy: 0.999935, (internal: 0.864334, kinetic: 0.135602, gravitational: 0)
### Check ### Focus Tree Nodes: 32768, maxDepth 5, maxStackNc 0, maxStackGravity 0
=== Total time for iteration(84) 0.188791s

# domain::sync: 0.00588681s
# FindNeighbors: 0.000342852s
# Density: 0.0594758s
# EquationOfState: 0.000133489s
# mpi::synchronizeHalos: 1.551e-06s
# IAD: 0.0591306s
# mpi::synchronizeHalos: 1.367e-06s
# MomentumEnergyIAD: 0.06088s
# Timestep: 1.634e-06s
# UpdateQuantities: 2.863e-06s
# UpdateSmoothingLength: 2.369e-06s
### Check ### Global Tree Nodes: 512, Particles: 1000000, Halos: 0
### Check ### Computational domain: -0.5 0.5 -0.5 0.5 -0.5 0.5
### Check ### Total Neighbors: 94450923, Avg neighbor count per particle: 94
### Check ### Total time: 0.00793198, current time-step: 0.000225216
### Check ### Total energy: 0.999933, (internal: 0.859646, kinetic: 0.140287, gravitational: 0)
### Check ### Focus Tree Nodes: 32768, maxDepth 5, maxStackNc 0, maxStackGravity 0
=== Total time for iteration(85) 0.18586s

# domain::sync: 0.00584936s
# FindNeighbors: 0.00034003s
# Density: 0.0590884s
# EquationOfState: 0.000133106s
# mpi::synchronizeHalos: 1.599e-06s
# IAD: 0.0587858s
# mpi::synchronizeHalos: 1.77e-06s
# MomentumEnergyIAD: 0.0606513s
# Timestep: 1.602e-06s
# UpdateQuantities: 2.679e-06s
# UpdateSmoothingLength: 2.346e-06s
### Check ### Global Tree Nodes: 512, Particles: 1000000, Halos: 0
### Check ### Computational domain: -0.5 0.5 -0.5 0.5 -0.5 0.5
### Check ### Total Neighbors: 93775712, Avg neighbor count per particle: 93
### Check ### Total time: 0.00815806, current time-step: 0.000226081
### Check ### Total energy: 0.999932, (internal: 0.855008, kinetic: 0.144924, gravitational: 0)
### Check ### Focus Tree Nodes: 32768, maxDepth 5, maxStackNc 0, maxStackGravity 0
=== Total time for iteration(86) 0.184859s

# domain::sync: 0.00586201s
# FindNeighbors: 0.000342076s
# Density: 0.0588795s
# EquationOfState: 0.000133192s
# mpi::synchronizeHalos: 1.547e-06s
# IAD: 0.0586717s
# mpi::synchronizeHalos: 1.474e-06s
# MomentumEnergyIAD: 0.0606627s
# Timestep: 2.19e-06s
# UpdateQuantities: 3.383e-06s
# UpdateSmoothingLength: 2.383e-06s
### Check ### Global Tree Nodes: 512, Particles: 1000000, Halos: 0
### Check ### Computational domain: -0.5 0.5 -0.5 0.5 -0.5 0.5
### Check ### Total Neighbors: 93817952, Avg neighbor count per particle: 93
### Check ### Total time: 0.00838348, current time-step: 0.000225415
### Check ### Total energy: 0.99993, (internal: 0.850454, kinetic: 0.149476, gravitational: 0)
### Check ### Focus Tree Nodes: 32768, maxDepth 5, maxStackNc 0, maxStackGravity 0
=== Total time for iteration(87) 0.184563s

# domain::sync: 0.00586212s
# FindNeighbors: 0.000344744s
# Density: 0.0602724s
# EquationOfState: 0.000133886s
# mpi::synchronizeHalos: 1.639e-06s
# IAD: 0.0602703s
# mpi::synchronizeHalos: 1.489e-06s
# MomentumEnergyIAD: 0.0626326s
# Timestep: 1.5e-06s
# UpdateQuantities: 2.898e-06s
# UpdateSmoothingLength: 2.382e-06s
### Check ### Global Tree Nodes: 512, Particles: 1000000, Halos: 0
### Check ### Computational domain: -0.5 0.5 -0.5 0.5 -0.5 0.5
### Check ### Total Neighbors: 120236336, Avg neighbor count per particle: 120
### Check ### Total time: 0.0086083, current time-step: 0.000224825
### Check ### Total energy: 0.999928, (internal: 0.845985, kinetic: 0.153943, gravitational: 0)
### Check ### Focus Tree Nodes: 32768, maxDepth 5, maxStackNc 0, maxStackGravity 0
=== Total time for iteration(88) 0.189527s

# domain::sync: 0.00587137s
# FindNeighbors: 0.000346049s
# Density: 0.0593485s
# EquationOfState: 0.000133359s
# mpi::synchronizeHalos: 1.553e-06s
# IAD: 0.0589787s
# mpi::synchronizeHalos: 1.494e-06s
# MomentumEnergyIAD: 0.0608159s
# Timestep: 1.567e-06s
# UpdateQuantities: 2.679e-06s
# UpdateSmoothingLength: 2.219e-06s
### Check ### Global Tree Nodes: 512, Particles: 1000000, Halos: 0
### Check ### Computational domain: -0.5 0.5 -0.5 0.5 -0.5 0.5
### Check ### Total Neighbors: 94355210, Avg neighbor count per particle: 94
### Check ### Total time: 0.00883311, current time-step: 0.000224804
### Check ### Total energy: 0.999927, (internal: 0.841591, kinetic: 0.158336, gravitational: 0)
### Check ### Focus Tree Nodes: 32768, maxDepth 5, maxStackNc 0, maxStackGravity 0
=== Total time for iteration(89) 0.185504s

# domain::sync: 0.00586575s
# FindNeighbors: 0.000339521s
# Density: 0.0592118s
# EquationOfState: 0.000133676s
# mpi::synchronizeHalos: 1.663e-06s
# IAD: 0.0588967s
# mpi::synchronizeHalos: 1.9e-06s
# MomentumEnergyIAD: 0.0608296s
# Timestep: 1.599e-06s
# UpdateQuantities: 2.766e-06s
# UpdateSmoothingLength: 2.356e-06s
### Check ### Global Tree Nodes: 512, Particles: 1000000, Halos: 0
### Check ### Computational domain: -0.5 0.5 -0.5 0.5 -0.5 0.5
### Check ### Total Neighbors: 93837872, Avg neighbor count per particle: 93
### Check ### Total time: 0.00905809, current time-step: 0.000224985
### Check ### Total energy: 0.999926, (internal: 0.837269, kinetic: 0.162657, gravitational: 0)
### Check ### Focus Tree Nodes: 32768, maxDepth 5, maxStackNc 0, maxStackGravity 0
=== Total time for iteration(90) 0.185288s

# domain::sync: 0.00583406s
# FindNeighbors: 0.000345514s
# Density: 0.0591343s
# EquationOfState: 0.000133342s
# mpi::synchronizeHalos: 1.577e-06s
# IAD: 0.0588806s
# mpi::synchronizeHalos: 1.47e-06s
# MomentumEnergyIAD: 0.060636s
# Timestep: 1.669e-06s
# UpdateQuantities: 2.83e-06s
# UpdateSmoothingLength: 2.344e-06s
### Check ### Global Tree Nodes: 512, Particles: 1000000, Halos: 0
### Check ### Computational domain: -0.5 0.5 -0.5 0.5 -0.5 0.5
### Check ### Total Neighbors: 93872003, Avg neighbor count per particle: 93
### Check ### Total time: 0.00928381, current time-step: 0.000225717
### Check ### Total energy: 0.999926, (internal: 0.833011, kinetic: 0.166915, gravitational: 0)
### Check ### Focus Tree Nodes: 32768, maxDepth 5, maxStackNc 0, maxStackGravity 0
=== Total time for iteration(91) 0.184974s

# domain::sync: 0.0058589s
# FindNeighbors: 0.000343769s
# Density: 0.0602564s
# EquationOfState: 0.000133736s
# mpi::synchronizeHalos: 1.625e-06s
# IAD: 0.0602454s
# mpi::synchronizeHalos: 1.504e-06s
# MomentumEnergyIAD: 0.062602s
# Timestep: 2.355e-06s
# UpdateQuantities: 2.863e-06s
# UpdateSmoothingLength: 2.36e-06s
### Check ### Global Tree Nodes: 512, Particles: 1000000, Halos: 0
### Check ### Computational domain: -0.5 0.5 -0.5 0.5 -0.5 0.5
### Check ### Total Neighbors: 120280045, Avg neighbor count per particle: 120
### Check ### Total time: 0.00951002, current time-step: 0.000226211
### Check ### Total energy: 0.999926, (internal: 0.828824, kinetic: 0.171102, gravitational: 0)
### Check ### Focus Tree Nodes: 32768, maxDepth 5, maxStackNc 0, maxStackGravity 0
=== Total time for iteration(92) 0.189452s

# domain::sync: 0.00584822s
# FindNeighbors: 0.000345107s
# Density: 0.0592115s
# EquationOfState: 0.000133575s
# mpi::synchronizeHalos: 1.539e-06s
# IAD: 0.0591172s
# mpi::synchronizeHalos: 1.48e-06s
# MomentumEnergyIAD: 0.060782s
# Timestep: 1.666e-06s
# UpdateQuantities: 2.899e-06s
# UpdateSmoothingLength: 2.369e-06s
### Check ### Global Tree Nodes: 512, Particles: 1000000, Halos: 0
### Check ### Computational domain: -0.5 0.5 -0.5 0.5 -0.5 0.5
### Check ### Total Neighbors: 94239280, Avg neighbor count per particle: 94
### Check ### Total time: 0.00973619, current time-step: 0.000226174
### Check ### Total energy: 0.999925, (internal: 0.824719, kinetic: 0.175206, gravitational: 0)
### Check ### Focus Tree Nodes: 32768, maxDepth 5, maxStackNc 0, maxStackGravity 0
=== Total time for iteration(93) 0.185448s

# domain::sync: 0.00584889s
# FindNeighbors: 0.000343096s
# Density: 0.0591288s
# EquationOfState: 0.000133191s
# mpi::synchronizeHalos: 1.562e-06s
# IAD: 0.0589321s
# mpi::synchronizeHalos: 1.454e-06s
# MomentumEnergyIAD: 0.0607054s
# Timestep: 1.478e-06s
# UpdateQuantities: 2.685e-06s
# UpdateSmoothingLength: 2.339e-06s
### Check ### Global Tree Nodes: 512, Particles: 1000000, Halos: 0
### Check ### Computational domain: -0.5 0.5 -0.5 0.5 -0.5 0.5
### Check ### Total Neighbors: 93871531, Avg neighbor count per particle: 93
### Check ### Total time: 0.00995689, current time-step: 0.000220695
### Check ### Total energy: 0.99992, (internal: 0.820793, kinetic: 0.179127, gravitational: 0)
### Check ### Focus Tree Nodes: 32768, maxDepth 5, maxStackNc 0, maxStackGravity 0
=== Total time for iteration(94) 0.185102s

# domain::sync: 0.00588168s
# FindNeighbors: 0.000342514s
# Density: 0.0593618s
# EquationOfState: 0.000133225s
# mpi::synchronizeHalos: 1.568e-06s
# IAD: 0.0592496s
# mpi::synchronizeHalos: 1.47e-06s
# MomentumEnergyIAD: 0.0608199s
# Timestep: 2.069e-06s
# UpdateQuantities: 3.381e-06s
# UpdateSmoothingLength: 2.359e-06s
### Check ### Global Tree Nodes: 512, Particles: 1000000, Halos: 0
### Check ### Computational domain: -0.5 0.5 -0.5 0.5 -0.5 0.5
### Check ### Total Neighbors: 93892248, Avg neighbor count per particle: 93
### Check ### Total time: 0.010176, current time-step: 0.000219112
### Check ### Total energy: 0.999918, (internal: 0.816974, kinetic: 0.182944, gravitational: 0)
### Check ### Focus Tree Nodes: 32768, maxDepth 5, maxStackNc 0, maxStackGravity 0
=== Total time for iteration(95) 0.1858s

# domain::sync: 0.00586016s
# FindNeighbors: 0.000339303s
# Density: 0.0602696s
# EquationOfState: 0.000133319s
# mpi::synchronizeHalos: 1.607e-06s
# IAD: 0.0602378s
# mpi::synchronizeHalos: 1.5e-06s
# MomentumEnergyIAD: 0.0628509s
# Timestep: 1.597e-06s
# UpdateQuantities: 2.822e-06s
# UpdateSmoothingLength: 2.419e-06s
### Check ### Global Tree Nodes: 512, Particles: 1000000, Halos: 0
### Check ### Computational domain: -0.5 0.5 -0.5 0.5 -0.5 0.5
### Check ### Total Neighbors: 120271824, Avg neighbor count per particle: 120
### Check ### Total time: 0.010396, current time-step: 0.000220011
### Check ### Total energy: 0.999919, (internal: 0.813219, kinetic: 0.1867, gravitational: 0)
### Check ### Focus Tree Nodes: 32768, maxDepth 5, maxStackNc 0, maxStackGravity 0
=== Total time for iteration(96) 0.189702s

# domain::sync: 0.00593667s
# FindNeighbors: 0.000343972s
# Density: 0.0595632s
# EquationOfState: 0.000133878s
# mpi::synchronizeHalos: 1.637e-06s
# IAD: 0.0590035s
# mpi::synchronizeHalos: 1.602e-06s
# MomentumEnergyIAD: 0.060992s
# Timestep: 1.639e-06s
# UpdateQuantities: 2.83e-06s
# UpdateSmoothingLength: 2.429e-06s
### Check ### Global Tree Nodes: 512, Particles: 1000000, Halos: 0
### Check ### Computational domain: -0.5 0.5 -0.5 0.5 -0.5 0.5
### Check ### Total Neighbors: 94156055, Avg neighbor count per particle: 94
### Check ### Total time: 0.0106136, current time-step: 0.000217605
### Check ### Total energy: 0.999917, (internal: 0.809584, kinetic: 0.190332, gravitational: 0)
### Check ### Focus Tree Nodes: 32768, maxDepth 5, maxStackNc 0, maxStackGravity 0
=== Total time for iteration(97) 0.185984s

# domain::sync: 0.0058603s
# FindNeighbors: 0.000345631s
# Density: 0.0594702s
# EquationOfState: 0.000133298s
# mpi::synchronizeHalos: 1.557e-06s
# IAD: 0.0589438s
# mpi::synchronizeHalos: 1.438e-06s
# MomentumEnergyIAD: 0.0609129s
# Timestep: 1.537e-06s
# UpdateQuantities: 2.607e-06s
# UpdateSmoothingLength: 2.404e-06s
### Check ### Global Tree Nodes: 512, Particles: 1000000, Halos: 0
### Check ### Computational domain: -0.5 0.5 -0.5 0.5 -0.5 0.5
### Check ### Total Neighbors: 93891816, Avg neighbor count per particle: 93
### Check ### Total time: 0.0108313, current time-step: 0.000217638
### Check ### Total energy: 0.999917, (internal: 0.806028, kinetic: 0.193889, gravitational: 0)
### Check ### Focus Tree Nodes: 32768, maxDepth 5, maxStackNc 0, maxStackGravity 0
=== Total time for iteration(98) 0.185676s

# domain::sync: 0.00586194s
# FindNeighbors: 0.000345144s
# Density: 0.0592773s
# EquationOfState: 0.000133351s
# mpi::synchronizeHalos: 1.568e-06s
# IAD: 0.0590231s
# mpi::synchronizeHalos: 1.554e-06s
# MomentumEnergyIAD: 0.0614357s
# Timestep: 1.61e-06s
# UpdateQuantities: 2.742e-06s
# UpdateSmoothingLength: 2.425e-06s
### Check ### Global Tree Nodes: 512, Particles: 1000000, Halos: 0
### Check ### Computational domain: -0.5 0.5 -0.5 0.5 -0.5 0.5
### Check ### Total Neighbors: 93976489, Avg neighbor count per particle: 93
### Check ### Total time: 0.0110476, current time-step: 0.000216309
### Check ### Total energy: 0.999916, (internal: 0.802571, kinetic: 0.197345, gravitational: 0)
### Check ### Focus Tree Nodes: 32712, maxDepth 5, maxStackNc 0, maxStackGravity 0
=== Total time for iteration(99) 0.186087s

# domain::sync: 0.00585844s
# FindNeighbors: 0.000339665s
# Density: 0.0602605s
# EquationOfState: 0.000133276s
# mpi::synchronizeHalos: 1.571e-06s
# IAD: 0.0600708s
# mpi::synchronizeHalos: 1.527e-06s
# MomentumEnergyIAD: 0.0628103s
# Timestep: 1.656e-06s
# UpdateQuantities: 2.851e-06s
# UpdateSmoothingLength: 2.418e-06s
### Check ### Global Tree Nodes: 512, Particles: 1000000, Halos: 0
### Check ### Computational domain: -0.5 0.5 -0.5 0.5 -0.5 0.5
### Check ### Total Neighbors: 120317256, Avg neighbor count per particle: 120
### Check ### Total time: 0.0112622, current time-step: 0.000214595
### Check ### Total energy: 0.999914, (internal: 0.799219, kinetic: 0.200695, gravitational: 0)
### Check ### Focus Tree Nodes: 32712, maxDepth 5, maxStackNc 0, maxStackGravity 0
=== Total time for iteration(100) 0.189484s

# Total execution time of 100 iterations of sedov up to t = 0.011262: 21.294s
real 22.31
user 18.95
sys 0.83
