4.37

Params:Program: ../sph-exa-build/main/src/sphexa/sphexa-cuda
Particles: 50
Timestep: 100
Numthreads: 4
# SPHEXA: HEAD/22053277
# 1 MPI-3.1 process(es) with 4 OpenMP-201511 thread(s)/process
Data generated for 125000 global particles
Domain synchronized, nLocalParticles 125000
# domain::sync: 0.00111374s
# FindNeighbors: 4.285e-05s
# Density: 0.0329833s
# EquationOfState: 0.0160573s
# mpi::synchronizeHalos: 6.533e-06s
# IAD: 0.0308348s
# mpi::synchronizeHalos: 5.951e-06s
# MomentumEnergyIAD: 0.0198851s
# Timestep: 6.601e-06s
# UpdateQuantities: 0.0237712s
# UpdateSmoothingLength: 1.9737e-05s
### Check ### Global Tree Nodes: 512, Particles: 125000, Halos: 0
### Check ### Computational domain: -0.5 0.5 -0.5 0.5 -0.5 0.5
### Check ### Total Neighbors: 11625000, Avg neighbor count per particle: 93
### Check ### Total time: 1.1e-06, current time-step: 1.1e-06
### Check ### Total energy: 1, (internal: 1, kinetic: 1.01185e-08, gravitational: 0)
### Check ### Focus Tree Nodes: 4096, maxDepth 4, maxStackNc 0, maxStackGravity 0
=== Total time for iteration(1) 0.124729s

# domain::sync: 0.00118155s
# FindNeighbors: 4.9422e-05s
# Density: 0.0104093s
# EquationOfState: 2.9075e-05s
# mpi::synchronizeHalos: 2.309e-06s
# IAD: 0.0100792s
# mpi::synchronizeHalos: 2.237e-06s
# MomentumEnergyIAD: 0.010203s
# Timestep: 2.339e-06s
# UpdateQuantities: 4.266e-06s
# UpdateSmoothingLength: 2.738e-06s
### Check ### Global Tree Nodes: 512, Particles: 125000, Halos: 0
### Check ### Computational domain: -0.5 0.5 -0.5 0.5 -0.5 0.5
### Check ### Total Neighbors: 11625000, Avg neighbor count per particle: 93
### Check ### Total time: 2.31e-06, current time-step: 1.21e-06
### Check ### Total energy: 1, (internal: 1, kinetic: 3.11951e-08, gravitational: 0)
### Check ### Focus Tree Nodes: 4096, maxDepth 4, maxStackNc 0, maxStackGravity 0
=== Total time for iteration(2) 0.031966s

# domain::sync: 0.00110765s
# FindNeighbors: 4.1963e-05s
# Density: 0.0102671s
# EquationOfState: 2.6569e-05s
# mpi::synchronizeHalos: 1.0298e-05s
# IAD: 0.0102254s
# mpi::synchronizeHalos: 1.403e-06s
# MomentumEnergyIAD: 0.0103364s
# Timestep: 1.585e-06s
# UpdateQuantities: 2.781e-06s
# UpdateSmoothingLength: 2.194e-06s
### Check ### Global Tree Nodes: 512, Particles: 125000, Halos: 0
### Check ### Computational domain: -0.5 0.5 -0.5 0.5 -0.5 0.5
### Check ### Total Neighbors: 11625000, Avg neighbor count per particle: 93
### Check ### Total time: 3.641e-06, current time-step: 1.331e-06
### Check ### Total energy: 1, (internal: 1, kinetic: 6.7716e-08, gravitational: 0)
### Check ### Focus Tree Nodes: 4096, maxDepth 4, maxStackNc 0, maxStackGravity 0
=== Total time for iteration(3) 0.032024s

# domain::sync: 0.00113741s
# FindNeighbors: 4.4366e-05s
# Density: 0.0101864s
# EquationOfState: 2.7993e-05s
# mpi::synchronizeHalos: 1.929e-06s
# IAD: 0.010128s
# mpi::synchronizeHalos: 1.498e-06s
# MomentumEnergyIAD: 0.0107086s
# Timestep: 1.491e-06s
# UpdateQuantities: 2.607e-06s
# UpdateSmoothingLength: 2.414e-06s
### Check ### Global Tree Nodes: 512, Particles: 125000, Halos: 0
### Check ### Computational domain: -0.5 0.5 -0.5 0.5 -0.5 0.5
### Check ### Total Neighbors: 11625000, Avg neighbor count per particle: 93
### Check ### Total time: 5.1051e-06, current time-step: 1.4641e-06
### Check ### Total energy: 1, (internal: 1, kinetic: 1.24009e-07, gravitational: 0)
### Check ### Focus Tree Nodes: 4096, maxDepth 4, maxStackNc 0, maxStackGravity 0
=== Total time for iteration(4) 0.0322434s

# domain::sync: 0.00111763s
# FindNeighbors: 4.5e-05s
# Density: 0.0102639s
# EquationOfState: 2.6904e-05s
# mpi::synchronizeHalos: 1.737e-06s
# IAD: 0.00942289s
# mpi::synchronizeHalos: 3.886e-06s
# MomentumEnergyIAD: 0.00944229s
# Timestep: 2.353e-06s
# UpdateQuantities: 3.512e-06s
# UpdateSmoothingLength: 2.312e-06s
### Check ### Global Tree Nodes: 512, Particles: 125000, Halos: 0
### Check ### Computational domain: -0.5 0.5 -0.5 0.5 -0.5 0.5
### Check ### Total Neighbors: 11625000, Avg neighbor count per particle: 93
### Check ### Total time: 6.71561e-06, current time-step: 1.61051e-06
### Check ### Total energy: 1, (internal: 1, kinetic: 2.05413e-07, gravitational: 0)
### Check ### Focus Tree Nodes: 4096, maxDepth 4, maxStackNc 0, maxStackGravity 0
=== Total time for iteration(5) 0.0303331s

# domain::sync: 0.00107092s
# FindNeighbors: 4.5751e-05s
# Density: 0.00927517s
# EquationOfState: 2.4202e-05s
# mpi::synchronizeHalos: 1.655e-06s
# IAD: 0.0092881s
# mpi::synchronizeHalos: 1.931e-06s
# MomentumEnergyIAD: 0.00934534s
# Timestep: 1.568e-06s
# UpdateQuantities: 2.744e-06s
# UpdateSmoothingLength: 2.532e-06s
### Check ### Global Tree Nodes: 512, Particles: 125000, Halos: 0
### Check ### Computational domain: -0.5 0.5 -0.5 0.5 -0.5 0.5
### Check ### Total Neighbors: 11625000, Avg neighbor count per particle: 93
### Check ### Total time: 8.48717e-06, current time-step: 1.77156e-06
### Check ### Total energy: 1, (internal: 1, kinetic: 3.18505e-07, gravitational: 0)
### Check ### Focus Tree Nodes: 4096, maxDepth 4, maxStackNc 0, maxStackGravity 0
=== Total time for iteration(6) 0.0290606s

# domain::sync: 0.00106654s
# FindNeighbors: 4.1991e-05s
# Density: 0.00931141s
# EquationOfState: 2.4115e-05s
# mpi::synchronizeHalos: 1.643e-06s
# IAD: 0.0093663s
# mpi::synchronizeHalos: 2.167e-06s
# MomentumEnergyIAD: 0.00963143s
# Timestep: 1.478e-06s
# UpdateQuantities: 2.703e-06s
# UpdateSmoothingLength: 2.415e-06s
### Check ### Global Tree Nodes: 512, Particles: 125000, Halos: 0
### Check ### Computational domain: -0.5 0.5 -0.5 0.5 -0.5 0.5
### Check ### Total Neighbors: 15375000, Avg neighbor count per particle: 123
### Check ### Total time: 1.04359e-05, current time-step: 1.94872e-06
### Check ### Total energy: 1, (internal: 1, kinetic: 4.71365e-07, gravitational: 0)
### Check ### Focus Tree Nodes: 4096, maxDepth 4, maxStackNc 0, maxStackGravity 0
=== Total time for iteration(7) 0.0294529s

# domain::sync: 0.00103912s
# FindNeighbors: 4.6427e-05s
# Density: 0.00925716s
# EquationOfState: 3.2973e-05s
# mpi::synchronizeHalos: 1.613e-06s
# IAD: 0.00887439s
# mpi::synchronizeHalos: 1.501e-06s
# MomentumEnergyIAD: 0.00927838s
# Timestep: 1.5e-06s
# UpdateQuantities: 2.73e-06s
# UpdateSmoothingLength: 2.321e-06s
### Check ### Global Tree Nodes: 512, Particles: 125000, Halos: 0
### Check ### Computational domain: -0.5 0.5 -0.5 0.5 -0.5 0.5
### Check ### Total Neighbors: 11625000, Avg neighbor count per particle: 93
### Check ### Total time: 1.25795e-05, current time-step: 2.14359e-06
### Check ### Total energy: 1, (internal: 0.999999, kinetic: 6.74421e-07, gravitational: 0)
### Check ### Focus Tree Nodes: 4096, maxDepth 4, maxStackNc 0, maxStackGravity 0
=== Total time for iteration(8) 0.0285388s

# domain::sync: 0.00103278s
# FindNeighbors: 4.2023e-05s
# Density: 0.00924065s
# EquationOfState: 2.9768e-05s
# mpi::synchronizeHalos: 1.786e-06s
# IAD: 0.00908117s
# mpi::synchronizeHalos: 1.484e-06s
# MomentumEnergyIAD: 0.00922162s
# Timestep: 1.472e-06s
# UpdateQuantities: 2.79e-06s
# UpdateSmoothingLength: 2.392e-06s
### Check ### Global Tree Nodes: 512, Particles: 125000, Halos: 0
### Check ### Computational domain: -0.5 0.5 -0.5 0.5 -0.5 0.5
### Check ### Total Neighbors: 11625000, Avg neighbor count per particle: 93
### Check ### Total time: 1.49374e-05, current time-step: 2.35795e-06
### Check ### Total energy: 1, (internal: 0.999999, kinetic: 9.39356e-07, gravitational: 0)
### Check ### Focus Tree Nodes: 4096, maxDepth 4, maxStackNc 0, maxStackGravity 0
=== Total time for iteration(9) 0.0286586s

# domain::sync: 0.00105055s
# FindNeighbors: 4.5871e-05s
# Density: 0.00940801s
# EquationOfState: 2.4337e-05s
# mpi::synchronizeHalos: 1.69e-06s
# IAD: 0.0090204s
# mpi::synchronizeHalos: 1.535e-06s
# MomentumEnergyIAD: 0.00921752s
# Timestep: 1.972e-06s
# UpdateQuantities: 3.119e-06s
# UpdateSmoothingLength: 2.384e-06s
### Check ### Global Tree Nodes: 512, Particles: 125000, Halos: 0
### Check ### Computational domain: -0.5 0.5 -0.5 0.5 -0.5 0.5
### Check ### Total Neighbors: 11625000, Avg neighbor count per particle: 93
### Check ### Total time: 1.75312e-05, current time-step: 2.59374e-06
### Check ### Total energy: 1, (internal: 0.999999, kinetic: 1.28121e-06, gravitational: 0)
### Check ### Focus Tree Nodes: 4096, maxDepth 4, maxStackNc 0, maxStackGravity 0
=== Total time for iteration(10) 0.0287781s

# domain::sync: 0.00103747s
# FindNeighbors: 4.2051e-05s
# Density: 0.00940291s
# EquationOfState: 2.416e-05s
# mpi::synchronizeHalos: 1.735e-06s
# IAD: 0.00944175s
# mpi::synchronizeHalos: 1.586e-06s
# MomentumEnergyIAD: 0.00957294s
# Timestep: 1.498e-06s
# UpdateQuantities: 2.668e-06s
# UpdateSmoothingLength: 2.186e-06s
### Check ### Global Tree Nodes: 512, Particles: 125000, Halos: 0
### Check ### Computational domain: -0.5 0.5 -0.5 0.5 -0.5 0.5
### Check ### Total Neighbors: 15375000, Avg neighbor count per particle: 123
### Check ### Total time: 2.03843e-05, current time-step: 2.85312e-06
### Check ### Total energy: 1, (internal: 0.999998, kinetic: 1.71818e-06, gravitational: 0)
### Check ### Focus Tree Nodes: 4096, maxDepth 4, maxStackNc 0, maxStackGravity 0
=== Total time for iteration(11) 0.0295316s

# domain::sync: 0.0010656s
# FindNeighbors: 4.4678e-05s
# Density: 0.00936331s
# EquationOfState: 2.3947e-05s
# mpi::synchronizeHalos: 1.672e-06s
# IAD: 0.00906587s
# mpi::synchronizeHalos: 1.482e-06s
# MomentumEnergyIAD: 0.00921619s
# Timestep: 2.146e-06s
# UpdateQuantities: 3.337e-06s
# UpdateSmoothingLength: 2.399e-06s
### Check ### Global Tree Nodes: 512, Particles: 125000, Halos: 0
### Check ### Computational domain: -0.5 0.5 -0.5 0.5 -0.5 0.5
### Check ### Total Neighbors: 11625000, Avg neighbor count per particle: 93
### Check ### Total time: 2.35227e-05, current time-step: 3.13843e-06
### Check ### Total energy: 1, (internal: 0.999998, kinetic: 2.2739e-06, gravitational: 0)
### Check ### Focus Tree Nodes: 4096, maxDepth 4, maxStackNc 0, maxStackGravity 0
=== Total time for iteration(12) 0.0287913s

# domain::sync: 0.00107474s
# FindNeighbors: 4.2626e-05s
# Density: 0.009052s
# EquationOfState: 2.9317e-05s
# mpi::synchronizeHalos: 1.546e-06s
# IAD: 0.00901032s
# mpi::synchronizeHalos: 1.52e-06s
# MomentumEnergyIAD: 0.00918815s
# Timestep: 1.411e-06s
# UpdateQuantities: 2.718e-06s
# UpdateSmoothingLength: 2.39e-06s
### Check ### Global Tree Nodes: 512, Particles: 125000, Halos: 0
### Check ### Computational domain: -0.5 0.5 -0.5 0.5 -0.5 0.5
### Check ### Total Neighbors: 11625000, Avg neighbor count per particle: 93
### Check ### Total time: 2.6975e-05, current time-step: 3.45227e-06
### Check ### Total energy: 1, (internal: 0.999997, kinetic: 2.97413e-06, gravitational: 0)
### Check ### Focus Tree Nodes: 4096, maxDepth 4, maxStackNc 0, maxStackGravity 0
=== Total time for iteration(13) 0.0284075s

# domain::sync: 0.00106626s
# FindNeighbors: 4.6803e-05s
# Density: 0.00922231s
# EquationOfState: 2.4276e-05s
# mpi::synchronizeHalos: 1.587e-06s
# IAD: 0.00893075s
# mpi::synchronizeHalos: 2.21e-06s
# MomentumEnergyIAD: 0.0093149s
# Timestep: 1.514e-06s
# UpdateQuantities: 2.543e-06s
# UpdateSmoothingLength: 2.214e-06s
### Check ### Global Tree Nodes: 512, Particles: 125000, Halos: 0
### Check ### Computational domain: -0.5 0.5 -0.5 0.5 -0.5 0.5
### Check ### Total Neighbors: 11625000, Avg neighbor count per particle: 93
### Check ### Total time: 3.07725e-05, current time-step: 3.7975e-06
### Check ### Total energy: 1, (internal: 0.999996, kinetic: 3.85237e-06, gravitational: 0)
### Check ### Focus Tree Nodes: 4096, maxDepth 4, maxStackNc 0, maxStackGravity 0
=== Total time for iteration(14) 0.0286161s

# domain::sync: 0.00104657s
# FindNeighbors: 4.1778e-05s
# Density: 0.00954358s
# EquationOfState: 2.8361e-05s
# mpi::synchronizeHalos: 1.561e-06s
# IAD: 0.00928798s
# mpi::synchronizeHalos: 1.517e-06s
# MomentumEnergyIAD: 0.00965212s
# Timestep: 1.407e-06s
# UpdateQuantities: 2.548e-06s
# UpdateSmoothingLength: 2.201e-06s
### Check ### Global Tree Nodes: 512, Particles: 125000, Halos: 0
### Check ### Computational domain: -0.5 0.5 -0.5 0.5 -0.5 0.5
### Check ### Total Neighbors: 15375000, Avg neighbor count per particle: 123
### Check ### Total time: 3.49497e-05, current time-step: 4.17725e-06
### Check ### Total energy: 1, (internal: 0.999995, kinetic: 4.94895e-06, gravitational: 0)
### Check ### Focus Tree Nodes: 4096, maxDepth 4, maxStackNc 0, maxStackGravity 0
=== Total time for iteration(15) 0.0296103s

# domain::sync: 0.00105946s
# FindNeighbors: 4.5839e-05s
# Density: 0.00932635s
# EquationOfState: 2.5297e-05s
# mpi::synchronizeHalos: 1.88e-06s
# IAD: 0.00929999s
# mpi::synchronizeHalos: 1.494e-06s
# MomentumEnergyIAD: 0.00961545s
# Timestep: 1.481e-06s
# UpdateQuantities: 2.76e-06s
# UpdateSmoothingLength: 2.315e-06s
### Check ### Global Tree Nodes: 512, Particles: 125000, Halos: 0
### Check ### Computational domain: -0.5 0.5 -0.5 0.5 -0.5 0.5
### Check ### Total Neighbors: 11625000, Avg neighbor count per particle: 93
### Check ### Total time: 3.95447e-05, current time-step: 4.59497e-06
### Check ### Total energy: 1, (internal: 0.999994, kinetic: 6.31635e-06, gravitational: 0)
### Check ### Focus Tree Nodes: 4096, maxDepth 4, maxStackNc 0, maxStackGravity 0
=== Total time for iteration(16) 0.029383s

# domain::sync: 0.00102946s
# FindNeighbors: 4.1224e-05s
# Density: 0.0093409s
# EquationOfState: 2.4176e-05s
# mpi::synchronizeHalos: 1.628e-06s
# IAD: 0.00888873s
# mpi::synchronizeHalos: 1.517e-06s
# MomentumEnergyIAD: 0.00943764s
# Timestep: 2.3e-06s
# UpdateQuantities: 3.387e-06s
# UpdateSmoothingLength: 2.42e-06s
### Check ### Global Tree Nodes: 512, Particles: 125000, Halos: 0
### Check ### Computational domain: -0.5 0.5 -0.5 0.5 -0.5 0.5
### Check ### Total Neighbors: 11625000, Avg neighbor count per particle: 93
### Check ### Total time: 4.45992e-05, current time-step: 5.05447e-06
### Check ### Total energy: 1, (internal: 0.999992, kinetic: 8.01083e-06, gravitational: 0)
### Check ### Focus Tree Nodes: 4096, maxDepth 4, maxStackNc 0, maxStackGravity 0
=== Total time for iteration(17) 0.0287741s

# domain::sync: 0.00102701s
# FindNeighbors: 4.4589e-05s
# Density: 0.00914732s
# EquationOfState: 2.4118e-05s
# mpi::synchronizeHalos: 1.654e-06s
# IAD: 0.00901559s
# mpi::synchronizeHalos: 1.544e-06s
# MomentumEnergyIAD: 0.00939595s
# Timestep: 1.561e-06s
# UpdateQuantities: 2.705e-06s
# UpdateSmoothingLength: 2.404e-06s
### Check ### Global Tree Nodes: 512, Particles: 125000, Halos: 0
### Check ### Computational domain: -0.5 0.5 -0.5 0.5 -0.5 0.5
### Check ### Total Neighbors: 11625000, Avg neighbor count per particle: 93
### Check ### Total time: 5.01591e-05, current time-step: 5.55992e-06
### Check ### Total energy: 1, (internal: 0.99999, kinetic: 1.0106e-05, gravitational: 0)
### Check ### Focus Tree Nodes: 4096, maxDepth 4, maxStackNc 0, maxStackGravity 0
=== Total time for iteration(18) 0.0286651s

# domain::sync: 0.00105012s
# FindNeighbors: 4.479e-05s
# Density: 0.0094722s
# EquationOfState: 2.4178e-05s
# mpi::synchronizeHalos: 1.697e-06s
# IAD: 0.00932315s
# mpi::synchronizeHalos: 1.924e-06s
# MomentumEnergyIAD: 0.0096569s
# Timestep: 1.84e-06s
# UpdateQuantities: 2.908e-06s
# UpdateSmoothingLength: 2.377e-06s
### Check ### Global Tree Nodes: 512, Particles: 125000, Halos: 0
### Check ### Computational domain: -0.5 0.5 -0.5 0.5 -0.5 0.5
### Check ### Total Neighbors: 15375000, Avg neighbor count per particle: 123
### Check ### Total time: 5.6275e-05, current time-step: 6.11591e-06
### Check ### Total energy: 1, (internal: 0.999987, kinetic: 1.26903e-05, gravitational: 0)
### Check ### Focus Tree Nodes: 4096, maxDepth 4, maxStackNc 0, maxStackGravity 0
=== Total time for iteration(19) 0.0295828s

# domain::sync: 0.00105413s
# FindNeighbors: 4.9799e-05s
# Density: 0.00931736s
# EquationOfState: 2.9738e-05s
# mpi::synchronizeHalos: 1.53e-06s
# IAD: 0.0091625s
# mpi::synchronizeHalos: 1.515e-06s
# MomentumEnergyIAD: 0.0095584s
# Timestep: 1.471e-06s
# UpdateQuantities: 2.555e-06s
# UpdateSmoothingLength: 2.282e-06s
### Check ### Global Tree Nodes: 512, Particles: 125000, Halos: 0
### Check ### Computational domain: -0.5 0.5 -0.5 0.5 -0.5 0.5
### Check ### Total Neighbors: 11625000, Avg neighbor count per particle: 93
### Check ### Total time: 6.30025e-05, current time-step: 6.7275e-06
### Check ### Total energy: 1, (internal: 0.999984, kinetic: 1.58788e-05, gravitational: 0)
### Check ### Focus Tree Nodes: 4096, maxDepth 4, maxStackNc 0, maxStackGravity 0
=== Total time for iteration(20) 0.029182s

# domain::sync: 0.00103326s
# FindNeighbors: 4.1602e-05s
# Density: 0.00933628s
# EquationOfState: 3.0316e-05s
# mpi::synchronizeHalos: 1.75e-06s
# IAD: 0.00915636s
# mpi::synchronizeHalos: 1.757e-06s
# MomentumEnergyIAD: 0.00921991s
# Timestep: 1.558e-06s
# UpdateQuantities: 2.676e-06s
# UpdateSmoothingLength: 2.342e-06s
### Check ### Global Tree Nodes: 512, Particles: 125000, Halos: 0
### Check ### Computational domain: -0.5 0.5 -0.5 0.5 -0.5 0.5
### Check ### Total Neighbors: 11625000, Avg neighbor count per particle: 93
### Check ### Total time: 7.04027e-05, current time-step: 7.40025e-06
### Check ### Total energy: 1, (internal: 0.99998, kinetic: 1.97935e-05, gravitational: 0)
### Check ### Focus Tree Nodes: 4096, maxDepth 4, maxStackNc 0, maxStackGravity 0
=== Total time for iteration(21) 0.0288285s

# domain::sync: 0.00103857s
# FindNeighbors: 4.5029e-05s
# Density: 0.00936639s
# EquationOfState: 2.8769e-05s
# mpi::synchronizeHalos: 1.55e-06s
# IAD: 0.00926155s
# mpi::synchronizeHalos: 1.539e-06s
# MomentumEnergyIAD: 0.00936068s
# Timestep: 1.425e-06s
# UpdateQuantities: 2.608e-06s
# UpdateSmoothingLength: 2.363e-06s
### Check ### Global Tree Nodes: 512, Particles: 125000, Halos: 0
### Check ### Computational domain: -0.5 0.5 -0.5 0.5 -0.5 0.5
### Check ### Total Neighbors: 11625000, Avg neighbor count per particle: 93
### Check ### Total time: 7.8543e-05, current time-step: 8.14027e-06
### Check ### Total energy: 1, (internal: 0.999975, kinetic: 2.45951e-05, gravitational: 0)
### Check ### Focus Tree Nodes: 4096, maxDepth 4, maxStackNc 0, maxStackGravity 0
=== Total time for iteration(22) 0.0291112s

# domain::sync: 0.00107683s
# FindNeighbors: 3.6997e-05s
# Density: 0.0094403s
# EquationOfState: 2.9097e-05s
# mpi::synchronizeHalos: 1.588e-06s
# IAD: 0.0093922s
# mpi::synchronizeHalos: 1.529e-06s
# MomentumEnergyIAD: 0.00955318s
# Timestep: 1.451e-06s
# UpdateQuantities: 2.571e-06s
# UpdateSmoothingLength: 2.353e-06s
### Check ### Global Tree Nodes: 512, Particles: 125000, Halos: 0
### Check ### Computational domain: -0.5 0.5 -0.5 0.5 -0.5 0.5
### Check ### Total Neighbors: 15375000, Avg neighbor count per particle: 123
### Check ### Total time: 8.74973e-05, current time-step: 8.9543e-06
### Check ### Total energy: 1, (internal: 0.99997, kinetic: 3.04753e-05, gravitational: 0)
### Check ### Focus Tree Nodes: 4096, maxDepth 4, maxStackNc 0, maxStackGravity 0
=== Total time for iteration(23) 0.0295388s

# domain::sync: 0.00103072s
# FindNeighbors: 4.1689e-05s
# Density: 0.00925484s
# EquationOfState: 2.4282e-05s
# mpi::synchronizeHalos: 1.62e-06s
# IAD: 0.00898231s
# mpi::synchronizeHalos: 1.433e-06s
# MomentumEnergyIAD: 0.00928407s
# Timestep: 2.148e-06s
# UpdateQuantities: 3.452e-06s
# UpdateSmoothingLength: 2.465e-06s
### Check ### Global Tree Nodes: 512, Particles: 125000, Halos: 0
### Check ### Computational domain: -0.5 0.5 -0.5 0.5 -0.5 0.5
### Check ### Total Neighbors: 11625000, Avg neighbor count per particle: 93
### Check ### Total time: 9.73471e-05, current time-step: 9.84973e-06
### Check ### Total energy: 1, (internal: 0.999962, kinetic: 3.76849e-05, gravitational: 0)
### Check ### Focus Tree Nodes: 4096, maxDepth 4, maxStackNc 0, maxStackGravity 0
=== Total time for iteration(24) 0.0286297s

# domain::sync: 0.0010564s
# FindNeighbors: 4.2135e-05s
# Density: 0.00920612s
# EquationOfState: 2.4398e-05s
# mpi::synchronizeHalos: 1.605e-06s
# IAD: 0.00913111s
# mpi::synchronizeHalos: 1.577e-06s
# MomentumEnergyIAD: 0.00948988s
# Timestep: 1.412e-06s
# UpdateQuantities: 2.666e-06s
# UpdateSmoothingLength: 2.191e-06s
### Check ### Global Tree Nodes: 512, Particles: 125000, Halos: 0
### Check ### Computational domain: -0.5 0.5 -0.5 0.5 -0.5 0.5
### Check ### Total Neighbors: 11625000, Avg neighbor count per particle: 93
### Check ### Total time: 0.000108182, current time-step: 1.08347e-05
### Check ### Total energy: 1, (internal: 0.999954, kinetic: 4.64875e-05, gravitational: 0)
### Check ### Focus Tree Nodes: 4096, maxDepth 4, maxStackNc 0, maxStackGravity 0
=== Total time for iteration(25) 0.0289602s

# domain::sync: 0.00103645s
# FindNeighbors: 4.221e-05s
# Density: 0.00951914s
# EquationOfState: 2.4116e-05s
# mpi::synchronizeHalos: 1.627e-06s
# IAD: 0.00926911s
# mpi::synchronizeHalos: 1.943e-06s
# MomentumEnergyIAD: 0.0099949s
# Timestep: 1.911e-06s
# UpdateQuantities: 3.059e-06s
# UpdateSmoothingLength: 2.385e-06s
### Check ### Global Tree Nodes: 512, Particles: 125000, Halos: 0
### Check ### Computational domain: -0.5 0.5 -0.5 0.5 -0.5 0.5
### Check ### Total Neighbors: 15375000, Avg neighbor count per particle: 123
### Check ### Total time: 0.0001201, current time-step: 1.19182e-05
### Check ### Total energy: 1, (internal: 0.999943, kinetic: 5.72306e-05, gravitational: 0)
### Check ### Focus Tree Nodes: 4096, maxDepth 4, maxStackNc 0, maxStackGravity 0
=== Total time for iteration(26) 0.0298976s

# domain::sync: 0.00104693s
# FindNeighbors: 4.4489e-05s
# Density: 0.00913659s
# EquationOfState: 2.414e-05s
# mpi::synchronizeHalos: 1.652e-06s
# IAD: 0.0089881s
# mpi::synchronizeHalos: 1.486e-06s
# MomentumEnergyIAD: 0.00923774s
# Timestep: 1.477e-06s
# UpdateQuantities: 2.753e-06s
# UpdateSmoothingLength: 2.385e-06s
### Check ### Global Tree Nodes: 512, Particles: 125000, Halos: 0
### Check ### Computational domain: -0.5 0.5 -0.5 0.5 -0.5 0.5
### Check ### Total Neighbors: 11625000, Avg neighbor count per particle: 93
### Check ### Total time: 0.00013321, current time-step: 1.311e-05
### Check ### Total energy: 1, (internal: 0.99993, kinetic: 7.03611e-05, gravitational: 0)
### Check ### Focus Tree Nodes: 4096, maxDepth 4, maxStackNc 0, maxStackGravity 0
=== Total time for iteration(27) 0.0284884s

# domain::sync: 0.00103224s
# FindNeighbors: 4.4324e-05s
# Density: 0.0091049s
# EquationOfState: 2.5253e-05s
# mpi::synchronizeHalos: 1.833e-06s
# IAD: 0.00904577s
# mpi::synchronizeHalos: 1.775e-06s
# MomentumEnergyIAD: 0.00922466s
# Timestep: 1.524e-06s
# UpdateQuantities: 2.666e-06s
# UpdateSmoothingLength: 2.369e-06s
### Check ### Global Tree Nodes: 512, Particles: 125000, Halos: 0
### Check ### Computational domain: -0.5 0.5 -0.5 0.5 -0.5 0.5
### Check ### Total Neighbors: 11625000, Avg neighbor count per particle: 93
### Check ### Total time: 0.000147631, current time-step: 1.4421e-05
### Check ### Total energy: 1, (internal: 0.999914, kinetic: 8.63486e-05, gravitational: 0)
### Check ### Focus Tree Nodes: 4096, maxDepth 4, maxStackNc 0, maxStackGravity 0
=== Total time for iteration(28) 0.028488s

# domain::sync: 0.001053s
# FindNeighbors: 4.132e-05s
# Density: 0.00919098s
# EquationOfState: 2.4176e-05s
# mpi::synchronizeHalos: 1.663e-06s
# IAD: 0.00907199s
# mpi::synchronizeHalos: 1.439e-06s
# MomentumEnergyIAD: 0.00958425s
# Timestep: 2.069e-06s
# UpdateQuantities: 3.211e-06s
# UpdateSmoothingLength: 2.379e-06s
### Check ### Global Tree Nodes: 512, Particles: 125000, Halos: 0
### Check ### Computational domain: -0.5 0.5 -0.5 0.5 -0.5 0.5
### Check ### Total Neighbors: 11625000, Avg neighbor count per particle: 93
### Check ### Total time: 0.000163494, current time-step: 1.58631e-05
### Check ### Total energy: 1, (internal: 0.999894, kinetic: 0.000105812, gravitational: 0)
### Check ### Focus Tree Nodes: 4096, maxDepth 4, maxStackNc 0, maxStackGravity 0
=== Total time for iteration(29) 0.0289772s

# domain::sync: 0.00103354s
# FindNeighbors: 4.6025e-05s
# Density: 0.00954626s
# EquationOfState: 2.51e-05s
# mpi::synchronizeHalos: 1.775e-06s
# IAD: 0.00915944s
# mpi::synchronizeHalos: 1.494e-06s
# MomentumEnergyIAD: 0.00948918s
# Timestep: 1.484e-06s
# UpdateQuantities: 2.731e-06s
# UpdateSmoothingLength: 2.153e-06s
### Check ### Global Tree Nodes: 512, Particles: 125000, Halos: 0
### Check ### Computational domain: -0.5 0.5 -0.5 0.5 -0.5 0.5
### Check ### Total Neighbors: 15375000, Avg neighbor count per particle: 123
### Check ### Total time: 0.000180943, current time-step: 1.74494e-05
### Check ### Total energy: 1, (internal: 0.999871, kinetic: 0.000129489, gravitational: 0)
### Check ### Focus Tree Nodes: 4096, maxDepth 4, maxStackNc 0, maxStackGravity 0
=== Total time for iteration(30) 0.0293099s

# domain::sync: 0.00103268s
# FindNeighbors: 4.6877e-05s
# Density: 0.00976139s
# EquationOfState: 2.4084e-05s
# mpi::synchronizeHalos: 1.724e-06s
# IAD: 0.00899845s
# mpi::synchronizeHalos: 1.911e-06s
# MomentumEnergyIAD: 0.00936051s
# Timestep: 1.902e-06s
# UpdateQuantities: 2.902e-06s
# UpdateSmoothingLength: 2.408e-06s
### Check ### Global Tree Nodes: 512, Particles: 125000, Halos: 0
### Check ### Computational domain: -0.5 0.5 -0.5 0.5 -0.5 0.5
### Check ### Total Neighbors: 11625000, Avg neighbor count per particle: 93
### Check ### Total time: 0.000200138, current time-step: 1.91943e-05
### Check ### Total energy: 1, (internal: 0.999842, kinetic: 0.000158344, gravitational: 0)
### Check ### Focus Tree Nodes: 4096, maxDepth 4, maxStackNc 0, maxStackGravity 0
=== Total time for iteration(31) 0.0292356s

# domain::sync: 0.00105275s
# FindNeighbors: 4.4413e-05s
# Density: 0.00934815s
# EquationOfState: 3.161e-05s
# mpi::synchronizeHalos: 1.522e-06s
# IAD: 0.0090118s
# mpi::synchronizeHalos: 1.509e-06s
# MomentumEnergyIAD: 0.00950199s
# Timestep: 1.425e-06s
# UpdateQuantities: 2.547e-06s
# UpdateSmoothingLength: 2.203e-06s
### Check ### Global Tree Nodes: 512, Particles: 125000, Halos: 0
### Check ### Computational domain: -0.5 0.5 -0.5 0.5 -0.5 0.5
### Check ### Total Neighbors: 11625000, Avg neighbor count per particle: 93
### Check ### Total time: 0.000221252, current time-step: 2.11138e-05
### Check ### Total energy: 1, (internal: 0.999807, kinetic: 0.000193383, gravitational: 0)
### Check ### Focus Tree Nodes: 4096, maxDepth 4, maxStackNc 0, maxStackGravity 0
=== Total time for iteration(32) 0.0290006s

# domain::sync: 0.00105005s
# FindNeighbors: 4.103e-05s
# Density: 0.00940039s
# EquationOfState: 2.9988e-05s
# mpi::synchronizeHalos: 1.66e-06s
# IAD: 0.00899421s
# mpi::synchronizeHalos: 1.814e-06s
# MomentumEnergyIAD: 0.00933653s
# Timestep: 1.55e-06s
# UpdateQuantities: 2.655e-06s
# UpdateSmoothingLength: 2.36e-06s
### Check ### Global Tree Nodes: 512, Particles: 125000, Halos: 0
### Check ### Computational domain: -0.5 0.5 -0.5 0.5 -0.5 0.5
### Check ### Total Neighbors: 11625000, Avg neighbor count per particle: 93
### Check ### Total time: 0.000244477, current time-step: 2.32252e-05
### Check ### Total energy: 1, (internal: 0.999764, kinetic: 0.000235936, gravitational: 0)
### Check ### Focus Tree Nodes: 4096, maxDepth 4, maxStackNc 0, maxStackGravity 0
=== Total time for iteration(33) 0.028863s

# domain::sync: 0.00104458s
# FindNeighbors: 4.3982e-05s
# Density: 0.00944255s
# EquationOfState: 2.9792e-05s
# mpi::synchronizeHalos: 1.502e-06s
# IAD: 0.00938653s
# mpi::synchronizeHalos: 1.518e-06s
# MomentumEnergyIAD: 0.00971474s
# Timestep: 2.029e-06s
# UpdateQuantities: 3.149e-06s
# UpdateSmoothingLength: 2.345e-06s
### Check ### Global Tree Nodes: 512, Particles: 125000, Halos: 0
### Check ### Computational domain: -0.5 0.5 -0.5 0.5 -0.5 0.5
### Check ### Total Neighbors: 15375000, Avg neighbor count per particle: 123
### Check ### Total time: 0.000270024, current time-step: 2.55477e-05
### Check ### Total energy: 1, (internal: 0.999712, kinetic: 0.000287585, gravitational: 0)
### Check ### Focus Tree Nodes: 4096, maxDepth 4, maxStackNc 0, maxStackGravity 0
=== Total time for iteration(34) 0.0296734s

# domain::sync: 0.00106113s
# FindNeighbors: 4.1378e-05s
# Density: 0.00914491s
# EquationOfState: 3.0054e-05s
# mpi::synchronizeHalos: 1.487e-06s
# IAD: 0.00912584s
# mpi::synchronizeHalos: 1.843e-06s
# MomentumEnergyIAD: 0.00962434s
# Timestep: 1.454e-06s
# UpdateQuantities: 2.52e-06s
# UpdateSmoothingLength: 2.402e-06s
### Check ### Global Tree Nodes: 512, Particles: 125000, Halos: 0
### Check ### Computational domain: -0.5 0.5 -0.5 0.5 -0.5 0.5
### Check ### Total Neighbors: 11625000, Avg neighbor count per particle: 93
### Check ### Total time: 0.000298127, current time-step: 2.81024e-05
### Check ### Total energy: 1, (internal: 0.99965, kinetic: 0.000350396, gravitational: 0)
### Check ### Focus Tree Nodes: 4096, maxDepth 4, maxStackNc 0, maxStackGravity 0
=== Total time for iteration(35) 0.0290381s

# domain::sync: 0.00104237s
# FindNeighbors: 4.9951e-05s
# Density: 0.00935619s
# EquationOfState: 2.9799e-05s
# mpi::synchronizeHalos: 1.468e-06s
# IAD: 0.00908757s
# mpi::synchronizeHalos: 1.514e-06s
# MomentumEnergyIAD: 0.00910172s
# Timestep: 1.84e-06s
# UpdateQuantities: 3.13e-06s
# UpdateSmoothingLength: 2.401e-06s
### Check ### Global Tree Nodes: 512, Particles: 125000, Halos: 0
### Check ### Computational domain: -0.5 0.5 -0.5 0.5 -0.5 0.5
### Check ### Total Neighbors: 11625000, Avg neighbor count per particle: 93
### Check ### Total time: 0.000329039, current time-step: 3.09127e-05
### Check ### Total energy: 1, (internal: 0.999573, kinetic: 0.000426519, gravitational: 0)
### Check ### Focus Tree Nodes: 4096, maxDepth 4, maxStackNc 0, maxStackGravity 0
=== Total time for iteration(36) 0.0286787s

# domain::sync: 0.00105912s
# FindNeighbors: 4.5182e-05s
# Density: 0.00931201s
# EquationOfState: 2.5068e-05s
# mpi::synchronizeHalos: 1.76e-06s
# IAD: 0.00904041s
# mpi::synchronizeHalos: 1.471e-06s
# MomentumEnergyIAD: 0.00941488s
# Timestep: 1.458e-06s
# UpdateQuantities: 2.649e-06s
# UpdateSmoothingLength: 2.408e-06s
### Check ### Global Tree Nodes: 512, Particles: 125000, Halos: 0
### Check ### Computational domain: -0.5 0.5 -0.5 0.5 -0.5 0.5
### Check ### Total Neighbors: 11625000, Avg neighbor count per particle: 93
### Check ### Total time: 0.000363043, current time-step: 3.40039e-05
### Check ### Total energy: 1, (internal: 0.999481, kinetic: 0.000518792, gravitational: 0)
### Check ### Focus Tree Nodes: 4096, maxDepth 4, maxStackNc 0, maxStackGravity 0
=== Total time for iteration(37) 0.0289071s

# domain::sync: 0.00103322s
# FindNeighbors: 4.4333e-05s
# Density: 0.00971973s
# EquationOfState: 3.0384e-05s
# mpi::synchronizeHalos: 1.562e-06s
# IAD: 0.00923871s
# mpi::synchronizeHalos: 1.993e-06s
# MomentumEnergyIAD: 0.00956231s
# Timestep: 1.842e-06s
# UpdateQuantities: 2.888e-06s
# UpdateSmoothingLength: 2.19e-06s
### Check ### Global Tree Nodes: 512, Particles: 125000, Halos: 0
### Check ### Computational domain: -0.5 0.5 -0.5 0.5 -0.5 0.5
### Check ### Total Neighbors: 15375000, Avg neighbor count per particle: 123
### Check ### Total time: 0.000400448, current time-step: 3.74043e-05
### Check ### Total energy: 1, (internal: 0.999369, kinetic: 0.000630586, gravitational: 0)
### Check ### Focus Tree Nodes: 4096, maxDepth 4, maxStackNc 0, maxStackGravity 0
=== Total time for iteration(38) 0.0296399s

# domain::sync: 0.00104669s
# FindNeighbors: 4.232e-05s
# Density: 0.00926369s
# EquationOfState: 2.4157e-05s
# mpi::synchronizeHalos: 1.678e-06s
# IAD: 0.00910134s
# mpi::synchronizeHalos: 2.436e-06s
# MomentumEnergyIAD: 0.00930527s
# Timestep: 1.981e-06s
# UpdateQuantities: 3.254e-06s
# UpdateSmoothingLength: 2.408e-06s
### Check ### Global Tree Nodes: 512, Particles: 125000, Halos: 0
### Check ### Computational domain: -0.5 0.5 -0.5 0.5 -0.5 0.5
### Check ### Total Neighbors: 11625000, Avg neighbor count per particle: 93
### Check ### Total time: 0.000441593, current time-step: 4.11448e-05
### Check ### Total energy: 1, (internal: 0.999234, kinetic: 0.000766305, gravitational: 0)
### Check ### Focus Tree Nodes: 4096, maxDepth 4, maxStackNc 0, maxStackGravity 0
=== Total time for iteration(39) 0.028796s

# domain::sync: 0.00103357s
# FindNeighbors: 4.1442e-05s
# Density: 0.0093246s
# EquationOfState: 2.5139e-05s
# mpi::synchronizeHalos: 1.739e-06s
# IAD: 0.00919507s
# mpi::synchronizeHalos: 1.801e-06s
# MomentumEnergyIAD: 0.00937212s
# Timestep: 1.942e-06s
# UpdateQuantities: 3.064e-06s
# UpdateSmoothingLength: 2.338e-06s
### Check ### Global Tree Nodes: 512, Particles: 125000, Halos: 0
### Check ### Computational domain: -0.5 0.5 -0.5 0.5 -0.5 0.5
### Check ### Total Neighbors: 11625000, Avg neighbor count per particle: 93
### Check ### Total time: 0.000486852, current time-step: 4.52593e-05
### Check ### Total energy: 1, (internal: 0.99907, kinetic: 0.000930494, gravitational: 0)
### Check ### Focus Tree Nodes: 4096, maxDepth 4, maxStackNc 0, maxStackGravity 0
=== Total time for iteration(40) 0.0290035s

# domain::sync: 0.00103392s
# FindNeighbors: 4.5343e-05s
# Density: 0.00925852s
# EquationOfState: 2.4296e-05s
# mpi::synchronizeHalos: 1.61e-06s
# IAD: 0.00912872s
# mpi::synchronizeHalos: 1.449e-06s
# MomentumEnergyIAD: 0.00933427s
# Timestep: 1.968e-06s
# UpdateQuantities: 3.207e-06s
# UpdateSmoothingLength: 2.381e-06s
### Check ### Global Tree Nodes: 512, Particles: 125000, Halos: 0
### Check ### Computational domain: -0.5 0.5 -0.5 0.5 -0.5 0.5
### Check ### Total Neighbors: 11625000, Avg neighbor count per particle: 93
### Check ### Total time: 0.000536637, current time-step: 4.97852e-05
### Check ### Total energy: 1, (internal: 0.998871, kinetic: 0.00112916, gravitational: 0)
### Check ### Focus Tree Nodes: 4096, maxDepth 4, maxStackNc 0, maxStackGravity 0
=== Total time for iteration(41) 0.0288364s

# domain::sync: 0.0010335s
# FindNeighbors: 4.5424e-05s
# Density: 0.0096307s
# EquationOfState: 2.4384e-05s
# mpi::synchronizeHalos: 1.655e-06s
# IAD: 0.00931832s
# mpi::synchronizeHalos: 1.854e-06s
# MomentumEnergyIAD: 0.00954423s
# Timestep: 1.562e-06s
# UpdateQuantities: 2.605e-06s
# UpdateSmoothingLength: 2.23e-06s
### Check ### Global Tree Nodes: 512, Particles: 125000, Halos: 0
### Check ### Computational domain: -0.5 0.5 -0.5 0.5 -0.5 0.5
### Check ### Total Neighbors: 15375000, Avg neighbor count per particle: 123
### Check ### Total time: 0.000591401, current time-step: 5.47637e-05
### Check ### Total energy: 1, (internal: 0.998631, kinetic: 0.00136941, gravitational: 0)
### Check ### Focus Tree Nodes: 4096, maxDepth 4, maxStackNc 0, maxStackGravity 0
=== Total time for iteration(42) 0.0296072s

# domain::sync: 0.00103325s
# FindNeighbors: 5.349e-05s
# Density: 0.00937953s
# EquationOfState: 2.4263e-05s
# mpi::synchronizeHalos: 1.702e-06s
# IAD: 0.00909118s
# mpi::synchronizeHalos: 1.877e-06s
# MomentumEnergyIAD: 0.00917011s
# Timestep: 1.514e-06s
# UpdateQuantities: 2.608e-06s
# UpdateSmoothingLength: 2.337e-06s
### Check ### Global Tree Nodes: 512, Particles: 125000, Halos: 0
### Check ### Computational domain: -0.5 0.5 -0.5 0.5 -0.5 0.5
### Check ### Total Neighbors: 11625000, Avg neighbor count per particle: 93
### Check ### Total time: 0.000651641, current time-step: 6.02401e-05
### Check ### Total energy: 1, (internal: 0.998339, kinetic: 0.0016605, gravitational: 0)
### Check ### Focus Tree Nodes: 4096, maxDepth 4, maxStackNc 0, maxStackGravity 0
=== Total time for iteration(43) 0.0287626s

# domain::sync: 0.00104366s
# FindNeighbors: 4.6544e-05s
# Density: 0.00931105s
# EquationOfState: 2.4883e-05s
# mpi::synchronizeHalos: 1.702e-06s
# IAD: 0.00902938s
# mpi::synchronizeHalos: 1.528e-06s
# MomentumEnergyIAD: 0.0094163s
# Timestep: 1.551e-06s
# UpdateQuantities: 2.703e-06s
# UpdateSmoothingLength: 2.374e-06s
### Check ### Global Tree Nodes: 512, Particles: 125000, Halos: 0
### Check ### Computational domain: -0.5 0.5 -0.5 0.5 -0.5 0.5
### Check ### Total Neighbors: 11625000, Avg neighbor count per particle: 93
### Check ### Total time: 0.000717905, current time-step: 6.62641e-05
### Check ### Total energy: 1, (internal: 0.997988, kinetic: 0.00201192, gravitational: 0)
### Check ### Focus Tree Nodes: 4096, maxDepth 4, maxStackNc 0, maxStackGravity 0
=== Total time for iteration(44) 0.0288823s

# domain::sync: 0.00104525s
# FindNeighbors: 3.6927e-05s
# Density: 0.00928954s
# EquationOfState: 2.4958e-05s
# mpi::synchronizeHalos: 1.758e-06s
# IAD: 0.00897447s
# mpi::synchronizeHalos: 1.486e-06s
# MomentumEnergyIAD: 0.00921752s
# Timestep: 1.779e-06s
# UpdateQuantities: 2.934e-06s
# UpdateSmoothingLength: 2.361e-06s
### Check ### Global Tree Nodes: 512, Particles: 125000, Halos: 0
### Check ### Computational domain: -0.5 0.5 -0.5 0.5 -0.5 0.5
### Check ### Total Neighbors: 11633784, Avg neighbor count per particle: 93
### Check ### Total time: 0.000790795, current time-step: 7.28905e-05
### Check ### Total energy: 1, (internal: 0.997564, kinetic: 0.00243614, gravitational: 0)
### Check ### Focus Tree Nodes: 4096, maxDepth 4, maxStackNc 0, maxStackGravity 0
=== Total time for iteration(45) 0.0285997s

# domain::sync: 0.00105973s
# FindNeighbors: 4.4266e-05s
# Density: 0.00955902s
# EquationOfState: 2.409e-05s
# mpi::synchronizeHalos: 1.649e-06s
# IAD: 0.00907656s
# mpi::synchronizeHalos: 1.482e-06s
# MomentumEnergyIAD: 0.00951796s
# Timestep: 1.918e-06s
# UpdateQuantities: 3.211e-06s
# UpdateSmoothingLength: 2.632e-06s
### Check ### Global Tree Nodes: 512, Particles: 125000, Halos: 0
### Check ### Computational domain: -0.5 0.5 -0.5 0.5 -0.5 0.5
### Check ### Total Neighbors: 15367176, Avg neighbor count per particle: 122
### Check ### Total time: 0.000870975, current time-step: 8.01795e-05
### Check ### Total energy: 1, (internal: 0.997052, kinetic: 0.00294783, gravitational: 0)
### Check ### Focus Tree Nodes: 4096, maxDepth 4, maxStackNc 0, maxStackGravity 0
=== Total time for iteration(46) 0.0292932s

# domain::sync: 0.00107138s
# FindNeighbors: 4.6027e-05s
# Density: 0.00914896s
# EquationOfState: 2.4228e-05s
# mpi::synchronizeHalos: 1.627e-06s
# IAD: 0.00889644s
# mpi::synchronizeHalos: 1.869e-06s
# MomentumEnergyIAD: 0.00920313s
# Timestep: 1.402e-06s
# UpdateQuantities: 2.545e-06s
# UpdateSmoothingLength: 2.154e-06s
### Check ### Global Tree Nodes: 512, Particles: 125000, Halos: 0
### Check ### Computational domain: -0.5 0.5 -0.5 0.5 -0.5 0.5
### Check ### Total Neighbors: 11625000, Avg neighbor count per particle: 93
### Check ### Total time: 0.000959172, current time-step: 8.81975e-05
### Check ### Total energy: 1, (internal: 0.996434, kinetic: 0.00356586, gravitational: 0)
### Check ### Focus Tree Nodes: 4096, maxDepth 4, maxStackNc 0, maxStackGravity 0
=== Total time for iteration(47) 0.0284004s

# domain::sync: 0.001063s
# FindNeighbors: 4.5001e-05s
# Density: 0.00933467s
# EquationOfState: 2.4158e-05s
# mpi::synchronizeHalos: 1.603e-06s
# IAD: 0.00914296s
# mpi::synchronizeHalos: 1.458e-06s
# MomentumEnergyIAD: 0.00931591s
# Timestep: 1.931e-06s
# UpdateQuantities: 3.085e-06s
# UpdateSmoothingLength: 2.418e-06s
### Check ### Global Tree Nodes: 512, Particles: 125000, Halos: 0
### Check ### Computational domain: -0.5 0.5 -0.5 0.5 -0.5 0.5
### Check ### Total Neighbors: 11629704, Avg neighbor count per particle: 93
### Check ### Total time: 0.00105619, current time-step: 9.70172e-05
### Check ### Total energy: 1, (internal: 0.99569, kinetic: 0.00430952, gravitational: 0)
### Check ### Focus Tree Nodes: 4096, maxDepth 4, maxStackNc 0, maxStackGravity 0
=== Total time for iteration(48) 0.0289369s

# domain::sync: 0.00103183s
# FindNeighbors: 4.2409e-05s
# Density: 0.0091561s
# EquationOfState: 2.8546e-05s
# mpi::synchronizeHalos: 1.528e-06s
# IAD: 0.00904488s
# mpi::synchronizeHalos: 1.682e-06s
# MomentumEnergyIAD: 0.00920906s
# Timestep: 1.483e-06s
# UpdateQuantities: 2.625e-06s
# UpdateSmoothingLength: 2.229e-06s
### Check ### Global Tree Nodes: 512, Particles: 125000, Halos: 0
### Check ### Computational domain: -0.5 0.5 -0.5 0.5 -0.5 0.5
### Check ### Total Neighbors: 11685864, Avg neighbor count per particle: 93
### Check ### Total time: 0.00116291, current time-step: 0.000106719
### Check ### Total energy: 1, (internal: 0.994796, kinetic: 0.00520391, gravitational: 0)
### Check ### Focus Tree Nodes: 4096, maxDepth 4, maxStackNc 0, maxStackGravity 0
=== Total time for iteration(49) 0.028523s

# domain::sync: 0.00109563s
# FindNeighbors: 4.4482e-05s
# Density: 0.00943242s
# EquationOfState: 2.4224e-05s
# mpi::synchronizeHalos: 1.648e-06s
# IAD: 0.00912003s
# mpi::synchronizeHalos: 1.851e-06s
# MomentumEnergyIAD: 0.00988832s
# Timestep: 1.402e-06s
# UpdateQuantities: 2.657e-06s
# UpdateSmoothingLength: 2.334e-06s
### Check ### Global Tree Nodes: 512, Particles: 125000, Halos: 0
### Check ### Computational domain: -0.5 0.5 -0.5 0.5 -0.5 0.5
### Check ### Total Neighbors: 15272256, Avg neighbor count per particle: 122
### Check ### Total time: 0.0012803, current time-step: 0.000117391
### Check ### Total energy: 1, (internal: 0.993721, kinetic: 0.00627813, gravitational: 0)
### Check ### Focus Tree Nodes: 4096, maxDepth 4, maxStackNc 0, maxStackGravity 0
=== Total time for iteration(50) 0.0296157s

# domain::sync: 0.00103333s
# FindNeighbors: 4.1937e-05s
# Density: 0.00943779s
# EquationOfState: 2.4897e-05s
# mpi::synchronizeHalos: 1.752e-06s
# IAD: 0.00893175s
# mpi::synchronizeHalos: 1.45e-06s
# MomentumEnergyIAD: 0.00950179s
# Timestep: 1.432e-06s
# UpdateQuantities: 2.627e-06s
# UpdateSmoothingLength: 2.312e-06s
### Check ### Global Tree Nodes: 512, Particles: 125000, Halos: 0
### Check ### Computational domain: -0.5 0.5 -0.5 0.5 -0.5 0.5
### Check ### Total Neighbors: 11693208, Avg neighbor count per particle: 93
### Check ### Total time: 0.00140943, current time-step: 0.00012913
### Check ### Total energy: 0.999999, (internal: 0.992432, kinetic: 0.00756702, gravitational: 0)
### Check ### Focus Tree Nodes: 4096, maxDepth 4, maxStackNc 0, maxStackGravity 0
=== Total time for iteration(51) 0.0289818s

# domain::sync: 0.00106203s
# FindNeighbors: 4.4506e-05s
# Density: 0.00950176s
# EquationOfState: 2.5673e-05s
# mpi::synchronizeHalos: 1.723e-06s
# IAD: 0.00919329s
# mpi::synchronizeHalos: 1.465e-06s
# MomentumEnergyIAD: 0.00917977s
# Timestep: 1.791e-06s
# UpdateQuantities: 2.821e-06s
# UpdateSmoothingLength: 2.424e-06s
### Check ### Global Tree Nodes: 512, Particles: 125000, Halos: 0
### Check ### Computational domain: -0.5 0.5 -0.5 0.5 -0.5 0.5
### Check ### Total Neighbors: 11648112, Avg neighbor count per particle: 93
### Check ### Total time: 0.00155147, current time-step: 0.000142043
### Check ### Total energy: 0.999999, (internal: 0.990889, kinetic: 0.00910963, gravitational: 0)
### Check ### Focus Tree Nodes: 4096, maxDepth 4, maxStackNc 0, maxStackGravity 0
=== Total time for iteration(52) 0.029018s

# domain::sync: 0.00106116s
# FindNeighbors: 4.9067e-05s
# Density: 0.00952007s
# EquationOfState: 2.4153e-05s
# mpi::synchronizeHalos: 1.643e-06s
# IAD: 0.00917408s
# mpi::synchronizeHalos: 1.486e-06s
# MomentumEnergyIAD: 0.0098955s
# Timestep: 2.911e-06s
# UpdateQuantities: 3.243e-06s
# UpdateSmoothingLength: 2.455e-06s
### Check ### Global Tree Nodes: 512, Particles: 125000, Halos: 0
### Check ### Computational domain: -0.5 0.5 -0.5 0.5 -0.5 0.5
### Check ### Total Neighbors: 15026520, Avg neighbor count per particle: 120
### Check ### Total time: 0.00170772, current time-step: 0.000156247
### Check ### Total energy: 0.999999, (internal: 0.989046, kinetic: 0.0109526, gravitational: 0)
### Check ### Focus Tree Nodes: 4096, maxDepth 4, maxStackNc 0, maxStackGravity 0
=== Total time for iteration(53) 0.0297365s

# domain::sync: 0.00106852s
# FindNeighbors: 4.224e-05s
# Density: 0.00935082s
# EquationOfState: 2.4354e-05s
# mpi::synchronizeHalos: 1.666e-06s
# IAD: 0.00916759s
# mpi::synchronizeHalos: 1.761e-06s
# MomentumEnergyIAD: 0.00948801s
# Timestep: 1.413e-06s
# UpdateQuantities: 2.5e-06s
# UpdateSmoothingLength: 2.38e-06s
### Check ### Global Tree Nodes: 512, Particles: 125000, Halos: 0
### Check ### Computational domain: -0.5 0.5 -0.5 0.5 -0.5 0.5
### Check ### Total Neighbors: 11873760, Avg neighbor count per particle: 94
### Check ### Total time: 0.00187959, current time-step: 0.000171872
### Check ### Total energy: 0.999998, (internal: 0.98685, kinetic: 0.0131482, gravitational: 0)
### Check ### Focus Tree Nodes: 4096, maxDepth 4, maxStackNc 0, maxStackGravity 0
=== Total time for iteration(54) 0.029152s

# domain::sync: 0.00103928s
# FindNeighbors: 4.2889e-05s
# Density: 0.0092291s
# EquationOfState: 2.4298e-05s
# mpi::synchronizeHalos: 1.609e-06s
# IAD: 0.00915666s
# mpi::synchronizeHalos: 1.956e-06s
# MomentumEnergyIAD: 0.00946672s
# Timestep: 1.439e-06s
# UpdateQuantities: 2.553e-06s
# UpdateSmoothingLength: 2.193e-06s
### Check ### Global Tree Nodes: 512, Particles: 125000, Halos: 0
### Check ### Computational domain: -0.5 0.5 -0.5 0.5 -0.5 0.5
### Check ### Total Neighbors: 11693784, Avg neighbor count per particle: 93
### Check ### Total time: 0.00206865, current time-step: 0.000189059
### Check ### Total energy: 0.999998, (internal: 0.984241, kinetic: 0.0157562, gravitational: 0)
### Check ### Focus Tree Nodes: 4096, maxDepth 4, maxStackNc 0, maxStackGravity 0
=== Total time for iteration(55) 0.0289694s

# domain::sync: 0.00103415s
# FindNeighbors: 4.9625e-05s
# Density: 0.00938226s
# EquationOfState: 2.8724e-05s
# mpi::synchronizeHalos: 1.753e-06s
# IAD: 0.00888592s
# mpi::synchronizeHalos: 1.502e-06s
# MomentumEnergyIAD: 0.00936799s
# Timestep: 1.457e-06s
# UpdateQuantities: 2.568e-06s
# UpdateSmoothingLength: 2.35e-06s
### Check ### Global Tree Nodes: 512, Particles: 125000, Halos: 0
### Check ### Computational domain: -0.5 0.5 -0.5 0.5 -0.5 0.5
### Check ### Total Neighbors: 11659080, Avg neighbor count per particle: 93
### Check ### Total time: 0.00227662, current time-step: 0.000207965
### Check ### Total energy: 0.999997, (internal: 0.981154, kinetic: 0.0188431, gravitational: 0)
### Check ### Focus Tree Nodes: 4096, maxDepth 4, maxStackNc 0, maxStackGravity 0
=== Total time for iteration(56) 0.028759s

# domain::sync: 0.00103927s
# FindNeighbors: 4.387e-05s
# Density: 0.00936349s
# EquationOfState: 3.2006e-05s
# mpi::synchronizeHalos: 1.706e-06s
# IAD: 0.00918176s
# mpi::synchronizeHalos: 1.757e-06s
# MomentumEnergyIAD: 0.00970096s
# Timestep: 1.541e-06s
# UpdateQuantities: 3.42e-06s
# UpdateSmoothingLength: 2.381e-06s
### Check ### Global Tree Nodes: 512, Particles: 125000, Halos: 0
### Check ### Computational domain: -0.5 0.5 -0.5 0.5 -0.5 0.5
### Check ### Total Neighbors: 15047256, Avg neighbor count per particle: 120
### Check ### Total time: 0.00250538, current time-step: 0.000228762
### Check ### Total energy: 0.999996, (internal: 0.977514, kinetic: 0.0224821, gravitational: 0)
### Check ### Focus Tree Nodes: 4096, maxDepth 4, maxStackNc 0, maxStackGravity 0
=== Total time for iteration(57) 0.0293729s

# domain::sync: 0.00107125s
# FindNeighbors: 4.4814e-05s
# Density: 0.00929375s
# EquationOfState: 2.89e-05s
# mpi::synchronizeHalos: 1.695e-06s
# IAD: 0.00911385s
# mpi::synchronizeHalos: 1.482e-06s
# MomentumEnergyIAD: 0.00928979s
# Timestep: 1.875e-06s
# UpdateQuantities: 3.122e-06s
# UpdateSmoothingLength: 2.417e-06s
### Check ### Global Tree Nodes: 512, Particles: 125000, Halos: 0
### Check ### Computational domain: -0.5 0.5 -0.5 0.5 -0.5 0.5
### Check ### Total Neighbors: 11845680, Avg neighbor count per particle: 94
### Check ### Total time: 0.00275701, current time-step: 0.000251638
### Check ### Total energy: 0.999995, (internal: 0.973243, kinetic: 0.0267518, gravitational: 0)
### Check ### Focus Tree Nodes: 4096, maxDepth 4, maxStackNc 0, maxStackGravity 0
=== Total time for iteration(58) 0.0288536s

# domain::sync: 0.0010502s
# FindNeighbors: 4.6343e-05s
# Density: 0.00930605s
# EquationOfState: 3.0312e-05s
# mpi::synchronizeHalos: 1.583e-06s
# IAD: 0.00910121s
# mpi::synchronizeHalos: 1.501e-06s
# MomentumEnergyIAD: 0.00924354s
# Timestep: 1.805e-06s
# UpdateQuantities: 2.893e-06s
# UpdateSmoothingLength: 2.412e-06s
### Check ### Global Tree Nodes: 512, Particles: 125000, Halos: 0
### Check ### Computational domain: -0.5 0.5 -0.5 0.5 -0.5 0.5
### Check ### Total Neighbors: 11691192, Avg neighbor count per particle: 93
### Check ### Total time: 0.00303382, current time-step: 0.000276801
### Check ### Total energy: 0.999995, (internal: 0.96826, kinetic: 0.0317349, gravitational: 0)
### Check ### Focus Tree Nodes: 4096, maxDepth 4, maxStackNc 0, maxStackGravity 0
=== Total time for iteration(59) 0.0287885s

# domain::sync: 0.00105968s
# FindNeighbors: 4.1434e-05s
# Density: 0.00929888s
# EquationOfState: 2.9972e-05s
# mpi::synchronizeHalos: 1.478e-06s
# IAD: 0.00899375s
# mpi::synchronizeHalos: 1.458e-06s
# MomentumEnergyIAD: 0.00941814s
# Timestep: 1.946e-06s
# UpdateQuantities: 3.178e-06s
# UpdateSmoothingLength: 2.193e-06s
### Check ### Global Tree Nodes: 512, Particles: 125000, Halos: 0
### Check ### Computational domain: -0.5 0.5 -0.5 0.5 -0.5 0.5
### Check ### Total Neighbors: 11670984, Avg neighbor count per particle: 93
### Check ### Total time: 0.0033383, current time-step: 0.000304482
### Check ### Total energy: 0.999994, (internal: 0.962479, kinetic: 0.0375159, gravitational: 0)
### Check ### Focus Tree Nodes: 4096, maxDepth 4, maxStackNc 0, maxStackGravity 0
=== Total time for iteration(60) 0.0288528s

# domain::sync: 0.00106478s
# FindNeighbors: 4.321e-05s
# Density: 0.00940441s
# EquationOfState: 2.8696e-05s
# mpi::synchronizeHalos: 1.487e-06s
# IAD: 0.00903256s
# mpi::synchronizeHalos: 1.796e-06s
# MomentumEnergyIAD: 0.00942166s
# Timestep: 1.426e-06s
# UpdateQuantities: 2.713e-06s
# UpdateSmoothingLength: 2.201e-06s
### Check ### Global Tree Nodes: 512, Particles: 125000, Halos: 0
### Check ### Computational domain: -0.5 0.5 -0.5 0.5 -0.5 0.5
### Check ### Total Neighbors: 15065928, Avg neighbor count per particle: 120
### Check ### Total time: 0.00367323, current time-step: 0.00033493
### Check ### Total energy: 0.999995, (internal: 0.955819, kinetic: 0.0441769, gravitational: 0)
### Check ### Focus Tree Nodes: 4096, maxDepth 4, maxStackNc 0, maxStackGravity 0
=== Total time for iteration(61) 0.0290056s

# domain::sync: 0.00106625s
# FindNeighbors: 4.3713e-05s
# Density: 0.00920423s
# EquationOfState: 3.0212e-05s
# mpi::synchronizeHalos: 1.534e-06s
# IAD: 0.00924144s
# mpi::synchronizeHalos: 1.926e-06s
# MomentumEnergyIAD: 0.00951262s
# Timestep: 1.401e-06s
# UpdateQuantities: 2.697e-06s
# UpdateSmoothingLength: 2.355e-06s
### Check ### Global Tree Nodes: 512, Particles: 125000, Halos: 0
### Check ### Computational domain: -0.5 0.5 -0.5 0.5 -0.5 0.5
### Check ### Total Neighbors: 11816904, Avg neighbor count per particle: 94
### Check ### Total time: 0.00404165, current time-step: 0.000368423
### Check ### Total energy: 0.999998, (internal: 0.948206, kinetic: 0.0517923, gravitational: 0)
### Check ### Focus Tree Nodes: 4096, maxDepth 4, maxStackNc 0, maxStackGravity 0
=== Total time for iteration(62) 0.0291091s

# domain::sync: 0.00106333s
# FindNeighbors: 4.1396e-05s
# Density: 0.00932181s
# EquationOfState: 2.4909e-05s
# mpi::synchronizeHalos: 1.788e-06s
# IAD: 0.00903653s
# mpi::synchronizeHalos: 1.488e-06s
# MomentumEnergyIAD: 0.0093575s
# Timestep: 1.457e-06s
# UpdateQuantities: 2.641e-06s
# UpdateSmoothingLength: 2.409e-06s
### Check ### Global Tree Nodes: 512, Particles: 125000, Halos: 0
### Check ### Computational domain: -0.5 0.5 -0.5 0.5 -0.5 0.5
### Check ### Total Neighbors: 11692512, Avg neighbor count per particle: 93
### Check ### Total time: 0.00442586, current time-step: 0.000384211
### Check ### Total energy: 0.999984, (internal: 0.940035, kinetic: 0.0599494, gravitational: 0)
### Check ### Focus Tree Nodes: 4096, maxDepth 4, maxStackNc 0, maxStackGravity 0
=== Total time for iteration(63) 0.0288559s

# domain::sync: 0.00103622s
# FindNeighbors: 4.6023e-05s
# Density: 0.00927768s
# EquationOfState: 2.5083e-05s
# mpi::synchronizeHalos: 1.82e-06s
# IAD: 0.00904167s
# mpi::synchronizeHalos: 1.537e-06s
# MomentumEnergyIAD: 0.00934302s
# Timestep: 1.483e-06s
# UpdateQuantities: 2.561e-06s
# UpdateSmoothingLength: 2.222e-06s
### Check ### Global Tree Nodes: 512, Particles: 125000, Halos: 0
### Check ### Computational domain: -0.5 0.5 -0.5 0.5 -0.5 0.5
### Check ### Total Neighbors: 11692896, Avg neighbor count per particle: 93
### Check ### Total time: 0.00481358, current time-step: 0.000387713
### Check ### Total energy: 0.999958, (internal: 0.931633, kinetic: 0.0683251, gravitational: 0)
### Check ### Focus Tree Nodes: 4096, maxDepth 4, maxStackNc 0, maxStackGravity 0
=== Total time for iteration(64) 0.02878s

# domain::sync: 0.00106284s
# FindNeighbors: 4.4109e-05s
# Density: 0.00945328s
# EquationOfState: 2.4818e-05s
# mpi::synchronizeHalos: 1.7e-06s
# IAD: 0.00936778s
# mpi::synchronizeHalos: 1.475e-06s
# MomentumEnergyIAD: 0.00958109s
# Timestep: 1.959e-06s
# UpdateQuantities: 3.14e-06s
# UpdateSmoothingLength: 2.38e-06s
### Check ### Global Tree Nodes: 512, Particles: 125000, Halos: 0
### Check ### Computational domain: -0.5 0.5 -0.5 0.5 -0.5 0.5
### Check ### Total Neighbors: 15079128, Avg neighbor count per particle: 120
### Check ### Total time: 0.00519888, current time-step: 0.000385302
### Check ### Total energy: 0.999928, (internal: 0.9232, kinetic: 0.0767279, gravitational: 0)
### Check ### Focus Tree Nodes: 4096, maxDepth 4, maxStackNc 0, maxStackGravity 0
=== Total time for iteration(65) 0.0295453s

# domain::sync: 0.00106229s
# FindNeighbors: 4.5706e-05s
# Density: 0.00936228s
# EquationOfState: 2.4339e-05s
# mpi::synchronizeHalos: 1.625e-06s
# IAD: 0.00911633s
# mpi::synchronizeHalos: 1.474e-06s
# MomentumEnergyIAD: 0.00962534s
# Timestep: 1.805e-06s
# UpdateQuantities: 3.082e-06s
# UpdateSmoothingLength: 2.356e-06s
### Check ### Global Tree Nodes: 512, Particles: 125000, Halos: 0
### Check ### Computational domain: -0.5 0.5 -0.5 0.5 -0.5 0.5
### Check ### Total Neighbors: 11762208, Avg neighbor count per particle: 94
### Check ### Total time: 0.00558324, current time-step: 0.000384362
### Check ### Total energy: 0.999904, (internal: 0.914766, kinetic: 0.0851378, gravitational: 0)
### Check ### Focus Tree Nodes: 4096, maxDepth 4, maxStackNc 0, maxStackGravity 0
=== Total time for iteration(66) 0.0292473s

# domain::sync: 0.00104267s
# FindNeighbors: 4.8955e-05s
# Density: 0.00924582s
# EquationOfState: 2.4113e-05s
# mpi::synchronizeHalos: 1.671e-06s
# IAD: 0.00908248s
# mpi::synchronizeHalos: 1.904e-06s
# MomentumEnergyIAD: 0.00958566s
# Timestep: 1.488e-06s
# UpdateQuantities: 2.621e-06s
# UpdateSmoothingLength: 2.351e-06s
### Check ### Global Tree Nodes: 512, Particles: 125000, Halos: 0
### Check ### Computational domain: -0.5 0.5 -0.5 0.5 -0.5 0.5
### Check ### Total Neighbors: 11714784, Avg neighbor count per particle: 93
### Check ### Total time: 0.00596769, current time-step: 0.000384448
### Check ### Total energy: 0.999883, (internal: 0.906357, kinetic: 0.0935263, gravitational: 0)
### Check ### Focus Tree Nodes: 4096, maxDepth 4, maxStackNc 0, maxStackGravity 0
=== Total time for iteration(67) 0.0290404s

# domain::sync: 0.00106147s
# FindNeighbors: 4.3936e-05s
# Density: 0.00916494s
# EquationOfState: 2.9414e-05s
# mpi::synchronizeHalos: 1.546e-06s
# IAD: 0.00919281s
# mpi::synchronizeHalos: 1.779e-06s
# MomentumEnergyIAD: 0.00941099s
# Timestep: 1.802e-06s
# UpdateQuantities: 2.877e-06s
# UpdateSmoothingLength: 2.458e-06s
### Check ### Global Tree Nodes: 512, Particles: 125000, Halos: 0
### Check ### Computational domain: -0.5 0.5 -0.5 0.5 -0.5 0.5
### Check ### Total Neighbors: 11718600, Avg neighbor count per particle: 93
### Check ### Total time: 0.00634589, current time-step: 0.000378199
### Check ### Total energy: 0.999857, (internal: 0.898154, kinetic: 0.101703, gravitational: 0)
### Check ### Focus Tree Nodes: 4096, maxDepth 4, maxStackNc 0, maxStackGravity 0
=== Total time for iteration(68) 0.0289147s

# domain::sync: 0.00106647s
# FindNeighbors: 4.5097e-05s
# Density: 0.00958703s
# EquationOfState: 2.5206e-05s
# mpi::synchronizeHalos: 1.77e-06s
# IAD: 0.00925136s
# mpi::synchronizeHalos: 1.47e-06s
# MomentumEnergyIAD: 0.00983459s
# Timestep: 1.483e-06s
# UpdateQuantities: 2.679e-06s
# UpdateSmoothingLength: 2.352e-06s
### Check ### Global Tree Nodes: 512, Particles: 125000, Halos: 0
### Check ### Computational domain: -0.5 0.5 -0.5 0.5 -0.5 0.5
### Check ### Total Neighbors: 15091904, Avg neighbor count per particle: 120
### Check ### Total time: 0.00672464, current time-step: 0.000378754
### Check ### Total energy: 0.999842, (internal: 0.890041, kinetic: 0.109801, gravitational: 0)
### Check ### Focus Tree Nodes: 4096, maxDepth 4, maxStackNc 0, maxStackGravity 0
=== Total time for iteration(69) 0.0298202s

# domain::sync: 0.00106063s
# FindNeighbors: 4.4284e-05s
# Density: 0.00935211s
# EquationOfState: 2.4735e-05s
# mpi::synchronizeHalos: 1.793e-06s
# IAD: 0.00913712s
# mpi::synchronizeHalos: 1.485e-06s
# MomentumEnergyIAD: 0.00970001s
# Timestep: 1.881e-06s
# UpdateQuantities: 2.974e-06s
# UpdateSmoothingLength: 2.119e-06s
### Check ### Global Tree Nodes: 512, Particles: 125000, Halos: 0
### Check ### Computational domain: -0.5 0.5 -0.5 0.5 -0.5 0.5
### Check ### Total Neighbors: 11735440, Avg neighbor count per particle: 93
### Check ### Total time: 0.0071064, current time-step: 0.000381755
### Check ### Total energy: 0.999833, (internal: 0.881998, kinetic: 0.117836, gravitational: 0)
### Check ### Focus Tree Nodes: 4096, maxDepth 4, maxStackNc 0, maxStackGravity 0
=== Total time for iteration(70) 0.0293299s

# domain::sync: 0.00105296s
# FindNeighbors: 4.9734e-05s
# Density: 0.00924703s
# EquationOfState: 2.4105e-05s
# mpi::synchronizeHalos: 1.657e-06s
# IAD: 0.00920584s
# mpi::synchronizeHalos: 1.536e-06s
# MomentumEnergyIAD: 0.00943895s
# Timestep: 1.372e-06s
# UpdateQuantities: 2.478e-06s
# UpdateSmoothingLength: 2.196e-06s
### Check ### Global Tree Nodes: 512, Particles: 125000, Halos: 0
### Check ### Computational domain: -0.5 0.5 -0.5 0.5 -0.5 0.5
### Check ### Total Neighbors: 11729784, Avg neighbor count per particle: 93
### Check ### Total time: 0.00748437, current time-step: 0.000377977
### Check ### Total energy: 0.999816, (internal: 0.87419, kinetic: 0.125626, gravitational: 0)
### Check ### Focus Tree Nodes: 4096, maxDepth 4, maxStackNc 0, maxStackGravity 0
=== Total time for iteration(71) 0.0290285s

# domain::sync: 0.0010335s
# FindNeighbors: 4.1616e-05s
# Density: 0.00930128s
# EquationOfState: 2.4099e-05s
# mpi::synchronizeHalos: 1.713e-06s
# IAD: 0.00928419s
# mpi::synchronizeHalos: 1.876e-06s
# MomentumEnergyIAD: 0.0093083s
# Timestep: 1.518e-06s
# UpdateQuantities: 2.595e-06s
# UpdateSmoothingLength: 2.405e-06s
### Check ### Global Tree Nodes: 512, Particles: 125000, Halos: 0
### Check ### Computational domain: -0.5 0.5 -0.5 0.5 -0.5 0.5
### Check ### Total Neighbors: 11741472, Avg neighbor count per particle: 93
### Check ### Total time: 0.00786305, current time-step: 0.000378677
### Check ### Total energy: 0.999808, (internal: 0.866544, kinetic: 0.133263, gravitational: 0)
### Check ### Focus Tree Nodes: 4096, maxDepth 4, maxStackNc 0, maxStackGravity 0
=== Total time for iteration(72) 0.0290038s

# domain::sync: 0.00106488s
# FindNeighbors: 4.0847e-05s
# Density: 0.00947346s
# EquationOfState: 3.152e-05s
# mpi::synchronizeHalos: 1.571e-06s
# IAD: 0.00930501s
# mpi::synchronizeHalos: 1.435e-06s
# MomentumEnergyIAD: 0.00951351s
# Timestep: 2.5e-06s
# UpdateQuantities: 4.044e-06s
# UpdateSmoothingLength: 2.366e-06s
### Check ### Global Tree Nodes: 512, Particles: 125000, Halos: 0
### Check ### Computational domain: -0.5 0.5 -0.5 0.5 -0.5 0.5
### Check ### Total Neighbors: 15076392, Avg neighbor count per particle: 120
### Check ### Total time: 0.00824219, current time-step: 0.000379144
### Check ### Total energy: 0.9998, (internal: 0.859081, kinetic: 0.140719, gravitational: 0)
### Check ### Focus Tree Nodes: 4096, maxDepth 4, maxStackNc 0, maxStackGravity 0
=== Total time for iteration(73) 0.0294419s

# domain::sync: 0.00103655s
# FindNeighbors: 4.5309e-05s
# Density: 0.00955303s
# EquationOfState: 2.8843e-05s
# mpi::synchronizeHalos: 1.691e-06s
# IAD: 0.00904978s
# mpi::synchronizeHalos: 1.493e-06s
# MomentumEnergyIAD: 0.00969842s
# Timestep: 1.886e-06s
# UpdateQuantities: 3.188e-06s
# UpdateSmoothingLength: 2.367e-06s
### Check ### Global Tree Nodes: 512, Particles: 125000, Halos: 0
### Check ### Computational domain: -0.5 0.5 -0.5 0.5 -0.5 0.5
### Check ### Total Neighbors: 11741840, Avg neighbor count per particle: 93
### Check ### Total time: 0.00861357, current time-step: 0.000371377
### Check ### Total energy: 0.999783, (internal: 0.851968, kinetic: 0.147814, gravitational: 0)
### Check ### Focus Tree Nodes: 4096, maxDepth 4, maxStackNc 0, maxStackGravity 0
=== Total time for iteration(74) 0.0294233s

# domain::sync: 0.00103273s
# FindNeighbors: 4.1517e-05s
# Density: 0.00941152s
# EquationOfState: 2.8984e-05s
# mpi::synchronizeHalos: 1.505e-06s
# IAD: 0.00909504s
# mpi::synchronizeHalos: 1.732e-06s
# MomentumEnergyIAD: 0.00932022s
# Timestep: 1.872e-06s
# UpdateQuantities: 3.014e-06s
# UpdateSmoothingLength: 2.384e-06s
### Check ### Global Tree Nodes: 512, Particles: 125000, Halos: 0
### Check ### Computational domain: -0.5 0.5 -0.5 0.5 -0.5 0.5
### Check ### Total Neighbors: 11736128, Avg neighbor count per particle: 93
### Check ### Total time: 0.00898766, current time-step: 0.000374087
### Check ### Total energy: 0.999781, (internal: 0.845012, kinetic: 0.154769, gravitational: 0)
### Check ### Focus Tree Nodes: 4096, maxDepth 4, maxStackNc 0, maxStackGravity 0
=== Total time for iteration(75) 0.0289412s

# domain::sync: 0.0010477s
# FindNeighbors: 4.4864e-05s
# Density: 0.00938952s
# EquationOfState: 2.9824e-05s
# mpi::synchronizeHalos: 1.579e-06s
# IAD: 0.00931623s
# mpi::synchronizeHalos: 1.483e-06s
# MomentumEnergyIAD: 0.00957569s
# Timestep: 1.393e-06s
# UpdateQuantities: 2.532e-06s
# UpdateSmoothingLength: 2.35e-06s
### Check ### Global Tree Nodes: 512, Particles: 125000, Halos: 0
### Check ### Computational domain: -0.5 0.5 -0.5 0.5 -0.5 0.5
### Check ### Total Neighbors: 14875288, Avg neighbor count per particle: 119
### Check ### Total time: 0.00936393, current time-step: 0.000376275
### Check ### Total energy: 0.99978, (internal: 0.838235, kinetic: 0.161545, gravitational: 0)
### Check ### Focus Tree Nodes: 4096, maxDepth 4, maxStackNc 0, maxStackGravity 0
=== Total time for iteration(76) 0.0294139s

# domain::sync: 0.00106767s
# FindNeighbors: 4.1302e-05s
# Density: 0.00944847s
# EquationOfState: 3.0016e-05s
# mpi::synchronizeHalos: 1.606e-06s
# IAD: 0.00916066s
# mpi::synchronizeHalos: 1.479e-06s
# MomentumEnergyIAD: 0.00946789s
# Timestep: 1.854e-06s
# UpdateQuantities: 3.137e-06s
# UpdateSmoothingLength: 2.341e-06s
### Check ### Global Tree Nodes: 512, Particles: 125000, Halos: 0
### Check ### Computational domain: -0.5 0.5 -0.5 0.5 -0.5 0.5
### Check ### Total Neighbors: 11931304, Avg neighbor count per particle: 95
### Check ### Total time: 0.00973447, current time-step: 0.000370537
### Check ### Total energy: 0.999769, (internal: 0.831784, kinetic: 0.167985, gravitational: 0)
### Check ### Focus Tree Nodes: 4096, maxDepth 4, maxStackNc 0, maxStackGravity 0
=== Total time for iteration(77) 0.0292271s

# domain::sync: 0.00103774s
# FindNeighbors: 4.5083e-05s
# Density: 0.00921253s
# EquationOfState: 3.1123e-05s
# mpi::synchronizeHalos: 1.588e-06s
# IAD: 0.00938226s
# mpi::synchronizeHalos: 1.467e-06s
# MomentumEnergyIAD: 0.00950865s
# Timestep: 1.899e-06s
# UpdateQuantities: 2.956e-06s
# UpdateSmoothingLength: 2.214e-06s
### Check ### Global Tree Nodes: 512, Particles: 125000, Halos: 0
### Check ### Computational domain: -0.5 0.5 -0.5 0.5 -0.5 0.5
### Check ### Total Neighbors: 11748304, Avg neighbor count per particle: 93
### Check ### Total time: 0.0101061, current time-step: 0.000371626
### Check ### Total energy: 0.999768, (internal: 0.825539, kinetic: 0.174229, gravitational: 0)
### Check ### Focus Tree Nodes: 4096, maxDepth 4, maxStackNc 0, maxStackGravity 0
=== Total time for iteration(78) 0.0292282s

# domain::sync: 0.00103267s
# FindNeighbors: 4.4275e-05s
# Density: 0.00956991s
# EquationOfState: 2.8837e-05s
# mpi::synchronizeHalos: 1.545e-06s
# IAD: 0.00926306s
# mpi::synchronizeHalos: 1.96e-06s
# MomentumEnergyIAD: 0.00934954s
# Timestep: 1.532e-06s
# UpdateQuantities: 2.606e-06s
# UpdateSmoothingLength: 2.387e-06s
### Check ### Global Tree Nodes: 512, Particles: 125000, Halos: 0
### Check ### Computational domain: -0.5 0.5 -0.5 0.5 -0.5 0.5
### Check ### Total Neighbors: 11743744, Avg neighbor count per particle: 93
### Check ### Total time: 0.010478, current time-step: 0.000371889
### Check ### Total energy: 0.999767, (internal: 0.819519, kinetic: 0.180248, gravitational: 0)
### Check ### Focus Tree Nodes: 4096, maxDepth 4, maxStackNc 0, maxStackGravity 0
=== Total time for iteration(79) 0.029299s

# domain::sync: 0.00105006s
# FindNeighbors: 4.4474e-05s
# Density: 0.00935081s
# EquationOfState: 2.4287e-05s
# mpi::synchronizeHalos: 1.667e-06s
# IAD: 0.00914276s
# mpi::synchronizeHalos: 1.461e-06s
# MomentumEnergyIAD: 0.00968645s
# Timestep: 1.854e-06s
# UpdateQuantities: 3.209e-06s
# UpdateSmoothingLength: 2.356e-06s
### Check ### Global Tree Nodes: 512, Particles: 125000, Halos: 0
### Check ### Computational domain: -0.5 0.5 -0.5 0.5 -0.5 0.5
### Check ### Total Neighbors: 14882448, Avg neighbor count per particle: 119
### Check ### Total time: 0.0108499, current time-step: 0.000371891
### Check ### Total energy: 0.999766, (internal: 0.813732, kinetic: 0.186034, gravitational: 0)
### Check ### Focus Tree Nodes: 4096, maxDepth 4, maxStackNc 0, maxStackGravity 0
=== Total time for iteration(80) 0.0293101s

# domain::sync: 0.00103943s
# FindNeighbors: 4.908e-05s
# Density: 0.00926342s
# EquationOfState: 2.5111e-05s
# mpi::synchronizeHalos: 1.85e-06s
# IAD: 0.00928065s
# mpi::synchronizeHalos: 1.507e-06s
# MomentumEnergyIAD: 0.00937087s
# Timestep: 1.53e-06s
# UpdateQuantities: 2.631e-06s
# UpdateSmoothingLength: 2.181e-06s
### Check ### Global Tree Nodes: 512, Particles: 125000, Halos: 0
### Check ### Computational domain: -0.5 0.5 -0.5 0.5 -0.5 0.5
### Check ### Total Neighbors: 11907288, Avg neighbor count per particle: 95
### Check ### Total time: 0.0112225, current time-step: 0.000372657
### Check ### Total energy: 0.999767, (internal: 0.808166, kinetic: 0.191601, gravitational: 0)
### Check ### Focus Tree Nodes: 4096, maxDepth 4, maxStackNc 0, maxStackGravity 0
=== Total time for iteration(81) 0.0290389s

# domain::sync: 0.00107128s
# FindNeighbors: 4.48e-05s
# Density: 0.00923266s
# EquationOfState: 2.4234e-05s
# mpi::synchronizeHalos: 1.622e-06s
# IAD: 0.00906803s
# mpi::synchronizeHalos: 1.832e-06s
# MomentumEnergyIAD: 0.0095329s
# Timestep: 1.91e-06s
# UpdateQuantities: 3.149e-06s
# UpdateSmoothingLength: 2.533e-06s
### Check ### Global Tree Nodes: 512, Particles: 125000, Halos: 0
### Check ### Computational domain: -0.5 0.5 -0.5 0.5 -0.5 0.5
### Check ### Total Neighbors: 11758968, Avg neighbor count per particle: 94
### Check ### Total time: 0.0115842, current time-step: 0.000361655
### Check ### Total energy: 0.999751, (internal: 0.802986, kinetic: 0.196765, gravitational: 0)
### Check ### Focus Tree Nodes: 4096, maxDepth 4, maxStackNc 0, maxStackGravity 0
=== Total time for iteration(82) 0.0289857s

# domain::sync: 0.00105205s
# FindNeighbors: 4.5366e-05s
# Density: 0.00935136s
# EquationOfState: 2.4006e-05s
# mpi::synchronizeHalos: 1.692e-06s
# IAD: 0.00915509s
# mpi::synchronizeHalos: 1.493e-06s
# MomentumEnergyIAD: 0.00943336s
# Timestep: 1.366e-06s
# UpdateQuantities: 2.626e-06s
# UpdateSmoothingLength: 2.324e-06s
### Check ### Global Tree Nodes: 512, Particles: 125000, Halos: 0
### Check ### Computational domain: -0.5 0.5 -0.5 0.5 -0.5 0.5
### Check ### Total Neighbors: 11755688, Avg neighbor count per particle: 94
### Check ### Total time: 0.0119454, current time-step: 0.000361205
### Check ### Total energy: 0.999751, (internal: 0.798029, kinetic: 0.201722, gravitational: 0)
### Check ### Focus Tree Nodes: 4096, maxDepth 4, maxStackNc 0, maxStackGravity 0
=== Total time for iteration(83) 0.0290714s

# domain::sync: 0.00103983s
# FindNeighbors: 4.3945e-05s
# Density: 0.00946807s
# EquationOfState: 2.494e-05s
# mpi::synchronizeHalos: 1.774e-06s
# IAD: 0.00920718s
# mpi::synchronizeHalos: 1.907e-06s
# MomentumEnergyIAD: 0.0095493s
# Timestep: 1.511e-06s
# UpdateQuantities: 2.603e-06s
# UpdateSmoothingLength: 2.267e-06s
### Check ### Global Tree Nodes: 512, Particles: 125000, Halos: 0
### Check ### Computational domain: -0.5 0.5 -0.5 0.5 -0.5 0.5
### Check ### Total Neighbors: 14895800, Avg neighbor count per particle: 119
### Check ### Total time: 0.0123101, current time-step: 0.000364666
### Check ### Total energy: 0.999756, (internal: 0.793243, kinetic: 0.206513, gravitational: 0)
### Check ### Focus Tree Nodes: 4096, maxDepth 4, maxStackNc 0, maxStackGravity 0
=== Total time for iteration(84) 0.029344s

# domain::sync: 0.00106982s
# FindNeighbors: 4.666e-05s
# Density: 0.00955412s
# EquationOfState: 2.4231e-05s
# mpi::synchronizeHalos: 1.676e-06s
# IAD: 0.00915451s
# mpi::synchronizeHalos: 1.453e-06s
# MomentumEnergyIAD: 0.00951985s
# Timestep: 1.735e-06s
# UpdateQuantities: 2.869e-06s
# UpdateSmoothingLength: 2.23e-06s
### Check ### Global Tree Nodes: 512, Particles: 125000, Halos: 0
### Check ### Computational domain: -0.5 0.5 -0.5 0.5 -0.5 0.5
### Check ### Total Neighbors: 11889008, Avg neighbor count per particle: 95
### Check ### Total time: 0.0126731, current time-step: 0.000363028
### Check ### Total energy: 0.999754, (internal: 0.788692, kinetic: 0.211062, gravitational: 0)
### Check ### Focus Tree Nodes: 4096, maxDepth 4, maxStackNc 0, maxStackGravity 0
=== Total time for iteration(85) 0.0293799s

# domain::sync: 0.00107484s
# FindNeighbors: 4.678e-05s
# Density: 0.00966761s
# EquationOfState: 2.4869e-05s
# mpi::synchronizeHalos: 1.814e-06s
# IAD: 0.00907464s
# mpi::synchronizeHalos: 1.47e-06s
# MomentumEnergyIAD: 0.00953327s
# Timestep: 1.459e-06s
# UpdateQuantities: 2.556e-06s
# UpdateSmoothingLength: 2.232e-06s
### Check ### Global Tree Nodes: 512, Particles: 125000, Halos: 0
### Check ### Computational domain: -0.5 0.5 -0.5 0.5 -0.5 0.5
### Check ### Total Neighbors: 11768048, Avg neighbor count per particle: 94
### Check ### Total time: 0.0130359, current time-step: 0.000362775
### Check ### Total energy: 0.999754, (internal: 0.784354, kinetic: 0.2154, gravitational: 0)
### Check ### Focus Tree Nodes: 4096, maxDepth 4, maxStackNc 0, maxStackGravity 0
=== Total time for iteration(86) 0.0294322s

# domain::sync: 0.00105352s
# FindNeighbors: 4.9443e-05s
# Density: 0.0093736s
# EquationOfState: 2.4275e-05s
# mpi::synchronizeHalos: 1.621e-06s
# IAD: 0.00902897s
# mpi::synchronizeHalos: 1.949e-06s
# MomentumEnergyIAD: 0.0095123s
# Timestep: 1.956e-06s
# UpdateQuantities: 3.032e-06s
# UpdateSmoothingLength: 2.374e-06s
### Check ### Global Tree Nodes: 512, Particles: 125000, Halos: 0
### Check ### Computational domain: -0.5 0.5 -0.5 0.5 -0.5 0.5
### Check ### Total Neighbors: 11766224, Avg neighbor count per particle: 94
### Check ### Total time: 0.0134, current time-step: 0.000364167
### Check ### Total energy: 0.999756, (internal: 0.780206, kinetic: 0.219549, gravitational: 0)
### Check ### Focus Tree Nodes: 4096, maxDepth 4, maxStackNc 0, maxStackGravity 0
=== Total time for iteration(87) 0.0290537s

# domain::sync: 0.00104606s
# FindNeighbors: 4.3627e-05s
# Density: 0.00952908s
# EquationOfState: 2.4149e-05s
# mpi::synchronizeHalos: 1.716e-06s
# IAD: 0.00927459s
# mpi::synchronizeHalos: 1.451e-06s
# MomentumEnergyIAD: 0.00958514s
# Timestep: 1.468e-06s
# UpdateQuantities: 2.574e-06s
# UpdateSmoothingLength: 2.388e-06s
### Check ### Global Tree Nodes: 512, Particles: 125000, Halos: 0
### Check ### Computational domain: -0.5 0.5 -0.5 0.5 -0.5 0.5
### Check ### Total Neighbors: 14906744, Avg neighbor count per particle: 119
### Check ### Total time: 0.0137657, current time-step: 0.00036565
### Check ### Total energy: 0.999758, (internal: 0.776246, kinetic: 0.223512, gravitational: 0)
### Check ### Focus Tree Nodes: 4096, maxDepth 4, maxStackNc 0, maxStackGravity 0
=== Total time for iteration(88) 0.0295129s

# domain::sync: 0.00105379s
# FindNeighbors: 4.4558e-05s
# Density: 0.00938839s
# EquationOfState: 2.4045e-05s
# mpi::synchronizeHalos: 1.608e-06s
# IAD: 0.00941357s
# mpi::synchronizeHalos: 2.03e-06s
# MomentumEnergyIAD: 0.00940866s
# Timestep: 1.557e-06s
# UpdateQuantities: 2.765e-06s
# UpdateSmoothingLength: 2.589e-06s
### Check ### Global Tree Nodes: 512, Particles: 125000, Halos: 0
### Check ### Computational domain: -0.5 0.5 -0.5 0.5 -0.5 0.5
### Check ### Total Neighbors: 11875744, Avg neighbor count per particle: 95
### Check ### Total time: 0.0141329, current time-step: 0.000367258
### Check ### Total energy: 0.999761, (internal: 0.772471, kinetic: 0.22729, gravitational: 0)
### Check ### Focus Tree Nodes: 4096, maxDepth 4, maxStackNc 0, maxStackGravity 0
=== Total time for iteration(89) 0.0293443s

# domain::sync: 0.00106746s
# FindNeighbors: 4.3558e-05s
# Density: 0.00959728s
# EquationOfState: 3.3692e-05s
# mpi::synchronizeHalos: 1.585e-06s
# IAD: 0.00915743s
# mpi::synchronizeHalos: 1.809e-06s
# MomentumEnergyIAD: 0.00951705s
# Timestep: 1.615e-06s
# UpdateQuantities: 2.812e-06s
# UpdateSmoothingLength: 2.316e-06s
### Check ### Global Tree Nodes: 512, Particles: 125000, Halos: 0
### Check ### Computational domain: -0.5 0.5 -0.5 0.5 -0.5 0.5
### Check ### Total Neighbors: 11774032, Avg neighbor count per particle: 94
### Check ### Total time: 0.014493, current time-step: 0.000360062
### Check ### Total energy: 0.999751, (internal: 0.768962, kinetic: 0.230789, gravitational: 0)
### Check ### Focus Tree Nodes: 4096, maxDepth 4, maxStackNc 0, maxStackGravity 0
=== Total time for iteration(90) 0.0294273s

# domain::sync: 0.00103274s
# FindNeighbors: 4.47e-05s
# Density: 0.00971213s
# EquationOfState: 2.8878e-05s
# mpi::synchronizeHalos: 1.716e-06s
# IAD: 0.00909313s
# mpi::synchronizeHalos: 1.48e-06s
# MomentumEnergyIAD: 0.00950064s
# Timestep: 1.582e-06s
# UpdateQuantities: 2.598e-06s
# UpdateSmoothingLength: 2.35e-06s
### Check ### Global Tree Nodes: 512, Particles: 125000, Halos: 0
### Check ### Computational domain: -0.5 0.5 -0.5 0.5 -0.5 0.5
### Check ### Total Neighbors: 11777608, Avg neighbor count per particle: 94
### Check ### Total time: 0.014855, current time-step: 0.000361989
### Check ### Total energy: 0.999754, (internal: 0.765619, kinetic: 0.234135, gravitational: 0)
### Check ### Focus Tree Nodes: 4096, maxDepth 4, maxStackNc 0, maxStackGravity 0
=== Total time for iteration(91) 0.0294227s

# domain::sync: 0.00104732s
# FindNeighbors: 2.8315e-05s
# Density: 0.00938297s
# EquationOfState: 2.857e-05s
# mpi::synchronizeHalos: 1.588e-06s
# IAD: 0.00941808s
# mpi::synchronizeHalos: 1.458e-06s
# MomentumEnergyIAD: 0.00988356s
# Timestep: 2.124e-06s
# UpdateQuantities: 3.259e-06s
# UpdateSmoothingLength: 2.429e-06s
### Check ### Global Tree Nodes: 512, Particles: 125000, Halos: 0
### Check ### Computational domain: -0.5 0.5 -0.5 0.5 -0.5 0.5
### Check ### Total Neighbors: 14912056, Avg neighbor count per particle: 119
### Check ### Total time: 0.0152211, current time-step: 0.000366098
### Check ### Total energy: 0.999759, (internal: 0.762424, kinetic: 0.237335, gravitational: 0)
### Check ### Focus Tree Nodes: 4096, maxDepth 4, maxStackNc 0, maxStackGravity 0
=== Total time for iteration(92) 0.0298004s

# domain::sync: 0.00106438s
# FindNeighbors: 3.6154e-05s
# Density: 0.00937705s
# EquationOfState: 2.8642e-05s
# mpi::synchronizeHalos: 1.488e-06s
# IAD: 0.00899906s
# mpi::synchronizeHalos: 1.435e-06s
# MomentumEnergyIAD: 0.00940137s
# Timestep: 1.407e-06s
# UpdateQuantities: 2.623e-06s
# UpdateSmoothingLength: 2.155e-06s
### Check ### Global Tree Nodes: 512, Particles: 125000, Halos: 0
### Check ### Computational domain: -0.5 0.5 -0.5 0.5 -0.5 0.5
### Check ### Total Neighbors: 11854696, Avg neighbor count per particle: 94
### Check ### Total time: 0.0155892, current time-step: 0.000368154
### Check ### Total energy: 0.999762, (internal: 0.759389, kinetic: 0.240373, gravitational: 0)
### Check ### Focus Tree Nodes: 4096, maxDepth 4, maxStackNc 0, maxStackGravity 0
=== Total time for iteration(93) 0.0289164s

# domain::sync: 0.00106661s
# FindNeighbors: 4.5122e-05s
# Density: 0.00938146s
# EquationOfState: 2.8949e-05s
# mpi::synchronizeHalos: 1.527e-06s
# IAD: 0.00911391s
# mpi::synchronizeHalos: 1.848e-06s
# MomentumEnergyIAD: 0.00946997s
# Timestep: 1.823e-06s
# UpdateQuantities: 2.995e-06s
# UpdateSmoothingLength: 2.343e-06s
### Check ### Global Tree Nodes: 512, Particles: 125000, Halos: 0
### Check ### Computational domain: -0.5 0.5 -0.5 0.5 -0.5 0.5
### Check ### Total Neighbors: 11783128, Avg neighbor count per particle: 94
### Check ### Total time: 0.0159602, current time-step: 0.000370984
### Check ### Total energy: 0.999765, (internal: 0.756507, kinetic: 0.243257, gravitational: 0)
### Check ### Focus Tree Nodes: 4096, maxDepth 4, maxStackNc 0, maxStackGravity 0
=== Total time for iteration(94) 0.0291173s

# domain::sync: 0.00103549s
# FindNeighbors: 4.0931e-05s
# Density: 0.0093007s
# EquationOfState: 3.0316e-05s
# mpi::synchronizeHalos: 1.528e-06s
# IAD: 0.00904122s
# mpi::synchronizeHalos: 1.493e-06s
# MomentumEnergyIAD: 0.00941383s
# Timestep: 1.415e-06s
# UpdateQuantities: 2.634e-06s
# UpdateSmoothingLength: 2.19e-06s
### Check ### Global Tree Nodes: 512, Particles: 125000, Halos: 0
### Check ### Computational domain: -0.5 0.5 -0.5 0.5 -0.5 0.5
### Check ### Total Neighbors: 11791072, Avg neighbor count per particle: 94
### Check ### Total time: 0.0163306, current time-step: 0.00037036
### Check ### Total energy: 0.999763, (internal: 0.753798, kinetic: 0.245965, gravitational: 0)
### Check ### Focus Tree Nodes: 4096, maxDepth 4, maxStackNc 0, maxStackGravity 0
=== Total time for iteration(95) 0.0288724s

# domain::sync: 0.00104562s
# FindNeighbors: 4.0893e-05s
# Density: 0.00951854s
# EquationOfState: 2.5016e-05s
# mpi::synchronizeHalos: 1.701e-06s
# IAD: 0.00929882s
# mpi::synchronizeHalos: 1.86e-06s
# MomentumEnergyIAD: 0.00974432s
# Timestep: 1.47e-06s
# UpdateQuantities: 2.538e-06s
# UpdateSmoothingLength: 2.505e-06s
### Check ### Global Tree Nodes: 512, Particles: 125000, Halos: 0
### Check ### Computational domain: -0.5 0.5 -0.5 0.5 -0.5 0.5
### Check ### Total Neighbors: 14918656, Avg neighbor count per particle: 119
### Check ### Total time: 0.0166985, current time-step: 0.000367955
### Check ### Total energy: 0.999758, (internal: 0.751263, kinetic: 0.248495, gravitational: 0)
### Check ### Focus Tree Nodes: 4096, maxDepth 4, maxStackNc 0, maxStackGravity 0
=== Total time for iteration(96) 0.029684s

# domain::sync: 0.00105166s
# FindNeighbors: 4.4656e-05s
# Density: 0.00951961s
# EquationOfState: 2.4257e-05s
# mpi::synchronizeHalos: 1.608e-06s
# IAD: 0.00929942s
# mpi::synchronizeHalos: 1.508e-06s
# MomentumEnergyIAD: 0.00939627s
# Timestep: 1.447e-06s
# UpdateQuantities: 2.667e-06s
# UpdateSmoothingLength: 2.347e-06s
### Check ### Global Tree Nodes: 512, Particles: 125000, Halos: 0
### Check ### Computational domain: -0.5 0.5 -0.5 0.5 -0.5 0.5
### Check ### Total Neighbors: 11849496, Avg neighbor count per particle: 94
### Check ### Total time: 0.0170712, current time-step: 0.000372677
### Check ### Total energy: 0.999762, (internal: 0.748846, kinetic: 0.250916, gravitational: 0)
### Check ### Focus Tree Nodes: 4096, maxDepth 4, maxStackNc 0, maxStackGravity 0
=== Total time for iteration(97) 0.0293461s

# domain::sync: 0.00103132s
# FindNeighbors: 4.1927e-05s
# Density: 0.00923149s
# EquationOfState: 2.5055e-05s
# mpi::synchronizeHalos: 1.885e-06s
# IAD: 0.0096846s
# mpi::synchronizeHalos: 1.555e-06s
# MomentumEnergyIAD: 0.00962614s
# Timestep: 1.417e-06s
# UpdateQuantities: 2.575e-06s
# UpdateSmoothingLength: 2.359e-06s
### Check ### Global Tree Nodes: 512, Particles: 125000, Halos: 0
### Check ### Computational domain: -0.5 0.5 -0.5 0.5 -0.5 0.5
### Check ### Total Neighbors: 11793288, Avg neighbor count per particle: 94
### Check ### Total time: 0.0174486, current time-step: 0.000377381
### Check ### Total energy: 0.999764, (internal: 0.746549, kinetic: 0.253215, gravitational: 0)
### Check ### Focus Tree Nodes: 4096, maxDepth 4, maxStackNc 0, maxStackGravity 0
=== Total time for iteration(98) 0.029651s

# domain::sync: 0.00104763s
# FindNeighbors: 4.4007e-05s
# Density: 0.00944311s
# EquationOfState: 2.4463e-05s
# mpi::synchronizeHalos: 1.638e-06s
# IAD: 0.00925406s
# mpi::synchronizeHalos: 1.427e-06s
# MomentumEnergyIAD: 0.00959265s
# Timestep: 2.095e-06s
# UpdateQuantities: 3.362e-06s
# UpdateSmoothingLength: 2.423e-06s
### Check ### Global Tree Nodes: 512, Particles: 125000, Halos: 0
### Check ### Computational domain: -0.5 0.5 -0.5 0.5 -0.5 0.5
### Check ### Total Neighbors: 11802504, Avg neighbor count per particle: 94
### Check ### Total time: 0.0178291, current time-step: 0.000380525
### Check ### Total energy: 0.999764, (internal: 0.744373, kinetic: 0.25539, gravitational: 0)
### Check ### Focus Tree Nodes: 4096, maxDepth 4, maxStackNc 0, maxStackGravity 0
=== Total time for iteration(99) 0.0294176s

# domain::sync: 0.00106037s
# FindNeighbors: 4.1451e-05s
# Density: 0.00958499s
# EquationOfState: 2.8115e-05s
# mpi::synchronizeHalos: 1.578e-06s
# IAD: 0.00940244s
# mpi::synchronizeHalos: 1.534e-06s
# MomentumEnergyIAD: 0.00993136s
# Timestep: 1.384e-06s
# UpdateQuantities: 2.659e-06s
# UpdateSmoothingLength: 2.422e-06s
### Check ### Global Tree Nodes: 512, Particles: 125000, Halos: 0
### Check ### Computational domain: -0.5 0.5 -0.5 0.5 -0.5 0.5
### Check ### Total Neighbors: 14922824, Avg neighbor count per particle: 119
### Check ### Total time: 0.0181982, current time-step: 0.00036912
### Check ### Total energy: 0.999743, (internal: 0.74239, kinetic: 0.257352, gravitational: 0)
### Check ### Focus Tree Nodes: 4096, maxDepth 4, maxStackNc 0, maxStackGravity 0
=== Total time for iteration(100) 0.030059s

# Total execution time of 100 iterations of sedov up to t = 0.018198: 3.18603s
real 4.37
user 6.55
sys 0.81
