2.65

Params:Program: ../sph-exa-build/main/src/sphexa/sphexa-cuda
Particles: 30
Timestep: 100
Numthreads: 6
# SPHEXA: HEAD/22053277
# 1 MPI-3.1 process(es) with 6 OpenMP-201511 thread(s)/process
Data generated for 27000 global particles
Domain synchronized, nLocalParticles 27000
# domain::sync: 0.000993156s
# FindNeighbors: 2.6111e-05s
# Density: 0.0120259s
# EquationOfState: 0.00138456s
# mpi::synchronizeHalos: 5.16e-06s
# IAD: 0.00741508s
# mpi::synchronizeHalos: 4.735e-06s
# MomentumEnergyIAD: 0.00766936s
# Timestep: 5.152e-06s
# UpdateQuantities: 3.9985e-05s
# UpdateSmoothingLength: 1.4462e-05s
### Check ### Global Tree Nodes: 512, Particles: 27000, Halos: 0
### Check ### Computational domain: -0.5 0.5 -0.5 0.5 -0.5 0.5
### Check ### Total Neighbors: 2511000, Avg neighbor count per particle: 93
### Check ### Total time: 1.1e-06, current time-step: 1.1e-06
### Check ### Total energy: 1, (internal: 1, kinetic: 8.98896e-09, gravitational: 0)
### Check ### Focus Tree Nodes: 512, maxDepth 3, maxStackNc 0, maxStackGravity 0
=== Total time for iteration(1) 0.0295849s

# domain::sync: 0.00113694s
# FindNeighbors: 1.4667e-05s
# Density: 0.00528964s
# EquationOfState: 1.5011e-05s
# mpi::synchronizeHalos: 2.247e-06s
# IAD: 0.00512474s
# mpi::synchronizeHalos: 2.993e-06s
# MomentumEnergyIAD: 0.0052345s
# Timestep: 2.053e-06s
# UpdateQuantities: 3.72e-06s
# UpdateSmoothingLength: 2.68e-06s
### Check ### Global Tree Nodes: 512, Particles: 27000, Halos: 0
### Check ### Computational domain: -0.5 0.5 -0.5 0.5 -0.5 0.5
### Check ### Total Neighbors: 2511000, Avg neighbor count per particle: 93
### Check ### Total time: 2.31e-06, current time-step: 1.21e-06
### Check ### Total energy: 1, (internal: 1, kinetic: 2.76918e-08, gravitational: 0)
### Check ### Focus Tree Nodes: 512, maxDepth 3, maxStackNc 0, maxStackGravity 0
=== Total time for iteration(2) 0.0168299s

# domain::sync: 0.00102007s
# FindNeighbors: 2.0781e-05s
# Density: 0.0056939s
# EquationOfState: 1.4203e-05s
# mpi::synchronizeHalos: 1.989e-06s
# IAD: 0.00524459s
# mpi::synchronizeHalos: 3e-06s
# MomentumEnergyIAD: 0.00550627s
# Timestep: 1.796e-06s
# UpdateQuantities: 3.177e-06s
# UpdateSmoothingLength: 2.56e-06s
### Check ### Global Tree Nodes: 512, Particles: 27000, Halos: 0
### Check ### Computational domain: -0.5 0.5 -0.5 0.5 -0.5 0.5
### Check ### Total Neighbors: 2511000, Avg neighbor count per particle: 93
### Check ### Total time: 3.641e-06, current time-step: 1.331e-06
### Check ### Total energy: 1, (internal: 1, kinetic: 6.00677e-08, gravitational: 0)
### Check ### Focus Tree Nodes: 512, maxDepth 3, maxStackNc 0, maxStackGravity 0
=== Total time for iteration(3) 0.017513s

# domain::sync: 0.00100594s
# FindNeighbors: 2.0722e-05s
# Density: 0.00523236s
# EquationOfState: 1.31e-05s
# mpi::synchronizeHalos: 1.882e-06s
# IAD: 0.00523226s
# mpi::synchronizeHalos: 1.614e-06s
# MomentumEnergyIAD: 0.00531839s
# Timestep: 1.617e-06s
# UpdateQuantities: 2.575e-06s
# UpdateSmoothingLength: 2.489e-06s
### Check ### Global Tree Nodes: 512, Particles: 27000, Halos: 0
### Check ### Computational domain: -0.5 0.5 -0.5 0.5 -0.5 0.5
### Check ### Total Neighbors: 2511000, Avg neighbor count per particle: 93
### Check ### Total time: 5.1051e-06, current time-step: 1.4641e-06
### Check ### Total energy: 1, (internal: 1, kinetic: 1.09921e-07, gravitational: 0)
### Check ### Focus Tree Nodes: 512, maxDepth 3, maxStackNc 0, maxStackGravity 0
=== Total time for iteration(4) 0.0168337s

# domain::sync: 0.00100199s
# FindNeighbors: 1.9822e-05s
# Density: 0.00534121s
# EquationOfState: 1.3066e-05s
# mpi::synchronizeHalos: 1.824e-06s
# IAD: 0.00533606s
# mpi::synchronizeHalos: 2.198e-06s
# MomentumEnergyIAD: 0.00533238s
# Timestep: 1.645e-06s
# UpdateQuantities: 2.702e-06s
# UpdateSmoothingLength: 2.48e-06s
### Check ### Global Tree Nodes: 512, Particles: 27000, Halos: 0
### Check ### Computational domain: -0.5 0.5 -0.5 0.5 -0.5 0.5
### Check ### Total Neighbors: 2511000, Avg neighbor count per particle: 93
### Check ### Total time: 6.71561e-06, current time-step: 1.61051e-06
### Check ### Total energy: 1, (internal: 1, kinetic: 1.8194e-07, gravitational: 0)
### Check ### Focus Tree Nodes: 512, maxDepth 3, maxStackNc 0, maxStackGravity 0
=== Total time for iteration(5) 0.0170561s

# domain::sync: 0.00101136s
# FindNeighbors: 2.0192e-05s
# Density: 0.00537285s
# EquationOfState: 1.2734e-05s
# mpi::synchronizeHalos: 1.86e-06s
# IAD: 0.00491714s
# mpi::synchronizeHalos: 2.126e-06s
# MomentumEnergyIAD: 0.00535357s
# Timestep: 1.625e-06s
# UpdateQuantities: 2.688e-06s
# UpdateSmoothingLength: 2.394e-06s
### Check ### Global Tree Nodes: 512, Particles: 27000, Halos: 0
### Check ### Computational domain: -0.5 0.5 -0.5 0.5 -0.5 0.5
### Check ### Total Neighbors: 2511000, Avg neighbor count per particle: 93
### Check ### Total time: 8.48717e-06, current time-step: 1.77156e-06
### Check ### Total energy: 1, (internal: 1, kinetic: 2.81885e-07, gravitational: 0)
### Check ### Focus Tree Nodes: 512, maxDepth 3, maxStackNc 0, maxStackGravity 0
=== Total time for iteration(6) 0.0166992s

# domain::sync: 0.000984577s
# FindNeighbors: 1.9595e-05s
# Density: 0.00536888s
# EquationOfState: 1.2941e-05s
# mpi::synchronizeHalos: 1.858e-06s
# IAD: 0.00510116s
# mpi::synchronizeHalos: 1.652e-06s
# MomentumEnergyIAD: 0.00504055s
# Timestep: 1.559e-06s
# UpdateQuantities: 2.595e-06s
# UpdateSmoothingLength: 2.228e-06s
### Check ### Global Tree Nodes: 512, Particles: 27000, Halos: 0
### Check ### Computational domain: -0.5 0.5 -0.5 0.5 -0.5 0.5
### Check ### Total Neighbors: 3321000, Avg neighbor count per particle: 123
### Check ### Total time: 1.04359e-05, current time-step: 1.94872e-06
### Check ### Total energy: 1, (internal: 1, kinetic: 4.16828e-07, gravitational: 0)
### Check ### Focus Tree Nodes: 512, maxDepth 3, maxStackNc 0, maxStackGravity 0
=== Total time for iteration(7) 0.0165383s

# domain::sync: 0.000975941s
# FindNeighbors: 2.0231e-05s
# Density: 0.00512204s
# EquationOfState: 1.3673e-05s
# mpi::synchronizeHalos: 1.842e-06s
# IAD: 0.00499165s
# mpi::synchronizeHalos: 2.203e-06s
# MomentumEnergyIAD: 0.0052807s
# Timestep: 1.654e-06s
# UpdateQuantities: 2.772e-06s
# UpdateSmoothingLength: 2.389e-06s
### Check ### Global Tree Nodes: 512, Particles: 27000, Halos: 0
### Check ### Computational domain: -0.5 0.5 -0.5 0.5 -0.5 0.5
### Check ### Total Neighbors: 2511000, Avg neighbor count per particle: 93
### Check ### Total time: 1.25795e-05, current time-step: 2.14359e-06
### Check ### Total energy: 1, (internal: 0.999999, kinetic: 5.96624e-07, gravitational: 0)
### Check ### Focus Tree Nodes: 512, maxDepth 3, maxStackNc 0, maxStackGravity 0
=== Total time for iteration(8) 0.0164158s

# domain::sync: 0.000978224s
# FindNeighbors: 2.0037e-05s
# Density: 0.00512479s
# EquationOfState: 1.262e-05s
# mpi::synchronizeHalos: 1.883e-06s
# IAD: 0.00502115s
# mpi::synchronizeHalos: 2.143e-06s
# MomentumEnergyIAD: 0.00515792s
# Timestep: 2.022e-06s
# UpdateQuantities: 3.161e-06s
# UpdateSmoothingLength: 2.393e-06s
### Check ### Global Tree Nodes: 512, Particles: 27000, Halos: 0
### Check ### Computational domain: -0.5 0.5 -0.5 0.5 -0.5 0.5
### Check ### Total Neighbors: 2511000, Avg neighbor count per particle: 93
### Check ### Total time: 1.49374e-05, current time-step: 2.35795e-06
### Check ### Total energy: 1, (internal: 0.999999, kinetic: 8.30788e-07, gravitational: 0)
### Check ### Focus Tree Nodes: 512, maxDepth 3, maxStackNc 0, maxStackGravity 0
=== Total time for iteration(9) 0.016327s

# domain::sync: 0.000991825s
# FindNeighbors: 1.9853e-05s
# Density: 0.00508435s
# EquationOfState: 1.2582e-05s
# mpi::synchronizeHalos: 1.747e-06s
# IAD: 0.00496037s
# mpi::synchronizeHalos: 1.565e-06s
# MomentumEnergyIAD: 0.00499738s
# Timestep: 1.534e-06s
# UpdateQuantities: 2.525e-06s
# UpdateSmoothingLength: 2.412e-06s
### Check ### Global Tree Nodes: 512, Particles: 27000, Halos: 0
### Check ### Computational domain: -0.5 0.5 -0.5 0.5 -0.5 0.5
### Check ### Total Neighbors: 2511000, Avg neighbor count per particle: 93
### Check ### Total time: 1.75312e-05, current time-step: 2.59374e-06
### Check ### Total energy: 1, (internal: 0.999999, kinetic: 1.13268e-06, gravitational: 0)
### Check ### Focus Tree Nodes: 512, maxDepth 3, maxStackNc 0, maxStackGravity 0
=== Total time for iteration(10) 0.0160768s

# domain::sync: 0.000984385s
# FindNeighbors: 1.974e-05s
# Density: 0.00538499s
# EquationOfState: 1.2296e-05s
# mpi::synchronizeHalos: 1.808e-06s
# IAD: 0.00511612s
# mpi::synchronizeHalos: 2.146e-06s
# MomentumEnergyIAD: 0.00533631s
# Timestep: 1.651e-06s
# UpdateQuantities: 2.582e-06s
# UpdateSmoothingLength: 2.545e-06s
### Check ### Global Tree Nodes: 512, Particles: 27000, Halos: 0
### Check ### Computational domain: -0.5 0.5 -0.5 0.5 -0.5 0.5
### Check ### Total Neighbors: 3321000, Avg neighbor count per particle: 123
### Check ### Total time: 2.03843e-05, current time-step: 2.85312e-06
### Check ### Total energy: 1, (internal: 0.999998, kinetic: 1.51821e-06, gravitational: 0)
### Check ### Focus Tree Nodes: 512, maxDepth 3, maxStackNc 0, maxStackGravity 0
=== Total time for iteration(11) 0.0168652s

# domain::sync: 0.000986503s
# FindNeighbors: 1.1516e-05s
# Density: 0.00499853s
# EquationOfState: 1.2368e-05s
# mpi::synchronizeHalos: 1.844e-06s
# IAD: 0.00487177s
# mpi::synchronizeHalos: 2.193e-06s
# MomentumEnergyIAD: 0.00512313s
# Timestep: 1.597e-06s
# UpdateQuantities: 2.646e-06s
# UpdateSmoothingLength: 2.414e-06s
### Check ### Global Tree Nodes: 512, Particles: 27000, Halos: 0
### Check ### Computational domain: -0.5 0.5 -0.5 0.5 -0.5 0.5
### Check ### Total Neighbors: 2511000, Avg neighbor count per particle: 93
### Check ### Total time: 2.35227e-05, current time-step: 3.13843e-06
### Check ### Total energy: 1, (internal: 0.999998, kinetic: 2.01003e-06, gravitational: 0)
### Check ### Focus Tree Nodes: 512, maxDepth 3, maxStackNc 0, maxStackGravity 0
=== Total time for iteration(12) 0.0160152s

# domain::sync: 0.000976258s
# FindNeighbors: 2.0328e-05s
# Density: 0.00527031s
# EquationOfState: 1.267e-05s
# mpi::synchronizeHalos: 1.839e-06s
# IAD: 0.00518363s
# mpi::synchronizeHalos: 1.491e-06s
# MomentumEnergyIAD: 0.00509289s
# Timestep: 1.472e-06s
# UpdateQuantities: 2.546e-06s
# UpdateSmoothingLength: 2.18e-06s
### Check ### Global Tree Nodes: 512, Particles: 27000, Halos: 0
### Check ### Computational domain: -0.5 0.5 -0.5 0.5 -0.5 0.5
### Check ### Total Neighbors: 2511000, Avg neighbor count per particle: 93
### Check ### Total time: 2.6975e-05, current time-step: 3.45227e-06
### Check ### Total energy: 1, (internal: 0.999997, kinetic: 2.62863e-06, gravitational: 0)
### Check ### Focus Tree Nodes: 512, maxDepth 3, maxStackNc 0, maxStackGravity 0
=== Total time for iteration(13) 0.0165663s

# domain::sync: 0.000971847s
# FindNeighbors: 2.0239e-05s
# Density: 0.00525686s
# EquationOfState: 1.2832e-05s
# mpi::synchronizeHalos: 1.819e-06s
# IAD: 0.0050272s
# mpi::synchronizeHalos: 2.1e-06s
# MomentumEnergyIAD: 0.00526312s
# Timestep: 1.596e-06s
# UpdateQuantities: 2.638e-06s
# UpdateSmoothingLength: 2.223e-06s
### Check ### Global Tree Nodes: 512, Particles: 27000, Halos: 0
### Check ### Computational domain: -0.5 0.5 -0.5 0.5 -0.5 0.5
### Check ### Total Neighbors: 2511000, Avg neighbor count per particle: 93
### Check ### Total time: 3.07725e-05, current time-step: 3.7975e-06
### Check ### Total energy: 1, (internal: 0.999997, kinetic: 3.40388e-06, gravitational: 0)
### Check ### Focus Tree Nodes: 512, maxDepth 3, maxStackNc 0, maxStackGravity 0
=== Total time for iteration(14) 0.0165632s

# domain::sync: 0.00101337s
# FindNeighbors: 1.9544e-05s
# Density: 0.00498121s
# EquationOfState: 1.2518e-05s
# mpi::synchronizeHalos: 1.785e-06s
# IAD: 0.00516077s
# mpi::synchronizeHalos: 2.124e-06s
# MomentumEnergyIAD: 0.00515676s
# Timestep: 1.577e-06s
# UpdateQuantities: 2.765e-06s
# UpdateSmoothingLength: 2.259e-06s
### Check ### Global Tree Nodes: 512, Particles: 27000, Halos: 0
### Check ### Computational domain: -0.5 0.5 -0.5 0.5 -0.5 0.5
### Check ### Total Neighbors: 3321000, Avg neighbor count per particle: 123
### Check ### Total time: 3.49497e-05, current time-step: 4.17725e-06
### Check ### Total energy: 1, (internal: 0.999996, kinetic: 4.37101e-06, gravitational: 0)
### Check ### Focus Tree Nodes: 512, maxDepth 3, maxStackNc 0, maxStackGravity 0
=== Total time for iteration(15) 0.0163554s

# domain::sync: 0.000987994s
# FindNeighbors: 1.9363e-05s
# Density: 0.00516343s
# EquationOfState: 1.2899e-05s
# mpi::synchronizeHalos: 1.774e-06s
# IAD: 0.00501286s
# mpi::synchronizeHalos: 1.563e-06s
# MomentumEnergyIAD: 0.00524124s
# Timestep: 1.571e-06s
# UpdateQuantities: 2.625e-06s
# UpdateSmoothingLength: 2.396e-06s
### Check ### Global Tree Nodes: 512, Particles: 27000, Halos: 0
### Check ### Computational domain: -0.5 0.5 -0.5 0.5 -0.5 0.5
### Check ### Total Neighbors: 2511000, Avg neighbor count per particle: 93
### Check ### Total time: 3.95447e-05, current time-step: 4.59497e-06
### Check ### Total energy: 1, (internal: 0.999994, kinetic: 5.58075e-06, gravitational: 0)
### Check ### Focus Tree Nodes: 512, maxDepth 3, maxStackNc 0, maxStackGravity 0
=== Total time for iteration(16) 0.0164484s

# domain::sync: 0.000971311s
# FindNeighbors: 1.953e-05s
# Density: 0.00517373s
# EquationOfState: 1.2947e-05s
# mpi::synchronizeHalos: 1.782e-06s
# IAD: 0.00521242s
# mpi::synchronizeHalos: 2.073e-06s
# MomentumEnergyIAD: 0.00502567s
# Timestep: 1.535e-06s
# UpdateQuantities: 2.569e-06s
# UpdateSmoothingLength: 2.2e-06s
### Check ### Global Tree Nodes: 512, Particles: 27000, Halos: 0
### Check ### Computational domain: -0.5 0.5 -0.5 0.5 -0.5 0.5
### Check ### Total Neighbors: 2511000, Avg neighbor count per particle: 93
### Check ### Total time: 4.45992e-05, current time-step: 5.05447e-06
### Check ### Total energy: 1, (internal: 0.999993, kinetic: 7.07719e-06, gravitational: 0)
### Check ### Focus Tree Nodes: 512, maxDepth 3, maxStackNc 0, maxStackGravity 0
=== Total time for iteration(17) 0.0164265s

# domain::sync: 0.000983666s
# FindNeighbors: 1.9982e-05s
# Density: 0.00507095s
# EquationOfState: 1.243e-05s
# mpi::synchronizeHalos: 1.847e-06s
# IAD: 0.00475503s
# mpi::synchronizeHalos: 2.133e-06s
# MomentumEnergyIAD: 0.00473962s
# Timestep: 1.605e-06s
# UpdateQuantities: 2.666e-06s
# UpdateSmoothingLength: 2.229e-06s
### Check ### Global Tree Nodes: 512, Particles: 27000, Halos: 0
### Check ### Computational domain: -0.5 0.5 -0.5 0.5 -0.5 0.5
### Check ### Total Neighbors: 2511000, Avg neighbor count per particle: 93
### Check ### Total time: 5.01591e-05, current time-step: 5.55992e-06
### Check ### Total energy: 1, (internal: 0.999991, kinetic: 8.92608e-06, gravitational: 0)
### Check ### Focus Tree Nodes: 512, maxDepth 3, maxStackNc 0, maxStackGravity 0
=== Total time for iteration(18) 0.0155928s

# domain::sync: 0.000939936s
# FindNeighbors: 1.1404e-05s
# Density: 0.00481702s
# EquationOfState: 1.1967e-05s
# mpi::synchronizeHalos: 1.75e-06s
# IAD: 0.00467038s
# mpi::synchronizeHalos: 1.574e-06s
# MomentumEnergyIAD: 0.00511054s
# Timestep: 1.572e-06s
# UpdateQuantities: 2.621e-06s
# UpdateSmoothingLength: 2.484e-06s
### Check ### Global Tree Nodes: 512, Particles: 27000, Halos: 0
### Check ### Computational domain: -0.5 0.5 -0.5 0.5 -0.5 0.5
### Check ### Total Neighbors: 3321000, Avg neighbor count per particle: 123
### Check ### Total time: 5.6275e-05, current time-step: 6.11591e-06
### Check ### Total energy: 1, (internal: 0.999989, kinetic: 1.12046e-05, gravitational: 0)
### Check ### Focus Tree Nodes: 512, maxDepth 3, maxStackNc 0, maxStackGravity 0
=== Total time for iteration(19) 0.0155719s

# domain::sync: 0.000940657s
# FindNeighbors: 1.1283e-05s
# Density: 0.00468137s
# EquationOfState: 1.1865e-05s
# mpi::synchronizeHalos: 1.807e-06s
# IAD: 0.00466348s
# mpi::synchronizeHalos: 1.58e-06s
# MomentumEnergyIAD: 0.00458486s
# Timestep: 1.94e-06s
# UpdateQuantities: 3.238e-06s
# UpdateSmoothingLength: 2.336e-06s
### Check ### Global Tree Nodes: 512, Particles: 27000, Halos: 0
### Check ### Computational domain: -0.5 0.5 -0.5 0.5 -0.5 0.5
### Check ### Total Neighbors: 2511000, Avg neighbor count per particle: 93
### Check ### Total time: 6.30025e-05, current time-step: 6.7275e-06
### Check ### Total energy: 1, (internal: 0.999986, kinetic: 1.40246e-05, gravitational: 0)
### Check ### Focus Tree Nodes: 512, maxDepth 3, maxStackNc 0, maxStackGravity 0
=== Total time for iteration(20) 0.0149051s

# domain::sync: 0.000930986s
# FindNeighbors: 1.1074e-05s
# Density: 0.00474631s
# EquationOfState: 1.192e-05s
# mpi::synchronizeHalos: 1.798e-06s
# IAD: 0.00478531s
# mpi::synchronizeHalos: 1.532e-06s
# MomentumEnergyIAD: 0.00481242s
# Timestep: 2.071e-06s
# UpdateQuantities: 3.322e-06s
# UpdateSmoothingLength: 2.408e-06s
### Check ### Global Tree Nodes: 512, Particles: 27000, Halos: 0
### Check ### Computational domain: -0.5 0.5 -0.5 0.5 -0.5 0.5
### Check ### Total Neighbors: 2511000, Avg neighbor count per particle: 93
### Check ### Total time: 7.04027e-05, current time-step: 7.40025e-06
### Check ### Total energy: 1, (internal: 0.999983, kinetic: 1.74807e-05, gravitational: 0)
### Check ### Focus Tree Nodes: 512, maxDepth 3, maxStackNc 0, maxStackGravity 0
=== Total time for iteration(21) 0.0153098s

# domain::sync: 0.000950072s
# FindNeighbors: 1.148e-05s
# Density: 0.00488006s
# EquationOfState: 1.2957e-05s
# mpi::synchronizeHalos: 1.844e-06s
# IAD: 0.00451639s
# mpi::synchronizeHalos: 1.625e-06s
# MomentumEnergyIAD: 0.00471236s
# Timestep: 1.58e-06s
# UpdateQuantities: 2.663e-06s
# UpdateSmoothingLength: 2.326e-06s
### Check ### Global Tree Nodes: 512, Particles: 27000, Halos: 0
### Check ### Computational domain: -0.5 0.5 -0.5 0.5 -0.5 0.5
### Check ### Total Neighbors: 2511000, Avg neighbor count per particle: 93
### Check ### Total time: 7.8543e-05, current time-step: 8.14027e-06
### Check ### Total energy: 1, (internal: 0.999978, kinetic: 2.17165e-05, gravitational: 0)
### Check ### Focus Tree Nodes: 512, maxDepth 3, maxStackNc 0, maxStackGravity 0
=== Total time for iteration(22) 0.015094s

# domain::sync: 0.000947043s
# FindNeighbors: 1.1274e-05s
# Density: 0.00474006s
# EquationOfState: 1.1992e-05s
# mpi::synchronizeHalos: 1.795e-06s
# IAD: 0.00474498s
# mpi::synchronizeHalos: 1.582e-06s
# MomentumEnergyIAD: 0.00515577s
# Timestep: 2.001e-06s
# UpdateQuantities: 3.225e-06s
# UpdateSmoothingLength: 2.396e-06s
### Check ### Global Tree Nodes: 512, Particles: 27000, Halos: 0
### Check ### Computational domain: -0.5 0.5 -0.5 0.5 -0.5 0.5
### Check ### Total Neighbors: 3321000, Avg neighbor count per particle: 123
### Check ### Total time: 8.74973e-05, current time-step: 8.9543e-06
### Check ### Total energy: 1, (internal: 0.999973, kinetic: 2.68995e-05, gravitational: 0)
### Check ### Focus Tree Nodes: 512, maxDepth 3, maxStackNc 0, maxStackGravity 0
=== Total time for iteration(23) 0.0156228s

# domain::sync: 0.000931871s
# FindNeighbors: 1.1183e-05s
# Density: 0.00503814s
# EquationOfState: 1.2246e-05s
# mpi::synchronizeHalos: 1.829e-06s
# IAD: 0.00458276s
# mpi::synchronizeHalos: 1.56e-06s
# MomentumEnergyIAD: 0.0046709s
# Timestep: 1.504e-06s
# UpdateQuantities: 2.634e-06s
# UpdateSmoothingLength: 2.345e-06s
### Check ### Global Tree Nodes: 512, Particles: 27000, Halos: 0
### Check ### Computational domain: -0.5 0.5 -0.5 0.5 -0.5 0.5
### Check ### Total Neighbors: 2511000, Avg neighbor count per particle: 93
### Check ### Total time: 9.73471e-05, current time-step: 9.84973e-06
### Check ### Total energy: 1, (internal: 0.999967, kinetic: 3.32741e-05, gravitational: 0)
### Check ### Focus Tree Nodes: 512, maxDepth 3, maxStackNc 0, maxStackGravity 0
=== Total time for iteration(24) 0.0152577s

# domain::sync: 0.000943092s
# FindNeighbors: 1.1325e-05s
# Density: 0.00493236s
# EquationOfState: 1.3046e-05s
# mpi::synchronizeHalos: 1.911e-06s
# IAD: 0.0047022s
# mpi::synchronizeHalos: 1.537e-06s
# MomentumEnergyIAD: 0.00462287s
# Timestep: 1.514e-06s
# UpdateQuantities: 2.599e-06s
# UpdateSmoothingLength: 2.23e-06s
### Check ### Global Tree Nodes: 512, Particles: 27000, Halos: 0
### Check ### Computational domain: -0.5 0.5 -0.5 0.5 -0.5 0.5
### Check ### Total Neighbors: 2511000, Avg neighbor count per particle: 93
### Check ### Total time: 0.000108182, current time-step: 1.08347e-05
### Check ### Total energy: 1, (internal: 0.999959, kinetic: 4.10433e-05, gravitational: 0)
### Check ### Focus Tree Nodes: 512, maxDepth 3, maxStackNc 0, maxStackGravity 0
=== Total time for iteration(25) 0.0152354s

# domain::sync: 0.000946451s
# FindNeighbors: 1.1198e-05s
# Density: 0.00484998s
# EquationOfState: 1.2354e-05s
# mpi::synchronizeHalos: 1.755e-06s
# IAD: 0.0049409s
# mpi::synchronizeHalos: 1.625e-06s
# MomentumEnergyIAD: 0.00494606s
# Timestep: 1.503e-06s
# UpdateQuantities: 2.605e-06s
# UpdateSmoothingLength: 2.292e-06s
### Check ### Global Tree Nodes: 512, Particles: 27000, Halos: 0
### Check ### Computational domain: -0.5 0.5 -0.5 0.5 -0.5 0.5
### Check ### Total Neighbors: 3321000, Avg neighbor count per particle: 123
### Check ### Total time: 0.0001201, current time-step: 1.19182e-05
### Check ### Total energy: 1, (internal: 0.999949, kinetic: 5.05178e-05, gravitational: 0)
### Check ### Focus Tree Nodes: 512, maxDepth 3, maxStackNc 0, maxStackGravity 0
=== Total time for iteration(26) 0.0157174s

# domain::sync: 0.000944056s
# FindNeighbors: 1.118e-05s
# Density: 0.00499075s
# EquationOfState: 1.2719e-05s
# mpi::synchronizeHalos: 1.813e-06s
# IAD: 0.00489476s
# mpi::synchronizeHalos: 1.546e-06s
# MomentumEnergyIAD: 0.00496793s
# Timestep: 1.512e-06s
# UpdateQuantities: 2.505e-06s
# UpdateSmoothingLength: 2.462e-06s
### Check ### Global Tree Nodes: 512, Particles: 27000, Halos: 0
### Check ### Computational domain: -0.5 0.5 -0.5 0.5 -0.5 0.5
### Check ### Total Neighbors: 2511000, Avg neighbor count per particle: 93
### Check ### Total time: 0.00013321, current time-step: 1.311e-05
### Check ### Total energy: 1, (internal: 0.999938, kinetic: 6.2134e-05, gravitational: 0)
### Check ### Focus Tree Nodes: 512, maxDepth 3, maxStackNc 0, maxStackGravity 0
=== Total time for iteration(27) 0.0158319s

# domain::sync: 0.000938323s
# FindNeighbors: 1.1125e-05s
# Density: 0.00460686s
# EquationOfState: 1.3106e-05s
# mpi::synchronizeHalos: 1.926e-06s
# IAD: 0.00471982s
# mpi::synchronizeHalos: 1.536e-06s
# MomentumEnergyIAD: 0.00493766s
# Timestep: 2.008e-06s
# UpdateQuantities: 3.328e-06s
# UpdateSmoothingLength: 2.399e-06s
### Check ### Global Tree Nodes: 512, Particles: 27000, Halos: 0
### Check ### Computational domain: -0.5 0.5 -0.5 0.5 -0.5 0.5
### Check ### Total Neighbors: 2511000, Avg neighbor count per particle: 93
### Check ### Total time: 0.000147631, current time-step: 1.4421e-05
### Check ### Total energy: 1, (internal: 0.999924, kinetic: 7.62536e-05, gravitational: 0)
### Check ### Focus Tree Nodes: 512, maxDepth 3, maxStackNc 0, maxStackGravity 0
=== Total time for iteration(28) 0.0152388s

# domain::sync: 0.00093932s
# FindNeighbors: 1.1215e-05s
# Density: 0.00499633s
# EquationOfState: 1.2409e-05s
# mpi::synchronizeHalos: 1.832e-06s
# IAD: 0.00500925s
# mpi::synchronizeHalos: 1.57e-06s
# MomentumEnergyIAD: 0.00482142s
# Timestep: 1.506e-06s
# UpdateQuantities: 2.644e-06s
# UpdateSmoothingLength: 2.212e-06s
### Check ### Global Tree Nodes: 512, Particles: 27000, Halos: 0
### Check ### Computational domain: -0.5 0.5 -0.5 0.5 -0.5 0.5
### Check ### Total Neighbors: 2511000, Avg neighbor count per particle: 93
### Check ### Total time: 0.000163494, current time-step: 1.58631e-05
### Check ### Total energy: 1, (internal: 0.999907, kinetic: 9.34306e-05, gravitational: 0)
### Check ### Focus Tree Nodes: 512, maxDepth 3, maxStackNc 0, maxStackGravity 0
=== Total time for iteration(29) 0.0158004s

# domain::sync: 0.00101714s
# FindNeighbors: 1.1955e-05s
# Density: 0.00489589s
# EquationOfState: 1.3225e-05s
# mpi::synchronizeHalos: 1.97e-06s
# IAD: 0.00493585s
# mpi::synchronizeHalos: 1.615e-06s
# MomentumEnergyIAD: 0.00473178s
# Timestep: 1.55e-06s
# UpdateQuantities: 2.673e-06s
# UpdateSmoothingLength: 2.374e-06s
### Check ### Global Tree Nodes: 512, Particles: 27000, Halos: 0
### Check ### Computational domain: -0.5 0.5 -0.5 0.5 -0.5 0.5
### Check ### Total Neighbors: 3321000, Avg neighbor count per particle: 123
### Check ### Total time: 0.000180943, current time-step: 1.74494e-05
### Check ### Total energy: 1, (internal: 0.999886, kinetic: 0.00011431, gravitational: 0)
### Check ### Focus Tree Nodes: 512, maxDepth 3, maxStackNc 0, maxStackGravity 0
=== Total time for iteration(30) 0.0156167s

# domain::sync: 0.000959419s
# FindNeighbors: 1.1511e-05s
# Density: 0.00456667s
# EquationOfState: 1.2141e-05s
# mpi::synchronizeHalos: 1.83e-06s
# IAD: 0.00439359s
# mpi::synchronizeHalos: 2.077e-06s
# MomentumEnergyIAD: 0.0044141s
# Timestep: 1.529e-06s
# UpdateQuantities: 2.654e-06s
# UpdateSmoothingLength: 2.326e-06s
### Check ### Global Tree Nodes: 512, Particles: 27000, Halos: 0
### Check ### Computational domain: -0.5 0.5 -0.5 0.5 -0.5 0.5
### Check ### Total Neighbors: 2511000, Avg neighbor count per particle: 93
### Check ### Total time: 0.000200138, current time-step: 1.91943e-05
### Check ### Total energy: 1, (internal: 0.99986, kinetic: 0.000139835, gravitational: 0)
### Check ### Focus Tree Nodes: 512, maxDepth 3, maxStackNc 0, maxStackGravity 0
=== Total time for iteration(31) 0.0143686s

# domain::sync: 0.00095057s
# FindNeighbors: 1.1316e-05s
# Density: 0.00480747s
# EquationOfState: 1.2472e-05s
# mpi::synchronizeHalos: 1.738e-06s
# IAD: 0.00476683s
# mpi::synchronizeHalos: 1.592e-06s
# MomentumEnergyIAD: 0.00476555s
# Timestep: 1.548e-06s
# UpdateQuantities: 2.602e-06s
# UpdateSmoothingLength: 2.397e-06s
### Check ### Global Tree Nodes: 512, Particles: 27000, Halos: 0
### Check ### Computational domain: -0.5 0.5 -0.5 0.5 -0.5 0.5
### Check ### Total Neighbors: 2511000, Avg neighbor count per particle: 93
### Check ### Total time: 0.000221252, current time-step: 2.11138e-05
### Check ### Total energy: 1, (internal: 0.999829, kinetic: 0.000170776, gravitational: 0)
### Check ### Focus Tree Nodes: 512, maxDepth 3, maxStackNc 0, maxStackGravity 0
=== Total time for iteration(32) 0.0153248s

# domain::sync: 0.000946742s
# FindNeighbors: 1.1201e-05s
# Density: 0.00497512s
# EquationOfState: 1.2348e-05s
# mpi::synchronizeHalos: 1.832e-06s
# IAD: 0.00514562s
# mpi::synchronizeHalos: 2.11e-06s
# MomentumEnergyIAD: 0.004896s
# Timestep: 1.623e-06s
# UpdateQuantities: 2.663e-06s
# UpdateSmoothingLength: 2.307e-06s
### Check ### Global Tree Nodes: 512, Particles: 27000, Halos: 0
### Check ### Computational domain: -0.5 0.5 -0.5 0.5 -0.5 0.5
### Check ### Total Neighbors: 2511000, Avg neighbor count per particle: 93
### Check ### Total time: 0.000244477, current time-step: 2.32252e-05
### Check ### Total energy: 1, (internal: 0.999792, kinetic: 0.000208326, gravitational: 0)
### Check ### Focus Tree Nodes: 512, maxDepth 3, maxStackNc 0, maxStackGravity 0
=== Total time for iteration(33) 0.0159982s

# domain::sync: 0.000955909s
# FindNeighbors: 1.1555e-05s
# Density: 0.00474338s
# EquationOfState: 1.2362e-05s
# mpi::synchronizeHalos: 1.824e-06s
# IAD: 0.00472938s
# mpi::synchronizeHalos: 1.605e-06s
# MomentumEnergyIAD: 0.00532359s
# Timestep: 2.41e-06s
# UpdateQuantities: 3.806e-06s
# UpdateSmoothingLength: 2.357e-06s
### Check ### Global Tree Nodes: 512, Particles: 27000, Halos: 0
### Check ### Computational domain: -0.5 0.5 -0.5 0.5 -0.5 0.5
### Check ### Total Neighbors: 3321000, Avg neighbor count per particle: 123
### Check ### Total time: 0.000270024, current time-step: 2.55477e-05
### Check ### Total energy: 1, (internal: 0.999746, kinetic: 0.000253865, gravitational: 0)
### Check ### Focus Tree Nodes: 512, maxDepth 3, maxStackNc 0, maxStackGravity 0
=== Total time for iteration(34) 0.0157889s

# domain::sync: 0.000938903s
# FindNeighbors: 1.133e-05s
# Density: 0.00480149s
# EquationOfState: 1.2017e-05s
# mpi::synchronizeHalos: 1.817e-06s
# IAD: 0.00469991s
# mpi::synchronizeHalos: 1.581e-06s
# MomentumEnergyIAD: 0.00494339s
# Timestep: 1.52e-06s
# UpdateQuantities: 2.588e-06s
# UpdateSmoothingLength: 2.337e-06s
### Check ### Global Tree Nodes: 512, Particles: 27000, Halos: 0
### Check ### Computational domain: -0.5 0.5 -0.5 0.5 -0.5 0.5
### Check ### Total Neighbors: 2511000, Avg neighbor count per particle: 93
### Check ### Total time: 0.000298127, current time-step: 2.81024e-05
### Check ### Total energy: 1, (internal: 0.999691, kinetic: 0.000309422, gravitational: 0)
### Check ### Focus Tree Nodes: 512, maxDepth 3, maxStackNc 0, maxStackGravity 0
=== Total time for iteration(35) 0.0154176s

# domain::sync: 0.00093413s
# FindNeighbors: 1.1126e-05s
# Density: 0.00487228s
# EquationOfState: 1.2084e-05s
# mpi::synchronizeHalos: 1.757e-06s
# IAD: 0.00459367s
# mpi::synchronizeHalos: 1.586e-06s
# MomentumEnergyIAD: 0.00470802s
# Timestep: 2.787e-06s
# UpdateQuantities: 5.053e-06s
# UpdateSmoothingLength: 3.213e-06s
### Check ### Global Tree Nodes: 512, Particles: 27000, Halos: 0
### Check ### Computational domain: -0.5 0.5 -0.5 0.5 -0.5 0.5
### Check ### Total Neighbors: 2511000, Avg neighbor count per particle: 93
### Check ### Total time: 0.000329039, current time-step: 3.09127e-05
### Check ### Total energy: 1, (internal: 0.999623, kinetic: 0.000376636, gravitational: 0)
### Check ### Focus Tree Nodes: 512, maxDepth 3, maxStackNc 0, maxStackGravity 0
=== Total time for iteration(36) 0.0151465s

# domain::sync: 0.000959606s
# FindNeighbors: 1.2097e-05s
# Density: 0.00474913s
# EquationOfState: 1.2905e-05s
# mpi::synchronizeHalos: 1.961e-06s
# IAD: 0.00468656s
# mpi::synchronizeHalos: 1.933e-06s
# MomentumEnergyIAD: 0.00483205s
# Timestep: 1.903e-06s
# UpdateQuantities: 2.978e-06s
# UpdateSmoothingLength: 2.683e-06s
### Check ### Global Tree Nodes: 512, Particles: 27000, Halos: 0
### Check ### Computational domain: -0.5 0.5 -0.5 0.5 -0.5 0.5
### Check ### Total Neighbors: 2511000, Avg neighbor count per particle: 93
### Check ### Total time: 0.000363043, current time-step: 3.40039e-05
### Check ### Total energy: 1, (internal: 0.999542, kinetic: 0.000458052, gravitational: 0)
### Check ### Focus Tree Nodes: 512, maxDepth 3, maxStackNc 0, maxStackGravity 0
=== Total time for iteration(37) 0.0152645s

# domain::sync: 0.00093496s
# FindNeighbors: 1.1599e-05s
# Density: 0.00460788s
# EquationOfState: 1.1968e-05s
# mpi::synchronizeHalos: 1.74e-06s
# IAD: 0.00472548s
# mpi::synchronizeHalos: 1.576e-06s
# MomentumEnergyIAD: 0.00486514s
# Timestep: 1.542e-06s
# UpdateQuantities: 2.602e-06s
# UpdateSmoothingLength: 2.257e-06s
### Check ### Global Tree Nodes: 512, Particles: 27000, Halos: 0
### Check ### Computational domain: -0.5 0.5 -0.5 0.5 -0.5 0.5
### Check ### Total Neighbors: 3321000, Avg neighbor count per particle: 123
### Check ### Total time: 0.000400448, current time-step: 3.74043e-05
### Check ### Total energy: 1, (internal: 0.999443, kinetic: 0.000556617, gravitational: 0)
### Check ### Focus Tree Nodes: 512, maxDepth 3, maxStackNc 0, maxStackGravity 0
=== Total time for iteration(38) 0.0151674s

# domain::sync: 0.000941381s
# FindNeighbors: 1.1384e-05s
# Density: 0.00501595s
# EquationOfState: 1.4153e-05s
# mpi::synchronizeHalos: 2.069e-06s
# IAD: 0.00453051s
# mpi::synchronizeHalos: 1.923e-06s
# MomentumEnergyIAD: 0.00484338s
# Timestep: 1.574e-06s
# UpdateQuantities: 2.694e-06s
# UpdateSmoothingLength: 2.221e-06s
### Check ### Global Tree Nodes: 512, Particles: 27000, Halos: 0
### Check ### Computational domain: -0.5 0.5 -0.5 0.5 -0.5 0.5
### Check ### Total Neighbors: 2511000, Avg neighbor count per particle: 93
### Check ### Total time: 0.000441593, current time-step: 4.11448e-05
### Check ### Total energy: 1, (internal: 0.999323, kinetic: 0.00067666, gravitational: 0)
### Check ### Focus Tree Nodes: 512, maxDepth 3, maxStackNc 0, maxStackGravity 0
=== Total time for iteration(39) 0.0153679s

# domain::sync: 0.000950561s
# FindNeighbors: 1.0954e-05s
# Density: 0.00477615s
# EquationOfState: 1.284e-05s
# mpi::synchronizeHalos: 1.94e-06s
# IAD: 0.00464222s
# mpi::synchronizeHalos: 1.579e-06s
# MomentumEnergyIAD: 0.00454361s
# Timestep: 1.505e-06s
# UpdateQuantities: 2.594e-06s
# UpdateSmoothingLength: 2.155e-06s
### Check ### Global Tree Nodes: 512, Particles: 27000, Halos: 0
### Check ### Computational domain: -0.5 0.5 -0.5 0.5 -0.5 0.5
### Check ### Total Neighbors: 2511000, Avg neighbor count per particle: 93
### Check ### Total time: 0.000486852, current time-step: 4.52593e-05
### Check ### Total energy: 1, (internal: 0.999178, kinetic: 0.000821639, gravitational: 0)
### Check ### Focus Tree Nodes: 512, maxDepth 3, maxStackNc 0, maxStackGravity 0
=== Total time for iteration(40) 0.0149468s

# domain::sync: 0.000948496s
# FindNeighbors: 1.1385e-05s
# Density: 0.00520705s
# EquationOfState: 1.329e-05s
# mpi::synchronizeHalos: 2.047e-06s
# IAD: 0.00460071s
# mpi::synchronizeHalos: 1.604e-06s
# MomentumEnergyIAD: 0.00478307s
# Timestep: 1.95e-06s
# UpdateQuantities: 3.298e-06s
# UpdateSmoothingLength: 2.325e-06s
### Check ### Global Tree Nodes: 512, Particles: 27000, Halos: 0
### Check ### Computational domain: -0.5 0.5 -0.5 0.5 -0.5 0.5
### Check ### Total Neighbors: 2511000, Avg neighbor count per particle: 93
### Check ### Total time: 0.000536637, current time-step: 4.97852e-05
### Check ### Total energy: 1, (internal: 0.999003, kinetic: 0.000996951, gravitational: 0)
### Check ### Focus Tree Nodes: 512, maxDepth 3, maxStackNc 0, maxStackGravity 0
=== Total time for iteration(41) 0.0155759s

# domain::sync: 0.000944519s
# FindNeighbors: 1.1071e-05s
# Density: 0.00480011s
# EquationOfState: 1.2109e-05s
# mpi::synchronizeHalos: 1.834e-06s
# IAD: 0.00473426s
# mpi::synchronizeHalos: 1.541e-06s
# MomentumEnergyIAD: 0.00486873s
# Timestep: 1.503e-06s
# UpdateQuantities: 2.593e-06s
# UpdateSmoothingLength: 2.338e-06s
### Check ### Global Tree Nodes: 512, Particles: 27000, Halos: 0
### Check ### Computational domain: -0.5 0.5 -0.5 0.5 -0.5 0.5
### Check ### Total Neighbors: 3321000, Avg neighbor count per particle: 123
### Check ### Total time: 0.000591401, current time-step: 5.47637e-05
### Check ### Total energy: 1, (internal: 0.998791, kinetic: 0.00120881, gravitational: 0)
### Check ### Focus Tree Nodes: 512, maxDepth 3, maxStackNc 0, maxStackGravity 0
=== Total time for iteration(42) 0.0153813s

# domain::sync: 0.000948399s
# FindNeighbors: 1.1231e-05s
# Density: 0.00458164s
# EquationOfState: 1.2907e-05s
# mpi::synchronizeHalos: 1.951e-06s
# IAD: 0.00451647s
# mpi::synchronizeHalos: 1.585e-06s
# MomentumEnergyIAD: 0.00502832s
# Timestep: 1.524e-06s
# UpdateQuantities: 2.552e-06s
# UpdateSmoothingLength: 2.396e-06s
### Check ### Global Tree Nodes: 512, Particles: 27000, Halos: 0
### Check ### Computational domain: -0.5 0.5 -0.5 0.5 -0.5 0.5
### Check ### Total Neighbors: 2511000, Avg neighbor count per particle: 93
### Check ### Total time: 0.000651641, current time-step: 6.02401e-05
### Check ### Total energy: 1, (internal: 0.998534, kinetic: 0.00146638, gravitational: 0)
### Check ### Focus Tree Nodes: 512, maxDepth 3, maxStackNc 0, maxStackGravity 0
=== Total time for iteration(43) 0.0151097s

# domain::sync: 0.000938248s
# FindNeighbors: 1.1322e-05s
# Density: 0.004538s
# EquationOfState: 1.2209e-05s
# mpi::synchronizeHalos: 1.786e-06s
# IAD: 0.00464867s
# mpi::synchronizeHalos: 2.005e-06s
# MomentumEnergyIAD: 0.00482079s
# Timestep: 1.565e-06s
# UpdateQuantities: 2.681e-06s
# UpdateSmoothingLength: 2.25e-06s
### Check ### Global Tree Nodes: 512, Particles: 27000, Halos: 0
### Check ### Computational domain: -0.5 0.5 -0.5 0.5 -0.5 0.5
### Check ### Total Neighbors: 2511000, Avg neighbor count per particle: 93
### Check ### Total time: 0.000717905, current time-step: 6.62641e-05
### Check ### Total energy: 1, (internal: 0.998223, kinetic: 0.00177683, gravitational: 0)
### Check ### Focus Tree Nodes: 512, maxDepth 3, maxStackNc 0, maxStackGravity 0
=== Total time for iteration(44) 0.0149802s

# domain::sync: 0.000947471s
# FindNeighbors: 1.1555e-05s
# Density: 0.00487732s
# EquationOfState: 1.2082e-05s
# mpi::synchronizeHalos: 1.798e-06s
# IAD: 0.00448167s
# mpi::synchronizeHalos: 1.56e-06s
# MomentumEnergyIAD: 0.00474527s
# Timestep: 1.511e-06s
# UpdateQuantities: 2.572e-06s
# UpdateSmoothingLength: 2.233e-06s
### Check ### Global Tree Nodes: 512, Particles: 27000, Halos: 0
### Check ### Computational domain: -0.5 0.5 -0.5 0.5 -0.5 0.5
### Check ### Total Neighbors: 2511912, Avg neighbor count per particle: 93
### Check ### Total time: 0.000790795, current time-step: 7.28905e-05
### Check ### Total energy: 1, (internal: 0.997848, kinetic: 0.00215144, gravitational: 0)
### Check ### Focus Tree Nodes: 512, maxDepth 3, maxStackNc 0, maxStackGravity 0
=== Total time for iteration(45) 0.0150857s

# domain::sync: 0.000946293s
# FindNeighbors: 1.1316e-05s
# Density: 0.00476159s
# EquationOfState: 1.2113e-05s
# mpi::synchronizeHalos: 1.776e-06s
# IAD: 0.00462813s
# mpi::synchronizeHalos: 2.157e-06s
# MomentumEnergyIAD: 0.0046733s
# Timestep: 1.618e-06s
# UpdateQuantities: 2.624e-06s
# UpdateSmoothingLength: 2.217e-06s
### Check ### Global Tree Nodes: 512, Particles: 27000, Halos: 0
### Check ### Computational domain: -0.5 0.5 -0.5 0.5 -0.5 0.5
### Check ### Total Neighbors: 3320208, Avg neighbor count per particle: 122
### Check ### Total time: 0.000870975, current time-step: 8.01795e-05
### Check ### Total energy: 1, (internal: 0.997397, kinetic: 0.00260316, gravitational: 0)
### Check ### Focus Tree Nodes: 512, maxDepth 3, maxStackNc 0, maxStackGravity 0
=== Total time for iteration(46) 0.0150438s

# domain::sync: 0.00093474s
# FindNeighbors: 1.1127e-05s
# Density: 0.00466952s
# EquationOfState: 1.2306e-05s
# mpi::synchronizeHalos: 1.781e-06s
# IAD: 0.00472534s
# mpi::synchronizeHalos: 2.135e-06s
# MomentumEnergyIAD: 0.00466439s
# Timestep: 2.168e-06s
# UpdateQuantities: 3.411e-06s
# UpdateSmoothingLength: 2.376e-06s
### Check ### Global Tree Nodes: 512, Particles: 27000, Halos: 0
### Check ### Computational domain: -0.5 0.5 -0.5 0.5 -0.5 0.5
### Check ### Total Neighbors: 2511000, Avg neighbor count per particle: 93
### Check ### Total time: 0.000959172, current time-step: 8.81975e-05
### Check ### Total energy: 1, (internal: 0.996849, kinetic: 0.00315074, gravitational: 0)
### Check ### Focus Tree Nodes: 512, maxDepth 3, maxStackNc 0, maxStackGravity 0
=== Total time for iteration(47) 0.01503s

# domain::sync: 0.000953147s
# FindNeighbors: 1.1123e-05s
# Density: 0.00492203s
# EquationOfState: 1.1859e-05s
# mpi::synchronizeHalos: 1.742e-06s
# IAD: 0.004367s
# mpi::synchronizeHalos: 1.607e-06s
# MomentumEnergyIAD: 0.0048017s
# Timestep: 1.547e-06s
# UpdateQuantities: 2.579e-06s
# UpdateSmoothingLength: 2.374e-06s
### Check ### Global Tree Nodes: 512, Particles: 27000, Halos: 0
### Check ### Computational domain: -0.5 0.5 -0.5 0.5 -0.5 0.5
### Check ### Total Neighbors: 2511192, Avg neighbor count per particle: 93
### Check ### Total time: 0.00105619, current time-step: 9.70172e-05
### Check ### Total energy: 1, (internal: 0.996191, kinetic: 0.00380882, gravitational: 0)
### Check ### Focus Tree Nodes: 512, maxDepth 3, maxStackNc 0, maxStackGravity 0
=== Total time for iteration(48) 0.0150774s

# domain::sync: 0.000947787s
# FindNeighbors: 1.1165e-05s
# Density: 0.00475973s
# EquationOfState: 1.2023e-05s
# mpi::synchronizeHalos: 1.722e-06s
# IAD: 0.00455995s
# mpi::synchronizeHalos: 1.522e-06s
# MomentumEnergyIAD: 0.00491126s
# Timestep: 1.992e-06s
# UpdateQuantities: 3.136e-06s
# UpdateSmoothingLength: 2.408e-06s
### Check ### Global Tree Nodes: 512, Particles: 27000, Halos: 0
### Check ### Computational domain: -0.5 0.5 -0.5 0.5 -0.5 0.5
### Check ### Total Neighbors: 2527464, Avg neighbor count per particle: 93
### Check ### Total time: 0.00116291, current time-step: 0.000106719
### Check ### Total energy: 1, (internal: 0.995399, kinetic: 0.00460022, gravitational: 0)
### Check ### Focus Tree Nodes: 512, maxDepth 3, maxStackNc 0, maxStackGravity 0
=== Total time for iteration(49) 0.0152134s

# domain::sync: 0.000950468s
# FindNeighbors: 1.1203e-05s
# Density: 0.00464642s
# EquationOfState: 1.1726e-05s
# mpi::synchronizeHalos: 1.749e-06s
# IAD: 0.00450725s
# mpi::synchronizeHalos: 1.564e-06s
# MomentumEnergyIAD: 0.00492502s
# Timestep: 2.133e-06s
# UpdateQuantities: 3.122e-06s
# UpdateSmoothingLength: 2.364e-06s
### Check ### Global Tree Nodes: 512, Particles: 27000, Halos: 0
### Check ### Computational domain: -0.5 0.5 -0.5 0.5 -0.5 0.5
### Check ### Total Neighbors: 3299256, Avg neighbor count per particle: 122
### Check ### Total time: 0.0012803, current time-step: 0.000117391
### Check ### Total energy: 1, (internal: 0.994448, kinetic: 0.00555167, gravitational: 0)
### Check ### Focus Tree Nodes: 512, maxDepth 3, maxStackNc 0, maxStackGravity 0
=== Total time for iteration(50) 0.0150637s

# domain::sync: 0.000942482s
# FindNeighbors: 1.1074e-05s
# Density: 0.00464867s
# EquationOfState: 1.2006e-05s
# mpi::synchronizeHalos: 1.83e-06s
# IAD: 0.0047948s
# mpi::synchronizeHalos: 1.583e-06s
# MomentumEnergyIAD: 0.00491197s
# Timestep: 1.606e-06s
# UpdateQuantities: 2.518e-06s
# UpdateSmoothingLength: 2.346e-06s
### Check ### Global Tree Nodes: 512, Particles: 27000, Halos: 0
### Check ### Computational domain: -0.5 0.5 -0.5 0.5 -0.5 0.5
### Check ### Total Neighbors: 2525160, Avg neighbor count per particle: 93
### Check ### Total time: 0.00140943, current time-step: 0.00012913
### Check ### Total energy: 0.999999, (internal: 0.993304, kinetic: 0.00669568, gravitational: 0)
### Check ### Focus Tree Nodes: 512, maxDepth 3, maxStackNc 0, maxStackGravity 0
=== Total time for iteration(51) 0.0153315s

# domain::sync: 0.000932364s
# FindNeighbors: 1.1445e-05s
# Density: 0.00506512s
# EquationOfState: 1.4e-05s
# mpi::synchronizeHalos: 2.096e-06s
# IAD: 0.00499972s
# mpi::synchronizeHalos: 1.592e-06s
# MomentumEnergyIAD: 0.00508692s
# Timestep: 1.579e-06s
# UpdateQuantities: 2.621e-06s
# UpdateSmoothingLength: 2.212e-06s
### Check ### Global Tree Nodes: 512, Particles: 27000, Halos: 0
### Check ### Computational domain: -0.5 0.5 -0.5 0.5 -0.5 0.5
### Check ### Total Neighbors: 2515296, Avg neighbor count per particle: 93
### Check ### Total time: 0.00155147, current time-step: 0.000142043
### Check ### Total energy: 0.999999, (internal: 0.991934, kinetic: 0.00806519, gravitational: 0)
### Check ### Focus Tree Nodes: 512, maxDepth 3, maxStackNc 0, maxStackGravity 0
=== Total time for iteration(52) 0.0161203s

# domain::sync: 0.000940663s
# FindNeighbors: 1.1567e-05s
# Density: 0.00464685s
# EquationOfState: 1.2014e-05s
# mpi::synchronizeHalos: 1.829e-06s
# IAD: 0.0051287s
# mpi::synchronizeHalos: 1.615e-06s
# MomentumEnergyIAD: 0.0049857s
# Timestep: 1.55e-06s
# UpdateQuantities: 2.601e-06s
# UpdateSmoothingLength: 2.375e-06s
### Check ### Global Tree Nodes: 512, Particles: 27000, Halos: 0
### Check ### Computational domain: -0.5 0.5 -0.5 0.5 -0.5 0.5
### Check ### Total Neighbors: 3216552, Avg neighbor count per particle: 119
### Check ### Total time: 0.00170772, current time-step: 0.000156247
### Check ### Total energy: 0.999999, (internal: 0.990295, kinetic: 0.00970409, gravitational: 0)
### Check ### Focus Tree Nodes: 512, maxDepth 3, maxStackNc 0, maxStackGravity 0
=== Total time for iteration(53) 0.0157362s

# domain::sync: 0.000934999s
# FindNeighbors: 1.1363e-05s
# Density: 0.00496228s
# EquationOfState: 1.3074e-05s
# mpi::synchronizeHalos: 1.936e-06s
# IAD: 0.00458215s
# mpi::synchronizeHalos: 1.548e-06s
# MomentumEnergyIAD: 0.00488398s
# Timestep: 1.545e-06s
# UpdateQuantities: 2.562e-06s
# UpdateSmoothingLength: 2.385e-06s
### Check ### Global Tree Nodes: 512, Particles: 27000, Halos: 0
### Check ### Computational domain: -0.5 0.5 -0.5 0.5 -0.5 0.5
### Check ### Total Neighbors: 2602584, Avg neighbor count per particle: 96
### Check ### Total time: 0.00187959, current time-step: 0.000171872
### Check ### Total energy: 0.999999, (internal: 0.988337, kinetic: 0.0116612, gravitational: 0)
### Check ### Focus Tree Nodes: 512, maxDepth 3, maxStackNc 0, maxStackGravity 0
=== Total time for iteration(54) 0.0153985s

# domain::sync: 0.000930973s
# FindNeighbors: 1.1396e-05s
# Density: 0.00498951s
# EquationOfState: 1.1884e-05s
# mpi::synchronizeHalos: 1.827e-06s
# IAD: 0.00463334s
# mpi::synchronizeHalos: 1.528e-06s
# MomentumEnergyIAD: 0.00515594s
# Timestep: 1.594e-06s
# UpdateQuantities: 2.576e-06s
# UpdateSmoothingLength: 2.165e-06s
### Check ### Global Tree Nodes: 512, Particles: 27000, Halos: 0
### Check ### Computational domain: -0.5 0.5 -0.5 0.5 -0.5 0.5
### Check ### Total Neighbors: 2519856, Avg neighbor count per particle: 93
### Check ### Total time: 0.00206865, current time-step: 0.000189059
### Check ### Total energy: 0.999998, (internal: 0.986008, kinetic: 0.0139898, gravitational: 0)
### Check ### Focus Tree Nodes: 512, maxDepth 3, maxStackNc 0, maxStackGravity 0
=== Total time for iteration(55) 0.0157434s

# domain::sync: 0.000937623s
# FindNeighbors: 1.1307e-05s
# Density: 0.0047543s
# EquationOfState: 1.3075e-05s
# mpi::synchronizeHalos: 1.974e-06s
# IAD: 0.0046537s
# mpi::synchronizeHalos: 1.6e-06s
# MomentumEnergyIAD: 0.00477173s
# Timestep: 1.502e-06s
# UpdateQuantities: 2.594e-06s
# UpdateSmoothingLength: 2.178e-06s
### Check ### Global Tree Nodes: 512, Particles: 27000, Halos: 0
### Check ### Computational domain: -0.5 0.5 -0.5 0.5 -0.5 0.5
### Check ### Total Neighbors: 2517960, Avg neighbor count per particle: 93
### Check ### Total time: 0.00227662, current time-step: 0.000207965
### Check ### Total energy: 0.999997, (internal: 0.983243, kinetic: 0.0167546, gravitational: 0)
### Check ### Focus Tree Nodes: 512, maxDepth 3, maxStackNc 0, maxStackGravity 0
=== Total time for iteration(56) 0.0151523s

# domain::sync: 0.000944263s
# FindNeighbors: 1.1099e-05s
# Density: 0.00483556s
# EquationOfState: 1.3145e-05s
# mpi::synchronizeHalos: 1.994e-06s
# IAD: 0.00451195s
# mpi::synchronizeHalos: 1.619e-06s
# MomentumEnergyIAD: 0.00486273s
# Timestep: 1.613e-06s
# UpdateQuantities: 2.613e-06s
# UpdateSmoothingLength: 2.254e-06s
### Check ### Global Tree Nodes: 512, Particles: 27000, Halos: 0
### Check ### Computational domain: -0.5 0.5 -0.5 0.5 -0.5 0.5
### Check ### Total Neighbors: 3221256, Avg neighbor count per particle: 119
### Check ### Total time: 0.00250538, current time-step: 0.000228762
### Check ### Total energy: 0.999997, (internal: 0.979974, kinetic: 0.0200223, gravitational: 0)
### Check ### Focus Tree Nodes: 512, maxDepth 3, maxStackNc 0, maxStackGravity 0
=== Total time for iteration(57) 0.0151895s

# domain::sync: 0.000940161s
# FindNeighbors: 1.1385e-05s
# Density: 0.00478263s
# EquationOfState: 1.1961e-05s
# mpi::synchronizeHalos: 1.817e-06s
# IAD: 0.00476092s
# mpi::synchronizeHalos: 1.556e-06s
# MomentumEnergyIAD: 0.00480196s
# Timestep: 1.546e-06s
# UpdateQuantities: 2.54e-06s
# UpdateSmoothingLength: 2.374e-06s
### Check ### Global Tree Nodes: 512, Particles: 27000, Halos: 0
### Check ### Computational domain: -0.5 0.5 -0.5 0.5 -0.5 0.5
### Check ### Total Neighbors: 2593296, Avg neighbor count per particle: 96
### Check ### Total time: 0.00275701, current time-step: 0.000251638
### Check ### Total energy: 0.999996, (internal: 0.976125, kinetic: 0.0238711, gravitational: 0)
### Check ### Focus Tree Nodes: 512, maxDepth 3, maxStackNc 0, maxStackGravity 0
=== Total time for iteration(58) 0.0153195s

# domain::sync: 0.000932878s
# FindNeighbors: 1.1108e-05s
# Density: 0.00500377s
# EquationOfState: 1.2054e-05s
# mpi::synchronizeHalos: 1.79e-06s
# IAD: 0.00486103s
# mpi::synchronizeHalos: 2.105e-06s
# MomentumEnergyIAD: 0.00478835s
# Timestep: 1.554e-06s
# UpdateQuantities: 2.549e-06s
# UpdateSmoothingLength: 2.374e-06s
### Check ### Global Tree Nodes: 512, Particles: 27000, Halos: 0
### Check ### Computational domain: -0.5 0.5 -0.5 0.5 -0.5 0.5
### Check ### Total Neighbors: 2521776, Avg neighbor count per particle: 93
### Check ### Total time: 0.00303382, current time-step: 0.000276801
### Check ### Total energy: 0.999995, (internal: 0.971615, kinetic: 0.0283794, gravitational: 0)
### Check ### Focus Tree Nodes: 512, maxDepth 3, maxStackNc 0, maxStackGravity 0
=== Total time for iteration(59) 0.0156203s

# domain::sync: 0.000935467s
# FindNeighbors: 1.1576e-05s
# Density: 0.0047345s
# EquationOfState: 1.2026e-05s
# mpi::synchronizeHalos: 1.814e-06s
# IAD: 0.00455115s
# mpi::synchronizeHalos: 2.077e-06s
# MomentumEnergyIAD: 0.00470242s
# Timestep: 1.625e-06s
# UpdateQuantities: 2.536e-06s
# UpdateSmoothingLength: 2.354e-06s
### Check ### Global Tree Nodes: 512, Particles: 27000, Halos: 0
### Check ### Computational domain: -0.5 0.5 -0.5 0.5 -0.5 0.5
### Check ### Total Neighbors: 2519112, Avg neighbor count per particle: 93
### Check ### Total time: 0.0033383, current time-step: 0.000304482
### Check ### Total energy: 0.999994, (internal: 0.966362, kinetic: 0.033632, gravitational: 0)
### Check ### Focus Tree Nodes: 512, maxDepth 3, maxStackNc 0, maxStackGravity 0
=== Total time for iteration(60) 0.0149582s

# domain::sync: 0.000935823s
# FindNeighbors: 1.1497e-05s
# Density: 0.00489928s
# EquationOfState: 1.1852e-05s
# mpi::synchronizeHalos: 1.765e-06s
# IAD: 0.00492003s
# mpi::synchronizeHalos: 1.537e-06s
# MomentumEnergyIAD: 0.00495389s
# Timestep: 1.573e-06s
# UpdateQuantities: 2.7e-06s
# UpdateSmoothingLength: 2.352e-06s
### Check ### Global Tree Nodes: 512, Particles: 27000, Halos: 0
### Check ### Computational domain: -0.5 0.5 -0.5 0.5 -0.5 0.5
### Check ### Total Neighbors: 3230688, Avg neighbor count per particle: 119
### Check ### Total time: 0.00367323, current time-step: 0.00033493
### Check ### Total energy: 0.999994, (internal: 0.960281, kinetic: 0.0397128, gravitational: 0)
### Check ### Focus Tree Nodes: 512, maxDepth 3, maxStackNc 0, maxStackGravity 0
=== Total time for iteration(61) 0.015743s

# domain::sync: 0.000944164s
# FindNeighbors: 1.1806e-05s
# Density: 0.00478407s
# EquationOfState: 1.2022e-05s
# mpi::synchronizeHalos: 1.819e-06s
# IAD: 0.00470831s
# mpi::synchronizeHalos: 1.534e-06s
# MomentumEnergyIAD: 0.0050242s
# Timestep: 2.032e-06s
# UpdateQuantities: 3.226e-06s
# UpdateSmoothingLength: 2.501e-06s
### Check ### Global Tree Nodes: 512, Particles: 27000, Halos: 0
### Check ### Computational domain: -0.5 0.5 -0.5 0.5 -0.5 0.5
### Check ### Total Neighbors: 2574360, Avg neighbor count per particle: 95
### Check ### Total time: 0.00404165, current time-step: 0.000368423
### Check ### Total energy: 0.999995, (internal: 0.953298, kinetic: 0.0466975, gravitational: 0)
### Check ### Focus Tree Nodes: 512, maxDepth 3, maxStackNc 0, maxStackGravity 0
=== Total time for iteration(62) 0.0154963s

# domain::sync: 0.000949724s
# FindNeighbors: 1.1023e-05s
# Density: 0.00468341s
# EquationOfState: 1.193e-05s
# mpi::synchronizeHalos: 1.811e-06s
# IAD: 0.00445614s
# mpi::synchronizeHalos: 1.56e-06s
# MomentumEnergyIAD: 0.00441203s
# Timestep: 1.995e-06s
# UpdateQuantities: 3.159e-06s
# UpdateSmoothingLength: 2.239e-06s
### Check ### Global Tree Nodes: 512, Particles: 27000, Halos: 0
### Check ### Computational domain: -0.5 0.5 -0.5 0.5 -0.5 0.5
### Check ### Total Neighbors: 2528520, Avg neighbor count per particle: 93
### Check ### Total time: 0.00444692, current time-step: 0.000405265
### Check ### Total energy: 0.999999, (internal: 0.945344, kinetic: 0.0546548, gravitational: 0)
### Check ### Focus Tree Nodes: 512, maxDepth 3, maxStackNc 0, maxStackGravity 0
=== Total time for iteration(63) 0.0145357s

# domain::sync: 0.000949706s
# FindNeighbors: 1.1298e-05s
# Density: 0.00475093s
# EquationOfState: 1.2064e-05s
# mpi::synchronizeHalos: 1.806e-06s
# IAD: 0.00496509s
# mpi::synchronizeHalos: 1.585e-06s
# MomentumEnergyIAD: 0.00494463s
# Timestep: 2.129e-06s
# UpdateQuantities: 3.331e-06s
# UpdateSmoothingLength: 2.205e-06s
### Check ### Global Tree Nodes: 512, Particles: 27000, Halos: 0
### Check ### Computational domain: -0.5 0.5 -0.5 0.5 -0.5 0.5
### Check ### Total Neighbors: 2526648, Avg neighbor count per particle: 93
### Check ### Total time: 0.00489271, current time-step: 0.000445792
### Check ### Total energy: 1.00001, (internal: 0.936367, kinetic: 0.0636404, gravitational: 0)
### Check ### Focus Tree Nodes: 512, maxDepth 3, maxStackNc 0, maxStackGravity 0
=== Total time for iteration(64) 0.0156454s

# domain::sync: 0.000953578s
# FindNeighbors: 1.1569e-05s
# Density: 0.00481348s
# EquationOfState: 1.1902e-05s
# mpi::synchronizeHalos: 1.781e-06s
# IAD: 0.0045623s
# mpi::synchronizeHalos: 1.578e-06s
# MomentumEnergyIAD: 0.00506599s
# Timestep: 2.097e-06s
# UpdateQuantities: 3.149e-06s
# UpdateSmoothingLength: 2.44e-06s
### Check ### Global Tree Nodes: 512, Particles: 27000, Halos: 0
### Check ### Computational domain: -0.5 0.5 -0.5 0.5 -0.5 0.5
### Check ### Total Neighbors: 3231936, Avg neighbor count per particle: 119
### Check ### Total time: 0.00538308, current time-step: 0.000490371
### Check ### Total energy: 1.00002, (internal: 0.926336, kinetic: 0.0736853, gravitational: 0)
### Check ### Focus Tree Nodes: 512, maxDepth 3, maxStackNc 0, maxStackGravity 0
=== Total time for iteration(65) 0.0154305s

# domain::sync: 0.000944952s
# FindNeighbors: 1.1502e-05s
# Density: 0.0049236s
# EquationOfState: 1.2192e-05s
# mpi::synchronizeHalos: 1.837e-06s
# IAD: 0.00439942s
# mpi::synchronizeHalos: 1.531e-06s
# MomentumEnergyIAD: 0.00470788s
# Timestep: 1.489e-06s
# UpdateQuantities: 2.488e-06s
# UpdateSmoothingLength: 2.169e-06s
### Check ### Global Tree Nodes: 512, Particles: 27000, Halos: 0
### Check ### Computational domain: -0.5 0.5 -0.5 0.5 -0.5 0.5
### Check ### Total Neighbors: 2556024, Avg neighbor count per particle: 94
### Check ### Total time: 0.00592249, current time-step: 0.000539408
### Check ### Total energy: 1.00004, (internal: 0.915246, kinetic: 0.0847985, gravitational: 0)
### Check ### Focus Tree Nodes: 512, maxDepth 3, maxStackNc 0, maxStackGravity 0
=== Total time for iteration(66) 0.0150097s

# domain::sync: 0.000951893s
# FindNeighbors: 1.4163e-05s
# Density: 0.00487787s
# EquationOfState: 1.2851e-05s
# mpi::synchronizeHalos: 1.925e-06s
# IAD: 0.00451695s
# mpi::synchronizeHalos: 1.586e-06s
# MomentumEnergyIAD: 0.00458271s
# Timestep: 1.53e-06s
# UpdateQuantities: 2.523e-06s
# UpdateSmoothingLength: 2.364e-06s
### Check ### Global Tree Nodes: 512, Particles: 27000, Halos: 0
### Check ### Computational domain: -0.5 0.5 -0.5 0.5 -0.5 0.5
### Check ### Total Neighbors: 2541408, Avg neighbor count per particle: 94
### Check ### Total time: 0.00651583, current time-step: 0.000593349
### Check ### Total energy: 1.00008, (internal: 0.903136, kinetic: 0.0969459, gravitational: 0)
### Check ### Focus Tree Nodes: 512, maxDepth 3, maxStackNc 0, maxStackGravity 0
=== Total time for iteration(67) 0.014967s

# domain::sync: 0.000954258s
# FindNeighbors: 1.1235e-05s
# Density: 0.00500936s
# EquationOfState: 1.1998e-05s
# mpi::synchronizeHalos: 1.75e-06s
# IAD: 0.00483651s
# mpi::synchronizeHalos: 1.561e-06s
# MomentumEnergyIAD: 0.00453714s
# Timestep: 1.566e-06s
# UpdateQuantities: 2.576e-06s
# UpdateSmoothingLength: 2.309e-06s
### Check ### Global Tree Nodes: 512, Particles: 27000, Halos: 0
### Check ### Computational domain: -0.5 0.5 -0.5 0.5 -0.5 0.5
### Check ### Total Neighbors: 2537664, Avg neighbor count per particle: 93
### Check ### Total time: 0.00710794, current time-step: 0.000592103
### Check ### Total energy: 1.00002, (internal: 0.891282, kinetic: 0.108742, gravitational: 0)
### Check ### Focus Tree Nodes: 512, maxDepth 3, maxStackNc 0, maxStackGravity 0
=== Total time for iteration(68) 0.015371s

# domain::sync: 0.000940186s
# FindNeighbors: 1.1076e-05s
# Density: 0.00498055s
# EquationOfState: 1.3066e-05s
# mpi::synchronizeHalos: 1.883e-06s
# IAD: 0.00477189s
# mpi::synchronizeHalos: 1.551e-06s
# MomentumEnergyIAD: 0.0051738s
# Timestep: 1.582e-06s
# UpdateQuantities: 2.71e-06s
# UpdateSmoothingLength: 2.209e-06s
### Check ### Global Tree Nodes: 512, Particles: 27000, Halos: 0
### Check ### Computational domain: -0.5 0.5 -0.5 0.5 -0.5 0.5
### Check ### Total Neighbors: 3232104, Avg neighbor count per particle: 119
### Check ### Total time: 0.00769595, current time-step: 0.000588008
### Check ### Total energy: 0.999974, (internal: 0.879849, kinetic: 0.120125, gravitational: 0)
### Check ### Focus Tree Nodes: 512, maxDepth 3, maxStackNc 0, maxStackGravity 0
=== Total time for iteration(69) 0.0159012s

# domain::sync: 0.00093489s
# FindNeighbors: 1.1119e-05s
# Density: 0.0048262s
# EquationOfState: 1.3264e-05s
# mpi::synchronizeHalos: 1.897e-06s
# IAD: 0.00443423s
# mpi::synchronizeHalos: 1.51e-06s
# MomentumEnergyIAD: 0.00469937s
# Timestep: 1.474e-06s
# UpdateQuantities: 2.563e-06s
# UpdateSmoothingLength: 2.191e-06s
### Check ### Global Tree Nodes: 512, Particles: 27000, Halos: 0
### Check ### Computational domain: -0.5 0.5 -0.5 0.5 -0.5 0.5
### Check ### Total Neighbors: 2541320, Avg neighbor count per particle: 94
### Check ### Total time: 0.00828633, current time-step: 0.00059038
### Check ### Total energy: 0.999947, (internal: 0.868772, kinetic: 0.131175, gravitational: 0)
### Check ### Focus Tree Nodes: 512, maxDepth 3, maxStackNc 0, maxStackGravity 0
=== Total time for iteration(70) 0.0149294s

# domain::sync: 0.000934577s
# FindNeighbors: 1.1071e-05s
# Density: 0.00466854s
# EquationOfState: 1.2087e-05s
# mpi::synchronizeHalos: 1.766e-06s
# IAD: 0.00473735s
# mpi::synchronizeHalos: 1.573e-06s
# MomentumEnergyIAD: 0.00460237s
# Timestep: 1.511e-06s
# UpdateQuantities: 2.535e-06s
# UpdateSmoothingLength: 2.149e-06s
### Check ### Global Tree Nodes: 512, Particles: 27000, Halos: 0
### Check ### Computational domain: -0.5 0.5 -0.5 0.5 -0.5 0.5
### Check ### Total Neighbors: 2545240, Avg neighbor count per particle: 94
### Check ### Total time: 0.00888076, current time-step: 0.000594435
### Check ### Total energy: 0.999931, (internal: 0.858083, kinetic: 0.141848, gravitational: 0)
### Check ### Focus Tree Nodes: 512, maxDepth 3, maxStackNc 0, maxStackGravity 0
=== Total time for iteration(71) 0.0149762s

# domain::sync: 0.000932075s
# FindNeighbors: 1.0864e-05s
# Density: 0.00455568s
# EquationOfState: 1.2052e-05s
# mpi::synchronizeHalos: 1.739e-06s
# IAD: 0.00464265s
# mpi::synchronizeHalos: 2.11e-06s
# MomentumEnergyIAD: 0.0049337s
# Timestep: 1.565e-06s
# UpdateQuantities: 2.658e-06s
# UpdateSmoothingLength: 2.148e-06s
### Check ### Global Tree Nodes: 512, Particles: 27000, Halos: 0
### Check ### Computational domain: -0.5 0.5 -0.5 0.5 -0.5 0.5
### Check ### Total Neighbors: 2546368, Avg neighbor count per particle: 94
### Check ### Total time: 0.00947644, current time-step: 0.000595676
### Check ### Total energy: 0.999916, (internal: 0.847887, kinetic: 0.152028, gravitational: 0)
### Check ### Focus Tree Nodes: 512, maxDepth 3, maxStackNc 0, maxStackGravity 0
=== Total time for iteration(72) 0.0150979s

# domain::sync: 0.000958173s
# FindNeighbors: 1.1247e-05s
# Density: 0.00470283s
# EquationOfState: 1.1892e-05s
# mpi::synchronizeHalos: 1.7e-06s
# IAD: 0.00453139s
# mpi::synchronizeHalos: 2.146e-06s
# MomentumEnergyIAD: 0.00491459s
# Timestep: 1.588e-06s
# UpdateQuantities: 2.498e-06s
# UpdateSmoothingLength: 2.381e-06s
### Check ### Global Tree Nodes: 512, Particles: 27000, Halos: 0
### Check ### Computational domain: -0.5 0.5 -0.5 0.5 -0.5 0.5
### Check ### Total Neighbors: 3227232, Avg neighbor count per particle: 119
### Check ### Total time: 0.0100683, current time-step: 0.000591859
### Check ### Total energy: 0.999895, (internal: 0.838285, kinetic: 0.16161, gravitational: 0)
### Check ### Focus Tree Nodes: 512, maxDepth 3, maxStackNc 0, maxStackGravity 0
=== Total time for iteration(73) 0.0151411s

# domain::sync: 0.000939565s
# FindNeighbors: 1.1591e-05s
# Density: 0.00484603s
# EquationOfState: 1.2047e-05s
# mpi::synchronizeHalos: 1.881e-06s
# IAD: 0.00458707s
# mpi::synchronizeHalos: 2.207e-06s
# MomentumEnergyIAD: 0.00483903s
# Timestep: 1.617e-06s
# UpdateQuantities: 2.647e-06s
# UpdateSmoothingLength: 2.362e-06s
### Check ### Global Tree Nodes: 512, Particles: 27000, Halos: 0
### Check ### Computational domain: -0.5 0.5 -0.5 0.5 -0.5 0.5
### Check ### Total Neighbors: 2545736, Avg neighbor count per particle: 94
### Check ### Total time: 0.0106557, current time-step: 0.000587372
### Check ### Total energy: 0.999877, (internal: 0.829289, kinetic: 0.170589, gravitational: 0)
### Check ### Focus Tree Nodes: 512, maxDepth 3, maxStackNc 0, maxStackGravity 0
=== Total time for iteration(74) 0.0152467s

# domain::sync: 0.000938944s
# FindNeighbors: 1.118e-05s
# Density: 0.00476312s
# EquationOfState: 1.2206e-05s
# mpi::synchronizeHalos: 1.781e-06s
# IAD: 0.00468852s
# mpi::synchronizeHalos: 1.817e-06s
# MomentumEnergyIAD: 0.00489628s
# Timestep: 1.971e-06s
# UpdateQuantities: 3.213e-06s
# UpdateSmoothingLength: 2.255e-06s
### Check ### Global Tree Nodes: 512, Particles: 27000, Halos: 0
### Check ### Computational domain: -0.5 0.5 -0.5 0.5 -0.5 0.5
### Check ### Total Neighbors: 2542592, Avg neighbor count per particle: 94
### Check ### Total time: 0.0112472, current time-step: 0.000591497
### Check ### Total energy: 0.999882, (internal: 0.820765, kinetic: 0.179116, gravitational: 0)
### Check ### Focus Tree Nodes: 512, maxDepth 3, maxStackNc 0, maxStackGravity 0
=== Total time for iteration(75) 0.0153219s

# domain::sync: 0.000938154s
# FindNeighbors: 1.1204e-05s
# Density: 0.00490063s
# EquationOfState: 1.2111e-05s
# mpi::synchronizeHalos: 1.76e-06s
# IAD: 0.00462628s
# mpi::synchronizeHalos: 1.535e-06s
# MomentumEnergyIAD: 0.00498059s
# Timestep: 1.976e-06s
# UpdateQuantities: 3.203e-06s
# UpdateSmoothingLength: 2.27e-06s
### Check ### Global Tree Nodes: 512, Particles: 27000, Halos: 0
### Check ### Computational domain: -0.5 0.5 -0.5 0.5 -0.5 0.5
### Check ### Total Neighbors: 3167984, Avg neighbor count per particle: 117
### Check ### Total time: 0.0118423, current time-step: 0.000595162
### Check ### Total energy: 0.999888, (internal: 0.812718, kinetic: 0.187169, gravitational: 0)
### Check ### Focus Tree Nodes: 512, maxDepth 3, maxStackNc 0, maxStackGravity 0
=== Total time for iteration(76) 0.0154804s

# domain::sync: 0.000935601s
# FindNeighbors: 1.1151e-05s
# Density: 0.00452011s
# EquationOfState: 1.2195e-05s
# mpi::synchronizeHalos: 1.737e-06s
# IAD: 0.00499543s
# mpi::synchronizeHalos: 1.537e-06s
# MomentumEnergyIAD: 0.0045947s
# Timestep: 1.583e-06s
# UpdateQuantities: 2.522e-06s
# UpdateSmoothingLength: 2.211e-06s
### Check ### Global Tree Nodes: 512, Particles: 27000, Halos: 0
### Check ### Computational domain: -0.5 0.5 -0.5 0.5 -0.5 0.5
### Check ### Total Neighbors: 2600288, Avg neighbor count per particle: 96
### Check ### Total time: 0.0124441, current time-step: 0.000601798
### Check ### Total energy: 0.999902, (internal: 0.805105, kinetic: 0.194798, gravitational: 0)
### Check ### Focus Tree Nodes: 512, maxDepth 3, maxStackNc 0, maxStackGravity 0
=== Total time for iteration(77) 0.0150794s

# domain::sync: 0.000937737s
# FindNeighbors: 1.1057e-05s
# Density: 0.00475077s
# EquationOfState: 1.2298e-05s
# mpi::synchronizeHalos: 1.835e-06s
# IAD: 0.00461759s
# mpi::synchronizeHalos: 1.65e-06s
# MomentumEnergyIAD: 0.00495036s
# Timestep: 1.539e-06s
# UpdateQuantities: 2.655e-06s
# UpdateSmoothingLength: 2.185e-06s
### Check ### Global Tree Nodes: 512, Particles: 27000, Halos: 0
### Check ### Computational domain: -0.5 0.5 -0.5 0.5 -0.5 0.5
### Check ### Total Neighbors: 2554592, Avg neighbor count per particle: 94
### Check ### Total time: 0.0130494, current time-step: 0.000605273
### Check ### Total energy: 0.999912, (internal: 0.797973, kinetic: 0.201939, gravitational: 0)
### Check ### Focus Tree Nodes: 512, maxDepth 3, maxStackNc 0, maxStackGravity 0
=== Total time for iteration(78) 0.0152903s

# domain::sync: 0.000953227s
# FindNeighbors: 1.1212e-05s
# Density: 0.00479429s
# EquationOfState: 1.1951e-05s
# mpi::synchronizeHalos: 1.8e-06s
# IAD: 0.00482201s
# mpi::synchronizeHalos: 1.458e-06s
# MomentumEnergyIAD: 0.00488819s
# Timestep: 1.651e-06s
# UpdateQuantities: 2.533e-06s
# UpdateSmoothingLength: 2.199e-06s
### Check ### Global Tree Nodes: 512, Particles: 27000, Halos: 0
### Check ### Computational domain: -0.5 0.5 -0.5 0.5 -0.5 0.5
### Check ### Total Neighbors: 2553584, Avg neighbor count per particle: 94
### Check ### Total time: 0.0136511, current time-step: 0.000601659
### Check ### Total energy: 0.999909, (internal: 0.791385, kinetic: 0.208523, gravitational: 0)
### Check ### Focus Tree Nodes: 512, maxDepth 3, maxStackNc 0, maxStackGravity 0
=== Total time for iteration(79) 0.0154912s

# domain::sync: 0.000935498s
# FindNeighbors: 1.1475e-05s
# Density: 0.00464607s
# EquationOfState: 1.4037e-05s
# mpi::synchronizeHalos: 2.09e-06s
# IAD: 0.00495387s
# mpi::synchronizeHalos: 1.538e-06s
# MomentumEnergyIAD: 0.00490192s
# Timestep: 1.659e-06s
# UpdateQuantities: 2.728e-06s
# UpdateSmoothingLength: 2.217e-06s
### Check ### Global Tree Nodes: 512, Particles: 27000, Halos: 0
### Check ### Computational domain: -0.5 0.5 -0.5 0.5 -0.5 0.5
### Check ### Total Neighbors: 3172616, Avg neighbor count per particle: 117
### Check ### Total time: 0.0142523, current time-step: 0.000601229
### Check ### Total energy: 0.999911, (internal: 0.785286, kinetic: 0.214624, gravitational: 0)
### Check ### Focus Tree Nodes: 512, maxDepth 3, maxStackNc 0, maxStackGravity 0
=== Total time for iteration(80) 0.0154738s

# domain::sync: 0.000950867s
# FindNeighbors: 1.1269e-05s
# Density: 0.00468808s
# EquationOfState: 1.2997e-05s
# mpi::synchronizeHalos: 1.776e-06s
# IAD: 0.0044241s
# mpi::synchronizeHalos: 1.576e-06s
# MomentumEnergyIAD: 0.00460597s
# Timestep: 1.499e-06s
# UpdateQuantities: 2.705e-06s
# UpdateSmoothingLength: 2.379e-06s
### Check ### Global Tree Nodes: 512, Particles: 27000, Halos: 0
### Check ### Computational domain: -0.5 0.5 -0.5 0.5 -0.5 0.5
### Check ### Total Neighbors: 2591888, Avg neighbor count per particle: 95
### Check ### Total time: 0.0148541, current time-step: 0.000601844
### Check ### Total energy: 0.999914, (internal: 0.779625, kinetic: 0.220289, gravitational: 0)
### Check ### Focus Tree Nodes: 512, maxDepth 3, maxStackNc 0, maxStackGravity 0
=== Total time for iteration(81) 0.0147039s

# domain::sync: 0.000941016s
# FindNeighbors: 1.1829e-05s
# Density: 0.00473265s
# EquationOfState: 1.3013e-05s
# mpi::synchronizeHalos: 1.947e-06s
# IAD: 0.00463323s
# mpi::synchronizeHalos: 1.575e-06s
# MomentumEnergyIAD: 0.00452264s
# Timestep: 1.546e-06s
# UpdateQuantities: 2.648e-06s
# UpdateSmoothingLength: 2.405e-06s
### Check ### Global Tree Nodes: 512, Particles: 27000, Halos: 0
### Check ### Computational domain: -0.5 0.5 -0.5 0.5 -0.5 0.5
### Check ### Total Neighbors: 2558360, Avg neighbor count per particle: 94
### Check ### Total time: 0.0154617, current time-step: 0.00060753
### Check ### Total energy: 0.999929, (internal: 0.774371, kinetic: 0.225558, gravitational: 0)
### Check ### Focus Tree Nodes: 512, maxDepth 3, maxStackNc 0, maxStackGravity 0
=== Total time for iteration(82) 0.0148652s

# domain::sync: 0.000952227s
# FindNeighbors: 1.1157e-05s
# Density: 0.00479406s
# EquationOfState: 1.2198e-05s
# mpi::synchronizeHalos: 1.839e-06s
# IAD: 0.0045784s
# mpi::synchronizeHalos: 2.019e-06s
# MomentumEnergyIAD: 0.00508779s
# Timestep: 1.62e-06s
# UpdateQuantities: 2.668e-06s
# UpdateSmoothingLength: 2.592e-06s
### Check ### Global Tree Nodes: 512, Particles: 27000, Halos: 0
### Check ### Computational domain: -0.5 0.5 -0.5 0.5 -0.5 0.5
### Check ### Total Neighbors: 2555216, Avg neighbor count per particle: 94
### Check ### Total time: 0.0160779, current time-step: 0.000616196
### Check ### Total energy: 0.999949, (internal: 0.769454, kinetic: 0.230495, gravitational: 0)
### Check ### Focus Tree Nodes: 512, maxDepth 3, maxStackNc 0, maxStackGravity 0
=== Total time for iteration(83) 0.0154473s

# domain::sync: 0.000938561s
# FindNeighbors: 1.1251e-05s
# Density: 0.00479198s
# EquationOfState: 1.2048e-05s
# mpi::synchronizeHalos: 1.742e-06s
# IAD: 0.00483539s
# mpi::synchronizeHalos: 1.527e-06s
# MomentumEnergyIAD: 0.00485309s
# Timestep: 1.502e-06s
# UpdateQuantities: 2.6e-06s
# UpdateSmoothingLength: 2.393e-06s
### Check ### Global Tree Nodes: 512, Particles: 27000, Halos: 0
### Check ### Computational domain: -0.5 0.5 -0.5 0.5 -0.5 0.5
### Check ### Total Neighbors: 3173752, Avg neighbor count per particle: 117
### Check ### Total time: 0.0166973, current time-step: 0.000619463
### Check ### Total energy: 0.999957, (internal: 0.764907, kinetic: 0.23505, gravitational: 0)
### Check ### Focus Tree Nodes: 512, maxDepth 3, maxStackNc 0, maxStackGravity 0
=== Total time for iteration(84) 0.0154528s

# domain::sync: 0.000950185s
# FindNeighbors: 1.1247e-05s
# Density: 0.00499074s
# EquationOfState: 1.221e-05s
# mpi::synchronizeHalos: 1.797e-06s
# IAD: 0.00452663s
# mpi::synchronizeHalos: 2.056e-06s
# MomentumEnergyIAD: 0.00485495s
# Timestep: 1.514e-06s
# UpdateQuantities: 2.625e-06s
# UpdateSmoothingLength: 2.332e-06s
### Check ### Global Tree Nodes: 512, Particles: 27000, Halos: 0
### Check ### Computational domain: -0.5 0.5 -0.5 0.5 -0.5 0.5
### Check ### Total Neighbors: 2586160, Avg neighbor count per particle: 95
### Check ### Total time: 0.0173245, current time-step: 0.000627149
### Check ### Total energy: 0.999973, (internal: 0.760669, kinetic: 0.239304, gravitational: 0)
### Check ### Focus Tree Nodes: 512, maxDepth 3, maxStackNc 0, maxStackGravity 0
=== Total time for iteration(85) 0.015357s

# domain::sync: 0.000933923s
# FindNeighbors: 1.1364e-05s
# Density: 0.00468784s
# EquationOfState: 1.2246e-05s
# mpi::synchronizeHalos: 1.851e-06s
# IAD: 0.00447733s
# mpi::synchronizeHalos: 1.542e-06s
# MomentumEnergyIAD: 0.00463333s
# Timestep: 1.961e-06s
# UpdateQuantities: 3.193e-06s
# UpdateSmoothingLength: 2.369e-06s
### Check ### Global Tree Nodes: 512, Particles: 27000, Halos: 0
### Check ### Computational domain: -0.5 0.5 -0.5 0.5 -0.5 0.5
### Check ### Total Neighbors: 2560984, Avg neighbor count per particle: 94
### Check ### Total time: 0.0179623, current time-step: 0.00063779
### Check ### Total energy: 0.999993, (internal: 0.756685, kinetic: 0.243308, gravitational: 0)
### Check ### Focus Tree Nodes: 512, maxDepth 3, maxStackNc 0, maxStackGravity 0
=== Total time for iteration(86) 0.0147676s

# domain::sync: 0.000937708s
# FindNeighbors: 1.1016e-05s
# Density: 0.00491312s
# EquationOfState: 1.1924e-05s
# mpi::synchronizeHalos: 1.801e-06s
# IAD: 0.0048016s
# mpi::synchronizeHalos: 1.617e-06s
# MomentumEnergyIAD: 0.00480192s
# Timestep: 1.581e-06s
# UpdateQuantities: 2.581e-06s
# UpdateSmoothingLength: 2.337e-06s
### Check ### Global Tree Nodes: 512, Particles: 27000, Halos: 0
### Check ### Computational domain: -0.5 0.5 -0.5 0.5 -0.5 0.5
### Check ### Total Neighbors: 2561136, Avg neighbor count per particle: 94
### Check ### Total time: 0.0186137, current time-step: 0.00065146
### Check ### Total energy: 1.00001, (internal: 0.752931, kinetic: 0.247081, gravitational: 0)
### Check ### Focus Tree Nodes: 512, maxDepth 3, maxStackNc 0, maxStackGravity 0
=== Total time for iteration(87) 0.0154879s

# domain::sync: 0.000943541s
# FindNeighbors: 1.1199e-05s
# Density: 0.00487014s
# EquationOfState: 1.1932e-05s
# mpi::synchronizeHalos: 1.789e-06s
# IAD: 0.00476386s
# mpi::synchronizeHalos: 1.574e-06s
# MomentumEnergyIAD: 0.00488967s
# Timestep: 1.925e-06s
# UpdateQuantities: 3.168e-06s
# UpdateSmoothingLength: 2.348e-06s
### Check ### Global Tree Nodes: 512, Particles: 27000, Halos: 0
### Check ### Computational domain: -0.5 0.5 -0.5 0.5 -0.5 0.5
### Check ### Total Neighbors: 3180768, Avg neighbor count per particle: 117
### Check ### Total time: 0.0192526, current time-step: 0.000638931
### Check ### Total energy: 0.99998, (internal: 0.749525, kinetic: 0.250455, gravitational: 0)
### Check ### Focus Tree Nodes: 512, maxDepth 3, maxStackNc 0, maxStackGravity 0
=== Total time for iteration(88) 0.0155018s

# domain::sync: 0.000937052s
# FindNeighbors: 1.1654e-05s
# Density: 0.00467962s
# EquationOfState: 1.2236e-05s
# mpi::synchronizeHalos: 1.778e-06s
# IAD: 0.00468931s
# mpi::synchronizeHalos: 1.584e-06s
# MomentumEnergyIAD: 0.00478815s
# Timestep: 1.996e-06s
# UpdateQuantities: 3.083e-06s
# UpdateSmoothingLength: 2.406e-06s
### Check ### Global Tree Nodes: 512, Particles: 27000, Halos: 0
### Check ### Computational domain: -0.5 0.5 -0.5 0.5 -0.5 0.5
### Check ### Total Neighbors: 2574328, Avg neighbor count per particle: 95
### Check ### Total time: 0.0199004, current time-step: 0.000647757
### Check ### Total energy: 0.999985, (internal: 0.746317, kinetic: 0.253668, gravitational: 0)
### Check ### Focus Tree Nodes: 512, maxDepth 3, maxStackNc 0, maxStackGravity 0
=== Total time for iteration(89) 0.0151296s

# domain::sync: 0.000956471s
# FindNeighbors: 1.1257e-05s
# Density: 0.00486137s
# EquationOfState: 1.1858e-05s
# mpi::synchronizeHalos: 1.762e-06s
# IAD: 0.00439213s
# mpi::synchronizeHalos: 1.571e-06s
# MomentumEnergyIAD: 0.00463368s
# Timestep: 1.517e-06s
# UpdateQuantities: 2.541e-06s
# UpdateSmoothingLength: 2.19e-06s
### Check ### Global Tree Nodes: 512, Particles: 27000, Halos: 0
### Check ### Computational domain: -0.5 0.5 -0.5 0.5 -0.5 0.5
### Check ### Total Neighbors: 2569216, Avg neighbor count per particle: 95
### Check ### Total time: 0.0205453, current time-step: 0.000644903
### Check ### Total energy: 0.999971, (internal: 0.743346, kinetic: 0.256625, gravitational: 0)
### Check ### Focus Tree Nodes: 512, maxDepth 3, maxStackNc 0, maxStackGravity 0
=== Total time for iteration(90) 0.0148771s

# domain::sync: 0.000947896s
# FindNeighbors: 1.4125e-05s
# Density: 0.00501464s
# EquationOfState: 1.3118e-05s
# mpi::synchronizeHalos: 1.951e-06s
# IAD: 0.00484149s
# mpi::synchronizeHalos: 1.521e-06s
# MomentumEnergyIAD: 0.00450786s
# Timestep: 1.568e-06s
# UpdateQuantities: 2.616e-06s
# UpdateSmoothingLength: 2.389e-06s
### Check ### Global Tree Nodes: 512, Particles: 27000, Halos: 0
### Check ### Computational domain: -0.5 0.5 -0.5 0.5 -0.5 0.5
### Check ### Total Neighbors: 2566864, Avg neighbor count per particle: 95
### Check ### Total time: 0.0211993, current time-step: 0.000653975
### Check ### Total energy: 0.999976, (internal: 0.740526, kinetic: 0.259451, gravitational: 0)
### Check ### Focus Tree Nodes: 512, maxDepth 3, maxStackNc 0, maxStackGravity 0
=== Total time for iteration(91) 0.0153499s

# domain::sync: 0.000937677s
# FindNeighbors: 1.0849e-05s
# Density: 0.00485337s
# EquationOfState: 1.3062e-05s
# mpi::synchronizeHalos: 1.838e-06s
# IAD: 0.00453287s
# mpi::synchronizeHalos: 1.483e-06s
# MomentumEnergyIAD: 0.00487125s
# Timestep: 1.544e-06s
# UpdateQuantities: 2.601e-06s
# UpdateSmoothingLength: 2.176e-06s
### Check ### Global Tree Nodes: 512, Particles: 27000, Halos: 0
### Check ### Computational domain: -0.5 0.5 -0.5 0.5 -0.5 0.5
### Check ### Total Neighbors: 3183880, Avg neighbor count per particle: 117
### Check ### Total time: 0.0218624, current time-step: 0.00066311
### Check ### Total energy: 0.99998, (internal: 0.737839, kinetic: 0.262141, gravitational: 0)
### Check ### Focus Tree Nodes: 512, maxDepth 3, maxStackNc 0, maxStackGravity 0
=== Total time for iteration(92) 0.0152294s

# domain::sync: 0.000932671s
# FindNeighbors: 1.1623e-05s
# Density: 0.00469846s
# EquationOfState: 1.3106e-05s
# mpi::synchronizeHalos: 2.037e-06s
# IAD: 0.00490182s
# mpi::synchronizeHalos: 1.539e-06s
# MomentumEnergyIAD: 0.00478829s
# Timestep: 1.583e-06s
# UpdateQuantities: 2.521e-06s
# UpdateSmoothingLength: 2.345e-06s
### Check ### Global Tree Nodes: 512, Particles: 27000, Halos: 0
### Check ### Computational domain: -0.5 0.5 -0.5 0.5 -0.5 0.5
### Check ### Total Neighbors: 2569480, Avg neighbor count per particle: 95
### Check ### Total time: 0.0225255, current time-step: 0.000663139
### Check ### Total energy: 0.999953, (internal: 0.735309, kinetic: 0.264644, gravitational: 0)
### Check ### Focus Tree Nodes: 512, maxDepth 3, maxStackNc 0, maxStackGravity 0
=== Total time for iteration(93) 0.0153567s

# domain::sync: 0.000949374s
# FindNeighbors: 1.1175e-05s
# Density: 0.00491121s
# EquationOfState: 1.191e-05s
# mpi::synchronizeHalos: 1.833e-06s
# IAD: 0.00481806s
# mpi::synchronizeHalos: 1.551e-06s
# MomentumEnergyIAD: 0.00500388s
# Timestep: 1.664e-06s
# UpdateQuantities: 2.76e-06s
# UpdateSmoothingLength: 1.1172e-05s
### Check ### Global Tree Nodes: 512, Particles: 27000, Halos: 0
### Check ### Computational domain: -0.5 0.5 -0.5 0.5 -0.5 0.5
### Check ### Total Neighbors: 2570320, Avg neighbor count per particle: 95
### Check ### Total time: 0.0231979, current time-step: 0.000672399
### Check ### Total energy: 0.999944, (internal: 0.732897, kinetic: 0.267047, gravitational: 0)
### Check ### Focus Tree Nodes: 512, maxDepth 3, maxStackNc 0, maxStackGravity 0
=== Total time for iteration(94) 0.0157255s

# domain::sync: 0.000929297s
# FindNeighbors: 1.0881e-05s
# Density: 0.00467983s
# EquationOfState: 1.327e-05s
# mpi::synchronizeHalos: 2.048e-06s
# IAD: 0.00483661s
# mpi::synchronizeHalos: 1.809e-06s
# MomentumEnergyIAD: 0.00464286s
# Timestep: 1.575e-06s
# UpdateQuantities: 2.704e-06s
# UpdateSmoothingLength: 2.224e-06s
### Check ### Global Tree Nodes: 512, Particles: 27000, Halos: 0
### Check ### Computational domain: -0.5 0.5 -0.5 0.5 -0.5 0.5
### Check ### Total Neighbors: 2568928, Avg neighbor count per particle: 95
### Check ### Total time: 0.0238833, current time-step: 0.00068535
### Check ### Total energy: 0.999929, (internal: 0.730595, kinetic: 0.269333, gravitational: 0)
### Check ### Focus Tree Nodes: 512, maxDepth 3, maxStackNc 0, maxStackGravity 0
=== Total time for iteration(95) 0.0151238s

# domain::sync: 0.000957272s
# FindNeighbors: 1.1083e-05s
# Density: 0.00507134s
# EquationOfState: 1.2033e-05s
# mpi::synchronizeHalos: 1.804e-06s
# IAD: 0.00495253s
# mpi::synchronizeHalos: 2.028e-06s
# MomentumEnergyIAD: 0.00499229s
# Timestep: 1.518e-06s
# UpdateQuantities: 2.653e-06s
# UpdateSmoothingLength: 2.395e-06s
### Check ### Global Tree Nodes: 512, Particles: 27000, Halos: 0
### Check ### Computational domain: -0.5 0.5 -0.5 0.5 -0.5 0.5
### Check ### Total Neighbors: 3180472, Avg neighbor count per particle: 117
### Check ### Total time: 0.0245835, current time-step: 0.000700178
### Check ### Total energy: 0.99992, (internal: 0.728398, kinetic: 0.271522, gravitational: 0)
### Check ### Focus Tree Nodes: 512, maxDepth 3, maxStackNc 0, maxStackGravity 0
=== Total time for iteration(96) 0.0160076s

# domain::sync: 0.000931187s
# FindNeighbors: 1.1261e-05s
# Density: 0.00465029s
# EquationOfState: 1.2053e-05s
# mpi::synchronizeHalos: 1.771e-06s
# IAD: 0.00464865s
# mpi::synchronizeHalos: 1.569e-06s
# MomentumEnergyIAD: 0.00479681s
# Timestep: 1.505e-06s
# UpdateQuantities: 2.637e-06s
# UpdateSmoothingLength: 2.186e-06s
### Check ### Global Tree Nodes: 512, Particles: 27000, Halos: 0
### Check ### Computational domain: -0.5 0.5 -0.5 0.5 -0.5 0.5
### Check ### Total Neighbors: 2573704, Avg neighbor count per particle: 95
### Check ### Total time: 0.0252994, current time-step: 0.000715963
### Check ### Total energy: 0.999911, (internal: 0.726305, kinetic: 0.273606, gravitational: 0)
### Check ### Focus Tree Nodes: 512, maxDepth 3, maxStackNc 0, maxStackGravity 0
=== Total time for iteration(97) 0.0150606s

# domain::sync: 0.00108583s
# FindNeighbors: 1.1686e-05s
# Density: 0.00499275s
# EquationOfState: 1.2006e-05s
# mpi::synchronizeHalos: 1.778e-06s
# IAD: 0.00450025s
# mpi::synchronizeHalos: 2.022e-06s
# MomentumEnergyIAD: 0.00455846s
# Timestep: 1.541e-06s
# UpdateQuantities: 2.607e-06s
# UpdateSmoothingLength: 2.391e-06s
### Check ### Global Tree Nodes: 512, Particles: 27000, Halos: 0
### Check ### Computational domain: -0.5 0.5 -0.5 0.5 -0.5 0.5
### Check ### Total Neighbors: 2567776, Avg neighbor count per particle: 95
### Check ### Total time: 0.0260243, current time-step: 0.000724867
### Check ### Total energy: 0.999893, (internal: 0.724341, kinetic: 0.275553, gravitational: 0)
### Check ### Focus Tree Nodes: 680, maxDepth 4, maxStackNc 0, maxStackGravity 0
=== Total time for iteration(98) 0.015172s

# domain::sync: 0.000964409s
# FindNeighbors: 1.4633e-05s
# Density: 0.0048686s
# EquationOfState: 1.4424e-05s
# mpi::synchronizeHalos: 1.865e-06s
# IAD: 0.00460847s
# mpi::synchronizeHalos: 2.213e-06s
# MomentumEnergyIAD: 0.00453873s
# Timestep: 1.602e-06s
# UpdateQuantities: 2.768e-06s
# UpdateSmoothingLength: 2.366e-06s
### Check ### Global Tree Nodes: 512, Particles: 27000, Halos: 0
### Check ### Computational domain: -0.5 0.5 -0.5 0.5 -0.5 0.5
### Check ### Total Neighbors: 2574664, Avg neighbor count per particle: 95
### Check ### Total time: 0.0267536, current time-step: 0.000729297
### Check ### Total energy: 0.99987, (internal: 0.722509, kinetic: 0.277361, gravitational: 0)
### Check ### Focus Tree Nodes: 680, maxDepth 4, maxStackNc 0, maxStackGravity 0
=== Total time for iteration(99) 0.0150208s

# domain::sync: 0.000944993s
# FindNeighbors: 1.1124e-05s
# Density: 0.00486389s
# EquationOfState: 1.2004e-05s
# mpi::synchronizeHalos: 1.903e-06s
# IAD: 0.00491513s
# mpi::synchronizeHalos: 2.223e-06s
# MomentumEnergyIAD: 0.00506711s
# Timestep: 1.646e-06s
# UpdateQuantities: 2.543e-06s
# UpdateSmoothingLength: 2.349e-06s
### Check ### Global Tree Nodes: 512, Particles: 27000, Halos: 0
### Check ### Computational domain: -0.5 0.5 -0.5 0.5 -0.5 0.5
### Check ### Total Neighbors: 3175336, Avg neighbor count per particle: 117
### Check ### Total time: 0.027489, current time-step: 0.000735376
### Check ### Total energy: 0.999849, (internal: 0.720785, kinetic: 0.279064, gravitational: 0)
### Check ### Focus Tree Nodes: 680, maxDepth 4, maxStackNc 0, maxStackGravity 0
=== Total time for iteration(100) 0.0158256s

# Total execution time of 100 iterations of sedov up to t = 0.027489: 1.64068s
real 2.65
user 7.48
sys 0.80
