252.33

Params:Program: ../sph-exa-build/main/src/sphexa/sphexa
Particles: 100
Timestep: 100
Numthreads: 1
Nodes: 3
# SPHEXA: HEAD/22053277
# 3 MPI-3.1 process(es) with 1 OpenMP-201511 thread(s)/process
Data generated for 1000000 global particles
Domain synchronized, nLocalParticles 417916
# domain::sync: 0.212815s
# FindNeighbors: 0.847115s
# Density: 0.20152s
# EquationOfState: 0.00171958s
# mpi::synchronizeHalos: 0.0347365s
# IAD: 0.269196s
# mpi::synchronizeHalos: 0.0389635s
# MomentumEnergyIAD: 0.620149s
# Timestep: 0.00632449s
# UpdateQuantities: 0.00386113s
# UpdateSmoothingLength: 0.00369872s
### Check ### Global Tree Nodes: 512, Particles: 334053, Halos: 83863
### Check ### Computational domain: -0.5 0.5 -0.5 0.5 -0.5 0.5
### Check ### Total Neighbors: 93000000, Avg neighbor count per particle: 93
### Check ### Total time: 1.1e-06, current time-step: 1.1e-06
### Check ### Total energy: 1, (internal: 1, kinetic: 1.06507e-08, gravitational: 0)
### Check ### Focus Tree Nodes: 17760, maxDepth 5
=== Total time for iteration(1) 2.2401s

# domain::sync: 0.192987s
# FindNeighbors: 0.83706s
# Density: 0.203744s
# EquationOfState: 0.0017098s
# mpi::synchronizeHalos: 0.0392684s
# IAD: 0.275785s
# mpi::synchronizeHalos: 0.0197887s
# MomentumEnergyIAD: 0.766175s
# Timestep: 0.000245315s
# UpdateQuantities: 0.00382676s
# UpdateSmoothingLength: 0.00366606s
### Check ### Global Tree Nodes: 512, Particles: 334053, Halos: 83863
### Check ### Computational domain: -0.5 0.5 -0.5 0.5 -0.5 0.5
### Check ### Total Neighbors: 93000000, Avg neighbor count per particle: 93
### Check ### Total time: 2.31e-06, current time-step: 1.21e-06
### Check ### Total energy: 1, (internal: 1, kinetic: 3.28473e-08, gravitational: 0)
### Check ### Focus Tree Nodes: 17760, maxDepth 5
=== Total time for iteration(2) 2.34426s

# domain::sync: 0.192824s
# FindNeighbors: 0.843641s
# Density: 0.203502s
# EquationOfState: 0.00173239s
# mpi::synchronizeHalos: 0.0445359s
# IAD: 0.274949s
# mpi::synchronizeHalos: 0.0255245s
# MomentumEnergyIAD: 0.743661s
# Timestep: 0.000348007s
# UpdateQuantities: 0.00380595s
# UpdateSmoothingLength: 0.00369295s
### Check ### Global Tree Nodes: 512, Particles: 334053, Halos: 83863
### Check ### Computational domain: -0.5 0.5 -0.5 0.5 -0.5 0.5
### Check ### Total Neighbors: 93000000, Avg neighbor count per particle: 93
### Check ### Total time: 3.641e-06, current time-step: 1.331e-06
### Check ### Total energy: 1, (internal: 1, kinetic: 7.13259e-08, gravitational: 0)
### Check ### Focus Tree Nodes: 17760, maxDepth 5
=== Total time for iteration(3) 2.33822s

# domain::sync: 0.201758s
# FindNeighbors: 0.847454s
# Density: 0.203284s
# EquationOfState: 0.00175592s
# mpi::synchronizeHalos: 0.0322313s
# IAD: 0.275877s
# mpi::synchronizeHalos: 0.0373517s
# MomentumEnergyIAD: 0.733603s
# Timestep: 0.00266402s
# UpdateQuantities: 0.00383627s
# UpdateSmoothingLength: 0.00366595s
### Check ### Global Tree Nodes: 512, Particles: 334053, Halos: 83863
### Check ### Computational domain: -0.5 0.5 -0.5 0.5 -0.5 0.5
### Check ### Total Neighbors: 93000000, Avg neighbor count per particle: 93
### Check ### Total time: 5.1051e-06, current time-step: 1.4641e-06
### Check ### Total energy: 1, (internal: 1, kinetic: 1.30663e-07, gravitational: 0)
### Check ### Focus Tree Nodes: 17760, maxDepth 5
=== Total time for iteration(4) 2.34348s

# domain::sync: 0.211562s
# FindNeighbors: 0.849436s
# Density: 0.203779s
# EquationOfState: 0.00172341s
# mpi::synchronizeHalos: 0.0346119s
# IAD: 0.274702s
# mpi::synchronizeHalos: 0.0271074s
# MomentumEnergyIAD: 0.729327s
# Timestep: 0.00025154s
# UpdateQuantities: 0.00386907s
# UpdateSmoothingLength: 0.00369478s
### Check ### Global Tree Nodes: 512, Particles: 334053, Halos: 83863
### Check ### Computational domain: -0.5 0.5 -0.5 0.5 -0.5 0.5
### Check ### Total Neighbors: 93000000, Avg neighbor count per particle: 93
### Check ### Total time: 6.71561e-06, current time-step: 1.61051e-06
### Check ### Total energy: 1, (internal: 1, kinetic: 2.16511e-07, gravitational: 0)
### Check ### Focus Tree Nodes: 17760, maxDepth 5
=== Total time for iteration(5) 2.34007s

# domain::sync: 0.21004s
# FindNeighbors: 0.854872s
# Density: 0.203834s
# EquationOfState: 0.00172002s
# mpi::synchronizeHalos: 0.0320397s
# IAD: 0.274897s
# mpi::synchronizeHalos: 0.0351626s
# MomentumEnergyIAD: 0.726286s
# Timestep: 0.000251027s
# UpdateQuantities: 0.00381186s
# UpdateSmoothingLength: 0.00366708s
### Check ### Global Tree Nodes: 512, Particles: 334053, Halos: 83863
### Check ### Computational domain: -0.5 0.5 -0.5 0.5 -0.5 0.5
### Check ### Total Neighbors: 93000000, Avg neighbor count per particle: 93
### Check ### Total time: 8.48717e-06, current time-step: 1.77156e-06
### Check ### Total energy: 1, (internal: 1, kinetic: 3.35833e-07, gravitational: 0)
### Check ### Focus Tree Nodes: 17760, maxDepth 5
=== Total time for iteration(6) 2.34658s

# domain::sync: 0.210775s
# FindNeighbors: 0.924894s
# Density: 0.266793s
# EquationOfState: 0.00171046s
# mpi::synchronizeHalos: 0.0310138s
# IAD: 0.362668s
# mpi::synchronizeHalos: 0.0298874s
# MomentumEnergyIAD: 1.46936s
# Timestep: 0.000248346s
# UpdateQuantities: 0.00388425s
# UpdateSmoothingLength: 0.0036944s
### Check ### Global Tree Nodes: 512, Particles: 334053, Halos: 83863
### Check ### Computational domain: -0.5 0.5 -0.5 0.5 -0.5 0.5
### Check ### Total Neighbors: 123000000, Avg neighbor count per particle: 123
### Check ### Total time: 1.04359e-05, current time-step: 1.94872e-06
### Check ### Total energy: 1, (internal: 1, kinetic: 4.97197e-07, gravitational: 0)
### Check ### Focus Tree Nodes: 17760, maxDepth 5
=== Total time for iteration(7) 3.30493s

# domain::sync: 0.213088s
# FindNeighbors: 0.849155s
# Density: 0.201774s
# EquationOfState: 0.0017257s
# mpi::synchronizeHalos: 0.0278977s
# IAD: 0.275157s
# mpi::synchronizeHalos: 0.0340301s
# MomentumEnergyIAD: 0.72793s
# Timestep: 0.000254482s
# UpdateQuantities: 0.00382751s
# UpdateSmoothingLength: 0.00372826s
### Check ### Global Tree Nodes: 512, Particles: 334053, Halos: 83863
### Check ### Computational domain: -0.5 0.5 -0.5 0.5 -0.5 0.5
### Check ### Total Neighbors: 93000000, Avg neighbor count per particle: 93
### Check ### Total time: 1.25795e-05, current time-step: 2.14359e-06
### Check ### Total energy: 1, (internal: 0.999999, kinetic: 7.11256e-07, gravitational: 0)
### Check ### Focus Tree Nodes: 17760, maxDepth 5
=== Total time for iteration(8) 2.33857s

# domain::sync: 0.213152s
# FindNeighbors: 0.851088s
# Density: 0.203417s
# EquationOfState: 0.00175489s
# mpi::synchronizeHalos: 0.0205082s
# IAD: 0.275448s
# mpi::synchronizeHalos: 0.0452782s
# MomentumEnergyIAD: 0.724272s
# Timestep: 0.00648336s
# UpdateQuantities: 0.00385838s
# UpdateSmoothingLength: 0.00369358s
### Check ### Global Tree Nodes: 512, Particles: 334053, Halos: 83863
### Check ### Computational domain: -0.5 0.5 -0.5 0.5 -0.5 0.5
### Check ### Total Neighbors: 93000000, Avg neighbor count per particle: 93
### Check ### Total time: 1.49374e-05, current time-step: 2.35795e-06
### Check ### Total energy: 1, (internal: 0.999999, kinetic: 9.90776e-07, gravitational: 0)
### Check ### Focus Tree Nodes: 17760, maxDepth 5
=== Total time for iteration(9) 2.34896s

# domain::sync: 0.215337s
# FindNeighbors: 0.858375s
# Density: 0.20147s
# EquationOfState: 0.00172658s
# mpi::synchronizeHalos: 0.0330948s
# IAD: 0.275691s
# mpi::synchronizeHalos: 0.0287876s
# MomentumEnergyIAD: 0.721304s
# Timestep: 0.00799061s
# UpdateQuantities: 0.00384848s
# UpdateSmoothingLength: 0.00366798s
### Check ### Global Tree Nodes: 512, Particles: 334053, Halos: 83863
### Check ### Computational domain: -0.5 0.5 -0.5 0.5 -0.5 0.5
### Check ### Total Neighbors: 93000000, Avg neighbor count per particle: 93
### Check ### Total time: 1.75312e-05, current time-step: 2.59374e-06
### Check ### Total energy: 1, (internal: 0.999999, kinetic: 1.35159e-06, gravitational: 0)
### Check ### Focus Tree Nodes: 17760, maxDepth 5
=== Total time for iteration(10) 2.3513s

# domain::sync: 0.194556s
# FindNeighbors: 0.927596s
# Density: 0.266506s
# EquationOfState: 0.00173299s
# mpi::synchronizeHalos: 0.0440879s
# IAD: 0.361067s
# mpi::synchronizeHalos: 0.0238333s
# MomentumEnergyIAD: 1.29177s
# Timestep: 0.000254833s
# UpdateQuantities: 0.00389187s
# UpdateSmoothingLength: 0.00369557s
### Check ### Global Tree Nodes: 512, Particles: 334053, Halos: 83863
### Check ### Computational domain: -0.5 0.5 -0.5 0.5 -0.5 0.5
### Check ### Total Neighbors: 123000000, Avg neighbor count per particle: 123
### Check ### Total time: 2.03843e-05, current time-step: 2.85312e-06
### Check ### Total energy: 1, (internal: 0.999998, kinetic: 1.813e-06, gravitational: 0)
### Check ### Focus Tree Nodes: 17760, maxDepth 5
=== Total time for iteration(11) 3.119s

# domain::sync: 0.201354s
# FindNeighbors: 0.85072s
# Density: 0.201684s
# EquationOfState: 0.001712s
# mpi::synchronizeHalos: 0.031423s
# IAD: 0.27467s
# mpi::synchronizeHalos: 0.0291799s
# MomentumEnergyIAD: 0.730781s
# Timestep: 0.00162091s
# UpdateQuantities: 0.00382929s
# UpdateSmoothingLength: 0.00372103s
### Check ### Global Tree Nodes: 512, Particles: 334053, Halos: 83863
### Check ### Computational domain: -0.5 0.5 -0.5 0.5 -0.5 0.5
### Check ### Total Neighbors: 93000000, Avg neighbor count per particle: 93
### Check ### Total time: 2.35227e-05, current time-step: 3.13843e-06
### Check ### Total energy: 1, (internal: 0.999998, kinetic: 2.39897e-06, gravitational: 0)
### Check ### Focus Tree Nodes: 17760, maxDepth 5
=== Total time for iteration(12) 2.3307s

# domain::sync: 0.218045s
# FindNeighbors: 0.851794s
# Density: 0.203238s
# EquationOfState: 0.00172745s
# mpi::synchronizeHalos: 0.0247453s
# IAD: 0.275416s
# mpi::synchronizeHalos: 0.0388635s
# MomentumEnergyIAD: 0.724708s
# Timestep: 0.0106577s
# UpdateQuantities: 0.00380796s
# UpdateSmoothingLength: 0.00366856s
### Check ### Global Tree Nodes: 512, Particles: 334053, Halos: 83863
### Check ### Computational domain: -0.5 0.5 -0.5 0.5 -0.5 0.5
### Check ### Total Neighbors: 93000000, Avg neighbor count per particle: 93
### Check ### Total time: 2.6975e-05, current time-step: 3.45227e-06
### Check ### Total energy: 1, (internal: 0.999997, kinetic: 3.13792e-06, gravitational: 0)
### Check ### Focus Tree Nodes: 17760, maxDepth 5
=== Total time for iteration(13) 2.35667s

# domain::sync: 0.211857s
# FindNeighbors: 0.854524s
# Density: 0.203256s
# EquationOfState: 0.00175481s
# mpi::synchronizeHalos: 0.0293118s
# IAD: 0.274468s
# mpi::synchronizeHalos: 0.0315482s
# MomentumEnergyIAD: 0.722401s
# Timestep: 0.00368844s
# UpdateQuantities: 0.00380152s
# UpdateSmoothingLength: 0.00374766s
### Check ### Global Tree Nodes: 512, Particles: 334053, Halos: 83863
### Check ### Computational domain: -0.5 0.5 -0.5 0.5 -0.5 0.5
### Check ### Total Neighbors: 93000000, Avg neighbor count per particle: 93
### Check ### Total time: 3.07725e-05, current time-step: 3.7975e-06
### Check ### Total energy: 1, (internal: 0.999996, kinetic: 4.06507e-06, gravitational: 0)
### Check ### Focus Tree Nodes: 17760, maxDepth 5
=== Total time for iteration(14) 2.34036s

# domain::sync: 0.212215s
# FindNeighbors: 0.928227s
# Density: 0.267008s
# EquationOfState: 0.00173217s
# mpi::synchronizeHalos: 0.0321929s
# IAD: 0.360541s
# mpi::synchronizeHalos: 0.0208908s
# MomentumEnergyIAD: 1.1658s
# Timestep: 0.00853132s
# UpdateQuantities: 0.00386492s
# UpdateSmoothingLength: 0.0037314s
### Check ### Global Tree Nodes: 512, Particles: 334053, Halos: 83863
### Check ### Computational domain: -0.5 0.5 -0.5 0.5 -0.5 0.5
### Check ### Total Neighbors: 123000000, Avg neighbor count per particle: 123
### Check ### Total time: 3.49497e-05, current time-step: 4.17725e-06
### Check ### Total energy: 1, (internal: 0.999995, kinetic: 5.22319e-06, gravitational: 0)
### Check ### Focus Tree Nodes: 17760, maxDepth 5
=== Total time for iteration(15) 3.00474s

# domain::sync: 0.196078s
# FindNeighbors: 0.84804s
# Density: 0.201471s
# EquationOfState: 0.00171872s
# mpi::synchronizeHalos: 0.0335412s
# IAD: 0.274747s
# mpi::synchronizeHalos: 0.0208004s
# MomentumEnergyIAD: 0.723917s
# Timestep: 0.00773505s
# UpdateQuantities: 0.00388324s
# UpdateSmoothingLength: 0.00366773s
### Check ### Global Tree Nodes: 512, Particles: 334053, Halos: 83863
### Check ### Computational domain: -0.5 0.5 -0.5 0.5 -0.5 0.5
### Check ### Total Neighbors: 93000000, Avg neighbor count per particle: 93
### Check ### Total time: 3.95447e-05, current time-step: 4.59497e-06
### Check ### Total energy: 1, (internal: 0.999993, kinetic: 6.66529e-06, gravitational: 0)
### Check ### Focus Tree Nodes: 17760, maxDepth 5
=== Total time for iteration(16) 2.3156s

# domain::sync: 0.212731s
# FindNeighbors: 0.851379s
# Density: 0.201492s
# EquationOfState: 0.00170795s
# mpi::synchronizeHalos: 0.0215684s
# IAD: 0.274696s
# mpi::synchronizeHalos: 0.036449s
# MomentumEnergyIAD: 0.72098s
# Timestep: 0.00765607s
# UpdateQuantities: 0.00388475s
# UpdateSmoothingLength: 0.00369347s
### Check ### Global Tree Nodes: 512, Particles: 334053, Halos: 83863
### Check ### Computational domain: -0.5 0.5 -0.5 0.5 -0.5 0.5
### Check ### Total Neighbors: 93000000, Avg neighbor count per particle: 93
### Check ### Total time: 4.45992e-05, current time-step: 5.05447e-06
### Check ### Total energy: 1, (internal: 0.999992, kinetic: 8.4538e-06, gravitational: 0)
### Check ### Focus Tree Nodes: 17760, maxDepth 5
=== Total time for iteration(17) 2.33624s

# domain::sync: 0.212733s
# FindNeighbors: 0.854756s
# Density: 0.203322s
# EquationOfState: 0.00175061s
# mpi::synchronizeHalos: 0.0310151s
# IAD: 0.274464s
# mpi::synchronizeHalos: 0.0345955s
# MomentumEnergyIAD: 0.720044s
# Timestep: 0.000250145s
# UpdateQuantities: 0.00384829s
# UpdateSmoothingLength: 0.00366723s
### Check ### Global Tree Nodes: 512, Particles: 334053, Halos: 83863
### Check ### Computational domain: -0.5 0.5 -0.5 0.5 -0.5 0.5
### Check ### Total Neighbors: 93000000, Avg neighbor count per particle: 93
### Check ### Total time: 5.01591e-05, current time-step: 5.55992e-06
### Check ### Total energy: 1, (internal: 0.999989, kinetic: 1.06661e-05, gravitational: 0)
### Check ### Focus Tree Nodes: 17760, maxDepth 5
=== Total time for iteration(18) 2.34045s

# domain::sync: 0.212333s
# FindNeighbors: 0.928352s
# Density: 0.266664s
# EquationOfState: 0.00177665s
# mpi::synchronizeHalos: 0.0340381s
# IAD: 0.360471s
# mpi::synchronizeHalos: 0.0222531s
# MomentumEnergyIAD: 1.08151s
# Timestep: 0.00760654s
# UpdateQuantities: 0.00378584s
# UpdateSmoothingLength: 0.00366727s
### Check ### Global Tree Nodes: 512, Particles: 334053, Halos: 83863
### Check ### Computational domain: -0.5 0.5 -0.5 0.5 -0.5 0.5
### Check ### Total Neighbors: 123000000, Avg neighbor count per particle: 123
### Check ### Total time: 5.6275e-05, current time-step: 6.11591e-06
### Check ### Total energy: 1, (internal: 0.999987, kinetic: 1.33959e-05, gravitational: 0)
### Check ### Focus Tree Nodes: 17760, maxDepth 5
=== Total time for iteration(19) 2.92246s

# domain::sync: 0.211515s
# FindNeighbors: 0.847982s
# Density: 0.203272s
# EquationOfState: 0.00175127s
# mpi::synchronizeHalos: 0.027511s
# IAD: 0.274554s
# mpi::synchronizeHalos: 0.0302047s
# MomentumEnergyIAD: 0.72286s
# Timestep: 0.00629931s
# UpdateQuantities: 0.00383512s
# UpdateSmoothingLength: 0.00366976s
### Check ### Global Tree Nodes: 512, Particles: 334053, Halos: 83863
### Check ### Computational domain: -0.5 0.5 -0.5 0.5 -0.5 0.5
### Check ### Total Neighbors: 93000000, Avg neighbor count per particle: 93
### Check ### Total time: 6.30025e-05, current time-step: 6.7275e-06
### Check ### Total energy: 1, (internal: 0.999983, kinetic: 1.67591e-05, gravitational: 0)
### Check ### Focus Tree Nodes: 17760, maxDepth 5
=== Total time for iteration(20) 2.33346s

# domain::sync: 0.212002s
# FindNeighbors: 0.851435s
# Density: 0.201596s
# EquationOfState: 0.00172262s
# mpi::synchronizeHalos: 0.0328146s
# IAD: 0.274934s
# mpi::synchronizeHalos: 0.0358951s
# MomentumEnergyIAD: 0.716927s
# Timestep: 0.00568375s
# UpdateQuantities: 0.00381766s
# UpdateSmoothingLength: 0.00366798s
### Check ### Global Tree Nodes: 512, Particles: 334053, Halos: 83863
### Check ### Computational domain: -0.5 0.5 -0.5 0.5 -0.5 0.5
### Check ### Total Neighbors: 93000000, Avg neighbor count per particle: 93
### Check ### Total time: 7.04027e-05, current time-step: 7.40025e-06
### Check ### Total energy: 1, (internal: 0.999979, kinetic: 2.08918e-05, gravitational: 0)
### Check ### Focus Tree Nodes: 17760, maxDepth 5
=== Total time for iteration(21) 2.3405s

# domain::sync: 0.191965s
# FindNeighbors: 0.854869s
# Density: 0.203207s
# EquationOfState: 0.0017234s
# mpi::synchronizeHalos: 0.0437247s
# IAD: 0.274722s
# mpi::synchronizeHalos: 0.0225184s
# MomentumEnergyIAD: 0.716368s
# Timestep: 0.000346027s
# UpdateQuantities: 0.0037762s
# UpdateSmoothingLength: 0.00366703s
### Check ### Global Tree Nodes: 512, Particles: 334053, Halos: 83863
### Check ### Computational domain: -0.5 0.5 -0.5 0.5 -0.5 0.5
### Check ### Total Neighbors: 93000000, Avg neighbor count per particle: 93
### Check ### Total time: 7.8543e-05, current time-step: 8.14027e-06
### Check ### Total energy: 1, (internal: 0.999974, kinetic: 2.59626e-05, gravitational: 0)
### Check ### Focus Tree Nodes: 17760, maxDepth 5
=== Total time for iteration(22) 2.31689s

# domain::sync: 0.209438s
# FindNeighbors: 0.927702s
# Density: 0.267613s
# EquationOfState: 0.00172781s
# mpi::synchronizeHalos: 0.0378634s
# IAD: 0.360613s
# mpi::synchronizeHalos: 0.0247209s
# MomentumEnergyIAD: 1.06024s
# Timestep: 0.00243376s
# UpdateQuantities: 0.00385197s
# UpdateSmoothingLength: 0.0036663s
### Check ### Global Tree Nodes: 512, Particles: 334053, Halos: 83863
### Check ### Computational domain: -0.5 0.5 -0.5 0.5 -0.5 0.5
### Check ### Total Neighbors: 123000000, Avg neighbor count per particle: 123
### Check ### Total time: 8.74973e-05, current time-step: 8.9543e-06
### Check ### Total energy: 1, (internal: 0.999968, kinetic: 3.2175e-05, gravitational: 0)
### Check ### Focus Tree Nodes: 17760, maxDepth 5
=== Total time for iteration(23) 2.89987s

# domain::sync: 0.200111s
# FindNeighbors: 0.848666s
# Density: 0.203533s
# EquationOfState: 0.00171844s
# mpi::synchronizeHalos: 0.0359683s
# IAD: 0.274368s
# mpi::synchronizeHalos: 0.0257306s
# MomentumEnergyIAD: 0.719087s
# Timestep: 0.00834978s
# UpdateQuantities: 0.00375497s
# UpdateSmoothingLength: 0.00369675s
### Check ### Global Tree Nodes: 512, Particles: 334053, Halos: 83863
### Check ### Computational domain: -0.5 0.5 -0.5 0.5 -0.5 0.5
### Check ### Total Neighbors: 93000000, Avg neighbor count per particle: 93
### Check ### Total time: 9.73471e-05, current time-step: 9.84973e-06
### Check ### Total energy: 1, (internal: 0.99996, kinetic: 3.97811e-05, gravitational: 0)
### Check ### Focus Tree Nodes: 17760, maxDepth 5
=== Total time for iteration(24) 2.32499s

# domain::sync: 0.211181s
# FindNeighbors: 0.852529s
# Density: 0.203432s
# EquationOfState: 0.00172091s
# mpi::synchronizeHalos: 0.0289344s
# IAD: 0.274355s
# mpi::synchronizeHalos: 0.0304374s
# MomentumEnergyIAD: 0.717441s
# Timestep: 0.0052035s
# UpdateQuantities: 0.00381613s
# UpdateSmoothingLength: 0.00366518s
### Check ### Global Tree Nodes: 512, Particles: 334053, Halos: 83863
### Check ### Computational domain: -0.5 0.5 -0.5 0.5 -0.5 0.5
### Check ### Total Neighbors: 93000000, Avg neighbor count per particle: 93
### Check ### Total time: 0.000108182, current time-step: 1.08347e-05
### Check ### Total energy: 1, (internal: 0.999951, kinetic: 4.90755e-05, gravitational: 0)
### Check ### Focus Tree Nodes: 17760, maxDepth 5
=== Total time for iteration(25) 2.33272s

# domain::sync: 0.211581s
# FindNeighbors: 0.921867s
# Density: 0.266663s
# EquationOfState: 0.00172237s
# mpi::synchronizeHalos: 0.0336598s
# IAD: 0.369631s
# mpi::synchronizeHalos: 0.0208478s
# MomentumEnergyIAD: 1.8838s
# Timestep: 0.0117098s
# UpdateQuantities: 0.00381636s
# UpdateSmoothingLength: 0.00372143s
### Check ### Global Tree Nodes: 512, Particles: 334053, Halos: 83863
### Check ### Computational domain: -0.5 0.5 -0.5 0.5 -0.5 0.5
### Check ### Total Neighbors: 123000000, Avg neighbor count per particle: 123
### Check ### Total time: 0.0001201, current time-step: 1.19182e-05
### Check ### Total energy: 1, (internal: 0.99994, kinetic: 6.04231e-05, gravitational: 0)
### Check ### Focus Tree Nodes: 17760, maxDepth 5
=== Total time for iteration(26) 3.72903s

# domain::sync: 0.211725s
# FindNeighbors: 0.846581s
# Density: 0.201464s
# EquationOfState: 0.00170671s
# mpi::synchronizeHalos: 0.0371367s
# IAD: 0.274681s
# mpi::synchronizeHalos: 0.0293387s
# MomentumEnergyIAD: 0.724232s
# Timestep: 0.000240285s
# UpdateQuantities: 0.00375134s
# UpdateSmoothingLength: 0.00369611s
### Check ### Global Tree Nodes: 512, Particles: 334053, Halos: 83863
### Check ### Computational domain: -0.5 0.5 -0.5 0.5 -0.5 0.5
### Check ### Total Neighbors: 93000000, Avg neighbor count per particle: 93
### Check ### Total time: 0.00013321, current time-step: 1.311e-05
### Check ### Total energy: 1, (internal: 0.999926, kinetic: 7.42729e-05, gravitational: 0)
### Check ### Focus Tree Nodes: 17760, maxDepth 5
=== Total time for iteration(27) 2.33456s

# domain::sync: 0.211338s
# FindNeighbors: 0.848141s
# Density: 0.203371s
# EquationOfState: 0.00174406s
# mpi::synchronizeHalos: 0.0208474s
# IAD: 0.275881s
# mpi::synchronizeHalos: 0.0414741s
# MomentumEnergyIAD: 0.721983s
# Timestep: 0.00217624s
# UpdateQuantities: 0.00383593s
# UpdateSmoothingLength: 0.00366324s
### Check ### Global Tree Nodes: 512, Particles: 334053, Halos: 83863
### Check ### Computational domain: -0.5 0.5 -0.5 0.5 -0.5 0.5
### Check ### Total Neighbors: 93000000, Avg neighbor count per particle: 93
### Check ### Total time: 0.000147631, current time-step: 1.4421e-05
### Check ### Total energy: 1, (internal: 0.999909, kinetic: 9.11499e-05, gravitational: 0)
### Check ### Focus Tree Nodes: 17760, maxDepth 5
=== Total time for iteration(28) 2.33446s

# domain::sync: 0.208874s
# FindNeighbors: 0.853244s
# Density: 0.203437s
# EquationOfState: 0.00172044s
# mpi::synchronizeHalos: 0.0347208s
# IAD: 0.274259s
# mpi::synchronizeHalos: 0.027775s
# MomentumEnergyIAD: 0.716376s
# Timestep: 0.0117564s
# UpdateQuantities: 0.0038s
# UpdateSmoothingLength: 0.0036625s
### Check ### Global Tree Nodes: 512, Particles: 334053, Halos: 83863
### Check ### Computational domain: -0.5 0.5 -0.5 0.5 -0.5 0.5
### Check ### Total Neighbors: 93000000, Avg neighbor count per particle: 93
### Check ### Total time: 0.000163494, current time-step: 1.58631e-05
### Check ### Total energy: 1, (internal: 0.999888, kinetic: 0.000111703, gravitational: 0)
### Check ### Focus Tree Nodes: 17760, maxDepth 5
=== Total time for iteration(29) 2.33963s

# domain::sync: 0.206812s
# FindNeighbors: 0.922036s
# Density: 0.266594s
# EquationOfState: 0.00172227s
# mpi::synchronizeHalos: 0.0373651s
# IAD: 0.365435s
# mpi::synchronizeHalos: 0.0263599s
# MomentumEnergyIAD: 1.42019s
# Timestep: 0.000245033s
# UpdateQuantities: 0.0037483s
# UpdateSmoothingLength: 0.00366383s
### Check ### Global Tree Nodes: 512, Particles: 334053, Halos: 83863
### Check ### Computational domain: -0.5 0.5 -0.5 0.5 -0.5 0.5
### Check ### Total Neighbors: 123000000, Avg neighbor count per particle: 123
### Check ### Total time: 0.000180943, current time-step: 1.74494e-05
### Check ### Total energy: 1, (internal: 0.999863, kinetic: 0.000136716, gravitational: 0)
### Check ### Focus Tree Nodes: 17760, maxDepth 5
=== Total time for iteration(30) 3.25417s

# domain::sync: 0.207546s
# FindNeighbors: 0.846629s
# Density: 0.203296s
# EquationOfState: 0.00173579s
# mpi::synchronizeHalos: 0.043404s
# IAD: 0.27487s
# mpi::synchronizeHalos: 0.0199646s
# MomentumEnergyIAD: 0.71631s
# Timestep: 0.000241267s
# UpdateQuantities: 0.00378641s
# UpdateSmoothingLength: 0.00369342s
### Check ### Global Tree Nodes: 512, Particles: 334053, Halos: 83863
### Check ### Computational domain: -0.5 0.5 -0.5 0.5 -0.5 0.5
### Check ### Total Neighbors: 93000000, Avg neighbor count per particle: 93
### Check ### Total time: 0.000200138, current time-step: 1.91943e-05
### Check ### Total energy: 1, (internal: 0.999833, kinetic: 0.000167155, gravitational: 0)
### Check ### Focus Tree Nodes: 17760, maxDepth 5
=== Total time for iteration(31) 2.32148s

# domain::sync: 0.210832s
# FindNeighbors: 0.849081s
# Density: 0.203714s
# EquationOfState: 0.00170803s
# mpi::synchronizeHalos: 0.0273299s
# IAD: 0.275419s
# mpi::synchronizeHalos: 0.0340659s
# MomentumEnergyIAD: 0.71868s
# Timestep: 0.0039868s
# UpdateQuantities: 0.0037574s
# UpdateSmoothingLength: 0.00366523s
### Check ### Global Tree Nodes: 512, Particles: 334053, Halos: 83863
### Check ### Computational domain: -0.5 0.5 -0.5 0.5 -0.5 0.5
### Check ### Total Neighbors: 93000000, Avg neighbor count per particle: 93
### Check ### Total time: 0.000221252, current time-step: 2.11138e-05
### Check ### Total energy: 1, (internal: 0.999796, kinetic: 0.000204149, gravitational: 0)
### Check ### Focus Tree Nodes: 17760, maxDepth 5
=== Total time for iteration(32) 2.33224s

# domain::sync: 0.206724s
# FindNeighbors: 0.853563s
# Density: 0.203375s
# EquationOfState: 0.00172163s
# mpi::synchronizeHalos: 0.0396099s
# IAD: 0.274187s
# mpi::synchronizeHalos: 0.0221123s
# MomentumEnergyIAD: 0.714508s
# Timestep: 0.000254489s
# UpdateQuantities: 0.00379616s
# UpdateSmoothingLength: 0.00372067s
### Check ### Global Tree Nodes: 512, Particles: 334053, Halos: 83863
### Check ### Computational domain: -0.5 0.5 -0.5 0.5 -0.5 0.5
### Check ### Total Neighbors: 93000000, Avg neighbor count per particle: 93
### Check ### Total time: 0.000244477, current time-step: 2.32252e-05
### Check ### Total energy: 1, (internal: 0.999751, kinetic: 0.000249092, gravitational: 0)
### Check ### Focus Tree Nodes: 17760, maxDepth 5
=== Total time for iteration(33) 2.32358s

# domain::sync: 0.212568s
# FindNeighbors: 0.925094s
# Density: 0.267397s
# EquationOfState: 0.00172026s
# mpi::synchronizeHalos: 0.0334895s
# IAD: 0.364188s
# mpi::synchronizeHalos: 0.02487s
# MomentumEnergyIAD: 1.23387s
# Timestep: 0.000253399s
# UpdateQuantities: 0.00377403s
# UpdateSmoothingLength: 0.00366775s
### Check ### Global Tree Nodes: 512, Particles: 334053, Halos: 83863
### Check ### Computational domain: -0.5 0.5 -0.5 0.5 -0.5 0.5
### Check ### Total Neighbors: 123000000, Avg neighbor count per particle: 123
### Check ### Total time: 0.000270024, current time-step: 2.55477e-05
### Check ### Total energy: 1, (internal: 0.999696, kinetic: 0.000303663, gravitational: 0)
### Check ### Focus Tree Nodes: 17760, maxDepth 5
=== Total time for iteration(34) 3.0709s

# domain::sync: 0.213711s
# FindNeighbors: 0.847459s
# Density: 0.203429s
# EquationOfState: 0.00175188s
# mpi::synchronizeHalos: 0.0261975s
# IAD: 0.275938s
# mpi::synchronizeHalos: 0.0271515s
# MomentumEnergyIAD: 0.721109s
# Timestep: 0.000812254s
# UpdateQuantities: 0.00381706s
# UpdateSmoothingLength: 0.0036925s
### Check ### Global Tree Nodes: 512, Particles: 334053, Halos: 83863
### Check ### Computational domain: -0.5 0.5 -0.5 0.5 -0.5 0.5
### Check ### Total Neighbors: 93000000, Avg neighbor count per particle: 93
### Check ### Total time: 0.000298127, current time-step: 2.81024e-05
### Check ### Total energy: 1, (internal: 0.99963, kinetic: 0.000369936, gravitational: 0)
### Check ### Focus Tree Nodes: 17760, maxDepth 5
=== Total time for iteration(35) 2.32507s

# domain::sync: 0.209914s
# FindNeighbors: 0.849855s
# Density: 0.203805s
# EquationOfState: 0.00172347s
# mpi::synchronizeHalos: 0.0386634s
# IAD: 0.27423s
# mpi::synchronizeHalos: 0.0229692s
# MomentumEnergyIAD: 0.717577s
# Timestep: 0.000237651s
# UpdateQuantities: 0.00379822s
# UpdateSmoothingLength: 0.00366676s
### Check ### Global Tree Nodes: 512, Particles: 334053, Halos: 83863
### Check ### Computational domain: -0.5 0.5 -0.5 0.5 -0.5 0.5
### Check ### Total Neighbors: 93000000, Avg neighbor count per particle: 93
### Check ### Total time: 0.000329039, current time-step: 3.09127e-05
### Check ### Total energy: 1, (internal: 0.99955, kinetic: 0.000450321, gravitational: 0)
### Check ### Focus Tree Nodes: 17760, maxDepth 5
=== Total time for iteration(36) 2.32644s

# domain::sync: 0.209466s
# FindNeighbors: 0.854153s
# Density: 0.201709s
# EquationOfState: 0.00170558s
# mpi::synchronizeHalos: 0.0268151s
# IAD: 0.2742s
# mpi::synchronizeHalos: 0.0231764s
# MomentumEnergyIAD: 0.714346s
# Timestep: 0.00640426s
# UpdateQuantities: 0.00388039s
# UpdateSmoothingLength: 0.00369523s
### Check ### Global Tree Nodes: 512, Particles: 334053, Halos: 83863
### Check ### Computational domain: -0.5 0.5 -0.5 0.5 -0.5 0.5
### Check ### Total Neighbors: 93000000, Avg neighbor count per particle: 93
### Check ### Total time: 0.000363043, current time-step: 3.40039e-05
### Check ### Total energy: 1, (internal: 0.999452, kinetic: 0.000547794, gravitational: 0)
### Check ### Focus Tree Nodes: 17760, maxDepth 5
=== Total time for iteration(37) 2.31955s

# domain::sync: 0.208772s
# FindNeighbors: 0.926548s
# Density: 0.264204s
# EquationOfState: 0.0017181s
# mpi::synchronizeHalos: 0.0373765s
# IAD: 0.361494s
# mpi::synchronizeHalos: 0.0247014s
# MomentumEnergyIAD: 1.08592s
# Timestep: 0.000245053s
# UpdateQuantities: 0.00380342s
# UpdateSmoothingLength: 0.00366217s
### Check ### Global Tree Nodes: 512, Particles: 334053, Halos: 83863
### Check ### Computational domain: -0.5 0.5 -0.5 0.5 -0.5 0.5
### Check ### Total Neighbors: 123000000, Avg neighbor count per particle: 123
### Check ### Total time: 0.000400448, current time-step: 3.74043e-05
### Check ### Total energy: 1, (internal: 0.999334, kinetic: 0.000665935, gravitational: 0)
### Check ### Focus Tree Nodes: 17760, maxDepth 5
=== Total time for iteration(38) 2.91845s

# domain::sync: 0.210348s
# FindNeighbors: 0.846875s
# Density: 0.203403s
# EquationOfState: 0.00171936s
# mpi::synchronizeHalos: 0.0350693s
# IAD: 0.27461s
# mpi::synchronizeHalos: 0.0285158s
# MomentumEnergyIAD: 0.715403s
# Timestep: 0.000248501s
# UpdateQuantities: 0.00386651s
# UpdateSmoothingLength: 0.00366689s
### Check ### Global Tree Nodes: 512, Particles: 334053, Halos: 83863
### Check ### Computational domain: -0.5 0.5 -0.5 0.5 -0.5 0.5
### Check ### Total Neighbors: 93000000, Avg neighbor count per particle: 93
### Check ### Total time: 0.000441593, current time-step: 4.11448e-05
### Check ### Total energy: 1, (internal: 0.999191, kinetic: 0.000809156, gravitational: 0)
### Check ### Focus Tree Nodes: 17760, maxDepth 5
=== Total time for iteration(39) 2.32373s

# domain::sync: 0.19185s
# FindNeighbors: 0.850856s
# Density: 0.20348s
# EquationOfState: 0.00172916s
# mpi::synchronizeHalos: 0.0429068s
# IAD: 0.274179s
# mpi::synchronizeHalos: 0.0210682s
# MomentumEnergyIAD: 0.712313s
# Timestep: 0.000242235s
# UpdateQuantities: 0.003767s
# UpdateSmoothingLength: 0.00369416s
### Check ### Global Tree Nodes: 512, Particles: 334053, Halos: 83863
### Check ### Computational domain: -0.5 0.5 -0.5 0.5 -0.5 0.5
### Check ### Total Neighbors: 93000000, Avg neighbor count per particle: 93
### Check ### Total time: 0.000486852, current time-step: 4.52593e-05
### Check ### Total energy: 1, (internal: 0.999017, kinetic: 0.000982562, gravitational: 0)
### Check ### Focus Tree Nodes: 17760, maxDepth 5
=== Total time for iteration(40) 2.30609s

# domain::sync: 0.21003s
# FindNeighbors: 0.854686s
# Density: 0.203428s
# EquationOfState: 0.00171928s
# mpi::synchronizeHalos: 0.0367102s
# IAD: 0.274022s
# mpi::synchronizeHalos: 0.0262233s
# MomentumEnergyIAD: 0.709597s
# Timestep: 0.000228497s
# UpdateQuantities: 0.00378006s
# UpdateSmoothingLength: 0.00366317s
### Check ### Global Tree Nodes: 512, Particles: 334053, Halos: 83863
### Check ### Computational domain: -0.5 0.5 -0.5 0.5 -0.5 0.5
### Check ### Total Neighbors: 93000000, Avg neighbor count per particle: 93
### Check ### Total time: 0.000536637, current time-step: 4.97852e-05
### Check ### Total energy: 1, (internal: 0.998808, kinetic: 0.00119245, gravitational: 0)
### Check ### Focus Tree Nodes: 17760, maxDepth 5
=== Total time for iteration(41) 2.32409s

# domain::sync: 0.211229s
# FindNeighbors: 0.926816s
# Density: 0.2667s
# EquationOfState: 0.00177723s
# mpi::synchronizeHalos: 0.0441749s
# IAD: 0.361262s
# mpi::synchronizeHalos: 0.0213958s
# MomentumEnergyIAD: 1.05591s
# Timestep: 0.000251792s
# UpdateQuantities: 0.0038075s
# UpdateSmoothingLength: 0.00369011s
### Check ### Global Tree Nodes: 512, Particles: 334053, Halos: 83863
### Check ### Computational domain: -0.5 0.5 -0.5 0.5 -0.5 0.5
### Check ### Total Neighbors: 123000000, Avg neighbor count per particle: 123
### Check ### Total time: 0.000591401, current time-step: 5.47637e-05
### Check ### Total energy: 1, (internal: 0.998554, kinetic: 0.00144637, gravitational: 0)
### Check ### Focus Tree Nodes: 17760, maxDepth 5
=== Total time for iteration(42) 2.89701s

# domain::sync: 0.19482s
# FindNeighbors: 0.848238s
# Density: 0.201507s
# EquationOfState: 0.0017404s
# mpi::synchronizeHalos: 0.02857s
# IAD: 0.275149s
# mpi::synchronizeHalos: 0.0322261s
# MomentumEnergyIAD: 0.718291s
# Timestep: 0.00164845s
# UpdateQuantities: 0.00378935s
# UpdateSmoothingLength: 0.00372068s
### Check ### Global Tree Nodes: 512, Particles: 334054, Halos: 83862
### Check ### Computational domain: -0.5 0.5 -0.5 0.5 -0.5 0.5
### Check ### Total Neighbors: 93000000, Avg neighbor count per particle: 93
### Check ### Total time: 0.000651641, current time-step: 6.02401e-05
### Check ### Total energy: 1, (internal: 0.998246, kinetic: 0.00175357, gravitational: 0)
### Check ### Focus Tree Nodes: 17760, maxDepth 5
=== Total time for iteration(43) 2.3097s

# domain::sync: 0.212158s
# FindNeighbors: 0.851314s
# Density: 0.203314s
# EquationOfState: 0.00172028s
# mpi::synchronizeHalos: 0.0313728s
# IAD: 0.274261s
# mpi::synchronizeHalos: 0.0280864s
# MomentumEnergyIAD: 0.710696s
# Timestep: 0.000248848s
# UpdateQuantities: 0.00384487s
# UpdateSmoothingLength: 0.00366278s
### Check ### Global Tree Nodes: 512, Particles: 334054, Halos: 83862
### Check ### Computational domain: -0.5 0.5 -0.5 0.5 -0.5 0.5
### Check ### Total Neighbors: 93000000, Avg neighbor count per particle: 93
### Check ### Total time: 0.000717905, current time-step: 6.62641e-05
### Check ### Total energy: 1, (internal: 0.997875, kinetic: 0.0021247, gravitational: 0)
### Check ### Focus Tree Nodes: 17760, maxDepth 5
=== Total time for iteration(44) 2.32068s

# domain::sync: 0.211263s
# FindNeighbors: 0.855044s
# Density: 0.203754s
# EquationOfState: 0.00171842s
# mpi::synchronizeHalos: 0.0202618s
# IAD: 0.274902s
# mpi::synchronizeHalos: 0.0419085s
# MomentumEnergyIAD: 0.706373s
# Timestep: 0.00902921s
# UpdateQuantities: 0.0037927s
# UpdateSmoothingLength: 0.00366532s
### Check ### Global Tree Nodes: 512, Particles: 334054, Halos: 83862
### Check ### Computational domain: -0.5 0.5 -0.5 0.5 -0.5 0.5
### Check ### Total Neighbors: 93083952, Avg neighbor count per particle: 93
### Check ### Total time: 0.000790795, current time-step: 7.28905e-05
### Check ### Total energy: 1, (internal: 0.997427, kinetic: 0.00257285, gravitational: 0)
### Check ### Focus Tree Nodes: 17760, maxDepth 5
=== Total time for iteration(45) 2.33172s

# domain::sync: 0.210583s
# FindNeighbors: 0.926567s
# Density: 0.266298s
# EquationOfState: 0.00173337s
# mpi::synchronizeHalos: 0.0375715s
# IAD: 0.361039s
# mpi::synchronizeHalos: 0.0244562s
# MomentumEnergyIAD: 1.03047s
# Timestep: 0.000262041s
# UpdateQuantities: 0.00378273s
# UpdateSmoothingLength: 0.00372048s
### Check ### Global Tree Nodes: 512, Particles: 334054, Halos: 83862
### Check ### Computational domain: -0.5 0.5 -0.5 0.5 -0.5 0.5
### Check ### Total Neighbors: 122863368, Avg neighbor count per particle: 122
### Check ### Total time: 0.000870975, current time-step: 8.01795e-05
### Check ### Total energy: 1, (internal: 0.996886, kinetic: 0.00311353, gravitational: 0)
### Check ### Focus Tree Nodes: 17760, maxDepth 5
=== Total time for iteration(46) 2.86648s

# domain::sync: 0.199764s
# FindNeighbors: 0.84908s
# Density: 0.203331s
# EquationOfState: 0.00170496s
# mpi::synchronizeHalos: 0.0238604s
# IAD: 0.27523s
# mpi::synchronizeHalos: 0.0411871s
# MomentumEnergyIAD: 0.718853s
# Timestep: 0.000529841s
# UpdateQuantities: 0.00378691s
# UpdateSmoothingLength: 0.00366596s
### Check ### Global Tree Nodes: 512, Particles: 334056, Halos: 83860
### Check ### Computational domain: -0.5 0.5 -0.5 0.5 -0.5 0.5
### Check ### Total Neighbors: 93006096, Avg neighbor count per particle: 93
### Check ### Total time: 0.000959172, current time-step: 8.81975e-05
### Check ### Total energy: 1, (internal: 0.996234, kinetic: 0.00376567, gravitational: 0)
### Check ### Focus Tree Nodes: 17760, maxDepth 5
=== Total time for iteration(47) 2.321s

# domain::sync: 0.213834s
# FindNeighbors: 0.851646s
# Density: 0.203892s
# EquationOfState: 0.00171892s
# mpi::synchronizeHalos: 0.0290507s
# IAD: 0.274292s
# mpi::synchronizeHalos: 0.0259003s
# MomentumEnergyIAD: 0.714009s
# Timestep: 0.00756825s
# UpdateQuantities: 0.00379364s
# UpdateSmoothingLength: 0.00366884s
### Check ### Global Tree Nodes: 512, Particles: 334056, Halos: 83860
### Check ### Computational domain: -0.5 0.5 -0.5 0.5 -0.5 0.5
### Check ### Total Neighbors: 93136488, Avg neighbor count per particle: 93
### Check ### Total time: 0.00105619, current time-step: 9.70172e-05
### Check ### Total energy: 1, (internal: 0.995449, kinetic: 0.00455084, gravitational: 0)
### Check ### Focus Tree Nodes: 17760, maxDepth 5
=== Total time for iteration(48) 2.32938s

# domain::sync: 0.210752s
# FindNeighbors: 0.855759s
# Density: 0.20318s
# EquationOfState: 0.00174563s
# mpi::synchronizeHalos: 0.0221356s
# IAD: 0.275608s
# mpi::synchronizeHalos: 0.0373805s
# MomentumEnergyIAD: 0.705482s
# Timestep: 0.000240321s
# UpdateQuantities: 0.00378883s
# UpdateSmoothingLength: 0.00374518s
### Check ### Global Tree Nodes: 512, Particles: 334056, Halos: 83860
### Check ### Computational domain: -0.5 0.5 -0.5 0.5 -0.5 0.5
### Check ### Total Neighbors: 93541920, Avg neighbor count per particle: 93
### Check ### Total time: 0.00116291, current time-step: 0.000106719
### Check ### Total energy: 1, (internal: 0.994505, kinetic: 0.0054951, gravitational: 0)
### Check ### Focus Tree Nodes: 17760, maxDepth 5
=== Total time for iteration(49) 2.31982s

# domain::sync: 0.209263s
# FindNeighbors: 0.924714s
# Density: 0.263781s
# EquationOfState: 0.00177722s
# mpi::synchronizeHalos: 0.0367269s
# IAD: 0.357619s
# mpi::synchronizeHalos: 0.0309216s
# MomentumEnergyIAD: 1.00442s
# Timestep: 0.000255516s
# UpdateQuantities: 0.00378952s
# UpdateSmoothingLength: 0.00376177s
### Check ### Global Tree Nodes: 512, Particles: 334056, Halos: 83860
### Check ### Computational domain: -0.5 0.5 -0.5 0.5 -0.5 0.5
### Check ### Total Neighbors: 121730064, Avg neighbor count per particle: 121
### Check ### Total time: 0.0012803, current time-step: 0.000117391
### Check ### Total energy: 1, (internal: 0.99337, kinetic: 0.0066291, gravitational: 0)
### Check ### Focus Tree Nodes: 17760, maxDepth 5
=== Total time for iteration(50) 2.83703s

# domain::sync: 0.210545s
# FindNeighbors: 0.851385s
# Density: 0.205212s
# EquationOfState: 0.00172261s
# mpi::synchronizeHalos: 0.0321992s
# IAD: 0.276347s
# mpi::synchronizeHalos: 0.0305944s
# MomentumEnergyIAD: 0.720538s
# Timestep: 0.000253772s
# UpdateQuantities: 0.00376443s
# UpdateSmoothingLength: 0.00366346s
### Check ### Global Tree Nodes: 512, Particles: 334059, Halos: 83857
### Check ### Computational domain: -0.5 0.5 -0.5 0.5 -0.5 0.5
### Check ### Total Neighbors: 93766344, Avg neighbor count per particle: 93
### Check ### Total time: 0.00140943, current time-step: 0.00012913
### Check ### Total energy: 0.999999, (internal: 0.992011, kinetic: 0.00798879, gravitational: 0)
### Check ### Focus Tree Nodes: 17760, maxDepth 5
=== Total time for iteration(51) 2.33623s

# domain::sync: 0.211353s
# FindNeighbors: 0.852751s
# Density: 0.202306s
# EquationOfState: 0.0017346s
# mpi::synchronizeHalos: 0.0406718s
# IAD: 0.274581s
# mpi::synchronizeHalos: 0.0201759s
# MomentumEnergyIAD: 0.713935s
# Timestep: 0.000247246s
# UpdateQuantities: 0.00382594s
# UpdateSmoothingLength: 0.00369109s
### Check ### Global Tree Nodes: 512, Particles: 334059, Halos: 83857
### Check ### Computational domain: -0.5 0.5 -0.5 0.5 -0.5 0.5
### Check ### Total Neighbors: 93302376, Avg neighbor count per particle: 93
### Check ### Total time: 0.00155147, current time-step: 0.000142043
### Check ### Total energy: 0.999999, (internal: 0.990383, kinetic: 0.00961571, gravitational: 0)
### Check ### Focus Tree Nodes: 17760, maxDepth 5
=== Total time for iteration(52) 2.32528s

# domain::sync: 0.192907s
# FindNeighbors: 0.916104s
# Density: 0.261971s
# EquationOfState: 0.00171918s
# mpi::synchronizeHalos: 0.0358232s
# IAD: 0.363592s
# mpi::synchronizeHalos: 0.0206741s
# MomentumEnergyIAD: 1.5258s
# Timestep: 0.00838323s
# UpdateQuantities: 0.00377165s
# UpdateSmoothingLength: 0.00376438s
### Check ### Global Tree Nodes: 512, Particles: 334059, Halos: 83857
### Check ### Computational domain: -0.5 0.5 -0.5 0.5 -0.5 0.5
### Check ### Total Neighbors: 120836544, Avg neighbor count per particle: 120
### Check ### Total time: 0.00169948, current time-step: 0.000148005
### Check ### Total energy: 0.999998, (internal: 0.988547, kinetic: 0.0114505, gravitational: 0)
### Check ### Focus Tree Nodes: 17760, maxDepth 5
=== Total time for iteration(53) 3.33453s

# domain::sync: 0.192486s
# FindNeighbors: 0.849432s
# Density: 0.205903s
# EquationOfState: 0.00173237s
# mpi::synchronizeHalos: 0.0439722s
# IAD: 0.277145s
# mpi::synchronizeHalos: 0.0198125s
# MomentumEnergyIAD: 0.725246s
# Timestep: 0.000250091s
# UpdateQuantities: 0.00378791s
# UpdateSmoothingLength: 0.00369296s
### Check ### Global Tree Nodes: 512, Particles: 334059, Halos: 83857
### Check ### Computational domain: -0.5 0.5 -0.5 0.5 -0.5 0.5
### Check ### Total Neighbors: 94073304, Avg neighbor count per particle: 94
### Check ### Total time: 0.00185054, current time-step: 0.000151065
### Check ### Total energy: 0.999996, (internal: 0.986532, kinetic: 0.0134637, gravitational: 0)
### Check ### Focus Tree Nodes: 17760, maxDepth 5
=== Total time for iteration(54) 2.32346s

# domain::sync: 0.209901s
# FindNeighbors: 0.85145s
# Density: 0.20329s
# EquationOfState: 0.00172257s
# mpi::synchronizeHalos: 0.029863s
# IAD: 0.275797s
# mpi::synchronizeHalos: 0.0319978s
# MomentumEnergyIAD: 0.717618s
# Timestep: 0.00718252s
# UpdateQuantities: 0.00381126s
# UpdateSmoothingLength: 0.0036951s
### Check ### Global Tree Nodes: 512, Particles: 334059, Halos: 83857
### Check ### Computational domain: -0.5 0.5 -0.5 0.5 -0.5 0.5
### Check ### Total Neighbors: 93714504, Avg neighbor count per particle: 93
### Check ### Total time: 0.00200417, current time-step: 0.00015363
### Check ### Total energy: 0.999994, (internal: 0.984344, kinetic: 0.0156496, gravitational: 0)
### Check ### Focus Tree Nodes: 17760, maxDepth 5
=== Total time for iteration(55) 2.33633s

# domain::sync: 0.212378s
# FindNeighbors: 0.854386s
# Density: 0.204138s
# EquationOfState: 0.0017181s
# mpi::synchronizeHalos: 0.0271377s
# IAD: 0.274952s
# mpi::synchronizeHalos: 0.0343162s
# MomentumEnergyIAD: 0.708892s
# Timestep: 0.00024748s
# UpdateQuantities: 0.00376508s
# UpdateSmoothingLength: 0.00366495s
### Check ### Global Tree Nodes: 512, Particles: 334061, Halos: 83855
### Check ### Computational domain: -0.5 0.5 -0.5 0.5 -0.5 0.5
### Check ### Total Neighbors: 93362352, Avg neighbor count per particle: 93
### Check ### Total time: 0.0021605, current time-step: 0.000156327
### Check ### Total energy: 0.999992, (internal: 0.981983, kinetic: 0.0180094, gravitational: 0)
### Check ### Focus Tree Nodes: 17760, maxDepth 5
=== Total time for iteration(56) 2.3256s

# domain::sync: 0.191577s
# FindNeighbors: 0.918411s
# Density: 0.259465s
# EquationOfState: 0.00172592s
# mpi::synchronizeHalos: 0.0267944s
# IAD: 0.358042s
# mpi::synchronizeHalos: 0.0311793s
# MomentumEnergyIAD: 1.21715s
# Timestep: 0.00419839s
# UpdateQuantities: 0.00378749s
# UpdateSmoothingLength: 0.00369549s
### Check ### Global Tree Nodes: 512, Particles: 334063, Halos: 83853
### Check ### Computational domain: -0.5 0.5 -0.5 0.5 -0.5 0.5
### Check ### Total Neighbors: 120930888, Avg neighbor count per particle: 120
### Check ### Total time: 0.00231968, current time-step: 0.000159183
### Check ### Total energy: 0.99999, (internal: 0.979445, kinetic: 0.0205443, gravitational: 0)
### Check ### Focus Tree Nodes: 17760, maxDepth 5
=== Total time for iteration(57) 3.01603s

# domain::sync: 0.199194s
# FindNeighbors: 0.850011s
# Density: 0.205522s
# EquationOfState: 0.00171754s
# mpi::synchronizeHalos: 0.0395437s
# IAD: 0.276641s
# mpi::synchronizeHalos: 0.0218215s
# MomentumEnergyIAD: 0.726248s
# Timestep: 0.00656157s
# UpdateQuantities: 0.00377806s
# UpdateSmoothingLength: 0.00366643s
### Check ### Global Tree Nodes: 512, Particles: 334063, Halos: 85122
### Check ### Computational domain: -0.5 0.5 -0.5 0.5 -0.5 0.5
### Check ### Total Neighbors: 93962928, Avg neighbor count per particle: 93
### Check ### Total time: 0.00248151, current time-step: 0.000161829
### Check ### Total energy: 0.999987, (internal: 0.976739, kinetic: 0.0232488, gravitational: 0)
### Check ### Focus Tree Nodes: 17760, maxDepth 5
=== Total time for iteration(58) 2.33471s

# domain::sync: 0.211539s
# FindNeighbors: 0.852275s
# Density: 0.204877s
# EquationOfState: 0.00172472s
# mpi::synchronizeHalos: 0.0256793s
# IAD: 0.276379s
# mpi::synchronizeHalos: 0.0400012s
# MomentumEnergyIAD: 0.715178s
# Timestep: 0.000243757s
# UpdateQuantities: 0.00385748s
# UpdateSmoothingLength: 0.00366671s
### Check ### Global Tree Nodes: 512, Particles: 334063, Halos: 85122
### Check ### Computational domain: -0.5 0.5 -0.5 0.5 -0.5 0.5
### Check ### Total Neighbors: 93733464, Avg neighbor count per particle: 93
### Check ### Total time: 0.00264547, current time-step: 0.000163961
### Check ### Total energy: 0.999985, (internal: 0.973874, kinetic: 0.0261106, gravitational: 0)
### Check ### Focus Tree Nodes: 17760, maxDepth 5
=== Total time for iteration(59) 2.33542s

# domain::sync: 0.212137s
# FindNeighbors: 0.855547s
# Density: 0.204393s
# EquationOfState: 0.00171892s
# mpi::synchronizeHalos: 0.0296137s
# IAD: 0.276623s
# mpi::synchronizeHalos: 0.0303618s
# MomentumEnergyIAD: 0.707537s
# Timestep: 0.00593352s
# UpdateQuantities: 0.00379974s
# UpdateSmoothingLength: 0.00377272s
### Check ### Global Tree Nodes: 512, Particles: 334063, Halos: 85122
### Check ### Computational domain: -0.5 0.5 -0.5 0.5 -0.5 0.5
### Check ### Total Neighbors: 93378648, Avg neighbor count per particle: 93
### Check ### Total time: 0.00281225, current time-step: 0.000166775
### Check ### Total energy: 0.999982, (internal: 0.970845, kinetic: 0.0291378, gravitational: 0)
### Check ### Focus Tree Nodes: 17760, maxDepth 5
=== Total time for iteration(60) 2.33144s

# domain::sync: 0.20892s
# FindNeighbors: 0.919043s
# Density: 0.26206s
# EquationOfState: 0.00172153s
# mpi::synchronizeHalos: 0.0270326s
# IAD: 0.356901s
# mpi::synchronizeHalos: 0.0239444s
# MomentumEnergyIAD: 1.06099s
# Timestep: 0.00734564s
# UpdateQuantities: 0.0038294s
# UpdateSmoothingLength: 0.00366453s
### Check ### Global Tree Nodes: 512, Particles: 334063, Halos: 86013
### Check ### Computational domain: -0.5 0.5 -0.5 0.5 -0.5 0.5
### Check ### Total Neighbors: 121000200, Avg neighbor count per particle: 121
### Check ### Total time: 0.00298167, current time-step: 0.000169419
### Check ### Total energy: 0.99998, (internal: 0.967657, kinetic: 0.0323227, gravitational: 0)
### Check ### Focus Tree Nodes: 17760, maxDepth 5
=== Total time for iteration(61) 2.87546s

# domain::sync: 0.209683s
# FindNeighbors: 0.850309s
# Density: 0.206132s
# EquationOfState: 0.00172997s
# mpi::synchronizeHalos: 0.0446741s
# IAD: 0.276874s
# mpi::synchronizeHalos: 0.0197376s
# MomentumEnergyIAD: 0.724129s
# Timestep: 0.000254225s
# UpdateQuantities: 0.00375105s
# UpdateSmoothingLength: 0.00369336s
### Check ### Global Tree Nodes: 512, Particles: 334063, Halos: 86013
### Check ### Computational domain: -0.5 0.5 -0.5 0.5 -0.5 0.5
### Check ### Total Neighbors: 94003008, Avg neighbor count per particle: 94
### Check ### Total time: 0.00315446, current time-step: 0.000172791
### Check ### Total energy: 0.999978, (internal: 0.964303, kinetic: 0.0356751, gravitational: 0)
### Check ### Focus Tree Nodes: 17760, maxDepth 5
=== Total time for iteration(62) 2.34097s

# domain::sync: 0.210349s
# FindNeighbors: 0.851915s
# Density: 0.204836s
# EquationOfState: 0.00171783s
# mpi::synchronizeHalos: 0.0275764s
# IAD: 0.276805s
# mpi::synchronizeHalos: 0.0278073s
# MomentumEnergyIAD: 0.717208s
# Timestep: 0.000240697s
# UpdateQuantities: 0.00378464s
# UpdateSmoothingLength: 0.00369505s
### Check ### Global Tree Nodes: 512, Particles: 334063, Halos: 86013
### Check ### Computational domain: -0.5 0.5 -0.5 0.5 -0.5 0.5
### Check ### Total Neighbors: 93578496, Avg neighbor count per particle: 93
### Check ### Total time: 0.00332975, current time-step: 0.000175295
### Check ### Total energy: 0.999975, (internal: 0.960803, kinetic: 0.0391723, gravitational: 0)
### Check ### Focus Tree Nodes: 17760, maxDepth 5
=== Total time for iteration(63) 2.32594s

# domain::sync: 0.201427s
# FindNeighbors: 0.855255s
# Density: 0.20454s
# EquationOfState: 0.0017175s
# mpi::synchronizeHalos: 0.0273586s
# IAD: 0.275814s
# mpi::synchronizeHalos: 0.0405643s
# MomentumEnergyIAD: 0.707153s
# Timestep: 0.000239979s
# UpdateQuantities: 0.00392002s
# UpdateSmoothingLength: 0.00369215s
### Check ### Global Tree Nodes: 512, Particles: 334063, Halos: 86148
### Check ### Computational domain: -0.5 0.5 -0.5 0.5 -0.5 0.5
### Check ### Total Neighbors: 93444120, Avg neighbor count per particle: 93
### Check ### Total time: 0.00350755, current time-step: 0.000177798
### Check ### Total energy: 0.999972, (internal: 0.957164, kinetic: 0.0428081, gravitational: 0)
### Check ### Focus Tree Nodes: 17760, maxDepth 5
=== Total time for iteration(64) 2.32169s

# domain::sync: 0.208695s
# FindNeighbors: 0.921406s
# Density: 0.262285s
# EquationOfState: 0.00173128s
# mpi::synchronizeHalos: 0.0266551s
# IAD: 0.35709s
# mpi::synchronizeHalos: 0.0271686s
# MomentumEnergyIAD: 1.02757s
# Timestep: 0.00602653s
# UpdateQuantities: 0.00386722s
# UpdateSmoothingLength: 0.00366351s
### Check ### Global Tree Nodes: 512, Particles: 334063, Halos: 86148
### Check ### Computational domain: -0.5 0.5 -0.5 0.5 -0.5 0.5
### Check ### Total Neighbors: 121045632, Avg neighbor count per particle: 121
### Check ### Total time: 0.00368811, current time-step: 0.000180555
### Check ### Total energy: 0.99997, (internal: 0.953388, kinetic: 0.0465814, gravitational: 0)
### Check ### Focus Tree Nodes: 17760, maxDepth 5
=== Total time for iteration(65) 2.84616s

# domain::sync: 0.193932s
# FindNeighbors: 0.851218s
# Density: 0.203859s
# EquationOfState: 0.00174644s
# mpi::synchronizeHalos: 0.0280696s
# IAD: 0.277503s
# mpi::synchronizeHalos: 0.026848s
# MomentumEnergyIAD: 0.720966s
# Timestep: 0.00776746s
# UpdateQuantities: 0.00381792s
# UpdateSmoothingLength: 0.00366165s
### Check ### Global Tree Nodes: 512, Particles: 334064, Halos: 86147
### Check ### Computational domain: -0.5 0.5 -0.5 0.5 -0.5 0.5
### Check ### Total Neighbors: 93961032, Avg neighbor count per particle: 93
### Check ### Total time: 0.00387177, current time-step: 0.000183661
### Check ### Total energy: 0.999968, (internal: 0.949475, kinetic: 0.0504928, gravitational: 0)
### Check ### Focus Tree Nodes: 17760, maxDepth 5
=== Total time for iteration(66) 2.31939s

# domain::sync: 0.209935s
# FindNeighbors: 0.853238s
# Density: 0.202833s
# EquationOfState: 0.0017087s
# mpi::synchronizeHalos: 0.028718s
# IAD: 0.276151s
# mpi::synchronizeHalos: 0.0290013s
# MomentumEnergyIAD: 0.713862s
# Timestep: 0.00220197s
# UpdateQuantities: 0.0038011s
# UpdateSmoothingLength: 0.00371795s
### Check ### Global Tree Nodes: 512, Particles: 334068, Halos: 86143
### Check ### Computational domain: -0.5 0.5 -0.5 0.5 -0.5 0.5
### Check ### Total Neighbors: 93546576, Avg neighbor count per particle: 93
### Check ### Total time: 0.0040589, current time-step: 0.000187136
### Check ### Total energy: 0.999966, (internal: 0.945422, kinetic: 0.0545435, gravitational: 0)
### Check ### Focus Tree Nodes: 17760, maxDepth 5
=== Total time for iteration(67) 2.32517s

# domain::sync: 0.211405s
# FindNeighbors: 0.855597s
# Density: 0.204666s
# EquationOfState: 0.00172031s
# mpi::synchronizeHalos: 0.0296173s
# IAD: 0.274528s
# mpi::synchronizeHalos: 0.026116s
# MomentumEnergyIAD: 0.712604s
# Timestep: 0.00729259s
# UpdateQuantities: 0.00378982s
# UpdateSmoothingLength: 0.0036647s
### Check ### Global Tree Nodes: 512, Particles: 334068, Halos: 86143
### Check ### Computational domain: -0.5 0.5 -0.5 0.5 -0.5 0.5
### Check ### Total Neighbors: 93515760, Avg neighbor count per particle: 93
### Check ### Total time: 0.0042499, current time-step: 0.000191001
### Check ### Total energy: 0.999964, (internal: 0.941229, kinetic: 0.058735, gravitational: 0)
### Check ### Focus Tree Nodes: 17760, maxDepth 5
=== Total time for iteration(68) 2.331s

# domain::sync: 0.192271s
# FindNeighbors: 0.922483s
# Density: 0.262519s
# EquationOfState: 0.00172434s
# mpi::synchronizeHalos: 0.0212506s
# IAD: 0.355996s
# mpi::synchronizeHalos: 0.0293992s
# MomentumEnergyIAD: 1.00216s
# Timestep: 0.00257176s
# UpdateQuantities: 0.00380091s
# UpdateSmoothingLength: 0.00366442s
### Check ### Global Tree Nodes: 512, Particles: 334068, Halos: 87054
### Check ### Computational domain: -0.5 0.5 -0.5 0.5 -0.5 0.5
### Check ### Total Neighbors: 121082616, Avg neighbor count per particle: 121
### Check ### Total time: 0.00444458, current time-step: 0.000194675
### Check ### Total energy: 0.999962, (internal: 0.936906, kinetic: 0.0630557, gravitational: 0)
### Check ### Focus Tree Nodes: 17760, maxDepth 5
=== Total time for iteration(69) 2.79785s

# domain::sync: 0.212884s
# FindNeighbors: 0.851064s
# Density: 0.205464s
# EquationOfState: 0.00172006s
# mpi::synchronizeHalos: 0.028s
# IAD: 0.277159s
# mpi::synchronizeHalos: 0.0287636s
# MomentumEnergyIAD: 0.719548s
# Timestep: 0.00173503s
# UpdateQuantities: 0.00387131s
# UpdateSmoothingLength: 0.00366325s
### Check ### Global Tree Nodes: 512, Particles: 334068, Halos: 87040
### Check ### Computational domain: -0.5 0.5 -0.5 0.5 -0.5 0.5
### Check ### Total Neighbors: 93809976, Avg neighbor count per particle: 93
### Check ### Total time: 0.00464244, current time-step: 0.000197859
### Check ### Total energy: 0.99996, (internal: 0.932473, kinetic: 0.0674866, gravitational: 0)
### Check ### Focus Tree Nodes: 17760, maxDepth 5
=== Total time for iteration(70) 2.33387s

# domain::sync: 0.212192s
# FindNeighbors: 0.853049s
# Density: 0.203056s
# EquationOfState: 0.00172022s
# mpi::synchronizeHalos: 0.0295269s
# IAD: 0.275967s
# mpi::synchronizeHalos: 0.0283885s
# MomentumEnergyIAD: 0.708604s
# Timestep: 0.00259255s
# UpdateQuantities: 0.00380317s
# UpdateSmoothingLength: 0.0036658s
### Check ### Global Tree Nodes: 512, Particles: 334068, Halos: 87352
### Check ### Computational domain: -0.5 0.5 -0.5 0.5 -0.5 0.5
### Check ### Total Neighbors: 93564456, Avg neighbor count per particle: 93
### Check ### Total time: 0.00484391, current time-step: 0.000201469
### Check ### Total energy: 0.999958, (internal: 0.927929, kinetic: 0.0720298, gravitational: 0)
### Check ### Focus Tree Nodes: 17760, maxDepth 5
=== Total time for iteration(71) 2.32257s

# domain::sync: 0.211182s
# FindNeighbors: 0.856717s
# Density: 0.205058s
# EquationOfState: 0.00172201s
# mpi::synchronizeHalos: 0.033087s
# IAD: 0.275365s
# mpi::synchronizeHalos: 0.0292725s
# MomentumEnergyIAD: 0.711105s
# Timestep: 0.000266287s
# UpdateQuantities: 0.00387557s
# UpdateSmoothingLength: 0.00366638s
### Check ### Global Tree Nodes: 512, Particles: 334068, Halos: 87306
### Check ### Computational domain: -0.5 0.5 -0.5 0.5 -0.5 0.5
### Check ### Total Neighbors: 93639384, Avg neighbor count per particle: 93
### Check ### Total time: 0.00504923, current time-step: 0.000205323
### Check ### Total energy: 0.999957, (internal: 0.923275, kinetic: 0.0766825, gravitational: 0)
### Check ### Focus Tree Nodes: 17760, maxDepth 5
=== Total time for iteration(72) 2.33132s

# domain::sync: 0.212322s
# FindNeighbors: 0.922421s
# Density: 0.262537s
# EquationOfState: 0.00171971s
# mpi::synchronizeHalos: 0.0298417s
# IAD: 0.356465s
# mpi::synchronizeHalos: 0.0288206s
# MomentumEnergyIAD: 0.996092s
# Timestep: 0.00941595s
# UpdateQuantities: 0.00392261s
# UpdateSmoothingLength: 0.00377579s
### Check ### Global Tree Nodes: 512, Particles: 334068, Halos: 87266
### Check ### Computational domain: -0.5 0.5 -0.5 0.5 -0.5 0.5
### Check ### Total Neighbors: 121128912, Avg neighbor count per particle: 121
### Check ### Total time: 0.00525827, current time-step: 0.000209041
### Check ### Total energy: 0.999956, (internal: 0.918523, kinetic: 0.0814328, gravitational: 0)
### Check ### Focus Tree Nodes: 17760, maxDepth 5
=== Total time for iteration(73) 2.82734s

# domain::sync: 0.21196s
# FindNeighbors: 0.850985s
# Density: 0.205132s
# EquationOfState: 0.00174493s
# mpi::synchronizeHalos: 0.0302265s
# IAD: 0.27546s
# mpi::synchronizeHalos: 0.0332096s
# MomentumEnergyIAD: 0.71721s
# Timestep: 0.000237424s
# UpdateQuantities: 0.00383191s
# UpdateSmoothingLength: 0.00366555s
### Check ### Global Tree Nodes: 512, Particles: 334068, Halos: 87458
### Check ### Computational domain: -0.5 0.5 -0.5 0.5 -0.5 0.5
### Check ### Total Neighbors: 93698304, Avg neighbor count per particle: 93
### Check ### Total time: 0.00547263, current time-step: 0.000214354
### Check ### Total energy: 0.999956, (internal: 0.913646, kinetic: 0.0863098, gravitational: 0)
### Check ### Focus Tree Nodes: 17760, maxDepth 5
=== Total time for iteration(74) 2.33367s

# domain::sync: 0.193305s
# FindNeighbors: 0.853967s
# Density: 0.205177s
# EquationOfState: 0.00171897s
# mpi::synchronizeHalos: 0.0351739s
# IAD: 0.277138s
# mpi::synchronizeHalos: 0.0280876s
# MomentumEnergyIAD: 0.708275s
# Timestep: 0.00307193s
# UpdateQuantities: 0.00381907s
# UpdateSmoothingLength: 0.00369058s
### Check ### Global Tree Nodes: 512, Particles: 334068, Halos: 87410
### Check ### Computational domain: -0.5 0.5 -0.5 0.5 -0.5 0.5
### Check ### Total Neighbors: 93584112, Avg neighbor count per particle: 93
### Check ### Total time: 0.00569049, current time-step: 0.000217865
### Check ### Total energy: 0.999955, (internal: 0.908694, kinetic: 0.0912609, gravitational: 0)
### Check ### Focus Tree Nodes: 17760, maxDepth 5
=== Total time for iteration(75) 2.31343s

# domain::sync: 0.200701s
# FindNeighbors: 0.915581s
# Density: 0.257513s
# EquationOfState: 0.00171778s
# mpi::synchronizeHalos: 0.0325978s
# IAD: 0.360505s
# mpi::synchronizeHalos: 0.0343927s
# MomentumEnergyIAD: 2.60009s
# Timestep: 0.14415s
# UpdateQuantities: 0.00382079s
# UpdateSmoothingLength: 0.00366891s
### Check ### Global Tree Nodes: 512, Particles: 334068, Halos: 87354
### Check ### Computational domain: -0.5 0.5 -0.5 0.5 -0.5 0.5
### Check ### Total Neighbors: 120044720, Avg neighbor count per particle: 120
### Check ### Total time: 0.00591177, current time-step: 0.000221281
### Check ### Total energy: 0.999954, (internal: 0.903677, kinetic: 0.0962764, gravitational: 0)
### Check ### Focus Tree Nodes: 17760, maxDepth 5
=== Total time for iteration(76) 4.55474s

# domain::sync: 0.218109s
# FindNeighbors: 0.85248s
# Density: 0.207533s
# EquationOfState: 0.00172105s
# mpi::synchronizeHalos: 0.0294194s
# IAD: 0.278661s
# mpi::synchronizeHalos: 0.0341196s
# MomentumEnergyIAD: 0.725254s
# Timestep: 0.00941213s
# UpdateQuantities: 0.00375603s
# UpdateSmoothingLength: 0.00366178s
### Check ### Global Tree Nodes: 512, Particles: 334068, Halos: 88491
### Check ### Computational domain: -0.5 0.5 -0.5 0.5 -0.5 0.5
### Check ### Total Neighbors: 94648816, Avg neighbor count per particle: 94
### Check ### Total time: 0.0061323, current time-step: 0.000220531
### Check ### Total energy: 0.999949, (internal: 0.898699, kinetic: 0.10125, gravitational: 0)
### Check ### Focus Tree Nodes: 17760, maxDepth 5
=== Total time for iteration(77) 2.36413s

# domain::sync: 0.214456s
# FindNeighbors: 0.851s
# Density: 0.205655s
# EquationOfState: 0.00174603s
# mpi::synchronizeHalos: 0.0286205s
# IAD: 0.275443s
# mpi::synchronizeHalos: 0.0378062s
# MomentumEnergyIAD: 0.714428s
# Timestep: 0.000226169s
# UpdateQuantities: 0.00378856s
# UpdateSmoothingLength: 0.00366424s
### Check ### Global Tree Nodes: 512, Particles: 334068, Halos: 88434
### Check ### Computational domain: -0.5 0.5 -0.5 0.5 -0.5 0.5
### Check ### Total Neighbors: 93662960, Avg neighbor count per particle: 93
### Check ### Total time: 0.00635366, current time-step: 0.00022136
### Check ### Total energy: 0.999947, (internal: 0.893732, kinetic: 0.106215, gravitational: 0)
### Check ### Focus Tree Nodes: 17760, maxDepth 5
=== Total time for iteration(78) 2.33684s

# domain::sync: 0.1955s
# FindNeighbors: 0.854263s
# Density: 0.20542s
# EquationOfState: 0.00174327s
# mpi::synchronizeHalos: 0.0359415s
# IAD: 0.276158s
# mpi::synchronizeHalos: 0.0285973s
# MomentumEnergyIAD: 0.714013s
# Timestep: 0.0100745s
# UpdateQuantities: 0.00376114s
# UpdateSmoothingLength: 0.00369613s
### Check ### Global Tree Nodes: 512, Particles: 334068, Halos: 88712
### Check ### Computational domain: -0.5 0.5 -0.5 0.5 -0.5 0.5
### Check ### Total Neighbors: 93670048, Avg neighbor count per particle: 93
### Check ### Total time: 0.00657612, current time-step: 0.00022246
### Check ### Total energy: 0.999945, (internal: 0.888775, kinetic: 0.111169, gravitational: 0)
### Check ### Focus Tree Nodes: 17760, maxDepth 5
=== Total time for iteration(79) 2.32917s

# domain::sync: 0.195284s
# FindNeighbors: 0.916552s
# Density: 0.260379s
# EquationOfState: 0.00172762s
# mpi::synchronizeHalos: 0.0458049s
# IAD: 0.358134s
# mpi::synchronizeHalos: 0.0245699s
# MomentumEnergyIAD: 1.32104s
# Timestep: 0.000341838s
# UpdateQuantities: 0.00373142s
# UpdateSmoothingLength: 0.00366004s
### Check ### Global Tree Nodes: 512, Particles: 334070, Halos: 88637
### Check ### Computational domain: -0.5 0.5 -0.5 0.5 -0.5 0.5
### Check ### Total Neighbors: 120171885, Avg neighbor count per particle: 120
### Check ### Total time: 0.00679997, current time-step: 0.000223843
### Check ### Total energy: 0.999943, (internal: 0.88383, kinetic: 0.116113, gravitational: 0)
### Check ### Focus Tree Nodes: 17760, maxDepth 5
=== Total time for iteration(80) 3.13122s

# domain::sync: 0.216236s
# FindNeighbors: 0.852223s
# Density: 0.206315s
# EquationOfState: 0.00172593s
# mpi::synchronizeHalos: 0.021428s
# IAD: 0.279504s
# mpi::synchronizeHalos: 0.0403878s
# MomentumEnergyIAD: 0.730976s
# Timestep: 0.0071353s
# UpdateQuantities: 0.00375192s
# UpdateSmoothingLength: 0.00366262s
### Check ### Global Tree Nodes: 512, Particles: 334072, Halos: 88531
### Check ### Computational domain: -0.5 0.5 -0.5 0.5 -0.5 0.5
### Check ### Total Neighbors: 94584886, Avg neighbor count per particle: 94
### Check ### Total time: 0.00702553, current time-step: 0.000225566
### Check ### Total energy: 0.999942, (internal: 0.878895, kinetic: 0.121046, gravitational: 0)
### Check ### Focus Tree Nodes: 17760, maxDepth 5
=== Total time for iteration(81) 2.36335s

# domain::sync: 0.212095s
# FindNeighbors: 0.851623s
# Density: 0.203596s
# EquationOfState: 0.00171621s
# mpi::synchronizeHalos: 0.0382709s
# IAD: 0.275462s
# mpi::synchronizeHalos: 0.0264833s
# MomentumEnergyIAD: 0.711222s
# Timestep: 0.000252225s
# UpdateQuantities: 0.00384057s
# UpdateSmoothingLength: 0.00369386s
### Check ### Global Tree Nodes: 512, Particles: 334072, Halos: 88465
### Check ### Computational domain: -0.5 0.5 -0.5 0.5 -0.5 0.5
### Check ### Total Neighbors: 93674056, Avg neighbor count per particle: 93
### Check ### Total time: 0.00725239, current time-step: 0.000226861
### Check ### Total energy: 0.99994, (internal: 0.873986, kinetic: 0.125954, gravitational: 0)
### Check ### Focus Tree Nodes: 17760, maxDepth 5
=== Total time for iteration(82) 2.32826s

# domain::sync: 0.21287s
# FindNeighbors: 0.856761s
# Density: 0.205782s
# EquationOfState: 0.00172155s
# mpi::synchronizeHalos: 0.0225515s
# IAD: 0.279107s
# mpi::synchronizeHalos: 0.0401594s
# MomentumEnergyIAD: 0.712887s
# Timestep: 0.00822854s
# UpdateQuantities: 0.00376436s
# UpdateSmoothingLength: 0.00368967s
### Check ### Global Tree Nodes: 512, Particles: 334074, Halos: 88400
### Check ### Computational domain: -0.5 0.5 -0.5 0.5 -0.5 0.5
### Check ### Total Neighbors: 93767944, Avg neighbor count per particle: 93
### Check ### Total time: 0.00748083, current time-step: 0.000228442
### Check ### Total energy: 0.99994, (internal: 0.869102, kinetic: 0.130838, gravitational: 0)
### Check ### Focus Tree Nodes: 17760, maxDepth 5
=== Total time for iteration(83) 2.34752s

# domain::sync: 0.193737s
# FindNeighbors: 0.91768s
# Density: 0.260724s
# EquationOfState: 0.0017172s
# mpi::synchronizeHalos: 0.0288772s
# IAD: 0.356575s
# mpi::synchronizeHalos: 0.0278438s
# MomentumEnergyIAD: 1.08813s
# Timestep: 0.000523575s
# UpdateQuantities: 0.00380936s
# UpdateSmoothingLength: 0.00366201s
### Check ### Global Tree Nodes: 512, Particles: 334074, Halos: 88336
### Check ### Computational domain: -0.5 0.5 -0.5 0.5 -0.5 0.5
### Check ### Total Neighbors: 120201184, Avg neighbor count per particle: 120
### Check ### Total time: 0.00770697, current time-step: 0.000226139
### Check ### Total energy: 0.999935, (internal: 0.864329, kinetic: 0.135606, gravitational: 0)
### Check ### Focus Tree Nodes: 17760, maxDepth 5
=== Total time for iteration(84) 2.88328s

# domain::sync: 0.202766s
# FindNeighbors: 0.853418s
# Density: 0.207033s
# EquationOfState: 0.00172038s
# mpi::synchronizeHalos: 0.0393502s
# IAD: 0.279002s
# mpi::synchronizeHalos: 0.0256826s
# MomentumEnergyIAD: 0.723395s
# Timestep: 0.00513584s
# UpdateQuantities: 0.00380929s
# UpdateSmoothingLength: 0.00366412s
### Check ### Global Tree Nodes: 512, Particles: 334074, Halos: 88292
### Check ### Computational domain: -0.5 0.5 -0.5 0.5 -0.5 0.5
### Check ### Total Neighbors: 94450594, Avg neighbor count per particle: 94
### Check ### Total time: 0.00793219, current time-step: 0.000225218
### Check ### Total energy: 0.999933, (internal: 0.859641, kinetic: 0.140292, gravitational: 0)
### Check ### Focus Tree Nodes: 17760, maxDepth 5
=== Total time for iteration(85) 2.34498s

# domain::sync: 0.211629s
# FindNeighbors: 0.853097s
# Density: 0.203866s
# EquationOfState: 0.00172063s
# mpi::synchronizeHalos: 0.0279925s
# IAD: 0.275664s
# mpi::synchronizeHalos: 0.0297619s
# MomentumEnergyIAD: 0.7135s
# Timestep: 0.0111896s
# UpdateQuantities: 0.00384058s
# UpdateSmoothingLength: 0.00369494s
### Check ### Global Tree Nodes: 512, Particles: 334074, Halos: 88238
### Check ### Computational domain: -0.5 0.5 -0.5 0.5 -0.5 0.5
### Check ### Total Neighbors: 93774344, Avg neighbor count per particle: 93
### Check ### Total time: 0.00815827, current time-step: 0.000226083
### Check ### Total energy: 0.999932, (internal: 0.855003, kinetic: 0.144929, gravitational: 0)
### Check ### Focus Tree Nodes: 17760, maxDepth 5
=== Total time for iteration(86) 2.33596s

# domain::sync: 0.212467s
# FindNeighbors: 0.857647s
# Density: 0.204189s
# EquationOfState: 0.00171982s
# mpi::synchronizeHalos: 0.0374308s
# IAD: 0.27551s
# mpi::synchronizeHalos: 0.024622s
# MomentumEnergyIAD: 0.712697s
# Timestep: 0.000243236s
# UpdateQuantities: 0.00374708s
# UpdateSmoothingLength: 0.00366205s
### Check ### Global Tree Nodes: 512, Particles: 334074, Halos: 88173
### Check ### Computational domain: -0.5 0.5 -0.5 0.5 -0.5 0.5
### Check ### Total Neighbors: 93818047, Avg neighbor count per particle: 93
### Check ### Total time: 0.00838369, current time-step: 0.000225416
### Check ### Total energy: 0.99993, (internal: 0.85045, kinetic: 0.14948, gravitational: 0)
### Check ### Focus Tree Nodes: 17760, maxDepth 5
=== Total time for iteration(87) 2.33394s

# domain::sync: 0.21368s
# FindNeighbors: 0.918267s
# Density: 0.258459s
# EquationOfState: 0.00173566s
# mpi::synchronizeHalos: 0.0294927s
# IAD: 0.353869s
# mpi::synchronizeHalos: 0.024804s
# MomentumEnergyIAD: 1.01941s
# Timestep: 0.0111241s
# UpdateQuantities: 0.00381348s
# UpdateSmoothingLength: 0.00366258s
### Check ### Global Tree Nodes: 512, Particles: 334074, Halos: 88566
### Check ### Computational domain: -0.5 0.5 -0.5 0.5 -0.5 0.5
### Check ### Total Neighbors: 120237766, Avg neighbor count per particle: 120
### Check ### Total time: 0.00860852, current time-step: 0.000224826
### Check ### Total energy: 0.999928, (internal: 0.845981, kinetic: 0.153947, gravitational: 0)
### Check ### Focus Tree Nodes: 17760, maxDepth 5
=== Total time for iteration(88) 2.83832s

# domain::sync: 0.202229s
# FindNeighbors: 0.852542s
# Density: 0.207256s
# EquationOfState: 0.00172241s
# mpi::synchronizeHalos: 0.0233855s
# IAD: 0.27869s
# mpi::synchronizeHalos: 0.0453309s
# MomentumEnergyIAD: 0.725985s
# Timestep: 0.00866732s
# UpdateQuantities: 0.00378732s
# UpdateSmoothingLength: 0.00366343s
### Check ### Global Tree Nodes: 512, Particles: 334074, Halos: 88534
### Check ### Computational domain: -0.5 0.5 -0.5 0.5 -0.5 0.5
### Check ### Total Neighbors: 94354690, Avg neighbor count per particle: 94
### Check ### Total time: 0.00883332, current time-step: 0.000224805
### Check ### Total energy: 0.999927, (internal: 0.841587, kinetic: 0.15834, gravitational: 0)
### Check ### Focus Tree Nodes: 17760, maxDepth 5
=== Total time for iteration(89) 2.35326s

# domain::sync: 0.2133s
# FindNeighbors: 0.852751s
# Density: 0.20602s
# EquationOfState: 0.00171765s
# mpi::synchronizeHalos: 0.0241589s
# IAD: 0.275803s
# mpi::synchronizeHalos: 0.0377976s
# MomentumEnergyIAD: 0.716663s
# Timestep: 0.000256904s
# UpdateQuantities: 0.00373285s
# UpdateSmoothingLength: 0.00369471s
### Check ### Global Tree Nodes: 512, Particles: 334074, Halos: 88500
### Check ### Computational domain: -0.5 0.5 -0.5 0.5 -0.5 0.5
### Check ### Total Neighbors: 93836646, Avg neighbor count per particle: 93
### Check ### Total time: 0.00905831, current time-step: 0.000224987
### Check ### Total energy: 0.999926, (internal: 0.837265, kinetic: 0.162661, gravitational: 0)
### Check ### Focus Tree Nodes: 17760, maxDepth 5
=== Total time for iteration(90) 2.3359s

# domain::sync: 0.213226s
# FindNeighbors: 0.857152s
# Density: 0.206117s
# EquationOfState: 0.00173034s
# mpi::synchronizeHalos: 0.0433204s
# IAD: 0.275669s
# mpi::synchronizeHalos: 0.0216894s
# MomentumEnergyIAD: 0.713016s
# Timestep: 0.000238367s
# UpdateQuantities: 0.00387352s
# UpdateSmoothingLength: 0.0036904s
### Check ### Global Tree Nodes: 512, Particles: 334074, Halos: 88441
### Check ### Computational domain: -0.5 0.5 -0.5 0.5 -0.5 0.5
### Check ### Total Neighbors: 93872204, Avg neighbor count per particle: 93
### Check ### Total time: 0.00928403, current time-step: 0.000225719
### Check ### Total energy: 0.999926, (internal: 0.833007, kinetic: 0.166919, gravitational: 0)
### Check ### Focus Tree Nodes: 17760, maxDepth 5
=== Total time for iteration(91) 2.33973s

# domain::sync: 0.212085s
# FindNeighbors: 0.920421s
# Density: 0.260818s
# EquationOfState: 0.00171893s
# mpi::synchronizeHalos: 0.0393656s
# IAD: 0.354187s
# mpi::synchronizeHalos: 0.0318468s
# MomentumEnergyIAD: 0.995966s
# Timestep: 0.000248115s
# UpdateQuantities: 0.00378999s
# UpdateSmoothingLength: 0.00366208s
### Check ### Global Tree Nodes: 512, Particles: 334074, Halos: 88398
### Check ### Computational domain: -0.5 0.5 -0.5 0.5 -0.5 0.5
### Check ### Total Neighbors: 120280600, Avg neighbor count per particle: 120
### Check ### Total time: 0.00951024, current time-step: 0.000226212
### Check ### Total energy: 0.999926, (internal: 0.82882, kinetic: 0.171106, gravitational: 0)
### Check ### Focus Tree Nodes: 17760, maxDepth 5
=== Total time for iteration(92) 2.82411s

# domain::sync: 0.213252s
# FindNeighbors: 0.85219s
# Density: 0.205062s
# EquationOfState: 0.00174702s
# mpi::synchronizeHalos: 0.0247627s
# IAD: 0.278144s
# mpi::synchronizeHalos: 0.0294944s
# MomentumEnergyIAD: 0.725457s
# Timestep: 0.00712206s
# UpdateQuantities: 0.00393727s
# UpdateSmoothingLength: 0.00368811s
### Check ### Global Tree Nodes: 512, Particles: 334074, Halos: 88336
### Check ### Computational domain: -0.5 0.5 -0.5 0.5 -0.5 0.5
### Check ### Total Neighbors: 94239628, Avg neighbor count per particle: 94
### Check ### Total time: 0.00973642, current time-step: 0.000226175
### Check ### Total energy: 0.999925, (internal: 0.824715, kinetic: 0.17521, gravitational: 0)
### Check ### Focus Tree Nodes: 17760, maxDepth 5
=== Total time for iteration(93) 2.34486s

# domain::sync: 0.195345s
# FindNeighbors: 0.854308s
# Density: 0.205967s
# EquationOfState: 0.00173099s
# mpi::synchronizeHalos: 0.0447264s
# IAD: 0.275999s
# mpi::synchronizeHalos: 0.0208521s
# MomentumEnergyIAD: 0.711018s
# Timestep: 0.000250125s
# UpdateQuantities: 0.00390264s
# UpdateSmoothingLength: 0.00369316s
### Check ### Global Tree Nodes: 512, Particles: 334074, Halos: 88266
### Check ### Computational domain: -0.5 0.5 -0.5 0.5 -0.5 0.5
### Check ### Total Neighbors: 93870220, Avg neighbor count per particle: 93
### Check ### Total time: 0.00995711, current time-step: 0.000220696
### Check ### Total energy: 0.99992, (internal: 0.820789, kinetic: 0.179131, gravitational: 0)
### Check ### Focus Tree Nodes: 17760, maxDepth 5
=== Total time for iteration(94) 2.3178s

# domain::sync: 0.215029s
# FindNeighbors: 0.857042s
# Density: 0.205901s
# EquationOfState: 0.00171914s
# mpi::synchronizeHalos: 0.0211865s
# IAD: 0.276981s
# mpi::synchronizeHalos: 0.0361424s
# MomentumEnergyIAD: 0.712712s
# Timestep: 0.00716854s
# UpdateQuantities: 0.00380216s
# UpdateSmoothingLength: 0.00371551s
### Check ### Global Tree Nodes: 512, Particles: 334074, Halos: 88207
### Check ### Computational domain: -0.5 0.5 -0.5 0.5 -0.5 0.5
### Check ### Total Neighbors: 93892430, Avg neighbor count per particle: 93
### Check ### Total time: 0.0101762, current time-step: 0.000219114
### Check ### Total energy: 0.999918, (internal: 0.81697, kinetic: 0.182948, gravitational: 0)
### Check ### Focus Tree Nodes: 17760, maxDepth 5
=== Total time for iteration(95) 2.3414s

# domain::sync: 0.212673s
# FindNeighbors: 0.922294s
# Density: 0.26104s
# EquationOfState: 0.00172062s
# mpi::synchronizeHalos: 0.041597s
# IAD: 0.354135s
# mpi::synchronizeHalos: 0.0220253s
# MomentumEnergyIAD: 0.998988s
# Timestep: 0.000245941s
# UpdateQuantities: 0.00381354s
# UpdateSmoothingLength: 0.00366303s
### Check ### Global Tree Nodes: 512, Particles: 334074, Halos: 89784
### Check ### Computational domain: -0.5 0.5 -0.5 0.5 -0.5 0.5
### Check ### Total Neighbors: 120273178, Avg neighbor count per particle: 120
### Check ### Total time: 0.0103962, current time-step: 0.000220008
### Check ### Total energy: 0.999919, (internal: 0.813215, kinetic: 0.186703, gravitational: 0)
### Check ### Focus Tree Nodes: 17760, maxDepth 5
=== Total time for iteration(96) 2.8222s

# domain::sync: 0.214186s
# FindNeighbors: 0.852268s
# Density: 0.206959s
# EquationOfState: 0.00171766s
# mpi::synchronizeHalos: 0.0223864s
# IAD: 0.277721s
# mpi::synchronizeHalos: 0.0369008s
# MomentumEnergyIAD: 0.721358s
# Timestep: 0.00683869s
# UpdateQuantities: 0.00379409s
# UpdateSmoothingLength: 0.00366376s
### Check ### Global Tree Nodes: 512, Particles: 334074, Halos: 89762
### Check ### Computational domain: -0.5 0.5 -0.5 0.5 -0.5 0.5
### Check ### Total Neighbors: 94156358, Avg neighbor count per particle: 94
### Check ### Total time: 0.0106138, current time-step: 0.000217604
### Check ### Total energy: 0.999917, (internal: 0.809581, kinetic: 0.190336, gravitational: 0)
### Check ### Focus Tree Nodes: 17760, maxDepth 5
=== Total time for iteration(97) 2.3478s

# domain::sync: 0.214999s
# FindNeighbors: 0.855203s
# Density: 0.205959s
# EquationOfState: 0.00174364s
# mpi::synchronizeHalos: 0.0419808s
# IAD: 0.275983s
# mpi::synchronizeHalos: 0.0222458s
# MomentumEnergyIAD: 0.715513s
# Timestep: 0.000253141s
# UpdateQuantities: 0.0037721s
# UpdateSmoothingLength: 0.00374467s
### Check ### Global Tree Nodes: 512, Particles: 334074, Halos: 89689
### Check ### Computational domain: -0.5 0.5 -0.5 0.5 -0.5 0.5
### Check ### Total Neighbors: 93890290, Avg neighbor count per particle: 93
### Check ### Total time: 0.0108315, current time-step: 0.000217638
### Check ### Total energy: 0.999917, (internal: 0.806024, kinetic: 0.193893, gravitational: 0)
### Check ### Focus Tree Nodes: 17760, maxDepth 5
=== Total time for iteration(98) 2.3414s

# domain::sync: 0.215697s
# FindNeighbors: 0.856904s
# Density: 0.206578s
# EquationOfState: 0.001721s
# mpi::synchronizeHalos: 0.0321624s
# IAD: 0.275857s
# mpi::synchronizeHalos: 0.0320488s
# MomentumEnergyIAD: 0.717533s
# Timestep: 0.000242571s
# UpdateQuantities: 0.00376748s
# UpdateSmoothingLength: 0.00368877s
### Check ### Global Tree Nodes: 512, Particles: 334074, Halos: 89665
### Check ### Computational domain: -0.5 0.5 -0.5 0.5 -0.5 0.5
### Check ### Total Neighbors: 93976392, Avg neighbor count per particle: 93
### Check ### Total time: 0.0110478, current time-step: 0.00021631
### Check ### Total energy: 0.999916, (internal: 0.802568, kinetic: 0.197348, gravitational: 0)
### Check ### Focus Tree Nodes: 17704, maxDepth 5
=== Total time for iteration(99) 2.3462s

# domain::sync: 0.212489s
# FindNeighbors: 0.92123s
# Density: 0.260933s
# EquationOfState: 0.00171339s
# mpi::synchronizeHalos: 0.0388283s
# IAD: 0.354382s
# mpi::synchronizeHalos: 0.0266773s
# MomentumEnergyIAD: 0.979672s
# Timestep: 0.000244223s
# UpdateQuantities: 0.00374551s
# UpdateSmoothingLength: 0.0037332s
### Check ### Global Tree Nodes: 512, Particles: 334074, Halos: 89621
### Check ### Computational domain: -0.5 0.5 -0.5 0.5 -0.5 0.5
### Check ### Total Neighbors: 120318888, Avg neighbor count per particle: 120
### Check ### Total time: 0.0112624, current time-step: 0.000214594
### Check ### Total energy: 0.999914, (internal: 0.799216, kinetic: 0.200699, gravitational: 0)
### Check ### Focus Tree Nodes: 17704, maxDepth 5
=== Total time for iteration(100) 2.80366s

# Total execution time of 100 iterations of sedov up to t = 0.011262: 251.998s
real 252.33
user 244.78
sys 5.78
