385.72

Params:Program: ../sph-exa-build/main/src/sphexa/sphexa
Particles: 200
Timestep: 100
Numthreads: 4
Nodes: 10
# SPHEXA: HEAD/22053277
# 10 MPI-3.1 process(es) with 4 OpenMP-201511 thread(s)/process
Data generated for 8000000 global particles
Domain synchronized, nLocalParticles 983602
# domain::sync: 0.570874s
# FindNeighbors: 0.547724s
# Density: 0.126961s
# EquationOfState: 0.00114244s
# mpi::synchronizeHalos: 0.154188s
# IAD: 0.170845s
# mpi::synchronizeHalos: 0.27804s
# MomentumEnergyIAD: 0.39284s
# Timestep: 0.0463658s
# UpdateQuantities: 0.0041599s
# UpdateSmoothingLength: 0.00238922s
### Check ### Global Tree Nodes: 4096, Particles: 798903, Halos: 184699
### Check ### Computational domain: -0.5 0.5 -0.5 0.5 -0.5 0.5
### Check ### Total Neighbors: 744000000, Avg neighbor count per particle: 93
### Check ### Total time: 1.1e-06, current time-step: 1.1e-06
### Check ### Total energy: 1, (internal: 1, kinetic: 1.07895e-08, gravitational: 0)
### Check ### Focus Tree Nodes: 42743, maxDepth 6
=== Total time for iteration(1) 2.29553s

# domain::sync: 0.407512s
# FindNeighbors: 0.517433s
# Density: 0.12702s
# EquationOfState: 0.0011428s
# mpi::synchronizeHalos: 0.297874s
# IAD: 0.178511s
# mpi::synchronizeHalos: 0.217235s
# MomentumEnergyIAD: 0.535123s
# Timestep: 0.245783s
# UpdateQuantities: 0.0041443s
# UpdateSmoothingLength: 0.00239023s
### Check ### Global Tree Nodes: 4096, Particles: 800475, Halos: 191269
### Check ### Computational domain: -0.5 0.5 -0.5 0.5 -0.5 0.5
### Check ### Total Neighbors: 744000000, Avg neighbor count per particle: 93
### Check ### Total time: 2.31e-06, current time-step: 1.21e-06
### Check ### Total energy: 1, (internal: 1, kinetic: 3.32782e-08, gravitational: 0)
### Check ### Focus Tree Nodes: 42757, maxDepth 6
=== Total time for iteration(2) 2.53417s

# domain::sync: 0.478425s
# FindNeighbors: 0.521774s
# Density: 0.127034s
# EquationOfState: 0.0011709s
# mpi::synchronizeHalos: 0.123232s
# IAD: 0.176936s
# mpi::synchronizeHalos: 0.378272s
# MomentumEnergyIAD: 0.506042s
# Timestep: 0.012126s
# UpdateQuantities: 0.00407867s
# UpdateSmoothingLength: 0.00238803s
### Check ### Global Tree Nodes: 4096, Particles: 800475, Halos: 186667
### Check ### Computational domain: -0.5 0.5 -0.5 0.5 -0.5 0.5
### Check ### Total Neighbors: 744000000, Avg neighbor count per particle: 93
### Check ### Total time: 3.641e-06, current time-step: 1.331e-06
### Check ### Total energy: 1, (internal: 1, kinetic: 7.22677e-08, gravitational: 0)
### Check ### Focus Tree Nodes: 42862, maxDepth 6
=== Total time for iteration(3) 2.33148s

# domain::sync: 0.398591s
# FindNeighbors: 0.524162s
# Density: 0.127005s
# EquationOfState: 0.00116926s
# mpi::synchronizeHalos: 0.208219s
# IAD: 0.175969s
# mpi::synchronizeHalos: 0.093142s
# MomentumEnergyIAD: 0.496461s
# Timestep: 0.250266s
# UpdateQuantities: 0.0041315s
# UpdateSmoothingLength: 0.00239392s
### Check ### Global Tree Nodes: 4096, Particles: 800475, Halos: 186091
### Check ### Computational domain: -0.5 0.5 -0.5 0.5 -0.5 0.5
### Check ### Total Neighbors: 744000000, Avg neighbor count per particle: 93
### Check ### Total time: 5.1051e-06, current time-step: 1.4641e-06
### Check ### Total energy: 1, (internal: 1, kinetic: 1.324e-07, gravitational: 0)
### Check ### Focus Tree Nodes: 42883, maxDepth 6
=== Total time for iteration(4) 2.28151s

# domain::sync: 0.300549s
# FindNeighbors: 0.525631s
# Density: 0.127172s
# EquationOfState: 0.00116393s
# mpi::synchronizeHalos: 0.189499s
# IAD: 0.177781s
# mpi::synchronizeHalos: 0.179205s
# MomentumEnergyIAD: 0.49423s
# Timestep: 0.0621598s
# UpdateQuantities: 0.00414765s
# UpdateSmoothingLength: 0.00239137s
### Check ### Global Tree Nodes: 4096, Particles: 800475, Halos: 186091
### Check ### Computational domain: -0.5 0.5 -0.5 0.5 -0.5 0.5
### Check ### Total Neighbors: 744000000, Avg neighbor count per particle: 93
### Check ### Total time: 6.71561e-06, current time-step: 1.61051e-06
### Check ### Total energy: 1, (internal: 1, kinetic: 2.19408e-07, gravitational: 0)
### Check ### Focus Tree Nodes: 42883, maxDepth 6
=== Total time for iteration(5) 2.06393s

# domain::sync: 0.464647s
# FindNeighbors: 0.527983s
# Density: 0.127295s
# EquationOfState: 0.00115677s
# mpi::synchronizeHalos: 0.290487s
# IAD: 0.176606s
# mpi::synchronizeHalos: 0.310676s
# MomentumEnergyIAD: 0.489567s
# Timestep: 0.000369243s
# UpdateQuantities: 0.00408556s
# UpdateSmoothingLength: 0.00238683s
### Check ### Global Tree Nodes: 4096, Particles: 800475, Halos: 186091
### Check ### Computational domain: -0.5 0.5 -0.5 0.5 -0.5 0.5
### Check ### Total Neighbors: 744000000, Avg neighbor count per particle: 93
### Check ### Total time: 8.48717e-06, current time-step: 1.77156e-06
### Check ### Total energy: 1, (internal: 1, kinetic: 3.4036e-07, gravitational: 0)
### Check ### Focus Tree Nodes: 42883, maxDepth 6
=== Total time for iteration(6) 2.39526s

# domain::sync: 0.525109s
# FindNeighbors: 0.566787s
# Density: 0.166993s
# EquationOfState: 0.00116704s
# mpi::synchronizeHalos: 0.329281s
# IAD: 0.238867s
# mpi::synchronizeHalos: 0.131163s
# MomentumEnergyIAD: 1.46794s
# Timestep: 0.0674832s
# UpdateQuantities: 0.00415538s
# UpdateSmoothingLength: 0.00230699s
### Check ### Global Tree Nodes: 4096, Particles: 800475, Halos: 186091
### Check ### Computational domain: -0.5 0.5 -0.5 0.5 -0.5 0.5
### Check ### Total Neighbors: 984000000, Avg neighbor count per particle: 123
### Check ### Total time: 1.04359e-05, current time-step: 1.94872e-06
### Check ### Total energy: 1, (internal: 1, kinetic: 5.03947e-07, gravitational: 0)
### Check ### Focus Tree Nodes: 42883, maxDepth 6
=== Total time for iteration(7) 3.50125s

# domain::sync: 0.462826s
# FindNeighbors: 0.524165s
# Density: 0.126945s
# EquationOfState: 0.00108356s
# mpi::synchronizeHalos: 0.138087s
# IAD: 0.17634s
# mpi::synchronizeHalos: 0.265453s
# MomentumEnergyIAD: 0.490118s
# Timestep: 0.249369s
# UpdateQuantities: 0.00414115s
# UpdateSmoothingLength: 0.00239099s
### Check ### Global Tree Nodes: 4096, Particles: 800475, Halos: 186091
### Check ### Computational domain: -0.5 0.5 -0.5 0.5 -0.5 0.5
### Check ### Total Neighbors: 744000000, Avg neighbor count per particle: 93
### Check ### Total time: 1.25795e-05, current time-step: 2.14359e-06
### Check ### Total energy: 1, (internal: 0.999999, kinetic: 7.2088e-07, gravitational: 0)
### Check ### Focus Tree Nodes: 42883, maxDepth 6
=== Total time for iteration(8) 2.44092s

# domain::sync: 0.495364s
# FindNeighbors: 0.526178s
# Density: 0.12756s
# EquationOfState: 0.00116131s
# mpi::synchronizeHalos: 0.123029s
# IAD: 0.176396s
# mpi::synchronizeHalos: 0.160623s
# MomentumEnergyIAD: 0.486376s
# Timestep: 0.076738s
# UpdateQuantities: 0.0041421s
# UpdateSmoothingLength: 0.00239068s
### Check ### Global Tree Nodes: 4096, Particles: 800475, Halos: 186091
### Check ### Computational domain: -0.5 0.5 -0.5 0.5 -0.5 0.5
### Check ### Total Neighbors: 744000000, Avg neighbor count per particle: 93
### Check ### Total time: 1.49374e-05, current time-step: 2.35795e-06
### Check ### Total energy: 1, (internal: 0.999999, kinetic: 1.00421e-06, gravitational: 0)
### Check ### Focus Tree Nodes: 42883, maxDepth 6
=== Total time for iteration(9) 2.17996s

# domain::sync: 0.530009s
# FindNeighbors: 0.528757s
# Density: 0.127026s
# EquationOfState: 0.0011435s
# mpi::synchronizeHalos: 0.207294s
# IAD: 0.177851s
# mpi::synchronizeHalos: 0.274308s
# MomentumEnergyIAD: 0.481684s
# Timestep: 0.0241585s
# UpdateQuantities: 0.0041518s
# UpdateSmoothingLength: 0.00239207s
### Check ### Global Tree Nodes: 4096, Particles: 800475, Halos: 186091
### Check ### Computational domain: -0.5 0.5 -0.5 0.5 -0.5 0.5
### Check ### Total Neighbors: 744000000, Avg neighbor count per particle: 93
### Check ### Total time: 1.75312e-05, current time-step: 2.59374e-06
### Check ### Total energy: 1, (internal: 0.999999, kinetic: 1.36998e-06, gravitational: 0)
### Check ### Focus Tree Nodes: 42883, maxDepth 6
=== Total time for iteration(10) 2.35878s

# domain::sync: 0.351278s
# FindNeighbors: 0.568599s
# Density: 0.166777s
# EquationOfState: 0.00115805s
# mpi::synchronizeHalos: 0.237726s
# IAD: 0.238525s
# mpi::synchronizeHalos: 0.251038s
# MomentumEnergyIAD: 1.14238s
# Timestep: 0.000374345s
# UpdateQuantities: 0.00407461s
# UpdateSmoothingLength: 0.00230443s
### Check ### Global Tree Nodes: 4096, Particles: 800475, Halos: 186091
### Check ### Computational domain: -0.5 0.5 -0.5 0.5 -0.5 0.5
### Check ### Total Neighbors: 984000000, Avg neighbor count per particle: 123
### Check ### Total time: 2.03843e-05, current time-step: 2.85312e-06
### Check ### Total energy: 1, (internal: 0.999998, kinetic: 1.83779e-06, gravitational: 0)
### Check ### Focus Tree Nodes: 42883, maxDepth 6
=== Total time for iteration(11) 2.96423s

# domain::sync: 0.301584s
# FindNeighbors: 0.524198s
# Density: 0.12704s
# EquationOfState: 0.00114197s
# mpi::synchronizeHalos: 0.195838s
# IAD: 0.176584s
# mpi::synchronizeHalos: 0.158004s
# MomentumEnergyIAD: 0.490251s
# Timestep: 0.181261s
# UpdateQuantities: 0.00415586s
# UpdateSmoothingLength: 0.00240107s
### Check ### Global Tree Nodes: 4096, Particles: 800475, Halos: 186091
### Check ### Computational domain: -0.5 0.5 -0.5 0.5 -0.5 0.5
### Check ### Total Neighbors: 744000000, Avg neighbor count per particle: 93
### Check ### Total time: 2.35227e-05, current time-step: 3.13843e-06
### Check ### Total energy: 1, (internal: 0.999998, kinetic: 2.43168e-06, gravitational: 0)
### Check ### Focus Tree Nodes: 42883, maxDepth 6
=== Total time for iteration(12) 2.16246s

# domain::sync: 0.404068s
# FindNeighbors: 0.525809s
# Density: 0.127558s
# EquationOfState: 0.00116255s
# mpi::synchronizeHalos: 0.243496s
# IAD: 0.177195s
# mpi::synchronizeHalos: 0.111565s
# MomentumEnergyIAD: 0.488932s
# Timestep: 0.0946225s
# UpdateQuantities: 0.0041375s
# UpdateSmoothingLength: 0.00239223s
### Check ### Global Tree Nodes: 4096, Particles: 800475, Halos: 186091
### Check ### Computational domain: -0.5 0.5 -0.5 0.5 -0.5 0.5
### Check ### Total Neighbors: 744000000, Avg neighbor count per particle: 93
### Check ### Total time: 2.6975e-05, current time-step: 3.45227e-06
### Check ### Total energy: 1, (internal: 0.999997, kinetic: 3.18076e-06, gravitational: 0)
### Check ### Focus Tree Nodes: 42883, maxDepth 6
=== Total time for iteration(13) 2.18094s

# domain::sync: 0.516335s
# FindNeighbors: 0.527935s
# Density: 0.1271s
# EquationOfState: 0.00115079s
# mpi::synchronizeHalos: 0.223158s
# IAD: 0.176681s
# mpi::synchronizeHalos: 0.350918s
# MomentumEnergyIAD: 0.480063s
# Timestep: 0.000214318s
# UpdateQuantities: 0.00406633s
# UpdateSmoothingLength: 0.00239196s
### Check ### Global Tree Nodes: 4096, Particles: 800475, Halos: 186091
### Check ### Computational domain: -0.5 0.5 -0.5 0.5 -0.5 0.5
### Check ### Total Neighbors: 744000000, Avg neighbor count per particle: 93
### Check ### Total time: 3.07725e-05, current time-step: 3.7975e-06
### Check ### Total energy: 1, (internal: 0.999996, kinetic: 4.12072e-06, gravitational: 0)
### Check ### Focus Tree Nodes: 42883, maxDepth 6
=== Total time for iteration(14) 2.41002s

# domain::sync: 0.489676s
# FindNeighbors: 0.56913s
# Density: 0.167117s
# EquationOfState: 0.0011656s
# mpi::synchronizeHalos: 0.0994038s
# IAD: 0.237628s
# mpi::synchronizeHalos: 0.210295s
# MomentumEnergyIAD: 0.871999s
# Timestep: 0.0927852s
# UpdateQuantities: 0.00420038s
# UpdateSmoothingLength: 0.00230613s
### Check ### Global Tree Nodes: 4096, Particles: 800475, Halos: 186091
### Check ### Computational domain: -0.5 0.5 -0.5 0.5 -0.5 0.5
### Check ### Total Neighbors: 984000000, Avg neighbor count per particle: 123
### Check ### Total time: 3.49497e-05, current time-step: 4.17725e-06
### Check ### Total energy: 1, (internal: 0.999995, kinetic: 5.29497e-06, gravitational: 0)
### Check ### Focus Tree Nodes: 42883, maxDepth 6
=== Total time for iteration(15) 2.74571s

# domain::sync: 0.307754s
# FindNeighbors: 0.524418s
# Density: 0.127141s
# EquationOfState: 0.00109253s
# mpi::synchronizeHalos: 0.30095s
# IAD: 0.17691s
# mpi::synchronizeHalos: 0.347954s
# MomentumEnergyIAD: 0.486121s
# Timestep: 0.167018s
# UpdateQuantities: 0.00416859s
# UpdateSmoothingLength: 0.00239047s
### Check ### Global Tree Nodes: 4096, Particles: 800475, Halos: 186091
### Check ### Computational domain: -0.5 0.5 -0.5 0.5 -0.5 0.5
### Check ### Total Neighbors: 744000000, Avg neighbor count per particle: 93
### Check ### Total time: 3.95447e-05, current time-step: 4.59497e-06
### Check ### Total energy: 1, (internal: 0.999993, kinetic: 6.75662e-06, gravitational: 0)
### Check ### Focus Tree Nodes: 42883, maxDepth 6
=== Total time for iteration(16) 2.44592s

# domain::sync: 0.344981s
# FindNeighbors: 0.526736s
# Density: 0.127622s
# EquationOfState: 0.00114785s
# mpi::synchronizeHalos: 0.189571s
# IAD: 0.177032s
# mpi::synchronizeHalos: 0.429013s
# MomentumEnergyIAD: 0.482891s
# Timestep: 0.0741347s
# UpdateQuantities: 0.00416099s
# UpdateSmoothingLength: 0.00239151s
### Check ### Global Tree Nodes: 4096, Particles: 800475, Halos: 186091
### Check ### Computational domain: -0.5 0.5 -0.5 0.5 -0.5 0.5
### Check ### Total Neighbors: 744000000, Avg neighbor count per particle: 93
### Check ### Total time: 4.45992e-05, current time-step: 5.05447e-06
### Check ### Total energy: 1, (internal: 0.999991, kinetic: 8.56978e-06, gravitational: 0)
### Check ### Focus Tree Nodes: 42883, maxDepth 6
=== Total time for iteration(17) 2.35969s

# domain::sync: 0.537677s
# FindNeighbors: 0.52858s
# Density: 0.127615s
# EquationOfState: 0.00111967s
# mpi::synchronizeHalos: 0.248224s
# IAD: 0.17671s
# mpi::synchronizeHalos: 0.257973s
# MomentumEnergyIAD: 0.482224s
# Timestep: 0.000235143s
# UpdateQuantities: 0.00407946s
# UpdateSmoothingLength: 0.002396s
### Check ### Global Tree Nodes: 4096, Particles: 800475, Halos: 186091
### Check ### Computational domain: -0.5 0.5 -0.5 0.5 -0.5 0.5
### Check ### Total Neighbors: 744000000, Avg neighbor count per particle: 93
### Check ### Total time: 5.01591e-05, current time-step: 5.55992e-06
### Check ### Total energy: 1, (internal: 0.999989, kinetic: 1.08128e-05, gravitational: 0)
### Check ### Focus Tree Nodes: 42883, maxDepth 6
=== Total time for iteration(18) 2.36684s

# domain::sync: 0.644771s
# FindNeighbors: 0.56877s
# Density: 0.167196s
# EquationOfState: 0.00111256s
# mpi::synchronizeHalos: 0.333116s
# IAD: 0.235266s
# mpi::synchronizeHalos: 0.253556s
# MomentumEnergyIAD: 0.794583s
# Timestep: 0.000222147s
# UpdateQuantities: 0.0040697s
# UpdateSmoothingLength: 0.00230407s
### Check ### Global Tree Nodes: 4096, Particles: 800475, Halos: 186091
### Check ### Computational domain: -0.5 0.5 -0.5 0.5 -0.5 0.5
### Check ### Total Neighbors: 984000000, Avg neighbor count per particle: 123
### Check ### Total time: 5.6275e-05, current time-step: 6.11591e-06
### Check ### Total energy: 1, (internal: 0.999986, kinetic: 1.35807e-05, gravitational: 0)
### Check ### Focus Tree Nodes: 42883, maxDepth 6
=== Total time for iteration(19) 3.00497s

# domain::sync: 0.524145s
# FindNeighbors: 0.524479s
# Density: 0.126963s
# EquationOfState: 0.00113989s
# mpi::synchronizeHalos: 0.206746s
# IAD: 0.176873s
# mpi::synchronizeHalos: 0.447242s
# MomentumEnergyIAD: 0.485148s
# Timestep: 0.0266544s
# UpdateQuantities: 0.00459362s
# UpdateSmoothingLength: 0.00238877s
### Check ### Global Tree Nodes: 4096, Particles: 800475, Halos: 186091
### Check ### Computational domain: -0.5 0.5 -0.5 0.5 -0.5 0.5
### Check ### Total Neighbors: 744000000, Avg neighbor count per particle: 93
### Check ### Total time: 6.30025e-05, current time-step: 6.7275e-06
### Check ### Total energy: 1, (internal: 0.999983, kinetic: 1.69898e-05, gravitational: 0)
### Check ### Focus Tree Nodes: 42883, maxDepth 6
=== Total time for iteration(20) 2.52637s

# domain::sync: 0.449156s
# FindNeighbors: 0.527702s
# Density: 0.127428s
# EquationOfState: 0.00111455s
# mpi::synchronizeHalos: 0.140281s
# IAD: 0.178044s
# mpi::synchronizeHalos: 0.316195s
# MomentumEnergyIAD: 0.475063s
# Timestep: 0.13985s
# UpdateQuantities: 0.00414861s
# UpdateSmoothingLength: 0.00239094s
### Check ### Global Tree Nodes: 4096, Particles: 800475, Halos: 186091
### Check ### Computational domain: -0.5 0.5 -0.5 0.5 -0.5 0.5
### Check ### Total Neighbors: 744000000, Avg neighbor count per particle: 93
### Check ### Total time: 7.04027e-05, current time-step: 7.40025e-06
### Check ### Total energy: 1, (internal: 0.999979, kinetic: 2.11797e-05, gravitational: 0)
### Check ### Focus Tree Nodes: 42883, maxDepth 6
=== Total time for iteration(21) 2.36138s

# domain::sync: 0.607517s
# FindNeighbors: 0.528285s
# Density: 0.127697s
# EquationOfState: 0.00115437s
# mpi::synchronizeHalos: 0.305009s
# IAD: 0.178387s
# mpi::synchronizeHalos: 0.110618s
# MomentumEnergyIAD: 0.47153s
# Timestep: 0.0927796s
# UpdateQuantities: 0.00412693s
# UpdateSmoothingLength: 0.00238905s
### Check ### Global Tree Nodes: 4096, Particles: 800475, Halos: 186091
### Check ### Computational domain: -0.5 0.5 -0.5 0.5 -0.5 0.5
### Check ### Total Neighbors: 744000000, Avg neighbor count per particle: 93
### Check ### Total time: 7.8543e-05, current time-step: 8.14027e-06
### Check ### Total energy: 1, (internal: 0.999974, kinetic: 2.63212e-05, gravitational: 0)
### Check ### Focus Tree Nodes: 42883, maxDepth 6
=== Total time for iteration(22) 2.4295s

# domain::sync: 0.442721s
# FindNeighbors: 0.568628s
# Density: 0.167273s
# EquationOfState: 0.00116455s
# mpi::synchronizeHalos: 0.272467s
# IAD: 0.231878s
# mpi::synchronizeHalos: 0.15558s
# MomentumEnergyIAD: 0.78094s
# Timestep: 0.0151335s
# UpdateQuantities: 0.00413921s
# UpdateSmoothingLength: 0.00231018s
### Check ### Global Tree Nodes: 4096, Particles: 800475, Halos: 186091
### Check ### Computational domain: -0.5 0.5 -0.5 0.5 -0.5 0.5
### Check ### Total Neighbors: 984000000, Avg neighbor count per particle: 123
### Check ### Total time: 8.74973e-05, current time-step: 8.9543e-06
### Check ### Total energy: 1, (internal: 0.999967, kinetic: 3.2621e-05, gravitational: 0)
### Check ### Focus Tree Nodes: 42883, maxDepth 6
=== Total time for iteration(23) 2.64224s

# domain::sync: 0.573471s
# FindNeighbors: 0.524677s
# Density: 0.127115s
# EquationOfState: 0.00108514s
# mpi::synchronizeHalos: 0.301547s
# IAD: 0.176558s
# mpi::synchronizeHalos: 0.143106s
# MomentumEnergyIAD: 0.480274s
# Timestep: 0.159362s
# UpdateQuantities: 0.00413617s
# UpdateSmoothingLength: 0.00238914s
### Check ### Global Tree Nodes: 4096, Particles: 800475, Halos: 186091
### Check ### Computational domain: -0.5 0.5 -0.5 0.5 -0.5 0.5
### Check ### Total Neighbors: 744000000, Avg neighbor count per particle: 93
### Check ### Total time: 9.73471e-05, current time-step: 9.84973e-06
### Check ### Total energy: 1, (internal: 0.99996, kinetic: 4.03313e-05, gravitational: 0)
### Check ### Focus Tree Nodes: 42883, maxDepth 6
=== Total time for iteration(24) 2.49373s

# domain::sync: 0.520252s
# FindNeighbors: 0.526611s
# Density: 0.127126s
# EquationOfState: 0.00115674s
# mpi::synchronizeHalos: 0.239909s
# IAD: 0.176687s
# mpi::synchronizeHalos: 0.137374s
# MomentumEnergyIAD: 0.473971s
# Timestep: 0.00536631s
# UpdateQuantities: 0.00406827s
# UpdateSmoothingLength: 0.00238796s
### Check ### Global Tree Nodes: 4096, Particles: 800475, Halos: 186091
### Check ### Computational domain: -0.5 0.5 -0.5 0.5 -0.5 0.5
### Check ### Total Neighbors: 744000000, Avg neighbor count per particle: 93
### Check ### Total time: 0.000108182, current time-step: 1.08347e-05
### Check ### Total energy: 1, (internal: 0.99995, kinetic: 4.97551e-05, gravitational: 0)
### Check ### Focus Tree Nodes: 42883, maxDepth 6
=== Total time for iteration(25) 2.21492s

# domain::sync: 0.325809s
# FindNeighbors: 0.565199s
# Density: 0.167003s
# EquationOfState: 0.00115787s
# mpi::synchronizeHalos: 0.302663s
# IAD: 0.242053s
# mpi::synchronizeHalos: 0.131091s
# MomentumEnergyIAD: 1.9299s
# Timestep: 0.000209622s
# UpdateQuantities: 0.0040906s
# UpdateSmoothingLength: 0.00230461s
### Check ### Global Tree Nodes: 4096, Particles: 800475, Halos: 186091
### Check ### Computational domain: -0.5 0.5 -0.5 0.5 -0.5 0.5
### Check ### Total Neighbors: 984000000, Avg neighbor count per particle: 123
### Check ### Total time: 0.0001201, current time-step: 1.19182e-05
### Check ### Total energy: 1, (internal: 0.999939, kinetic: 6.12619e-05, gravitational: 0)
### Check ### Focus Tree Nodes: 42883, maxDepth 6
=== Total time for iteration(26) 3.67148s

# domain::sync: 0.707474s
# FindNeighbors: 0.523637s
# Density: 0.127043s
# EquationOfState: 0.0011418s
# mpi::synchronizeHalos: 0.327995s
# IAD: 0.176936s
# mpi::synchronizeHalos: 0.267973s
# MomentumEnergyIAD: 0.483412s
# Timestep: 0.000221834s
# UpdateQuantities: 0.00406524s
# UpdateSmoothingLength: 0.00238584s
### Check ### Global Tree Nodes: 4096, Particles: 800475, Halos: 186091
### Check ### Computational domain: -0.5 0.5 -0.5 0.5 -0.5 0.5
### Check ### Total Neighbors: 744000000, Avg neighbor count per particle: 93
### Check ### Total time: 0.00013321, current time-step: 1.311e-05
### Check ### Total energy: 1, (internal: 0.999925, kinetic: 7.53011e-05, gravitational: 0)
### Check ### Focus Tree Nodes: 42883, maxDepth 6
=== Total time for iteration(27) 2.62229s

# domain::sync: 0.72437s
# FindNeighbors: 0.524923s
# Density: 0.127075s
# EquationOfState: 0.00112341s
# mpi::synchronizeHalos: 0.143901s
# IAD: 0.177638s
# mpi::synchronizeHalos: 0.263915s
# MomentumEnergyIAD: 0.480199s
# Timestep: 0.00023765s
# UpdateQuantities: 0.00407349s
# UpdateSmoothingLength: 0.00238719s
### Check ### Global Tree Nodes: 4096, Particles: 800475, Halos: 186091
### Check ### Computational domain: -0.5 0.5 -0.5 0.5 -0.5 0.5
### Check ### Total Neighbors: 744000000, Avg neighbor count per particle: 93
### Check ### Total time: 0.000147631, current time-step: 1.4421e-05
### Check ### Total energy: 1, (internal: 0.999908, kinetic: 9.24125e-05, gravitational: 0)
### Check ### Focus Tree Nodes: 42883, maxDepth 6
=== Total time for iteration(28) 2.44985s

# domain::sync: 0.664939s
# FindNeighbors: 0.527573s
# Density: 0.127525s
# EquationOfState: 0.00110689s
# mpi::synchronizeHalos: 0.276456s
# IAD: 0.177395s
# mpi::synchronizeHalos: 0.249525s
# MomentumEnergyIAD: 0.473448s
# Timestep: 0.0233652s
# UpdateQuantities: 0.00414316s
# UpdateSmoothingLength: 0.00243103s
### Check ### Global Tree Nodes: 4096, Particles: 800475, Halos: 186091
### Check ### Computational domain: -0.5 0.5 -0.5 0.5 -0.5 0.5
### Check ### Total Neighbors: 744000000, Avg neighbor count per particle: 93
### Check ### Total time: 0.000163494, current time-step: 1.58631e-05
### Check ### Total energy: 1, (internal: 0.999887, kinetic: 0.000113253, gravitational: 0)
### Check ### Focus Tree Nodes: 42883, maxDepth 6
=== Total time for iteration(29) 2.52791s

# domain::sync: 0.671105s
# FindNeighbors: 0.566022s
# Density: 0.167649s
# EquationOfState: 0.00114953s
# mpi::synchronizeHalos: 0.288404s
# IAD: 0.236769s
# mpi::synchronizeHalos: 0.207797s
# MomentumEnergyIAD: 1.40775s
# Timestep: 0.000219595s
# UpdateQuantities: 0.00407769s
# UpdateSmoothingLength: 0.00230561s
### Check ### Global Tree Nodes: 4096, Particles: 800475, Halos: 186091
### Check ### Computational domain: -0.5 0.5 -0.5 0.5 -0.5 0.5
### Check ### Total Neighbors: 984000000, Avg neighbor count per particle: 123
### Check ### Total time: 0.000180943, current time-step: 1.74494e-05
### Check ### Total energy: 1, (internal: 0.999861, kinetic: 0.000138619, gravitational: 0)
### Check ### Focus Tree Nodes: 42883, maxDepth 6
=== Total time for iteration(30) 3.55325s

# domain::sync: 0.504402s
# FindNeighbors: 0.523901s
# Density: 0.127006s
# EquationOfState: 0.00114732s
# mpi::synchronizeHalos: 0.161137s
# IAD: 0.178312s
# mpi::synchronizeHalos: 0.128755s
# MomentumEnergyIAD: 0.478125s
# Timestep: 0.193804s
# UpdateQuantities: 0.00412793s
# UpdateSmoothingLength: 0.00239321s
### Check ### Global Tree Nodes: 4096, Particles: 800475, Halos: 186091
### Check ### Computational domain: -0.5 0.5 -0.5 0.5 -0.5 0.5
### Check ### Total Neighbors: 744000000, Avg neighbor count per particle: 93
### Check ### Total time: 0.000200138, current time-step: 1.91943e-05
### Check ### Total energy: 1, (internal: 0.999831, kinetic: 0.000169478, gravitational: 0)
### Check ### Focus Tree Nodes: 42883, maxDepth 6
=== Total time for iteration(31) 2.30311s

# domain::sync: 0.519007s
# FindNeighbors: 0.525455s
# Density: 0.126986s
# EquationOfState: 0.00115906s
# mpi::synchronizeHalos: 0.162058s
# IAD: 0.17654s
# mpi::synchronizeHalos: 0.264407s
# MomentumEnergyIAD: 0.470657s
# Timestep: 0.226979s
# UpdateQuantities: 0.0041334s
# UpdateSmoothingLength: 0.00238978s
### Check ### Global Tree Nodes: 4096, Particles: 800475, Halos: 186091
### Check ### Computational domain: -0.5 0.5 -0.5 0.5 -0.5 0.5
### Check ### Total Neighbors: 744000000, Avg neighbor count per particle: 93
### Check ### Total time: 0.000221252, current time-step: 2.11138e-05
### Check ### Total energy: 1, (internal: 0.999793, kinetic: 0.000206989, gravitational: 0)
### Check ### Focus Tree Nodes: 42883, maxDepth 6
=== Total time for iteration(32) 2.47978s

# domain::sync: 0.655476s
# FindNeighbors: 0.528159s
# Density: 0.127259s
# EquationOfState: 0.00115672s
# mpi::synchronizeHalos: 0.266443s
# IAD: 0.176996s
# mpi::synchronizeHalos: 0.299024s
# MomentumEnergyIAD: 0.457935s
# Timestep: 0.000357939s
# UpdateQuantities: 0.00411942s
# UpdateSmoothingLength: 0.00239604s
### Check ### Global Tree Nodes: 4096, Particles: 800475, Halos: 186091
### Check ### Computational domain: -0.5 0.5 -0.5 0.5 -0.5 0.5
### Check ### Total Neighbors: 744000000, Avg neighbor count per particle: 93
### Check ### Total time: 0.000244477, current time-step: 2.32252e-05
### Check ### Total energy: 1, (internal: 0.999747, kinetic: 0.000252566, gravitational: 0)
### Check ### Focus Tree Nodes: 42883, maxDepth 6
=== Total time for iteration(33) 2.51933s

# domain::sync: 0.623917s
# FindNeighbors: 0.566736s
# Density: 0.166931s
# EquationOfState: 0.0011569s
# mpi::synchronizeHalos: 0.277124s
# IAD: 0.235345s
# mpi::synchronizeHalos: 0.293904s
# MomentumEnergyIAD: 0.992831s
# Timestep: 0.000231916s
# UpdateQuantities: 0.00406805s
# UpdateSmoothingLength: 0.00230308s
### Check ### Global Tree Nodes: 4096, Particles: 800475, Halos: 186091
### Check ### Computational domain: -0.5 0.5 -0.5 0.5 -0.5 0.5
### Check ### Total Neighbors: 984000000, Avg neighbor count per particle: 123
### Check ### Total time: 0.000270024, current time-step: 2.55477e-05
### Check ### Total energy: 1, (internal: 0.999692, kinetic: 0.000307914, gravitational: 0)
### Check ### Focus Tree Nodes: 42883, maxDepth 6
=== Total time for iteration(34) 3.16455s

# domain::sync: 0.341539s
# FindNeighbors: 0.524183s
# Density: 0.12747s
# EquationOfState: 0.00114209s
# mpi::synchronizeHalos: 0.113995s
# IAD: 0.176549s
# mpi::synchronizeHalos: 0.469027s
# MomentumEnergyIAD: 0.481175s
# Timestep: 0.0129595s
# UpdateQuantities: 0.00453648s
# UpdateSmoothingLength: 0.00238959s
### Check ### Global Tree Nodes: 4096, Particles: 800475, Halos: 186091
### Check ### Computational domain: -0.5 0.5 -0.5 0.5 -0.5 0.5
### Check ### Total Neighbors: 744000000, Avg neighbor count per particle: 93
### Check ### Total time: 0.000298127, current time-step: 2.81024e-05
### Check ### Total energy: 1, (internal: 0.999625, kinetic: 0.000375107, gravitational: 0)
### Check ### Focus Tree Nodes: 42883, maxDepth 6
=== Total time for iteration(35) 2.25497s

# domain::sync: 0.642995s
# FindNeighbors: 0.525495s
# Density: 0.127767s
# EquationOfState: 0.00108662s
# mpi::synchronizeHalos: 0.0930009s
# IAD: 0.176492s
# mpi::synchronizeHalos: 0.169281s
# MomentumEnergyIAD: 0.465896s
# Timestep: 0.120933s
# UpdateQuantities: 0.00414841s
# UpdateSmoothingLength: 0.00239143s
### Check ### Global Tree Nodes: 4096, Particles: 800475, Halos: 186091
### Check ### Computational domain: -0.5 0.5 -0.5 0.5 -0.5 0.5
### Check ### Total Neighbors: 744000000, Avg neighbor count per particle: 93
### Check ### Total time: 0.000329039, current time-step: 3.09127e-05
### Check ### Total energy: 1, (internal: 0.999543, kinetic: 0.000456627, gravitational: 0)
### Check ### Focus Tree Nodes: 42883, maxDepth 6
=== Total time for iteration(36) 2.32949s

# domain::sync: 0.515962s
# FindNeighbors: 0.527624s
# Density: 0.128379s
# EquationOfState: 0.00116186s
# mpi::synchronizeHalos: 0.305272s
# IAD: 0.176247s
# mpi::synchronizeHalos: 0.246944s
# MomentumEnergyIAD: 0.456524s
# Timestep: 0.0113016s
# UpdateQuantities: 0.00407682s
# UpdateSmoothingLength: 0.00239416s
### Check ### Global Tree Nodes: 4096, Particles: 800475, Halos: 186091
### Check ### Computational domain: -0.5 0.5 -0.5 0.5 -0.5 0.5
### Check ### Total Neighbors: 744000000, Avg neighbor count per particle: 93
### Check ### Total time: 0.000363043, current time-step: 3.40039e-05
### Check ### Total energy: 1, (internal: 0.999445, kinetic: 0.000555488, gravitational: 0)
### Check ### Focus Tree Nodes: 42883, maxDepth 6
=== Total time for iteration(37) 2.37589s

# domain::sync: 0.469608s
# FindNeighbors: 0.568388s
# Density: 0.167068s
# EquationOfState: 0.00115535s
# mpi::synchronizeHalos: 0.180052s
# IAD: 0.234648s
# mpi::synchronizeHalos: 0.376557s
# MomentumEnergyIAD: 0.782814s
# Timestep: 0.0141177s
# UpdateQuantities: 0.00412608s
# UpdateSmoothingLength: 0.00231096s
### Check ### Global Tree Nodes: 4096, Particles: 800475, Halos: 186091
### Check ### Computational domain: -0.5 0.5 -0.5 0.5 -0.5 0.5
### Check ### Total Neighbors: 984000000, Avg neighbor count per particle: 123
### Check ### Total time: 0.000400448, current time-step: 3.74043e-05
### Check ### Total energy: 1, (internal: 0.999325, kinetic: 0.000675329, gravitational: 0)
### Check ### Focus Tree Nodes: 42883, maxDepth 6
=== Total time for iteration(38) 2.80085s

# domain::sync: 0.67942s
# FindNeighbors: 0.524023s
# Density: 0.127189s
# EquationOfState: 0.00115401s
# mpi::synchronizeHalos: 0.12345s
# IAD: 0.176524s
# mpi::synchronizeHalos: 0.126708s
# MomentumEnergyIAD: 0.472431s
# Timestep: 0.187966s
# UpdateQuantities: 0.00415576s
# UpdateSmoothingLength: 0.00238776s
### Check ### Global Tree Nodes: 4096, Particles: 800475, Halos: 186091
### Check ### Computational domain: -0.5 0.5 -0.5 0.5 -0.5 0.5
### Check ### Total Neighbors: 744000000, Avg neighbor count per particle: 93
### Check ### Total time: 0.000441593, current time-step: 4.11448e-05
### Check ### Total energy: 1, (internal: 0.999179, kinetic: 0.00082056, gravitational: 0)
### Check ### Focus Tree Nodes: 42883, maxDepth 6
=== Total time for iteration(39) 2.42541s

# domain::sync: 0.668976s
# FindNeighbors: 0.52613s
# Density: 0.127446s
# EquationOfState: 0.00111206s
# mpi::synchronizeHalos: 0.279136s
# IAD: 0.177636s
# mpi::synchronizeHalos: 0.236665s
# MomentumEnergyIAD: 0.462461s
# Timestep: 0.029405s
# UpdateQuantities: 0.00413765s
# UpdateSmoothingLength: 0.00238732s
### Check ### Global Tree Nodes: 4096, Particles: 800475, Halos: 186091
### Check ### Computational domain: -0.5 0.5 -0.5 0.5 -0.5 0.5
### Check ### Total Neighbors: 744000000, Avg neighbor count per particle: 93
### Check ### Total time: 0.000486852, current time-step: 4.52593e-05
### Check ### Total energy: 1, (internal: 0.999004, kinetic: 0.000996444, gravitational: 0)
### Check ### Focus Tree Nodes: 42883, maxDepth 6
=== Total time for iteration(40) 2.5155s

# domain::sync: 0.360988s
# FindNeighbors: 0.528019s
# Density: 0.127633s
# EquationOfState: 0.0011397s
# mpi::synchronizeHalos: 0.192967s
# IAD: 0.178013s
# mpi::synchronizeHalos: 0.21672s
# MomentumEnergyIAD: 0.456163s
# Timestep: 0.138916s
# UpdateQuantities: 0.00413877s
# UpdateSmoothingLength: 0.00238975s
### Check ### Global Tree Nodes: 4096, Particles: 800475, Halos: 186091
### Check ### Computational domain: -0.5 0.5 -0.5 0.5 -0.5 0.5
### Check ### Total Neighbors: 744000000, Avg neighbor count per particle: 93
### Check ### Total time: 0.000536637, current time-step: 4.97852e-05
### Check ### Total energy: 1, (internal: 0.998791, kinetic: 0.00120936, gravitational: 0)
### Check ### Focus Tree Nodes: 42883, maxDepth 6
=== Total time for iteration(41) 2.20709s

# domain::sync: 0.56645s
# FindNeighbors: 0.5682s
# Density: 0.16722s
# EquationOfState: 0.00115783s
# mpi::synchronizeHalos: 0.26474s
# IAD: 0.233808s
# mpi::synchronizeHalos: 0.229497s
# MomentumEnergyIAD: 0.767641s
# Timestep: 0.000371447s
# UpdateQuantities: 0.00406505s
# UpdateSmoothingLength: 0.00230369s
### Check ### Global Tree Nodes: 4096, Particles: 800475, Halos: 186091
### Check ### Computational domain: -0.5 0.5 -0.5 0.5 -0.5 0.5
### Check ### Total Neighbors: 984000000, Avg neighbor count per particle: 123
### Check ### Total time: 0.000591401, current time-step: 5.47637e-05
### Check ### Total energy: 1, (internal: 0.998533, kinetic: 0.00146697, gravitational: 0)
### Check ### Focus Tree Nodes: 42883, maxDepth 6
=== Total time for iteration(42) 2.80546s

# domain::sync: 0.523778s
# FindNeighbors: 0.524599s
# Density: 0.126993s
# EquationOfState: 0.0011574s
# mpi::synchronizeHalos: 0.16322s
# IAD: 0.176751s
# mpi::synchronizeHalos: 0.525145s
# MomentumEnergyIAD: 0.475071s
# Timestep: 0.0100632s
# UpdateQuantities: 0.00410118s
# UpdateSmoothingLength: 0.00238812s
### Check ### Global Tree Nodes: 4096, Particles: 800475, Halos: 186091
### Check ### Computational domain: -0.5 0.5 -0.5 0.5 -0.5 0.5
### Check ### Total Neighbors: 744000000, Avg neighbor count per particle: 93
### Check ### Total time: 0.000651641, current time-step: 6.02401e-05
### Check ### Total energy: 1, (internal: 0.998221, kinetic: 0.00177853, gravitational: 0)
### Check ### Focus Tree Nodes: 42883, maxDepth 6
=== Total time for iteration(43) 2.53327s

# domain::sync: 0.708556s
# FindNeighbors: 0.527874s
# Density: 0.127477s
# EquationOfState: 0.00115536s
# mpi::synchronizeHalos: 0.29082s
# IAD: 0.176602s
# mpi::synchronizeHalos: 0.140322s
# MomentumEnergyIAD: 0.459188s
# Timestep: 0.134034s
# UpdateQuantities: 0.00414951s
# UpdateSmoothingLength: 0.00239273s
### Check ### Global Tree Nodes: 4096, Particles: 800475, Halos: 186091
### Check ### Computational domain: -0.5 0.5 -0.5 0.5 -0.5 0.5
### Check ### Total Neighbors: 744000000, Avg neighbor count per particle: 93
### Check ### Total time: 0.000717905, current time-step: 6.62641e-05
### Check ### Total energy: 1, (internal: 0.997845, kinetic: 0.00215504, gravitational: 0)
### Check ### Focus Tree Nodes: 42883, maxDepth 6
=== Total time for iteration(44) 2.57258s

# domain::sync: 0.540039s
# FindNeighbors: 0.527717s
# Density: 0.127156s
# EquationOfState: 0.00114217s
# mpi::synchronizeHalos: 0.108769s
# IAD: 0.176261s
# mpi::synchronizeHalos: 0.349338s
# MomentumEnergyIAD: 0.449598s
# Timestep: 0.0567619s
# UpdateQuantities: 0.00414152s
# UpdateSmoothingLength: 0.00238583s
### Check ### Global Tree Nodes: 4096, Particles: 800475, Halos: 186091
### Check ### Computational domain: -0.5 0.5 -0.5 0.5 -0.5 0.5
### Check ### Total Neighbors: 744714912, Avg neighbor count per particle: 93
### Check ### Total time: 0.000787642, current time-step: 6.97371e-05
### Check ### Total energy: 1, (internal: 0.997411, kinetic: 0.00258913, gravitational: 0)
### Check ### Focus Tree Nodes: 42883, maxDepth 6
=== Total time for iteration(45) 2.34331s

# domain::sync: 0.368654s
# FindNeighbors: 0.56833s
# Density: 0.167086s
# EquationOfState: 0.0011139s
# mpi::synchronizeHalos: 0.124632s
# IAD: 0.233429s
# mpi::synchronizeHalos: 0.287591s
# MomentumEnergyIAD: 0.747035s
# Timestep: 0.021849s
# UpdateQuantities: 0.00414543s
# UpdateSmoothingLength: 0.00230507s
### Check ### Global Tree Nodes: 4096, Particles: 800475, Halos: 186091
### Check ### Computational domain: -0.5 0.5 -0.5 0.5 -0.5 0.5
### Check ### Total Neighbors: 982552968, Avg neighbor count per particle: 122
### Check ### Total time: 0.000858048, current time-step: 7.04061e-05
### Check ### Total energy: 1, (internal: 0.996933, kinetic: 0.00306632, gravitational: 0)
### Check ### Focus Tree Nodes: 42883, maxDepth 6
=== Total time for iteration(46) 2.52618s

# domain::sync: 0.544485s
# FindNeighbors: 0.524179s
# Density: 0.127051s
# EquationOfState: 0.00114285s
# mpi::synchronizeHalos: 0.296142s
# IAD: 0.175614s
# mpi::synchronizeHalos: 0.133944s
# MomentumEnergyIAD: 0.469383s
# Timestep: 0.0232065s
# UpdateQuantities: 0.00413287s
# UpdateSmoothingLength: 0.00238732s
### Check ### Global Tree Nodes: 4096, Particles: 800475, Halos: 186091
### Check ### Computational domain: -0.5 0.5 -0.5 0.5 -0.5 0.5
### Check ### Total Neighbors: 744182376, Avg neighbor count per particle: 93
### Check ### Total time: 0.000929138, current time-step: 7.10899e-05
### Check ### Total energy: 1, (internal: 0.996412, kinetic: 0.00358752, gravitational: 0)
### Check ### Focus Tree Nodes: 42883, maxDepth 6
=== Total time for iteration(47) 2.30167s

# domain::sync: 0.366261s
# FindNeighbors: 0.526084s
# Density: 0.128194s
# EquationOfState: 0.00116199s
# mpi::synchronizeHalos: 0.175236s
# IAD: 0.175799s
# mpi::synchronizeHalos: 0.216713s
# MomentumEnergyIAD: 0.45535s
# Timestep: 0.26912s
# UpdateQuantities: 0.00414948s
# UpdateSmoothingLength: 0.0023898s
### Check ### Global Tree Nodes: 4096, Particles: 800475, Halos: 186091
### Check ### Computational domain: -0.5 0.5 -0.5 0.5 -0.5 0.5
### Check ### Total Neighbors: 745554912, Avg neighbor count per particle: 93
### Check ### Total time: 0.00099895, current time-step: 6.98115e-05
### Check ### Total energy: 0.999999, (internal: 0.995862, kinetic: 0.00413724, gravitational: 0)
### Check ### Focus Tree Nodes: 42883, maxDepth 6
=== Total time for iteration(48) 2.32046s

# domain::sync: 0.401633s
# FindNeighbors: 0.528012s
# Density: 0.129834s
# EquationOfState: 0.00115752s
# mpi::synchronizeHalos: 0.111952s
# IAD: 0.175159s
# mpi::synchronizeHalos: 0.245878s
# MomentumEnergyIAD: 0.458239s
# Timestep: 0.0515429s
# UpdateQuantities: 0.00421658s
# UpdateSmoothingLength: 0.00238653s
### Check ### Global Tree Nodes: 4096, Particles: 800475, Halos: 186091
### Check ### Computational domain: -0.5 0.5 -0.5 0.5 -0.5 0.5
### Check ### Total Neighbors: 747982656, Avg neighbor count per particle: 93
### Check ### Total time: 0.00106945, current time-step: 7.05013e-05
### Check ### Total energy: 0.999999, (internal: 0.995269, kinetic: 0.00473008, gravitational: 0)
### Check ### Focus Tree Nodes: 42883, maxDepth 6
=== Total time for iteration(49) 2.11001s

# domain::sync: 0.650939s
# FindNeighbors: 0.569045s
# Density: 0.167185s
# EquationOfState: 0.00116577s
# mpi::synchronizeHalos: 0.306266s
# IAD: 0.233185s
# mpi::synchronizeHalos: 0.087622s
# MomentumEnergyIAD: 0.728635s
# Timestep: 0.000215618s
# UpdateQuantities: 0.00408933s
# UpdateSmoothingLength: 0.0023043s
### Check ### Global Tree Nodes: 4096, Particles: 800475, Halos: 186091
### Check ### Computational domain: -0.5 0.5 -0.5 0.5 -0.5 0.5
### Check ### Total Neighbors: 973415982, Avg neighbor count per particle: 121
### Check ### Total time: 0.00114066, current time-step: 7.1208e-05
### Check ### Total energy: 0.999999, (internal: 0.994633, kinetic: 0.00536665, gravitational: 0)
### Check ### Focus Tree Nodes: 42883, maxDepth 6
=== Total time for iteration(50) 2.75066s

# domain::sync: 0.645198s
# FindNeighbors: 0.524698s
# Density: 0.132055s
# EquationOfState: 0.00115636s
# mpi::synchronizeHalos: 0.153156s
# IAD: 0.177786s
# mpi::synchronizeHalos: 0.271408s
# MomentumEnergyIAD: 0.469185s
# Timestep: 0.202768s
# UpdateQuantities: 0.0041619s
# UpdateSmoothingLength: 0.00238721s
### Check ### Global Tree Nodes: 4096, Particles: 800475, Halos: 186091
### Check ### Computational domain: -0.5 0.5 -0.5 0.5 -0.5 0.5
### Check ### Total Neighbors: 750291798, Avg neighbor count per particle: 93
### Check ### Total time: 0.00121243, current time-step: 7.17753e-05
### Check ### Total energy: 0.999999, (internal: 0.993953, kinetic: 0.00604619, gravitational: 0)
### Check ### Focus Tree Nodes: 42883, maxDepth 6
=== Total time for iteration(51) 2.58396s

# domain::sync: 0.504249s
# FindNeighbors: 0.526287s
# Density: 0.12902s
# EquationOfState: 0.00113206s
# mpi::synchronizeHalos: 0.111844s
# IAD: 0.176171s
# mpi::synchronizeHalos: 0.285191s
# MomentumEnergyIAD: 0.460387s
# Timestep: 0.00994919s
# UpdateQuantities: 0.00408131s
# UpdateSmoothingLength: 0.00238761s
### Check ### Global Tree Nodes: 4096, Particles: 800475, Halos: 186091
### Check ### Computational domain: -0.5 0.5 -0.5 0.5 -0.5 0.5
### Check ### Total Neighbors: 746811594, Avg neighbor count per particle: 93
### Check ### Total time: 0.00128444, current time-step: 7.20051e-05
### Check ### Total energy: 0.999999, (internal: 0.993234, kinetic: 0.00676543, gravitational: 0)
### Check ### Focus Tree Nodes: 42883, maxDepth 6
=== Total time for iteration(52) 2.2107s

# domain::sync: 0.57098s
# FindNeighbors: 0.564805s
# Density: 0.167678s
# EquationOfState: 0.00118393s
# mpi::synchronizeHalos: 0.236133s
# IAD: 0.239135s
# mpi::synchronizeHalos: 0.148809s
# MomentumEnergyIAD: 1.55392s
# Timestep: 0.000372546s
# UpdateQuantities: 0.0040883s
# UpdateSmoothingLength: 0.00230622s
### Check ### Global Tree Nodes: 4096, Particles: 800475, Halos: 186091
### Check ### Computational domain: -0.5 0.5 -0.5 0.5 -0.5 0.5
### Check ### Total Neighbors: 968568894, Avg neighbor count per particle: 121
### Check ### Total time: 0.00135546, current time-step: 7.10226e-05
### Check ### Total energy: 0.999999, (internal: 0.992488, kinetic: 0.00751103, gravitational: 0)
### Check ### Focus Tree Nodes: 42883, maxDepth 6
=== Total time for iteration(53) 3.48942s

# domain::sync: 0.578495s
# FindNeighbors: 0.522744s
# Density: 0.131821s
# EquationOfState: 0.00113237s
# mpi::synchronizeHalos: 0.133672s
# IAD: 0.176641s
# mpi::synchronizeHalos: 0.423788s
# MomentumEnergyIAD: 0.469663s
# Timestep: 0.0102341s
# UpdateQuantities: 0.00409693s
# UpdateSmoothingLength: 0.00238586s
### Check ### Global Tree Nodes: 4096, Particles: 800475, Halos: 186091
### Check ### Computational domain: -0.5 0.5 -0.5 0.5 -0.5 0.5
### Check ### Total Neighbors: 750126291, Avg neighbor count per particle: 93
### Check ### Total time: 0.00142701, current time-step: 7.1548e-05
### Check ### Total energy: 0.999999, (internal: 0.991701, kinetic: 0.00829792, gravitational: 0)
### Check ### Focus Tree Nodes: 42883, maxDepth 6
=== Total time for iteration(54) 2.45468s

# domain::sync: 0.654969s
# FindNeighbors: 0.524219s
# Density: 0.131048s
# EquationOfState: 0.00110655s
# mpi::synchronizeHalos: 0.318517s
# IAD: 0.176662s
# mpi::synchronizeHalos: 0.302531s
# MomentumEnergyIAD: 0.468119s
# Timestep: 0.00035008s
# UpdateQuantities: 0.00407099s
# UpdateSmoothingLength: 0.00238384s
### Check ### Global Tree Nodes: 4096, Particles: 800475, Halos: 186091
### Check ### Computational domain: -0.5 0.5 -0.5 0.5 -0.5 0.5
### Check ### Total Neighbors: 749991042, Avg neighbor count per particle: 93
### Check ### Total time: 0.00149864, current time-step: 7.16328e-05
### Check ### Total energy: 0.999998, (internal: 0.990877, kinetic: 0.00912096, gravitational: 0)
### Check ### Focus Tree Nodes: 42883, maxDepth 6
=== Total time for iteration(55) 2.58398s

# domain::sync: 0.620614s
# FindNeighbors: 0.527396s
# Density: 0.12934s
# EquationOfState: 0.00115792s
# mpi::synchronizeHalos: 0.244767s
# IAD: 0.175068s
# mpi::synchronizeHalos: 0.127432s
# MomentumEnergyIAD: 0.458513s
# Timestep: 0.176889s
# UpdateQuantities: 0.00416228s
# UpdateSmoothingLength: 0.00238767s
### Check ### Global Tree Nodes: 4096, Particles: 800475, Halos: 186091
### Check ### Computational domain: -0.5 0.5 -0.5 0.5 -0.5 0.5
### Check ### Total Neighbors: 747069678, Avg neighbor count per particle: 93
### Check ### Total time: 0.00157134, current time-step: 7.2699e-05
### Check ### Total energy: 0.999998, (internal: 0.990007, kinetic: 0.00999159, gravitational: 0)
### Check ### Focus Tree Nodes: 42883, maxDepth 6
=== Total time for iteration(56) 2.46773s

# domain::sync: 0.312647s
# FindNeighbors: 0.566117s
# Density: 0.167165s
# EquationOfState: 0.00118332s
# mpi::synchronizeHalos: 0.193178s
# IAD: 0.238192s
# mpi::synchronizeHalos: 0.31755s
# MomentumEnergyIAD: 1.05388s
# Timestep: 0.0336963s
# UpdateQuantities: 0.00415161s
# UpdateSmoothingLength: 0.00230719s
### Check ### Global Tree Nodes: 4096, Particles: 800475, Halos: 186091
### Check ### Computational domain: -0.5 0.5 -0.5 0.5 -0.5 0.5
### Check ### Total Neighbors: 969288891, Avg neighbor count per particle: 121
### Check ### Total time: 0.00164482, current time-step: 7.34799e-05
### Check ### Total energy: 0.999998, (internal: 0.989091, kinetic: 0.0109069, gravitational: 0)
### Check ### Focus Tree Nodes: 42883, maxDepth 6
=== Total time for iteration(57) 2.89007s

# domain::sync: 0.633237s
# FindNeighbors: 0.523583s
# Density: 0.131519s
# EquationOfState: 0.00115444s
# mpi::synchronizeHalos: 0.122008s
# IAD: 0.177865s
# mpi::synchronizeHalos: 0.172435s
# MomentumEnergyIAD: 0.467142s
# Timestep: 0.177492s
# UpdateQuantities: 0.00415531s
# UpdateSmoothingLength: 0.00238922s
### Check ### Global Tree Nodes: 4096, Particles: 800475, Halos: 186091
### Check ### Computational domain: -0.5 0.5 -0.5 0.5 -0.5 0.5
### Check ### Total Neighbors: 749417409, Avg neighbor count per particle: 93
### Check ### Total time: 0.00171825, current time-step: 7.34291e-05
### Check ### Total energy: 0.999998, (internal: 0.988142, kinetic: 0.0118563, gravitational: 0)
### Check ### Focus Tree Nodes: 42883, maxDepth 6
=== Total time for iteration(58) 2.41299s

# domain::sync: 0.661209s
# FindNeighbors: 0.525402s
# Density: 0.131992s
# EquationOfState: 0.00115318s
# mpi::synchronizeHalos: 0.269589s
# IAD: 0.17679s
# mpi::synchronizeHalos: 0.27346s
# MomentumEnergyIAD: 0.469095s
# Timestep: 0.0127322s
# UpdateQuantities: 0.00421636s
# UpdateSmoothingLength: 0.00238516s
### Check ### Global Tree Nodes: 4096, Particles: 800475, Halos: 186091
### Check ### Computational domain: -0.5 0.5 -0.5 0.5 -0.5 0.5
### Check ### Total Neighbors: 749924877, Avg neighbor count per particle: 93
### Check ### Total time: 0.00179191, current time-step: 7.36559e-05
### Check ### Total energy: 0.999998, (internal: 0.987155, kinetic: 0.0128426, gravitational: 0)
### Check ### Focus Tree Nodes: 42883, maxDepth 6
=== Total time for iteration(59) 2.52803s

# domain::sync: 0.513547s
# FindNeighbors: 0.527934s
# Density: 0.129526s
# EquationOfState: 0.00115692s
# mpi::synchronizeHalos: 0.256561s
# IAD: 0.177023s
# mpi::synchronizeHalos: 0.283442s
# MomentumEnergyIAD: 0.461886s
# Timestep: 0.0221805s
# UpdateQuantities: 0.00414104s
# UpdateSmoothingLength: 0.00238858s
### Check ### Global Tree Nodes: 4096, Particles: 800475, Halos: 186091
### Check ### Computational domain: -0.5 0.5 -0.5 0.5 -0.5 0.5
### Check ### Total Neighbors: 747278175, Avg neighbor count per particle: 93
### Check ### Total time: 0.00186569, current time-step: 7.37876e-05
### Check ### Total energy: 0.999997, (internal: 0.986133, kinetic: 0.013864, gravitational: 0)
### Check ### Focus Tree Nodes: 42883, maxDepth 6
=== Total time for iteration(60) 2.37979s

# domain::sync: 0.50367s
# FindNeighbors: 0.566286s
# Density: 0.166843s
# EquationOfState: 0.00108505s
# mpi::synchronizeHalos: 0.255085s
# IAD: 0.23491s
# mpi::synchronizeHalos: 0.130535s
# MomentumEnergyIAD: 0.791495s
# Timestep: 0.216438s
# UpdateQuantities: 0.00416946s
# UpdateSmoothingLength: 0.00230746s
### Check ### Global Tree Nodes: 4096, Particles: 800475, Halos: 186091
### Check ### Computational domain: -0.5 0.5 -0.5 0.5 -0.5 0.5
### Check ### Total Neighbors: 969709162, Avg neighbor count per particle: 121
### Check ### Total time: 0.0019398, current time-step: 7.4105e-05
### Check ### Total energy: 0.999997, (internal: 0.985075, kinetic: 0.0149225, gravitational: 0)
### Check ### Focus Tree Nodes: 42883, maxDepth 6
=== Total time for iteration(61) 2.87283s

# domain::sync: 0.521396s
# FindNeighbors: 0.523616s
# Density: 0.131129s
# EquationOfState: 0.00108678s
# mpi::synchronizeHalos: 0.149578s
# IAD: 0.175158s
# mpi::synchronizeHalos: 0.272872s
# MomentumEnergyIAD: 0.46788s
# Timestep: 0.187726s
# UpdateQuantities: 0.00415598s
# UpdateSmoothingLength: 0.00239015s
### Check ### Global Tree Nodes: 4096, Particles: 800475, Halos: 186091
### Check ### Computational domain: -0.5 0.5 -0.5 0.5 -0.5 0.5
### Check ### Total Neighbors: 748931382, Avg neighbor count per particle: 93
### Check ### Total time: 0.00201419, current time-step: 7.43868e-05
### Check ### Total energy: 0.999997, (internal: 0.98398, kinetic: 0.0160171, gravitational: 0)
### Check ### Focus Tree Nodes: 42883, maxDepth 6
=== Total time for iteration(62) 2.43699s

# domain::sync: 0.69252s
# FindNeighbors: 0.525912s
# Density: 0.131855s
# EquationOfState: 0.00115366s
# mpi::synchronizeHalos: 0.248263s
# IAD: 0.176303s
# mpi::synchronizeHalos: 0.275663s
# MomentumEnergyIAD: 0.472247s
# Timestep: 0.00422612s
# UpdateQuantities: 0.00408242s
# UpdateSmoothingLength: 0.00238298s
### Check ### Global Tree Nodes: 4096, Particles: 800475, Halos: 186091
### Check ### Computational domain: -0.5 0.5 -0.5 0.5 -0.5 0.5
### Check ### Total Neighbors: 749862698, Avg neighbor count per particle: 93
### Check ### Total time: 0.00208986, current time-step: 7.56767e-05
### Check ### Total energy: 0.999997, (internal: 0.982834, kinetic: 0.0171628, gravitational: 0)
### Check ### Focus Tree Nodes: 42883, maxDepth 6
=== Total time for iteration(63) 2.53461s

# domain::sync: 0.52446s
# FindNeighbors: 0.527579s
# Density: 0.130319s
# EquationOfState: 0.00107398s
# mpi::synchronizeHalos: 0.139992s
# IAD: 0.174777s
# mpi::synchronizeHalos: 0.159027s
# MomentumEnergyIAD: 0.461915s
# Timestep: 0.00279925s
# UpdateQuantities: 0.0040618s
# UpdateSmoothingLength: 0.00238737s
### Check ### Global Tree Nodes: 4096, Particles: 800475, Halos: 188467
### Check ### Computational domain: -0.5 0.5 -0.5 0.5 -0.5 0.5
### Check ### Total Neighbors: 747441417, Avg neighbor count per particle: 93
### Check ### Total time: 0.00216665, current time-step: 7.67902e-05
### Check ### Total energy: 0.999996, (internal: 0.981639, kinetic: 0.0183574, gravitational: 0)
### Check ### Focus Tree Nodes: 42883, maxDepth 6
=== Total time for iteration(64) 2.1284s

# domain::sync: 0.711478s
# FindNeighbors: 0.568889s
# Density: 0.167012s
# EquationOfState: 0.00115579s
# mpi::synchronizeHalos: 0.276904s
# IAD: 0.233449s
# mpi::synchronizeHalos: 0.134888s
# MomentumEnergyIAD: 0.76658s
# Timestep: 0.167711s
# UpdateQuantities: 0.00414377s
# UpdateSmoothingLength: 0.00230455s
### Check ### Global Tree Nodes: 4096, Particles: 800475, Halos: 188548
### Check ### Computational domain: -0.5 0.5 -0.5 0.5 -0.5 0.5
### Check ### Total Neighbors: 969932112, Avg neighbor count per particle: 121
### Check ### Total time: 0.00224284, current time-step: 7.61894e-05
### Check ### Total energy: 0.999996, (internal: 0.980423, kinetic: 0.0195734, gravitational: 0)
### Check ### Focus Tree Nodes: 42883, maxDepth 6
=== Total time for iteration(65) 3.03452s

# domain::sync: 0.676821s
# FindNeighbors: 0.5238s
# Density: 0.131351s
# EquationOfState: 0.00115807s
# mpi::synchronizeHalos: 0.136617s
# IAD: 0.175554s
# mpi::synchronizeHalos: 0.292197s
# MomentumEnergyIAD: 0.465654s
# Timestep: 0.100997s
# UpdateQuantities: 0.00416031s
# UpdateSmoothingLength: 0.00238813s
### Check ### Global Tree Nodes: 4096, Particles: 800475, Halos: 188548
### Check ### Computational domain: -0.5 0.5 -0.5 0.5 -0.5 0.5
### Check ### Total Neighbors: 749037285, Avg neighbor count per particle: 93
### Check ### Total time: 0.00231915, current time-step: 7.63101e-05
### Check ### Total energy: 0.999996, (internal: 0.979174, kinetic: 0.0208214, gravitational: 0)
### Check ### Focus Tree Nodes: 42883, maxDepth 6
=== Total time for iteration(66) 2.5107s

# domain::sync: 0.517401s
# FindNeighbors: 0.526486s
# Density: 0.131414s
# EquationOfState: 0.00115636s
# mpi::synchronizeHalos: 0.245402s
# IAD: 0.176374s
# mpi::synchronizeHalos: 0.0937952s
# MomentumEnergyIAD: 0.467314s
# Timestep: 0.00907999s
# UpdateQuantities: 0.00411006s
# UpdateSmoothingLength: 0.00238916s
### Check ### Global Tree Nodes: 4096, Particles: 800475, Halos: 189277
### Check ### Computational domain: -0.5 0.5 -0.5 0.5 -0.5 0.5
### Check ### Total Neighbors: 749396196, Avg neighbor count per particle: 93
### Check ### Total time: 0.00239643, current time-step: 7.72798e-05
### Check ### Total energy: 0.999995, (internal: 0.977881, kinetic: 0.0221148, gravitational: 0)
### Check ### Focus Tree Nodes: 42883, maxDepth 6
=== Total time for iteration(67) 2.17492s

# domain::sync: 0.48123s
# FindNeighbors: 0.531819s
# Density: 0.129716s
# EquationOfState: 0.00115116s
# mpi::synchronizeHalos: 0.482192s
# IAD: 0.176839s
# mpi::synchronizeHalos: 0.280294s
# MomentumEnergyIAD: 0.460739s
# Timestep: 0.0238288s
# UpdateQuantities: 0.00415928s
# UpdateSmoothingLength: 0.00242591s
### Check ### Global Tree Nodes: 4096, Particles: 800475, Halos: 189439
### Check ### Computational domain: -0.5 0.5 -0.5 0.5 -0.5 0.5
### Check ### Total Neighbors: 747519549, Avg neighbor count per particle: 93
### Check ### Total time: 0.00247487, current time-step: 7.84359e-05
### Check ### Total energy: 0.999995, (internal: 0.976538, kinetic: 0.023457, gravitational: 0)
### Check ### Focus Tree Nodes: 42883, maxDepth 6
=== Total time for iteration(68) 2.5744s

# domain::sync: 0.602087s
# FindNeighbors: 0.568359s
# Density: 0.167491s
# EquationOfState: 0.00116173s
# mpi::synchronizeHalos: 0.112185s
# IAD: 0.232826s
# mpi::synchronizeHalos: 0.306807s
# MomentumEnergyIAD: 0.738929s
# Timestep: 0.0022163s
# UpdateQuantities: 0.00405839s
# UpdateSmoothingLength: 0.00235664s
### Check ### Global Tree Nodes: 4096, Particles: 800475, Halos: 189439
### Check ### Computational domain: -0.5 0.5 -0.5 0.5 -0.5 0.5
### Check ### Total Neighbors: 970208717, Avg neighbor count per particle: 121
### Check ### Total time: 0.00255427, current time-step: 7.94041e-05
### Check ### Total energy: 0.999995, (internal: 0.97515, kinetic: 0.0248447, gravitational: 0)
### Check ### Focus Tree Nodes: 42883, maxDepth 6
=== Total time for iteration(69) 2.73848s

# domain::sync: 0.493045s
# FindNeighbors: 0.524022s
# Density: 0.131274s
# EquationOfState: 0.00116187s
# mpi::synchronizeHalos: 0.258276s
# IAD: 0.175278s
# mpi::synchronizeHalos: 0.0879954s
# MomentumEnergyIAD: 0.469641s
# Timestep: 0.187953s
# UpdateQuantities: 0.00415849s
# UpdateSmoothingLength: 0.00238898s
### Check ### Global Tree Nodes: 4096, Particles: 800475, Halos: 189439
### Check ### Computational domain: -0.5 0.5 -0.5 0.5 -0.5 0.5
### Check ### Total Neighbors: 748821592, Avg neighbor count per particle: 93
### Check ### Total time: 0.00263474, current time-step: 8.04712e-05
### Check ### Total energy: 0.999995, (internal: 0.973715, kinetic: 0.0262798, gravitational: 0)
### Check ### Focus Tree Nodes: 42883, maxDepth 6
=== Total time for iteration(70) 2.3352s

# domain::sync: 0.68536s
# FindNeighbors: 0.526723s
# Density: 0.131369s
# EquationOfState: 0.00116149s
# mpi::synchronizeHalos: 0.100681s
# IAD: 0.17627s
# mpi::synchronizeHalos: 0.324884s
# MomentumEnergyIAD: 0.469314s
# Timestep: 0.000186409s
# UpdateQuantities: 0.00409688s
# UpdateSmoothingLength: 0.00238512s
### Check ### Global Tree Nodes: 4096, Particles: 800475, Halos: 190249
### Check ### Computational domain: -0.5 0.5 -0.5 0.5 -0.5 0.5
### Check ### Total Neighbors: 749088392, Avg neighbor count per particle: 93
### Check ### Total time: 0.00271572, current time-step: 8.0975e-05
### Check ### Total energy: 0.999995, (internal: 0.972243, kinetic: 0.0277518, gravitational: 0)
### Check ### Focus Tree Nodes: 42883, maxDepth 6
=== Total time for iteration(71) 2.42244s

# domain::sync: 0.323561s
# FindNeighbors: 0.528161s
# Density: 0.130278s
# EquationOfState: 0.00116826s
# mpi::synchronizeHalos: 0.279695s
# IAD: 0.174527s
# mpi::synchronizeHalos: 0.314119s
# MomentumEnergyIAD: 0.467814s
# Timestep: 0.0274841s
# UpdateQuantities: 0.00411922s
# UpdateSmoothingLength: 0.00241576s
### Check ### Global Tree Nodes: 4096, Particles: 800475, Halos: 190411
### Check ### Computational domain: -0.5 0.5 -0.5 0.5 -0.5 0.5
### Check ### Total Neighbors: 747955877, Avg neighbor count per particle: 93
### Check ### Total time: 0.00279745, current time-step: 8.17364e-05
### Check ### Total energy: 0.999994, (internal: 0.970729, kinetic: 0.029265, gravitational: 0)
### Check ### Focus Tree Nodes: 42883, maxDepth 6
=== Total time for iteration(72) 2.25335s

# domain::sync: 0.523441s
# FindNeighbors: 0.568716s
# Density: 0.167085s
# EquationOfState: 0.00109079s
# mpi::synchronizeHalos: 0.169786s
# IAD: 0.232378s
# mpi::synchronizeHalos: 0.36341s
# MomentumEnergyIAD: 0.725066s
# Timestep: 0.000219989s
# UpdateQuantities: 0.0040766s
# UpdateSmoothingLength: 0.00230477s
### Check ### Global Tree Nodes: 4096, Particles: 800475, Halos: 190411
### Check ### Computational domain: -0.5 0.5 -0.5 0.5 -0.5 0.5
### Check ### Total Neighbors: 970319250, Avg neighbor count per particle: 121
### Check ### Total time: 0.00287868, current time-step: 8.12242e-05
### Check ### Total energy: 0.999994, (internal: 0.969199, kinetic: 0.0307945, gravitational: 0)
### Check ### Focus Tree Nodes: 42883, maxDepth 6
=== Total time for iteration(73) 2.75758s

# domain::sync: 0.673337s
# FindNeighbors: 0.52411s
# Density: 0.130995s
# EquationOfState: 0.00115186s
# mpi::synchronizeHalos: 0.0946746s
# IAD: 0.175545s
# mpi::synchronizeHalos: 0.259768s
# MomentumEnergyIAD: 0.466061s
# Timestep: 0.052097s
# UpdateQuantities: 0.00414735s
# UpdateSmoothingLength: 0.00238829s
### Check ### Global Tree Nodes: 4096, Particles: 800475, Halos: 190411
### Check ### Computational domain: -0.5 0.5 -0.5 0.5 -0.5 0.5
### Check ### Total Neighbors: 748833479, Avg neighbor count per particle: 93
### Check ### Total time: 0.00296092, current time-step: 8.22455e-05
### Check ### Total energy: 0.999994, (internal: 0.967625, kinetic: 0.0323688, gravitational: 0)
### Check ### Focus Tree Nodes: 42883, maxDepth 6
=== Total time for iteration(74) 2.38428s

# domain::sync: 0.644833s
# FindNeighbors: 0.526616s
# Density: 0.131081s
# EquationOfState: 0.00115569s
# mpi::synchronizeHalos: 0.203269s
# IAD: 0.175701s
# mpi::synchronizeHalos: 0.378429s
# MomentumEnergyIAD: 0.466044s
# Timestep: 0.037543s
# UpdateQuantities: 0.00415606s
# UpdateSmoothingLength: 0.00238687s
### Check ### Global Tree Nodes: 4096, Particles: 800475, Halos: 190411
### Check ### Computational domain: -0.5 0.5 -0.5 0.5 -0.5 0.5
### Check ### Total Neighbors: 748802298, Avg neighbor count per particle: 93
### Check ### Total time: 0.00304412, current time-step: 8.31943e-05
### Check ### Total energy: 0.999993, (internal: 0.966007, kinetic: 0.033986, gravitational: 0)
### Check ### Focus Tree Nodes: 42883, maxDepth 6
=== Total time for iteration(75) 2.57122s

# domain::sync: 0.688685s
# FindNeighbors: 0.565377s
# Density: 0.166794s
# EquationOfState: 0.00110268s
# mpi::synchronizeHalos: 0.328291s
# IAD: 0.232799s
# mpi::synchronizeHalos: 0.230761s
# MomentumEnergyIAD: 1.93867s
# Timestep: 0.213971s
# UpdateQuantities: 0.00415362s
# UpdateSmoothingLength: 0.00230421s
### Check ### Global Tree Nodes: 4096, Particles: 800475, Halos: 190573
### Check ### Computational domain: -0.5 0.5 -0.5 0.5 -0.5 0.5
### Check ### Total Neighbors: 966841284, Avg neighbor count per particle: 120
### Check ### Total time: 0.00312829, current time-step: 8.41663e-05
### Check ### Total energy: 0.999993, (internal: 0.964347, kinetic: 0.0356462, gravitational: 0)
### Check ### Focus Tree Nodes: 42883, maxDepth 6
=== Total time for iteration(76) 4.37291s

# domain::sync: 0.475173s
# FindNeighbors: 0.522465s
# Density: 0.132575s
# EquationOfState: 0.00115792s
# mpi::synchronizeHalos: 0.0748147s
# IAD: 0.176965s
# mpi::synchronizeHalos: 0.192368s
# MomentumEnergyIAD: 0.471229s
# Timestep: 0.0859655s
# UpdateQuantities: 0.00411879s
# UpdateSmoothingLength: 0.00238835s
### Check ### Global Tree Nodes: 4096, Particles: 800475, Halos: 190573
### Check ### Computational domain: -0.5 0.5 -0.5 0.5 -0.5 0.5
### Check ### Total Neighbors: 750375012, Avg neighbor count per particle: 93
### Check ### Total time: 0.00321298, current time-step: 8.4698e-05
### Check ### Total energy: 0.999993, (internal: 0.962653, kinetic: 0.03734, gravitational: 0)
### Check ### Focus Tree Nodes: 42883, maxDepth 6
=== Total time for iteration(77) 2.13922s

# domain::sync: 0.483179s
# FindNeighbors: 0.524271s
# Density: 0.131102s
# EquationOfState: 0.00115719s
# mpi::synchronizeHalos: 0.314468s
# IAD: 0.177232s
# mpi::synchronizeHalos: 0.113632s
# MomentumEnergyIAD: 0.467297s
# Timestep: 0.147425s
# UpdateQuantities: 0.00415132s
# UpdateSmoothingLength: 0.00238946s
### Check ### Global Tree Nodes: 4096, Particles: 800475, Halos: 190573
### Check ### Computational domain: -0.5 0.5 -0.5 0.5 -0.5 0.5
### Check ### Total Neighbors: 748730745, Avg neighbor count per particle: 93
### Check ### Total time: 0.00329887, current time-step: 8.58858e-05
### Check ### Total energy: 0.999993, (internal: 0.960912, kinetic: 0.0390804, gravitational: 0)
### Check ### Focus Tree Nodes: 42883, maxDepth 6
=== Total time for iteration(78) 2.36631s

# domain::sync: 0.526545s
# FindNeighbors: 0.526623s
# Density: 0.132112s
# EquationOfState: 0.00116645s
# mpi::synchronizeHalos: 0.104192s
# IAD: 0.177092s
# mpi::synchronizeHalos: 0.188743s
# MomentumEnergyIAD: 0.474107s
# Timestep: 0.0862863s
# UpdateQuantities: 0.00415651s
# UpdateSmoothingLength: 0.002387s
### Check ### Global Tree Nodes: 4096, Particles: 800475, Halos: 191464
### Check ### Computational domain: -0.5 0.5 -0.5 0.5 -0.5 0.5
### Check ### Total Neighbors: 750131046, Avg neighbor count per particle: 93
### Check ### Total time: 0.00338542, current time-step: 8.65534e-05
### Check ### Total energy: 0.999992, (internal: 0.959136, kinetic: 0.040856, gravitational: 0)
### Check ### Focus Tree Nodes: 42883, maxDepth 6
=== Total time for iteration(79) 2.22341s

# domain::sync: 0.668708s
# FindNeighbors: 0.565739s
# Density: 0.167112s
# EquationOfState: 0.00117228s
# mpi::synchronizeHalos: 0.172546s
# IAD: 0.237353s
# mpi::synchronizeHalos: 0.189633s
# MomentumEnergyIAD: 1.37085s
# Timestep: 0.0746192s
# UpdateQuantities: 0.00413256s
# UpdateSmoothingLength: 0.00230619s
### Check ### Global Tree Nodes: 4096, Particles: 800475, Halos: 191464
### Check ### Computational domain: -0.5 0.5 -0.5 0.5 -0.5 0.5
### Check ### Total Neighbors: 966490365, Avg neighbor count per particle: 120
### Check ### Total time: 0.00347286, current time-step: 8.74383e-05
### Check ### Total energy: 0.999992, (internal: 0.957321, kinetic: 0.0426708, gravitational: 0)
### Check ### Focus Tree Nodes: 42883, maxDepth 6
=== Total time for iteration(80) 3.45417s

# domain::sync: 0.634062s
# FindNeighbors: 0.52276s
# Density: 0.132659s
# EquationOfState: 0.00115419s
# mpi::synchronizeHalos: 0.273361s
# IAD: 0.177602s
# mpi::synchronizeHalos: 0.264925s
# MomentumEnergyIAD: 0.477478s
# Timestep: 0.0211713s
# UpdateQuantities: 0.00414196s
# UpdateSmoothingLength: 0.00238939s
### Check ### Global Tree Nodes: 4096, Particles: 800475, Halos: 191464
### Check ### Computational domain: -0.5 0.5 -0.5 0.5 -0.5 0.5
### Check ### Total Neighbors: 750888933, Avg neighbor count per particle: 93
### Check ### Total time: 0.00356085, current time-step: 8.79892e-05
### Check ### Total energy: 0.999992, (internal: 0.955475, kinetic: 0.0445169, gravitational: 0)
### Check ### Focus Tree Nodes: 42883, maxDepth 6
=== Total time for iteration(81) 2.51171s

# domain::sync: 0.655147s
# FindNeighbors: 0.524647s
# Density: 0.131031s
# EquationOfState: 0.00116486s
# mpi::synchronizeHalos: 0.274511s
# IAD: 0.175424s
# mpi::synchronizeHalos: 0.102303s
# MomentumEnergyIAD: 0.466377s
# Timestep: 0.106786s
# UpdateQuantities: 0.00415755s
# UpdateSmoothingLength: 0.00239039s
### Check ### Global Tree Nodes: 4096, Particles: 800475, Halos: 191626
### Check ### Computational domain: -0.5 0.5 -0.5 0.5 -0.5 0.5
### Check ### Total Neighbors: 748721988, Avg neighbor count per particle: 93
### Check ### Total time: 0.00364969, current time-step: 8.88443e-05
### Check ### Total energy: 0.999991, (internal: 0.953591, kinetic: 0.0464001, gravitational: 0)
### Check ### Focus Tree Nodes: 42883, maxDepth 6
=== Total time for iteration(82) 2.44394s

# domain::sync: 0.471579s
# FindNeighbors: 0.52815s
# Density: 0.132488s
# EquationOfState: 0.00113364s
# mpi::synchronizeHalos: 0.226196s
# IAD: 0.177235s
# mpi::synchronizeHalos: 0.123479s
# MomentumEnergyIAD: 0.471983s
# Timestep: 0.14588s
# UpdateQuantities: 0.00416332s
# UpdateSmoothingLength: 0.0023886s
### Check ### Global Tree Nodes: 4096, Particles: 800475, Halos: 191707
### Check ### Computational domain: -0.5 0.5 -0.5 0.5 -0.5 0.5
### Check ### Total Neighbors: 750624666, Avg neighbor count per particle: 93
### Check ### Total time: 0.00373851, current time-step: 8.88188e-05
### Check ### Total energy: 0.999991, (internal: 0.95169, kinetic: 0.0483006, gravitational: 0)
### Check ### Focus Tree Nodes: 42883, maxDepth 6
=== Total time for iteration(83) 2.28468s

# domain::sync: 0.465259s
# FindNeighbors: 0.566515s
# Density: 0.166841s
# EquationOfState: 0.00116108s
# mpi::synchronizeHalos: 0.096323s
# IAD: 0.235898s
# mpi::synchronizeHalos: 0.12368s
# MomentumEnergyIAD: 0.837914s
# Timestep: 0.0376358s
# UpdateQuantities: 0.00413776s
# UpdateSmoothingLength: 0.00230566s
### Check ### Global Tree Nodes: 4096, Particles: 800475, Halos: 191707
### Check ### Computational domain: -0.5 0.5 -0.5 0.5 -0.5 0.5
### Check ### Total Neighbors: 965534210, Avg neighbor count per particle: 120
### Check ### Total time: 0.00382818, current time-step: 8.96666e-05
### Check ### Total energy: 0.999991, (internal: 0.949754, kinetic: 0.0502363, gravitational: 0)
### Check ### Focus Tree Nodes: 42883, maxDepth 6
=== Total time for iteration(84) 2.53767s

# domain::sync: 0.516408s
# FindNeighbors: 0.523417s
# Density: 0.132535s
# EquationOfState: 0.00115204s
# mpi::synchronizeHalos: 0.152666s
# IAD: 0.177356s
# mpi::synchronizeHalos: 0.440132s
# MomentumEnergyIAD: 0.473085s
# Timestep: 0.00534841s
# UpdateQuantities: 0.00406997s
# UpdateSmoothingLength: 0.00238416s
### Check ### Global Tree Nodes: 4096, Particles: 800475, Halos: 191707
### Check ### Computational domain: -0.5 0.5 -0.5 0.5 -0.5 0.5
### Check ### Total Neighbors: 750721824, Avg neighbor count per particle: 93
### Check ### Total time: 0.00391874, current time-step: 9.05561e-05
### Check ### Total energy: 0.999991, (internal: 0.947783, kinetic: 0.0522074, gravitational: 0)
### Check ### Focus Tree Nodes: 42883, maxDepth 6
=== Total time for iteration(85) 2.42856s

# domain::sync: 0.682675s
# FindNeighbors: 0.52521s
# Density: 0.131814s
# EquationOfState: 0.00109004s
# mpi::synchronizeHalos: 0.112877s
# IAD: 0.176313s
# mpi::synchronizeHalos: 0.32513s
# MomentumEnergyIAD: 0.469369s
# Timestep: 0.0110477s
# UpdateQuantities: 0.00412123s
# UpdateSmoothingLength: 0.00238889s
### Check ### Global Tree Nodes: 4096, Particles: 800475, Halos: 192436
### Check ### Computational domain: -0.5 0.5 -0.5 0.5 -0.5 0.5
### Check ### Total Neighbors: 749687972, Avg neighbor count per particle: 93
### Check ### Total time: 0.00400994, current time-step: 9.12056e-05
### Check ### Total energy: 0.99999, (internal: 0.945783, kinetic: 0.0542077, gravitational: 0)
### Check ### Focus Tree Nodes: 42883, maxDepth 6
=== Total time for iteration(86) 2.44204s

# domain::sync: 0.363813s
# FindNeighbors: 0.527514s
# Density: 0.13239s
# EquationOfState: 0.0010815s
# mpi::synchronizeHalos: 0.170919s
# IAD: 0.177592s
# mpi::synchronizeHalos: 0.273763s
# MomentumEnergyIAD: 0.473664s
# Timestep: 0.0615932s
# UpdateQuantities: 0.00415756s
# UpdateSmoothingLength: 0.00238949s
### Check ### Global Tree Nodes: 4096, Particles: 800475, Halos: 192490
### Check ### Computational domain: -0.5 0.5 -0.5 0.5 -0.5 0.5
### Check ### Total Neighbors: 750539200, Avg neighbor count per particle: 93
### Check ### Total time: 0.00410234, current time-step: 9.23958e-05
### Check ### Total energy: 0.99999, (internal: 0.943742, kinetic: 0.0562485, gravitational: 0)
### Check ### Focus Tree Nodes: 42883, maxDepth 6
=== Total time for iteration(87) 2.18888s

# domain::sync: 0.611772s
# FindNeighbors: 0.566307s
# Density: 0.167443s
# EquationOfState: 0.00117162s
# mpi::synchronizeHalos: 0.223222s
# IAD: 0.233419s
# mpi::synchronizeHalos: 0.2861s
# MomentumEnergyIAD: 0.762015s
# Timestep: 0.000204492s
# UpdateQuantities: 0.00408651s
# UpdateSmoothingLength: 0.00231004s
### Check ### Global Tree Nodes: 4096, Particles: 800475, Halos: 192478
### Check ### Computational domain: -0.5 0.5 -0.5 0.5 -0.5 0.5
### Check ### Total Neighbors: 965008417, Avg neighbor count per particle: 120
### Check ### Total time: 0.00419392, current time-step: 9.15842e-05
### Check ### Total energy: 0.999989, (internal: 0.941706, kinetic: 0.0582837, gravitational: 0)
### Check ### Focus Tree Nodes: 42883, maxDepth 6
=== Total time for iteration(88) 2.85806s

# domain::sync: 0.372598s
# FindNeighbors: 0.523576s
# Density: 0.132845s
# EquationOfState: 0.00117887s
# mpi::synchronizeHalos: 0.386585s
# IAD: 0.17751s
# mpi::synchronizeHalos: 0.319281s
# MomentumEnergyIAD: 0.476633s
# Timestep: 0.000343363s
# UpdateQuantities: 0.00406767s
# UpdateSmoothingLength: 0.00238887s
### Check ### Global Tree Nodes: 4096, Particles: 800475, Halos: 192334
### Check ### Computational domain: -0.5 0.5 -0.5 0.5 -0.5 0.5
### Check ### Total Neighbors: 750762524, Avg neighbor count per particle: 93
### Check ### Total time: 0.00428763, current time-step: 9.37047e-05
### Check ### Total energy: 0.99999, (internal: 0.939611, kinetic: 0.060379, gravitational: 0)
### Check ### Focus Tree Nodes: 42883, maxDepth 6
=== Total time for iteration(89) 2.39701s

# domain::sync: 0.53244s
# FindNeighbors: 0.525318s
# Density: 0.131612s
# EquationOfState: 0.00108507s
# mpi::synchronizeHalos: 0.292342s
# IAD: 0.176177s
# mpi::synchronizeHalos: 0.26294s
# MomentumEnergyIAD: 0.47039s
# Timestep: 0.000201654s
# UpdateQuantities: 0.00407972s
# UpdateSmoothingLength: 0.00238545s
### Check ### Global Tree Nodes: 4096, Particles: 800475, Halos: 192255
### Check ### Computational domain: -0.5 0.5 -0.5 0.5 -0.5 0.5
### Check ### Total Neighbors: 749341101, Avg neighbor count per particle: 93
### Check ### Total time: 0.00438277, current time-step: 9.51467e-05
### Check ### Total energy: 0.99999, (internal: 0.937472, kinetic: 0.0625178, gravitational: 0)
### Check ### Focus Tree Nodes: 42883, maxDepth 6
=== Total time for iteration(90) 2.39897s

# domain::sync: 0.517282s
# FindNeighbors: 0.5277s
# Density: 0.132973s
# EquationOfState: 0.00108251s
# mpi::synchronizeHalos: 0.10854s
# IAD: 0.178639s
# mpi::synchronizeHalos: 0.191355s
# MomentumEnergyIAD: 0.474888s
# Timestep: 0.0752181s
# UpdateQuantities: 0.00417198s
# UpdateSmoothingLength: 0.00238884s
### Check ### Global Tree Nodes: 4096, Particles: 800475, Halos: 192174
### Check ### Computational domain: -0.5 0.5 -0.5 0.5 -0.5 0.5
### Check ### Total Neighbors: 750961207, Avg neighbor count per particle: 93
### Check ### Total time: 0.00447897, current time-step: 9.61964e-05
### Check ### Total energy: 0.999989, (internal: 0.935299, kinetic: 0.0646905, gravitational: 0)
### Check ### Focus Tree Nodes: 42883, maxDepth 6
=== Total time for iteration(91) 2.21424s

# domain::sync: 0.685888s
# FindNeighbors: 0.568664s
# Density: 0.167446s
# EquationOfState: 0.00116908s
# mpi::synchronizeHalos: 0.253547s
# IAD: 0.232209s
# mpi::synchronizeHalos: 0.276574s
# MomentumEnergyIAD: 0.736636s
# Timestep: 0.020435s
# UpdateQuantities: 0.00414123s
# UpdateSmoothingLength: 0.00230486s
### Check ### Global Tree Nodes: 4096, Particles: 800475, Halos: 192099
### Check ### Computational domain: -0.5 0.5 -0.5 0.5 -0.5 0.5
### Check ### Total Neighbors: 964685117, Avg neighbor count per particle: 120
### Check ### Total time: 0.00457622, current time-step: 9.72516e-05
### Check ### Total energy: 0.999989, (internal: 0.933093, kinetic: 0.0668964, gravitational: 0)
### Check ### Focus Tree Nodes: 42883, maxDepth 6
=== Total time for iteration(92) 2.94902s

# domain::sync: 0.489035s
# FindNeighbors: 0.524203s
# Density: 0.132576s
# EquationOfState: 0.00115551s
# mpi::synchronizeHalos: 0.114032s
# IAD: 0.177762s
# mpi::synchronizeHalos: 0.452772s
# MomentumEnergyIAD: 0.473267s
# Timestep: 0.000335686s
# UpdateQuantities: 0.00407269s
# UpdateSmoothingLength: 0.00238654s
### Check ### Global Tree Nodes: 4096, Particles: 800475, Halos: 192177
### Check ### Computational domain: -0.5 0.5 -0.5 0.5 -0.5 0.5
### Check ### Total Neighbors: 750875537, Avg neighbor count per particle: 93
### Check ### Total time: 0.00467388, current time-step: 9.76567e-05
### Check ### Total energy: 0.999989, (internal: 0.930869, kinetic: 0.0691196, gravitational: 0)
### Check ### Focus Tree Nodes: 42883, maxDepth 6
=== Total time for iteration(93) 2.3716s

# domain::sync: 0.519118s
# FindNeighbors: 0.526308s
# Density: 0.131298s
# EquationOfState: 0.00113383s
# mpi::synchronizeHalos: 0.179256s
# IAD: 0.177013s
# mpi::synchronizeHalos: 0.284495s
# MomentumEnergyIAD: 0.468581s
# Timestep: 0.188424s
# UpdateQuantities: 0.00415262s
# UpdateSmoothingLength: 0.00238676s
### Check ### Global Tree Nodes: 4096, Particles: 800475, Halos: 192174
### Check ### Computational domain: -0.5 0.5 -0.5 0.5 -0.5 0.5
### Check ### Total Neighbors: 749424326, Avg neighbor count per particle: 93
### Check ### Total time: 0.00477283, current time-step: 9.89505e-05
### Check ### Total energy: 0.999989, (internal: 0.928609, kinetic: 0.07138, gravitational: 0)
### Check ### Focus Tree Nodes: 42883, maxDepth 6
=== Total time for iteration(94) 2.48217s

# domain::sync: 0.497965s
# FindNeighbors: 0.528052s
# Density: 0.132806s
# EquationOfState: 0.00108637s
# mpi::synchronizeHalos: 0.279546s
# IAD: 0.177652s
# mpi::synchronizeHalos: 0.103548s
# MomentumEnergyIAD: 0.474522s
# Timestep: 0.000343692s
# UpdateQuantities: 0.00409013s
# UpdateSmoothingLength: 0.00238536s
### Check ### Global Tree Nodes: 4096, Particles: 800475, Halos: 192075
### Check ### Computational domain: -0.5 0.5 -0.5 0.5 -0.5 0.5
### Check ### Total Neighbors: 750903714, Avg neighbor count per particle: 93
### Check ### Total time: 0.00487298, current time-step: 0.00010015
### Check ### Total energy: 0.999989, (internal: 0.926315, kinetic: 0.073674, gravitational: 0)
### Check ### Focus Tree Nodes: 42883, maxDepth 6
=== Total time for iteration(95) 2.202s

# domain::sync: 0.682673s
# FindNeighbors: 0.568645s
# Density: 0.166988s
# EquationOfState: 0.00110766s
# mpi::synchronizeHalos: 0.107704s
# IAD: 0.231915s
# mpi::synchronizeHalos: 0.439183s
# MomentumEnergyIAD: 0.740094s
# Timestep: 0.000356883s
# UpdateQuantities: 0.00407702s
# UpdateSmoothingLength: 0.00230331s
### Check ### Global Tree Nodes: 4096, Particles: 800475, Halos: 191913
### Check ### Computational domain: -0.5 0.5 -0.5 0.5 -0.5 0.5
### Check ### Total Neighbors: 964141727, Avg neighbor count per particle: 120
### Check ### Total time: 0.00497435, current time-step: 0.000101376
### Check ### Total energy: 0.999989, (internal: 0.923987, kinetic: 0.0760015, gravitational: 0)
### Check ### Focus Tree Nodes: 42883, maxDepth 6
=== Total time for iteration(96) 2.94505s

# domain::sync: 0.397193s
# FindNeighbors: 0.524298s
# Density: 0.132971s
# EquationOfState: 0.00113415s
# mpi::synchronizeHalos: 0.163489s
# IAD: 0.178702s
# mpi::synchronizeHalos: 0.307034s
# MomentumEnergyIAD: 0.479059s
# Timestep: 0.00142087s
# UpdateQuantities: 0.00406851s
# UpdateSmoothingLength: 0.00238652s
### Check ### Global Tree Nodes: 4096, Particles: 800475, Halos: 191955
### Check ### Computational domain: -0.5 0.5 -0.5 0.5 -0.5 0.5
### Check ### Total Neighbors: 751549621, Avg neighbor count per particle: 93
### Check ### Total time: 0.0050767, current time-step: 0.000102347
### Check ### Total energy: 0.999989, (internal: 0.921633, kinetic: 0.0783554, gravitational: 0)
### Check ### Focus Tree Nodes: 42883, maxDepth 6
=== Total time for iteration(97) 2.19176s

# domain::sync: 0.374506s
# FindNeighbors: 0.526555s
# Density: 0.131369s
# EquationOfState: 0.00107572s
# mpi::synchronizeHalos: 0.211396s
# IAD: 0.176667s
# mpi::synchronizeHalos: 0.138314s
# MomentumEnergyIAD: 0.471072s
# Timestep: 0.130933s
# UpdateQuantities: 0.0041655s
# UpdateSmoothingLength: 0.00238944s
### Check ### Global Tree Nodes: 4096, Particles: 800475, Halos: 191856
### Check ### Computational domain: -0.5 0.5 -0.5 0.5 -0.5 0.5
### Check ### Total Neighbors: 749425619, Avg neighbor count per particle: 93
### Check ### Total time: 0.00518008, current time-step: 0.000103382
### Check ### Total energy: 0.999989, (internal: 0.919252, kinetic: 0.0807363, gravitational: 0)
### Check ### Focus Tree Nodes: 42883, maxDepth 6
=== Total time for iteration(98) 2.16845s

# domain::sync: 0.489559s
# FindNeighbors: 0.528568s
# Density: 0.13252s
# EquationOfState: 0.00114714s
# mpi::synchronizeHalos: 0.346982s
# IAD: 0.179486s
# mpi::synchronizeHalos: 0.281776s
# MomentumEnergyIAD: 0.474649s
# Timestep: 0.000344993s
# UpdateQuantities: 0.00407409s
# UpdateSmoothingLength: 0.00238813s
### Check ### Global Tree Nodes: 4096, Particles: 800475, Halos: 191784
### Check ### Computational domain: -0.5 0.5 -0.5 0.5 -0.5 0.5
### Check ### Total Neighbors: 750937472, Avg neighbor count per particle: 93
### Check ### Total time: 0.00528435, current time-step: 0.000104265
### Check ### Total energy: 0.999988, (internal: 0.916849, kinetic: 0.0831397, gravitational: 0)
### Check ### Focus Tree Nodes: 42883, maxDepth 6
=== Total time for iteration(99) 2.4415s

# domain::sync: 0.497809s
# FindNeighbors: 0.568602s
# Density: 0.166856s
# EquationOfState: 0.00117055s
# mpi::synchronizeHalos: 0.319945s
# IAD: 0.23161s
# mpi::synchronizeHalos: 0.0941062s
# MomentumEnergyIAD: 0.713845s
# Timestep: 0.0371761s
# UpdateQuantities: 0.0041781s
# UpdateSmoothingLength: 0.00230623s
### Check ### Global Tree Nodes: 4096, Particles: 800475, Halos: 192837
### Check ### Computational domain: -0.5 0.5 -0.5 0.5 -0.5 0.5
### Check ### Total Neighbors: 964110375, Avg neighbor count per particle: 120
### Check ### Total time: 0.00538953, current time-step: 0.000105185
### Check ### Total energy: 0.999988, (internal: 0.914423, kinetic: 0.0855653, gravitational: 0)
### Check ### Focus Tree Nodes: 42883, maxDepth 6
=== Total time for iteration(100) 2.63761s

# Total execution time of 100 iterations of sedov up to t = 0.005390: 255.383s
real 385.72
user 661.15
sys 64.09
