121.81

Params:Program: ../sph-exa-build/main/src/sphexa/sphexa
Particles: 100
Timestep: 100
Numthreads: 1
Nodes: 7
# SPHEXA: HEAD/22053277
# 7 MPI-3.1 process(es) with 1 OpenMP-201511 thread(s)/process
Data generated for 1000000 global particles
Domain synchronized, nLocalParticles 203320
# domain::sync: 0.159046s
# FindNeighbors: 0.365496s
# Density: 0.0867538s
# EquationOfState: 0.000759898s
# mpi::synchronizeHalos: 0.0331077s
# IAD: 0.116169s
# mpi::synchronizeHalos: 0.0459285s
# MomentumEnergyIAD: 0.2681s
# Timestep: 0.00436453s
# UpdateQuantities: 0.00167011s
# UpdateSmoothingLength: 0.00165122s
### Check ### Global Tree Nodes: 4096, Particles: 142857, Halos: 60463
### Check ### Computational domain: -0.5 0.5 -0.5 0.5 -0.5 0.5
### Check ### Total Neighbors: 93000000, Avg neighbor count per particle: 93
### Check ### Total time: 1.1e-06, current time-step: 1.1e-06
### Check ### Total energy: 1, (internal: 1, kinetic: 1.06507e-08, gravitational: 0)
### Check ### Focus Tree Nodes: 10438, maxDepth 5
=== Total time for iteration(1) 1.08305s

# domain::sync: 0.150123s
# FindNeighbors: 0.360565s
# Density: 0.0868469s
# EquationOfState: 0.000763663s
# mpi::synchronizeHalos: 0.0460161s
# IAD: 0.118127s
# mpi::synchronizeHalos: 0.0227221s
# MomentumEnergyIAD: 0.330667s
# Timestep: 0.0187975s
# UpdateQuantities: 0.00167355s
# UpdateSmoothingLength: 0.00158751s
### Check ### Global Tree Nodes: 4096, Particles: 142974, Halos: 60346
### Check ### Computational domain: -0.5 0.5 -0.5 0.5 -0.5 0.5
### Check ### Total Neighbors: 93000000, Avg neighbor count per particle: 93
### Check ### Total time: 2.31e-06, current time-step: 1.21e-06
### Check ### Total energy: 1, (internal: 1, kinetic: 3.28473e-08, gravitational: 0)
### Check ### Focus Tree Nodes: 10438, maxDepth 5
=== Total time for iteration(2) 1.13789s

# domain::sync: 0.150047s
# FindNeighbors: 0.363644s
# Density: 0.0874585s
# EquationOfState: 0.000758605s
# mpi::synchronizeHalos: 0.0286645s
# IAD: 0.117777s
# mpi::synchronizeHalos: 0.0312133s
# MomentumEnergyIAD: 0.320748s
# Timestep: 0.0206297s
# UpdateQuantities: 0.00167593s
# UpdateSmoothingLength: 0.00158506s
### Check ### Global Tree Nodes: 4096, Particles: 142775, Halos: 60320
### Check ### Computational domain: -0.5 0.5 -0.5 0.5 -0.5 0.5
### Check ### Total Neighbors: 93000000, Avg neighbor count per particle: 93
### Check ### Total time: 3.641e-06, current time-step: 1.331e-06
### Check ### Total energy: 1, (internal: 1, kinetic: 7.13259e-08, gravitational: 0)
### Check ### Focus Tree Nodes: 10431, maxDepth 5
=== Total time for iteration(3) 1.12421s

# domain::sync: 0.150769s
# FindNeighbors: 0.365099s
# Density: 0.0864565s
# EquationOfState: 0.000760016s
# mpi::synchronizeHalos: 0.0330708s
# IAD: 0.118053s
# mpi::synchronizeHalos: 0.0253262s
# MomentumEnergyIAD: 0.31448s
# Timestep: 0.0303209s
# UpdateQuantities: 0.00162979s
# UpdateSmoothingLength: 0.00158798s
### Check ### Global Tree Nodes: 4096, Particles: 142789, Halos: 60279
### Check ### Computational domain: -0.5 0.5 -0.5 0.5 -0.5 0.5
### Check ### Total Neighbors: 93000000, Avg neighbor count per particle: 93
### Check ### Total time: 5.1051e-06, current time-step: 1.4641e-06
### Check ### Total energy: 1, (internal: 1, kinetic: 1.30663e-07, gravitational: 0)
### Check ### Focus Tree Nodes: 10431, maxDepth 5
=== Total time for iteration(4) 1.12756s

# domain::sync: 0.14332s
# FindNeighbors: 0.365658s
# Density: 0.0872207s
# EquationOfState: 0.000788892s
# mpi::synchronizeHalos: 0.0321074s
# IAD: 0.117725s
# mpi::synchronizeHalos: 0.0327049s
# MomentumEnergyIAD: 0.313482s
# Timestep: 0.0240262s
# UpdateQuantities: 0.00171468s
# UpdateSmoothingLength: 0.00158518s
### Check ### Global Tree Nodes: 4096, Particles: 142794, Halos: 60274
### Check ### Computational domain: -0.5 0.5 -0.5 0.5 -0.5 0.5
### Check ### Total Neighbors: 93000000, Avg neighbor count per particle: 93
### Check ### Total time: 6.71561e-06, current time-step: 1.61051e-06
### Check ### Total energy: 1, (internal: 1, kinetic: 2.16511e-07, gravitational: 0)
### Check ### Focus Tree Nodes: 10431, maxDepth 5
=== Total time for iteration(5) 1.12034s

# domain::sync: 0.149734s
# FindNeighbors: 0.367963s
# Density: 0.0872894s
# EquationOfState: 0.000764057s
# mpi::synchronizeHalos: 0.0360381s
# IAD: 0.117636s
# mpi::synchronizeHalos: 0.0328637s
# MomentumEnergyIAD: 0.312764s
# Timestep: 0.0276504s
# UpdateQuantities: 0.00172305s
# UpdateSmoothingLength: 0.00158571s
### Check ### Global Tree Nodes: 4096, Particles: 142801, Halos: 60267
### Check ### Computational domain: -0.5 0.5 -0.5 0.5 -0.5 0.5
### Check ### Total Neighbors: 93000000, Avg neighbor count per particle: 93
### Check ### Total time: 8.48717e-06, current time-step: 1.77156e-06
### Check ### Total energy: 1, (internal: 1, kinetic: 3.35833e-07, gravitational: 0)
### Check ### Focus Tree Nodes: 10431, maxDepth 5
=== Total time for iteration(6) 1.13601s

# domain::sync: 0.141932s
# FindNeighbors: 0.398707s
# Density: 0.113752s
# EquationOfState: 0.000785686s
# mpi::synchronizeHalos: 0.039978s
# IAD: 0.155088s
# mpi::synchronizeHalos: 0.0366258s
# MomentumEnergyIAD: 0.637156s
# Timestep: 0.120118s
# UpdateQuantities: 0.0016614s
# UpdateSmoothingLength: 0.00164294s
### Check ### Global Tree Nodes: 4096, Particles: 142805, Halos: 60263
### Check ### Computational domain: -0.5 0.5 -0.5 0.5 -0.5 0.5
### Check ### Total Neighbors: 123000000, Avg neighbor count per particle: 123
### Check ### Total time: 1.04359e-05, current time-step: 1.94872e-06
### Check ### Total energy: 1, (internal: 1, kinetic: 4.97197e-07, gravitational: 0)
### Check ### Focus Tree Nodes: 10431, maxDepth 5
=== Total time for iteration(7) 1.64745s

# domain::sync: 0.140449s
# FindNeighbors: 0.364655s
# Density: 0.0870885s
# EquationOfState: 0.000758797s
# mpi::synchronizeHalos: 0.0368077s
# IAD: 0.118147s
# mpi::synchronizeHalos: 0.0319875s
# MomentumEnergyIAD: 0.308926s
# Timestep: 0.0213142s
# UpdateQuantities: 0.0016544s
# UpdateSmoothingLength: 0.0015869s
### Check ### Global Tree Nodes: 4096, Particles: 142809, Halos: 60259
### Check ### Computational domain: -0.5 0.5 -0.5 0.5 -0.5 0.5
### Check ### Total Neighbors: 93000000, Avg neighbor count per particle: 93
### Check ### Total time: 1.25795e-05, current time-step: 2.14359e-06
### Check ### Total energy: 1, (internal: 0.999999, kinetic: 7.11256e-07, gravitational: 0)
### Check ### Focus Tree Nodes: 10431, maxDepth 5
=== Total time for iteration(8) 1.11338s

# domain::sync: 0.148142s
# FindNeighbors: 0.36511s
# Density: 0.0868067s
# EquationOfState: 0.000758085s
# mpi::synchronizeHalos: 0.0320847s
# IAD: 0.117997s
# mpi::synchronizeHalos: 0.0400993s
# MomentumEnergyIAD: 0.308096s
# Timestep: 0.0174055s
# UpdateQuantities: 0.00164894s
# UpdateSmoothingLength: 0.00161248s
### Check ### Global Tree Nodes: 4096, Particles: 142814, Halos: 60254
### Check ### Computational domain: -0.5 0.5 -0.5 0.5 -0.5 0.5
### Check ### Total Neighbors: 93000000, Avg neighbor count per particle: 93
### Check ### Total time: 1.49374e-05, current time-step: 2.35795e-06
### Check ### Total energy: 1, (internal: 0.999999, kinetic: 9.90776e-07, gravitational: 0)
### Check ### Focus Tree Nodes: 10431, maxDepth 5
=== Total time for iteration(9) 1.11976s

# domain::sync: 0.140912s
# FindNeighbors: 0.367133s
# Density: 0.0862813s
# EquationOfState: 0.000758568s
# mpi::synchronizeHalos: 0.0361881s
# IAD: 0.117692s
# mpi::synchronizeHalos: 0.0346092s
# MomentumEnergyIAD: 0.306887s
# Timestep: 0.0184547s
# UpdateQuantities: 0.00165346s
# UpdateSmoothingLength: 0.00158678s
### Check ### Global Tree Nodes: 4096, Particles: 142817, Halos: 60251
### Check ### Computational domain: -0.5 0.5 -0.5 0.5 -0.5 0.5
### Check ### Total Neighbors: 93000000, Avg neighbor count per particle: 93
### Check ### Total time: 1.75312e-05, current time-step: 2.59374e-06
### Check ### Total energy: 1, (internal: 0.999999, kinetic: 1.35159e-06, gravitational: 0)
### Check ### Focus Tree Nodes: 10431, maxDepth 5
=== Total time for iteration(10) 1.11216s

# domain::sync: 0.141571s
# FindNeighbors: 0.398941s
# Density: 0.113067s
# EquationOfState: 0.000758962s
# mpi::synchronizeHalos: 0.0352784s
# IAD: 0.154426s
# mpi::synchronizeHalos: 0.0371342s
# MomentumEnergyIAD: 0.55128s
# Timestep: 0.089415s
# UpdateQuantities: 0.00164374s
# UpdateSmoothingLength: 0.00158779s
### Check ### Global Tree Nodes: 4096, Particles: 142818, Halos: 60250
### Check ### Computational domain: -0.5 0.5 -0.5 0.5 -0.5 0.5
### Check ### Total Neighbors: 123000000, Avg neighbor count per particle: 123
### Check ### Total time: 2.03843e-05, current time-step: 2.85312e-06
### Check ### Total energy: 1, (internal: 0.999998, kinetic: 1.813e-06, gravitational: 0)
### Check ### Focus Tree Nodes: 10431, maxDepth 5
=== Total time for iteration(11) 1.52511s

# domain::sync: 0.147581s
# FindNeighbors: 0.364425s
# Density: 0.0872104s
# EquationOfState: 0.000759455s
# mpi::synchronizeHalos: 0.0371405s
# IAD: 0.117828s
# mpi::synchronizeHalos: 0.0279426s
# MomentumEnergyIAD: 0.30965s
# Timestep: 0.0239164s
# UpdateQuantities: 0.00165314s
# UpdateSmoothingLength: 0.00158651s
### Check ### Global Tree Nodes: 4096, Particles: 142823, Halos: 60245
### Check ### Computational domain: -0.5 0.5 -0.5 0.5 -0.5 0.5
### Check ### Total Neighbors: 93000000, Avg neighbor count per particle: 93
### Check ### Total time: 2.35227e-05, current time-step: 3.13843e-06
### Check ### Total energy: 1, (internal: 0.999998, kinetic: 2.39897e-06, gravitational: 0)
### Check ### Focus Tree Nodes: 10431, maxDepth 5
=== Total time for iteration(12) 1.1197s

# domain::sync: 0.137461s
# FindNeighbors: 0.365586s
# Density: 0.0874606s
# EquationOfState: 0.000760366s
# mpi::synchronizeHalos: 0.0454912s
# IAD: 0.11788s
# mpi::synchronizeHalos: 0.029851s
# MomentumEnergyIAD: 0.308572s
# Timestep: 0.0209738s
# UpdateQuantities: 0.00163655s
# UpdateSmoothingLength: 0.00158746s
### Check ### Global Tree Nodes: 4096, Particles: 142827, Halos: 60241
### Check ### Computational domain: -0.5 0.5 -0.5 0.5 -0.5 0.5
### Check ### Total Neighbors: 93000000, Avg neighbor count per particle: 93
### Check ### Total time: 2.6975e-05, current time-step: 3.45227e-06
### Check ### Total energy: 1, (internal: 0.999997, kinetic: 3.13792e-06, gravitational: 0)
### Check ### Focus Tree Nodes: 10431, maxDepth 5
=== Total time for iteration(13) 1.11726s

# domain::sync: 0.132322s
# FindNeighbors: 0.367443s
# Density: 0.0863012s
# EquationOfState: 0.000788661s
# mpi::synchronizeHalos: 0.0397701s
# IAD: 0.117655s
# mpi::synchronizeHalos: 0.0290702s
# MomentumEnergyIAD: 0.305676s
# Timestep: 0.0221443s
# UpdateQuantities: 0.00169402s
# UpdateSmoothingLength: 0.00158534s
### Check ### Global Tree Nodes: 4096, Particles: 142829, Halos: 60239
### Check ### Computational domain: -0.5 0.5 -0.5 0.5 -0.5 0.5
### Check ### Total Neighbors: 93000000, Avg neighbor count per particle: 93
### Check ### Total time: 3.07725e-05, current time-step: 3.7975e-06
### Check ### Total energy: 1, (internal: 0.999996, kinetic: 4.06507e-06, gravitational: 0)
### Check ### Focus Tree Nodes: 10431, maxDepth 5
=== Total time for iteration(14) 1.10445s

# domain::sync: 0.144279s
# FindNeighbors: 0.398872s
# Density: 0.114363s
# EquationOfState: 0.000786556s
# mpi::synchronizeHalos: 0.0480188s
# IAD: 0.154861s
# mpi::synchronizeHalos: 0.0258143s
# MomentumEnergyIAD: 0.49591s
# Timestep: 0.0647661s
# UpdateQuantities: 0.00165598s
# UpdateSmoothingLength: 0.00161239s
### Check ### Global Tree Nodes: 4096, Particles: 142830, Halos: 60238
### Check ### Computational domain: -0.5 0.5 -0.5 0.5 -0.5 0.5
### Check ### Total Neighbors: 123000000, Avg neighbor count per particle: 123
### Check ### Total time: 3.49497e-05, current time-step: 4.17725e-06
### Check ### Total energy: 1, (internal: 0.999995, kinetic: 5.22319e-06, gravitational: 0)
### Check ### Focus Tree Nodes: 10431, maxDepth 5
=== Total time for iteration(15) 1.45094s

# domain::sync: 0.149894s
# FindNeighbors: 0.365853s
# Density: 0.0872265s
# EquationOfState: 0.000757055s
# mpi::synchronizeHalos: 0.026873s
# IAD: 0.117574s
# mpi::synchronizeHalos: 0.0324426s
# MomentumEnergyIAD: 0.308709s
# Timestep: 0.0207517s
# UpdateQuantities: 0.0016471s
# UpdateSmoothingLength: 0.0015847s
### Check ### Global Tree Nodes: 4096, Particles: 142835, Halos: 60233
### Check ### Computational domain: -0.5 0.5 -0.5 0.5 -0.5 0.5
### Check ### Total Neighbors: 93000000, Avg neighbor count per particle: 93
### Check ### Total time: 3.95447e-05, current time-step: 4.59497e-06
### Check ### Total energy: 1, (internal: 0.999993, kinetic: 6.66529e-06, gravitational: 0)
### Check ### Focus Tree Nodes: 10431, maxDepth 5
=== Total time for iteration(16) 1.11332s

# domain::sync: 0.152875s
# FindNeighbors: 0.366096s
# Density: 0.086471s
# EquationOfState: 0.00075688s
# mpi::synchronizeHalos: 0.0313539s
# IAD: 0.117661s
# mpi::synchronizeHalos: 0.0332965s
# MomentumEnergyIAD: 0.308043s
# Timestep: 0.0221902s
# UpdateQuantities: 0.00165337s
# UpdateSmoothingLength: 0.00158372s
### Check ### Global Tree Nodes: 4096, Particles: 142838, Halos: 60230
### Check ### Computational domain: -0.5 0.5 -0.5 0.5 -0.5 0.5
### Check ### Total Neighbors: 93000000, Avg neighbor count per particle: 93
### Check ### Total time: 4.45992e-05, current time-step: 5.05447e-06
### Check ### Total energy: 1, (internal: 0.999992, kinetic: 8.4538e-06, gravitational: 0)
### Check ### Focus Tree Nodes: 10431, maxDepth 5
=== Total time for iteration(17) 1.12198s

# domain::sync: 0.151301s
# FindNeighbors: 0.367274s
# Density: 0.0862279s
# EquationOfState: 0.000756372s
# mpi::synchronizeHalos: 0.04007s
# IAD: 0.117833s
# mpi::synchronizeHalos: 0.0266037s
# MomentumEnergyIAD: 0.306314s
# Timestep: 0.0179627s
# UpdateQuantities: 0.00162573s
# UpdateSmoothingLength: 0.00158181s
### Check ### Global Tree Nodes: 4096, Particles: 142841, Halos: 60227
### Check ### Computational domain: -0.5 0.5 -0.5 0.5 -0.5 0.5
### Check ### Total Neighbors: 93000000, Avg neighbor count per particle: 93
### Check ### Total time: 5.01591e-05, current time-step: 5.55992e-06
### Check ### Total energy: 1, (internal: 0.999989, kinetic: 1.06661e-05, gravitational: 0)
### Check ### Focus Tree Nodes: 10431, maxDepth 5
=== Total time for iteration(18) 1.11756s

# domain::sync: 0.147114s
# FindNeighbors: 0.3985s
# Density: 0.113052s
# EquationOfState: 0.000802294s
# mpi::synchronizeHalos: 0.0364567s
# IAD: 0.15422s
# mpi::synchronizeHalos: 0.0340511s
# MomentumEnergyIAD: 0.463791s
# Timestep: 0.0480204s
# UpdateQuantities: 0.00167543s
# UpdateSmoothingLength: 0.00158245s
### Check ### Global Tree Nodes: 4096, Particles: 142842, Halos: 60226
### Check ### Computational domain: -0.5 0.5 -0.5 0.5 -0.5 0.5
### Check ### Total Neighbors: 123000000, Avg neighbor count per particle: 123
### Check ### Total time: 5.6275e-05, current time-step: 6.11591e-06
### Check ### Total energy: 1, (internal: 0.999987, kinetic: 1.33959e-05, gravitational: 0)
### Check ### Focus Tree Nodes: 10431, maxDepth 5
=== Total time for iteration(19) 1.39927s

# domain::sync: 0.144638s
# FindNeighbors: 0.365264s
# Density: 0.0870885s
# EquationOfState: 0.000758081s
# mpi::synchronizeHalos: 0.0348599s
# IAD: 0.118103s
# mpi::synchronizeHalos: 0.0324127s
# MomentumEnergyIAD: 0.307301s
# Timestep: 0.0197377s
# UpdateQuantities: 0.00162356s
# UpdateSmoothingLength: 0.0015852s
### Check ### Global Tree Nodes: 4096, Particles: 142845, Halos: 60223
### Check ### Computational domain: -0.5 0.5 -0.5 0.5 -0.5 0.5
### Check ### Total Neighbors: 93000000, Avg neighbor count per particle: 93
### Check ### Total time: 6.30025e-05, current time-step: 6.7275e-06
### Check ### Total energy: 1, (internal: 0.999983, kinetic: 1.67591e-05, gravitational: 0)
### Check ### Focus Tree Nodes: 10431, maxDepth 5
=== Total time for iteration(20) 1.11337s

# domain::sync: 0.158576s
# FindNeighbors: 0.366238s
# Density: 0.0863579s
# EquationOfState: 0.000759339s
# mpi::synchronizeHalos: 0.0326256s
# IAD: 0.118059s
# mpi::synchronizeHalos: 0.0342458s
# MomentumEnergyIAD: 0.305371s
# Timestep: 0.019885s
# UpdateQuantities: 0.00163405s
# UpdateSmoothingLength: 0.0015829s
### Check ### Global Tree Nodes: 4096, Particles: 142849, Halos: 60219
### Check ### Computational domain: -0.5 0.5 -0.5 0.5 -0.5 0.5
### Check ### Total Neighbors: 93000000, Avg neighbor count per particle: 93
### Check ### Total time: 7.04027e-05, current time-step: 7.40025e-06
### Check ### Total energy: 1, (internal: 0.999979, kinetic: 2.08918e-05, gravitational: 0)
### Check ### Focus Tree Nodes: 10431, maxDepth 5
=== Total time for iteration(21) 1.12534s

# domain::sync: 0.150695s
# FindNeighbors: 0.367381s
# Density: 0.0864346s
# EquationOfState: 0.000753901s
# mpi::synchronizeHalos: 0.0277079s
# IAD: 0.117691s
# mpi::synchronizeHalos: 0.0332782s
# MomentumEnergyIAD: 0.305512s
# Timestep: 0.0201159s
# UpdateQuantities: 0.00164098s
# UpdateSmoothingLength: 0.00158465s
### Check ### Global Tree Nodes: 4096, Particles: 142852, Halos: 60216
### Check ### Computational domain: -0.5 0.5 -0.5 0.5 -0.5 0.5
### Check ### Total Neighbors: 93000000, Avg neighbor count per particle: 93
### Check ### Total time: 7.8543e-05, current time-step: 8.14027e-06
### Check ### Total energy: 1, (internal: 0.999974, kinetic: 2.59626e-05, gravitational: 0)
### Check ### Focus Tree Nodes: 10431, maxDepth 5
=== Total time for iteration(22) 1.1128s

# domain::sync: 0.145728s
# FindNeighbors: 0.39882s
# Density: 0.113336s
# EquationOfState: 0.000781568s
# mpi::synchronizeHalos: 0.0362315s
# IAD: 0.154195s
# mpi::synchronizeHalos: 0.0296746s
# MomentumEnergyIAD: 0.45588s
# Timestep: 0.0447669s
# UpdateQuantities: 0.0017009s
# UpdateSmoothingLength: 0.00158557s
### Check ### Global Tree Nodes: 4096, Particles: 142853, Halos: 60215
### Check ### Computational domain: -0.5 0.5 -0.5 0.5 -0.5 0.5
### Check ### Total Neighbors: 123000000, Avg neighbor count per particle: 123
### Check ### Total time: 8.74973e-05, current time-step: 8.9543e-06
### Check ### Total energy: 1, (internal: 0.999968, kinetic: 3.2175e-05, gravitational: 0)
### Check ### Focus Tree Nodes: 10431, maxDepth 5
=== Total time for iteration(23) 1.3827s

# domain::sync: 0.147413s
# FindNeighbors: 0.364741s
# Density: 0.0866014s
# EquationOfState: 0.000756926s
# mpi::synchronizeHalos: 0.0427322s
# IAD: 0.117892s
# mpi::synchronizeHalos: 0.0343333s
# MomentumEnergyIAD: 0.306409s
# Timestep: 0.0150543s
# UpdateQuantities: 0.00165043s
# UpdateSmoothingLength: 0.00158499s
### Check ### Global Tree Nodes: 4096, Particles: 142854, Halos: 60214
### Check ### Computational domain: -0.5 0.5 -0.5 0.5 -0.5 0.5
### Check ### Total Neighbors: 93000000, Avg neighbor count per particle: 93
### Check ### Total time: 9.73471e-05, current time-step: 9.84973e-06
### Check ### Total energy: 1, (internal: 0.99996, kinetic: 3.97811e-05, gravitational: 0)
### Check ### Focus Tree Nodes: 10431, maxDepth 5
=== Total time for iteration(24) 1.11917s

# domain::sync: 0.140752s
# FindNeighbors: 0.367678s
# Density: 0.0871197s
# EquationOfState: 0.000756562s
# mpi::synchronizeHalos: 0.0265166s
# IAD: 0.117914s
# mpi::synchronizeHalos: 0.0407888s
# MomentumEnergyIAD: 0.305822s
# Timestep: 0.0134685s
# UpdateQuantities: 0.00162314s
# UpdateSmoothingLength: 0.00161605s
### Check ### Global Tree Nodes: 4096, Particles: 142859, Halos: 60209
### Check ### Computational domain: -0.5 0.5 -0.5 0.5 -0.5 0.5
### Check ### Total Neighbors: 93000000, Avg neighbor count per particle: 93
### Check ### Total time: 0.000108182, current time-step: 1.08347e-05
### Check ### Total energy: 1, (internal: 0.999951, kinetic: 4.90755e-05, gravitational: 0)
### Check ### Focus Tree Nodes: 10431, maxDepth 5
=== Total time for iteration(25) 1.10406s

# domain::sync: 0.143413s
# FindNeighbors: 0.396875s
# Density: 0.113713s
# EquationOfState: 0.000756204s
# mpi::synchronizeHalos: 0.0335472s
# IAD: 0.158037s
# mpi::synchronizeHalos: 0.0345872s
# MomentumEnergyIAD: 0.828226s
# Timestep: 0.195205s
# UpdateQuantities: 0.00167719s
# UpdateSmoothingLength: 0.00158192s
### Check ### Global Tree Nodes: 4096, Particles: 142862, Halos: 60206
### Check ### Computational domain: -0.5 0.5 -0.5 0.5 -0.5 0.5
### Check ### Total Neighbors: 123000000, Avg neighbor count per particle: 123
### Check ### Total time: 0.0001201, current time-step: 1.19182e-05
### Check ### Total energy: 1, (internal: 0.99994, kinetic: 6.04231e-05, gravitational: 0)
### Check ### Focus Tree Nodes: 10431, maxDepth 5
=== Total time for iteration(26) 1.90762s

# domain::sync: 0.148998s
# FindNeighbors: 0.364571s
# Density: 0.0873768s
# EquationOfState: 0.000785132s
# mpi::synchronizeHalos: 0.0300518s
# IAD: 0.11787s
# mpi::synchronizeHalos: 0.0230818s
# MomentumEnergyIAD: 0.307828s
# Timestep: 0.0229843s
# UpdateQuantities: 0.00164647s
# UpdateSmoothingLength: 0.00158276s
### Check ### Global Tree Nodes: 4096, Particles: 142865, Halos: 60203
### Check ### Computational domain: -0.5 0.5 -0.5 0.5 -0.5 0.5
### Check ### Total Neighbors: 93000000, Avg neighbor count per particle: 93
### Check ### Total time: 0.00013321, current time-step: 1.311e-05
### Check ### Total energy: 1, (internal: 0.999926, kinetic: 7.42729e-05, gravitational: 0)
### Check ### Focus Tree Nodes: 10431, maxDepth 5
=== Total time for iteration(27) 1.10678s

# domain::sync: 0.153295s
# FindNeighbors: 0.366054s
# Density: 0.0871085s
# EquationOfState: 0.00075297s
# mpi::synchronizeHalos: 0.031998s
# IAD: 0.117923s
# mpi::synchronizeHalos: 0.0331061s
# MomentumEnergyIAD: 0.307123s
# Timestep: 0.0160919s
# UpdateQuantities: 0.00168463s
# UpdateSmoothingLength: 0.00158696s
### Check ### Global Tree Nodes: 4096, Particles: 142866, Halos: 60202
### Check ### Computational domain: -0.5 0.5 -0.5 0.5 -0.5 0.5
### Check ### Total Neighbors: 93000000, Avg neighbor count per particle: 93
### Check ### Total time: 0.000147631, current time-step: 1.4421e-05
### Check ### Total energy: 1, (internal: 0.999909, kinetic: 9.11499e-05, gravitational: 0)
### Check ### Focus Tree Nodes: 10431, maxDepth 5
=== Total time for iteration(28) 1.11673s

# domain::sync: 0.145755s
# FindNeighbors: 0.367347s
# Density: 0.0870514s
# EquationOfState: 0.000755816s
# mpi::synchronizeHalos: 0.0334135s
# IAD: 0.118061s
# mpi::synchronizeHalos: 0.0313207s
# MomentumEnergyIAD: 0.305079s
# Timestep: 0.0187906s
# UpdateQuantities: 0.00163907s
# UpdateSmoothingLength: 0.00158492s
### Check ### Global Tree Nodes: 4096, Particles: 142867, Halos: 60201
### Check ### Computational domain: -0.5 0.5 -0.5 0.5 -0.5 0.5
### Check ### Total Neighbors: 93000000, Avg neighbor count per particle: 93
### Check ### Total time: 0.000163494, current time-step: 1.58631e-05
### Check ### Total energy: 1, (internal: 0.999888, kinetic: 0.000111703, gravitational: 0)
### Check ### Focus Tree Nodes: 10431, maxDepth 5
=== Total time for iteration(29) 1.1108s

# domain::sync: 0.13404s
# FindNeighbors: 0.397343s
# Density: 0.114194s
# EquationOfState: 0.000756487s
# mpi::synchronizeHalos: 0.204097s
# IAD: 0.156993s
# mpi::synchronizeHalos: 0.0248959s
# MomentumEnergyIAD: 0.610527s
# Timestep: 0.0948983s
# UpdateQuantities: 0.00164701s
# UpdateSmoothingLength: 0.00158339s
### Check ### Global Tree Nodes: 4096, Particles: 142868, Halos: 60200
### Check ### Computational domain: -0.5 0.5 -0.5 0.5 -0.5 0.5
### Check ### Total Neighbors: 123000000, Avg neighbor count per particle: 123
### Check ### Total time: 0.000180943, current time-step: 1.74494e-05
### Check ### Total energy: 1, (internal: 0.999863, kinetic: 0.000136716, gravitational: 0)
### Check ### Focus Tree Nodes: 10431, maxDepth 5
=== Total time for iteration(30) 1.74098s

# domain::sync: 0.139266s
# FindNeighbors: 0.364288s
# Density: 0.0866834s
# EquationOfState: 0.00084113s
# mpi::synchronizeHalos: 0.0415761s
# IAD: 0.118095s
# mpi::synchronizeHalos: 0.0321622s
# MomentumEnergyIAD: 0.306406s
# Timestep: 0.0188414s
# UpdateQuantities: 0.00164223s
# UpdateSmoothingLength: 0.00158423s
### Check ### Global Tree Nodes: 4096, Particles: 142869, Halos: 60199
### Check ### Computational domain: -0.5 0.5 -0.5 0.5 -0.5 0.5
### Check ### Total Neighbors: 93000000, Avg neighbor count per particle: 93
### Check ### Total time: 0.000200138, current time-step: 1.91943e-05
### Check ### Total energy: 1, (internal: 0.999833, kinetic: 0.000167155, gravitational: 0)
### Check ### Focus Tree Nodes: 10431, maxDepth 5
=== Total time for iteration(31) 1.11139s

# domain::sync: 0.146547s
# FindNeighbors: 0.36584s
# Density: 0.0862308s
# EquationOfState: 0.00075423s
# mpi::synchronizeHalos: 0.0422258s
# IAD: 0.11824s
# mpi::synchronizeHalos: 0.0208325s
# MomentumEnergyIAD: 0.305604s
# Timestep: 0.0210944s
# UpdateQuantities: 0.00162497s
# UpdateSmoothingLength: 0.00158496s
### Check ### Global Tree Nodes: 4096, Particles: 142869, Halos: 60199
### Check ### Computational domain: -0.5 0.5 -0.5 0.5 -0.5 0.5
### Check ### Total Neighbors: 93000000, Avg neighbor count per particle: 93
### Check ### Total time: 0.000221252, current time-step: 2.11138e-05
### Check ### Total energy: 1, (internal: 0.999796, kinetic: 0.000204149, gravitational: 0)
### Check ### Focus Tree Nodes: 10431, maxDepth 5
=== Total time for iteration(32) 1.11058s

# domain::sync: 0.142024s
# FindNeighbors: 0.367614s
# Density: 0.0871843s
# EquationOfState: 0.000754013s
# mpi::synchronizeHalos: 0.0355108s
# IAD: 0.118584s
# mpi::synchronizeHalos: 0.028907s
# MomentumEnergyIAD: 0.302735s
# Timestep: 0.015472s
# UpdateQuantities: 0.00163505s
# UpdateSmoothingLength: 0.00166285s
### Check ### Global Tree Nodes: 4096, Particles: 142869, Halos: 60199
### Check ### Computational domain: -0.5 0.5 -0.5 0.5 -0.5 0.5
### Check ### Total Neighbors: 93000000, Avg neighbor count per particle: 93
### Check ### Total time: 0.000244477, current time-step: 2.32252e-05
### Check ### Total energy: 1, (internal: 0.999751, kinetic: 0.000249092, gravitational: 0)
### Check ### Focus Tree Nodes: 10431, maxDepth 5
=== Total time for iteration(33) 1.10209s

# domain::sync: 0.147259s
# FindNeighbors: 0.397167s
# Density: 0.11304s
# EquationOfState: 0.00075778s
# mpi::synchronizeHalos: 0.0465836s
# IAD: 0.15552s
# mpi::synchronizeHalos: 0.0224803s
# MomentumEnergyIAD: 0.52522s
# Timestep: 0.0850909s
# UpdateQuantities: 0.00163403s
# UpdateSmoothingLength: 0.00161595s
### Check ### Global Tree Nodes: 4096, Particles: 142869, Halos: 60199
### Check ### Computational domain: -0.5 0.5 -0.5 0.5 -0.5 0.5
### Check ### Total Neighbors: 123000000, Avg neighbor count per particle: 123
### Check ### Total time: 0.000270024, current time-step: 2.55477e-05
### Check ### Total energy: 1, (internal: 0.999696, kinetic: 0.000303663, gravitational: 0)
### Check ### Focus Tree Nodes: 10431, maxDepth 5
=== Total time for iteration(34) 1.49637s

# domain::sync: 0.140722s
# FindNeighbors: 0.364462s
# Density: 0.0863977s
# EquationOfState: 0.000754783s
# mpi::synchronizeHalos: 0.0449377s
# IAD: 0.118002s
# mpi::synchronizeHalos: 0.0309009s
# MomentumEnergyIAD: 0.30624s
# Timestep: 0.0240583s
# UpdateQuantities: 0.00160663s
# UpdateSmoothingLength: 0.00158494s
### Check ### Global Tree Nodes: 4096, Particles: 142869, Halos: 60199
### Check ### Computational domain: -0.5 0.5 -0.5 0.5 -0.5 0.5
### Check ### Total Neighbors: 93000000, Avg neighbor count per particle: 93
### Check ### Total time: 0.000298127, current time-step: 2.81024e-05
### Check ### Total energy: 1, (internal: 0.99963, kinetic: 0.000369936, gravitational: 0)
### Check ### Focus Tree Nodes: 10431, maxDepth 5
=== Total time for iteration(35) 1.11967s

# domain::sync: 0.138571s
# FindNeighbors: 0.36635s
# Density: 0.0871854s
# EquationOfState: 0.000796132s
# mpi::synchronizeHalos: 0.0409888s
# IAD: 0.118252s
# mpi::synchronizeHalos: 0.0356177s
# MomentumEnergyIAD: 0.30493s
# Timestep: 0.0214856s
# UpdateQuantities: 0.0016213s
# UpdateSmoothingLength: 0.00158536s
### Check ### Global Tree Nodes: 4096, Particles: 142869, Halos: 60199
### Check ### Computational domain: -0.5 0.5 -0.5 0.5 -0.5 0.5
### Check ### Total Neighbors: 93000000, Avg neighbor count per particle: 93
### Check ### Total time: 0.000329039, current time-step: 3.09127e-05
### Check ### Total energy: 1, (internal: 0.99955, kinetic: 0.000450321, gravitational: 0)
### Check ### Focus Tree Nodes: 10431, maxDepth 5
=== Total time for iteration(36) 1.11739s

# domain::sync: 0.15029s
# FindNeighbors: 0.367497s
# Density: 0.0864161s
# EquationOfState: 0.000758027s
# mpi::synchronizeHalos: 0.0332801s
# IAD: 0.117579s
# mpi::synchronizeHalos: 0.0283008s
# MomentumEnergyIAD: 0.302289s
# Timestep: 0.0225882s
# UpdateQuantities: 0.00172452s
# UpdateSmoothingLength: 0.00163687s
### Check ### Global Tree Nodes: 4096, Particles: 142869, Halos: 60199
### Check ### Computational domain: -0.5 0.5 -0.5 0.5 -0.5 0.5
### Check ### Total Neighbors: 93000000, Avg neighbor count per particle: 93
### Check ### Total time: 0.000363043, current time-step: 3.40039e-05
### Check ### Total energy: 1, (internal: 0.999452, kinetic: 0.000547794, gravitational: 0)
### Check ### Focus Tree Nodes: 10431, maxDepth 5
=== Total time for iteration(37) 1.11236s

# domain::sync: 0.138519s
# FindNeighbors: 0.398538s
# Density: 0.113895s
# EquationOfState: 0.000786585s
# mpi::synchronizeHalos: 0.0350039s
# IAD: 0.15505s
# mpi::synchronizeHalos: 0.0286771s
# MomentumEnergyIAD: 0.464314s
# Timestep: 0.0508248s
# UpdateQuantities: 0.00163709s
# UpdateSmoothingLength: 0.00158329s
### Check ### Global Tree Nodes: 4096, Particles: 142869, Halos: 60199
### Check ### Computational domain: -0.5 0.5 -0.5 0.5 -0.5 0.5
### Check ### Total Neighbors: 123000000, Avg neighbor count per particle: 123
### Check ### Total time: 0.000400448, current time-step: 3.74043e-05
### Check ### Total energy: 1, (internal: 0.999334, kinetic: 0.000665935, gravitational: 0)
### Check ### Focus Tree Nodes: 10431, maxDepth 5
=== Total time for iteration(38) 1.38883s

# domain::sync: 0.14314s
# FindNeighbors: 0.364219s
# Density: 0.0862931s
# EquationOfState: 0.0007563s
# mpi::synchronizeHalos: 0.0387605s
# IAD: 0.117705s
# mpi::synchronizeHalos: 0.0353284s
# MomentumEnergyIAD: 0.305193s
# Timestep: 0.0153526s
# UpdateQuantities: 0.00172079s
# UpdateSmoothingLength: 0.00158281s
### Check ### Global Tree Nodes: 4096, Particles: 142869, Halos: 60199
### Check ### Computational domain: -0.5 0.5 -0.5 0.5 -0.5 0.5
### Check ### Total Neighbors: 93000000, Avg neighbor count per particle: 93
### Check ### Total time: 0.000441593, current time-step: 4.11448e-05
### Check ### Total energy: 1, (internal: 0.999191, kinetic: 0.000809156, gravitational: 0)
### Check ### Focus Tree Nodes: 10431, maxDepth 5
=== Total time for iteration(39) 1.11006s

# domain::sync: 0.152976s
# FindNeighbors: 0.366227s
# Density: 0.0863624s
# EquationOfState: 0.000756062s
# mpi::synchronizeHalos: 0.0301517s
# IAD: 0.118154s
# mpi::synchronizeHalos: 0.0294735s
# MomentumEnergyIAD: 0.30413s
# Timestep: 0.0179676s
# UpdateQuantities: 0.00165063s
# UpdateSmoothingLength: 0.00158418s
### Check ### Global Tree Nodes: 4096, Particles: 142869, Halos: 60199
### Check ### Computational domain: -0.5 0.5 -0.5 0.5 -0.5 0.5
### Check ### Total Neighbors: 93000000, Avg neighbor count per particle: 93
### Check ### Total time: 0.000486852, current time-step: 4.52593e-05
### Check ### Total energy: 1, (internal: 0.999017, kinetic: 0.000982562, gravitational: 0)
### Check ### Focus Tree Nodes: 10431, maxDepth 5
=== Total time for iteration(40) 1.10944s

# domain::sync: 0.13368s
# FindNeighbors: 0.367532s
# Density: 0.0872094s
# EquationOfState: 0.000785758s
# mpi::synchronizeHalos: 0.039306s
# IAD: 0.117619s
# mpi::synchronizeHalos: 0.0334897s
# MomentumEnergyIAD: 0.302932s
# Timestep: 0.0179575s
# UpdateQuantities: 0.00165365s
# UpdateSmoothingLength: 0.00158293s
### Check ### Global Tree Nodes: 4096, Particles: 142869, Halos: 60199
### Check ### Computational domain: -0.5 0.5 -0.5 0.5 -0.5 0.5
### Check ### Total Neighbors: 93000000, Avg neighbor count per particle: 93
### Check ### Total time: 0.000536637, current time-step: 4.97852e-05
### Check ### Total energy: 1, (internal: 0.998808, kinetic: 0.00119245, gravitational: 0)
### Check ### Focus Tree Nodes: 10431, maxDepth 5
=== Total time for iteration(41) 1.10375s

# domain::sync: 0.139948s
# FindNeighbors: 0.398896s
# Density: 0.113121s
# EquationOfState: 0.000757156s
# mpi::synchronizeHalos: 0.0457717s
# IAD: 0.154955s
# mpi::synchronizeHalos: 0.0304692s
# MomentumEnergyIAD: 0.452507s
# Timestep: 0.0420141s
# UpdateQuantities: 0.00163715s
# UpdateSmoothingLength: 0.00164071s
### Check ### Global Tree Nodes: 4096, Particles: 142869, Halos: 60199
### Check ### Computational domain: -0.5 0.5 -0.5 0.5 -0.5 0.5
### Check ### Total Neighbors: 123000000, Avg neighbor count per particle: 123
### Check ### Total time: 0.000591401, current time-step: 5.47637e-05
### Check ### Total energy: 1, (internal: 0.998554, kinetic: 0.00144637, gravitational: 0)
### Check ### Focus Tree Nodes: 10431, maxDepth 5
=== Total time for iteration(42) 1.38172s

# domain::sync: 0.322745s
# FindNeighbors: 0.366099s
# Density: 0.0870527s
# EquationOfState: 0.000755373s
# mpi::synchronizeHalos: 0.0233217s
# IAD: 0.117961s
# mpi::synchronizeHalos: 0.0192685s
# MomentumEnergyIAD: 0.304763s
# Timestep: 0.0111561s
# UpdateQuantities: 0.00164323s
# UpdateSmoothingLength: 0.00158303s
### Check ### Global Tree Nodes: 4096, Particles: 142869, Halos: 60199
### Check ### Computational domain: -0.5 0.5 -0.5 0.5 -0.5 0.5
### Check ### Total Neighbors: 93000000, Avg neighbor count per particle: 93
### Check ### Total time: 0.000651641, current time-step: 6.02401e-05
### Check ### Total energy: 1, (internal: 0.998246, kinetic: 0.00175357, gravitational: 0)
### Check ### Focus Tree Nodes: 10431, maxDepth 5
=== Total time for iteration(43) 1.25635s

# domain::sync: 0.136188s
# FindNeighbors: 0.366334s
# Density: 0.0863886s
# EquationOfState: 0.000783721s
# mpi::synchronizeHalos: 0.0489058s
# IAD: 0.117842s
# mpi::synchronizeHalos: 0.0333866s
# MomentumEnergyIAD: 0.304054s
# Timestep: 0.0168082s
# UpdateQuantities: 0.00166495s
# UpdateSmoothingLength: 0.00161028s
### Check ### Global Tree Nodes: 4096, Particles: 142869, Halos: 60199
### Check ### Computational domain: -0.5 0.5 -0.5 0.5 -0.5 0.5
### Check ### Total Neighbors: 93000000, Avg neighbor count per particle: 93
### Check ### Total time: 0.000717905, current time-step: 6.62641e-05
### Check ### Total energy: 1, (internal: 0.997875, kinetic: 0.0021247, gravitational: 0)
### Check ### Focus Tree Nodes: 10431, maxDepth 5
=== Total time for iteration(44) 1.11397s

# domain::sync: 0.134448s
# FindNeighbors: 0.368403s
# Density: 0.0870614s
# EquationOfState: 0.00075634s
# mpi::synchronizeHalos: 0.0365244s
# IAD: 0.117835s
# mpi::synchronizeHalos: 0.0351404s
# MomentumEnergyIAD: 0.300933s
# Timestep: 0.012846s
# UpdateQuantities: 0.00165723s
# UpdateSmoothingLength: 0.00158269s
### Check ### Global Tree Nodes: 4096, Particles: 142869, Halos: 60199
### Check ### Computational domain: -0.5 0.5 -0.5 0.5 -0.5 0.5
### Check ### Total Neighbors: 93083952, Avg neighbor count per particle: 93
### Check ### Total time: 0.000790795, current time-step: 7.28905e-05
### Check ### Total energy: 1, (internal: 0.997427, kinetic: 0.00257285, gravitational: 0)
### Check ### Focus Tree Nodes: 10431, maxDepth 5
=== Total time for iteration(45) 1.09719s

# domain::sync: 0.140644s
# FindNeighbors: 0.39832s
# Density: 0.113289s
# EquationOfState: 0.000754981s
# mpi::synchronizeHalos: 0.0356609s
# IAD: 0.154779s
# mpi::synchronizeHalos: 0.0368296s
# MomentumEnergyIAD: 0.442759s
# Timestep: 0.181583s
# UpdateQuantities: 0.00164217s
# UpdateSmoothingLength: 0.00158354s
### Check ### Global Tree Nodes: 4096, Particles: 142869, Halos: 60199
### Check ### Computational domain: -0.5 0.5 -0.5 0.5 -0.5 0.5
### Check ### Total Neighbors: 122863368, Avg neighbor count per particle: 122
### Check ### Total time: 0.000870975, current time-step: 8.01795e-05
### Check ### Total energy: 1, (internal: 0.996886, kinetic: 0.00311353, gravitational: 0)
### Check ### Focus Tree Nodes: 10431, maxDepth 5
=== Total time for iteration(46) 1.50785s

# domain::sync: 0.137647s
# FindNeighbors: 0.365127s
# Density: 0.086538s
# EquationOfState: 0.000755024s
# mpi::synchronizeHalos: 0.030339s
# IAD: 0.117653s
# mpi::synchronizeHalos: 0.030815s
# MomentumEnergyIAD: 0.304772s
# Timestep: 0.0181965s
# UpdateQuantities: 0.00164573s
# UpdateSmoothingLength: 0.00158188s
### Check ### Global Tree Nodes: 4096, Particles: 142869, Halos: 60199
### Check ### Computational domain: -0.5 0.5 -0.5 0.5 -0.5 0.5
### Check ### Total Neighbors: 93006096, Avg neighbor count per particle: 93
### Check ### Total time: 0.000959172, current time-step: 8.81975e-05
### Check ### Total energy: 1, (internal: 0.996234, kinetic: 0.00376567, gravitational: 0)
### Check ### Focus Tree Nodes: 10431, maxDepth 5
=== Total time for iteration(47) 1.09507s

# domain::sync: 0.137913s
# FindNeighbors: 0.366572s
# Density: 0.0864351s
# EquationOfState: 0.000759413s
# mpi::synchronizeHalos: 0.0344717s
# IAD: 0.117781s
# mpi::synchronizeHalos: 0.0322448s
# MomentumEnergyIAD: 0.303643s
# Timestep: 0.0196264s
# UpdateQuantities: 0.00164551s
# UpdateSmoothingLength: 0.00158429s
### Check ### Global Tree Nodes: 4096, Particles: 142869, Halos: 60199
### Check ### Computational domain: -0.5 0.5 -0.5 0.5 -0.5 0.5
### Check ### Total Neighbors: 93136488, Avg neighbor count per particle: 93
### Check ### Total time: 0.00105619, current time-step: 9.70172e-05
### Check ### Total energy: 1, (internal: 0.995449, kinetic: 0.00455084, gravitational: 0)
### Check ### Focus Tree Nodes: 10431, maxDepth 5
=== Total time for iteration(48) 1.10268s

# domain::sync: 0.138003s
# FindNeighbors: 0.368263s
# Density: 0.0867543s
# EquationOfState: 0.000756617s
# mpi::synchronizeHalos: 0.0331176s
# IAD: 0.118575s
# mpi::synchronizeHalos: 0.0276362s
# MomentumEnergyIAD: 0.301467s
# Timestep: 0.0115303s
# UpdateQuantities: 0.00168027s
# UpdateSmoothingLength: 0.00158341s
### Check ### Global Tree Nodes: 4096, Particles: 142869, Halos: 60199
### Check ### Computational domain: -0.5 0.5 -0.5 0.5 -0.5 0.5
### Check ### Total Neighbors: 93541920, Avg neighbor count per particle: 93
### Check ### Total time: 0.00116291, current time-step: 0.000106719
### Check ### Total energy: 1, (internal: 0.994505, kinetic: 0.0054951, gravitational: 0)
### Check ### Focus Tree Nodes: 10431, maxDepth 5
=== Total time for iteration(49) 1.08937s

# domain::sync: 0.133951s
# FindNeighbors: 0.398036s
# Density: 0.112559s
# EquationOfState: 0.000758743s
# mpi::synchronizeHalos: 0.041878s
# IAD: 0.153958s
# mpi::synchronizeHalos: 0.031885s
# MomentumEnergyIAD: 0.431992s
# Timestep: 0.0396818s
# UpdateQuantities: 0.00164502s
# UpdateSmoothingLength: 0.00158211s
### Check ### Global Tree Nodes: 4096, Particles: 142869, Halos: 60199
### Check ### Computational domain: -0.5 0.5 -0.5 0.5 -0.5 0.5
### Check ### Total Neighbors: 121730064, Avg neighbor count per particle: 121
### Check ### Total time: 0.0012803, current time-step: 0.000117391
### Check ### Total energy: 1, (internal: 0.99337, kinetic: 0.0066291, gravitational: 0)
### Check ### Focus Tree Nodes: 10431, maxDepth 5
=== Total time for iteration(50) 1.34793s

# domain::sync: 0.141817s
# FindNeighbors: 0.365955s
# Density: 0.0870623s
# EquationOfState: 0.00075445s
# mpi::synchronizeHalos: 0.0286444s
# IAD: 0.11864s
# mpi::synchronizeHalos: 0.0284472s
# MomentumEnergyIAD: 0.306602s
# Timestep: 0.0116592s
# UpdateQuantities: 0.00169037s
# UpdateSmoothingLength: 0.00158531s
### Check ### Global Tree Nodes: 4096, Particles: 142869, Halos: 60199
### Check ### Computational domain: -0.5 0.5 -0.5 0.5 -0.5 0.5
### Check ### Total Neighbors: 93766344, Avg neighbor count per particle: 93
### Check ### Total time: 0.00140943, current time-step: 0.00012913
### Check ### Total energy: 0.999999, (internal: 0.992011, kinetic: 0.00798879, gravitational: 0)
### Check ### Focus Tree Nodes: 10431, maxDepth 5
=== Total time for iteration(51) 1.09286s

# domain::sync: 0.135874s
# FindNeighbors: 0.367194s
# Density: 0.0873943s
# EquationOfState: 0.000756965s
# mpi::synchronizeHalos: 0.0479359s
# IAD: 0.118118s
# mpi::synchronizeHalos: 0.0221719s
# MomentumEnergyIAD: 0.302551s
# Timestep: 0.015553s
# UpdateQuantities: 0.00166913s
# UpdateSmoothingLength: 0.00158516s
### Check ### Global Tree Nodes: 4096, Particles: 142869, Halos: 60199
### Check ### Computational domain: -0.5 0.5 -0.5 0.5 -0.5 0.5
### Check ### Total Neighbors: 93302376, Avg neighbor count per particle: 93
### Check ### Total time: 0.00155147, current time-step: 0.000142043
### Check ### Total energy: 0.999999, (internal: 0.990383, kinetic: 0.00961571, gravitational: 0)
### Check ### Focus Tree Nodes: 10431, maxDepth 5
=== Total time for iteration(52) 1.10081s

# domain::sync: 0.141784s
# FindNeighbors: 0.394508s
# Density: 0.112495s
# EquationOfState: 0.000757009s
# mpi::synchronizeHalos: 0.0314518s
# IAD: 0.155569s
# mpi::synchronizeHalos: 0.037028s
# MomentumEnergyIAD: 0.660286s
# Timestep: 0.143329s
# UpdateQuantities: 0.00171524s
# UpdateSmoothingLength: 0.00158236s
### Check ### Global Tree Nodes: 4096, Particles: 142869, Halos: 60199
### Check ### Computational domain: -0.5 0.5 -0.5 0.5 -0.5 0.5
### Check ### Total Neighbors: 120836544, Avg neighbor count per particle: 120
### Check ### Total time: 0.00169948, current time-step: 0.000148005
### Check ### Total energy: 0.999998, (internal: 0.988547, kinetic: 0.0114505, gravitational: 0)
### Check ### Focus Tree Nodes: 10431, maxDepth 5
=== Total time for iteration(53) 1.68051s

# domain::sync: 0.136942s
# FindNeighbors: 0.365221s
# Density: 0.0874312s
# EquationOfState: 0.000754771s
# mpi::synchronizeHalos: 0.0379315s
# IAD: 0.118811s
# mpi::synchronizeHalos: 0.0361698s
# MomentumEnergyIAD: 0.308039s
# Timestep: 0.0166564s
# UpdateQuantities: 0.0016429s
# UpdateSmoothingLength: 0.00158328s
### Check ### Global Tree Nodes: 4096, Particles: 142869, Halos: 60199
### Check ### Computational domain: -0.5 0.5 -0.5 0.5 -0.5 0.5
### Check ### Total Neighbors: 94073304, Avg neighbor count per particle: 94
### Check ### Total time: 0.00185054, current time-step: 0.000151065
### Check ### Total energy: 0.999996, (internal: 0.986532, kinetic: 0.0134637, gravitational: 0)
### Check ### Focus Tree Nodes: 10431, maxDepth 5
=== Total time for iteration(54) 1.11119s

# domain::sync: 0.137053s
# FindNeighbors: 0.366615s
# Density: 0.0878841s
# EquationOfState: 0.000760153s
# mpi::synchronizeHalos: 0.0317542s
# IAD: 0.118182s
# mpi::synchronizeHalos: 0.0355583s
# MomentumEnergyIAD: 0.305465s
# Timestep: 0.194341s
# UpdateQuantities: 0.00164191s
# UpdateSmoothingLength: 0.00158317s
### Check ### Global Tree Nodes: 4096, Particles: 142869, Halos: 60199
### Check ### Computational domain: -0.5 0.5 -0.5 0.5 -0.5 0.5
### Check ### Total Neighbors: 93714504, Avg neighbor count per particle: 93
### Check ### Total time: 0.00200417, current time-step: 0.00015363
### Check ### Total energy: 0.999994, (internal: 0.984344, kinetic: 0.0156496, gravitational: 0)
### Check ### Focus Tree Nodes: 10431, maxDepth 5
=== Total time for iteration(55) 1.28084s

# domain::sync: 0.138016s
# FindNeighbors: 0.367754s
# Density: 0.0869927s
# EquationOfState: 0.000754772s
# mpi::synchronizeHalos: 0.0342606s
# IAD: 0.117737s
# mpi::synchronizeHalos: 0.0328291s
# MomentumEnergyIAD: 0.302302s
# Timestep: 0.0150068s
# UpdateQuantities: 0.00160944s
# UpdateSmoothingLength: 0.00158329s
### Check ### Global Tree Nodes: 4096, Particles: 142869, Halos: 60199
### Check ### Computational domain: -0.5 0.5 -0.5 0.5 -0.5 0.5
### Check ### Total Neighbors: 93362352, Avg neighbor count per particle: 93
### Check ### Total time: 0.0021605, current time-step: 0.000156327
### Check ### Total energy: 0.999992, (internal: 0.981983, kinetic: 0.0180094, gravitational: 0)
### Check ### Focus Tree Nodes: 10431, maxDepth 5
=== Total time for iteration(56) 1.09885s

# domain::sync: 0.143839s
# FindNeighbors: 0.396008s
# Density: 0.111773s
# EquationOfState: 0.000755728s
# mpi::synchronizeHalos: 0.04168s
# IAD: 0.154604s
# mpi::synchronizeHalos: 0.0281587s
# MomentumEnergyIAD: 0.518711s
# Timestep: 0.0798128s
# UpdateQuantities: 0.00170592s
# UpdateSmoothingLength: 0.0015846s
### Check ### Global Tree Nodes: 4096, Particles: 142869, Halos: 60199
### Check ### Computational domain: -0.5 0.5 -0.5 0.5 -0.5 0.5
### Check ### Total Neighbors: 120930888, Avg neighbor count per particle: 120
### Check ### Total time: 0.00231968, current time-step: 0.000159183
### Check ### Total energy: 0.99999, (internal: 0.979445, kinetic: 0.0205443, gravitational: 0)
### Check ### Focus Tree Nodes: 10431, maxDepth 5
=== Total time for iteration(57) 1.47864s

# domain::sync: 0.146685s
# FindNeighbors: 0.365437s
# Density: 0.0874625s
# EquationOfState: 0.000761898s
# mpi::synchronizeHalos: 0.0384537s
# IAD: 0.11883s
# mpi::synchronizeHalos: 0.0275111s
# MomentumEnergyIAD: 0.307157s
# Timestep: 0.00507896s
# UpdateQuantities: 0.00162434s
# UpdateSmoothingLength: 0.00158347s
### Check ### Global Tree Nodes: 4096, Particles: 142869, Halos: 61846
### Check ### Computational domain: -0.5 0.5 -0.5 0.5 -0.5 0.5
### Check ### Total Neighbors: 93962928, Avg neighbor count per particle: 93
### Check ### Total time: 0.00248151, current time-step: 0.000161829
### Check ### Total energy: 0.999987, (internal: 0.976739, kinetic: 0.0232488, gravitational: 0)
### Check ### Focus Tree Nodes: 10431, maxDepth 5
=== Total time for iteration(58) 1.10059s

# domain::sync: 0.14287s
# FindNeighbors: 0.366772s
# Density: 0.0871702s
# EquationOfState: 0.000758009s
# mpi::synchronizeHalos: 0.0269867s
# IAD: 0.118263s
# mpi::synchronizeHalos: 0.0416889s
# MomentumEnergyIAD: 0.304228s
# Timestep: 0.0117735s
# UpdateQuantities: 0.00163439s
# UpdateSmoothingLength: 0.00158511s
### Check ### Global Tree Nodes: 4096, Particles: 142869, Halos: 61846
### Check ### Computational domain: -0.5 0.5 -0.5 0.5 -0.5 0.5
### Check ### Total Neighbors: 93733464, Avg neighbor count per particle: 93
### Check ### Total time: 0.00264547, current time-step: 0.000163961
### Check ### Total energy: 0.999985, (internal: 0.973874, kinetic: 0.0261106, gravitational: 0)
### Check ### Focus Tree Nodes: 10431, maxDepth 5
=== Total time for iteration(59) 1.10373s

# domain::sync: 0.144683s
# FindNeighbors: 0.368359s
# Density: 0.0878423s
# EquationOfState: 0.000754445s
# mpi::synchronizeHalos: 0.0271402s
# IAD: 0.117427s
# mpi::synchronizeHalos: 0.0442466s
# MomentumEnergyIAD: 0.302005s
# Timestep: 0.0139339s
# UpdateQuantities: 0.00169295s
# UpdateSmoothingLength: 0.00158291s
### Check ### Global Tree Nodes: 4096, Particles: 142869, Halos: 61846
### Check ### Computational domain: -0.5 0.5 -0.5 0.5 -0.5 0.5
### Check ### Total Neighbors: 93378648, Avg neighbor count per particle: 93
### Check ### Total time: 0.00281225, current time-step: 0.000166775
### Check ### Total energy: 0.999982, (internal: 0.970845, kinetic: 0.0291378, gravitational: 0)
### Check ### Focus Tree Nodes: 10431, maxDepth 5
=== Total time for iteration(60) 1.10967s

# domain::sync: 0.145975s
# FindNeighbors: 0.395824s
# Density: 0.112069s
# EquationOfState: 0.000757043s
# mpi::synchronizeHalos: 0.0361321s
# IAD: 0.154061s
# mpi::synchronizeHalos: 0.03099s
# MomentumEnergyIAD: 0.45698s
# Timestep: 0.0451421s
# UpdateQuantities: 0.00164508s
# UpdateSmoothingLength: 0.00158862s
### Check ### Global Tree Nodes: 4096, Particles: 142869, Halos: 62575
### Check ### Computational domain: -0.5 0.5 -0.5 0.5 -0.5 0.5
### Check ### Total Neighbors: 121000200, Avg neighbor count per particle: 121
### Check ### Total time: 0.00298167, current time-step: 0.000169419
### Check ### Total energy: 0.99998, (internal: 0.967657, kinetic: 0.0323227, gravitational: 0)
### Check ### Focus Tree Nodes: 10431, maxDepth 5
=== Total time for iteration(61) 1.38117s

# domain::sync: 0.140272s
# FindNeighbors: 0.36533s
# Density: 0.0870953s
# EquationOfState: 0.000756744s
# mpi::synchronizeHalos: 0.0249375s
# IAD: 0.118476s
# mpi::synchronizeHalos: 0.0221123s
# MomentumEnergyIAD: 0.306299s
# Timestep: 0.0187636s
# UpdateQuantities: 0.00169826s
# UpdateSmoothingLength: 0.00159006s
### Check ### Global Tree Nodes: 4096, Particles: 142869, Halos: 62575
### Check ### Computational domain: -0.5 0.5 -0.5 0.5 -0.5 0.5
### Check ### Total Neighbors: 94003008, Avg neighbor count per particle: 94
### Check ### Total time: 0.00315446, current time-step: 0.000172791
### Check ### Total energy: 0.999978, (internal: 0.964303, kinetic: 0.0356751, gravitational: 0)
### Check ### Focus Tree Nodes: 10431, maxDepth 5
=== Total time for iteration(62) 1.08733s

# domain::sync: 0.136969s
# FindNeighbors: 0.367035s
# Density: 0.0875613s
# EquationOfState: 0.000757913s
# mpi::synchronizeHalos: 0.0362612s
# IAD: 0.118299s
# mpi::synchronizeHalos: 0.0257561s
# MomentumEnergyIAD: 0.303971s
# Timestep: 0.00793327s
# UpdateQuantities: 0.00164479s
# UpdateSmoothingLength: 0.0015897s
### Check ### Global Tree Nodes: 4096, Particles: 142869, Halos: 62575
### Check ### Computational domain: -0.5 0.5 -0.5 0.5 -0.5 0.5
### Check ### Total Neighbors: 93578496, Avg neighbor count per particle: 93
### Check ### Total time: 0.00332975, current time-step: 0.000175295
### Check ### Total energy: 0.999975, (internal: 0.960803, kinetic: 0.0391723, gravitational: 0)
### Check ### Focus Tree Nodes: 10431, maxDepth 5
=== Total time for iteration(63) 1.08778s

# domain::sync: 0.147985s
# FindNeighbors: 0.36785s
# Density: 0.0866367s
# EquationOfState: 0.000756916s
# mpi::synchronizeHalos: 0.0283503s
# IAD: 0.118354s
# mpi::synchronizeHalos: 0.0273379s
# MomentumEnergyIAD: 0.301204s
# Timestep: 0.0199734s
# UpdateQuantities: 0.00163059s
# UpdateSmoothingLength: 0.00158657s
### Check ### Global Tree Nodes: 4096, Particles: 142869, Halos: 62656
### Check ### Computational domain: -0.5 0.5 -0.5 0.5 -0.5 0.5
### Check ### Total Neighbors: 93444120, Avg neighbor count per particle: 93
### Check ### Total time: 0.00350755, current time-step: 0.000177798
### Check ### Total energy: 0.999972, (internal: 0.957164, kinetic: 0.0428081, gravitational: 0)
### Check ### Focus Tree Nodes: 10431, maxDepth 5
=== Total time for iteration(64) 1.10167s

# domain::sync: 0.148152s
# FindNeighbors: 0.397038s
# Density: 0.113029s
# EquationOfState: 0.000788239s
# mpi::synchronizeHalos: 0.0356718s
# IAD: 0.153674s
# mpi::synchronizeHalos: 0.0242806s
# MomentumEnergyIAD: 0.442129s
# Timestep: 0.0440092s
# UpdateQuantities: 0.00166555s
# UpdateSmoothingLength: 0.00161396s
### Check ### Global Tree Nodes: 4096, Particles: 142869, Halos: 62656
### Check ### Computational domain: -0.5 0.5 -0.5 0.5 -0.5 0.5
### Check ### Total Neighbors: 121045632, Avg neighbor count per particle: 121
### Check ### Total time: 0.00368811, current time-step: 0.000180555
### Check ### Total energy: 0.99997, (internal: 0.953388, kinetic: 0.0465814, gravitational: 0)
### Check ### Focus Tree Nodes: 10431, maxDepth 5
=== Total time for iteration(65) 1.36206s

# domain::sync: 0.147864s
# FindNeighbors: 0.366317s
# Density: 0.0875973s
# EquationOfState: 0.000756136s
# mpi::synchronizeHalos: 0.0212537s
# IAD: 0.118529s
# mpi::synchronizeHalos: 0.0349545s
# MomentumEnergyIAD: 0.306251s
# Timestep: 0.00940163s
# UpdateQuantities: 0.00168165s
# UpdateSmoothingLength: 0.00158622s
### Check ### Global Tree Nodes: 4096, Particles: 142869, Halos: 62656
### Check ### Computational domain: -0.5 0.5 -0.5 0.5 -0.5 0.5
### Check ### Total Neighbors: 93961032, Avg neighbor count per particle: 93
### Check ### Total time: 0.00387177, current time-step: 0.000183661
### Check ### Total energy: 0.999968, (internal: 0.949475, kinetic: 0.0504928, gravitational: 0)
### Check ### Focus Tree Nodes: 10431, maxDepth 5
=== Total time for iteration(66) 1.09619s

# domain::sync: 0.147935s
# FindNeighbors: 0.367238s
# Density: 0.0881303s
# EquationOfState: 0.000755899s
# mpi::synchronizeHalos: 0.0297851s
# IAD: 0.117918s
# mpi::synchronizeHalos: 0.019886s
# MomentumEnergyIAD: 0.302725s
# Timestep: 0.0113901s
# UpdateQuantities: 0.00168063s
# UpdateSmoothingLength: 0.00158755s
### Check ### Global Tree Nodes: 4096, Particles: 142869, Halos: 62656
### Check ### Computational domain: -0.5 0.5 -0.5 0.5 -0.5 0.5
### Check ### Total Neighbors: 93546576, Avg neighbor count per particle: 93
### Check ### Total time: 0.0040589, current time-step: 0.000187136
### Check ### Total energy: 0.999966, (internal: 0.945422, kinetic: 0.0545435, gravitational: 0)
### Check ### Focus Tree Nodes: 10431, maxDepth 5
=== Total time for iteration(67) 1.08903s

# domain::sync: 0.133948s
# FindNeighbors: 0.367985s
# Density: 0.0867434s
# EquationOfState: 0.000756314s
# mpi::synchronizeHalos: 0.032607s
# IAD: 0.117721s
# mpi::synchronizeHalos: 0.0308483s
# MomentumEnergyIAD: 0.302435s
# Timestep: 0.194477s
# UpdateQuantities: 0.00163532s
# UpdateSmoothingLength: 0.00158951s
### Check ### Global Tree Nodes: 4096, Particles: 142869, Halos: 62656
### Check ### Computational domain: -0.5 0.5 -0.5 0.5 -0.5 0.5
### Check ### Total Neighbors: 93515760, Avg neighbor count per particle: 93
### Check ### Total time: 0.0042499, current time-step: 0.000191001
### Check ### Total energy: 0.999964, (internal: 0.941229, kinetic: 0.058735, gravitational: 0)
### Check ### Focus Tree Nodes: 10431, maxDepth 5
=== Total time for iteration(68) 1.27075s

# domain::sync: 0.145968s
# FindNeighbors: 0.396772s
# Density: 0.112733s
# EquationOfState: 0.000757588s
# mpi::synchronizeHalos: 0.0449157s
# IAD: 0.153813s
# mpi::synchronizeHalos: 0.0357908s
# MomentumEnergyIAD: 0.42991s
# Timestep: 0.0255004s
# UpdateQuantities: 0.00164792s
# UpdateSmoothingLength: 0.00161567s
### Check ### Global Tree Nodes: 4096, Particles: 142869, Halos: 63397
### Check ### Computational domain: -0.5 0.5 -0.5 0.5 -0.5 0.5
### Check ### Total Neighbors: 121082616, Avg neighbor count per particle: 121
### Check ### Total time: 0.00444458, current time-step: 0.000194675
### Check ### Total energy: 0.999962, (internal: 0.936906, kinetic: 0.0630557, gravitational: 0)
### Check ### Focus Tree Nodes: 10431, maxDepth 5
=== Total time for iteration(69) 1.34943s

# domain::sync: 0.134966s
# FindNeighbors: 0.366762s
# Density: 0.0870926s
# EquationOfState: 0.000784584s
# mpi::synchronizeHalos: 0.0270571s
# IAD: 0.118529s
# mpi::synchronizeHalos: 0.0298947s
# MomentumEnergyIAD: 0.306184s
# Timestep: 0.0164461s
# UpdateQuantities: 0.00164126s
# UpdateSmoothingLength: 0.00158731s
### Check ### Global Tree Nodes: 4096, Particles: 142869, Halos: 63379
### Check ### Computational domain: -0.5 0.5 -0.5 0.5 -0.5 0.5
### Check ### Total Neighbors: 93809976, Avg neighbor count per particle: 93
### Check ### Total time: 0.00464244, current time-step: 0.000197859
### Check ### Total energy: 0.99996, (internal: 0.932473, kinetic: 0.0674866, gravitational: 0)
### Check ### Focus Tree Nodes: 10431, maxDepth 5
=== Total time for iteration(70) 1.09095s

# domain::sync: 0.1519s
# FindNeighbors: 0.366894s
# Density: 0.0868216s
# EquationOfState: 0.000757831s
# mpi::synchronizeHalos: 0.0308346s
# IAD: 0.118117s
# mpi::synchronizeHalos: 0.0307521s
# MomentumEnergyIAD: 0.301041s
# Timestep: 0.0124253s
# UpdateQuantities: 0.00163297s
# UpdateSmoothingLength: 0.00159041s
### Check ### Global Tree Nodes: 4096, Particles: 142869, Halos: 63499
### Check ### Computational domain: -0.5 0.5 -0.5 0.5 -0.5 0.5
### Check ### Total Neighbors: 93564456, Avg neighbor count per particle: 93
### Check ### Total time: 0.00484391, current time-step: 0.000201469
### Check ### Total energy: 0.999958, (internal: 0.927929, kinetic: 0.0720298, gravitational: 0)
### Check ### Focus Tree Nodes: 10431, maxDepth 5
=== Total time for iteration(71) 1.10277s

# domain::sync: 0.151328s
# FindNeighbors: 0.368089s
# Density: 0.0876609s
# EquationOfState: 0.000752647s
# mpi::synchronizeHalos: 0.0248173s
# IAD: 0.117956s
# mpi::synchronizeHalos: 0.0324498s
# MomentumEnergyIAD: 0.300863s
# Timestep: 0.0119856s
# UpdateQuantities: 0.00163859s
# UpdateSmoothingLength: 0.00159026s
### Check ### Global Tree Nodes: 4096, Particles: 142869, Halos: 63385
### Check ### Computational domain: -0.5 0.5 -0.5 0.5 -0.5 0.5
### Check ### Total Neighbors: 93639384, Avg neighbor count per particle: 93
### Check ### Total time: 0.00504923, current time-step: 0.000205323
### Check ### Total energy: 0.999957, (internal: 0.923275, kinetic: 0.0766825, gravitational: 0)
### Check ### Focus Tree Nodes: 10431, maxDepth 5
=== Total time for iteration(72) 1.09913s

# domain::sync: 0.141288s
# FindNeighbors: 0.397176s
# Density: 0.112852s
# EquationOfState: 0.000758815s
# mpi::synchronizeHalos: 0.0416807s
# IAD: 0.153721s
# mpi::synchronizeHalos: 0.0318468s
# MomentumEnergyIAD: 0.425819s
# Timestep: 0.0334617s
# UpdateQuantities: 0.00166245s
# UpdateSmoothingLength: 0.00164302s
### Check ### Global Tree Nodes: 4096, Particles: 142869, Halos: 63313
### Check ### Computational domain: -0.5 0.5 -0.5 0.5 -0.5 0.5
### Check ### Total Neighbors: 121128912, Avg neighbor count per particle: 121
### Check ### Total time: 0.00525827, current time-step: 0.000209041
### Check ### Total energy: 0.999956, (internal: 0.918523, kinetic: 0.0814328, gravitational: 0)
### Check ### Focus Tree Nodes: 10431, maxDepth 5
=== Total time for iteration(73) 1.34191s

# domain::sync: 0.150936s
# FindNeighbors: 0.365764s
# Density: 0.087964s
# EquationOfState: 0.000757029s
# mpi::synchronizeHalos: 0.0287957s
# IAD: 0.118584s
# mpi::synchronizeHalos: 0.0262763s
# MomentumEnergyIAD: 0.305116s
# Timestep: 0.0125836s
# UpdateQuantities: 0.00160244s
# UpdateSmoothingLength: 0.00158955s
### Check ### Global Tree Nodes: 4096, Particles: 142869, Halos: 63373
### Check ### Computational domain: -0.5 0.5 -0.5 0.5 -0.5 0.5
### Check ### Total Neighbors: 93698304, Avg neighbor count per particle: 93
### Check ### Total time: 0.00547263, current time-step: 0.000214354
### Check ### Total energy: 0.999956, (internal: 0.913646, kinetic: 0.0863098, gravitational: 0)
### Check ### Focus Tree Nodes: 10431, maxDepth 5
=== Total time for iteration(74) 1.09997s

# domain::sync: 0.137223s
# FindNeighbors: 0.367015s
# Density: 0.0866047s
# EquationOfState: 0.000766998s
# mpi::synchronizeHalos: 0.0354683s
# IAD: 0.118479s
# mpi::synchronizeHalos: 0.030465s
# MomentumEnergyIAD: 0.301879s
# Timestep: 0.0108484s
# UpdateQuantities: 0.00164303s
# UpdateSmoothingLength: 0.00161462s
### Check ### Global Tree Nodes: 4096, Particles: 142869, Halos: 63313
### Check ### Computational domain: -0.5 0.5 -0.5 0.5 -0.5 0.5
### Check ### Total Neighbors: 93584112, Avg neighbor count per particle: 93
### Check ### Total time: 0.00569049, current time-step: 0.000217865
### Check ### Total energy: 0.999955, (internal: 0.908694, kinetic: 0.0912609, gravitational: 0)
### Check ### Focus Tree Nodes: 10431, maxDepth 5
=== Total time for iteration(75) 1.09201s

# domain::sync: 0.138438s
# FindNeighbors: 0.394148s
# Density: 0.11221s
# EquationOfState: 0.000760841s
# mpi::synchronizeHalos: 0.0382376s
# IAD: 0.155463s
# mpi::synchronizeHalos: 0.020788s
# MomentumEnergyIAD: 1.18033s
# Timestep: 0.181111s
# UpdateQuantities: 0.00167886s
# UpdateSmoothingLength: 0.00161578s
### Check ### Global Tree Nodes: 4096, Particles: 142869, Halos: 63253
### Check ### Computational domain: -0.5 0.5 -0.5 0.5 -0.5 0.5
### Check ### Total Neighbors: 120044720, Avg neighbor count per particle: 120
### Check ### Total time: 0.00591177, current time-step: 0.000221281
### Check ### Total energy: 0.999954, (internal: 0.903677, kinetic: 0.0962764, gravitational: 0)
### Check ### Focus Tree Nodes: 10431, maxDepth 5
=== Total time for iteration(76) 2.22478s

# domain::sync: 0.145486s
# FindNeighbors: 0.365804s
# Density: 0.087658s
# EquationOfState: 0.000808462s
# mpi::synchronizeHalos: 0.0261326s
# IAD: 0.119449s
# mpi::synchronizeHalos: 0.0306223s
# MomentumEnergyIAD: 0.308062s
# Timestep: 0.0147574s
# UpdateQuantities: 0.00166921s
# UpdateSmoothingLength: 0.00158844s
### Check ### Global Tree Nodes: 4096, Particles: 142869, Halos: 64176
### Check ### Computational domain: -0.5 0.5 -0.5 0.5 -0.5 0.5
### Check ### Total Neighbors: 94648816, Avg neighbor count per particle: 94
### Check ### Total time: 0.0061323, current time-step: 0.000220531
### Check ### Total energy: 0.999949, (internal: 0.898699, kinetic: 0.10125, gravitational: 0)
### Check ### Focus Tree Nodes: 10431, maxDepth 5
=== Total time for iteration(77) 1.10204s

# domain::sync: 0.149201s
# FindNeighbors: 0.366808s
# Density: 0.0869332s
# EquationOfState: 0.000758552s
# mpi::synchronizeHalos: 0.0307427s
# IAD: 0.11816s
# mpi::synchronizeHalos: 0.0261683s
# MomentumEnergyIAD: 0.304221s
# Timestep: 0.0110237s
# UpdateQuantities: 0.00164547s
# UpdateSmoothingLength: 0.00159146s
### Check ### Global Tree Nodes: 4096, Particles: 142869, Halos: 64125
### Check ### Computational domain: -0.5 0.5 -0.5 0.5 -0.5 0.5
### Check ### Total Neighbors: 93662960, Avg neighbor count per particle: 93
### Check ### Total time: 0.00635366, current time-step: 0.00022136
### Check ### Total energy: 0.999947, (internal: 0.893732, kinetic: 0.106215, gravitational: 0)
### Check ### Focus Tree Nodes: 10431, maxDepth 5
=== Total time for iteration(78) 1.09726s

# domain::sync: 0.154403s
# FindNeighbors: 0.367179s
# Density: 0.0869572s
# EquationOfState: 0.000759258s
# mpi::synchronizeHalos: 0.0257743s
# IAD: 0.118003s
# mpi::synchronizeHalos: 0.0322079s
# MomentumEnergyIAD: 0.302418s
# Timestep: 0.012304s
# UpdateQuantities: 0.00160103s
# UpdateSmoothingLength: 0.00159118s
### Check ### Global Tree Nodes: 4096, Particles: 142869, Halos: 64263
### Check ### Computational domain: -0.5 0.5 -0.5 0.5 -0.5 0.5
### Check ### Total Neighbors: 93670048, Avg neighbor count per particle: 93
### Check ### Total time: 0.00657612, current time-step: 0.00022246
### Check ### Total energy: 0.999945, (internal: 0.888775, kinetic: 0.111169, gravitational: 0)
### Check ### Focus Tree Nodes: 10431, maxDepth 5
=== Total time for iteration(79) 1.1032s

# domain::sync: 0.146346s
# FindNeighbors: 0.394455s
# Density: 0.111089s
# EquationOfState: 0.000756334s
# mpi::synchronizeHalos: 0.0279787s
# IAD: 0.154529s
# mpi::synchronizeHalos: 0.0305152s
# MomentumEnergyIAD: 0.565647s
# Timestep: 0.111395s
# UpdateQuantities: 0.00164576s
# UpdateSmoothingLength: 0.00158809s
### Check ### Global Tree Nodes: 4096, Particles: 142869, Halos: 64200
### Check ### Computational domain: -0.5 0.5 -0.5 0.5 -0.5 0.5
### Check ### Total Neighbors: 120171885, Avg neighbor count per particle: 120
### Check ### Total time: 0.00679997, current time-step: 0.000223843
### Check ### Total energy: 0.999943, (internal: 0.88383, kinetic: 0.116113, gravitational: 0)
### Check ### Focus Tree Nodes: 10431, maxDepth 5
=== Total time for iteration(80) 1.54595s

# domain::sync: 0.146681s
# FindNeighbors: 0.365569s
# Density: 0.0879646s
# EquationOfState: 0.000783642s
# mpi::synchronizeHalos: 0.0268216s
# IAD: 0.119192s
# mpi::synchronizeHalos: 0.0415805s
# MomentumEnergyIAD: 0.309263s
# Timestep: 0.00909191s
# UpdateQuantities: 0.00160895s
# UpdateSmoothingLength: 0.0016178s
### Check ### Global Tree Nodes: 4096, Particles: 142869, Halos: 64104
### Check ### Computational domain: -0.5 0.5 -0.5 0.5 -0.5 0.5
### Check ### Total Neighbors: 94584886, Avg neighbor count per particle: 94
### Check ### Total time: 0.00702553, current time-step: 0.000225566
### Check ### Total energy: 0.999942, (internal: 0.878895, kinetic: 0.121046, gravitational: 0)
### Check ### Focus Tree Nodes: 10431, maxDepth 5
=== Total time for iteration(81) 1.11018s

# domain::sync: 0.146282s
# FindNeighbors: 0.366329s
# Density: 0.0874158s
# EquationOfState: 0.000756844s
# mpi::synchronizeHalos: 0.0248166s
# IAD: 0.118366s
# mpi::synchronizeHalos: 0.0288604s
# MomentumEnergyIAD: 0.302135s
# Timestep: 0.0123122s
# UpdateQuantities: 0.00165672s
# UpdateSmoothingLength: 0.00158729s
### Check ### Global Tree Nodes: 4096, Particles: 142869, Halos: 64050
### Check ### Computational domain: -0.5 0.5 -0.5 0.5 -0.5 0.5
### Check ### Total Neighbors: 93674056, Avg neighbor count per particle: 93
### Check ### Total time: 0.00725239, current time-step: 0.000226861
### Check ### Total energy: 0.99994, (internal: 0.873986, kinetic: 0.125954, gravitational: 0)
### Check ### Focus Tree Nodes: 10431, maxDepth 5
=== Total time for iteration(82) 1.09052s

# domain::sync: 0.148752s
# FindNeighbors: 0.368574s
# Density: 0.0871235s
# EquationOfState: 0.000757379s
# mpi::synchronizeHalos: 0.0228963s
# IAD: 0.117914s
# mpi::synchronizeHalos: 0.0242909s
# MomentumEnergyIAD: 0.302731s
# Timestep: 0.0124698s
# UpdateQuantities: 0.00163186s
# UpdateSmoothingLength: 0.00158948s
### Check ### Global Tree Nodes: 4096, Particles: 142869, Halos: 63993
### Check ### Computational domain: -0.5 0.5 -0.5 0.5 -0.5 0.5
### Check ### Total Neighbors: 93767944, Avg neighbor count per particle: 93
### Check ### Total time: 0.00748083, current time-step: 0.000228442
### Check ### Total energy: 0.99994, (internal: 0.869102, kinetic: 0.130838, gravitational: 0)
### Check ### Focus Tree Nodes: 10431, maxDepth 5
=== Total time for iteration(83) 1.08873s

# domain::sync: 0.140886s
# FindNeighbors: 0.395407s
# Density: 0.112125s
# EquationOfState: 0.000758236s
# mpi::synchronizeHalos: 0.0474263s
# IAD: 0.153451s
# mpi::synchronizeHalos: 0.0293403s
# MomentumEnergyIAD: 0.465853s
# Timestep: 0.056422s
# UpdateQuantities: 0.00164115s
# UpdateSmoothingLength: 0.00158858s
### Check ### Global Tree Nodes: 4096, Particles: 142869, Halos: 63945
### Check ### Computational domain: -0.5 0.5 -0.5 0.5 -0.5 0.5
### Check ### Total Neighbors: 120201184, Avg neighbor count per particle: 120
### Check ### Total time: 0.00770697, current time-step: 0.000226139
### Check ### Total energy: 0.999935, (internal: 0.864329, kinetic: 0.135606, gravitational: 0)
### Check ### Focus Tree Nodes: 10431, maxDepth 5
=== Total time for iteration(84) 1.4049s

# domain::sync: 0.142407s
# FindNeighbors: 0.365979s
# Density: 0.0886574s
# EquationOfState: 0.000757729s
# mpi::synchronizeHalos: 0.0258795s
# IAD: 0.118738s
# mpi::synchronizeHalos: 0.0370743s
# MomentumEnergyIAD: 0.306515s
# Timestep: 0.00876953s
# UpdateQuantities: 0.00161854s
# UpdateSmoothingLength: 0.00159023s
### Check ### Global Tree Nodes: 4096, Particles: 142869, Halos: 63909
### Check ### Computational domain: -0.5 0.5 -0.5 0.5 -0.5 0.5
### Check ### Total Neighbors: 94450594, Avg neighbor count per particle: 94
### Check ### Total time: 0.00793219, current time-step: 0.000225218
### Check ### Total energy: 0.999933, (internal: 0.859641, kinetic: 0.140292, gravitational: 0)
### Check ### Focus Tree Nodes: 10431, maxDepth 5
=== Total time for iteration(85) 1.09799s

# domain::sync: 0.148901s
# FindNeighbors: 0.366518s
# Density: 0.0872413s
# EquationOfState: 0.000756917s
# mpi::synchronizeHalos: 0.025697s
# IAD: 0.118404s
# mpi::synchronizeHalos: 0.0344177s
# MomentumEnergyIAD: 0.303419s
# Timestep: 0.0148698s
# UpdateQuantities: 0.0016182s
# UpdateSmoothingLength: 0.00158694s
### Check ### Global Tree Nodes: 4096, Particles: 142869, Halos: 63867
### Check ### Computational domain: -0.5 0.5 -0.5 0.5 -0.5 0.5
### Check ### Total Neighbors: 93774344, Avg neighbor count per particle: 93
### Check ### Total time: 0.00815827, current time-step: 0.000226083
### Check ### Total energy: 0.999932, (internal: 0.855003, kinetic: 0.144929, gravitational: 0)
### Check ### Focus Tree Nodes: 10431, maxDepth 5
=== Total time for iteration(86) 1.10343s

# domain::sync: 0.146744s
# FindNeighbors: 0.369257s
# Density: 0.0882644s
# EquationOfState: 0.000755471s
# mpi::synchronizeHalos: 0.0286847s
# IAD: 0.118319s
# mpi::synchronizeHalos: 0.0344728s
# MomentumEnergyIAD: 0.302449s
# Timestep: 0.00523677s
# UpdateQuantities: 0.00163766s
# UpdateSmoothingLength: 0.00159011s
### Check ### Global Tree Nodes: 4096, Particles: 142869, Halos: 63816
### Check ### Computational domain: -0.5 0.5 -0.5 0.5 -0.5 0.5
### Check ### Total Neighbors: 93818047, Avg neighbor count per particle: 93
### Check ### Total time: 0.00838369, current time-step: 0.000225416
### Check ### Total energy: 0.99993, (internal: 0.85045, kinetic: 0.14948, gravitational: 0)
### Check ### Focus Tree Nodes: 10431, maxDepth 5
=== Total time for iteration(87) 1.09742s

# domain::sync: 0.152267s
# FindNeighbors: 0.395743s
# Density: 0.111209s
# EquationOfState: 0.000759057s
# mpi::synchronizeHalos: 0.0450281s
# IAD: 0.152964s
# mpi::synchronizeHalos: 0.0395147s
# MomentumEnergyIAD: 0.438491s
# Timestep: 0.0200266s
# UpdateQuantities: 0.00164054s
# UpdateSmoothingLength: 0.00158945s
### Check ### Global Tree Nodes: 4096, Particles: 142869, Halos: 64047
### Check ### Computational domain: -0.5 0.5 -0.5 0.5 -0.5 0.5
### Check ### Total Neighbors: 120237766, Avg neighbor count per particle: 120
### Check ### Total time: 0.00860852, current time-step: 0.000224826
### Check ### Total energy: 0.999928, (internal: 0.845981, kinetic: 0.153947, gravitational: 0)
### Check ### Focus Tree Nodes: 10431, maxDepth 5
=== Total time for iteration(88) 1.35924s

# domain::sync: 0.153393s
# FindNeighbors: 0.365976s
# Density: 0.087469s
# EquationOfState: 0.00078623s
# mpi::synchronizeHalos: 0.0250083s
# IAD: 0.118743s
# mpi::synchronizeHalos: 0.0264025s
# MomentumEnergyIAD: 0.306982s
# Timestep: 0.0171803s
# UpdateQuantities: 0.00159423s
# UpdateSmoothingLength: 0.00158972s
### Check ### Global Tree Nodes: 4096, Particles: 142869, Halos: 64023
### Check ### Computational domain: -0.5 0.5 -0.5 0.5 -0.5 0.5
### Check ### Total Neighbors: 94354690, Avg neighbor count per particle: 94
### Check ### Total time: 0.00883332, current time-step: 0.000224805
### Check ### Total energy: 0.999927, (internal: 0.841587, kinetic: 0.15834, gravitational: 0)
### Check ### Focus Tree Nodes: 10431, maxDepth 5
=== Total time for iteration(89) 1.10513s

# domain::sync: 0.139811s
# FindNeighbors: 0.36653s
# Density: 0.0877706s
# EquationOfState: 0.000754752s
# mpi::synchronizeHalos: 0.0376195s
# IAD: 0.118011s
# mpi::synchronizeHalos: 0.0520313s
# MomentumEnergyIAD: 0.30376s
# Timestep: 0.00481731s
# UpdateQuantities: 0.00160461s
# UpdateSmoothingLength: 0.00158693s
### Check ### Global Tree Nodes: 4040, Particles: 142869, Halos: 63993
### Check ### Computational domain: -0.5 0.5 -0.5 0.5 -0.5 0.5
### Check ### Total Neighbors: 93836646, Avg neighbor count per particle: 93
### Check ### Total time: 0.00905831, current time-step: 0.000224987
### Check ### Total energy: 0.999926, (internal: 0.837265, kinetic: 0.162661, gravitational: 0)
### Check ### Focus Tree Nodes: 10431, maxDepth 5
=== Total time for iteration(90) 1.1143s

# domain::sync: 0.14835s
# FindNeighbors: 0.369773s
# Density: 0.0881557s
# EquationOfState: 0.000752252s
# mpi::synchronizeHalos: 0.0302531s
# IAD: 0.118253s
# mpi::synchronizeHalos: 0.0205608s
# MomentumEnergyIAD: 0.302046s
# Timestep: 0.0147377s
# UpdateQuantities: 0.00162631s
# UpdateSmoothingLength: 0.00164186s
### Check ### Global Tree Nodes: 4040, Particles: 142869, Halos: 63912
### Check ### Computational domain: -0.5 0.5 -0.5 0.5 -0.5 0.5
### Check ### Total Neighbors: 93872204, Avg neighbor count per particle: 93
### Check ### Total time: 0.00928403, current time-step: 0.000225719
### Check ### Total energy: 0.999926, (internal: 0.833007, kinetic: 0.166919, gravitational: 0)
### Check ### Focus Tree Nodes: 10431, maxDepth 5
=== Total time for iteration(91) 1.09615s

# domain::sync: 0.144403s
# FindNeighbors: 0.395885s
# Density: 0.111128s
# EquationOfState: 0.000756684s
# mpi::synchronizeHalos: 0.0344622s
# IAD: 0.152936s
# mpi::synchronizeHalos: 0.0376461s
# MomentumEnergyIAD: 0.428364s
# Timestep: 0.0407285s
# UpdateQuantities: 0.00164079s
# UpdateSmoothingLength: 0.00162067s
### Check ### Global Tree Nodes: 4040, Particles: 142869, Halos: 63843
### Check ### Computational domain: -0.5 0.5 -0.5 0.5 -0.5 0.5
### Check ### Total Neighbors: 120280600, Avg neighbor count per particle: 120
### Check ### Total time: 0.00951024, current time-step: 0.000226212
### Check ### Total energy: 0.999926, (internal: 0.82882, kinetic: 0.171106, gravitational: 0)
### Check ### Focus Tree Nodes: 10431, maxDepth 5
=== Total time for iteration(92) 1.34958s

# domain::sync: 0.149264s
# FindNeighbors: 0.366187s
# Density: 0.0874617s
# EquationOfState: 0.000755314s
# mpi::synchronizeHalos: 0.0286909s
# IAD: 0.11869s
# mpi::synchronizeHalos: 0.0271135s
# MomentumEnergyIAD: 0.306402s
# Timestep: 0.0277184s
# UpdateQuantities: 0.00163264s
# UpdateSmoothingLength: 0.00158749s
### Check ### Global Tree Nodes: 4040, Particles: 142869, Halos: 63753
### Check ### Computational domain: -0.5 0.5 -0.5 0.5 -0.5 0.5
### Check ### Total Neighbors: 94239628, Avg neighbor count per particle: 94
### Check ### Total time: 0.00973642, current time-step: 0.000226175
### Check ### Total energy: 0.999925, (internal: 0.824715, kinetic: 0.17521, gravitational: 0)
### Check ### Focus Tree Nodes: 10431, maxDepth 5
=== Total time for iteration(93) 1.11551s

# domain::sync: 0.1495s
# FindNeighbors: 0.367502s
# Density: 0.0879945s
# EquationOfState: 0.000757964s
# mpi::synchronizeHalos: 0.18784s
# IAD: 0.118412s
# mpi::synchronizeHalos: 0.0319124s
# MomentumEnergyIAD: 0.302856s
# Timestep: 0.00215974s
# UpdateQuantities: 0.00163906s
# UpdateSmoothingLength: 0.00158783s
### Check ### Global Tree Nodes: 4040, Particles: 142869, Halos: 63663
### Check ### Computational domain: -0.5 0.5 -0.5 0.5 -0.5 0.5
### Check ### Total Neighbors: 93870220, Avg neighbor count per particle: 93
### Check ### Total time: 0.00995711, current time-step: 0.000220696
### Check ### Total energy: 0.99992, (internal: 0.820789, kinetic: 0.179131, gravitational: 0)
### Check ### Focus Tree Nodes: 10431, maxDepth 5
=== Total time for iteration(94) 1.25217s

# domain::sync: 0.137775s
# FindNeighbors: 0.368344s
# Density: 0.0871278s
# EquationOfState: 0.000755386s
# mpi::synchronizeHalos: 0.0343939s
# IAD: 0.11894s
# mpi::synchronizeHalos: 0.0248657s
# MomentumEnergyIAD: 0.302278s
# Timestep: 0.0174455s
# UpdateQuantities: 0.00162696s
# UpdateSmoothingLength: 0.0016172s
### Check ### Global Tree Nodes: 4040, Particles: 142869, Halos: 63594
### Check ### Computational domain: -0.5 0.5 -0.5 0.5 -0.5 0.5
### Check ### Total Neighbors: 93892430, Avg neighbor count per particle: 93
### Check ### Total time: 0.0101762, current time-step: 0.000219114
### Check ### Total energy: 0.999918, (internal: 0.81697, kinetic: 0.182948, gravitational: 0)
### Check ### Focus Tree Nodes: 10431, maxDepth 5
=== Total time for iteration(95) 1.09517s

# domain::sync: 0.147554s
# FindNeighbors: 0.396315s
# Density: 0.112282s
# EquationOfState: 0.000756053s
# mpi::synchronizeHalos: 0.0352028s
# IAD: 0.152895s
# mpi::synchronizeHalos: 0.032893s
# MomentumEnergyIAD: 0.429514s
# Timestep: 0.0410342s
# UpdateQuantities: 0.0016525s
# UpdateSmoothingLength: 0.00161742s
### Check ### Global Tree Nodes: 4040, Particles: 142869, Halos: 64773
### Check ### Computational domain: -0.5 0.5 -0.5 0.5 -0.5 0.5
### Check ### Total Neighbors: 120273178, Avg neighbor count per particle: 120
### Check ### Total time: 0.0103962, current time-step: 0.000220008
### Check ### Total energy: 0.999919, (internal: 0.813215, kinetic: 0.186703, gravitational: 0)
### Check ### Focus Tree Nodes: 10431, maxDepth 5
=== Total time for iteration(96) 1.35172s

# domain::sync: 0.149505s
# FindNeighbors: 0.36613s
# Density: 0.0874083s
# EquationOfState: 0.000760784s
# mpi::synchronizeHalos: 0.0211643s
# IAD: 0.119024s
# mpi::synchronizeHalos: 0.0294011s
# MomentumEnergyIAD: 0.305346s
# Timestep: 0.0149551s
# UpdateQuantities: 0.0016467s
# UpdateSmoothingLength: 0.00159034s
### Check ### Global Tree Nodes: 4040, Particles: 142869, Halos: 64755
### Check ### Computational domain: -0.5 0.5 -0.5 0.5 -0.5 0.5
### Check ### Total Neighbors: 94156358, Avg neighbor count per particle: 94
### Check ### Total time: 0.0106138, current time-step: 0.000217604
### Check ### Total energy: 0.999917, (internal: 0.809581, kinetic: 0.190336, gravitational: 0)
### Check ### Focus Tree Nodes: 10431, maxDepth 5
=== Total time for iteration(97) 1.09694s

# domain::sync: 0.161626s
# FindNeighbors: 0.367106s
# Density: 0.0873035s
# EquationOfState: 0.000757053s
# mpi::synchronizeHalos: 0.021882s
# IAD: 0.117894s
# mpi::synchronizeHalos: 0.0478074s
# MomentumEnergyIAD: 0.30372s
# Timestep: 0.0103872s
# UpdateQuantities: 0.00166353s
# UpdateSmoothingLength: 0.00158914s
### Check ### Global Tree Nodes: 4040, Particles: 142869, Halos: 64688
### Check ### Computational domain: -0.5 0.5 -0.5 0.5 -0.5 0.5
### Check ### Total Neighbors: 93890290, Avg neighbor count per particle: 93
### Check ### Total time: 0.0108315, current time-step: 0.000217638
### Check ### Total energy: 0.999917, (internal: 0.806024, kinetic: 0.193893, gravitational: 0)
### Check ### Focus Tree Nodes: 10431, maxDepth 5
=== Total time for iteration(98) 1.12174s

# domain::sync: 0.158715s
# FindNeighbors: 0.368718s
# Density: 0.0877026s
# EquationOfState: 0.000759013s
# mpi::synchronizeHalos: 0.0293586s
# IAD: 0.118102s
# mpi::synchronizeHalos: 0.0360216s
# MomentumEnergyIAD: 0.303078s
# Timestep: 0.013575s
# UpdateQuantities: 0.00165634s
# UpdateSmoothingLength: 0.00159159s
### Check ### Global Tree Nodes: 4040, Particles: 142869, Halos: 64664
### Check ### Computational domain: -0.5 0.5 -0.5 0.5 -0.5 0.5
### Check ### Total Neighbors: 93976392, Avg neighbor count per particle: 93
### Check ### Total time: 0.0110478, current time-step: 0.00021631
### Check ### Total energy: 0.999916, (internal: 0.802568, kinetic: 0.197348, gravitational: 0)
### Check ### Focus Tree Nodes: 10375, maxDepth 5
=== Total time for iteration(99) 1.11928s

# domain::sync: 0.158609s
# FindNeighbors: 0.396393s
# Density: 0.112295s
# EquationOfState: 0.000756904s
# mpi::synchronizeHalos: 0.031021s
# IAD: 0.152956s
# mpi::synchronizeHalos: 0.0290265s
# MomentumEnergyIAD: 0.418975s
# Timestep: 0.0343509s
# UpdateQuantities: 0.00162662s
# UpdateSmoothingLength: 0.00158874s
### Check ### Global Tree Nodes: 4040, Particles: 142869, Halos: 64628
### Check ### Computational domain: -0.5 0.5 -0.5 0.5 -0.5 0.5
### Check ### Total Neighbors: 120318888, Avg neighbor count per particle: 120
### Check ### Total time: 0.0112624, current time-step: 0.000214594
### Check ### Total energy: 0.999914, (internal: 0.799216, kinetic: 0.200699, gravitational: 0)
### Check ### Focus Tree Nodes: 10375, maxDepth 5
=== Total time for iteration(100) 1.3376s

# Total execution time of 100 iterations of sedov up to t = 0.011262: 121.449s
real 121.81
user 111.68
sys 9.71
