136.52

Params:Program: ../sph-exa-build/main/src/sphexa/sphexa
Particles: 136
Timestep: 100
Numthreads: 40
--------------------------------------------------------------------------
WARNING: There is at least non-excluded one OpenFabrics device found,
but there are no active ports detected (or Open MPI was unable to use
them).  This is most certainly not what you wanted.  Check your
cables, subnet manager configuration, etc.  The openib BTL will be
ignored for this job.

  Local host: emu-35
--------------------------------------------------------------------------
# SPHEXA: HEAD/22053277
# 1 MPI-3.1 process(es) with 40 OpenMP-201511 thread(s)/process
Data generated for 2515456 global particles
Domain synchronized, nLocalParticles 2515456
# domain::sync: 0.188846s
# FindNeighbors: 0.698769s
# Density: 0.102617s
# EquationOfState: 0.00183955s
# mpi::synchronizeHalos: 2.3476e-05s
# IAD: 0.142319s
# mpi::synchronizeHalos: 3.2997e-05s
# MomentumEnergyIAD: 0.400999s
# Timestep: 5.5422e-05s
# UpdateQuantities: 0.00935008s
# UpdateSmoothingLength: 0.00174887s
### Check ### Global Tree Nodes: 512, Particles: 2515456, Halos: 0
### Check ### Computational domain: -0.5 0.5 -0.5 0.5 -0.5 0.5
### Check ### Total Neighbors: 233937408, Avg neighbor count per particle: 93
### Check ### Total time: 1.1e-06, current time-step: 1.1e-06
### Check ### Total energy: 1, (internal: 1, kinetic: 1.07354e-08, gravitational: 0)
### Check ### Focus Tree Nodes: 165376, maxDepth 6
=== Total time for iteration(1) 1.54661s

# domain::sync: 0.222123s
# FindNeighbors: 0.370074s
# Density: 0.101154s
# EquationOfState: 0.00425881s
# mpi::synchronizeHalos: 1.534e-05s
# IAD: 0.148211s
# mpi::synchronizeHalos: 3.5106e-05s
# MomentumEnergyIAD: 0.440034s
# Timestep: 5.9207e-05s
# UpdateQuantities: 0.010288s
# UpdateSmoothingLength: 0.00172757s
### Check ### Global Tree Nodes: 512, Particles: 2515456, Halos: 0
### Check ### Computational domain: -0.5 0.5 -0.5 0.5 -0.5 0.5
### Check ### Total Neighbors: 233937408, Avg neighbor count per particle: 93
### Check ### Total time: 2.31e-06, current time-step: 1.21e-06
### Check ### Total energy: 1, (internal: 1, kinetic: 3.31103e-08, gravitational: 0)
### Check ### Focus Tree Nodes: 165376, maxDepth 6
=== Total time for iteration(2) 1.29799s

# domain::sync: 0.199682s
# FindNeighbors: 0.375968s
# Density: 0.0943149s
# EquationOfState: 0.00161596s
# mpi::synchronizeHalos: 1.8313e-05s
# IAD: 0.142139s
# mpi::synchronizeHalos: 2.1893e-05s
# MomentumEnergyIAD: 0.436616s
# Timestep: 4.1153e-05s
# UpdateQuantities: 0.00630746s
# UpdateSmoothingLength: 0.00170596s
### Check ### Global Tree Nodes: 512, Particles: 2515456, Halos: 0
### Check ### Computational domain: -0.5 0.5 -0.5 0.5 -0.5 0.5
### Check ### Total Neighbors: 233937408, Avg neighbor count per particle: 93
### Check ### Total time: 3.641e-06, current time-step: 1.331e-06
### Check ### Total energy: 1, (internal: 1, kinetic: 7.19008e-08, gravitational: 0)
### Check ### Focus Tree Nodes: 167371, maxDepth 6
=== Total time for iteration(3) 1.25844s

# domain::sync: 0.200855s
# FindNeighbors: 0.37938s
# Density: 0.0945535s
# EquationOfState: 0.00160998s
# mpi::synchronizeHalos: 1.7921e-05s
# IAD: 0.144251s
# mpi::synchronizeHalos: 4.1679e-05s
# MomentumEnergyIAD: 0.436481s
# Timestep: 4.5189e-05s
# UpdateQuantities: 0.00617961s
# UpdateSmoothingLength: 0.00170528s
### Check ### Global Tree Nodes: 512, Particles: 2515456, Halos: 0
### Check ### Computational domain: -0.5 0.5 -0.5 0.5 -0.5 0.5
### Check ### Total Neighbors: 233937408, Avg neighbor count per particle: 93
### Check ### Total time: 5.1051e-06, current time-step: 1.4641e-06
### Check ### Total energy: 1, (internal: 1, kinetic: 1.31723e-07, gravitational: 0)
### Check ### Focus Tree Nodes: 167497, maxDepth 6
=== Total time for iteration(4) 1.26513s

# domain::sync: 0.200759s
# FindNeighbors: 0.382167s
# Density: 0.0993441s
# EquationOfState: 0.00160738s
# mpi::synchronizeHalos: 1.6054e-05s
# IAD: 0.146925s
# mpi::synchronizeHalos: 3.2971e-05s
# MomentumEnergyIAD: 0.438476s
# Timestep: 3.3347e-05s
# UpdateQuantities: 0.00578722s
# UpdateSmoothingLength: 0.00170177s
### Check ### Global Tree Nodes: 512, Particles: 2515456, Halos: 0
### Check ### Computational domain: -0.5 0.5 -0.5 0.5 -0.5 0.5
### Check ### Total Neighbors: 233937408, Avg neighbor count per particle: 93
### Check ### Total time: 6.71561e-06, current time-step: 1.61051e-06
### Check ### Total energy: 1, (internal: 1, kinetic: 2.18279e-07, gravitational: 0)
### Check ### Focus Tree Nodes: 167161, maxDepth 6
=== Total time for iteration(5) 1.27686s

# domain::sync: 0.197821s
# FindNeighbors: 0.384621s
# Density: 0.0953054s
# EquationOfState: 0.00161176s
# mpi::synchronizeHalos: 1.6863e-05s
# IAD: 0.14331s
# mpi::synchronizeHalos: 2.6295e-05s
# MomentumEnergyIAD: 0.433192s
# Timestep: 3.4531e-05s
# UpdateQuantities: 0.00505871s
# UpdateSmoothingLength: 0.00170323s
### Check ### Global Tree Nodes: 512, Particles: 2515456, Halos: 0
### Check ### Computational domain: -0.5 0.5 -0.5 0.5 -0.5 0.5
### Check ### Total Neighbors: 233937408, Avg neighbor count per particle: 93
### Check ### Total time: 8.48717e-06, current time-step: 1.77156e-06
### Check ### Total energy: 1, (internal: 1, kinetic: 3.38596e-07, gravitational: 0)
### Check ### Focus Tree Nodes: 167497, maxDepth 6
=== Total time for iteration(6) 1.26271s

# domain::sync: 0.197757s
# FindNeighbors: 0.404669s
# Density: 0.123729s
# EquationOfState: 0.00160353s
# mpi::synchronizeHalos: 1.7367e-05s
# IAD: 0.188678s
# mpi::synchronizeHalos: 3.1577e-05s
# MomentumEnergyIAD: 0.807897s
# Timestep: 2.8236e-05s
# UpdateQuantities: 0.00496178s
# UpdateSmoothingLength: 0.00170225s
### Check ### Global Tree Nodes: 512, Particles: 2515456, Halos: 0
### Check ### Computational domain: -0.5 0.5 -0.5 0.5 -0.5 0.5
### Check ### Total Neighbors: 309401088, Avg neighbor count per particle: 123
### Check ### Total time: 1.04359e-05, current time-step: 1.94872e-06
### Check ### Total energy: 1, (internal: 1, kinetic: 5.01317e-07, gravitational: 0)
### Check ### Focus Tree Nodes: 167329, maxDepth 6
=== Total time for iteration(7) 1.73108s

# domain::sync: 0.199942s
# FindNeighbors: 0.379695s
# Density: 0.0947467s
# EquationOfState: 0.00164972s
# mpi::synchronizeHalos: 1.7451e-05s
# IAD: 0.144316s
# mpi::synchronizeHalos: 4.4033e-05s
# MomentumEnergyIAD: 0.426228s
# Timestep: 4.8702e-05s
# UpdateQuantities: 0.00504955s
# UpdateSmoothingLength: 0.00170081s
### Check ### Global Tree Nodes: 512, Particles: 2515456, Halos: 0
### Check ### Computational domain: -0.5 0.5 -0.5 0.5 -0.5 0.5
### Check ### Total Neighbors: 233937408, Avg neighbor count per particle: 93
### Check ### Total time: 1.25795e-05, current time-step: 2.14359e-06
### Check ### Total energy: 1, (internal: 0.999999, kinetic: 7.17129e-07, gravitational: 0)
### Check ### Focus Tree Nodes: 167371, maxDepth 6
=== Total time for iteration(8) 1.25345s

# domain::sync: 0.19739s
# FindNeighbors: 0.380765s
# Density: 0.0944627s
# EquationOfState: 0.00288845s
# mpi::synchronizeHalos: 1.9853e-05s
# IAD: 0.145442s
# mpi::synchronizeHalos: 3.4322e-05s
# MomentumEnergyIAD: 0.448783s
# Timestep: 5.7583e-05s
# UpdateQuantities: 0.00717275s
# UpdateSmoothingLength: 0.00170648s
### Check ### Global Tree Nodes: 512, Particles: 2515456, Halos: 0
### Check ### Computational domain: -0.5 0.5 -0.5 0.5 -0.5 0.5
### Check ### Total Neighbors: 233937408, Avg neighbor count per particle: 93
### Check ### Total time: 1.49374e-05, current time-step: 2.35795e-06
### Check ### Total energy: 1, (internal: 0.999999, kinetic: 9.98977e-07, gravitational: 0)
### Check ### Focus Tree Nodes: 167287, maxDepth 6
=== Total time for iteration(9) 1.27873s

# domain::sync: 0.193845s
# FindNeighbors: 0.38347s
# Density: 0.0953294s
# EquationOfState: 0.00160965s
# mpi::synchronizeHalos: 1.8575e-05s
# IAD: 0.143644s
# mpi::synchronizeHalos: 3.207e-05s
# MomentumEnergyIAD: 0.427264s
# Timestep: 4.8925e-05s
# UpdateQuantities: 0.00574204s
# UpdateSmoothingLength: 0.00170193s
### Check ### Global Tree Nodes: 512, Particles: 2515456, Halos: 0
### Check ### Computational domain: -0.5 0.5 -0.5 0.5 -0.5 0.5
### Check ### Total Neighbors: 233937408, Avg neighbor count per particle: 93
### Check ### Total time: 1.75312e-05, current time-step: 2.59374e-06
### Check ### Total energy: 1, (internal: 0.999999, kinetic: 1.36281e-06, gravitational: 0)
### Check ### Focus Tree Nodes: 167203, maxDepth 6
=== Total time for iteration(10) 1.25271s

# domain::sync: 0.207115s
# FindNeighbors: 0.40994s
# Density: 0.128936s
# EquationOfState: 0.0016183s
# mpi::synchronizeHalos: 1.7695e-05s
# IAD: 0.191744s
# mpi::synchronizeHalos: 3.4077e-05s
# MomentumEnergyIAD: 0.762023s
# Timestep: 5.8846e-05s
# UpdateQuantities: 0.00958529s
# UpdateSmoothingLength: 0.0017223s
### Check ### Global Tree Nodes: 512, Particles: 2515456, Halos: 0
### Check ### Computational domain: -0.5 0.5 -0.5 0.5 -0.5 0.5
### Check ### Total Neighbors: 309401088, Avg neighbor count per particle: 123
### Check ### Total time: 2.03843e-05, current time-step: 2.85312e-06
### Check ### Total energy: 1, (internal: 0.999998, kinetic: 1.82813e-06, gravitational: 0)
### Check ### Focus Tree Nodes: 167749, maxDepth 6
=== Total time for iteration(11) 1.7128s

# domain::sync: 0.200803s
# FindNeighbors: 0.388333s
# Density: 0.0981176s
# EquationOfState: 0.00161564s
# mpi::synchronizeHalos: 1.654e-05s
# IAD: 0.1457s
# mpi::synchronizeHalos: 3.3211e-05s
# MomentumEnergyIAD: 0.433782s
# Timestep: 3.3308e-05s
# UpdateQuantities: 0.0076901s
# UpdateSmoothingLength: 0.00176015s
### Check ### Global Tree Nodes: 512, Particles: 2515456, Halos: 0
### Check ### Computational domain: -0.5 0.5 -0.5 0.5 -0.5 0.5
### Check ### Total Neighbors: 233937408, Avg neighbor count per particle: 93
### Check ### Total time: 2.35227e-05, current time-step: 3.13843e-06
### Check ### Total energy: 1, (internal: 0.999998, kinetic: 2.41893e-06, gravitational: 0)
### Check ### Focus Tree Nodes: 167686, maxDepth 6
=== Total time for iteration(12) 1.27789s

# domain::sync: 0.201852s
# FindNeighbors: 0.389068s
# Density: 0.0946655s
# EquationOfState: 0.00244955s
# mpi::synchronizeHalos: 1.9635e-05s
# IAD: 0.14344s
# mpi::synchronizeHalos: 3.3865e-05s
# MomentumEnergyIAD: 0.430138s
# Timestep: 4.3756e-05s
# UpdateQuantities: 0.00607745s
# UpdateSmoothingLength: 0.00169817s
### Check ### Global Tree Nodes: 512, Particles: 2515456, Halos: 0
### Check ### Computational domain: -0.5 0.5 -0.5 0.5 -0.5 0.5
### Check ### Total Neighbors: 233937408, Avg neighbor count per particle: 93
### Check ### Total time: 2.6975e-05, current time-step: 3.45227e-06
### Check ### Total energy: 1, (internal: 0.999997, kinetic: 3.16406e-06, gravitational: 0)
### Check ### Focus Tree Nodes: 167497, maxDepth 6
=== Total time for iteration(13) 1.26949s

# domain::sync: 0.200046s
# FindNeighbors: 0.39066s
# Density: 0.0942751s
# EquationOfState: 0.00160535s
# mpi::synchronizeHalos: 1.2253e-05s
# IAD: 0.142236s
# mpi::synchronizeHalos: 2.1218e-05s
# MomentumEnergyIAD: 0.4368s
# Timestep: 4.6554e-05s
# UpdateQuantities: 0.00666963s
# UpdateSmoothingLength: 0.00170292s
### Check ### Global Tree Nodes: 512, Particles: 2515456, Halos: 0
### Check ### Computational domain: -0.5 0.5 -0.5 0.5 -0.5 0.5
### Check ### Total Neighbors: 233937408, Avg neighbor count per particle: 93
### Check ### Total time: 3.07725e-05, current time-step: 3.7975e-06
### Check ### Total energy: 1, (internal: 0.999996, kinetic: 4.09902e-06, gravitational: 0)
### Check ### Focus Tree Nodes: 167497, maxDepth 6
=== Total time for iteration(14) 1.27408s

# domain::sync: 0.194301s
# FindNeighbors: 0.418322s
# Density: 0.124004s
# EquationOfState: 0.00161021s
# mpi::synchronizeHalos: 1.8121e-05s
# IAD: 0.187545s
# mpi::synchronizeHalos: 3.2979e-05s
# MomentumEnergyIAD: 0.65892s
# Timestep: 2.8526e-05s
# UpdateQuantities: 0.00590566s
# UpdateSmoothingLength: 0.00170866s
### Check ### Global Tree Nodes: 512, Particles: 2515456, Halos: 0
### Check ### Computational domain: -0.5 0.5 -0.5 0.5 -0.5 0.5
### Check ### Total Neighbors: 309401088, Avg neighbor count per particle: 123
### Check ### Total time: 3.49497e-05, current time-step: 4.17725e-06
### Check ### Total energy: 1, (internal: 0.999995, kinetic: 5.26698e-06, gravitational: 0)
### Check ### Focus Tree Nodes: 167686, maxDepth 6
=== Total time for iteration(15) 1.5924s

# domain::sync: 0.197701s
# FindNeighbors: 0.390221s
# Density: 0.0970527s
# EquationOfState: 0.00162929s
# mpi::synchronizeHalos: 1.74e-05s
# IAD: 0.14246s
# mpi::synchronizeHalos: 2.3334e-05s
# MomentumEnergyIAD: 0.431226s
# Timestep: 3.343e-05s
# UpdateQuantities: 0.00678691s
# UpdateSmoothingLength: 0.00176258s
### Check ### Global Tree Nodes: 512, Particles: 2515456, Halos: 0
### Check ### Computational domain: -0.5 0.5 -0.5 0.5 -0.5 0.5
### Check ### Total Neighbors: 233937408, Avg neighbor count per particle: 93
### Check ### Total time: 3.95447e-05, current time-step: 4.59497e-06
### Check ### Total energy: 1, (internal: 0.999993, kinetic: 6.721e-06, gravitational: 0)
### Check ### Focus Tree Nodes: 167854, maxDepth 6
=== Total time for iteration(16) 1.26892s

# domain::sync: 0.20031s
# FindNeighbors: 0.389045s
# Density: 0.0950818s
# EquationOfState: 0.00230572s
# mpi::synchronizeHalos: 2.0663e-05s
# IAD: 0.144592s
# mpi::synchronizeHalos: 7.2811e-05s
# MomentumEnergyIAD: 0.424282s
# Timestep: 5.1956e-05s
# UpdateQuantities: 0.00535241s
# UpdateSmoothingLength: 0.00170492s
### Check ### Global Tree Nodes: 512, Particles: 2515456, Halos: 0
### Check ### Computational domain: -0.5 0.5 -0.5 0.5 -0.5 0.5
### Check ### Total Neighbors: 233937408, Avg neighbor count per particle: 93
### Check ### Total time: 4.45992e-05, current time-step: 5.05447e-06
### Check ### Total energy: 1, (internal: 0.999991, kinetic: 8.52455e-06, gravitational: 0)
### Check ### Focus Tree Nodes: 168022, maxDepth 6
=== Total time for iteration(17) 1.26283s

# domain::sync: 0.197316s
# FindNeighbors: 0.393311s
# Density: 0.122715s
# EquationOfState: 0.00606854s
# mpi::synchronizeHalos: 1.6844e-05s
# IAD: 0.145885s
# mpi::synchronizeHalos: 3.442e-05s
# MomentumEnergyIAD: 0.42874s
# Timestep: 3.2284e-05s
# UpdateQuantities: 0.00568502s
# UpdateSmoothingLength: 0.00169376s
### Check ### Global Tree Nodes: 512, Particles: 2515456, Halos: 0
### Check ### Computational domain: -0.5 0.5 -0.5 0.5 -0.5 0.5
### Check ### Total Neighbors: 233937408, Avg neighbor count per particle: 93
### Check ### Total time: 5.01591e-05, current time-step: 5.55992e-06
### Check ### Total energy: 1, (internal: 0.999989, kinetic: 1.07556e-05, gravitational: 0)
### Check ### Focus Tree Nodes: 168316, maxDepth 6
=== Total time for iteration(18) 1.30151s

# domain::sync: 0.19631s
# FindNeighbors: 0.416245s
# Density: 0.1238s
# EquationOfState: 0.00160615s
# mpi::synchronizeHalos: 1.7702e-05s
# IAD: 0.18748s
# mpi::synchronizeHalos: 3.1936e-05s
# MomentumEnergyIAD: 0.60217s
# Timestep: 2.5129e-05s
# UpdateQuantities: 0.0136525s
# UpdateSmoothingLength: 0.00640424s
### Check ### Global Tree Nodes: 512, Particles: 2515456, Halos: 0
### Check ### Computational domain: -0.5 0.5 -0.5 0.5 -0.5 0.5
### Check ### Total Neighbors: 309401088, Avg neighbor count per particle: 123
### Check ### Total time: 5.6275e-05, current time-step: 6.11591e-06
### Check ### Total energy: 1, (internal: 0.999987, kinetic: 1.35086e-05, gravitational: 0)
### Check ### Focus Tree Nodes: 168400, maxDepth 6
=== Total time for iteration(19) 1.54776s

# domain::sync: 0.23713s
# FindNeighbors: 0.377562s
# Density: 0.0960296s
# EquationOfState: 0.00159899s
# mpi::synchronizeHalos: 1.0224e-05s
# IAD: 0.14449s
# mpi::synchronizeHalos: 2.2804e-05s
# MomentumEnergyIAD: 0.431292s
# Timestep: 4.5949e-05s
# UpdateQuantities: 0.00531961s
# UpdateSmoothingLength: 0.00169095s
### Check ### Global Tree Nodes: 512, Particles: 2515456, Halos: 0
### Check ### Computational domain: -0.5 0.5 -0.5 0.5 -0.5 0.5
### Check ### Total Neighbors: 233937408, Avg neighbor count per particle: 93
### Check ### Total time: 6.30025e-05, current time-step: 6.7275e-06
### Check ### Total energy: 1, (internal: 0.999983, kinetic: 1.68998e-05, gravitational: 0)
### Check ### Focus Tree Nodes: 167854, maxDepth 6
=== Total time for iteration(20) 1.2952s

# domain::sync: 0.200526s
# FindNeighbors: 0.379632s
# Density: 0.0947613s
# EquationOfState: 0.00159977s
# mpi::synchronizeHalos: 1.1212e-05s
# IAD: 0.142545s
# mpi::synchronizeHalos: 2.2684e-05s
# MomentumEnergyIAD: 0.430735s
# Timestep: 5.5129e-05s
# UpdateQuantities: 0.00548605s
# UpdateSmoothingLength: 0.00170324s
### Check ### Global Tree Nodes: 512, Particles: 2515456, Halos: 0
### Check ### Computational domain: -0.5 0.5 -0.5 0.5 -0.5 0.5
### Check ### Total Neighbors: 233937408, Avg neighbor count per particle: 93
### Check ### Total time: 7.04027e-05, current time-step: 7.40025e-06
### Check ### Total energy: 1, (internal: 0.999979, kinetic: 2.10674e-05, gravitational: 0)
### Check ### Focus Tree Nodes: 167791, maxDepth 6
=== Total time for iteration(21) 1.25708s

# domain::sync: 0.198837s
# FindNeighbors: 0.378597s
# Density: 0.0939223s
# EquationOfState: 0.00161613s
# mpi::synchronizeHalos: 1.9083e-05s
# IAD: 0.141933s
# mpi::synchronizeHalos: 2.4663e-05s
# MomentumEnergyIAD: 0.431532s
# Timestep: 4.7113e-05s
# UpdateQuantities: 0.00581458s
# UpdateSmoothingLength: 0.00169558s
### Check ### Global Tree Nodes: 512, Particles: 2515456, Halos: 0
### Check ### Computational domain: -0.5 0.5 -0.5 0.5 -0.5 0.5
### Check ### Total Neighbors: 233937408, Avg neighbor count per particle: 93
### Check ### Total time: 7.8543e-05, current time-step: 8.14027e-06
### Check ### Total energy: 1, (internal: 0.999974, kinetic: 2.61812e-05, gravitational: 0)
### Check ### Focus Tree Nodes: 168022, maxDepth 6
=== Total time for iteration(22) 1.25405s

# domain::sync: 0.200902s
# FindNeighbors: 0.403642s
# Density: 0.130573s
# EquationOfState: 0.00160416s
# mpi::synchronizeHalos: 1.0292e-05s
# IAD: 0.186388s
# mpi::synchronizeHalos: 2.4612e-05s
# MomentumEnergyIAD: 0.596855s
# Timestep: 3.7813e-05s
# UpdateQuantities: 0.00670335s
# UpdateSmoothingLength: 0.00170766s
### Check ### Global Tree Nodes: 512, Particles: 2515456, Halos: 0
### Check ### Computational domain: -0.5 0.5 -0.5 0.5 -0.5 0.5
### Check ### Total Neighbors: 309401088, Avg neighbor count per particle: 123
### Check ### Total time: 8.74973e-05, current time-step: 8.9543e-06
### Check ### Total energy: 1, (internal: 0.999968, kinetic: 3.24469e-05, gravitational: 0)
### Check ### Focus Tree Nodes: 167938, maxDepth 6
=== Total time for iteration(23) 1.52845s

# domain::sync: 0.20047s
# FindNeighbors: 0.386139s
# Density: 0.0968189s
# EquationOfState: 0.00212534s
# mpi::synchronizeHalos: 1.4127e-05s
# IAD: 0.143047s
# mpi::synchronizeHalos: 2.672e-05s
# MomentumEnergyIAD: 0.432988s
# Timestep: 8.6426e-05s
# UpdateQuantities: 0.00654629s
# UpdateSmoothingLength: 0.00169516s
### Check ### Global Tree Nodes: 512, Particles: 2515456, Halos: 0
### Check ### Computational domain: -0.5 0.5 -0.5 0.5 -0.5 0.5
### Check ### Total Neighbors: 233937408, Avg neighbor count per particle: 93
### Check ### Total time: 9.73471e-05, current time-step: 9.84973e-06
### Check ### Total energy: 1, (internal: 0.99996, kinetic: 4.01165e-05, gravitational: 0)
### Check ### Focus Tree Nodes: 168022, maxDepth 6
=== Total time for iteration(24) 1.26996s

# domain::sync: 0.200302s
# FindNeighbors: 0.392964s
# Density: 0.0943775s
# EquationOfState: 0.0017071s
# mpi::synchronizeHalos: 2.0329e-05s
# IAD: 0.143456s
# mpi::synchronizeHalos: 3.2457e-05s
# MomentumEnergyIAD: 0.429699s
# Timestep: 4.3386e-05s
# UpdateQuantities: 0.00519668s
# UpdateSmoothingLength: 0.00169409s
### Check ### Global Tree Nodes: 512, Particles: 2515456, Halos: 0
### Check ### Computational domain: -0.5 0.5 -0.5 0.5 -0.5 0.5
### Check ### Total Neighbors: 233937408, Avg neighbor count per particle: 93
### Check ### Total time: 0.000108182, current time-step: 1.08347e-05
### Check ### Total energy: 1, (internal: 0.999951, kinetic: 4.94898e-05, gravitational: 0)
### Check ### Focus Tree Nodes: 168169, maxDepth 6
=== Total time for iteration(25) 1.2695s

# domain::sync: 0.203024s
# FindNeighbors: 0.4157s
# Density: 0.124381s
# EquationOfState: 0.00159868s
# mpi::synchronizeHalos: 1.3053e-05s
# IAD: 0.189109s
# mpi::synchronizeHalos: 3.069e-05s
# MomentumEnergyIAD: 1.00499s
# Timestep: 3.2006e-05s
# UpdateQuantities: 0.00516213s
# UpdateSmoothingLength: 0.00168892s
### Check ### Global Tree Nodes: 512, Particles: 2515456, Halos: 0
### Check ### Computational domain: -0.5 0.5 -0.5 0.5 -0.5 0.5
### Check ### Total Neighbors: 309401088, Avg neighbor count per particle: 123
### Check ### Total time: 0.0001201, current time-step: 1.19182e-05
### Check ### Total energy: 1, (internal: 0.999939, kinetic: 6.09343e-05, gravitational: 0)
### Check ### Focus Tree Nodes: 168253, maxDepth 6
=== Total time for iteration(26) 1.94573s

# domain::sync: 0.194616s
# FindNeighbors: 0.381104s
# Density: 0.0944941s
# EquationOfState: 0.00160251s
# mpi::synchronizeHalos: 1.307e-05s
# IAD: 0.144671s
# mpi::synchronizeHalos: 3.1797e-05s
# MomentumEnergyIAD: 0.428029s
# Timestep: 3.7893e-05s
# UpdateQuantities: 0.00529207s
# UpdateSmoothingLength: 0.0016953s
### Check ### Global Tree Nodes: 512, Particles: 2515456, Halos: 0
### Check ### Computational domain: -0.5 0.5 -0.5 0.5 -0.5 0.5
### Check ### Total Neighbors: 233937408, Avg neighbor count per particle: 93
### Check ### Total time: 0.00013321, current time-step: 1.311e-05
### Check ### Total energy: 1, (internal: 0.999925, kinetic: 7.48995e-05, gravitational: 0)
### Check ### Focus Tree Nodes: 167833, maxDepth 6
=== Total time for iteration(27) 1.25159s

# domain::sync: 0.196874s
# FindNeighbors: 0.37801s
# Density: 0.0939882s
# EquationOfState: 0.00160255s
# mpi::synchronizeHalos: 1.2571e-05s
# IAD: 0.142093s
# mpi::synchronizeHalos: 1.9277e-05s
# MomentumEnergyIAD: 0.42694s
# Timestep: 4.4927e-05s
# UpdateQuantities: 0.00552162s
# UpdateSmoothingLength: 0.00170299s
### Check ### Global Tree Nodes: 512, Particles: 2515456, Halos: 0
### Check ### Computational domain: -0.5 0.5 -0.5 0.5 -0.5 0.5
### Check ### Total Neighbors: 233937408, Avg neighbor count per particle: 93
### Check ### Total time: 0.000147631, current time-step: 1.4421e-05
### Check ### Total energy: 1, (internal: 0.999908, kinetic: 9.19192e-05, gravitational: 0)
### Check ### Focus Tree Nodes: 167791, maxDepth 6
=== Total time for iteration(28) 1.24681s

# domain::sync: 0.197463s
# FindNeighbors: 0.379678s
# Density: 0.0941648s
# EquationOfState: 0.00160968s
# mpi::synchronizeHalos: 1.4489e-05s
# IAD: 0.142215s
# mpi::synchronizeHalos: 2.2118e-05s
# MomentumEnergyIAD: 0.42602s
# Timestep: 4.697e-05s
# UpdateQuantities: 0.00525747s
# UpdateSmoothingLength: 0.00168447s
### Check ### Global Tree Nodes: 512, Particles: 2515456, Halos: 0
### Check ### Computational domain: -0.5 0.5 -0.5 0.5 -0.5 0.5
### Check ### Total Neighbors: 233937408, Avg neighbor count per particle: 93
### Check ### Total time: 0.000163494, current time-step: 1.58631e-05
### Check ### Total energy: 1, (internal: 0.999887, kinetic: 0.000112648, gravitational: 0)
### Check ### Focus Tree Nodes: 168211, maxDepth 6
=== Total time for iteration(29) 1.24818s

# domain::sync: 0.202799s
# FindNeighbors: 0.405156s
# Density: 0.124081s
# EquationOfState: 0.00159243s
# mpi::synchronizeHalos: 1.4732e-05s
# IAD: 0.188342s
# mpi::synchronizeHalos: 2.9518e-05s
# MomentumEnergyIAD: 0.807577s
# Timestep: 5.6194e-05s
# UpdateQuantities: 0.00770076s
# UpdateSmoothingLength: 0.00171525s
### Check ### Global Tree Nodes: 512, Particles: 2515456, Halos: 0
### Check ### Computational domain: -0.5 0.5 -0.5 0.5 -0.5 0.5
### Check ### Total Neighbors: 309401088, Avg neighbor count per particle: 123
### Check ### Total time: 0.000180943, current time-step: 1.74494e-05
### Check ### Total energy: 1, (internal: 0.999862, kinetic: 0.000137875, gravitational: 0)
### Check ### Focus Tree Nodes: 168211, maxDepth 6
=== Total time for iteration(30) 1.73907s

# domain::sync: 0.202376s
# FindNeighbors: 0.379664s
# Density: 0.0949583s
# EquationOfState: 0.00162614s
# mpi::synchronizeHalos: 1.832e-05s
# IAD: 0.142414s
# mpi::synchronizeHalos: 2.4172e-05s
# MomentumEnergyIAD: 0.431823s
# Timestep: 5.2809e-05s
# UpdateQuantities: 0.00592182s
# UpdateSmoothingLength: 0.00168758s
### Check ### Global Tree Nodes: 512, Particles: 2515456, Halos: 0
### Check ### Computational domain: -0.5 0.5 -0.5 0.5 -0.5 0.5
### Check ### Total Neighbors: 233937408, Avg neighbor count per particle: 93
### Check ### Total time: 0.000200138, current time-step: 1.91943e-05
### Check ### Total energy: 1, (internal: 0.999831, kinetic: 0.00016857, gravitational: 0)
### Check ### Focus Tree Nodes: 167707, maxDepth 6
=== Total time for iteration(31) 1.26057s

# domain::sync: 0.199401s
# FindNeighbors: 0.377421s
# Density: 0.094138s
# EquationOfState: 0.00162109s
# mpi::synchronizeHalos: 1.9398e-05s
# IAD: 0.14191s
# mpi::synchronizeHalos: 2.5075e-05s
# MomentumEnergyIAD: 0.43231s
# Timestep: 4.6513e-05s
# UpdateQuantities: 0.00603726s
# UpdateSmoothingLength: 0.00169976s
### Check ### Global Tree Nodes: 512, Particles: 2515456, Halos: 0
### Check ### Computational domain: -0.5 0.5 -0.5 0.5 -0.5 0.5
### Check ### Total Neighbors: 233937408, Avg neighbor count per particle: 93
### Check ### Total time: 0.000221252, current time-step: 2.11138e-05
### Check ### Total energy: 1, (internal: 0.999794, kinetic: 0.000205878, gravitational: 0)
### Check ### Focus Tree Nodes: 168043, maxDepth 6
=== Total time for iteration(32) 1.25464s

# domain::sync: 0.198506s
# FindNeighbors: 0.379051s
# Density: 0.0943949s
# EquationOfState: 0.00161755s
# mpi::synchronizeHalos: 1.7961e-05s
# IAD: 0.142739s
# mpi::synchronizeHalos: 2.2999e-05s
# MomentumEnergyIAD: 0.431262s
# Timestep: 3.5027e-05s
# UpdateQuantities: 0.0055414s
# UpdateSmoothingLength: 0.00169561s
### Check ### Global Tree Nodes: 512, Particles: 2515456, Halos: 0
### Check ### Computational domain: -0.5 0.5 -0.5 0.5 -0.5 0.5
### Check ### Total Neighbors: 233937408, Avg neighbor count per particle: 93
### Check ### Total time: 0.000244477, current time-step: 2.32252e-05
### Check ### Total energy: 1, (internal: 0.999749, kinetic: 0.000251207, gravitational: 0)
### Check ### Focus Tree Nodes: 168148, maxDepth 6
=== Total time for iteration(33) 1.25489s

# domain::sync: 0.199199s
# FindNeighbors: 0.402475s
# Density: 0.123845s
# EquationOfState: 0.0016112s
# mpi::synchronizeHalos: 1.8037e-05s
# IAD: 0.189722s
# mpi::synchronizeHalos: 3.1715e-05s
# MomentumEnergyIAD: 0.673213s
# Timestep: 3.597e-05s
# UpdateQuantities: 0.00509504s
# UpdateSmoothingLength: 0.00168377s
### Check ### Global Tree Nodes: 512, Particles: 2515456, Halos: 0
### Check ### Computational domain: -0.5 0.5 -0.5 0.5 -0.5 0.5
### Check ### Total Neighbors: 309401088, Avg neighbor count per particle: 123
### Check ### Total time: 0.000270024, current time-step: 2.55477e-05
### Check ### Total energy: 1, (internal: 0.999694, kinetic: 0.00030625, gravitational: 0)
### Check ### Focus Tree Nodes: 168232, maxDepth 6
=== Total time for iteration(34) 1.59694s

# domain::sync: 0.204479s
# FindNeighbors: 0.37973s
# Density: 0.0953856s
# EquationOfState: 0.00161129s
# mpi::synchronizeHalos: 1.7203e-05s
# IAD: 0.143951s
# mpi::synchronizeHalos: 3.4026e-05s
# MomentumEnergyIAD: 0.428687s
# Timestep: 3.6359e-05s
# UpdateQuantities: 0.005166s
# UpdateSmoothingLength: 0.0016953s
### Check ### Global Tree Nodes: 512, Particles: 2515456, Halos: 0
### Check ### Computational domain: -0.5 0.5 -0.5 0.5 -0.5 0.5
### Check ### Total Neighbors: 233937408, Avg neighbor count per particle: 93
### Check ### Total time: 0.000298127, current time-step: 2.81024e-05
### Check ### Total energy: 1, (internal: 0.999627, kinetic: 0.000373082, gravitational: 0)
### Check ### Focus Tree Nodes: 168022, maxDepth 6
=== Total time for iteration(35) 1.2608s

# domain::sync: 0.199167s
# FindNeighbors: 0.381355s
# Density: 0.0955129s
# EquationOfState: 0.00271427s
# mpi::synchronizeHalos: 2.2762e-05s
# IAD: 0.143938s
# mpi::synchronizeHalos: 3.2258e-05s
# MomentumEnergyIAD: 0.429263s
# Timestep: 5.1309e-05s
# UpdateQuantities: 0.00525285s
# UpdateSmoothingLength: 0.00169755s
### Check ### Global Tree Nodes: 512, Particles: 2515456, Halos: 0
### Check ### Computational domain: -0.5 0.5 -0.5 0.5 -0.5 0.5
### Check ### Total Neighbors: 233937408, Avg neighbor count per particle: 93
### Check ### Total time: 0.000329039, current time-step: 3.09127e-05
### Check ### Total energy: 1, (internal: 0.999546, kinetic: 0.000454155, gravitational: 0)
### Check ### Focus Tree Nodes: 167560, maxDepth 6
=== Total time for iteration(36) 1.25901s

# domain::sync: 0.201616s
# FindNeighbors: 0.379217s
# Density: 0.0953992s
# EquationOfState: 0.00231045s
# mpi::synchronizeHalos: 2.2059e-05s
# IAD: 0.14319s
# mpi::synchronizeHalos: 2.8157e-05s
# MomentumEnergyIAD: 0.421696s
# Timestep: 5.0323e-05s
# UpdateQuantities: 0.00658728s
# UpdateSmoothingLength: 0.00171243s
### Check ### Global Tree Nodes: 512, Particles: 2515456, Halos: 0
### Check ### Computational domain: -0.5 0.5 -0.5 0.5 -0.5 0.5
### Check ### Total Neighbors: 233937408, Avg neighbor count per particle: 93
### Check ### Total time: 0.000363043, current time-step: 3.40039e-05
### Check ### Total energy: 1, (internal: 0.999448, kinetic: 0.000552471, gravitational: 0)
### Check ### Focus Tree Nodes: 167665, maxDepth 6
=== Total time for iteration(37) 1.25184s

# domain::sync: 0.197813s
# FindNeighbors: 0.408574s
# Density: 0.123326s
# EquationOfState: 0.00160834s
# mpi::synchronizeHalos: 1.8895e-05s
# IAD: 0.187078s
# mpi::synchronizeHalos: 2.4579e-05s
# MomentumEnergyIAD: 0.603428s
# Timestep: 3.6608e-05s
# UpdateQuantities: 0.00445014s
# UpdateSmoothingLength: 0.00169955s
### Check ### Global Tree Nodes: 512, Particles: 2515456, Halos: 0
### Check ### Computational domain: -0.5 0.5 -0.5 0.5 -0.5 0.5
### Check ### Total Neighbors: 309401088, Avg neighbor count per particle: 123
### Check ### Total time: 0.000400448, current time-step: 3.74043e-05
### Check ### Total energy: 1, (internal: 0.999328, kinetic: 0.000671643, gravitational: 0)
### Check ### Focus Tree Nodes: 167287, maxDepth 6
=== Total time for iteration(38) 1.52807s

# domain::sync: 0.201464s
# FindNeighbors: 0.378441s
# Density: 0.0954106s
# EquationOfState: 0.00162993s
# mpi::synchronizeHalos: 2.3777e-05s
# IAD: 0.141809s
# mpi::synchronizeHalos: 2.5356e-05s
# MomentumEnergyIAD: 0.430393s
# Timestep: 5.2311e-05s
# UpdateQuantities: 0.00461621s
# UpdateSmoothingLength: 0.00168878s
### Check ### Global Tree Nodes: 512, Particles: 2515456, Halos: 0
### Check ### Computational domain: -0.5 0.5 -0.5 0.5 -0.5 0.5
### Check ### Total Neighbors: 233937408, Avg neighbor count per particle: 93
### Check ### Total time: 0.000441593, current time-step: 4.11448e-05
### Check ### Total energy: 1, (internal: 0.999184, kinetic: 0.000816082, gravitational: 0)
### Check ### Focus Tree Nodes: 167224, maxDepth 6
=== Total time for iteration(39) 1.25556s

# domain::sync: 0.19704s
# FindNeighbors: 0.382747s
# Density: 0.0947941s
# EquationOfState: 0.00161717s
# mpi::synchronizeHalos: 1.7642e-05s
# IAD: 0.142467s
# mpi::synchronizeHalos: 2.5174e-05s
# MomentumEnergyIAD: 0.428484s
# Timestep: 3.3615e-05s
# UpdateQuantities: 0.00501558s
# UpdateSmoothingLength: 0.00168167s
### Check ### Global Tree Nodes: 512, Particles: 2515456, Halos: 0
### Check ### Computational domain: -0.5 0.5 -0.5 0.5 -0.5 0.5
### Check ### Total Neighbors: 233937408, Avg neighbor count per particle: 93
### Check ### Total time: 0.000486852, current time-step: 4.52593e-05
### Check ### Total energy: 1, (internal: 0.999009, kinetic: 0.00099099, gravitational: 0)
### Check ### Focus Tree Nodes: 167434, maxDepth 6
=== Total time for iteration(40) 1.25393s

# domain::sync: 0.193779s
# FindNeighbors: 0.385404s
# Density: 0.0965205s
# EquationOfState: 0.00160172s
# mpi::synchronizeHalos: 1.717e-05s
# IAD: 0.144611s
# mpi::synchronizeHalos: 3.2731e-05s
# MomentumEnergyIAD: 0.430543s
# Timestep: 3.3761e-05s
# UpdateQuantities: 0.00546276s
# UpdateSmoothingLength: 0.00170374s
### Check ### Global Tree Nodes: 512, Particles: 2515456, Halos: 0
### Check ### Computational domain: -0.5 0.5 -0.5 0.5 -0.5 0.5
### Check ### Total Neighbors: 233937408, Avg neighbor count per particle: 93
### Check ### Total time: 0.000536637, current time-step: 4.97852e-05
### Check ### Total energy: 1, (internal: 0.998797, kinetic: 0.00120271, gravitational: 0)
### Check ### Focus Tree Nodes: 167770, maxDepth 6
=== Total time for iteration(41) 1.25972s

# domain::sync: 0.196469s
# FindNeighbors: 0.409295s
# Density: 0.12374s
# EquationOfState: 0.00210826s
# mpi::synchronizeHalos: 1.9916e-05s
# IAD: 0.186781s
# mpi::synchronizeHalos: 2.6106e-05s
# MomentumEnergyIAD: 0.596003s
# Timestep: 3.5818e-05s
# UpdateQuantities: 0.00505538s
# UpdateSmoothingLength: 0.00168102s
### Check ### Global Tree Nodes: 512, Particles: 2515456, Halos: 0
### Check ### Computational domain: -0.5 0.5 -0.5 0.5 -0.5 0.5
### Check ### Total Neighbors: 309401088, Avg neighbor count per particle: 123
### Check ### Total time: 0.000591401, current time-step: 5.47637e-05
### Check ### Total energy: 1, (internal: 0.998541, kinetic: 0.00145886, gravitational: 0)
### Check ### Focus Tree Nodes: 167644, maxDepth 6
=== Total time for iteration(42) 1.52123s

# domain::sync: 0.197664s
# FindNeighbors: 0.380122s
# Density: 0.094473s
# EquationOfState: 0.00161875s
# mpi::synchronizeHalos: 1.6982e-05s
# IAD: 0.144201s
# mpi::synchronizeHalos: 3.6399e-05s
# MomentumEnergyIAD: 0.42739s
# Timestep: 3.3074e-05s
# UpdateQuantities: 0.00450714s
# UpdateSmoothingLength: 0.00169579s
### Check ### Global Tree Nodes: 512, Particles: 2515456, Halos: 0
### Check ### Computational domain: -0.5 0.5 -0.5 0.5 -0.5 0.5
### Check ### Total Neighbors: 233937408, Avg neighbor count per particle: 93
### Check ### Total time: 0.000651641, current time-step: 6.02401e-05
### Check ### Total energy: 1, (internal: 0.998231, kinetic: 0.0017687, gravitational: 0)
### Check ### Focus Tree Nodes: 167308, maxDepth 6
=== Total time for iteration(43) 1.25177s

# domain::sync: 0.194698s
# FindNeighbors: 0.384249s
# Density: 0.0944621s
# EquationOfState: 0.00162447s
# mpi::synchronizeHalos: 1.7803e-05s
# IAD: 0.143051s
# mpi::synchronizeHalos: 2.5802e-05s
# MomentumEnergyIAD: 0.419472s
# Timestep: 3.343e-05s
# UpdateQuantities: 0.00444236s
# UpdateSmoothingLength: 0.00169665s
### Check ### Global Tree Nodes: 512, Particles: 2515456, Halos: 0
### Check ### Computational domain: -0.5 0.5 -0.5 0.5 -0.5 0.5
### Check ### Total Neighbors: 233937408, Avg neighbor count per particle: 93
### Check ### Total time: 0.000717905, current time-step: 6.62641e-05
### Check ### Total energy: 1, (internal: 0.997857, kinetic: 0.00214307, gravitational: 0)
### Check ### Focus Tree Nodes: 167224, maxDepth 6
=== Total time for iteration(44) 1.24378s

# domain::sync: 0.197575s
# FindNeighbors: 0.388323s
# Density: 0.094676s
# EquationOfState: 0.00161347s
# mpi::synchronizeHalos: 1.8826e-05s
# IAD: 0.141917s
# mpi::synchronizeHalos: 2.1863e-05s
# MomentumEnergyIAD: 0.423242s
# Timestep: 4.7226e-05s
# UpdateQuantities: 0.00471615s
# UpdateSmoothingLength: 0.00174449s
### Check ### Global Tree Nodes: 512, Particles: 2515456, Halos: 0
### Check ### Computational domain: -0.5 0.5 -0.5 0.5 -0.5 0.5
### Check ### Total Neighbors: 234157200, Avg neighbor count per particle: 93
### Check ### Total time: 0.000790795, current time-step: 7.28905e-05
### Check ### Total energy: 1, (internal: 0.997405, kinetic: 0.00259516, gravitational: 0)
### Check ### Focus Tree Nodes: 167434, maxDepth 6
=== Total time for iteration(45) 1.2539s

# domain::sync: 0.19516s
# FindNeighbors: 0.415386s
# Density: 0.127271s
# EquationOfState: 0.00204758s
# mpi::synchronizeHalos: 3.7414e-05s
# IAD: 0.188823s
# mpi::synchronizeHalos: 3.4698e-05s
# MomentumEnergyIAD: 0.631117s
# Timestep: 8.3659e-05s
# UpdateQuantities: 0.00658841s
# UpdateSmoothingLength: 0.00171442s
### Check ### Global Tree Nodes: 512, Particles: 2515456, Halos: 0
### Check ### Computational domain: -0.5 0.5 -0.5 0.5 -0.5 0.5
### Check ### Total Neighbors: 308995872, Avg neighbor count per particle: 122
### Check ### Total time: 0.000870975, current time-step: 8.01795e-05
### Check ### Total energy: 1, (internal: 0.996859, kinetic: 0.00314064, gravitational: 0)
### Check ### Focus Tree Nodes: 167098, maxDepth 6
=== Total time for iteration(46) 1.56827s

# domain::sync: 0.197149s
# FindNeighbors: 0.384714s
# Density: 0.0941947s
# EquationOfState: 0.00161795s
# mpi::synchronizeHalos: 2.0875e-05s
# IAD: 0.141692s
# mpi::synchronizeHalos: 2.4109e-05s
# MomentumEnergyIAD: 0.425934s
# Timestep: 3.3577e-05s
# UpdateQuantities: 0.00489436s
# UpdateSmoothingLength: 0.00167622s
### Check ### Global Tree Nodes: 512, Particles: 2515456, Halos: 0
### Check ### Computational domain: -0.5 0.5 -0.5 0.5 -0.5 0.5
### Check ### Total Neighbors: 233968056, Avg neighbor count per particle: 93
### Check ### Total time: 0.000959172, current time-step: 8.81975e-05
### Check ### Total energy: 1, (internal: 0.996201, kinetic: 0.00379844, gravitational: 0)
### Check ### Focus Tree Nodes: 167182, maxDepth 6
=== Total time for iteration(47) 1.25196s

# domain::sync: 0.190163s
# FindNeighbors: 0.386627s
# Density: 0.0947288s
# EquationOfState: 0.00161584s
# mpi::synchronizeHalos: 2.3202e-05s
# IAD: 0.142892s
# mpi::synchronizeHalos: 2.1269e-05s
# MomentumEnergyIAD: 0.428691s
# Timestep: 3.3906e-05s
# UpdateQuantities: 0.00469671s
# UpdateSmoothingLength: 0.00168717s
### Check ### Global Tree Nodes: 512, Particles: 2515456, Halos: 0
### Check ### Computational domain: -0.5 0.5 -0.5 0.5 -0.5 0.5
### Check ### Total Neighbors: 234370080, Avg neighbor count per particle: 93
### Check ### Total time: 0.00105619, current time-step: 9.70172e-05
### Check ### Total energy: 1, (internal: 0.995409, kinetic: 0.00459052, gravitational: 0)
### Check ### Focus Tree Nodes: 167392, maxDepth 6
=== Total time for iteration(48) 1.25119s

# domain::sync: 0.192073s
# FindNeighbors: 0.38577s
# Density: 0.0957064s
# EquationOfState: 0.00161911s
# mpi::synchronizeHalos: 1.8923e-05s
# IAD: 0.144356s
# mpi::synchronizeHalos: 3.3629e-05s
# MomentumEnergyIAD: 0.431617s
# Timestep: 3.5686e-05s
# UpdateQuantities: 0.00471273s
# UpdateSmoothingLength: 0.0016975s
### Check ### Global Tree Nodes: 512, Particles: 2515456, Halos: 0
### Check ### Computational domain: -0.5 0.5 -0.5 0.5 -0.5 0.5
### Check ### Total Neighbors: 235276080, Avg neighbor count per particle: 93
### Check ### Total time: 0.00116097, current time-step: 0.000104784
### Check ### Total energy: 1, (internal: 0.994475, kinetic: 0.00552506, gravitational: 0)
### Check ### Focus Tree Nodes: 167476, maxDepth 6
=== Total time for iteration(49) 1.25765s

# domain::sync: 0.194535s
# FindNeighbors: 0.415789s
# Density: 0.128157s
# EquationOfState: 0.00161247s
# mpi::synchronizeHalos: 1.6368e-05s
# IAD: 0.190917s
# mpi::synchronizeHalos: 4.6853e-05s
# MomentumEnergyIAD: 0.60234s
# Timestep: 5.1567e-05s
# UpdateQuantities: 0.00505218s
# UpdateSmoothingLength: 0.00168987s
### Check ### Global Tree Nodes: 512, Particles: 2515456, Halos: 0
### Check ### Computational domain: -0.5 0.5 -0.5 0.5 -0.5 0.5
### Check ### Total Neighbors: 305995896, Avg neighbor count per particle: 121
### Check ### Total time: 0.00126701, current time-step: 0.000106036
### Check ### Total energy: 0.999999, (internal: 0.993447, kinetic: 0.00655208, gravitational: 0)
### Check ### Focus Tree Nodes: 167392, maxDepth 6
=== Total time for iteration(50) 1.54021s

# domain::sync: 0.188168s
# FindNeighbors: 0.383815s
# Density: 0.0975997s
# EquationOfState: 0.00161496s
# mpi::synchronizeHalos: 1.6805e-05s
# IAD: 0.146088s
# mpi::synchronizeHalos: 3.3627e-05s
# MomentumEnergyIAD: 0.439937s
# Timestep: 3.716e-05s
# UpdateQuantities: 0.00524256s
# UpdateSmoothingLength: 0.00169544s
### Check ### Global Tree Nodes: 512, Particles: 2515456, Halos: 0
### Check ### Computational domain: -0.5 0.5 -0.5 0.5 -0.5 0.5
### Check ### Total Neighbors: 235962360, Avg neighbor count per particle: 93
### Check ### Total time: 0.00137283, current time-step: 0.000105816
### Check ### Total energy: 0.999998, (internal: 0.992342, kinetic: 0.00765669, gravitational: 0)
### Check ### Focus Tree Nodes: 167182, maxDepth 6
=== Total time for iteration(51) 1.26425s

# domain::sync: 0.189175s
# FindNeighbors: 0.382806s
# Density: 0.0952494s
# EquationOfState: 0.00160703s
# mpi::synchronizeHalos: 1.806e-05s
# IAD: 0.145665s
# mpi::synchronizeHalos: 5.1363e-05s
# MomentumEnergyIAD: 0.431269s
# Timestep: 4.6729e-05s
# UpdateQuantities: 0.00499346s
# UpdateSmoothingLength: 0.0016995s
### Check ### Global Tree Nodes: 512, Particles: 2515456, Halos: 0
### Check ### Computational domain: -0.5 0.5 -0.5 0.5 -0.5 0.5
### Check ### Total Neighbors: 234781752, Avg neighbor count per particle: 93
### Check ### Total time: 0.00148025, current time-step: 0.000107427
### Check ### Total energy: 0.999998, (internal: 0.99114, kinetic: 0.00885756, gravitational: 0)
### Check ### Focus Tree Nodes: 167266, maxDepth 6
=== Total time for iteration(52) 1.25259s

# domain::sync: 0.18346s
# FindNeighbors: 0.404214s
# Density: 0.123119s
# EquationOfState: 0.00161837s
# mpi::synchronizeHalos: 1.7987e-05s
# IAD: 0.187876s
# mpi::synchronizeHalos: 2.4389e-05s
# MomentumEnergyIAD: 0.855435s
# Timestep: 3.5104e-05s
# UpdateQuantities: 0.00482368s
# UpdateSmoothingLength: 0.00168882s
### Check ### Global Tree Nodes: 512, Particles: 2515456, Halos: 0
### Check ### Computational domain: -0.5 0.5 -0.5 0.5 -0.5 0.5
### Check ### Total Neighbors: 304260792, Avg neighbor count per particle: 120
### Check ### Total time: 0.0015871, current time-step: 0.000106851
### Check ### Total energy: 0.999997, (internal: 0.989868, kinetic: 0.0101288, gravitational: 0)
### Check ### Focus Tree Nodes: 167224, maxDepth 6
=== Total time for iteration(53) 1.76232s

# domain::sync: 0.183002s
# FindNeighbors: 0.388353s
# Density: 0.0975239s
# EquationOfState: 0.00161596s
# mpi::synchronizeHalos: 1.5769e-05s
# IAD: 0.148013s
# mpi::synchronizeHalos: 3.3121e-05s
# MomentumEnergyIAD: 0.434056s
# Timestep: 3.4412e-05s
# UpdateQuantities: 0.00476076s
# UpdateSmoothingLength: 0.00168807s
### Check ### Global Tree Nodes: 512, Particles: 2515456, Halos: 0
### Check ### Computational domain: -0.5 0.5 -0.5 0.5 -0.5 0.5
### Check ### Total Neighbors: 236181648, Avg neighbor count per particle: 93
### Check ### Total time: 0.00169543, current time-step: 0.000108324
### Check ### Total energy: 0.999996, (internal: 0.988503, kinetic: 0.0114937, gravitational: 0)
### Check ### Focus Tree Nodes: 167392, maxDepth 6
=== Total time for iteration(54) 1.2591s

# domain::sync: 0.190013s
# FindNeighbors: 0.391942s
# Density: 0.0975704s
# EquationOfState: 0.00161188s
# mpi::synchronizeHalos: 1.5865e-05s
# IAD: 0.146085s
# mpi::synchronizeHalos: 3.284e-05s
# MomentumEnergyIAD: 0.435209s
# Timestep: 3.5142e-05s
# UpdateQuantities: 0.00498871s
# UpdateSmoothingLength: 0.00169984s
### Check ### Global Tree Nodes: 512, Particles: 2515456, Halos: 0
### Check ### Computational domain: -0.5 0.5 -0.5 0.5 -0.5 0.5
### Check ### Total Neighbors: 235788672, Avg neighbor count per particle: 93
### Check ### Total time: 0.00180526, current time-step: 0.000109828
### Check ### Total energy: 0.999996, (internal: 0.987043, kinetic: 0.0129528, gravitational: 0)
### Check ### Focus Tree Nodes: 167350, maxDepth 6
=== Total time for iteration(55) 1.26921s

# domain::sync: 0.186745s
# FindNeighbors: 0.393247s
# Density: 0.0967269s
# EquationOfState: 0.00161158s
# mpi::synchronizeHalos: 1.5867e-05s
# IAD: 0.144829s
# mpi::synchronizeHalos: 3.2826e-05s
# MomentumEnergyIAD: 0.431814s
# Timestep: 3.5026e-05s
# UpdateQuantities: 0.00651325s
# UpdateSmoothingLength: 0.00170937s
### Check ### Global Tree Nodes: 512, Particles: 2515456, Halos: 0
### Check ### Computational domain: -0.5 0.5 -0.5 0.5 -0.5 0.5
### Check ### Total Neighbors: 234950016, Avg neighbor count per particle: 93
### Check ### Total time: 0.00191658, current time-step: 0.000111324
### Check ### Total energy: 0.999995, (internal: 0.985488, kinetic: 0.0145065, gravitational: 0)
### Check ### Focus Tree Nodes: 167308, maxDepth 6
=== Total time for iteration(56) 1.26329s

# domain::sync: 0.183727s
# FindNeighbors: 0.414561s
# Density: 0.123612s
# EquationOfState: 0.00161533s
# mpi::synchronizeHalos: 1.6767e-05s
# IAD: 0.187723s
# mpi::synchronizeHalos: 3.3416e-05s
# MomentumEnergyIAD: 0.664547s
# Timestep: 4.9046e-05s
# UpdateQuantities: 0.0050074s
# UpdateSmoothingLength: 0.00171075s
### Check ### Global Tree Nodes: 512, Particles: 2515456, Halos: 0
### Check ### Computational domain: -0.5 0.5 -0.5 0.5 -0.5 0.5
### Check ### Total Neighbors: 304418328, Avg neighbor count per particle: 121
### Check ### Total time: 0.00202941, current time-step: 0.000112825
### Check ### Total energy: 0.999994, (internal: 0.983839, kinetic: 0.0161547, gravitational: 0)
### Check ### Focus Tree Nodes: 167350, maxDepth 6
=== Total time for iteration(57) 1.58261s

# domain::sync: 0.186406s
# FindNeighbors: 0.387972s
# Density: 0.0965531s
# EquationOfState: 0.00160784s
# mpi::synchronizeHalos: 1.6845e-05s
# IAD: 0.145239s
# mpi::synchronizeHalos: 3.2017e-05s
# MomentumEnergyIAD: 0.433922s
# Timestep: 3.3919e-05s
# UpdateQuantities: 0.00474045s
# UpdateSmoothingLength: 0.00169495s
### Check ### Global Tree Nodes: 512, Particles: 2515456, Halos: 0
### Check ### Computational domain: -0.5 0.5 -0.5 0.5 -0.5 0.5
### Check ### Total Neighbors: 235975848, Avg neighbor count per particle: 93
### Check ### Total time: 0.00214386, current time-step: 0.00011445
### Check ### Total energy: 0.999993, (internal: 0.982094, kinetic: 0.0178993, gravitational: 0)
### Check ### Focus Tree Nodes: 167392, maxDepth 6
=== Total time for iteration(58) 1.25823s

# domain::sync: 0.183496s
# FindNeighbors: 0.390652s
# Density: 0.097123s
# EquationOfState: 0.00161579s
# mpi::synchronizeHalos: 1.6673e-05s
# IAD: 0.145465s
# mpi::synchronizeHalos: 4.6794e-05s
# MomentumEnergyIAD: 0.441868s
# Timestep: 3.4379e-05s
# UpdateQuantities: 0.00485624s
# UpdateSmoothingLength: 0.00169647s
### Check ### Global Tree Nodes: 512, Particles: 2515456, Halos: 0
### Check ### Computational domain: -0.5 0.5 -0.5 0.5 -0.5 0.5
### Check ### Total Neighbors: 235807728, Avg neighbor count per particle: 93
### Check ### Total time: 0.00225974, current time-step: 0.000115881
### Check ### Total energy: 0.999992, (internal: 0.980256, kinetic: 0.0197368, gravitational: 0)
### Check ### Focus Tree Nodes: 167518, maxDepth 6
=== Total time for iteration(59) 1.26688s

# domain::sync: 0.182287s
# FindNeighbors: 0.394184s
# Density: 0.0967768s
# EquationOfState: 0.00161075s
# mpi::synchronizeHalos: 1.6527e-05s
# IAD: 0.144545s
# mpi::synchronizeHalos: 4.3499e-05s
# MomentumEnergyIAD: 0.434935s
# Timestep: 3.5071e-05s
# UpdateQuantities: 0.00490072s
# UpdateSmoothingLength: 0.00169743s
### Check ### Global Tree Nodes: 512, Particles: 2515456, Halos: 0
### Check ### Computational domain: -0.5 0.5 -0.5 0.5 -0.5 0.5
### Check ### Total Neighbors: 235030992, Avg neighbor count per particle: 93
### Check ### Total time: 0.00237665, current time-step: 0.000116911
### Check ### Total energy: 0.999992, (internal: 0.978332, kinetic: 0.0216596, gravitational: 0)
### Check ### Focus Tree Nodes: 167602, maxDepth 6
=== Total time for iteration(60) 1.26104s

# domain::sync: 0.184975s
# FindNeighbors: 0.41742s
# Density: 0.124447s
# EquationOfState: 0.0016028s
# mpi::synchronizeHalos: 1.769e-05s
# IAD: 0.188066s
# mpi::synchronizeHalos: 4.3772e-05s
# MomentumEnergyIAD: 0.611429s
# Timestep: 4.8607e-05s
# UpdateQuantities: 0.00553549s
# UpdateSmoothingLength: 0.00170412s
### Check ### Global Tree Nodes: 512, Particles: 2515456, Halos: 0
### Check ### Computational domain: -0.5 0.5 -0.5 0.5 -0.5 0.5
### Check ### Total Neighbors: 304564032, Avg neighbor count per particle: 121
### Check ### Total time: 0.00249514, current time-step: 0.000118492
### Check ### Total energy: 0.999991, (internal: 0.976315, kinetic: 0.0236757, gravitational: 0)
### Check ### Focus Tree Nodes: 167770, maxDepth 6
=== Total time for iteration(61) 1.5353s

# domain::sync: 0.18972s
# FindNeighbors: 0.388971s
# Density: 0.0969432s
# EquationOfState: 0.00161181s
# mpi::synchronizeHalos: 1.5497e-05s
# IAD: 0.147922s
# mpi::synchronizeHalos: 6.8272e-05s
# MomentumEnergyIAD: 0.429718s
# Timestep: 4.1933e-05s
# UpdateQuantities: 0.00514504s
# UpdateSmoothingLength: 0.00170298s
### Check ### Global Tree Nodes: 512, Particles: 2515456, Halos: 0
### Check ### Computational domain: -0.5 0.5 -0.5 0.5 -0.5 0.5
### Check ### Total Neighbors: 235933320, Avg neighbor count per particle: 93
### Check ### Total time: 0.00261487, current time-step: 0.000119731
### Check ### Total energy: 0.99999, (internal: 0.974212, kinetic: 0.0257779, gravitational: 0)
### Check ### Focus Tree Nodes: 168022, maxDepth 6
=== Total time for iteration(62) 1.26187s

# domain::sync: 0.186058s
# FindNeighbors: 0.390138s
# Density: 0.119303s
# EquationOfState: 0.00236864s
# mpi::synchronizeHalos: 1.563e-05s
# IAD: 0.147626s
# mpi::synchronizeHalos: 3.1792e-05s
# MomentumEnergyIAD: 0.434069s
# Timestep: 3.5307e-05s
# UpdateQuantities: 0.00479941s
# UpdateSmoothingLength: 0.00169202s
### Check ### Global Tree Nodes: 512, Particles: 2515456, Halos: 0
### Check ### Computational domain: -0.5 0.5 -0.5 0.5 -0.5 0.5
### Check ### Total Neighbors: 235632216, Avg neighbor count per particle: 93
### Check ### Total time: 0.00273569, current time-step: 0.00012082
### Check ### Total energy: 0.999989, (internal: 0.972027, kinetic: 0.0279617, gravitational: 0)
### Check ### Focus Tree Nodes: 167644, maxDepth 6
=== Total time for iteration(63) 1.28614s

# domain::sync: 0.181312s
# FindNeighbors: 0.392447s
# Density: 0.0964658s
# EquationOfState: 0.00160945s
# mpi::synchronizeHalos: 1.5584e-05s
# IAD: 0.143794s
# mpi::synchronizeHalos: 3.1079e-05s
# MomentumEnergyIAD: 0.426475s
# Timestep: 4.6107e-05s
# UpdateQuantities: 0.00494371s
# UpdateSmoothingLength: 0.00169527s
### Check ### Global Tree Nodes: 512, Particles: 2515456, Halos: 0
### Check ### Computational domain: -0.5 0.5 -0.5 0.5 -0.5 0.5
### Check ### Total Neighbors: 235102920, Avg neighbor count per particle: 93
### Check ### Total time: 0.00285794, current time-step: 0.000122245
### Check ### Total energy: 0.999988, (internal: 0.969756, kinetic: 0.0302314, gravitational: 0)
### Check ### Focus Tree Nodes: 167700, maxDepth 6
=== Total time for iteration(64) 1.24885s

# domain::sync: 0.185459s
# FindNeighbors: 0.420626s
# Density: 0.127898s
# EquationOfState: 0.0016177s
# mpi::synchronizeHalos: 1.754e-05s
# IAD: 0.190953s
# mpi::synchronizeHalos: 4.557e-05s
# MomentumEnergyIAD: 0.600233s
# Timestep: 4.6239e-05s
# UpdateQuantities: 0.00482633s
# UpdateSmoothingLength: 0.00170355s
### Check ### Global Tree Nodes: 512, Particles: 2515456, Halos: 0
### Check ### Computational domain: -0.5 0.5 -0.5 0.5 -0.5 0.5
### Check ### Total Neighbors: 304613304, Avg neighbor count per particle: 121
### Check ### Total time: 0.00298187, current time-step: 0.000123936
### Check ### Total energy: 0.999987, (internal: 0.967396, kinetic: 0.0325903, gravitational: 0)
### Check ### Focus Tree Nodes: 167392, maxDepth 6
=== Total time for iteration(65) 1.53344s

# domain::sync: 0.187381s
# FindNeighbors: 0.391479s
# Density: 0.0980035s
# EquationOfState: 0.00162313s
# mpi::synchronizeHalos: 1.6866e-05s
# IAD: 0.146016s
# mpi::synchronizeHalos: 3.2255e-05s
# MomentumEnergyIAD: 0.432663s
# Timestep: 3.4469e-05s
# UpdateQuantities: 0.00520287s
# UpdateSmoothingLength: 0.00173492s
### Check ### Global Tree Nodes: 512, Particles: 2515456, Halos: 0
### Check ### Computational domain: -0.5 0.5 -0.5 0.5 -0.5 0.5
### Check ### Total Neighbors: 236008392, Avg neighbor count per particle: 93
### Check ### Total time: 0.00310713, current time-step: 0.000125258
### Check ### Total energy: 0.999986, (internal: 0.964956, kinetic: 0.0350294, gravitational: 0)
### Check ### Focus Tree Nodes: 167728, maxDepth 6
=== Total time for iteration(66) 1.2642s

# domain::sync: 0.182316s
# FindNeighbors: 0.391326s
# Density: 0.100138s
# EquationOfState: 0.002339s
# mpi::synchronizeHalos: 1.9087e-05s
# IAD: 0.145018s
# mpi::synchronizeHalos: 3.297e-05s
# MomentumEnergyIAD: 0.432302s
# Timestep: 5.5664e-05s
# UpdateQuantities: 0.00595971s
# UpdateSmoothingLength: 0.00172023s
### Check ### Global Tree Nodes: 512, Particles: 2515456, Halos: 0
### Check ### Computational domain: -0.5 0.5 -0.5 0.5 -0.5 0.5
### Check ### Total Neighbors: 235418400, Avg neighbor count per particle: 93
### Check ### Total time: 0.00323418, current time-step: 0.000127046
### Check ### Total energy: 0.999985, (internal: 0.962429, kinetic: 0.0375559, gravitational: 0)
### Check ### Focus Tree Nodes: 167644, maxDepth 6
=== Total time for iteration(67) 1.26124s

# domain::sync: 0.186553s
# FindNeighbors: 0.374699s
# Density: 0.0964133s
# EquationOfState: 0.00159981s
# mpi::synchronizeHalos: 1.5548e-05s
# IAD: 0.144237s
# mpi::synchronizeHalos: 2.481e-05s
# MomentumEnergyIAD: 0.434539s
# Timestep: 5.0283e-05s
# UpdateQuantities: 0.00601913s
# UpdateSmoothingLength: 0.00169227s
### Check ### Global Tree Nodes: 512, Particles: 2515456, Halos: 0
### Check ### Computational domain: -0.5 0.5 -0.5 0.5 -0.5 0.5
### Check ### Total Neighbors: 235139184, Avg neighbor count per particle: 93
### Check ### Total time: 0.00336283, current time-step: 0.00012865
### Check ### Total energy: 0.999984, (internal: 0.95982, kinetic: 0.0401641, gravitational: 0)
### Check ### Focus Tree Nodes: 167896, maxDepth 6
=== Total time for iteration(68) 1.24585s

# domain::sync: 0.183578s
# FindNeighbors: 0.402642s
# Density: 0.123843s
# EquationOfState: 0.00162406s
# mpi::synchronizeHalos: 2.5407e-05s
# IAD: 0.186888s
# mpi::synchronizeHalos: 3.3797e-05s
# MomentumEnergyIAD: 0.593145s
# Timestep: 5.6686e-05s
# UpdateQuantities: 0.00478434s
# UpdateSmoothingLength: 0.00168778s
### Check ### Global Tree Nodes: 512, Particles: 2515456, Halos: 0
### Check ### Computational domain: -0.5 0.5 -0.5 0.5 -0.5 0.5
### Check ### Total Neighbors: 304740072, Avg neighbor count per particle: 121
### Check ### Total time: 0.00349275, current time-step: 0.00012992
### Check ### Total energy: 0.999983, (internal: 0.957138, kinetic: 0.0428446, gravitational: 0)
### Check ### Focus Tree Nodes: 167938, maxDepth 6
=== Total time for iteration(69) 1.49832s

# domain::sync: 0.196081s
# FindNeighbors: 0.375701s
# Density: 0.0977136s
# EquationOfState: 0.00161219s
# mpi::synchronizeHalos: 1.6005e-05s
# IAD: 0.145959s
# mpi::synchronizeHalos: 3.4717e-05s
# MomentumEnergyIAD: 0.439757s
# Timestep: 3.3837e-05s
# UpdateQuantities: 0.0047042s
# UpdateSmoothingLength: 0.00170697s
### Check ### Global Tree Nodes: 512, Particles: 2515456, Halos: 0
### Check ### Computational domain: -0.5 0.5 -0.5 0.5 -0.5 0.5
### Check ### Total Neighbors: 235989576, Avg neighbor count per particle: 93
### Check ### Total time: 0.00362489, current time-step: 0.000132142
### Check ### Total energy: 0.999982, (internal: 0.954367, kinetic: 0.0456153, gravitational: 0)
### Check ### Focus Tree Nodes: 167938, maxDepth 6
=== Total time for iteration(70) 1.26333s

# domain::sync: 0.194061s
# FindNeighbors: 0.377777s
# Density: 0.0973102s
# EquationOfState: 0.00160875s
# mpi::synchronizeHalos: 1.582e-05s
# IAD: 0.14584s
# mpi::synchronizeHalos: 3.312e-05s
# MomentumEnergyIAD: 0.429631s
# Timestep: 3.4059e-05s
# UpdateQuantities: 0.00483642s
# UpdateSmoothingLength: 0.00168059s
### Check ### Global Tree Nodes: 512, Particles: 2515456, Halos: 0
### Check ### Computational domain: -0.5 0.5 -0.5 0.5 -0.5 0.5
### Check ### Total Neighbors: 235340856, Avg neighbor count per particle: 93
### Check ### Total time: 0.00375874, current time-step: 0.000133856
### Check ### Total energy: 0.999981, (internal: 0.951518, kinetic: 0.0484628, gravitational: 0)
### Check ### Focus Tree Nodes: 167938, maxDepth 6
=== Total time for iteration(71) 1.25284s

# domain::sync: 0.191855s
# FindNeighbors: 0.375917s
# Density: 0.0968967s
# EquationOfState: 0.00161538s
# mpi::synchronizeHalos: 1.6074e-05s
# IAD: 0.146667s
# mpi::synchronizeHalos: 3.2598e-05s
# MomentumEnergyIAD: 0.43375s
# Timestep: 4.7586e-05s
# UpdateQuantities: 0.00438958s
# UpdateSmoothingLength: 0.00170011s
### Check ### Global Tree Nodes: 512, Particles: 2515456, Halos: 0
### Check ### Computational domain: -0.5 0.5 -0.5 0.5 -0.5 0.5
### Check ### Total Neighbors: 235341936, Avg neighbor count per particle: 93
### Check ### Total time: 0.00389422, current time-step: 0.000135476
### Check ### Total energy: 0.99998, (internal: 0.948598, kinetic: 0.0513826, gravitational: 0)
### Check ### Focus Tree Nodes: 167938, maxDepth 6
=== Total time for iteration(72) 1.2529s

# domain::sync: 0.197896s
# FindNeighbors: 0.399345s
# Density: 0.123387s
# EquationOfState: 0.00161891s
# mpi::synchronizeHalos: 1.8839e-05s
# IAD: 0.186524s
# mpi::synchronizeHalos: 3.4029e-05s
# MomentumEnergyIAD: 0.590888s
# Timestep: 3.82e-05s
# UpdateQuantities: 0.00432215s
# UpdateSmoothingLength: 0.00169793s
### Check ### Global Tree Nodes: 512, Particles: 2515456, Halos: 0
### Check ### Computational domain: -0.5 0.5 -0.5 0.5 -0.5 0.5
### Check ### Total Neighbors: 304755216, Avg neighbor count per particle: 121
### Check ### Total time: 0.00403157, current time-step: 0.000137352
### Check ### Total energy: 0.99998, (internal: 0.945602, kinetic: 0.0543777, gravitational: 0)
### Check ### Focus Tree Nodes: 168106, maxDepth 6
=== Total time for iteration(73) 1.50578s

# domain::sync: 0.193785s
# FindNeighbors: 0.372699s
# Density: 0.097577s
# EquationOfState: 0.00161088s
# mpi::synchronizeHalos: 1.6929e-05s
# IAD: 0.14503s
# mpi::synchronizeHalos: 3.3746e-05s
# MomentumEnergyIAD: 0.431781s
# Timestep: 3.5251e-05s
# UpdateQuantities: 0.00429869s
# UpdateSmoothingLength: 0.00169913s
### Check ### Global Tree Nodes: 512, Particles: 2515456, Halos: 0
### Check ### Computational domain: -0.5 0.5 -0.5 0.5 -0.5 0.5
### Check ### Total Neighbors: 235833864, Avg neighbor count per particle: 93
### Check ### Total time: 0.00417083, current time-step: 0.000139257
### Check ### Total energy: 0.999979, (internal: 0.942533, kinetic: 0.0574457, gravitational: 0)
### Check ### Focus Tree Nodes: 168190, maxDepth 6
=== Total time for iteration(74) 1.24858s

# domain::sync: 0.195261s
# FindNeighbors: 0.377584s
# Density: 0.0976282s
# EquationOfState: 0.00161173s
# mpi::synchronizeHalos: 1.7227e-05s
# IAD: 0.14523s
# mpi::synchronizeHalos: 3.0835e-05s
# MomentumEnergyIAD: 0.432513s
# Timestep: 4.7537e-05s
# UpdateQuantities: 0.00448561s
# UpdateSmoothingLength: 0.00171066s
### Check ### Global Tree Nodes: 512, Particles: 2515456, Halos: 0
### Check ### Computational domain: -0.5 0.5 -0.5 0.5 -0.5 0.5
### Check ### Total Neighbors: 235359264, Avg neighbor count per particle: 93
### Check ### Total time: 0.00431199, current time-step: 0.000141164
### Check ### Total energy: 0.999978, (internal: 0.939394, kinetic: 0.0605839, gravitational: 0)
### Check ### Focus Tree Nodes: 167854, maxDepth 6
=== Total time for iteration(75) 1.25613s

# domain::sync: 0.191489s
# FindNeighbors: 0.400184s
# Density: 0.123682s
# EquationOfState: 0.00161289s
# mpi::synchronizeHalos: 1.7853e-05s
# IAD: 0.188334s
# mpi::synchronizeHalos: 3.3898e-05s
# MomentumEnergyIAD: 1.0973s
# Timestep: 4.5973e-05s
# UpdateQuantities: 0.004634s
# UpdateSmoothingLength: 0.00168821s
### Check ### Global Tree Nodes: 512, Particles: 2515456, Halos: 0
### Check ### Computational domain: -0.5 0.5 -0.5 0.5 -0.5 0.5
### Check ### Total Neighbors: 302908704, Avg neighbor count per particle: 120
### Check ### Total time: 0.00445506, current time-step: 0.000143064
### Check ### Total energy: 0.999977, (internal: 0.936188, kinetic: 0.0637891, gravitational: 0)
### Check ### Focus Tree Nodes: 167854, maxDepth 6
=== Total time for iteration(76) 2.00903s

# domain::sync: 0.193912s
# FindNeighbors: 0.373619s
# Density: 0.0984276s
# EquationOfState: 0.00161446s
# mpi::synchronizeHalos: 1.6354e-05s
# IAD: 0.146979s
# mpi::synchronizeHalos: 3.656e-05s
# MomentumEnergyIAD: 0.445598s
# Timestep: 3.5837e-05s
# UpdateQuantities: 0.00446334s
# UpdateSmoothingLength: 0.00167704s
### Check ### Global Tree Nodes: 512, Particles: 2515456, Halos: 0
### Check ### Computational domain: -0.5 0.5 -0.5 0.5 -0.5 0.5
### Check ### Total Neighbors: 236868696, Avg neighbor count per particle: 94
### Check ### Total time: 0.00460008, current time-step: 0.00014502
### Check ### Total energy: 0.999977, (internal: 0.932917, kinetic: 0.0670594, gravitational: 0)
### Check ### Focus Tree Nodes: 167854, maxDepth 6
=== Total time for iteration(77) 1.26639s

# domain::sync: 0.190814s
# FindNeighbors: 0.372918s
# Density: 0.0976739s
# EquationOfState: 0.00161192s
# mpi::synchronizeHalos: 1.6009e-05s
# IAD: 0.146263s
# mpi::synchronizeHalos: 3.5821e-05s
# MomentumEnergyIAD: 0.43847s
# Timestep: 3.497e-05s
# UpdateQuantities: 0.00462422s
# UpdateSmoothingLength: 0.00167619s
### Check ### Global Tree Nodes: 512, Particles: 2515456, Halos: 0
### Check ### Computational domain: -0.5 0.5 -0.5 0.5 -0.5 0.5
### Check ### Total Neighbors: 235610088, Avg neighbor count per particle: 93
### Check ### Total time: 0.00474687, current time-step: 0.000146795
### Check ### Total energy: 0.999976, (internal: 0.929588, kinetic: 0.0703877, gravitational: 0)
### Check ### Focus Tree Nodes: 168022, maxDepth 6
=== Total time for iteration(78) 1.25414s

# domain::sync: 0.193095s
# FindNeighbors: 0.374496s
# Density: 0.0976608s
# EquationOfState: 0.00160858s
# mpi::synchronizeHalos: 1.592e-05s
# IAD: 0.147659s
# mpi::synchronizeHalos: 3.3818e-05s
# MomentumEnergyIAD: 0.44011s
# Timestep: 4.935e-05s
# UpdateQuantities: 0.00463747s
# UpdateSmoothingLength: 0.00168474s
### Check ### Global Tree Nodes: 512, Particles: 2515456, Halos: 0
### Check ### Computational domain: -0.5 0.5 -0.5 0.5 -0.5 0.5
### Check ### Total Neighbors: 235695912, Avg neighbor count per particle: 93
### Check ### Total time: 0.00489554, current time-step: 0.000148672
### Check ### Total energy: 0.999975, (internal: 0.926202, kinetic: 0.0737729, gravitational: 0)
### Check ### Focus Tree Nodes: 168442, maxDepth 6
=== Total time for iteration(79) 1.26106s

# domain::sync: 0.199355s
# FindNeighbors: 0.400517s
# Density: 0.12555s
# EquationOfState: 0.00185201s
# mpi::synchronizeHalos: 1.7144e-05s
# IAD: 0.190503s
# mpi::synchronizeHalos: 4.5592e-05s
# MomentumEnergyIAD: 0.743654s
# Timestep: 3.6602e-05s
# UpdateQuantities: 0.00473668s
# UpdateSmoothingLength: 0.00168394s
### Check ### Global Tree Nodes: 512, Particles: 2515456, Halos: 0
### Check ### Computational domain: -0.5 0.5 -0.5 0.5 -0.5 0.5
### Check ### Total Neighbors: 302970768, Avg neighbor count per particle: 120
### Check ### Total time: 0.00504609, current time-step: 0.00015055
### Check ### Total energy: 0.999975, (internal: 0.922763, kinetic: 0.0772118, gravitational: 0)
### Check ### Focus Tree Nodes: 168862, maxDepth 6
=== Total time for iteration(80) 1.66796s

# domain::sync: 0.191461s
# FindNeighbors: 0.375629s
# Density: 0.099064s
# EquationOfState: 0.00161331s
# mpi::synchronizeHalos: 1.6363e-05s
# IAD: 0.147684s
# mpi::synchronizeHalos: 3.7721e-05s
# MomentumEnergyIAD: 0.442427s
# Timestep: 3.6518e-05s
# UpdateQuantities: 0.00453784s
# UpdateSmoothingLength: 0.00169208s
### Check ### Global Tree Nodes: 512, Particles: 2515456, Halos: 0
### Check ### Computational domain: -0.5 0.5 -0.5 0.5 -0.5 0.5
### Check ### Total Neighbors: 237033648, Avg neighbor count per particle: 94
### Check ### Total time: 0.00519851, current time-step: 0.000152413
### Check ### Total energy: 0.999974, (internal: 0.919273, kinetic: 0.0807007, gravitational: 0)
### Check ### Focus Tree Nodes: 169030, maxDepth 6
=== Total time for iteration(81) 1.26421s

# domain::sync: 0.191999s
# FindNeighbors: 0.374465s
# Density: 0.0973364s
# EquationOfState: 0.00161123s
# mpi::synchronizeHalos: 1.6333e-05s
# IAD: 0.145709s
# mpi::synchronizeHalos: 3.273e-05s
# MomentumEnergyIAD: 0.428046s
# Timestep: 5.0813e-05s
# UpdateQuantities: 0.00464746s
# UpdateSmoothingLength: 0.00168972s
### Check ### Global Tree Nodes: 512, Particles: 2515456, Halos: 0
### Check ### Computational domain: -0.5 0.5 -0.5 0.5 -0.5 0.5
### Check ### Total Neighbors: 235578888, Avg neighbor count per particle: 93
### Check ### Total time: 0.00535282, current time-step: 0.000154313
### Check ### Total energy: 0.999974, (internal: 0.915737, kinetic: 0.084237, gravitational: 0)
### Check ### Focus Tree Nodes: 169030, maxDepth 6
=== Total time for iteration(82) 1.24561s

# domain::sync: 0.191486s
# FindNeighbors: 0.374465s
# Density: 0.0975253s
# EquationOfState: 0.00161088s
# mpi::synchronizeHalos: 1.6253e-05s
# IAD: 0.145259s
# mpi::synchronizeHalos: 3.3438e-05s
# MomentumEnergyIAD: 0.432353s
# Timestep: 3.8698e-05s
# UpdateQuantities: 0.00436877s
# UpdateSmoothingLength: 0.00169603s
### Check ### Global Tree Nodes: 512, Particles: 2515456, Halos: 0
### Check ### Computational domain: -0.5 0.5 -0.5 0.5 -0.5 0.5
### Check ### Total Neighbors: 235744488, Avg neighbor count per particle: 93
### Check ### Total time: 0.00550883, current time-step: 0.000156015
### Check ### Total energy: 0.999973, (internal: 0.91216, kinetic: 0.0878128, gravitational: 0)
### Check ### Focus Tree Nodes: 168862, maxDepth 6
=== Total time for iteration(83) 1.24886s

# domain::sync: 0.194364s
# FindNeighbors: 0.396705s
# Density: 0.123117s
# EquationOfState: 0.00163909s
# mpi::synchronizeHalos: 1.8327e-05s
# IAD: 0.186956s
# mpi::synchronizeHalos: 3.3098e-05s
# MomentumEnergyIAD: 0.613566s
# Timestep: 3.5623e-05s
# UpdateQuantities: 0.00436386s
# UpdateSmoothingLength: 0.00169912s
### Check ### Global Tree Nodes: 512, Particles: 2515456, Halos: 0
### Check ### Computational domain: -0.5 0.5 -0.5 0.5 -0.5 0.5
### Check ### Total Neighbors: 302819432, Avg neighbor count per particle: 120
### Check ### Total time: 0.00566734, current time-step: 0.0001585
### Check ### Total energy: 0.999973, (internal: 0.90853, kinetic: 0.0914431, gravitational: 0)
### Check ### Focus Tree Nodes: 169030, maxDepth 6
=== Total time for iteration(84) 1.5225s

# domain::sync: 0.197505s
# FindNeighbors: 0.375426s
# Density: 0.0994381s
# EquationOfState: 0.00160489s
# mpi::synchronizeHalos: 1.6107e-05s
# IAD: 0.147683s
# mpi::synchronizeHalos: 3.3073e-05s
# MomentumEnergyIAD: 0.439832s
# Timestep: 3.3223e-05s
# UpdateQuantities: 0.00480041s
# UpdateSmoothingLength: 0.00169252s
### Check ### Global Tree Nodes: 512, Particles: 2515456, Halos: 0
### Check ### Computational domain: -0.5 0.5 -0.5 0.5 -0.5 0.5
### Check ### Total Neighbors: 237088072, Avg neighbor count per particle: 94
### Check ### Total time: 0.00582825, current time-step: 0.000160913
### Check ### Total energy: 0.999973, (internal: 0.904851, kinetic: 0.0951223, gravitational: 0)
### Check ### Focus Tree Nodes: 168974, maxDepth 6
=== Total time for iteration(85) 1.26807s

# domain::sync: 0.197651s
# FindNeighbors: 0.37677s
# Density: 0.0994291s
# EquationOfState: 0.00161158s
# mpi::synchronizeHalos: 1.7089e-05s
# IAD: 0.147918s
# mpi::synchronizeHalos: 4.4921e-05s
# MomentumEnergyIAD: 0.440859s
# Timestep: 3.4001e-05s
# UpdateQuantities: 0.00475151s
# UpdateSmoothingLength: 0.00169799s
### Check ### Global Tree Nodes: 512, Particles: 2515456, Halos: 0
### Check ### Computational domain: -0.5 0.5 -0.5 0.5 -0.5 0.5
### Check ### Total Neighbors: 235708976, Avg neighbor count per particle: 93
### Check ### Total time: 0.00599167, current time-step: 0.000163426
### Check ### Total energy: 0.999973, (internal: 0.901124, kinetic: 0.0988492, gravitational: 0)
### Check ### Focus Tree Nodes: 169366, maxDepth 6
=== Total time for iteration(86) 1.27079s

# domain::sync: 0.194756s
# FindNeighbors: 0.376227s
# Density: 0.0982485s
# EquationOfState: 0.00161228s
# mpi::synchronizeHalos: 1.5911e-05s
# IAD: 0.146774s
# mpi::synchronizeHalos: 3.672e-05s
# MomentumEnergyIAD: 0.435117s
# Timestep: 3.5157e-05s
# UpdateQuantities: 0.0047955s
# UpdateSmoothingLength: 0.00170379s
### Check ### Global Tree Nodes: 512, Particles: 2515456, Halos: 0
### Check ### Computational domain: -0.5 0.5 -0.5 0.5 -0.5 0.5
### Check ### Total Neighbors: 235738696, Avg neighbor count per particle: 93
### Check ### Total time: 0.00615729, current time-step: 0.000165617
### Check ### Total energy: 0.999973, (internal: 0.89736, kinetic: 0.102613, gravitational: 0)
### Check ### Focus Tree Nodes: 170094, maxDepth 6
=== Total time for iteration(87) 1.25933s

# domain::sync: 0.192832s
# FindNeighbors: 0.396031s
# Density: 0.122948s
# EquationOfState: 0.00161577s
# mpi::synchronizeHalos: 1.6848e-05s
# IAD: 0.188571s
# mpi::synchronizeHalos: 3.326e-05s
# MomentumEnergyIAD: 0.599748s
# Timestep: 3.6526e-05s
# UpdateQuantities: 0.00453534s
# UpdateSmoothingLength: 0.00167812s
### Check ### Global Tree Nodes: 512, Particles: 2515456, Halos: 0
### Check ### Computational domain: -0.5 0.5 -0.5 0.5 -0.5 0.5
### Check ### Total Neighbors: 302900232, Avg neighbor count per particle: 120
### Check ### Total time: 0.00632546, current time-step: 0.000168167
### Check ### Total energy: 0.999973, (internal: 0.893555, kinetic: 0.106418, gravitational: 0)
### Check ### Focus Tree Nodes: 170101, maxDepth 6
=== Total time for iteration(88) 1.50805s

# domain::sync: 0.195281s
# FindNeighbors: 0.371661s
# Density: 0.0992723s
# EquationOfState: 0.00161303s
# mpi::synchronizeHalos: 1.7e-05s
# IAD: 0.148691s
# mpi::synchronizeHalos: 3.4577e-05s
# MomentumEnergyIAD: 0.435765s
# Timestep: 3.412e-05s
# UpdateQuantities: 0.00456903s
# UpdateSmoothingLength: 0.00169063s
### Check ### Global Tree Nodes: 512, Particles: 2515456, Halos: 0
### Check ### Computational domain: -0.5 0.5 -0.5 0.5 -0.5 0.5
### Check ### Total Neighbors: 237013496, Avg neighbor count per particle: 94
### Check ### Total time: 0.00649626, current time-step: 0.000170804
### Check ### Total energy: 0.999973, (internal: 0.889711, kinetic: 0.110262, gravitational: 0)
### Check ### Focus Tree Nodes: 170073, maxDepth 6
=== Total time for iteration(89) 1.25864s

# domain::sync: 0.192253s
# FindNeighbors: 0.376457s
# Density: 0.0981033s
# EquationOfState: 0.00161123s
# mpi::synchronizeHalos: 1.6301e-05s
# IAD: 0.146199s
# mpi::synchronizeHalos: 3.3943e-05s
# MomentumEnergyIAD: 0.436448s
# Timestep: 3.4032e-05s
# UpdateQuantities: 0.00433759s
# UpdateSmoothingLength: 0.00168551s
### Check ### Global Tree Nodes: 512, Particles: 2515456, Halos: 0
### Check ### Computational domain: -0.5 0.5 -0.5 0.5 -0.5 0.5
### Check ### Total Neighbors: 235632472, Avg neighbor count per particle: 93
### Check ### Total time: 0.00666827, current time-step: 0.000172006
### Check ### Total energy: 0.999973, (internal: 0.885863, kinetic: 0.11411, gravitational: 0)
### Check ### Focus Tree Nodes: 170073, maxDepth 6
=== Total time for iteration(90) 1.25719s

# domain::sync: 0.193441s
# FindNeighbors: 0.378147s
# Density: 0.098489s
# EquationOfState: 0.00161014s
# mpi::synchronizeHalos: 1.703e-05s
# IAD: 0.146151s
# mpi::synchronizeHalos: 4.5242e-05s
# MomentumEnergyIAD: 0.428872s
# Timestep: 3.4042e-05s
# UpdateQuantities: 0.0047415s
# UpdateSmoothingLength: 0.00169961s
### Check ### Global Tree Nodes: 512, Particles: 2515456, Halos: 0
### Check ### Computational domain: -0.5 0.5 -0.5 0.5 -0.5 0.5
### Check ### Total Neighbors: 235917384, Avg neighbor count per particle: 93
### Check ### Total time: 0.00684178, current time-step: 0.00017351
### Check ### Total energy: 0.999973, (internal: 0.882008, kinetic: 0.117964, gravitational: 0)
### Check ### Focus Tree Nodes: 169401, maxDepth 6
=== Total time for iteration(91) 1.25326s

# domain::sync: 0.199172s
# FindNeighbors: 0.400539s
# Density: 0.123015s
# EquationOfState: 0.00162145s
# mpi::synchronizeHalos: 1.7558e-05s
# IAD: 0.186097s
# mpi::synchronizeHalos: 3.2525e-05s
# MomentumEnergyIAD: 0.588499s
# Timestep: 5.4477e-05s
# UpdateQuantities: 0.00447162s
# UpdateSmoothingLength: 0.00167355s
### Check ### Global Tree Nodes: 512, Particles: 2515456, Halos: 0
### Check ### Computational domain: -0.5 0.5 -0.5 0.5 -0.5 0.5
### Check ### Total Neighbors: 302989320, Avg neighbor count per particle: 120
### Check ### Total time: 0.00701697, current time-step: 0.000175193
### Check ### Total energy: 0.999973, (internal: 0.878145, kinetic: 0.121828, gravitational: 0)
### Check ### Focus Tree Nodes: 169233, maxDepth 6
=== Total time for iteration(92) 1.5052s

# domain::sync: 0.194997s
# FindNeighbors: 0.371393s
# Density: 0.10013s
# EquationOfState: 0.00160926s
# mpi::synchronizeHalos: 1.6742e-05s
# IAD: 0.147557s
# mpi::synchronizeHalos: 3.539e-05s
# MomentumEnergyIAD: 0.443334s
# Timestep: 4.6884e-05s
# UpdateQuantities: 0.00425575s
# UpdateSmoothingLength: 0.00167319s
### Check ### Global Tree Nodes: 512, Particles: 2515456, Halos: 0
### Check ### Computational domain: -0.5 0.5 -0.5 0.5 -0.5 0.5
### Check ### Total Neighbors: 236803864, Avg neighbor count per particle: 94
### Check ### Total time: 0.00719362, current time-step: 0.000176647
### Check ### Total energy: 0.999972, (internal: 0.874282, kinetic: 0.125691, gravitational: 0)
### Check ### Focus Tree Nodes: 169989, maxDepth 6
=== Total time for iteration(93) 1.26505s

# domain::sync: 0.194434s
# FindNeighbors: 0.373577s
# Density: 0.0985789s
# EquationOfState: 0.00161224s
# mpi::synchronizeHalos: 1.7522e-05s
# IAD: 0.146593s
# mpi::synchronizeHalos: 3.4846e-05s
# MomentumEnergyIAD: 0.434518s
# Timestep: 3.5379e-05s
# UpdateQuantities: 0.00424158s
# UpdateSmoothingLength: 0.00169698s
### Check ### Global Tree Nodes: 512, Particles: 2515456, Halos: 0
### Check ### Computational domain: -0.5 0.5 -0.5 0.5 -0.5 0.5
### Check ### Total Neighbors: 235757036, Avg neighbor count per particle: 93
### Check ### Total time: 0.00737154, current time-step: 0.000177924
### Check ### Total energy: 0.999972, (internal: 0.870425, kinetic: 0.129547, gravitational: 0)
### Check ### Focus Tree Nodes: 170073, maxDepth 6
=== Total time for iteration(94) 1.25535s

# domain::sync: 0.204289s
# FindNeighbors: 0.377507s
# Density: 0.100252s
# EquationOfState: 0.00160902s
# mpi::synchronizeHalos: 1.5836e-05s
# IAD: 0.148861s
# mpi::synchronizeHalos: 3.5166e-05s
# MomentumEnergyIAD: 0.444827s
# Timestep: 3.576e-05s
# UpdateQuantities: 0.00456235s
# UpdateSmoothingLength: 0.00169717s
### Check ### Global Tree Nodes: 512, Particles: 2515456, Halos: 0
### Check ### Computational domain: -0.5 0.5 -0.5 0.5 -0.5 0.5
### Check ### Total Neighbors: 236044560, Avg neighbor count per particle: 93
### Check ### Total time: 0.00755049, current time-step: 0.000178944
### Check ### Total energy: 0.999972, (internal: 0.866584, kinetic: 0.133388, gravitational: 0)
### Check ### Focus Tree Nodes: 170577, maxDepth 6
=== Total time for iteration(95) 1.2837s

# domain::sync: 0.206062s
# FindNeighbors: 0.403361s
# Density: 0.123877s
# EquationOfState: 0.00162488s
# mpi::synchronizeHalos: 1.8114e-05s
# IAD: 0.187891s
# mpi::synchronizeHalos: 3.3973e-05s
# MomentumEnergyIAD: 0.590554s
# Timestep: 3.5122e-05s
# UpdateQuantities: 0.00512967s
# UpdateSmoothingLength: 0.00169643s
### Check ### Global Tree Nodes: 512, Particles: 2515456, Halos: 0
### Check ### Computational domain: -0.5 0.5 -0.5 0.5 -0.5 0.5
### Check ### Total Neighbors: 302961216, Avg neighbor count per particle: 120
### Check ### Total time: 0.00772914, current time-step: 0.000178656
### Check ### Total energy: 0.999971, (internal: 0.862788, kinetic: 0.137183, gravitational: 0)
### Check ### Focus Tree Nodes: 170409, maxDepth 6
=== Total time for iteration(96) 1.52029s

# domain::sync: 0.200999s
# FindNeighbors: 0.373479s
# Density: 0.0990571s
# EquationOfState: 0.00161598s
# mpi::synchronizeHalos: 1.7111e-05s
# IAD: 0.150003s
# mpi::synchronizeHalos: 3.3854e-05s
# MomentumEnergyIAD: 0.444696s
# Timestep: 4.9617e-05s
# UpdateQuantities: 0.00466096s
# UpdateSmoothingLength: 0.00169347s
### Check ### Global Tree Nodes: 512, Particles: 2515456, Halos: 0
### Check ### Computational domain: -0.5 0.5 -0.5 0.5 -0.5 0.5
### Check ### Total Neighbors: 236711280, Avg neighbor count per particle: 94
### Check ### Total time: 0.00790795, current time-step: 0.000178811
### Check ### Total energy: 0.99997, (internal: 0.859029, kinetic: 0.140941, gravitational: 0)
### Check ### Focus Tree Nodes: 170409, maxDepth 6
=== Total time for iteration(97) 1.27631s

# domain::sync: 0.196351s
# FindNeighbors: 0.372816s
# Density: 0.0981567s
# EquationOfState: 0.00160879s
# mpi::synchronizeHalos: 1.6418e-05s
# IAD: 0.148464s
# mpi::synchronizeHalos: 3.4138e-05s
# MomentumEnergyIAD: 0.435289s
# Timestep: 3.722e-05s
# UpdateQuantities: 0.00441278s
# UpdateSmoothingLength: 0.00167642s
### Check ### Global Tree Nodes: 512, Particles: 2515456, Halos: 0
### Check ### Computational domain: -0.5 0.5 -0.5 0.5 -0.5 0.5
### Check ### Total Neighbors: 235869968, Avg neighbor count per particle: 93
### Check ### Total time: 0.00808711, current time-step: 0.000179151
### Check ### Total energy: 0.999969, (internal: 0.855305, kinetic: 0.144665, gravitational: 0)
### Check ### Focus Tree Nodes: 170409, maxDepth 6
=== Total time for iteration(98) 1.25887s

# domain::sync: 0.200257s
# FindNeighbors: 0.373964s
# Density: 0.0987109s
# EquationOfState: 0.00161656s
# mpi::synchronizeHalos: 1.5046e-05s
# IAD: 0.148606s
# mpi::synchronizeHalos: 3.5429e-05s
# MomentumEnergyIAD: 0.439926s
# Timestep: 4.7839e-05s
# UpdateQuantities: 0.0042921s
# UpdateSmoothingLength: 0.00169486s
### Check ### Global Tree Nodes: 512, Particles: 2515456, Halos: 0
### Check ### Computational domain: -0.5 0.5 -0.5 0.5 -0.5 0.5
### Check ### Total Neighbors: 236170236, Avg neighbor count per particle: 93
### Check ### Total time: 0.00826688, current time-step: 0.000179779
### Check ### Total energy: 0.999969, (internal: 0.851611, kinetic: 0.148358, gravitational: 0)
### Check ### Focus Tree Nodes: 170409, maxDepth 6
=== Total time for iteration(99) 1.26917s

# domain::sync: 0.199099s
# FindNeighbors: 0.403001s
# Density: 0.123796s
# EquationOfState: 0.00162592s
# mpi::synchronizeHalos: 1.8554e-05s
# IAD: 0.186786s
# mpi::synchronizeHalos: 3.4487e-05s
# MomentumEnergyIAD: 0.58048s
# Timestep: 5.3734e-05s
# UpdateQuantities: 0.00459177s
# UpdateSmoothingLength: 0.0016895s
### Check ### Global Tree Nodes: 512, Particles: 2515456, Halos: 0
### Check ### Computational domain: -0.5 0.5 -0.5 0.5 -0.5 0.5
### Check ### Total Neighbors: 303081208, Avg neighbor count per particle: 120
### Check ### Total time: 0.00844679, current time-step: 0.000179903
### Check ### Total energy: 0.999968, (internal: 0.847961, kinetic: 0.152008, gravitational: 0)
### Check ### Focus Tree Nodes: 170409, maxDepth 6
=== Total time for iteration(100) 1.50118s

# Total execution time of 100 iterations of sedov up to t = 0.008447: 136.093s
real 136.52
user 4597.82
sys 4.29
