0.97

--------------------------------------------------------------------------
WARNING: There is at least non-excluded one OpenFabrics device found,
but there are no active ports detected (or Open MPI was unable to use
them).  This is most certainly not what you wanted.  Check your
cables, subnet manager configuration, etc.  The openib BTL will be
ignored for this job.

  Local host: emu-27
--------------------------------------------------------------------------
IO Manager: Output Path: ./out/sedov/; Type: hdf5; Rank 0; of 1;
0] Writing Out 0
0] Finished iter 0
0] Finished iter 1
0] Writing Out 2
HDF5-DIAG: Error detected in HDF5 (1.14.3) MPI-process 0:
  #000: H5F.c line 660 in H5Fcreate(): unable to synchronously create file
    major: File accessibility
    minor: Unable to create file
  #001: H5F.c line 614 in H5F__create_api_common(): unable to create file
    major: File accessibility
    minor: Unable to open file
  #002: H5VLcallback.c line 3605 in H5VL_file_create(): file create failed
    major: Virtual Object Layer
    minor: Unable to create file
  #003: H5VLcallback.c line 3571 in H5VL__file_create(): file create failed
    major: Virtual Object Layer
    minor: Unable to create file
  #004: H5VLnative_file.c line 94 in H5VL__native_file_create(): unable to create file
    major: File accessibility
    minor: Unable to open file
  #005: H5Fint.c line 1910 in H5F_open(): unable to lock the file
    major: File accessibility
    minor: Unable to lock file
  #006: H5FD.c line 2412 in H5FD_lock(): driver lock request failed
    major: Virtual File Layer
    minor: Unable to lock file
  #007: H5FDsec2.c line 941 in H5FD__sec2_lock(): unable to lock file, errno = 11, error message = 'Resource temporarily unavailable'
    major: Virtual File Layer
    minor: Unable to lock file
HDF5-DIAG: Error detected in HDF5 (1.14.3) MPI-process 0:
  #000: H5G.c line 231 in H5Gcreate2(): unable to synchronously create group
    major: Symbol table
    minor: Unable to create file
  #001: H5G.c line 164 in H5G__create_api_common(): can't set object access arguments
    major: Symbol table
    minor: Can't set value
  #002: H5VLint.c line 2602 in H5VL_setup_acc_args(): invalid location identifier
    major: Invalid arguments to routine
    minor: Inappropriate type
  #003: H5VLint.c line 1741 in H5VL_vol_object(): invalid identifier type to function
    major: Invalid arguments to routine
    minor: Inappropriate type
HDF5-DIAG: Error detected in HDF5 (1.14.3) MPI-process 0:
  #000: H5G.c line 231 in H5Gcreate2(): unable to synchronously create group
    major: Symbol table
    minor: Unable to create file
  #001: H5G.c line 164 in H5G__create_api_common(): can't set object access arguments
    major: Symbol table
    minor: Can't set value
  #002: H5VLint.c line 2602 in H5VL_setup_acc_args(): invalid location identifier
    major: Invalid arguments to routine
    minor: Inappropriate type
  #003: H5VLint.c line 1741 in H5VL_vol_object(): invalid identifier type to function
    major: Invalid arguments to routine
    minor: Inappropriate type
HDF5-DIAG: Error detected in HDF5 (1.14.3) MPI-process 0:
  #000: H5G.c line 887 in H5Gclose(): not a group ID
    major: Invalid arguments to routine
    minor: Inappropriate type
HDF5-DIAG: Error detected in HDF5 (1.14.3) MPI-process 0:
  #000: H5G.c line 231 in H5Gcreate2(): unable to synchronously create group
    major: Symbol table
    minor: Unable to create file
  #001: H5G.c line 164 in H5G__create_api_common(): can't set object access arguments
    major: Symbol table
    minor: Can't set value
  #002: H5VLint.c line 2602 in H5VL_setup_acc_args(): invalid location identifier
    major: Invalid arguments to routine
    minor: Inappropriate type
  #003: H5VLint.c line 1741 in H5VL_vol_object(): invalid identifier type to function
    major: Invalid arguments to routine
    minor: Inappropriate type
HDF5-DIAG: Error detected in HDF5 (1.14.3) MPI-process 0:
  #000: H5G.c line 887 in H5Gclose(): not a group ID
    major: Invalid arguments to routine
    minor: Inappropriate type
HDF5-DIAG: Error detected in HDF5 (1.14.3) MPI-process 0:
  #000: H5G.c line 231 in H5Gcreate2(): unable to synchronously create group
    major: Symbol table
    minor: Unable to create file
  #001: H5G.c line 164 in H5G__create_api_common(): can't set object access arguments
    major: Symbol table
    minor: Can't set value
  #002: H5VLint.c line 2602 in H5VL_setup_acc_args(): invalid location identifier
    major: Invalid arguments to routine
    minor: Inappropriate type
  #003: H5VLint.c line 1741 in H5VL_vol_object(): invalid identifier type to function
    major: Invalid arguments to routine
    minor: Inappropriate type
HDF5-DIAG: Error detected in HDF5 (1.14.3) MPI-process 0:
  #000: H5G.c line 887 in H5Gclose(): not a group ID
    major: Invalid arguments to routine
    minor: Inappropriate type
HDF5-DIAG: Error detected in HDF5 (1.14.3) MPI-process 0:
  #000: H5G.c line 231 in H5Gcreate2(): unable to synchronously create group
    major: Symbol table
    minor: Unable to create file
  #001: H5G.c line 164 in H5G__create_api_common(): can't set object access arguments
    major: Symbol table
    minor: Can't set value
  #002: H5VLint.c line 2602 in H5VL_setup_acc_args(): invalid location identifier
    major: Invalid arguments to routine
    minor: Inappropriate type
  #003: H5VLint.c line 1741 in H5VL_vol_object(): invalid identifier type to function
    major: Invalid arguments to routine
    minor: Inappropriate type
HDF5-DIAG: Error detected in HDF5 (1.14.3) MPI-process 0:
  #000: H5G.c line 887 in H5Gclose(): not a group ID
    major: Invalid arguments to routine
    minor: Inappropriate type
HDF5-DIAG: Error detected in HDF5 (1.14.3) MPI-process 0:
  #000: H5G.c line 231 in H5Gcreate2(): unable to synchronously create group
    major: Symbol table
    minor: Unable to create file
  #001: H5G.c line 164 in H5G__create_api_common(): can't set object access arguments
    major: Symbol table
    minor: Can't set value
  #002: H5VLint.c line 2602 in H5VL_setup_acc_args(): invalid location identifier
    major: Invalid arguments to routine
    minor: Inappropriate type
  #003: H5VLint.c line 1741 in H5VL_vol_object(): invalid identifier type to function
    major: Invalid arguments to routine
    minor: Inappropriate type
HDF5-DIAG: Error detected in HDF5 (1.14.3) MPI-process 0:
  #000: H5G.c line 887 in H5Gclose(): not a group ID
    major: Invalid arguments to routine
    minor: Inappropriate type
HDF5-DIAG: Error detected in HDF5 (1.14.3) MPI-process 0:
  #000: H5G.c line 231 in H5Gcreate2(): unable to synchronously create group
    major: Symbol table
    minor: Unable to create file
  #001: H5G.c line 164 in H5G__create_api_common(): can't set object access arguments
    major: Symbol table
    minor: Can't set value
  #002: H5VLint.c line 2602 in H5VL_setup_acc_args(): invalid location identifier
    major: Invalid arguments to routine
    minor: Inappropriate type
  #003: H5VLint.c line 1741 in H5VL_vol_object(): invalid identifier type to function
    major: Invalid arguments to routine
    minor: Inappropriate type
HDF5-DIAG: Error detected in HDF5 (1.14.3) MPI-process 0:
  #000: H5G.c line 887 in H5Gclose(): not a group ID
    major: Invalid arguments to routine
    minor: Inappropriate type
HDF5-DIAG: Error detected in HDF5 (1.14.3) MPI-process 0:
  #000: H5D.c line 187 in H5Dcreate2(): unable to synchronously create dataset
    major: Dataset
    minor: Unable to create file
  #001: H5D.c line 111 in H5D__create_api_common(): can't set object access arguments
    major: Dataset
    minor: Can't set value
  #002: H5VLint.c line 2602 in H5VL_setup_acc_args(): invalid location identifier
    major: Invalid arguments to routine
    minor: Inappropriate type
  #003: H5VLint.c line 1741 in H5VL_vol_object(): invalid identifier type to function
    major: Invalid arguments to routine
    minor: Inappropriate type
HDF5-DIAG: Error detected in HDF5 (1.14.3) MPI-process 0:
  #000: H5D.c line 1371 in H5Dwrite(): can't synchronously write data
    major: Dataset
    minor: Write failed
  #001: H5D.c line 1286 in H5D__write_api_common(): dset_id is not a dataset ID
    major: Invalid arguments to routine
    minor: Inappropriate type
HDF5-DIAG: Error detected in HDF5 (1.14.3) MPI-process 0:
  #000: H5D.c line 475 in H5Dclose(): not a dataset ID
    major: Invalid arguments to routine
    minor: Inappropriate type
HDF5-DIAG: Error detected in HDF5 (1.14.3) MPI-process 0:
  #000: H5D.c line 187 in H5Dcreate2(): unable to synchronously create dataset
    major: Dataset
    minor: Unable to create file
  #001: H5D.c line 111 in H5D__create_api_common(): can't set object access arguments
    major: Dataset
    minor: Can't set value
  #002: H5VLint.c line 2602 in H5VL_setup_acc_args(): invalid location identifier
    major: Invalid arguments to routine
    minor: Inappropriate type
  #003: H5VLint.c line 1741 in H5VL_vol_object(): invalid identifier type to function
    major: Invalid arguments to routine
    minor: Inappropriate type
HDF5-DIAG: Error detected in HDF5 (1.14.3) MPI-process 0:
  #000: H5D.c line 1371 in H5Dwrite(): can't synchronously write data
    major: Dataset
    minor: Write failed
  #001: H5D.c line 1286 in H5D__write_api_common(): dset_id is not a dataset ID
    major: Invalid arguments to routine
    minor: Inappropriate type
HDF5-DIAG: Error detected in HDF5 (1.14.3) MPI-process 0:
  #000: H5D.c line 475 in H5Dclose(): not a dataset ID
    major: Invalid arguments to routine
    minor: Inappropriate type
HDF5-DIAG: Error detected in HDF5 (1.14.3) MPI-process 0:
  #000: H5D.c line 187 in H5Dcreate2(): unable to synchronously create dataset
    major: Dataset
    minor: Unable to create file
  #001: H5D.c line 111 in H5D__create_api_common(): can't set object access arguments
    major: Dataset
    minor: Can't set value
  #002: H5VLint.c line 2602 in H5VL_setup_acc_args(): invalid location identifier
    major: Invalid arguments to routine
    minor: Inappropriate type
  #003: H5VLint.c line 1741 in H5VL_vol_object(): invalid identifier type to function
    major: Invalid arguments to routine
    minor: Inappropriate type
HDF5-DIAG: Error detected in HDF5 (1.14.3) MPI-process 0:
  #000: H5D.c line 1371 in H5Dwrite(): can't synchronously write data
    major: Dataset
    minor: Write failed
  #001: H5D.c line 1286 in H5D__write_api_common(): dset_id is not a dataset ID
    major: Invalid arguments to routine
    minor: Inappropriate type
HDF5-DIAG: Error detected in HDF5 (1.14.3) MPI-process 0:
  #000: H5D.c line 475 in H5Dclose(): not a dataset ID
    major: Invalid arguments to routine
    minor: Inappropriate type
HDF5-DIAG: Error detected in HDF5 (1.14.3) MPI-process 0:
  #000: H5D.c line 187 in H5Dcreate2(): unable to synchronously create dataset
    major: Dataset
    minor: Unable to create file
  #001: H5D.c line 111 in H5D__create_api_common(): can't set object access arguments
    major: Dataset
    minor: Can't set value
  #002: H5VLint.c line 2602 in H5VL_setup_acc_args(): invalid location identifier
    major: Invalid arguments to routine
    minor: Inappropriate type
  #003: H5VLint.c line 1741 in H5VL_vol_object(): invalid identifier type to function
    major: Invalid arguments to routine
    minor: Inappropriate type
HDF5-DIAG: Error detected in HDF5 (1.14.3) MPI-process 0:
  #000: H5D.c line 1371 in H5Dwrite(): can't synchronously write data
    major: Dataset
    minor: Write failed
  #001: H5D.c line 1286 in H5D__write_api_common(): dset_id is not a dataset ID
    major: Invalid arguments to routine
    minor: Inappropriate type
HDF5-DIAG: Error detected in HDF5 (1.14.3) MPI-process 0:
  #000: H5D.c line 475 in H5Dclose(): not a dataset ID
    major: Invalid arguments to routine
    minor: Inappropriate type
HDF5-DIAG: Error detected in HDF5 (1.14.3) MPI-process 0:
  #000: H5D.c line 187 in H5Dcreate2(): unable to synchronously create dataset
    major: Dataset
    minor: Unable to create file
  #001: H5D.c line 111 in H5D__create_api_common(): can't set object access arguments
    major: Dataset
    minor: Can't set value
  #002: H5VLint.c line 2602 in H5VL_setup_acc_args(): invalid location identifier
    major: Invalid arguments to routine
    minor: Inappropriate type
  #003: H5VLint.c line 1741 in H5VL_vol_object(): invalid identifier type to function
    major: Invalid arguments to routine
    minor: Inappropriate type
HDF5-DIAG: Error detected in HDF5 (1.14.3) MPI-process 0:
  #000: H5D.c line 1371 in H5Dwrite(): can't synchronously write data
    major: Dataset
    minor: Write failed
  #001: H5D.c line 1286 in H5D__write_api_common(): dset_id is not a dataset ID
    major: Invalid arguments to routine
    minor: Inappropriate type
HDF5-DIAG: Error detected in HDF5 (1.14.3) MPI-process 0:
  #000: H5D.c line 475 in H5Dclose(): not a dataset ID
    major: Invalid arguments to routine
    minor: Inappropriate type
HDF5-DIAG: Error detected in HDF5 (1.14.3) MPI-process 0:
  #000: H5D.c line 187 in H5Dcreate2(): unable to synchronously create dataset
    major: Dataset
    minor: Unable to create file
  #001: H5D.c line 111 in H5D__create_api_common(): can't set object access arguments
    major: Dataset
    minor: Can't set value
  #002: H5VLint.c line 2602 in H5VL_setup_acc_args(): invalid location identifier
    major: Invalid arguments to routine
    minor: Inappropriate type
  #003: H5VLint.c line 1741 in H5VL_vol_object(): invalid identifier type to function
    major: Invalid arguments to routine
    minor: Inappropriate type
HDF5-DIAG: Error detected in HDF5 (1.14.3) MPI-process 0:
  #000: H5D.c line 1371 in H5Dwrite(): can't synchronously write data
    major: Dataset
    minor: Write failed
  #001: H5D.c line 1286 in H5D__write_api_common(): dset_id is not a dataset ID
    major: Invalid arguments to routine
    minor: Inappropriate type
HDF5-DIAG: Error detected in HDF5 (1.14.3) MPI-process 0:
  #000: H5D.c line 475 in H5Dclose(): not a dataset ID
    major: Invalid arguments to routine
    minor: Inappropriate type
HDF5-DIAG: Error detected in HDF5 (1.14.3) MPI-process 0:
  #000: H5D.c line 187 in H5Dcreate2(): unable to synchronously create dataset
    major: Dataset
    minor: Unable to create file
  #001: H5D.c line 111 in H5D__create_api_common(): can't set object access arguments
    major: Dataset
    minor: Can't set value
  #002: H5VLint.c line 2602 in H5VL_setup_acc_args(): invalid location identifier
    major: Invalid arguments to routine
    minor: Inappropriate type
  #003: H5VLint.c line 1741 in H5VL_vol_object(): invalid identifier type to function
    major: Invalid arguments to routine
    minor: Inappropriate type
HDF5-DIAG: Error detected in HDF5 (1.14.3) MPI-process 0:
  #000: H5D.c line 1371 in H5Dwrite(): can't synchronously write data
    major: Dataset
    minor: Write failed
  #001: H5D.c line 1286 in H5D__write_api_common(): dset_id is not a dataset ID
    major: Invalid arguments to routine
    minor: Inappropriate type
HDF5-DIAG: Error detected in HDF5 (1.14.3) MPI-process 0:
  #000: H5D.c line 475 in H5Dclose(): not a dataset ID
    major: Invalid arguments to routine
    minor: Inappropriate type
HDF5-DIAG: Error detected in HDF5 (1.14.3) MPI-process 0:
  #000: H5D.c line 187 in H5Dcreate2(): unable to synchronously create dataset
    major: Dataset
    minor: Unable to create file
  #001: H5D.c line 111 in H5D__create_api_common(): can't set object access arguments
    major: Dataset
    minor: Can't set value
  #002: H5VLint.c line 2602 in H5VL_setup_acc_args(): invalid location identifier
    major: Invalid arguments to routine
    minor: Inappropriate type
  #003: H5VLint.c line 1741 in H5VL_vol_object(): invalid identifier type to function
    major: Invalid arguments to routine
    minor: Inappropriate type
HDF5-DIAG: Error detected in HDF5 (1.14.3) MPI-process 0:
  #000: H5D.c line 1371 in H5Dwrite(): can't synchronously write data
    major: Dataset
    minor: Write failed
  #001: H5D.c line 1286 in H5D__write_api_common(): dset_id is not a dataset ID
    major: Invalid arguments to routine
    minor: Inappropriate type
HDF5-DIAG: Error detected in HDF5 (1.14.3) MPI-process 0:
  #000: H5D.c line 475 in H5Dclose(): not a dataset ID
    major: Invalid arguments to routine
    minor: Inappropriate type
HDF5-DIAG: Error detected in HDF5 (1.14.3) MPI-process 0:
  #000: H5D.c line 187 in H5Dcreate2(): unable to synchronously create dataset
    major: Dataset
    minor: Unable to create file
  #001: H5D.c line 111 in H5D__create_api_common(): can't set object access arguments
    major: Dataset
    minor: Can't set value
  #002: H5VLint.c line 2602 in H5VL_setup_acc_args(): invalid location identifier
    major: Invalid arguments to routine
    minor: Inappropriate type
  #003: H5VLint.c line 1741 in H5VL_vol_object(): invalid identifier type to function
    major: Invalid arguments to routine
    minor: Inappropriate type
HDF5-DIAG: Error detected in HDF5 (1.14.3) MPI-process 0:
  #000: H5D.c line 1371 in H5Dwrite(): can't synchronously write data
    major: Dataset
    minor: Write failed
  #001: H5D.c line 1286 in H5D__write_api_common(): dset_id is not a dataset ID
    major: Invalid arguments to routine
    minor: Inappropriate type
HDF5-DIAG: Error detected in HDF5 (1.14.3) MPI-process 0:
  #000: H5D.c line 475 in H5Dclose(): not a dataset ID
    major: Invalid arguments to routine
    minor: Inappropriate type
HDF5-DIAG: Error detected in HDF5 (1.14.3) MPI-process 0:
  #000: H5D.c line 187 in H5Dcreate2(): unable to synchronously create dataset
    major: Dataset
    minor: Unable to create file
  #001: H5D.c line 111 in H5D__create_api_common(): can't set object access arguments
    major: Dataset
    minor: Can't set value
  #002: H5VLint.c line 2602 in H5VL_setup_acc_args(): invalid location identifier
    major: Invalid arguments to routine
    minor: Inappropriate type
  #003: H5VLint.c line 1741 in H5VL_vol_object(): invalid identifier type to function
    major: Invalid arguments to routine
    minor: Inappropriate type
HDF5-DIAG: Error detected in HDF5 (1.14.3) MPI-process 0:
  #000: H5D.c line 1371 in H5Dwrite(): can't synchronously write data
    major: Dataset
    minor: Write failed
  #001: H5D.c line 1286 in H5D__write_api_common(): dset_id is not a dataset ID
    major: Invalid arguments to routine
    minor: Inappropriate type
HDF5-DIAG: Error detected in HDF5 (1.14.3) MPI-process 0:
  #000: H5D.c line 475 in H5Dclose(): not a dataset ID
    major: Invalid arguments to routine
    minor: Inappropriate type
HDF5-DIAG: Error detected in HDF5 (1.14.3) MPI-process 0:
  #000: H5D.c line 187 in H5Dcreate2(): unable to synchronously create dataset
    major: Dataset
    minor: Unable to create file
  #001: H5D.c line 111 in H5D__create_api_common(): can't set object access arguments
    major: Dataset
    minor: Can't set value
  #002: H5VLint.c line 2602 in H5VL_setup_acc_args(): invalid location identifier
    major: Invalid arguments to routine
    minor: Inappropriate type
  #003: H5VLint.c line 1741 in H5VL_vol_object(): invalid identifier type to function
    major: Invalid arguments to routine
    minor: Inappropriate type
HDF5-DIAG: Error detected in HDF5 (1.14.3) MPI-process 0:
  #000: H5D.c line 1371 in H5Dwrite(): can't synchronously write data
    major: Dataset
    minor: Write failed
  #001: H5D.c line 1286 in H5D__write_api_common(): dset_id is not a dataset ID
    major: Invalid arguments to routine
    minor: Inappropriate type
HDF5-DIAG: Error detected in HDF5 (1.14.3) MPI-process 0:
  #000: H5D.c line 475 in H5Dclose(): not a dataset ID
    major: Invalid arguments to routine
    minor: Inappropriate type
HDF5-DIAG: Error detected in HDF5 (1.14.3) MPI-process 0:
  #000: H5D.c line 187 in H5Dcreate2(): unable to synchronously create dataset
    major: Dataset
    minor: Unable to create file
  #001: H5D.c line 111 in H5D__create_api_common(): can't set object access arguments
    major: Dataset
    minor: Can't set value
  #002: H5VLint.c line 2602 in H5VL_setup_acc_args(): invalid location identifier
    major: Invalid arguments to routine
    minor: Inappropriate type
  #003: H5VLint.c line 1741 in H5VL_vol_object(): invalid identifier type to function
    major: Invalid arguments to routine
    minor: Inappropriate type
HDF5-DIAG: Error detected in HDF5 (1.14.3) MPI-process 0:
  #000: H5D.c line 1371 in H5Dwrite(): can't synchronously write data
    major: Dataset
    minor: Write failed
  #001: H5D.c line 1286 in H5D__write_api_common(): dset_id is not a dataset ID
    major: Invalid arguments to routine
    minor: Inappropriate type
HDF5-DIAG: Error detected in HDF5 (1.14.3) MPI-process 0:
  #000: H5D.c line 475 in H5Dclose(): not a dataset ID
    major: Invalid arguments to routine
    minor: Inappropriate type
HDF5-DIAG: Error detected in HDF5 (1.14.3) MPI-process 0:
  #000: H5D.c line 187 in H5Dcreate2(): unable to synchronously create dataset
    major: Dataset
    minor: Unable to create file
  #001: H5D.c line 111 in H5D__create_api_common(): can't set object access arguments
    major: Dataset
    minor: Can't set value
  #002: H5VLint.c line 2602 in H5VL_setup_acc_args(): invalid location identifier
    major: Invalid arguments to routine
    minor: Inappropriate type
  #003: H5VLint.c line 1741 in H5VL_vol_object(): invalid identifier type to function
    major: Invalid arguments to routine
    minor: Inappropriate type
HDF5-DIAG: Error detected in HDF5 (1.14.3) MPI-process 0:
  #000: H5D.c line 1371 in H5Dwrite(): can't synchronously write data
    major: Dataset
    minor: Write failed
  #001: H5D.c line 1286 in H5D__write_api_common(): dset_id is not a dataset ID
    major: Invalid arguments to routine
    minor: Inappropriate type
HDF5-DIAG: Error detected in HDF5 (1.14.3) MPI-process 0:
  #000: H5D.c line 475 in H5Dclose(): not a dataset ID
    major: Invalid arguments to routine
    minor: Inappropriate type
HDF5-DIAG: Error detected in HDF5 (1.14.3) MPI-process 0:
  #000: H5D.c line 187 in H5Dcreate2(): unable to synchronously create dataset
    major: Dataset
    minor: Unable to create file
  #001: H5D.c line 111 in H5D__create_api_common(): can't set object access arguments
    major: Dataset
    minor: Can't set value
  #002: H5VLint.c line 2602 in H5VL_setup_acc_args(): invalid location identifier
    major: Invalid arguments to routine
    minor: Inappropriate type
  #003: H5VLint.c line 1741 in H5VL_vol_object(): invalid identifier type to function
    major: Invalid arguments to routine
    minor: Inappropriate type
HDF5-DIAG: Error detected in HDF5 (1.14.3) MPI-process 0:
  #000: H5D.c line 1371 in H5Dwrite(): can't synchronously write data
    major: Dataset
    minor: Write failed
  #001: H5D.c line 1286 in H5D__write_api_common(): dset_id is not a dataset ID
    major: Invalid arguments to routine
    minor: Inappropriate type
HDF5-DIAG: Error detected in HDF5 (1.14.3) MPI-process 0:
  #000: H5D.c line 475 in H5Dclose(): not a dataset ID
    major: Invalid arguments to routine
    minor: Inappropriate type
HDF5-DIAG: Error detected in HDF5 (1.14.3) MPI-process 0:
  #000: H5D.c line 187 in H5Dcreate2(): unable to synchronously create dataset
    major: Dataset
    minor: Unable to create file
  #001: H5D.c line 111 in H5D__create_api_common(): can't set object access arguments
    major: Dataset
    minor: Can't set value
  #002: H5VLint.c line 2602 in H5VL_setup_acc_args(): invalid location identifier
    major: Invalid arguments to routine
    minor: Inappropriate type
  #003: H5VLint.c line 1741 in H5VL_vol_object(): invalid identifier type to function
    major: Invalid arguments to routine
    minor: Inappropriate type
HDF5-DIAG: Error detected in HDF5 (1.14.3) MPI-process 0:
  #000: H5D.c line 1371 in H5Dwrite(): can't synchronously write data
    major: Dataset
    minor: Write failed
  #001: H5D.c line 1286 in H5D__write_api_common(): dset_id is not a dataset ID
    major: Invalid arguments to routine
    minor: Inappropriate type
HDF5-DIAG: Error detected in HDF5 (1.14.3) MPI-process 0:
  #000: H5D.c line 475 in H5Dclose(): not a dataset ID
    major: Invalid arguments to routine
    minor: Inappropriate type
HDF5-DIAG: Error detected in HDF5 (1.14.3) MPI-process 0:
  #000: H5D.c line 187 in H5Dcreate2(): unable to synchronously create dataset
    major: Dataset
    minor: Unable to create file
  #001: H5D.c line 111 in H5D__create_api_common(): can't set object access arguments
    major: Dataset
    minor: Can't set value
  #002: H5VLint.c line 2602 in H5VL_setup_acc_args(): invalid location identifier
    major: Invalid arguments to routine
    minor: Inappropriate type
  #003: H5VLint.c line 1741 in H5VL_vol_object(): invalid identifier type to function
    major: Invalid arguments to routine
    minor: Inappropriate type
HDF5-DIAG: Error detected in HDF5 (1.14.3) MPI-process 0:
  #000: H5D.c line 1371 in H5Dwrite(): can't synchronously write data
    major: Dataset
    minor: Write failed
  #001: H5D.c line 1286 in H5D__write_api_common(): dset_id is not a dataset ID
    major: Invalid arguments to routine
    minor: Inappropriate type
HDF5-DIAG: Error detected in HDF5 (1.14.3) MPI-process 0:
  #000: H5D.c line 475 in H5Dclose(): not a dataset ID
    major: Invalid arguments to routine
    minor: Inappropriate type
HDF5-DIAG: Error detected in HDF5 (1.14.3) MPI-process 0:
  #000: H5D.c line 187 in H5Dcreate2(): unable to synchronously create dataset
    major: Dataset
    minor: Unable to create file
  #001: H5D.c line 111 in H5D__create_api_common(): can't set object access arguments
    major: Dataset
    minor: Can't set value
  #002: H5VLint.c line 2602 in H5VL_setup_acc_args(): invalid location identifier
    major: Invalid arguments to routine
    minor: Inappropriate type
  #003: H5VLint.c line 1741 in H5VL_vol_object(): invalid identifier type to function
    major: Invalid arguments to routine
    minor: Inappropriate type
HDF5-DIAG: Error detected in HDF5 (1.14.3) MPI-process 0:
  #000: H5D.c line 1371 in H5Dwrite(): can't synchronously write data
    major: Dataset
    minor: Write failed
  #001: H5D.c line 1286 in H5D__write_api_common(): dset_id is not a dataset ID
    major: Invalid arguments to routine
    minor: Inappropriate type
HDF5-DIAG: Error detected in HDF5 (1.14.3) MPI-process 0:
  #000: H5D.c line 475 in H5Dclose(): not a dataset ID
    major: Invalid arguments to routine
    minor: Inappropriate type
HDF5-DIAG: Error detected in HDF5 (1.14.3) MPI-process 0:
  #000: H5D.c line 187 in H5Dcreate2(): unable to synchronously create dataset
    major: Dataset
    minor: Unable to create file
  #001: H5D.c line 111 in H5D__create_api_common(): can't set object access arguments
    major: Dataset
    minor: Can't set value
  #002: H5VLint.c line 2602 in H5VL_setup_acc_args(): invalid location identifier
    major: Invalid arguments to routine
    minor: Inappropriate type
  #003: H5VLint.c line 1741 in H5VL_vol_object(): invalid identifier type to function
    major: Invalid arguments to routine
    minor: Inappropriate type
HDF5-DIAG: Error detected in HDF5 (1.14.3) MPI-process 0:
  #000: H5D.c line 1371 in H5Dwrite(): can't synchronously write data
    major: Dataset
    minor: Write failed
  #001: H5D.c line 1286 in H5D__write_api_common(): dset_id is not a dataset ID
    major: Invalid arguments to routine
    minor: Inappropriate type
HDF5-DIAG: Error detected in HDF5 (1.14.3) MPI-process 0:
  #000: H5D.c line 475 in H5Dclose(): not a dataset ID
    major: Invalid arguments to routine
    minor: Inappropriate type
HDF5-DIAG: Error detected in HDF5 (1.14.3) MPI-process 0:
  #000: H5D.c line 187 in H5Dcreate2(): unable to synchronously create dataset
    major: Dataset
    minor: Unable to create file
  #001: H5D.c line 111 in H5D__create_api_common(): can't set object access arguments
    major: Dataset
    minor: Can't set value
  #002: H5VLint.c line 2602 in H5VL_setup_acc_args(): invalid location identifier
    major: Invalid arguments to routine
    minor: Inappropriate type
  #003: H5VLint.c line 1741 in H5VL_vol_object(): invalid identifier type to function
    major: Invalid arguments to routine
    minor: Inappropriate type
HDF5-DIAG: Error detected in HDF5 (1.14.3) MPI-process 0:
  #000: H5D.c line 1371 in H5Dwrite(): can't synchronously write data
    major: Dataset
    minor: Write failed
  #001: H5D.c line 1286 in H5D__write_api_common(): dset_id is not a dataset ID
    major: Invalid arguments to routine
    minor: Inappropriate type
HDF5-DIAG: Error detected in HDF5 (1.14.3) MPI-process 0:
  #000: H5D.c line 475 in H5Dclose(): not a dataset ID
    major: Invalid arguments to routine
    minor: Inappropriate type
HDF5-DIAG: Error detected in HDF5 (1.14.3) MPI-process 0:
  #000: H5D.c line 187 in H5Dcreate2(): unable to synchronously create dataset
    major: Dataset
    minor: Unable to create file
  #001: H5D.c line 111 in H5D__create_api_common(): can't set object access arguments
    major: Dataset
    minor: Can't set value
  #002: H5VLint.c line 2602 in H5VL_setup_acc_args(): invalid location identifier
    major: Invalid arguments to routine
    minor: Inappropriate type
  #003: H5VLint.c line 1741 in H5VL_vol_object(): invalid identifier type to function
    major: Invalid arguments to routine
    minor: Inappropriate type
HDF5-DIAG: Error detected in HDF5 (1.14.3) MPI-process 0:
  #000: H5D.c line 1371 in H5Dwrite(): can't synchronously write data
    major: Dataset
    minor: Write failed
  #001: H5D.c line 1286 in H5D__write_api_common(): dset_id is not a dataset ID
    major: Invalid arguments to routine
    minor: Inappropriate type
HDF5-DIAG: Error detected in HDF5 (1.14.3) MPI-process 0:
  #000: H5D.c line 475 in H5Dclose(): not a dataset ID
    major: Invalid arguments to routine
    minor: Inappropriate type
HDF5-DIAG: Error detected in HDF5 (1.14.3) MPI-process 0:
  #000: H5G.c line 231 in H5Gcreate2(): unable to synchronously create group
    major: Symbol table
    minor: Unable to create file
  #001: H5G.c line 164 in H5G__create_api_common(): can't set object access arguments
    major: Symbol table
    minor: Can't set value
  #002: H5VLint.c line 2602 in H5VL_setup_acc_args(): invalid location identifier
    major: Invalid arguments to routine
    minor: Inappropriate type
  #003: H5VLint.c line 1741 in H5VL_vol_object(): invalid identifier type to function
    major: Invalid arguments to routine
    minor: Inappropriate type
HDF5-DIAG: Error detected in HDF5 (1.14.3) MPI-process 0:
  #000: H5A.c line 235 in H5Acreate2(): unable to synchronously create attribute
    major: Attribute
    minor: Unable to create file
  #001: H5A.c line 176 in H5A__create_api_common(): can't set object access arguments
    major: Attribute
    minor: Can't set value
  #002: H5VLint.c line 2602 in H5VL_setup_acc_args(): invalid location identifier
    major: Invalid arguments to routine
    minor: Inappropriate type
  #003: H5VLint.c line 1741 in H5VL_vol_object(): invalid identifier type to function
    major: Invalid arguments to routine
    minor: Inappropriate type
HDF5-DIAG: Error detected in HDF5 (1.14.3) MPI-process 0:
  #000: H5A.c line 935 in H5Awrite(): can't synchronously write data
    major: Attribute
    minor: Write failed
  #001: H5A.c line 899 in H5A__write_api_common(): can't get VOL object for attribute
    major: Attribute
    minor: Can't get value
  #002: H5VLint.c line 2527 in H5VL_setup_args(): not the correct type of ID
    major: Virtual Object Layer
    minor: Inappropriate type
HDF5-DIAG: Error detected in HDF5 (1.14.3) MPI-process 0:
  #000: H5A.c line 2223 in H5Aclose(): not an attribute ID
    major: Invalid arguments to routine
    minor: Inappropriate type
HDF5-DIAG: Error detected in HDF5 (1.14.3) MPI-process 0:
  #000: H5A.c line 235 in H5Acreate2(): unable to synchronously create attribute
    major: Attribute
    minor: Unable to create file
  #001: H5A.c line 176 in H5A__create_api_common(): can't set object access arguments
    major: Attribute
    minor: Can't set value
  #002: H5VLint.c line 2602 in H5VL_setup_acc_args(): invalid location identifier
    major: Invalid arguments to routine
    minor: Inappropriate type
  #003: H5VLint.c line 1741 in H5VL_vol_object(): invalid identifier type to function
    major: Invalid arguments to routine
    minor: Inappropriate type
HDF5-DIAG: Error detected in HDF5 (1.14.3) MPI-process 0:
  #000: H5A.c line 935 in H5Awrite(): can't synchronously write data
    major: Attribute
    minor: Write failed
  #001: H5A.c line 899 in H5A__write_api_common(): can't get VOL object for attribute
    major: Attribute
    minor: Can't get value
  #002: H5VLint.c line 2527 in H5VL_setup_args(): not the correct type of ID
    major: Virtual Object Layer
    minor: Inappropriate type
HDF5-DIAG: Error detected in HDF5 (1.14.3) MPI-process 0:
  #000: H5A.c line 2223 in H5Aclose(): not an attribute ID
    major: Invalid arguments to routine
    minor: Inappropriate type
HDF5-DIAG: Error detected in HDF5 (1.14.3) MPI-process 0:
  #000: H5A.c line 235 in H5Acreate2(): unable to synchronously create attribute
    major: Attribute
    minor: Unable to create file
  #001: H5A.c line 176 in H5A__create_api_common(): can't set object access arguments
    major: Attribute
    minor: Can't set value
  #002: H5VLint.c line 2602 in H5VL_setup_acc_args(): invalid location identifier
    major: Invalid arguments to routine
    minor: Inappropriate type
  #003: H5VLint.c line 1741 in H5VL_vol_object(): invalid identifier type to function
    major: Invalid arguments to routine
    minor: Inappropriate type
HDF5-DIAG: Error detected in HDF5 (1.14.3) MPI-process 0:
  #000: H5A.c line 935 in H5Awrite(): can't synchronously write data
    major: Attribute
    minor: Write failed
  #001: H5A.c line 899 in H5A__write_api_common(): can't get VOL object for attribute
    major: Attribute
    minor: Can't get value
  #002: H5VLint.c line 2527 in H5VL_setup_args(): not the correct type of ID
    major: Virtual Object Layer
    minor: Inappropriate type
HDF5-DIAG: Error detected in HDF5 (1.14.3) MPI-process 0:
  #000: H5A.c line 2223 in H5Aclose(): not an attribute ID
    major: Invalid arguments to routine
    minor: Inappropriate type
HDF5-DIAG: Error detected in HDF5 (1.14.3) MPI-process 0:
  #000: H5A.c line 235 in H5Acreate2(): unable to synchronously create attribute
    major: Attribute
    minor: Unable to create file
  #001: H5A.c line 176 in H5A__create_api_common(): can't set object access arguments
    major: Attribute
    minor: Can't set value
  #002: H5VLint.c line 2602 in H5VL_setup_acc_args(): invalid location identifier
    major: Invalid arguments to routine
    minor: Inappropriate type
  #003: H5VLint.c line 1741 in H5VL_vol_object(): invalid identifier type to function
    major: Invalid arguments to routine
    minor: Inappropriate type
HDF5-DIAG: Error detected in HDF5 (1.14.3) MPI-process 0:
  #000: H5A.c line 935 in H5Awrite(): can't synchronously write data
    major: Attribute
    minor: Write failed
  #001: H5A.c line 899 in H5A__write_api_common(): can't get VOL object for attribute
    major: Attribute
    minor: Can't get value
  #002: H5VLint.c line 2527 in H5VL_setup_args(): not the correct type of ID
    major: Virtual Object Layer
    minor: Inappropriate type
HDF5-DIAG: Error detected in HDF5 (1.14.3) MPI-process 0:
  #000: H5A.c line 2223 in H5Aclose(): not an attribute ID
    major: Invalid arguments to routine
    minor: Inappropriate type
HDF5-DIAG: Error detected in HDF5 (1.14.3) MPI-process 0:
  #000: H5A.c line 235 in H5Acreate2(): unable to synchronously create attribute
    major: Attribute
    minor: Unable to create file
  #001: H5A.c line 176 in H5A__create_api_common(): can't set object access arguments
    major: Attribute
    minor: Can't set value
  #002: H5VLint.c line 2602 in H5VL_setup_acc_args(): invalid location identifier
    major: Invalid arguments to routine
    minor: Inappropriate type
  #003: H5VLint.c line 1741 in H5VL_vol_object(): invalid identifier type to function
    major: Invalid arguments to routine
    minor: Inappropriate type
HDF5-DIAG: Error detected in HDF5 (1.14.3) MPI-process 0:
  #000: H5A.c line 935 in H5Awrite(): can't synchronously write data
    major: Attribute
    minor: Write failed
  #001: H5A.c line 899 in H5A__write_api_common(): can't get VOL object for attribute
    major: Attribute
    minor: Can't get value
  #002: H5VLint.c line 2527 in H5VL_setup_args(): not the correct type of ID
    major: Virtual Object Layer
    minor: Inappropriate type
HDF5-DIAG: Error detected in HDF5 (1.14.3) MPI-process 0:
  #000: H5A.c line 2223 in H5Aclose(): not an attribute ID
    major: Invalid arguments to routine
    minor: Inappropriate type
HDF5-DIAG: Error detected in HDF5 (1.14.3) MPI-process 0:
  #000: H5A.c line 235 in H5Acreate2(): unable to synchronously create attribute
    major: Attribute
    minor: Unable to create file
  #001: H5A.c line 176 in H5A__create_api_common(): can't set object access arguments
    major: Attribute
    minor: Can't set value
  #002: H5VLint.c line 2602 in H5VL_setup_acc_args(): invalid location identifier
    major: Invalid arguments to routine
    minor: Inappropriate type
  #003: H5VLint.c line 1741 in H5VL_vol_object(): invalid identifier type to function
    major: Invalid arguments to routine
    minor: Inappropriate type
HDF5-DIAG: Error detected in HDF5 (1.14.3) MPI-process 0:
  #000: H5A.c line 935 in H5Awrite(): can't synchronously write data
    major: Attribute
    minor: Write failed
  #001: H5A.c line 899 in H5A__write_api_common(): can't get VOL object for attribute
    major: Attribute
    minor: Can't get value
  #002: H5VLint.c line 2527 in H5VL_setup_args(): not the correct type of ID
    major: Virtual Object Layer
    minor: Inappropriate type
HDF5-DIAG: Error detected in HDF5 (1.14.3) MPI-process 0:
  #000: H5A.c line 2223 in H5Aclose(): not an attribute ID
    major: Invalid arguments to routine
    minor: Inappropriate type
HDF5-DIAG: Error detected in HDF5 (1.14.3) MPI-process 0:
  #000: H5A.c line 235 in H5Acreate2(): unable to synchronously create attribute
    major: Attribute
    minor: Unable to create file
  #001: H5A.c line 176 in H5A__create_api_common(): can't set object access arguments
    major: Attribute
    minor: Can't set value
  #002: H5VLint.c line 2602 in H5VL_setup_acc_args(): invalid location identifier
    major: Invalid arguments to routine
    minor: Inappropriate type
  #003: H5VLint.c line 1741 in H5VL_vol_object(): invalid identifier type to function
    major: Invalid arguments to routine
    minor: Inappropriate type
HDF5-DIAG: Error detected in HDF5 (1.14.3) MPI-process 0:
  #000: H5A.c line 935 in H5Awrite(): can't synchronously write data
    major: Attribute
    minor: Write failed
  #001: H5A.c line 899 in H5A__write_api_common(): can't get VOL object for attribute
    major: Attribute
    minor: Can't get value
  #002: H5VLint.c line 2527 in H5VL_setup_args(): not the correct type of ID
    major: Virtual Object Layer
    minor: Inappropriate type
HDF5-DIAG: Error detected in HDF5 (1.14.3) MPI-process 0:
  #000: H5A.c line 2223 in H5Aclose(): not an attribute ID
    major: Invalid arguments to routine
    minor: Inappropriate type
HDF5-DIAG: Error detected in HDF5 (1.14.3) MPI-process 0:
  #000: H5A.c line 235 in H5Acreate2(): unable to synchronously create attribute
    major: Attribute
    minor: Unable to create file
  #001: H5A.c line 176 in H5A__create_api_common(): can't set object access arguments
    major: Attribute
    minor: Can't set value
  #002: H5VLint.c line 2602 in H5VL_setup_acc_args(): invalid location identifier
    major: Invalid arguments to routine
    minor: Inappropriate type
  #003: H5VLint.c line 1741 in H5VL_vol_object(): invalid identifier type to function
    major: Invalid arguments to routine
    minor: Inappropriate type
HDF5-DIAG: Error detected in HDF5 (1.14.3) MPI-process 0:
  #000: H5A.c line 935 in H5Awrite(): can't synchronously write data
    major: Attribute
    minor: Write failed
  #001: H5A.c line 899 in H5A__write_api_common(): can't get VOL object for attribute
    major: Attribute
    minor: Can't get value
  #002: H5VLint.c line 2527 in H5VL_setup_args(): not the correct type of ID
    major: Virtual Object Layer
    minor: Inappropriate type
HDF5-DIAG: Error detected in HDF5 (1.14.3) MPI-process 0:
  #000: H5A.c line 2223 in H5Aclose(): not an attribute ID
    major: Invalid arguments to routine
    minor: Inappropriate type
HDF5-DIAG: Error detected in HDF5 (1.14.3) MPI-process 0:
  #000: H5A.c line 235 in H5Acreate2(): unable to synchronously create attribute
    major: Attribute
    minor: Unable to create file
  #001: H5A.c line 176 in H5A__create_api_common(): can't set object access arguments
    major: Attribute
    minor: Can't set value
  #002: H5VLint.c line 2602 in H5VL_setup_acc_args(): invalid location identifier
    major: Invalid arguments to routine
    minor: Inappropriate type
  #003: H5VLint.c line 1741 in H5VL_vol_object(): invalid identifier type to function
    major: Invalid arguments to routine
    minor: Inappropriate type
HDF5-DIAG: Error detected in HDF5 (1.14.3) MPI-process 0:
  #000: H5A.c line 935 in H5Awrite(): can't synchronously write data
    major: Attribute
    minor: Write failed
  #001: H5A.c line 899 in H5A__write_api_common(): can't get VOL object for attribute
    major: Attribute
    minor: Can't get value
  #002: H5VLint.c line 2527 in H5VL_setup_args(): not the correct type of ID
    major: Virtual Object Layer
    minor: Inappropriate type
HDF5-DIAG: Error detected in HDF5 (1.14.3) MPI-process 0:
  #000: H5A.c line 2223 in H5Aclose(): not an attribute ID
    major: Invalid arguments to routine
    minor: Inappropriate type
HDF5-DIAG: Error detected in HDF5 (1.14.3) MPI-process 0:
  #000: H5A.c line 235 in H5Acreate2(): unable to synchronously create attribute
    major: Attribute
    minor: Unable to create file
  #001: H5A.c line 176 in H5A__create_api_common(): can't set object access arguments
    major: Attribute
    minor: Can't set value
  #002: H5VLint.c line 2602 in H5VL_setup_acc_args(): invalid location identifier
    major: Invalid arguments to routine
    minor: Inappropriate type
  #003: H5VLint.c line 1741 in H5VL_vol_object(): invalid identifier type to function
    major: Invalid arguments to routine
    minor: Inappropriate type
HDF5-DIAG: Error detected in HDF5 (1.14.3) MPI-process 0:
  #000: H5A.c line 935 in H5Awrite(): can't synchronously write data
    major: Attribute
    minor: Write failed
  #001: H5A.c line 899 in H5A__write_api_common(): can't get VOL object for attribute
    major: Attribute
    minor: Can't get value
  #002: H5VLint.c line 2527 in H5VL_setup_args(): not the correct type of ID
    major: Virtual Object Layer
    minor: Inappropriate type
HDF5-DIAG: Error detected in HDF5 (1.14.3) MPI-process 0:
  #000: H5A.c line 2223 in H5Aclose(): not an attribute ID
    major: Invalid arguments to routine
    minor: Inappropriate type
HDF5-DIAG: Error detected in HDF5 (1.14.3) MPI-process 0:
  #000: H5A.c line 235 in H5Acreate2(): unable to synchronously create attribute
    major: Attribute
    minor: Unable to create file
  #001: H5A.c line 176 in H5A__create_api_common(): can't set object access arguments
    major: Attribute
    minor: Can't set value
  #002: H5VLint.c line 2602 in H5VL_setup_acc_args(): invalid location identifier
    major: Invalid arguments to routine
    minor: Inappropriate type
  #003: H5VLint.c line 1741 in H5VL_vol_object(): invalid identifier type to function
    major: Invalid arguments to routine
    minor: Inappropriate type
HDF5-DIAG: Error detected in HDF5 (1.14.3) MPI-process 0:
  #000: H5A.c line 935 in H5Awrite(): can't synchronously write data
    major: Attribute
    minor: Write failed
  #001: H5A.c line 899 in H5A__write_api_common(): can't get VOL object for attribute
    major: Attribute
    minor: Can't get value
  #002: H5VLint.c line 2527 in H5VL_setup_args(): not the correct type of ID
    major: Virtual Object Layer
    minor: Inappropriate type
HDF5-DIAG: Error detected in HDF5 (1.14.3) MPI-process 0:
  #000: H5A.c line 2223 in H5Aclose(): not an attribute ID
    major: Invalid arguments to routine
    minor: Inappropriate type
HDF5-DIAG: Error detected in HDF5 (1.14.3) MPI-process 0:
  #000: H5A.c line 235 in H5Acreate2(): unable to synchronously create attribute
    major: Attribute
    minor: Unable to create file
  #001: H5A.c line 176 in H5A__create_api_common(): can't set object access arguments
    major: Attribute
    minor: Can't set value
  #002: H5VLint.c line 2602 in H5VL_setup_acc_args(): invalid location identifier
    major: Invalid arguments to routine
    minor: Inappropriate type
  #003: H5VLint.c line 1741 in H5VL_vol_object(): invalid identifier type to function
    major: Invalid arguments to routine
    minor: Inappropriate type
HDF5-DIAG: Error detected in HDF5 (1.14.3) MPI-process 0:
  #000: H5A.c line 935 in H5Awrite(): can't synchronously write data
    major: Attribute
    minor: Write failed
  #001: H5A.c line 899 in H5A__write_api_common(): can't get VOL object for attribute
    major: Attribute
    minor: Can't get value
  #002: H5VLint.c line 2527 in H5VL_setup_args(): not the correct type of ID
    major: Virtual Object Layer
    minor: Inappropriate type
HDF5-DIAG: Error detected in HDF5 (1.14.3) MPI-process 0:
  #000: H5A.c line 2223 in H5Aclose(): not an attribute ID
    major: Invalid arguments to routine
    minor: Inappropriate type
HDF5-DIAG: Error detected in HDF5 (1.14.3) MPI-process 0:
  #000: H5G.c line 887 in H5Gclose(): not a group ID
    major: Invalid arguments to routine
    minor: Inappropriate type
HDF5-DIAG: Error detected in HDF5 (1.14.3) MPI-process 0:
  #000: H5G.c line 887 in H5Gclose(): not a group ID
    major: Invalid arguments to routine
    minor: Inappropriate type
Closing file had non-zero error status -1
HDF5-DIAG: Error detected in HDF5 (1.14.3) MPI-process 0:
  #000: H5F.c line 1054 in H5Fclose(): not a file ID
    major: Invalid arguments to routine
    minor: Inappropriate type
Closing file had non-zero error status -1
real 0.97
user 16.78
sys 0.90
