374.60

Params:Program: ../sph-exa-build/main/src/sphexa/sphexa
Particles: 200
Timestep: 100
Numthreads: 4
Nodes: 10
# SPHEXA: HEAD/22053277
# 10 MPI-3.1 process(es) with 4 OpenMP-201511 thread(s)/process
Data generated for 8000000 global particles
Domain synchronized, nLocalParticles 983602
# domain::sync: 0.623208s
# FindNeighbors: 0.547594s
# Density: 0.127114s
# EquationOfState: 0.00108566s
# mpi::synchronizeHalos: 0.363288s
# IAD: 0.17022s
# mpi::synchronizeHalos: 0.358158s
# MomentumEnergyIAD: 0.392997s
# Timestep: 0.0152873s
# UpdateQuantities: 0.0041334s
# UpdateSmoothingLength: 0.00234005s
### Check ### Global Tree Nodes: 4096, Particles: 798903, Halos: 184699
### Check ### Computational domain: -0.5 0.5 -0.5 0.5 -0.5 0.5
### Check ### Total Neighbors: 744000000, Avg neighbor count per particle: 93
### Check ### Total time: 1.1e-06, current time-step: 1.1e-06
### Check ### Total energy: 1, (internal: 1, kinetic: 1.07895e-08, gravitational: 0)
### Check ### Focus Tree Nodes: 42743, maxDepth 6
=== Total time for iteration(1) 2.60543s

# domain::sync: 0.579693s
# FindNeighbors: 0.517987s
# Density: 0.127749s
# EquationOfState: 0.00117043s
# mpi::synchronizeHalos: 0.259357s
# IAD: 0.178626s
# mpi::synchronizeHalos: 0.224904s
# MomentumEnergyIAD: 0.535717s
# Timestep: 0.000254917s
# UpdateQuantities: 0.00408558s
# UpdateSmoothingLength: 0.00230732s
### Check ### Global Tree Nodes: 4096, Particles: 800475, Halos: 191269
### Check ### Computational domain: -0.5 0.5 -0.5 0.5 -0.5 0.5
### Check ### Total Neighbors: 744000000, Avg neighbor count per particle: 93
### Check ### Total time: 2.31e-06, current time-step: 1.21e-06
### Check ### Total energy: 1, (internal: 1, kinetic: 3.32782e-08, gravitational: 0)
### Check ### Focus Tree Nodes: 42757, maxDepth 6
=== Total time for iteration(2) 2.43186s

# domain::sync: 0.497946s
# FindNeighbors: 0.523073s
# Density: 0.127546s
# EquationOfState: 0.00112849s
# mpi::synchronizeHalos: 0.26467s
# IAD: 0.176972s
# mpi::synchronizeHalos: 0.264802s
# MomentumEnergyIAD: 0.507096s
# Timestep: 0.000282001s
# UpdateQuantities: 0.00406517s
# UpdateSmoothingLength: 0.0023101s
### Check ### Global Tree Nodes: 4096, Particles: 800475, Halos: 186667
### Check ### Computational domain: -0.5 0.5 -0.5 0.5 -0.5 0.5
### Check ### Total Neighbors: 744000000, Avg neighbor count per particle: 93
### Check ### Total time: 3.641e-06, current time-step: 1.331e-06
### Check ### Total energy: 1, (internal: 1, kinetic: 7.22677e-08, gravitational: 0)
### Check ### Focus Tree Nodes: 42862, maxDepth 6
=== Total time for iteration(3) 2.3699s

# domain::sync: 0.646431s
# FindNeighbors: 0.524442s
# Density: 0.127236s
# EquationOfState: 0.00109578s
# mpi::synchronizeHalos: 0.160982s
# IAD: 0.176056s
# mpi::synchronizeHalos: 0.398513s
# MomentumEnergyIAD: 0.49742s
# Timestep: 0.0126791s
# UpdateQuantities: 0.00413957s
# UpdateSmoothingLength: 0.00231051s
### Check ### Global Tree Nodes: 4096, Particles: 800475, Halos: 186091
### Check ### Computational domain: -0.5 0.5 -0.5 0.5 -0.5 0.5
### Check ### Total Neighbors: 744000000, Avg neighbor count per particle: 93
### Check ### Total time: 5.1051e-06, current time-step: 1.4641e-06
### Check ### Total energy: 1, (internal: 1, kinetic: 1.324e-07, gravitational: 0)
### Check ### Focus Tree Nodes: 42883, maxDepth 6
=== Total time for iteration(4) 2.55131s

# domain::sync: 0.604375s
# FindNeighbors: 0.525762s
# Density: 0.127933s
# EquationOfState: 0.00114841s
# mpi::synchronizeHalos: 0.119795s
# IAD: 0.176241s
# mpi::synchronizeHalos: 0.24136s
# MomentumEnergyIAD: 0.494409s
# Timestep: 0.00994773s
# UpdateQuantities: 0.00409132s
# UpdateSmoothingLength: 0.00234095s
### Check ### Global Tree Nodes: 4096, Particles: 800475, Halos: 186091
### Check ### Computational domain: -0.5 0.5 -0.5 0.5 -0.5 0.5
### Check ### Total Neighbors: 744000000, Avg neighbor count per particle: 93
### Check ### Total time: 6.71561e-06, current time-step: 1.61051e-06
### Check ### Total energy: 1, (internal: 1, kinetic: 2.19408e-07, gravitational: 0)
### Check ### Focus Tree Nodes: 42883, maxDepth 6
=== Total time for iteration(5) 2.30741s

# domain::sync: 0.512192s
# FindNeighbors: 0.528467s
# Density: 0.127107s
# EquationOfState: 0.0011472s
# mpi::synchronizeHalos: 0.350765s
# IAD: 0.176308s
# mpi::synchronizeHalos: 0.260297s
# MomentumEnergyIAD: 0.496702s
# Timestep: 0.000294463s
# UpdateQuantities: 0.00410228s
# UpdateSmoothingLength: 0.00230821s
### Check ### Global Tree Nodes: 4096, Particles: 800475, Halos: 186091
### Check ### Computational domain: -0.5 0.5 -0.5 0.5 -0.5 0.5
### Check ### Total Neighbors: 744000000, Avg neighbor count per particle: 93
### Check ### Total time: 8.48717e-06, current time-step: 1.77156e-06
### Check ### Total energy: 1, (internal: 1, kinetic: 3.4036e-07, gravitational: 0)
### Check ### Focus Tree Nodes: 42883, maxDepth 6
=== Total time for iteration(6) 2.4597s

# domain::sync: 0.484834s
# FindNeighbors: 0.567439s
# Density: 0.16704s
# EquationOfState: 0.00108236s
# mpi::synchronizeHalos: 0.274835s
# IAD: 0.238506s
# mpi::synchronizeHalos: 0.0944298s
# MomentumEnergyIAD: 1.46823s
# Timestep: 0.0895624s
# UpdateQuantities: 0.00418666s
# UpdateSmoothingLength: 0.00230924s
### Check ### Global Tree Nodes: 4096, Particles: 800475, Halos: 186091
### Check ### Computational domain: -0.5 0.5 -0.5 0.5 -0.5 0.5
### Check ### Total Neighbors: 984000000, Avg neighbor count per particle: 123
### Check ### Total time: 1.04359e-05, current time-step: 1.94872e-06
### Check ### Total energy: 1, (internal: 1, kinetic: 5.03947e-07, gravitational: 0)
### Check ### Focus Tree Nodes: 42883, maxDepth 6
=== Total time for iteration(7) 3.39246s

# domain::sync: 0.692222s
# FindNeighbors: 0.524416s
# Density: 0.127614s
# EquationOfState: 0.00110422s
# mpi::synchronizeHalos: 0.23792s
# IAD: 0.17637s
# mpi::synchronizeHalos: 0.270025s
# MomentumEnergyIAD: 0.492286s
# Timestep: 0.0114775s
# UpdateQuantities: 0.00406114s
# UpdateSmoothingLength: 0.00230681s
### Check ### Global Tree Nodes: 4096, Particles: 800475, Halos: 186091
### Check ### Computational domain: -0.5 0.5 -0.5 0.5 -0.5 0.5
### Check ### Total Neighbors: 744000000, Avg neighbor count per particle: 93
### Check ### Total time: 1.25795e-05, current time-step: 2.14359e-06
### Check ### Total energy: 1, (internal: 0.999999, kinetic: 7.2088e-07, gravitational: 0)
### Check ### Focus Tree Nodes: 42883, maxDepth 6
=== Total time for iteration(8) 2.53981s

# domain::sync: 0.513702s
# FindNeighbors: 0.526274s
# Density: 0.127052s
# EquationOfState: 0.00111646s
# mpi::synchronizeHalos: 0.266717s
# IAD: 0.176537s
# mpi::synchronizeHalos: 0.293642s
# MomentumEnergyIAD: 0.487555s
# Timestep: 0.0339311s
# UpdateQuantities: 0.00411891s
# UpdateSmoothingLength: 0.0023087s
### Check ### Global Tree Nodes: 4096, Particles: 800475, Halos: 186091
### Check ### Computational domain: -0.5 0.5 -0.5 0.5 -0.5 0.5
### Check ### Total Neighbors: 744000000, Avg neighbor count per particle: 93
### Check ### Total time: 1.49374e-05, current time-step: 2.35795e-06
### Check ### Total energy: 1, (internal: 0.999999, kinetic: 1.00421e-06, gravitational: 0)
### Check ### Focus Tree Nodes: 42883, maxDepth 6
=== Total time for iteration(9) 2.43296s

# domain::sync: 0.476434s
# FindNeighbors: 0.528313s
# Density: 0.127032s
# EquationOfState: 0.0010975s
# mpi::synchronizeHalos: 0.289811s
# IAD: 0.176416s
# mpi::synchronizeHalos: 0.250643s
# MomentumEnergyIAD: 0.483764s
# Timestep: 0.0222202s
# UpdateQuantities: 0.00412187s
# UpdateSmoothingLength: 0.00231137s
### Check ### Global Tree Nodes: 4096, Particles: 800475, Halos: 186091
### Check ### Computational domain: -0.5 0.5 -0.5 0.5 -0.5 0.5
### Check ### Total Neighbors: 744000000, Avg neighbor count per particle: 93
### Check ### Total time: 1.75312e-05, current time-step: 2.59374e-06
### Check ### Total energy: 1, (internal: 0.999999, kinetic: 1.36998e-06, gravitational: 0)
### Check ### Focus Tree Nodes: 42883, maxDepth 6
=== Total time for iteration(10) 2.36217s

# domain::sync: 0.323628s
# FindNeighbors: 0.570691s
# Density: 0.166927s
# EquationOfState: 0.00116628s
# mpi::synchronizeHalos: 0.140127s
# IAD: 0.238443s
# mpi::synchronizeHalos: 0.153784s
# MomentumEnergyIAD: 1.14246s
# Timestep: 0.0253529s
# UpdateQuantities: 0.00413108s
# UpdateSmoothingLength: 0.00230911s
### Check ### Global Tree Nodes: 4096, Particles: 800475, Halos: 186091
### Check ### Computational domain: -0.5 0.5 -0.5 0.5 -0.5 0.5
### Check ### Total Neighbors: 984000000, Avg neighbor count per particle: 123
### Check ### Total time: 2.03843e-05, current time-step: 2.85312e-06
### Check ### Total energy: 1, (internal: 0.999998, kinetic: 1.83779e-06, gravitational: 0)
### Check ### Focus Tree Nodes: 42883, maxDepth 6
=== Total time for iteration(11) 2.76902s

# domain::sync: 0.38599s
# FindNeighbors: 0.524755s
# Density: 0.127443s
# EquationOfState: 0.00116054s
# mpi::synchronizeHalos: 0.139434s
# IAD: 0.176781s
# mpi::synchronizeHalos: 0.246364s
# MomentumEnergyIAD: 0.490794s
# Timestep: 0.0366886s
# UpdateQuantities: 0.00414153s
# UpdateSmoothingLength: 0.00231089s
### Check ### Global Tree Nodes: 4096, Particles: 800475, Halos: 186091
### Check ### Computational domain: -0.5 0.5 -0.5 0.5 -0.5 0.5
### Check ### Total Neighbors: 744000000, Avg neighbor count per particle: 93
### Check ### Total time: 2.35227e-05, current time-step: 3.13843e-06
### Check ### Total energy: 1, (internal: 0.999998, kinetic: 2.43168e-06, gravitational: 0)
### Check ### Focus Tree Nodes: 42883, maxDepth 6
=== Total time for iteration(12) 2.13587s

# domain::sync: 0.488163s
# FindNeighbors: 0.52653s
# Density: 0.127224s
# EquationOfState: 0.00115233s
# mpi::synchronizeHalos: 0.218167s
# IAD: 0.176625s
# mpi::synchronizeHalos: 0.238183s
# MomentumEnergyIAD: 0.490576s
# Timestep: 0.0248878s
# UpdateQuantities: 0.0041301s
# UpdateSmoothingLength: 0.0023075s
### Check ### Global Tree Nodes: 4096, Particles: 800475, Halos: 186091
### Check ### Computational domain: -0.5 0.5 -0.5 0.5 -0.5 0.5
### Check ### Total Neighbors: 744000000, Avg neighbor count per particle: 93
### Check ### Total time: 2.6975e-05, current time-step: 3.45227e-06
### Check ### Total energy: 1, (internal: 0.999997, kinetic: 3.18076e-06, gravitational: 0)
### Check ### Focus Tree Nodes: 42883, maxDepth 6
=== Total time for iteration(13) 2.29795s

# domain::sync: 0.482678s
# FindNeighbors: 0.527948s
# Density: 0.127631s
# EquationOfState: 0.00109639s
# mpi::synchronizeHalos: 0.0765118s
# IAD: 0.176549s
# mpi::synchronizeHalos: 0.26111s
# MomentumEnergyIAD: 0.480307s
# Timestep: 0.199974s
# UpdateQuantities: 0.00413695s
# UpdateSmoothingLength: 0.00231057s
### Check ### Global Tree Nodes: 4096, Particles: 800475, Halos: 186091
### Check ### Computational domain: -0.5 0.5 -0.5 0.5 -0.5 0.5
### Check ### Total Neighbors: 744000000, Avg neighbor count per particle: 93
### Check ### Total time: 3.07725e-05, current time-step: 3.7975e-06
### Check ### Total energy: 1, (internal: 0.999996, kinetic: 4.12072e-06, gravitational: 0)
### Check ### Focus Tree Nodes: 42883, maxDepth 6
=== Total time for iteration(14) 2.34026s

# domain::sync: 0.533474s
# FindNeighbors: 0.568635s
# Density: 0.168011s
# EquationOfState: 0.00113644s
# mpi::synchronizeHalos: 0.215845s
# IAD: 0.236237s
# mpi::synchronizeHalos: 0.196954s
# MomentumEnergyIAD: 0.871136s
# Timestep: 0.000269492s
# UpdateQuantities: 0.00407071s
# UpdateSmoothingLength: 0.00230494s
### Check ### Global Tree Nodes: 4096, Particles: 800475, Halos: 186091
### Check ### Computational domain: -0.5 0.5 -0.5 0.5 -0.5 0.5
### Check ### Total Neighbors: 984000000, Avg neighbor count per particle: 123
### Check ### Total time: 3.49497e-05, current time-step: 4.17725e-06
### Check ### Total energy: 1, (internal: 0.999995, kinetic: 5.29497e-06, gravitational: 0)
### Check ### Focus Tree Nodes: 42883, maxDepth 6
=== Total time for iteration(15) 2.79808s

# domain::sync: 0.4915s
# FindNeighbors: 0.524478s
# Density: 0.127422s
# EquationOfState: 0.00115678s
# mpi::synchronizeHalos: 0.259742s
# IAD: 0.176749s
# mpi::synchronizeHalos: 0.277105s
# MomentumEnergyIAD: 0.487545s
# Timestep: 0.0217071s
# UpdateQuantities: 0.00425392s
# UpdateSmoothingLength: 0.00230846s
### Check ### Global Tree Nodes: 4096, Particles: 800475, Halos: 186091
### Check ### Computational domain: -0.5 0.5 -0.5 0.5 -0.5 0.5
### Check ### Total Neighbors: 744000000, Avg neighbor count per particle: 93
### Check ### Total time: 3.95447e-05, current time-step: 4.59497e-06
### Check ### Total energy: 1, (internal: 0.999993, kinetic: 6.75662e-06, gravitational: 0)
### Check ### Focus Tree Nodes: 42883, maxDepth 6
=== Total time for iteration(16) 2.37397s

# domain::sync: 0.287434s
# FindNeighbors: 0.526658s
# Density: 0.127205s
# EquationOfState: 0.00116503s
# mpi::synchronizeHalos: 0.505775s
# IAD: 0.177235s
# mpi::synchronizeHalos: 0.26721s
# MomentumEnergyIAD: 0.482489s
# Timestep: 0.0194817s
# UpdateQuantities: 0.0041476s
# UpdateSmoothingLength: 0.00230847s
### Check ### Global Tree Nodes: 4096, Particles: 800475, Halos: 186091
### Check ### Computational domain: -0.5 0.5 -0.5 0.5 -0.5 0.5
### Check ### Total Neighbors: 744000000, Avg neighbor count per particle: 93
### Check ### Total time: 4.45992e-05, current time-step: 5.05447e-06
### Check ### Total energy: 1, (internal: 0.999991, kinetic: 8.56978e-06, gravitational: 0)
### Check ### Focus Tree Nodes: 42883, maxDepth 6
=== Total time for iteration(17) 2.40111s

# domain::sync: 0.487774s
# FindNeighbors: 0.529885s
# Density: 0.127017s
# EquationOfState: 0.00115079s
# mpi::synchronizeHalos: 0.282223s
# IAD: 0.176557s
# mpi::synchronizeHalos: 0.25634s
# MomentumEnergyIAD: 0.48378s
# Timestep: 0.0201949s
# UpdateQuantities: 0.0041377s
# UpdateSmoothingLength: 0.0023103s
### Check ### Global Tree Nodes: 4096, Particles: 800475, Halos: 186091
### Check ### Computational domain: -0.5 0.5 -0.5 0.5 -0.5 0.5
### Check ### Total Neighbors: 744000000, Avg neighbor count per particle: 93
### Check ### Total time: 5.01591e-05, current time-step: 5.55992e-06
### Check ### Total energy: 1, (internal: 0.999989, kinetic: 1.08128e-05, gravitational: 0)
### Check ### Focus Tree Nodes: 42883, maxDepth 6
=== Total time for iteration(18) 2.37137s

# domain::sync: 0.460417s
# FindNeighbors: 0.568857s
# Density: 0.166932s
# EquationOfState: 0.00115345s
# mpi::synchronizeHalos: 0.109454s
# IAD: 0.233939s
# mpi::synchronizeHalos: 0.230273s
# MomentumEnergyIAD: 0.795558s
# Timestep: 0.0158388s
# UpdateQuantities: 0.00414351s
# UpdateSmoothingLength: 0.00230792s
### Check ### Global Tree Nodes: 4096, Particles: 800475, Halos: 186091
### Check ### Computational domain: -0.5 0.5 -0.5 0.5 -0.5 0.5
### Check ### Total Neighbors: 984000000, Avg neighbor count per particle: 123
### Check ### Total time: 5.6275e-05, current time-step: 6.11591e-06
### Check ### Total energy: 1, (internal: 0.999986, kinetic: 1.35807e-05, gravitational: 0)
### Check ### Focus Tree Nodes: 42883, maxDepth 6
=== Total time for iteration(19) 2.58888s

# domain::sync: 0.760974s
# FindNeighbors: 0.525567s
# Density: 0.126976s
# EquationOfState: 0.00111007s
# mpi::synchronizeHalos: 0.0806027s
# IAD: 0.176862s
# mpi::synchronizeHalos: 0.257027s
# MomentumEnergyIAD: 0.484857s
# Timestep: 0.029862s
# UpdateQuantities: 0.0041348s
# UpdateSmoothingLength: 0.00231118s
### Check ### Global Tree Nodes: 4096, Particles: 800475, Halos: 186091
### Check ### Computational domain: -0.5 0.5 -0.5 0.5 -0.5 0.5
### Check ### Total Neighbors: 744000000, Avg neighbor count per particle: 93
### Check ### Total time: 6.30025e-05, current time-step: 6.7275e-06
### Check ### Total energy: 1, (internal: 0.999983, kinetic: 1.69898e-05, gravitational: 0)
### Check ### Focus Tree Nodes: 42883, maxDepth 6
=== Total time for iteration(20) 2.45029s

# domain::sync: 0.545551s
# FindNeighbors: 0.526865s
# Density: 0.127146s
# EquationOfState: 0.00118485s
# mpi::synchronizeHalos: 0.244438s
# IAD: 0.176662s
# mpi::synchronizeHalos: 0.292965s
# MomentumEnergyIAD: 0.475829s
# Timestep: 0.000296937s
# UpdateQuantities: 0.00406697s
# UpdateSmoothingLength: 0.0023155s
### Check ### Global Tree Nodes: 4096, Particles: 800475, Halos: 186091
### Check ### Computational domain: -0.5 0.5 -0.5 0.5 -0.5 0.5
### Check ### Total Neighbors: 744000000, Avg neighbor count per particle: 93
### Check ### Total time: 7.04027e-05, current time-step: 7.40025e-06
### Check ### Total energy: 1, (internal: 0.999979, kinetic: 2.11797e-05, gravitational: 0)
### Check ### Focus Tree Nodes: 42883, maxDepth 6
=== Total time for iteration(21) 2.39732s

# domain::sync: 0.512286s
# FindNeighbors: 0.528121s
# Density: 0.127879s
# EquationOfState: 0.00115839s
# mpi::synchronizeHalos: 0.251383s
# IAD: 0.176608s
# mpi::synchronizeHalos: 0.129654s
# MomentumEnergyIAD: 0.472816s
# Timestep: 0.123337s
# UpdateQuantities: 0.004143s
# UpdateSmoothingLength: 0.00234151s
### Check ### Global Tree Nodes: 4096, Particles: 800475, Halos: 186091
### Check ### Computational domain: -0.5 0.5 -0.5 0.5 -0.5 0.5
### Check ### Total Neighbors: 744000000, Avg neighbor count per particle: 93
### Check ### Total time: 7.8543e-05, current time-step: 8.14027e-06
### Check ### Total energy: 1, (internal: 0.999974, kinetic: 2.63212e-05, gravitational: 0)
### Check ### Focus Tree Nodes: 42883, maxDepth 6
=== Total time for iteration(22) 2.32973s

# domain::sync: 0.734554s
# FindNeighbors: 0.569691s
# Density: 0.166821s
# EquationOfState: 0.00118761s
# mpi::synchronizeHalos: 0.125306s
# IAD: 0.2319s
# mpi::synchronizeHalos: 0.282368s
# MomentumEnergyIAD: 0.782588s
# Timestep: 0.0844587s
# UpdateQuantities: 0.00414015s
# UpdateSmoothingLength: 0.00230744s
### Check ### Global Tree Nodes: 4096, Particles: 800475, Halos: 186091
### Check ### Computational domain: -0.5 0.5 -0.5 0.5 -0.5 0.5
### Check ### Total Neighbors: 984000000, Avg neighbor count per particle: 123
### Check ### Total time: 8.74973e-05, current time-step: 8.9543e-06
### Check ### Total energy: 1, (internal: 0.999967, kinetic: 3.2621e-05, gravitational: 0)
### Check ### Focus Tree Nodes: 42883, maxDepth 6
=== Total time for iteration(23) 2.98533s

# domain::sync: 0.333683s
# FindNeighbors: 0.525285s
# Density: 0.126973s
# EquationOfState: 0.00115699s
# mpi::synchronizeHalos: 0.162266s
# IAD: 0.176647s
# mpi::synchronizeHalos: 0.288848s
# MomentumEnergyIAD: 0.480563s
# Timestep: 0.0933332s
# UpdateQuantities: 0.00412803s
# UpdateSmoothingLength: 0.00234278s
### Check ### Global Tree Nodes: 4096, Particles: 800475, Halos: 186091
### Check ### Computational domain: -0.5 0.5 -0.5 0.5 -0.5 0.5
### Check ### Total Neighbors: 744000000, Avg neighbor count per particle: 93
### Check ### Total time: 9.73471e-05, current time-step: 9.84973e-06
### Check ### Total energy: 1, (internal: 0.99996, kinetic: 4.03313e-05, gravitational: 0)
### Check ### Focus Tree Nodes: 42883, maxDepth 6
=== Total time for iteration(24) 2.19523s

# domain::sync: 0.489643s
# FindNeighbors: 0.526215s
# Density: 0.126941s
# EquationOfState: 0.00116153s
# mpi::synchronizeHalos: 0.288317s
# IAD: 0.176529s
# mpi::synchronizeHalos: 0.272243s
# MomentumEnergyIAD: 0.476813s
# Timestep: 0.0807444s
# UpdateQuantities: 0.00417923s
# UpdateSmoothingLength: 0.00230834s
### Check ### Global Tree Nodes: 4096, Particles: 800475, Halos: 186091
### Check ### Computational domain: -0.5 0.5 -0.5 0.5 -0.5 0.5
### Check ### Total Neighbors: 744000000, Avg neighbor count per particle: 93
### Check ### Total time: 0.000108182, current time-step: 1.08347e-05
### Check ### Total energy: 1, (internal: 0.99995, kinetic: 4.97551e-05, gravitational: 0)
### Check ### Focus Tree Nodes: 42883, maxDepth 6
=== Total time for iteration(25) 2.4451s

# domain::sync: 0.349619s
# FindNeighbors: 0.565154s
# Density: 0.167124s
# EquationOfState: 0.00114252s
# mpi::synchronizeHalos: 0.298727s
# IAD: 0.241898s
# mpi::synchronizeHalos: 0.0778083s
# MomentumEnergyIAD: 1.93137s
# Timestep: 0.000263124s
# UpdateQuantities: 0.00407417s
# UpdateSmoothingLength: 0.00230638s
### Check ### Global Tree Nodes: 4096, Particles: 800475, Halos: 186091
### Check ### Computational domain: -0.5 0.5 -0.5 0.5 -0.5 0.5
### Check ### Total Neighbors: 984000000, Avg neighbor count per particle: 123
### Check ### Total time: 0.0001201, current time-step: 1.19182e-05
### Check ### Total energy: 1, (internal: 0.999939, kinetic: 6.12619e-05, gravitational: 0)
### Check ### Focus Tree Nodes: 42883, maxDepth 6
=== Total time for iteration(26) 3.6395s

# domain::sync: 0.630013s
# FindNeighbors: 0.523539s
# Density: 0.127713s
# EquationOfState: 0.00114894s
# mpi::synchronizeHalos: 0.12944s
# IAD: 0.176889s
# mpi::synchronizeHalos: 0.372796s
# MomentumEnergyIAD: 0.483891s
# Timestep: 0.00443156s
# UpdateQuantities: 0.00407211s
# UpdateSmoothingLength: 0.00234845s
### Check ### Global Tree Nodes: 4096, Particles: 800475, Halos: 186091
### Check ### Computational domain: -0.5 0.5 -0.5 0.5 -0.5 0.5
### Check ### Total Neighbors: 744000000, Avg neighbor count per particle: 93
### Check ### Total time: 0.00013321, current time-step: 1.311e-05
### Check ### Total energy: 1, (internal: 0.999925, kinetic: 7.53011e-05, gravitational: 0)
### Check ### Focus Tree Nodes: 42883, maxDepth 6
=== Total time for iteration(27) 2.45629s

# domain::sync: 0.714795s
# FindNeighbors: 0.525243s
# Density: 0.12721s
# EquationOfState: 0.00117545s
# mpi::synchronizeHalos: 0.235888s
# IAD: 0.176513s
# mpi::synchronizeHalos: 0.102835s
# MomentumEnergyIAD: 0.480836s
# Timestep: 0.000263678s
# UpdateQuantities: 0.00406304s
# UpdateSmoothingLength: 0.00230691s
### Check ### Global Tree Nodes: 4096, Particles: 800475, Halos: 186091
### Check ### Computational domain: -0.5 0.5 -0.5 0.5 -0.5 0.5
### Check ### Total Neighbors: 744000000, Avg neighbor count per particle: 93
### Check ### Total time: 0.000147631, current time-step: 1.4421e-05
### Check ### Total energy: 1, (internal: 0.999908, kinetic: 9.24125e-05, gravitational: 0)
### Check ### Focus Tree Nodes: 42883, maxDepth 6
=== Total time for iteration(28) 2.37113s

# domain::sync: 0.529566s
# FindNeighbors: 0.527525s
# Density: 0.126868s
# EquationOfState: 0.00111758s
# mpi::synchronizeHalos: 0.45563s
# IAD: 0.178013s
# mpi::synchronizeHalos: 0.280128s
# MomentumEnergyIAD: 0.47401s
# Timestep: 0.000270008s
# UpdateQuantities: 0.00406786s
# UpdateSmoothingLength: 0.00230996s
### Check ### Global Tree Nodes: 4096, Particles: 800475, Halos: 186091
### Check ### Computational domain: -0.5 0.5 -0.5 0.5 -0.5 0.5
### Check ### Total Neighbors: 744000000, Avg neighbor count per particle: 93
### Check ### Total time: 0.000163494, current time-step: 1.58631e-05
### Check ### Total energy: 1, (internal: 0.999887, kinetic: 0.000113253, gravitational: 0)
### Check ### Focus Tree Nodes: 42883, maxDepth 6
=== Total time for iteration(29) 2.57951s

# domain::sync: 0.523143s
# FindNeighbors: 0.56671s
# Density: 0.166939s
# EquationOfState: 0.00112068s
# mpi::synchronizeHalos: 0.317497s
# IAD: 0.236297s
# mpi::synchronizeHalos: 0.304647s
# MomentumEnergyIAD: 1.41053s
# Timestep: 0.0548385s
# UpdateQuantities: 0.00413047s
# UpdateSmoothingLength: 0.00230912s
### Check ### Global Tree Nodes: 4096, Particles: 800475, Halos: 186091
### Check ### Computational domain: -0.5 0.5 -0.5 0.5 -0.5 0.5
### Check ### Total Neighbors: 984000000, Avg neighbor count per particle: 123
### Check ### Total time: 0.000180943, current time-step: 1.74494e-05
### Check ### Total energy: 1, (internal: 0.999861, kinetic: 0.000138619, gravitational: 0)
### Check ### Focus Tree Nodes: 42883, maxDepth 6
=== Total time for iteration(30) 3.58816s

# domain::sync: 0.573205s
# FindNeighbors: 0.523682s
# Density: 0.127204s
# EquationOfState: 0.00115242s
# mpi::synchronizeHalos: 0.139923s
# IAD: 0.176668s
# mpi::synchronizeHalos: 0.280097s
# MomentumEnergyIAD: 0.48096s
# Timestep: 0.0698636s
# UpdateQuantities: 0.00413597s
# UpdateSmoothingLength: 0.00230912s
### Check ### Global Tree Nodes: 4096, Particles: 800475, Halos: 186091
### Check ### Computational domain: -0.5 0.5 -0.5 0.5 -0.5 0.5
### Check ### Total Neighbors: 744000000, Avg neighbor count per particle: 93
### Check ### Total time: 0.000200138, current time-step: 1.91943e-05
### Check ### Total energy: 1, (internal: 0.999831, kinetic: 0.000169478, gravitational: 0)
### Check ### Focus Tree Nodes: 42883, maxDepth 6
=== Total time for iteration(31) 2.3792s

# domain::sync: 0.530113s
# FindNeighbors: 0.525971s
# Density: 0.127125s
# EquationOfState: 0.00116809s
# mpi::synchronizeHalos: 0.227901s
# IAD: 0.176571s
# mpi::synchronizeHalos: 0.261518s
# MomentumEnergyIAD: 0.471162s
# Timestep: 0.266474s
# UpdateQuantities: 0.00414687s
# UpdateSmoothingLength: 0.0023088s
### Check ### Global Tree Nodes: 4096, Particles: 800475, Halos: 186091
### Check ### Computational domain: -0.5 0.5 -0.5 0.5 -0.5 0.5
### Check ### Total Neighbors: 744000000, Avg neighbor count per particle: 93
### Check ### Total time: 0.000221252, current time-step: 2.11138e-05
### Check ### Total energy: 1, (internal: 0.999793, kinetic: 0.000206989, gravitational: 0)
### Check ### Focus Tree Nodes: 42883, maxDepth 6
=== Total time for iteration(32) 2.59446s

# domain::sync: 0.657442s
# FindNeighbors: 0.528677s
# Density: 0.127042s
# EquationOfState: 0.00116805s
# mpi::synchronizeHalos: 0.273114s
# IAD: 0.176409s
# mpi::synchronizeHalos: 0.296003s
# MomentumEnergyIAD: 0.457711s
# Timestep: 0.0289791s
# UpdateQuantities: 0.00447151s
# UpdateSmoothingLength: 0.00230908s
### Check ### Global Tree Nodes: 4096, Particles: 800475, Halos: 186091
### Check ### Computational domain: -0.5 0.5 -0.5 0.5 -0.5 0.5
### Check ### Total Neighbors: 744000000, Avg neighbor count per particle: 93
### Check ### Total time: 0.000244477, current time-step: 2.32252e-05
### Check ### Total energy: 1, (internal: 0.999747, kinetic: 0.000252566, gravitational: 0)
### Check ### Focus Tree Nodes: 42883, maxDepth 6
=== Total time for iteration(33) 2.55333s

# domain::sync: 0.720851s
# FindNeighbors: 0.56677s
# Density: 0.166764s
# EquationOfState: 0.00116691s
# mpi::synchronizeHalos: 0.189755s
# IAD: 0.235123s
# mpi::synchronizeHalos: 0.265393s
# MomentumEnergyIAD: 0.992744s
# Timestep: 0.0350794s
# UpdateQuantities: 0.00413711s
# UpdateSmoothingLength: 0.00230855s
### Check ### Global Tree Nodes: 4096, Particles: 800475, Halos: 186091
### Check ### Computational domain: -0.5 0.5 -0.5 0.5 -0.5 0.5
### Check ### Total Neighbors: 984000000, Avg neighbor count per particle: 123
### Check ### Total time: 0.000270024, current time-step: 2.55477e-05
### Check ### Total energy: 1, (internal: 0.999692, kinetic: 0.000307914, gravitational: 0)
### Check ### Focus Tree Nodes: 42883, maxDepth 6
=== Total time for iteration(34) 3.1801s

# domain::sync: 0.366662s
# FindNeighbors: 0.523448s
# Density: 0.126989s
# EquationOfState: 0.00117312s
# mpi::synchronizeHalos: 0.313429s
# IAD: 0.176387s
# mpi::synchronizeHalos: 0.303014s
# MomentumEnergyIAD: 0.483571s
# Timestep: 0.0176545s
# UpdateQuantities: 0.0041181s
# UpdateSmoothingLength: 0.00230594s
### Check ### Global Tree Nodes: 4096, Particles: 800475, Halos: 186091
### Check ### Computational domain: -0.5 0.5 -0.5 0.5 -0.5 0.5
### Check ### Total Neighbors: 744000000, Avg neighbor count per particle: 93
### Check ### Total time: 0.000298127, current time-step: 2.81024e-05
### Check ### Total energy: 1, (internal: 0.999625, kinetic: 0.000375107, gravitational: 0)
### Check ### Focus Tree Nodes: 42883, maxDepth 6
=== Total time for iteration(35) 2.31876s

# domain::sync: 0.673045s
# FindNeighbors: 0.525228s
# Density: 0.127329s
# EquationOfState: 0.00116516s
# mpi::synchronizeHalos: 0.0910367s
# IAD: 0.176394s
# mpi::synchronizeHalos: 0.0896976s
# MomentumEnergyIAD: 0.467451s
# Timestep: 0.210831s
# UpdateQuantities: 0.00410518s
# UpdateSmoothingLength: 0.00230597s
### Check ### Global Tree Nodes: 4096, Particles: 800475, Halos: 186091
### Check ### Computational domain: -0.5 0.5 -0.5 0.5 -0.5 0.5
### Check ### Total Neighbors: 744000000, Avg neighbor count per particle: 93
### Check ### Total time: 0.000329039, current time-step: 3.09127e-05
### Check ### Total energy: 1, (internal: 0.999543, kinetic: 0.000456627, gravitational: 0)
### Check ### Focus Tree Nodes: 42883, maxDepth 6
=== Total time for iteration(36) 2.36859s

# domain::sync: 0.671494s
# FindNeighbors: 0.52883s
# Density: 0.127067s
# EquationOfState: 0.00114066s
# mpi::synchronizeHalos: 0.253926s
# IAD: 0.176121s
# mpi::synchronizeHalos: 0.0951491s
# MomentumEnergyIAD: 0.455065s
# Timestep: 0.0523208s
# UpdateQuantities: 0.00414511s
# UpdateSmoothingLength: 0.00231026s
### Check ### Global Tree Nodes: 4096, Particles: 800475, Halos: 186091
### Check ### Computational domain: -0.5 0.5 -0.5 0.5 -0.5 0.5
### Check ### Total Neighbors: 744000000, Avg neighbor count per particle: 93
### Check ### Total time: 0.000363043, current time-step: 3.40039e-05
### Check ### Total energy: 1, (internal: 0.999445, kinetic: 0.000555488, gravitational: 0)
### Check ### Focus Tree Nodes: 42883, maxDepth 6
=== Total time for iteration(37) 2.36757s

# domain::sync: 0.460723s
# FindNeighbors: 0.568801s
# Density: 0.167056s
# EquationOfState: 0.00109812s
# mpi::synchronizeHalos: 0.25649s
# IAD: 0.234651s
# mpi::synchronizeHalos: 0.11694s
# MomentumEnergyIAD: 0.784865s
# Timestep: 0.115682s
# UpdateQuantities: 0.00413013s
# UpdateSmoothingLength: 0.00230739s
### Check ### Global Tree Nodes: 4096, Particles: 800475, Halos: 186091
### Check ### Computational domain: -0.5 0.5 -0.5 0.5 -0.5 0.5
### Check ### Total Neighbors: 984000000, Avg neighbor count per particle: 123
### Check ### Total time: 0.000400448, current time-step: 3.74043e-05
### Check ### Total energy: 1, (internal: 0.999325, kinetic: 0.000675329, gravitational: 0)
### Check ### Focus Tree Nodes: 42883, maxDepth 6
=== Total time for iteration(38) 2.71275s

# domain::sync: 0.406937s
# FindNeighbors: 0.52454s
# Density: 0.126961s
# EquationOfState: 0.00115234s
# mpi::synchronizeHalos: 0.24122s
# IAD: 0.176079s
# mpi::synchronizeHalos: 0.144624s
# MomentumEnergyIAD: 0.472747s
# Timestep: 0.217681s
# UpdateQuantities: 0.0041404s
# UpdateSmoothingLength: 0.002307s
### Check ### Global Tree Nodes: 4096, Particles: 800475, Halos: 186091
### Check ### Computational domain: -0.5 0.5 -0.5 0.5 -0.5 0.5
### Check ### Total Neighbors: 744000000, Avg neighbor count per particle: 93
### Check ### Total time: 0.000441593, current time-step: 4.11448e-05
### Check ### Total energy: 1, (internal: 0.999179, kinetic: 0.00082056, gravitational: 0)
### Check ### Focus Tree Nodes: 42883, maxDepth 6
=== Total time for iteration(39) 2.31839s

# domain::sync: 0.34123s
# FindNeighbors: 0.526965s
# Density: 0.127039s
# EquationOfState: 0.00117973s
# mpi::synchronizeHalos: 0.286336s
# IAD: 0.176007s
# mpi::synchronizeHalos: 0.0998925s
# MomentumEnergyIAD: 0.463883s
# Timestep: 0.327913s
# UpdateQuantities: 0.00412676s
# UpdateSmoothingLength: 0.00230861s
### Check ### Global Tree Nodes: 4096, Particles: 800475, Halos: 186091
### Check ### Computational domain: -0.5 0.5 -0.5 0.5 -0.5 0.5
### Check ### Total Neighbors: 744000000, Avg neighbor count per particle: 93
### Check ### Total time: 0.000486852, current time-step: 4.52593e-05
### Check ### Total energy: 1, (internal: 0.999004, kinetic: 0.000996444, gravitational: 0)
### Check ### Focus Tree Nodes: 42883, maxDepth 6
=== Total time for iteration(40) 2.35689s

# domain::sync: 0.463237s
# FindNeighbors: 0.528531s
# Density: 0.128046s
# EquationOfState: 0.00115235s
# mpi::synchronizeHalos: 0.114691s
# IAD: 0.175922s
# mpi::synchronizeHalos: 0.15914s
# MomentumEnergyIAD: 0.459557s
# Timestep: 0.217932s
# UpdateQuantities: 0.00413089s
# UpdateSmoothingLength: 0.00234441s
### Check ### Global Tree Nodes: 4096, Particles: 800475, Halos: 186091
### Check ### Computational domain: -0.5 0.5 -0.5 0.5 -0.5 0.5
### Check ### Total Neighbors: 744000000, Avg neighbor count per particle: 93
### Check ### Total time: 0.000536637, current time-step: 4.97852e-05
### Check ### Total energy: 1, (internal: 0.998791, kinetic: 0.00120936, gravitational: 0)
### Check ### Focus Tree Nodes: 42883, maxDepth 6
=== Total time for iteration(41) 2.25469s

# domain::sync: 0.481236s
# FindNeighbors: 0.56819s
# Density: 0.167969s
# EquationOfState: 0.00120066s
# mpi::synchronizeHalos: 0.0927896s
# IAD: 0.233783s
# mpi::synchronizeHalos: 0.193852s
# MomentumEnergyIAD: 0.766308s
# Timestep: 0.0217401s
# UpdateQuantities: 0.00450088s
# UpdateSmoothingLength: 0.00230512s
### Check ### Global Tree Nodes: 4096, Particles: 800475, Halos: 186091
### Check ### Computational domain: -0.5 0.5 -0.5 0.5 -0.5 0.5
### Check ### Total Neighbors: 984000000, Avg neighbor count per particle: 123
### Check ### Total time: 0.000591401, current time-step: 5.47637e-05
### Check ### Total energy: 1, (internal: 0.998533, kinetic: 0.00146697, gravitational: 0)
### Check ### Focus Tree Nodes: 42883, maxDepth 6
=== Total time for iteration(42) 2.53388s

# domain::sync: 0.487673s
# FindNeighbors: 0.524076s
# Density: 0.127028s
# EquationOfState: 0.00108448s
# mpi::synchronizeHalos: 0.251904s
# IAD: 0.175929s
# mpi::synchronizeHalos: 0.308692s
# MomentumEnergyIAD: 0.474488s
# Timestep: 0.0233287s
# UpdateQuantities: 0.00454417s
# UpdateSmoothingLength: 0.00230521s
### Check ### Global Tree Nodes: 4096, Particles: 800475, Halos: 186091
### Check ### Computational domain: -0.5 0.5 -0.5 0.5 -0.5 0.5
### Check ### Total Neighbors: 744000000, Avg neighbor count per particle: 93
### Check ### Total time: 0.000651641, current time-step: 6.02401e-05
### Check ### Total energy: 1, (internal: 0.998221, kinetic: 0.00177853, gravitational: 0)
### Check ### Focus Tree Nodes: 42883, maxDepth 6
=== Total time for iteration(43) 2.38106s

# domain::sync: 0.579964s
# FindNeighbors: 0.5264s
# Density: 0.127537s
# EquationOfState: 0.0011501s
# mpi::synchronizeHalos: 0.301054s
# IAD: 0.175537s
# mpi::synchronizeHalos: 0.118659s
# MomentumEnergyIAD: 0.460523s
# Timestep: 0.0155591s
# UpdateQuantities: 0.00413145s
# UpdateSmoothingLength: 0.00230823s
### Check ### Global Tree Nodes: 4096, Particles: 800475, Halos: 186091
### Check ### Computational domain: -0.5 0.5 -0.5 0.5 -0.5 0.5
### Check ### Total Neighbors: 744000000, Avg neighbor count per particle: 93
### Check ### Total time: 0.000717905, current time-step: 6.62641e-05
### Check ### Total energy: 1, (internal: 0.997845, kinetic: 0.00215504, gravitational: 0)
### Check ### Focus Tree Nodes: 42883, maxDepth 6
=== Total time for iteration(44) 2.31283s

# domain::sync: 0.534391s
# FindNeighbors: 0.527611s
# Density: 0.127307s
# EquationOfState: 0.00116295s
# mpi::synchronizeHalos: 0.230295s
# IAD: 0.175398s
# mpi::synchronizeHalos: 0.303255s
# MomentumEnergyIAD: 0.455865s
# Timestep: 0.000250533s
# UpdateQuantities: 0.0040567s
# UpdateSmoothingLength: 0.00236214s
### Check ### Global Tree Nodes: 4096, Particles: 800475, Halos: 186091
### Check ### Computational domain: -0.5 0.5 -0.5 0.5 -0.5 0.5
### Check ### Total Neighbors: 744714912, Avg neighbor count per particle: 93
### Check ### Total time: 0.000787642, current time-step: 6.97371e-05
### Check ### Total energy: 1, (internal: 0.997411, kinetic: 0.00258913, gravitational: 0)
### Check ### Focus Tree Nodes: 42883, maxDepth 6
=== Total time for iteration(45) 2.36196s

# domain::sync: 0.686351s
# FindNeighbors: 0.569101s
# Density: 0.167757s
# EquationOfState: 0.00115017s
# mpi::synchronizeHalos: 0.121127s
# IAD: 0.233227s
# mpi::synchronizeHalos: 0.108327s
# MomentumEnergyIAD: 0.744593s
# Timestep: 0.189105s
# UpdateQuantities: 0.00412571s
# UpdateSmoothingLength: 0.00230491s
### Check ### Global Tree Nodes: 4096, Particles: 800475, Halos: 186091
### Check ### Computational domain: -0.5 0.5 -0.5 0.5 -0.5 0.5
### Check ### Total Neighbors: 982552968, Avg neighbor count per particle: 122
### Check ### Total time: 0.000858048, current time-step: 7.04061e-05
### Check ### Total energy: 1, (internal: 0.996933, kinetic: 0.00306632, gravitational: 0)
### Check ### Focus Tree Nodes: 42883, maxDepth 6
=== Total time for iteration(46) 2.82717s

# domain::sync: 0.557396s
# FindNeighbors: 0.525252s
# Density: 0.127018s
# EquationOfState: 0.00116008s
# mpi::synchronizeHalos: 0.104636s
# IAD: 0.175643s
# mpi::synchronizeHalos: 0.276966s
# MomentumEnergyIAD: 0.467749s
# Timestep: 0.000277339s
# UpdateQuantities: 0.00406947s
# UpdateSmoothingLength: 0.00230725s
### Check ### Global Tree Nodes: 4096, Particles: 800475, Halos: 186091
### Check ### Computational domain: -0.5 0.5 -0.5 0.5 -0.5 0.5
### Check ### Total Neighbors: 744182376, Avg neighbor count per particle: 93
### Check ### Total time: 0.000929138, current time-step: 7.10899e-05
### Check ### Total energy: 1, (internal: 0.996412, kinetic: 0.00358752, gravitational: 0)
### Check ### Focus Tree Nodes: 42883, maxDepth 6
=== Total time for iteration(47) 2.24248s

# domain::sync: 0.483318s
# FindNeighbors: 0.526719s
# Density: 0.128092s
# EquationOfState: 0.0011701s
# mpi::synchronizeHalos: 0.103135s
# IAD: 0.175457s
# mpi::synchronizeHalos: 0.353683s
# MomentumEnergyIAD: 0.455204s
# Timestep: 0.00981418s
# UpdateQuantities: 0.00411497s
# UpdateSmoothingLength: 0.00233264s
### Check ### Global Tree Nodes: 4096, Particles: 800475, Halos: 186091
### Check ### Computational domain: -0.5 0.5 -0.5 0.5 -0.5 0.5
### Check ### Total Neighbors: 745554912, Avg neighbor count per particle: 93
### Check ### Total time: 0.00099895, current time-step: 6.98115e-05
### Check ### Total energy: 0.999999, (internal: 0.995862, kinetic: 0.00413724, gravitational: 0)
### Check ### Focus Tree Nodes: 42883, maxDepth 6
=== Total time for iteration(48) 2.24304s

# domain::sync: 0.646867s
# FindNeighbors: 0.527853s
# Density: 0.129963s
# EquationOfState: 0.00114547s
# mpi::synchronizeHalos: 0.20415s
# IAD: 0.175242s
# mpi::synchronizeHalos: 0.284983s
# MomentumEnergyIAD: 0.458875s
# Timestep: 0.017937s
# UpdateQuantities: 0.00414226s
# UpdateSmoothingLength: 0.00230308s
### Check ### Global Tree Nodes: 4096, Particles: 800475, Halos: 186091
### Check ### Computational domain: -0.5 0.5 -0.5 0.5 -0.5 0.5
### Check ### Total Neighbors: 747982656, Avg neighbor count per particle: 93
### Check ### Total time: 0.00106945, current time-step: 7.05013e-05
### Check ### Total energy: 0.999999, (internal: 0.995269, kinetic: 0.00473008, gravitational: 0)
### Check ### Focus Tree Nodes: 42883, maxDepth 6
=== Total time for iteration(49) 2.45347s

# domain::sync: 0.394816s
# FindNeighbors: 0.568839s
# Density: 0.167987s
# EquationOfState: 0.00116299s
# mpi::synchronizeHalos: 0.151284s
# IAD: 0.232863s
# mpi::synchronizeHalos: 0.164514s
# MomentumEnergyIAD: 0.732584s
# Timestep: 0.121672s
# UpdateQuantities: 0.00412163s
# UpdateSmoothingLength: 0.00230412s
### Check ### Global Tree Nodes: 4096, Particles: 800475, Halos: 186091
### Check ### Computational domain: -0.5 0.5 -0.5 0.5 -0.5 0.5
### Check ### Total Neighbors: 973415982, Avg neighbor count per particle: 121
### Check ### Total time: 0.00114066, current time-step: 7.1208e-05
### Check ### Total energy: 0.999999, (internal: 0.994633, kinetic: 0.00536665, gravitational: 0)
### Check ### Focus Tree Nodes: 42883, maxDepth 6
=== Total time for iteration(50) 2.54215s

# domain::sync: 0.379397s
# FindNeighbors: 0.526508s
# Density: 0.131994s
# EquationOfState: 0.00114873s
# mpi::synchronizeHalos: 0.296718s
# IAD: 0.176958s
# mpi::synchronizeHalos: 0.0902009s
# MomentumEnergyIAD: 0.467914s
# Timestep: 0.0464759s
# UpdateQuantities: 0.00412672s
# UpdateSmoothingLength: 0.00230508s
### Check ### Global Tree Nodes: 4096, Particles: 800475, Halos: 186091
### Check ### Computational domain: -0.5 0.5 -0.5 0.5 -0.5 0.5
### Check ### Total Neighbors: 750291798, Avg neighbor count per particle: 93
### Check ### Total time: 0.00121243, current time-step: 7.17753e-05
### Check ### Total energy: 0.999999, (internal: 0.993953, kinetic: 0.00604619, gravitational: 0)
### Check ### Focus Tree Nodes: 42883, maxDepth 6
=== Total time for iteration(51) 2.12375s

# domain::sync: 0.547952s
# FindNeighbors: 0.526276s
# Density: 0.129153s
# EquationOfState: 0.00116778s
# mpi::synchronizeHalos: 0.263123s
# IAD: 0.175057s
# mpi::synchronizeHalos: 0.259946s
# MomentumEnergyIAD: 0.457555s
# Timestep: 0.0373996s
# UpdateQuantities: 0.00415422s
# UpdateSmoothingLength: 0.00230798s
### Check ### Global Tree Nodes: 4096, Particles: 800475, Halos: 186091
### Check ### Computational domain: -0.5 0.5 -0.5 0.5 -0.5 0.5
### Check ### Total Neighbors: 746811594, Avg neighbor count per particle: 93
### Check ### Total time: 0.00128444, current time-step: 7.20051e-05
### Check ### Total energy: 0.999999, (internal: 0.993234, kinetic: 0.00676543, gravitational: 0)
### Check ### Focus Tree Nodes: 42883, maxDepth 6
=== Total time for iteration(52) 2.40409s

# domain::sync: 0.324899s
# FindNeighbors: 0.565778s
# Density: 0.166961s
# EquationOfState: 0.00115784s
# mpi::synchronizeHalos: 0.284622s
# IAD: 0.2386s
# mpi::synchronizeHalos: 0.26289s
# MomentumEnergyIAD: 1.55536s
# Timestep: 0.000275919s
# UpdateQuantities: 0.00407101s
# UpdateSmoothingLength: 0.00230332s
### Check ### Global Tree Nodes: 4096, Particles: 800475, Halos: 186091
### Check ### Computational domain: -0.5 0.5 -0.5 0.5 -0.5 0.5
### Check ### Total Neighbors: 968568894, Avg neighbor count per particle: 121
### Check ### Total time: 0.00135546, current time-step: 7.10226e-05
### Check ### Total energy: 0.999999, (internal: 0.992488, kinetic: 0.00751103, gravitational: 0)
### Check ### Focus Tree Nodes: 42883, maxDepth 6
=== Total time for iteration(53) 3.40693s

# domain::sync: 0.558799s
# FindNeighbors: 0.523362s
# Density: 0.131724s
# EquationOfState: 0.00118055s
# mpi::synchronizeHalos: 0.202992s
# IAD: 0.176423s
# mpi::synchronizeHalos: 0.157636s
# MomentumEnergyIAD: 0.472486s
# Timestep: 0.00177544s
# UpdateQuantities: 0.00406578s
# UpdateSmoothingLength: 0.0023461s
### Check ### Global Tree Nodes: 4096, Particles: 800475, Halos: 186091
### Check ### Computational domain: -0.5 0.5 -0.5 0.5 -0.5 0.5
### Check ### Total Neighbors: 750126291, Avg neighbor count per particle: 93
### Check ### Total time: 0.00142701, current time-step: 7.1548e-05
### Check ### Total energy: 0.999999, (internal: 0.991701, kinetic: 0.00829792, gravitational: 0)
### Check ### Focus Tree Nodes: 42883, maxDepth 6
=== Total time for iteration(54) 2.23279s

# domain::sync: 0.425769s
# FindNeighbors: 0.524871s
# Density: 0.131789s
# EquationOfState: 0.00116213s
# mpi::synchronizeHalos: 0.149472s
# IAD: 0.17623s
# mpi::synchronizeHalos: 0.30529s
# MomentumEnergyIAD: 0.475648s
# Timestep: 0.0927736s
# UpdateQuantities: 0.0041254s
# UpdateSmoothingLength: 0.00230602s
### Check ### Global Tree Nodes: 4096, Particles: 800475, Halos: 186091
### Check ### Computational domain: -0.5 0.5 -0.5 0.5 -0.5 0.5
### Check ### Total Neighbors: 749991042, Avg neighbor count per particle: 93
### Check ### Total time: 0.00149864, current time-step: 7.16328e-05
### Check ### Total energy: 0.999998, (internal: 0.990877, kinetic: 0.00912096, gravitational: 0)
### Check ### Focus Tree Nodes: 42883, maxDepth 6
=== Total time for iteration(55) 2.28944s

# domain::sync: 0.346839s
# FindNeighbors: 0.52716s
# Density: 0.129072s
# EquationOfState: 0.00117431s
# mpi::synchronizeHalos: 0.27397s
# IAD: 0.174944s
# mpi::synchronizeHalos: 0.320374s
# MomentumEnergyIAD: 0.462443s
# Timestep: 0.0427045s
# UpdateQuantities: 0.00414083s
# UpdateSmoothingLength: 0.00230629s
### Check ### Global Tree Nodes: 4096, Particles: 800475, Halos: 186091
### Check ### Computational domain: -0.5 0.5 -0.5 0.5 -0.5 0.5
### Check ### Total Neighbors: 747069678, Avg neighbor count per particle: 93
### Check ### Total time: 0.00157134, current time-step: 7.2699e-05
### Check ### Total energy: 0.999998, (internal: 0.990007, kinetic: 0.00999159, gravitational: 0)
### Check ### Focus Tree Nodes: 42883, maxDepth 6
=== Total time for iteration(56) 2.28513s

# domain::sync: 0.322168s
# FindNeighbors: 0.56617s
# Density: 0.167601s
# EquationOfState: 0.0012129s
# mpi::synchronizeHalos: 0.148297s
# IAD: 0.236416s
# mpi::synchronizeHalos: 0.152221s
# MomentumEnergyIAD: 1.0528s
# Timestep: 0.0103559s
# UpdateQuantities: 0.00408959s
# UpdateSmoothingLength: 0.00230761s
### Check ### Global Tree Nodes: 4096, Particles: 800475, Halos: 186091
### Check ### Computational domain: -0.5 0.5 -0.5 0.5 -0.5 0.5
### Check ### Total Neighbors: 969288891, Avg neighbor count per particle: 121
### Check ### Total time: 0.00164482, current time-step: 7.34799e-05
### Check ### Total energy: 0.999998, (internal: 0.989091, kinetic: 0.0109069, gravitational: 0)
### Check ### Focus Tree Nodes: 42883, maxDepth 6
=== Total time for iteration(57) 2.66365s

# domain::sync: 0.646186s
# FindNeighbors: 0.523498s
# Density: 0.131253s
# EquationOfState: 0.00117093s
# mpi::synchronizeHalos: 0.132143s
# IAD: 0.175712s
# mpi::synchronizeHalos: 0.090115s
# MomentumEnergyIAD: 0.468288s
# Timestep: 0.124057s
# UpdateQuantities: 0.00415252s
# UpdateSmoothingLength: 0.00230576s
### Check ### Global Tree Nodes: 4096, Particles: 800475, Halos: 186091
### Check ### Computational domain: -0.5 0.5 -0.5 0.5 -0.5 0.5
### Check ### Total Neighbors: 749417409, Avg neighbor count per particle: 93
### Check ### Total time: 0.00171825, current time-step: 7.34291e-05
### Check ### Total energy: 0.999998, (internal: 0.988142, kinetic: 0.0118563, gravitational: 0)
### Check ### Focus Tree Nodes: 42883, maxDepth 6
=== Total time for iteration(58) 2.29889s

# domain::sync: 0.445364s
# FindNeighbors: 0.524963s
# Density: 0.131761s
# EquationOfState: 0.00111113s
# mpi::synchronizeHalos: 0.254904s
# IAD: 0.17609s
# mpi::synchronizeHalos: 0.114431s
# MomentumEnergyIAD: 0.468s
# Timestep: 0.0449251s
# UpdateQuantities: 0.00414341s
# UpdateSmoothingLength: 0.00230492s
### Check ### Global Tree Nodes: 4096, Particles: 800475, Halos: 186091
### Check ### Computational domain: -0.5 0.5 -0.5 0.5 -0.5 0.5
### Check ### Total Neighbors: 749924877, Avg neighbor count per particle: 93
### Check ### Total time: 0.00179191, current time-step: 7.36559e-05
### Check ### Total energy: 0.999998, (internal: 0.987155, kinetic: 0.0128426, gravitational: 0)
### Check ### Focus Tree Nodes: 42883, maxDepth 6
=== Total time for iteration(59) 2.168s

# domain::sync: 0.527839s
# FindNeighbors: 0.52734s
# Density: 0.129543s
# EquationOfState: 0.00115573s
# mpi::synchronizeHalos: 0.188858s
# IAD: 0.174627s
# mpi::synchronizeHalos: 0.166134s
# MomentumEnergyIAD: 0.460568s
# Timestep: 0.0283714s
# UpdateQuantities: 0.00412629s
# UpdateSmoothingLength: 0.00234545s
### Check ### Global Tree Nodes: 4096, Particles: 800475, Halos: 186091
### Check ### Computational domain: -0.5 0.5 -0.5 0.5 -0.5 0.5
### Check ### Total Neighbors: 747278175, Avg neighbor count per particle: 93
### Check ### Total time: 0.00186569, current time-step: 7.37876e-05
### Check ### Total energy: 0.999997, (internal: 0.986133, kinetic: 0.013864, gravitational: 0)
### Check ### Focus Tree Nodes: 42883, maxDepth 6
=== Total time for iteration(60) 2.21091s

# domain::sync: 0.491183s
# FindNeighbors: 0.567389s
# Density: 0.167696s
# EquationOfState: 0.00112724s
# mpi::synchronizeHalos: 0.237661s
# IAD: 0.234616s
# mpi::synchronizeHalos: 0.311314s
# MomentumEnergyIAD: 0.789474s
# Timestep: 0.000272341s
# UpdateQuantities: 0.00406626s
# UpdateSmoothingLength: 0.00230608s
### Check ### Global Tree Nodes: 4096, Particles: 800475, Halos: 186091
### Check ### Computational domain: -0.5 0.5 -0.5 0.5 -0.5 0.5
### Check ### Total Neighbors: 969709162, Avg neighbor count per particle: 121
### Check ### Total time: 0.0019398, current time-step: 7.4105e-05
### Check ### Total energy: 0.999997, (internal: 0.985075, kinetic: 0.0149225, gravitational: 0)
### Check ### Focus Tree Nodes: 42883, maxDepth 6
=== Total time for iteration(61) 2.80711s

# domain::sync: 0.70498s
# FindNeighbors: 0.523773s
# Density: 0.130906s
# EquationOfState: 0.00115092s
# mpi::synchronizeHalos: 0.0748715s
# IAD: 0.17534s
# mpi::synchronizeHalos: 0.240178s
# MomentumEnergyIAD: 0.465531s
# Timestep: 0.0269106s
# UpdateQuantities: 0.00413865s
# UpdateSmoothingLength: 0.00234328s
### Check ### Global Tree Nodes: 4096, Particles: 800475, Halos: 186091
### Check ### Computational domain: -0.5 0.5 -0.5 0.5 -0.5 0.5
### Check ### Total Neighbors: 748931382, Avg neighbor count per particle: 93
### Check ### Total time: 0.00201419, current time-step: 7.43868e-05
### Check ### Total energy: 0.999997, (internal: 0.98398, kinetic: 0.0160171, gravitational: 0)
### Check ### Focus Tree Nodes: 42883, maxDepth 6
=== Total time for iteration(62) 2.35013s

# domain::sync: 0.530795s
# FindNeighbors: 0.526002s
# Density: 0.131664s
# EquationOfState: 0.00115171s
# mpi::synchronizeHalos: 0.249593s
# IAD: 0.176392s
# mpi::synchronizeHalos: 0.167354s
# MomentumEnergyIAD: 0.468676s
# Timestep: 0.000233132s
# UpdateQuantities: 0.00407125s
# UpdateSmoothingLength: 0.00230373s
### Check ### Global Tree Nodes: 4096, Particles: 800475, Halos: 186091
### Check ### Computational domain: -0.5 0.5 -0.5 0.5 -0.5 0.5
### Check ### Total Neighbors: 749862698, Avg neighbor count per particle: 93
### Check ### Total time: 0.00208986, current time-step: 7.56767e-05
### Check ### Total energy: 0.999997, (internal: 0.982834, kinetic: 0.0171628, gravitational: 0)
### Check ### Focus Tree Nodes: 42883, maxDepth 6
=== Total time for iteration(63) 2.25824s

# domain::sync: 0.513136s
# FindNeighbors: 0.527494s
# Density: 0.129507s
# EquationOfState: 0.0011435s
# mpi::synchronizeHalos: 0.0686604s
# IAD: 0.17437s
# mpi::synchronizeHalos: 0.326162s
# MomentumEnergyIAD: 0.465796s
# Timestep: 0.0184421s
# UpdateQuantities: 0.00413335s
# UpdateSmoothingLength: 0.00230852s
### Check ### Global Tree Nodes: 4096, Particles: 800475, Halos: 188467
### Check ### Computational domain: -0.5 0.5 -0.5 0.5 -0.5 0.5
### Check ### Total Neighbors: 747441417, Avg neighbor count per particle: 93
### Check ### Total time: 0.00216665, current time-step: 7.67902e-05
### Check ### Total energy: 0.999996, (internal: 0.981639, kinetic: 0.0183574, gravitational: 0)
### Check ### Focus Tree Nodes: 42883, maxDepth 6
=== Total time for iteration(64) 2.23116s

# domain::sync: 0.65998s
# FindNeighbors: 0.568421s
# Density: 0.167601s
# EquationOfState: 0.00116248s
# mpi::synchronizeHalos: 0.27303s
# IAD: 0.233572s
# mpi::synchronizeHalos: 0.299909s
# MomentumEnergyIAD: 0.766557s
# Timestep: 0.0233321s
# UpdateQuantities: 0.00415035s
# UpdateSmoothingLength: 0.00230452s
### Check ### Global Tree Nodes: 4096, Particles: 800475, Halos: 188548
### Check ### Computational domain: -0.5 0.5 -0.5 0.5 -0.5 0.5
### Check ### Total Neighbors: 969932112, Avg neighbor count per particle: 121
### Check ### Total time: 0.00224284, current time-step: 7.61894e-05
### Check ### Total energy: 0.999996, (internal: 0.980423, kinetic: 0.0195734, gravitational: 0)
### Check ### Focus Tree Nodes: 42883, maxDepth 6
=== Total time for iteration(65) 3.00002s

# domain::sync: 0.388341s
# FindNeighbors: 0.52382s
# Density: 0.130708s
# EquationOfState: 0.00109107s
# mpi::synchronizeHalos: 0.11286s
# IAD: 0.175501s
# mpi::synchronizeHalos: 0.335375s
# MomentumEnergyIAD: 0.466057s
# Timestep: 0.000254431s
# UpdateQuantities: 0.00411262s
# UpdateSmoothingLength: 0.00230855s
### Check ### Global Tree Nodes: 4096, Particles: 800475, Halos: 188548
### Check ### Computational domain: -0.5 0.5 -0.5 0.5 -0.5 0.5
### Check ### Total Neighbors: 749037285, Avg neighbor count per particle: 93
### Check ### Total time: 0.00231915, current time-step: 7.63101e-05
### Check ### Total energy: 0.999996, (internal: 0.979174, kinetic: 0.0208214, gravitational: 0)
### Check ### Focus Tree Nodes: 42883, maxDepth 6
=== Total time for iteration(66) 2.14043s

# domain::sync: 0.529795s
# FindNeighbors: 0.526288s
# Density: 0.131272s
# EquationOfState: 0.00115277s
# mpi::synchronizeHalos: 0.303887s
# IAD: 0.175704s
# mpi::synchronizeHalos: 0.162907s
# MomentumEnergyIAD: 0.466718s
# Timestep: 0.0420561s
# UpdateQuantities: 0.00416821s
# UpdateSmoothingLength: 0.00230499s
### Check ### Global Tree Nodes: 4096, Particles: 800475, Halos: 189277
### Check ### Computational domain: -0.5 0.5 -0.5 0.5 -0.5 0.5
### Check ### Total Neighbors: 749396196, Avg neighbor count per particle: 93
### Check ### Total time: 0.00239643, current time-step: 7.72798e-05
### Check ### Total energy: 0.999995, (internal: 0.977881, kinetic: 0.0221148, gravitational: 0)
### Check ### Focus Tree Nodes: 42883, maxDepth 6
=== Total time for iteration(67) 2.34626s

# domain::sync: 0.625933s
# FindNeighbors: 0.527569s
# Density: 0.129698s
# EquationOfState: 0.00115703s
# mpi::synchronizeHalos: 0.183625s
# IAD: 0.174186s
# mpi::synchronizeHalos: 0.295219s
# MomentumEnergyIAD: 0.460094s
# Timestep: 0.00026357s
# UpdateQuantities: 0.0040874s
# UpdateSmoothingLength: 0.00234177s
### Check ### Global Tree Nodes: 4096, Particles: 800475, Halos: 189439
### Check ### Computational domain: -0.5 0.5 -0.5 0.5 -0.5 0.5
### Check ### Total Neighbors: 747519549, Avg neighbor count per particle: 93
### Check ### Total time: 0.00247487, current time-step: 7.84359e-05
### Check ### Total energy: 0.999995, (internal: 0.976538, kinetic: 0.023457, gravitational: 0)
### Check ### Focus Tree Nodes: 42883, maxDepth 6
=== Total time for iteration(68) 2.40418s

# domain::sync: 0.476547s
# FindNeighbors: 0.569225s
# Density: 0.167922s
# EquationOfState: 0.00126604s
# mpi::synchronizeHalos: 0.276621s
# IAD: 0.232861s
# mpi::synchronizeHalos: 0.256997s
# MomentumEnergyIAD: 0.739774s
# Timestep: 0.000216555s
# UpdateQuantities: 0.00407322s
# UpdateSmoothingLength: 0.00230425s
### Check ### Global Tree Nodes: 4096, Particles: 800475, Halos: 189439
### Check ### Computational domain: -0.5 0.5 -0.5 0.5 -0.5 0.5
### Check ### Total Neighbors: 970208717, Avg neighbor count per particle: 121
### Check ### Total time: 0.00255427, current time-step: 7.94041e-05
### Check ### Total energy: 0.999995, (internal: 0.97515, kinetic: 0.0248447, gravitational: 0)
### Check ### Focus Tree Nodes: 42883, maxDepth 6
=== Total time for iteration(69) 2.72781s

# domain::sync: 0.565273s
# FindNeighbors: 0.523862s
# Density: 0.130784s
# EquationOfState: 0.00114466s
# mpi::synchronizeHalos: 0.328094s
# IAD: 0.175278s
# mpi::synchronizeHalos: 0.208883s
# MomentumEnergyIAD: 0.474423s
# Timestep: 0.0981932s
# UpdateQuantities: 0.00413969s
# UpdateSmoothingLength: 0.00230695s
### Check ### Global Tree Nodes: 4096, Particles: 800475, Halos: 189439
### Check ### Computational domain: -0.5 0.5 -0.5 0.5 -0.5 0.5
### Check ### Total Neighbors: 748821592, Avg neighbor count per particle: 93
### Check ### Total time: 0.00263474, current time-step: 8.04712e-05
### Check ### Total energy: 0.999995, (internal: 0.973715, kinetic: 0.0262798, gravitational: 0)
### Check ### Focus Tree Nodes: 42883, maxDepth 6
=== Total time for iteration(70) 2.51239s

# domain::sync: 0.353613s
# FindNeighbors: 0.526151s
# Density: 0.131173s
# EquationOfState: 0.00115222s
# mpi::synchronizeHalos: 0.293533s
# IAD: 0.175677s
# mpi::synchronizeHalos: 0.156307s
# MomentumEnergyIAD: 0.470154s
# Timestep: 0.00891067s
# UpdateQuantities: 0.00409861s
# UpdateSmoothingLength: 0.00230566s
### Check ### Global Tree Nodes: 4096, Particles: 800475, Halos: 190249
### Check ### Computational domain: -0.5 0.5 -0.5 0.5 -0.5 0.5
### Check ### Total Neighbors: 749088392, Avg neighbor count per particle: 93
### Check ### Total time: 0.00271572, current time-step: 8.0975e-05
### Check ### Total energy: 0.999995, (internal: 0.972243, kinetic: 0.0277518, gravitational: 0)
### Check ### Focus Tree Nodes: 42883, maxDepth 6
=== Total time for iteration(71) 2.12308s

# domain::sync: 0.468194s
# FindNeighbors: 0.527696s
# Density: 0.130084s
# EquationOfState: 0.00116205s
# mpi::synchronizeHalos: 0.14935s
# IAD: 0.174411s
# mpi::synchronizeHalos: 0.271932s
# MomentumEnergyIAD: 0.462644s
# Timestep: 0.0364212s
# UpdateQuantities: 0.00416044s
# UpdateSmoothingLength: 0.00230911s
### Check ### Global Tree Nodes: 4096, Particles: 800475, Halos: 190411
### Check ### Computational domain: -0.5 0.5 -0.5 0.5 -0.5 0.5
### Check ### Total Neighbors: 747955877, Avg neighbor count per particle: 93
### Check ### Total time: 0.00279745, current time-step: 8.17364e-05
### Check ### Total energy: 0.999994, (internal: 0.970729, kinetic: 0.029265, gravitational: 0)
### Check ### Focus Tree Nodes: 42883, maxDepth 6
=== Total time for iteration(72) 2.22837s

# domain::sync: 0.49545s
# FindNeighbors: 0.568517s
# Density: 0.166888s
# EquationOfState: 0.00108329s
# mpi::synchronizeHalos: 0.254007s
# IAD: 0.232436s
# mpi::synchronizeHalos: 0.249154s
# MomentumEnergyIAD: 0.724217s
# Timestep: 0.0124333s
# UpdateQuantities: 0.00413362s
# UpdateSmoothingLength: 0.00230679s
### Check ### Global Tree Nodes: 4096, Particles: 800475, Halos: 190411
### Check ### Computational domain: -0.5 0.5 -0.5 0.5 -0.5 0.5
### Check ### Total Neighbors: 970319250, Avg neighbor count per particle: 121
### Check ### Total time: 0.00287868, current time-step: 8.12242e-05
### Check ### Total energy: 0.999994, (internal: 0.969199, kinetic: 0.0307945, gravitational: 0)
### Check ### Focus Tree Nodes: 42883, maxDepth 6
=== Total time for iteration(73) 2.71063s

# domain::sync: 0.556039s
# FindNeighbors: 0.524302s
# Density: 0.130509s
# EquationOfState: 0.00115935s
# mpi::synchronizeHalos: 0.186467s
# IAD: 0.175225s
# mpi::synchronizeHalos: 0.291796s
# MomentumEnergyIAD: 0.470496s
# Timestep: 0.0137826s
# UpdateQuantities: 0.00412844s
# UpdateSmoothingLength: 0.00230857s
### Check ### Global Tree Nodes: 4096, Particles: 800475, Halos: 190411
### Check ### Computational domain: -0.5 0.5 -0.5 0.5 -0.5 0.5
### Check ### Total Neighbors: 748833479, Avg neighbor count per particle: 93
### Check ### Total time: 0.00296092, current time-step: 8.22455e-05
### Check ### Total energy: 0.999994, (internal: 0.967625, kinetic: 0.0323688, gravitational: 0)
### Check ### Focus Tree Nodes: 42883, maxDepth 6
=== Total time for iteration(74) 2.35622s

# domain::sync: 0.494619s
# FindNeighbors: 0.526979s
# Density: 0.130895s
# EquationOfState: 0.00116881s
# mpi::synchronizeHalos: 0.133903s
# IAD: 0.175352s
# mpi::synchronizeHalos: 0.294564s
# MomentumEnergyIAD: 0.465735s
# Timestep: 0.000247878s
# UpdateQuantities: 0.00407608s
# UpdateSmoothingLength: 0.00232451s
### Check ### Global Tree Nodes: 4096, Particles: 800475, Halos: 190411
### Check ### Computational domain: -0.5 0.5 -0.5 0.5 -0.5 0.5
### Check ### Total Neighbors: 748802298, Avg neighbor count per particle: 93
### Check ### Total time: 0.00304412, current time-step: 8.31943e-05
### Check ### Total energy: 0.999993, (internal: 0.966007, kinetic: 0.033986, gravitational: 0)
### Check ### Focus Tree Nodes: 42883, maxDepth 6
=== Total time for iteration(75) 2.22987s

# domain::sync: 0.550203s
# FindNeighbors: 0.564796s
# Density: 0.167806s
# EquationOfState: 0.00116163s
# mpi::synchronizeHalos: 0.276331s
# IAD: 0.232716s
# mpi::synchronizeHalos: 0.252241s
# MomentumEnergyIAD: 1.93673s
# Timestep: 0.215709s
# UpdateQuantities: 0.00413731s
# UpdateSmoothingLength: 0.00230627s
### Check ### Global Tree Nodes: 4096, Particles: 800475, Halos: 190573
### Check ### Computational domain: -0.5 0.5 -0.5 0.5 -0.5 0.5
### Check ### Total Neighbors: 966841284, Avg neighbor count per particle: 120
### Check ### Total time: 0.00312829, current time-step: 8.41663e-05
### Check ### Total energy: 0.999993, (internal: 0.964347, kinetic: 0.0356462, gravitational: 0)
### Check ### Focus Tree Nodes: 42883, maxDepth 6
=== Total time for iteration(76) 4.20414s

# domain::sync: 0.503815s
# FindNeighbors: 0.523319s
# Density: 0.132103s
# EquationOfState: 0.00118802s
# mpi::synchronizeHalos: 0.134302s
# IAD: 0.176756s
# mpi::synchronizeHalos: 0.080768s
# MomentumEnergyIAD: 0.469779s
# Timestep: 0.204526s
# UpdateQuantities: 0.00416156s
# UpdateSmoothingLength: 0.0023072s
### Check ### Global Tree Nodes: 4096, Particles: 800475, Halos: 190573
### Check ### Computational domain: -0.5 0.5 -0.5 0.5 -0.5 0.5
### Check ### Total Neighbors: 750375012, Avg neighbor count per particle: 93
### Check ### Total time: 0.00321298, current time-step: 8.4698e-05
### Check ### Total energy: 0.999993, (internal: 0.962653, kinetic: 0.03734, gravitational: 0)
### Check ### Focus Tree Nodes: 42883, maxDepth 6
=== Total time for iteration(77) 2.23303s

# domain::sync: 0.545689s
# FindNeighbors: 0.524056s
# Density: 0.130982s
# EquationOfState: 0.00116843s
# mpi::synchronizeHalos: 0.234659s
# IAD: 0.175243s
# mpi::synchronizeHalos: 0.279038s
# MomentumEnergyIAD: 0.465435s
# Timestep: 0.00744768s
# UpdateQuantities: 0.00408697s
# UpdateSmoothingLength: 0.00233637s
### Check ### Global Tree Nodes: 4096, Particles: 800475, Halos: 190573
### Check ### Computational domain: -0.5 0.5 -0.5 0.5 -0.5 0.5
### Check ### Total Neighbors: 748730745, Avg neighbor count per particle: 93
### Check ### Total time: 0.00329887, current time-step: 8.58858e-05
### Check ### Total energy: 0.999993, (internal: 0.960912, kinetic: 0.0390804, gravitational: 0)
### Check ### Focus Tree Nodes: 42883, maxDepth 6
=== Total time for iteration(78) 2.37015s

# domain::sync: 0.51482s
# FindNeighbors: 0.526641s
# Density: 0.13182s
# EquationOfState: 0.00116498s
# mpi::synchronizeHalos: 0.1317s
# IAD: 0.176958s
# mpi::synchronizeHalos: 0.430653s
# MomentumEnergyIAD: 0.475185s
# Timestep: 0.0313599s
# UpdateQuantities: 0.00413674s
# UpdateSmoothingLength: 0.0023048s
### Check ### Global Tree Nodes: 4096, Particles: 800475, Halos: 191464
### Check ### Computational domain: -0.5 0.5 -0.5 0.5 -0.5 0.5
### Check ### Total Neighbors: 750131046, Avg neighbor count per particle: 93
### Check ### Total time: 0.00338542, current time-step: 8.65534e-05
### Check ### Total energy: 0.999992, (internal: 0.959136, kinetic: 0.040856, gravitational: 0)
### Check ### Focus Tree Nodes: 42883, maxDepth 6
=== Total time for iteration(79) 2.42675s

# domain::sync: 0.461219s
# FindNeighbors: 0.565969s
# Density: 0.166739s
# EquationOfState: 0.00117915s
# mpi::synchronizeHalos: 0.312689s
# IAD: 0.237503s
# mpi::synchronizeHalos: 0.135851s
# MomentumEnergyIAD: 1.37134s
# Timestep: 0.00101782s
# UpdateQuantities: 0.00405319s
# UpdateSmoothingLength: 0.00230584s
### Check ### Global Tree Nodes: 4096, Particles: 800475, Halos: 191464
### Check ### Computational domain: -0.5 0.5 -0.5 0.5 -0.5 0.5
### Check ### Total Neighbors: 966490365, Avg neighbor count per particle: 120
### Check ### Total time: 0.00347286, current time-step: 8.74383e-05
### Check ### Total energy: 0.999992, (internal: 0.957321, kinetic: 0.0426708, gravitational: 0)
### Check ### Focus Tree Nodes: 42883, maxDepth 6
=== Total time for iteration(80) 3.25987s

# domain::sync: 0.499349s
# FindNeighbors: 0.52267s
# Density: 0.132531s
# EquationOfState: 0.00112433s
# mpi::synchronizeHalos: 0.084183s
# IAD: 0.177484s
# mpi::synchronizeHalos: 0.137081s
# MomentumEnergyIAD: 0.477447s
# Timestep: 0.155218s
# UpdateQuantities: 0.00413374s
# UpdateSmoothingLength: 0.00230636s
### Check ### Global Tree Nodes: 4096, Particles: 800475, Halos: 191464
### Check ### Computational domain: -0.5 0.5 -0.5 0.5 -0.5 0.5
### Check ### Total Neighbors: 750888933, Avg neighbor count per particle: 93
### Check ### Total time: 0.00356085, current time-step: 8.79892e-05
### Check ### Total energy: 0.999992, (internal: 0.955475, kinetic: 0.0445169, gravitational: 0)
### Check ### Focus Tree Nodes: 42883, maxDepth 6
=== Total time for iteration(81) 2.19353s

# domain::sync: 0.635751s
# FindNeighbors: 0.524369s
# Density: 0.130705s
# EquationOfState: 0.00112792s
# mpi::synchronizeHalos: 0.405985s
# IAD: 0.175377s
# mpi::synchronizeHalos: 0.0754525s
# MomentumEnergyIAD: 0.468816s
# Timestep: 0.000258647s
# UpdateQuantities: 0.0040908s
# UpdateSmoothingLength: 0.00230316s
### Check ### Global Tree Nodes: 4096, Particles: 800475, Halos: 191626
### Check ### Computational domain: -0.5 0.5 -0.5 0.5 -0.5 0.5
### Check ### Total Neighbors: 748721988, Avg neighbor count per particle: 93
### Check ### Total time: 0.00364969, current time-step: 8.88443e-05
### Check ### Total energy: 0.999991, (internal: 0.953591, kinetic: 0.0464001, gravitational: 0)
### Check ### Focus Tree Nodes: 42883, maxDepth 6
=== Total time for iteration(82) 2.42424s

# domain::sync: 0.487718s
# FindNeighbors: 0.527211s
# Density: 0.132118s
# EquationOfState: 0.00115658s
# mpi::synchronizeHalos: 0.358406s
# IAD: 0.177287s
# mpi::synchronizeHalos: 0.38328s
# MomentumEnergyIAD: 0.470982s
# Timestep: 0.00060713s
# UpdateQuantities: 0.0040729s
# UpdateSmoothingLength: 0.0023062s
### Check ### Global Tree Nodes: 4096, Particles: 800475, Halos: 191707
### Check ### Computational domain: -0.5 0.5 -0.5 0.5 -0.5 0.5
### Check ### Total Neighbors: 750624666, Avg neighbor count per particle: 93
### Check ### Total time: 0.00373851, current time-step: 8.88188e-05
### Check ### Total energy: 0.999991, (internal: 0.95169, kinetic: 0.0483006, gravitational: 0)
### Check ### Focus Tree Nodes: 42883, maxDepth 6
=== Total time for iteration(83) 2.54515s

# domain::sync: 0.371382s
# FindNeighbors: 0.567885s
# Density: 0.16779s
# EquationOfState: 0.0011085s
# mpi::synchronizeHalos: 0.36528s
# IAD: 0.234708s
# mpi::synchronizeHalos: 0.266341s
# MomentumEnergyIAD: 0.839556s
# Timestep: 0.000270354s
# UpdateQuantities: 0.00407432s
# UpdateSmoothingLength: 0.00230492s
### Check ### Global Tree Nodes: 4096, Particles: 800475, Halos: 191707
### Check ### Computational domain: -0.5 0.5 -0.5 0.5 -0.5 0.5
### Check ### Total Neighbors: 965534210, Avg neighbor count per particle: 120
### Check ### Total time: 0.00382818, current time-step: 8.96666e-05
### Check ### Total energy: 0.999991, (internal: 0.949754, kinetic: 0.0502363, gravitational: 0)
### Check ### Focus Tree Nodes: 42883, maxDepth 6
=== Total time for iteration(84) 2.8207s

# domain::sync: 0.665723s
# FindNeighbors: 0.52438s
# Density: 0.132429s
# EquationOfState: 0.00108009s
# mpi::synchronizeHalos: 0.272641s
# IAD: 0.177321s
# mpi::synchronizeHalos: 0.0843271s
# MomentumEnergyIAD: 0.473214s
# Timestep: 0.0941282s
# UpdateQuantities: 0.00413717s
# UpdateSmoothingLength: 0.00230444s
### Check ### Global Tree Nodes: 4096, Particles: 800475, Halos: 191707
### Check ### Computational domain: -0.5 0.5 -0.5 0.5 -0.5 0.5
### Check ### Total Neighbors: 750721824, Avg neighbor count per particle: 93
### Check ### Total time: 0.00391874, current time-step: 9.05561e-05
### Check ### Total energy: 0.999991, (internal: 0.947783, kinetic: 0.0522074, gravitational: 0)
### Check ### Focus Tree Nodes: 42883, maxDepth 6
=== Total time for iteration(85) 2.43169s

# domain::sync: 0.515379s
# FindNeighbors: 0.525371s
# Density: 0.131563s
# EquationOfState: 0.00114407s
# mpi::synchronizeHalos: 0.108012s
# IAD: 0.176198s
# mpi::synchronizeHalos: 0.284705s
# MomentumEnergyIAD: 0.468839s
# Timestep: 0.000253186s
# UpdateQuantities: 0.00407808s
# UpdateSmoothingLength: 0.00230398s
### Check ### Global Tree Nodes: 4096, Particles: 800475, Halos: 192436
### Check ### Computational domain: -0.5 0.5 -0.5 0.5 -0.5 0.5
### Check ### Total Neighbors: 749687972, Avg neighbor count per particle: 93
### Check ### Total time: 0.00400994, current time-step: 9.12056e-05
### Check ### Total energy: 0.99999, (internal: 0.945783, kinetic: 0.0542077, gravitational: 0)
### Check ### Focus Tree Nodes: 42883, maxDepth 6
=== Total time for iteration(86) 2.21785s

# domain::sync: 0.567553s
# FindNeighbors: 0.528776s
# Density: 0.132346s
# EquationOfState: 0.00115194s
# mpi::synchronizeHalos: 0.268045s
# IAD: 0.177528s
# mpi::synchronizeHalos: 0.286426s
# MomentumEnergyIAD: 0.47128s
# Timestep: 0.00550202s
# UpdateQuantities: 0.00409066s
# UpdateSmoothingLength: 0.00235303s
### Check ### Global Tree Nodes: 4096, Particles: 800475, Halos: 192490
### Check ### Computational domain: -0.5 0.5 -0.5 0.5 -0.5 0.5
### Check ### Total Neighbors: 750539200, Avg neighbor count per particle: 93
### Check ### Total time: 0.00410234, current time-step: 9.23958e-05
### Check ### Total energy: 0.99999, (internal: 0.943742, kinetic: 0.0562485, gravitational: 0)
### Check ### Focus Tree Nodes: 42883, maxDepth 6
=== Total time for iteration(87) 2.44506s

# domain::sync: 0.704765s
# FindNeighbors: 0.567381s
# Density: 0.166902s
# EquationOfState: 0.0011096s
# mpi::synchronizeHalos: 0.237479s
# IAD: 0.233488s
# mpi::synchronizeHalos: 0.146338s
# MomentumEnergyIAD: 0.760396s
# Timestep: 0.0020331s
# UpdateQuantities: 0.00409345s
# UpdateSmoothingLength: 0.00230406s
### Check ### Global Tree Nodes: 4096, Particles: 800475, Halos: 192478
### Check ### Computational domain: -0.5 0.5 -0.5 0.5 -0.5 0.5
### Check ### Total Neighbors: 965008417, Avg neighbor count per particle: 120
### Check ### Total time: 0.00419392, current time-step: 9.15842e-05
### Check ### Total energy: 0.999989, (internal: 0.941706, kinetic: 0.0582837, gravitational: 0)
### Check ### Focus Tree Nodes: 42883, maxDepth 6
=== Total time for iteration(88) 2.82629s

# domain::sync: 0.36712s
# FindNeighbors: 0.524123s
# Density: 0.132291s
# EquationOfState: 0.00115103s
# mpi::synchronizeHalos: 0.256706s
# IAD: 0.177589s
# mpi::synchronizeHalos: 0.098893s
# MomentumEnergyIAD: 0.477185s
# Timestep: 0.166194s
# UpdateQuantities: 0.00413668s
# UpdateSmoothingLength: 0.00230674s
### Check ### Global Tree Nodes: 4096, Particles: 800475, Halos: 192334
### Check ### Computational domain: -0.5 0.5 -0.5 0.5 -0.5 0.5
### Check ### Total Neighbors: 750762524, Avg neighbor count per particle: 93
### Check ### Total time: 0.00428763, current time-step: 9.37047e-05
### Check ### Total energy: 0.99999, (internal: 0.939611, kinetic: 0.060379, gravitational: 0)
### Check ### Focus Tree Nodes: 42883, maxDepth 6
=== Total time for iteration(89) 2.2077s

# domain::sync: 0.468203s
# FindNeighbors: 0.524965s
# Density: 0.131234s
# EquationOfState: 0.00116154s
# mpi::synchronizeHalos: 0.122587s
# IAD: 0.175927s
# mpi::synchronizeHalos: 0.289549s
# MomentumEnergyIAD: 0.475438s
# Timestep: 0.000234535s
# UpdateQuantities: 0.00406021s
# UpdateSmoothingLength: 0.00230371s
### Check ### Global Tree Nodes: 4096, Particles: 800475, Halos: 192255
### Check ### Computational domain: -0.5 0.5 -0.5 0.5 -0.5 0.5
### Check ### Total Neighbors: 749341101, Avg neighbor count per particle: 93
### Check ### Total time: 0.00438277, current time-step: 9.51467e-05
### Check ### Total energy: 0.99999, (internal: 0.937472, kinetic: 0.0625178, gravitational: 0)
### Check ### Focus Tree Nodes: 42883, maxDepth 6
=== Total time for iteration(90) 2.19567s

# domain::sync: 0.383402s
# FindNeighbors: 0.528417s
# Density: 0.132318s
# EquationOfState: 0.00115066s
# mpi::synchronizeHalos: 0.121926s
# IAD: 0.178189s
# mpi::synchronizeHalos: 0.338646s
# MomentumEnergyIAD: 0.481536s
# Timestep: 0.00026404s
# UpdateQuantities: 0.00407685s
# UpdateSmoothingLength: 0.00230277s
### Check ### Global Tree Nodes: 4096, Particles: 800475, Halos: 192174
### Check ### Computational domain: -0.5 0.5 -0.5 0.5 -0.5 0.5
### Check ### Total Neighbors: 750961207, Avg neighbor count per particle: 93
### Check ### Total time: 0.00447897, current time-step: 9.61964e-05
### Check ### Total energy: 0.999989, (internal: 0.935299, kinetic: 0.0646905, gravitational: 0)
### Check ### Focus Tree Nodes: 42883, maxDepth 6
=== Total time for iteration(91) 2.17223s

# domain::sync: 0.495692s
# FindNeighbors: 0.568258s
# Density: 0.166809s
# EquationOfState: 0.00109582s
# mpi::synchronizeHalos: 0.29876s
# IAD: 0.232141s
# mpi::synchronizeHalos: 0.274902s
# MomentumEnergyIAD: 0.733337s
# Timestep: 0.000262791s
# UpdateQuantities: 0.00408665s
# UpdateSmoothingLength: 0.0023061s
### Check ### Global Tree Nodes: 4096, Particles: 800475, Halos: 192099
### Check ### Computational domain: -0.5 0.5 -0.5 0.5 -0.5 0.5
### Check ### Total Neighbors: 964685117, Avg neighbor count per particle: 120
### Check ### Total time: 0.00457622, current time-step: 9.72516e-05
### Check ### Total energy: 0.999989, (internal: 0.933093, kinetic: 0.0668964, gravitational: 0)
### Check ### Focus Tree Nodes: 42883, maxDepth 6
=== Total time for iteration(92) 2.77765s

# domain::sync: 0.648024s
# FindNeighbors: 0.523847s
# Density: 0.132547s
# EquationOfState: 0.00109117s
# mpi::synchronizeHalos: 0.138884s
# IAD: 0.177519s
# mpi::synchronizeHalos: 0.328546s
# MomentumEnergyIAD: 0.472163s
# Timestep: 0.000247226s
# UpdateQuantities: 0.00408082s
# UpdateSmoothingLength: 0.00230427s
### Check ### Global Tree Nodes: 4096, Particles: 800475, Halos: 192177
### Check ### Computational domain: -0.5 0.5 -0.5 0.5 -0.5 0.5
### Check ### Total Neighbors: 750875537, Avg neighbor count per particle: 93
### Check ### Total time: 0.00467388, current time-step: 9.76567e-05
### Check ### Total energy: 0.999989, (internal: 0.930869, kinetic: 0.0691196, gravitational: 0)
### Check ### Focus Tree Nodes: 42883, maxDepth 6
=== Total time for iteration(93) 2.42926s

# domain::sync: 0.321874s
# FindNeighbors: 0.526401s
# Density: 0.131361s
# EquationOfState: 0.00109753s
# mpi::synchronizeHalos: 0.258452s
# IAD: 0.176146s
# mpi::synchronizeHalos: 0.299235s
# MomentumEnergyIAD: 0.468832s
# Timestep: 0.000248923s
# UpdateQuantities: 0.00407244s
# UpdateSmoothingLength: 0.00230469s
### Check ### Global Tree Nodes: 4096, Particles: 800475, Halos: 192174
### Check ### Computational domain: -0.5 0.5 -0.5 0.5 -0.5 0.5
### Check ### Total Neighbors: 749424326, Avg neighbor count per particle: 93
### Check ### Total time: 0.00477283, current time-step: 9.89505e-05
### Check ### Total energy: 0.999989, (internal: 0.928609, kinetic: 0.07138, gravitational: 0)
### Check ### Focus Tree Nodes: 42883, maxDepth 6
=== Total time for iteration(94) 2.19003s

# domain::sync: 0.37094s
# FindNeighbors: 0.527548s
# Density: 0.132511s
# EquationOfState: 0.00110352s
# mpi::synchronizeHalos: 0.341897s
# IAD: 0.177698s
# mpi::synchronizeHalos: 0.11302s
# MomentumEnergyIAD: 0.473551s
# Timestep: 0.0839918s
# UpdateQuantities: 0.00412872s
# UpdateSmoothingLength: 0.00230579s
### Check ### Global Tree Nodes: 4096, Particles: 800475, Halos: 192075
### Check ### Computational domain: -0.5 0.5 -0.5 0.5 -0.5 0.5
### Check ### Total Neighbors: 750903714, Avg neighbor count per particle: 93
### Check ### Total time: 0.00487298, current time-step: 0.00010015
### Check ### Total energy: 0.999989, (internal: 0.926315, kinetic: 0.073674, gravitational: 0)
### Check ### Focus Tree Nodes: 42883, maxDepth 6
=== Total time for iteration(95) 2.2287s

# domain::sync: 0.550911s
# FindNeighbors: 0.568378s
# Density: 0.168011s
# EquationOfState: 0.00117312s
# mpi::synchronizeHalos: 0.281537s
# IAD: 0.231509s
# mpi::synchronizeHalos: 0.130547s
# MomentumEnergyIAD: 0.739035s
# Timestep: 0.11946s
# UpdateQuantities: 0.00413565s
# UpdateSmoothingLength: 0.00230798s
### Check ### Global Tree Nodes: 4096, Particles: 800475, Halos: 191913
### Check ### Computational domain: -0.5 0.5 -0.5 0.5 -0.5 0.5
### Check ### Total Neighbors: 964141727, Avg neighbor count per particle: 120
### Check ### Total time: 0.00497435, current time-step: 0.000101376
### Check ### Total energy: 0.999989, (internal: 0.923987, kinetic: 0.0760015, gravitational: 0)
### Check ### Focus Tree Nodes: 42883, maxDepth 6
=== Total time for iteration(96) 2.79701s

# domain::sync: 0.451618s
# FindNeighbors: 0.524168s
# Density: 0.132886s
# EquationOfState: 0.00114861s
# mpi::synchronizeHalos: 0.311998s
# IAD: 0.178188s
# mpi::synchronizeHalos: 0.107492s
# MomentumEnergyIAD: 0.475519s
# Timestep: 0.131761s
# UpdateQuantities: 0.0041303s
# UpdateSmoothingLength: 0.00238043s
### Check ### Global Tree Nodes: 4096, Particles: 800475, Halos: 191955
### Check ### Computational domain: -0.5 0.5 -0.5 0.5 -0.5 0.5
### Check ### Total Neighbors: 751549621, Avg neighbor count per particle: 93
### Check ### Total time: 0.0050767, current time-step: 0.000102347
### Check ### Total energy: 0.999989, (internal: 0.921633, kinetic: 0.0783554, gravitational: 0)
### Check ### Focus Tree Nodes: 42883, maxDepth 6
=== Total time for iteration(97) 2.32129s

# domain::sync: 0.5183s
# FindNeighbors: 0.526883s
# Density: 0.131402s
# EquationOfState: 0.00115072s
# mpi::synchronizeHalos: 0.284393s
# IAD: 0.176255s
# mpi::synchronizeHalos: 0.127216s
# MomentumEnergyIAD: 0.469122s
# Timestep: 0.21701s
# UpdateQuantities: 0.00415097s
# UpdateSmoothingLength: 0.00230605s
### Check ### Global Tree Nodes: 4096, Particles: 800475, Halos: 191856
### Check ### Computational domain: -0.5 0.5 -0.5 0.5 -0.5 0.5
### Check ### Total Neighbors: 749425619, Avg neighbor count per particle: 93
### Check ### Total time: 0.00518008, current time-step: 0.000103382
### Check ### Total energy: 0.999989, (internal: 0.919252, kinetic: 0.0807363, gravitational: 0)
### Check ### Focus Tree Nodes: 42883, maxDepth 6
=== Total time for iteration(98) 2.45819s

# domain::sync: 0.317424s
# FindNeighbors: 0.527783s
# Density: 0.132399s
# EquationOfState: 0.00115203s
# mpi::synchronizeHalos: 0.156995s
# IAD: 0.177735s
# mpi::synchronizeHalos: 0.485281s
# MomentumEnergyIAD: 0.477348s
# Timestep: 0.000259507s
# UpdateQuantities: 0.00406996s
# UpdateSmoothingLength: 0.00230695s
### Check ### Global Tree Nodes: 4096, Particles: 800475, Halos: 191784
### Check ### Computational domain: -0.5 0.5 -0.5 0.5 -0.5 0.5
### Check ### Total Neighbors: 750937472, Avg neighbor count per particle: 93
### Check ### Total time: 0.00528435, current time-step: 0.000104265
### Check ### Total energy: 0.999988, (internal: 0.916849, kinetic: 0.0831397, gravitational: 0)
### Check ### Focus Tree Nodes: 42883, maxDepth 6
=== Total time for iteration(99) 2.28276s

# domain::sync: 0.499003s
# FindNeighbors: 0.568236s
# Density: 0.1669s
# EquationOfState: 0.00112573s
# mpi::synchronizeHalos: 0.138069s
# IAD: 0.231745s
# mpi::synchronizeHalos: 0.234022s
# MomentumEnergyIAD: 0.713447s
# Timestep: 0.0445829s
# UpdateQuantities: 0.00415078s
# UpdateSmoothingLength: 0.00230733s
### Check ### Global Tree Nodes: 4096, Particles: 800475, Halos: 192837
### Check ### Computational domain: -0.5 0.5 -0.5 0.5 -0.5 0.5
### Check ### Total Neighbors: 964110375, Avg neighbor count per particle: 120
### Check ### Total time: 0.00538953, current time-step: 0.000105185
### Check ### Total energy: 0.999988, (internal: 0.914423, kinetic: 0.0855653, gravitational: 0)
### Check ### Focus Tree Nodes: 42883, maxDepth 6
=== Total time for iteration(100) 2.60359s

# Total execution time of 100 iterations of sedov up to t = 0.005390: 251.968s
real 374.60
user 657.57
sys 60.03
