22.40

Params:Program: ../sph-exa-build/main/src/sphexa/sphexa
Particles: 50
Timestep: 100
Numthreads: 32
# SPHEXA: HEAD/22053277
# 1 MPI-3.1 process(es) with 32 OpenMP-201511 thread(s)/process
Data generated for 125000 global particles
Domain synchronized, nLocalParticles 125000
# domain::sync: 0.00949992s
# FindNeighbors: 0.0450911s
# Density: 0.00598888s
# EquationOfState: 0.000141675s
# mpi::synchronizeHalos: 7.279e-06s
# IAD: 0.00891038s
# mpi::synchronizeHalos: 2.2176e-05s
# MomentumEnergyIAD: 0.0239531s
# Timestep: 2.7185e-05s
# UpdateQuantities: 0.000351333s
# UpdateSmoothingLength: 0.000121291s
### Check ### Global Tree Nodes: 512, Particles: 125000, Halos: 0
### Check ### Computational domain: -0.5 0.5 -0.5 0.5 -0.5 0.5
### Check ### Total Neighbors: 11625000, Avg neighbor count per particle: 93
### Check ### Total time: 1.1e-06, current time-step: 1.1e-06
### Check ### Total energy: 1, (internal: 1, kinetic: 1.01185e-08, gravitational: 0)
### Check ### Focus Tree Nodes: 4096, maxDepth 4
=== Total time for iteration(1) 0.0941181s

# domain::sync: 0.0118898s
# FindNeighbors: 0.0264064s
# Density: 0.00596023s
# EquationOfState: 0.000131779s
# mpi::synchronizeHalos: 7.349e-06s
# IAD: 0.00889393s
# mpi::synchronizeHalos: 2.0958e-05s
# MomentumEnergyIAD: 0.0274737s
# Timestep: 2.5849e-05s
# UpdateQuantities: 0.000358145s
# UpdateSmoothingLength: 0.000113808s
### Check ### Global Tree Nodes: 512, Particles: 125000, Halos: 0
### Check ### Computational domain: -0.5 0.5 -0.5 0.5 -0.5 0.5
### Check ### Total Neighbors: 11625000, Avg neighbor count per particle: 93
### Check ### Total time: 2.31e-06, current time-step: 1.21e-06
### Check ### Total energy: 1, (internal: 1, kinetic: 3.11951e-08, gravitational: 0)
### Check ### Focus Tree Nodes: 4096, maxDepth 4
=== Total time for iteration(2) 0.0812855s

# domain::sync: 0.0129748s
# FindNeighbors: 0.0267513s
# Density: 0.00592538s
# EquationOfState: 0.000131035s
# mpi::synchronizeHalos: 8.353e-06s
# IAD: 0.00888746s
# mpi::synchronizeHalos: 1.9909e-05s
# MomentumEnergyIAD: 0.0272001s
# Timestep: 2.5175e-05s
# UpdateQuantities: 0.000347016s
# UpdateSmoothingLength: 0.000124298s
### Check ### Global Tree Nodes: 512, Particles: 125000, Halos: 0
### Check ### Computational domain: -0.5 0.5 -0.5 0.5 -0.5 0.5
### Check ### Total Neighbors: 11625000, Avg neighbor count per particle: 93
### Check ### Total time: 3.641e-06, current time-step: 1.331e-06
### Check ### Total energy: 1, (internal: 1, kinetic: 6.7716e-08, gravitational: 0)
### Check ### Focus Tree Nodes: 4096, maxDepth 4
=== Total time for iteration(3) 0.0823989s

# domain::sync: 0.0132994s
# FindNeighbors: 0.0268829s
# Density: 0.00593321s
# EquationOfState: 0.000133441s
# mpi::synchronizeHalos: 7.927e-06s
# IAD: 0.00888822s
# mpi::synchronizeHalos: 2.0654e-05s
# MomentumEnergyIAD: 0.0269273s
# Timestep: 2.5841e-05s
# UpdateQuantities: 0.000345754s
# UpdateSmoothingLength: 0.000113477s
### Check ### Global Tree Nodes: 512, Particles: 125000, Halos: 0
### Check ### Computational domain: -0.5 0.5 -0.5 0.5 -0.5 0.5
### Check ### Total Neighbors: 11625000, Avg neighbor count per particle: 93
### Check ### Total time: 5.1051e-06, current time-step: 1.4641e-06
### Check ### Total energy: 1, (internal: 1, kinetic: 1.24009e-07, gravitational: 0)
### Check ### Focus Tree Nodes: 4096, maxDepth 4
=== Total time for iteration(4) 0.0825823s

# domain::sync: 0.0133592s
# FindNeighbors: 0.027014s
# Density: 0.00593371s
# EquationOfState: 0.000126436s
# mpi::synchronizeHalos: 5.819e-06s
# IAD: 0.00886286s
# mpi::synchronizeHalos: 2.8162e-05s
# MomentumEnergyIAD: 0.0264879s
# Timestep: 3.1294e-05s
# UpdateQuantities: 0.000357523s
# UpdateSmoothingLength: 0.000114389s
### Check ### Global Tree Nodes: 512, Particles: 125000, Halos: 0
### Check ### Computational domain: -0.5 0.5 -0.5 0.5 -0.5 0.5
### Check ### Total Neighbors: 11625000, Avg neighbor count per particle: 93
### Check ### Total time: 6.71561e-06, current time-step: 1.61051e-06
### Check ### Total energy: 1, (internal: 1, kinetic: 2.05413e-07, gravitational: 0)
### Check ### Focus Tree Nodes: 4096, maxDepth 4
=== Total time for iteration(5) 0.0823239s

# domain::sync: 0.0121983s
# FindNeighbors: 0.0263699s
# Density: 0.0059691s
# EquationOfState: 0.000134193s
# mpi::synchronizeHalos: 5.499e-06s
# IAD: 0.00894047s
# mpi::synchronizeHalos: 2.9306e-05s
# MomentumEnergyIAD: 0.0266932s
# Timestep: 3.171e-05s
# UpdateQuantities: 0.000362803s
# UpdateSmoothingLength: 0.000114472s
### Check ### Global Tree Nodes: 512, Particles: 125000, Halos: 0
### Check ### Computational domain: -0.5 0.5 -0.5 0.5 -0.5 0.5
### Check ### Total Neighbors: 11625000, Avg neighbor count per particle: 93
### Check ### Total time: 8.48717e-06, current time-step: 1.77156e-06
### Check ### Total energy: 1, (internal: 1, kinetic: 3.18505e-07, gravitational: 0)
### Check ### Focus Tree Nodes: 4096, maxDepth 4
=== Total time for iteration(6) 0.0808517s

# domain::sync: 0.0124033s
# FindNeighbors: 0.0276343s
# Density: 0.00781821s
# EquationOfState: 0.000136604s
# mpi::synchronizeHalos: 5.649e-06s
# IAD: 0.0117984s
# mpi::synchronizeHalos: 2.9184e-05s
# MomentumEnergyIAD: 0.0484702s
# Timestep: 3.2327e-05s
# UpdateQuantities: 0.000359327s
# UpdateSmoothingLength: 0.000112156s
### Check ### Global Tree Nodes: 512, Particles: 125000, Halos: 0
### Check ### Computational domain: -0.5 0.5 -0.5 0.5 -0.5 0.5
### Check ### Total Neighbors: 15375000, Avg neighbor count per particle: 123
### Check ### Total time: 1.04359e-05, current time-step: 1.94872e-06
### Check ### Total energy: 1, (internal: 1, kinetic: 4.71365e-07, gravitational: 0)
### Check ### Focus Tree Nodes: 4096, maxDepth 4
=== Total time for iteration(7) 0.108802s

# domain::sync: 0.0118437s
# FindNeighbors: 0.0259979s
# Density: 0.00592294s
# EquationOfState: 0.00013698s
# mpi::synchronizeHalos: 5.018e-06s
# IAD: 0.00887838s
# mpi::synchronizeHalos: 2.7359e-05s
# MomentumEnergyIAD: 0.0260678s
# Timestep: 3.1808e-05s
# UpdateQuantities: 0.000343033s
# UpdateSmoothingLength: 0.000111925s
### Check ### Global Tree Nodes: 512, Particles: 125000, Halos: 0
### Check ### Computational domain: -0.5 0.5 -0.5 0.5 -0.5 0.5
### Check ### Total Neighbors: 11625000, Avg neighbor count per particle: 93
### Check ### Total time: 1.25795e-05, current time-step: 2.14359e-06
### Check ### Total energy: 1, (internal: 0.999999, kinetic: 6.74421e-07, gravitational: 0)
### Check ### Focus Tree Nodes: 4096, maxDepth 4
=== Total time for iteration(8) 0.0793692s

# domain::sync: 0.0129827s
# FindNeighbors: 0.026116s
# Density: 0.00593277s
# EquationOfState: 0.000136747s
# mpi::synchronizeHalos: 5.136e-06s
# IAD: 0.00892351s
# mpi::synchronizeHalos: 2.9034e-05s
# MomentumEnergyIAD: 0.0259972s
# Timestep: 3.1457e-05s
# UpdateQuantities: 0.000347714s
# UpdateSmoothingLength: 0.000112386s
### Check ### Global Tree Nodes: 512, Particles: 125000, Halos: 0
### Check ### Computational domain: -0.5 0.5 -0.5 0.5 -0.5 0.5
### Check ### Total Neighbors: 11625000, Avg neighbor count per particle: 93
### Check ### Total time: 1.49374e-05, current time-step: 2.35795e-06
### Check ### Total energy: 1, (internal: 0.999999, kinetic: 9.39356e-07, gravitational: 0)
### Check ### Focus Tree Nodes: 4096, maxDepth 4
=== Total time for iteration(9) 0.0806171s

# domain::sync: 0.0115625s
# FindNeighbors: 0.0262859s
# Density: 0.00593018s
# EquationOfState: 0.000143954s
# mpi::synchronizeHalos: 5.629e-06s
# IAD: 0.00896134s
# mpi::synchronizeHalos: 2.9766e-05s
# MomentumEnergyIAD: 0.026266s
# Timestep: 3.2248e-05s
# UpdateQuantities: 0.000352076s
# UpdateSmoothingLength: 0.000111844s
### Check ### Global Tree Nodes: 512, Particles: 125000, Halos: 0
### Check ### Computational domain: -0.5 0.5 -0.5 0.5 -0.5 0.5
### Check ### Total Neighbors: 11625000, Avg neighbor count per particle: 93
### Check ### Total time: 1.75312e-05, current time-step: 2.59374e-06
### Check ### Total energy: 1, (internal: 0.999999, kinetic: 1.28121e-06, gravitational: 0)
### Check ### Focus Tree Nodes: 4096, maxDepth 4
=== Total time for iteration(10) 0.0796838s

# domain::sync: 0.0105451s
# FindNeighbors: 0.0276381s
# Density: 0.00781469s
# EquationOfState: 0.00013464s
# mpi::synchronizeHalos: 1.4115e-05s
# IAD: 0.011744s
# mpi::synchronizeHalos: 2.9311e-05s
# MomentumEnergyIAD: 0.0428494s
# Timestep: 3.0326e-05s
# UpdateQuantities: 0.000370193s
# UpdateSmoothingLength: 0.000113804s
### Check ### Global Tree Nodes: 512, Particles: 125000, Halos: 0
### Check ### Computational domain: -0.5 0.5 -0.5 0.5 -0.5 0.5
### Check ### Total Neighbors: 15375000, Avg neighbor count per particle: 123
### Check ### Total time: 2.03843e-05, current time-step: 2.85312e-06
### Check ### Total energy: 1, (internal: 0.999998, kinetic: 1.71818e-06, gravitational: 0)
### Check ### Focus Tree Nodes: 4096, maxDepth 4
=== Total time for iteration(11) 0.101286s

# domain::sync: 0.0123907s
# FindNeighbors: 0.0285314s
# Density: 0.00599364s
# EquationOfState: 0.00135501s
# mpi::synchronizeHalos: 1.1016e-05s
# IAD: 0.00890889s
# mpi::synchronizeHalos: 3.6728e-05s
# MomentumEnergyIAD: 0.0268999s
# Timestep: 3.7256e-05s
# UpdateQuantities: 0.00035755s
# UpdateSmoothingLength: 0.000113437s
### Check ### Global Tree Nodes: 512, Particles: 125000, Halos: 0
### Check ### Computational domain: -0.5 0.5 -0.5 0.5 -0.5 0.5
### Check ### Total Neighbors: 11625000, Avg neighbor count per particle: 93
### Check ### Total time: 2.35227e-05, current time-step: 3.13843e-06
### Check ### Total energy: 1, (internal: 0.999998, kinetic: 2.2739e-06, gravitational: 0)
### Check ### Focus Tree Nodes: 4096, maxDepth 4
=== Total time for iteration(12) 0.084638s

# domain::sync: 0.0134912s
# FindNeighbors: 0.0260965s
# Density: 0.00598576s
# EquationOfState: 0.000137036s
# mpi::synchronizeHalos: 1.379e-05s
# IAD: 0.00891635s
# mpi::synchronizeHalos: 2.8657e-05s
# MomentumEnergyIAD: 0.0267205s
# Timestep: 3.2339e-05s
# UpdateQuantities: 0.000326216s
# UpdateSmoothingLength: 0.000114363s
### Check ### Global Tree Nodes: 512, Particles: 125000, Halos: 0
### Check ### Computational domain: -0.5 0.5 -0.5 0.5 -0.5 0.5
### Check ### Total Neighbors: 11625000, Avg neighbor count per particle: 93
### Check ### Total time: 2.6975e-05, current time-step: 3.45227e-06
### Check ### Total energy: 1, (internal: 0.999997, kinetic: 2.97413e-06, gravitational: 0)
### Check ### Focus Tree Nodes: 4096, maxDepth 4
=== Total time for iteration(13) 0.0818652s

# domain::sync: 0.0104049s
# FindNeighbors: 0.0262439s
# Density: 0.00595897s
# EquationOfState: 0.000134035s
# mpi::synchronizeHalos: 5.35e-06s
# IAD: 0.00892235s
# mpi::synchronizeHalos: 2.7931e-05s
# MomentumEnergyIAD: 0.0261903s
# Timestep: 3.0939e-05s
# UpdateQuantities: 0.000300503s
# UpdateSmoothingLength: 0.000112753s
### Check ### Global Tree Nodes: 512, Particles: 125000, Halos: 0
### Check ### Computational domain: -0.5 0.5 -0.5 0.5 -0.5 0.5
### Check ### Total Neighbors: 11625000, Avg neighbor count per particle: 93
### Check ### Total time: 3.07725e-05, current time-step: 3.7975e-06
### Check ### Total energy: 1, (internal: 0.999996, kinetic: 3.85237e-06, gravitational: 0)
### Check ### Focus Tree Nodes: 4096, maxDepth 4
=== Total time for iteration(14) 0.0783345s

# domain::sync: 0.0129241s
# FindNeighbors: 0.0275775s
# Density: 0.00776338s
# EquationOfState: 0.000135229s
# mpi::synchronizeHalos: 5.783e-06s
# IAD: 0.0116699s
# mpi::synchronizeHalos: 2.905e-05s
# MomentumEnergyIAD: 0.0392729s
# Timestep: 3.1678e-05s
# UpdateQuantities: 0.000326055s
# UpdateSmoothingLength: 0.000114349s
### Check ### Global Tree Nodes: 512, Particles: 125000, Halos: 0
### Check ### Computational domain: -0.5 0.5 -0.5 0.5 -0.5 0.5
### Check ### Total Neighbors: 15375000, Avg neighbor count per particle: 123
### Check ### Total time: 3.49497e-05, current time-step: 4.17725e-06
### Check ### Total energy: 1, (internal: 0.999995, kinetic: 4.94895e-06, gravitational: 0)
### Check ### Focus Tree Nodes: 4096, maxDepth 4
=== Total time for iteration(15) 0.0998524s

# domain::sync: 0.00892372s
# FindNeighbors: 0.0260102s
# Density: 0.00596071s
# EquationOfState: 0.000133875s
# mpi::synchronizeHalos: 5.211e-06s
# IAD: 0.00888813s
# mpi::synchronizeHalos: 2.7354e-05s
# MomentumEnergyIAD: 0.0264761s
# Timestep: 3.1326e-05s
# UpdateQuantities: 0.000338589s
# UpdateSmoothingLength: 0.000113511s
### Check ### Global Tree Nodes: 512, Particles: 125000, Halos: 0
### Check ### Computational domain: -0.5 0.5 -0.5 0.5 -0.5 0.5
### Check ### Total Neighbors: 11625000, Avg neighbor count per particle: 93
### Check ### Total time: 3.95447e-05, current time-step: 4.59497e-06
### Check ### Total energy: 1, (internal: 0.999994, kinetic: 6.31635e-06, gravitational: 0)
### Check ### Focus Tree Nodes: 4096, maxDepth 4
=== Total time for iteration(16) 0.0769112s

# domain::sync: 0.011645s
# FindNeighbors: 0.0275881s
# Density: 0.00661229s
# EquationOfState: 0.000625688s
# mpi::synchronizeHalos: 6.167e-06s
# IAD: 0.010547s
# mpi::synchronizeHalos: 2.6893e-05s
# MomentumEnergyIAD: 0.0270958s
# Timestep: 4.3231e-05s
# UpdateQuantities: 0.00231808s
# UpdateSmoothingLength: 0.000115743s
### Check ### Global Tree Nodes: 512, Particles: 125000, Halos: 0
### Check ### Computational domain: -0.5 0.5 -0.5 0.5 -0.5 0.5
### Check ### Total Neighbors: 11625000, Avg neighbor count per particle: 93
### Check ### Total time: 4.45992e-05, current time-step: 5.05447e-06
### Check ### Total energy: 1, (internal: 0.999992, kinetic: 8.01083e-06, gravitational: 0)
### Check ### Focus Tree Nodes: 4096, maxDepth 4
=== Total time for iteration(17) 0.0866268s

# domain::sync: 0.0120583s
# FindNeighbors: 0.0262578s
# Density: 0.00593747s
# EquationOfState: 0.000132359s
# mpi::synchronizeHalos: 5.836e-06s
# IAD: 0.00891729s
# mpi::synchronizeHalos: 2.8383e-05s
# MomentumEnergyIAD: 0.0259911s
# Timestep: 3.1232e-05s
# UpdateQuantities: 0.000258903s
# UpdateSmoothingLength: 0.000113772s
### Check ### Global Tree Nodes: 512, Particles: 125000, Halos: 0
### Check ### Computational domain: -0.5 0.5 -0.5 0.5 -0.5 0.5
### Check ### Total Neighbors: 11625000, Avg neighbor count per particle: 93
### Check ### Total time: 5.01591e-05, current time-step: 5.55992e-06
### Check ### Total energy: 1, (internal: 0.99999, kinetic: 1.0106e-05, gravitational: 0)
### Check ### Focus Tree Nodes: 4096, maxDepth 4
=== Total time for iteration(18) 0.0797351s

# domain::sync: 0.0120634s
# FindNeighbors: 0.0276379s
# Density: 0.00778391s
# EquationOfState: 0.000133621s
# mpi::synchronizeHalos: 5.028e-06s
# IAD: 0.0117077s
# mpi::synchronizeHalos: 2.9862e-05s
# MomentumEnergyIAD: 0.0375285s
# Timestep: 3.0897e-05s
# UpdateQuantities: 0.000250537s
# UpdateSmoothingLength: 0.000112433s
### Check ### Global Tree Nodes: 512, Particles: 125000, Halos: 0
### Check ### Computational domain: -0.5 0.5 -0.5 0.5 -0.5 0.5
### Check ### Total Neighbors: 15375000, Avg neighbor count per particle: 123
### Check ### Total time: 5.6275e-05, current time-step: 6.11591e-06
### Check ### Total energy: 1, (internal: 0.999987, kinetic: 1.26903e-05, gravitational: 0)
### Check ### Focus Tree Nodes: 4096, maxDepth 4
=== Total time for iteration(19) 0.0972862s

# domain::sync: 0.011391s
# FindNeighbors: 0.0260109s
# Density: 0.00591541s
# EquationOfState: 0.000132345s
# mpi::synchronizeHalos: 5.213e-06s
# IAD: 0.00888484s
# mpi::synchronizeHalos: 2.823e-05s
# MomentumEnergyIAD: 0.0261653s
# Timestep: 3.166e-05s
# UpdateQuantities: 0.000261456s
# UpdateSmoothingLength: 0.000113246s
### Check ### Global Tree Nodes: 512, Particles: 125000, Halos: 0
### Check ### Computational domain: -0.5 0.5 -0.5 0.5 -0.5 0.5
### Check ### Total Neighbors: 11625000, Avg neighbor count per particle: 93
### Check ### Total time: 6.30025e-05, current time-step: 6.7275e-06
### Check ### Total energy: 1, (internal: 0.999984, kinetic: 1.58788e-05, gravitational: 0)
### Check ### Focus Tree Nodes: 4096, maxDepth 4
=== Total time for iteration(20) 0.078942s

# domain::sync: 0.0105961s
# FindNeighbors: 0.0262023s
# Density: 0.00597285s
# EquationOfState: 0.000130086s
# mpi::synchronizeHalos: 5.462e-06s
# IAD: 0.00893737s
# mpi::synchronizeHalos: 2.7779e-05s
# MomentumEnergyIAD: 0.0263429s
# Timestep: 3.0573e-05s
# UpdateQuantities: 0.000257425s
# UpdateSmoothingLength: 0.000111506s
### Check ### Global Tree Nodes: 512, Particles: 125000, Halos: 0
### Check ### Computational domain: -0.5 0.5 -0.5 0.5 -0.5 0.5
### Check ### Total Neighbors: 11625000, Avg neighbor count per particle: 93
### Check ### Total time: 7.04027e-05, current time-step: 7.40025e-06
### Check ### Total energy: 1, (internal: 0.99998, kinetic: 1.97935e-05, gravitational: 0)
### Check ### Focus Tree Nodes: 4096, maxDepth 4
=== Total time for iteration(21) 0.0786168s

# domain::sync: 0.0122581s
# FindNeighbors: 0.0262965s
# Density: 0.00594927s
# EquationOfState: 0.000131193s
# mpi::synchronizeHalos: 5.168e-06s
# IAD: 0.00891551s
# mpi::synchronizeHalos: 2.8006e-05s
# MomentumEnergyIAD: 0.0263508s
# Timestep: 3.1947e-05s
# UpdateQuantities: 0.00026032s
# UpdateSmoothingLength: 0.000113039s
### Check ### Global Tree Nodes: 512, Particles: 125000, Halos: 0
### Check ### Computational domain: -0.5 0.5 -0.5 0.5 -0.5 0.5
### Check ### Total Neighbors: 11625000, Avg neighbor count per particle: 93
### Check ### Total time: 7.8543e-05, current time-step: 8.14027e-06
### Check ### Total energy: 1, (internal: 0.999975, kinetic: 2.45951e-05, gravitational: 0)
### Check ### Focus Tree Nodes: 4096, maxDepth 4
=== Total time for iteration(22) 0.0803426s

# domain::sync: 0.00986394s
# FindNeighbors: 0.0276232s
# Density: 0.00776567s
# EquationOfState: 0.000133854s
# mpi::synchronizeHalos: 5.305e-06s
# IAD: 0.0116953s
# mpi::synchronizeHalos: 2.9101e-05s
# MomentumEnergyIAD: 0.0371078s
# Timestep: 3.2731e-05s
# UpdateQuantities: 0.0002614s
# UpdateSmoothingLength: 0.00011206s
### Check ### Global Tree Nodes: 512, Particles: 125000, Halos: 0
### Check ### Computational domain: -0.5 0.5 -0.5 0.5 -0.5 0.5
### Check ### Total Neighbors: 15375000, Avg neighbor count per particle: 123
### Check ### Total time: 8.74973e-05, current time-step: 8.9543e-06
### Check ### Total energy: 1, (internal: 0.99997, kinetic: 3.04753e-05, gravitational: 0)
### Check ### Focus Tree Nodes: 4096, maxDepth 4
=== Total time for iteration(23) 0.0946327s

# domain::sync: 0.0101956s
# FindNeighbors: 0.0260216s
# Density: 0.00592156s
# EquationOfState: 0.000131469s
# mpi::synchronizeHalos: 5.484e-06s
# IAD: 0.00888567s
# mpi::synchronizeHalos: 2.8468e-05s
# MomentumEnergyIAD: 0.0261619s
# Timestep: 3.0583e-05s
# UpdateQuantities: 0.00024451s
# UpdateSmoothingLength: 0.000112483s
### Check ### Global Tree Nodes: 512, Particles: 125000, Halos: 0
### Check ### Computational domain: -0.5 0.5 -0.5 0.5 -0.5 0.5
### Check ### Total Neighbors: 11625000, Avg neighbor count per particle: 93
### Check ### Total time: 9.73471e-05, current time-step: 9.84973e-06
### Check ### Total energy: 1, (internal: 0.999962, kinetic: 3.76849e-05, gravitational: 0)
### Check ### Focus Tree Nodes: 4096, maxDepth 4
=== Total time for iteration(24) 0.0777418s

# domain::sync: 0.0117791s
# FindNeighbors: 0.0262044s
# Density: 0.00593233s
# EquationOfState: 0.000131822s
# mpi::synchronizeHalos: 5.305e-06s
# IAD: 0.00891056s
# mpi::synchronizeHalos: 2.7972e-05s
# MomentumEnergyIAD: 0.0265422s
# Timestep: 3.0726e-05s
# UpdateQuantities: 0.000252276s
# UpdateSmoothingLength: 0.000111668s
### Check ### Global Tree Nodes: 512, Particles: 125000, Halos: 0
### Check ### Computational domain: -0.5 0.5 -0.5 0.5 -0.5 0.5
### Check ### Total Neighbors: 11625000, Avg neighbor count per particle: 93
### Check ### Total time: 0.000108182, current time-step: 1.08347e-05
### Check ### Total energy: 1, (internal: 0.999954, kinetic: 4.64875e-05, gravitational: 0)
### Check ### Focus Tree Nodes: 4096, maxDepth 4
=== Total time for iteration(25) 0.0799312s

# domain::sync: 0.011479s
# FindNeighbors: 0.0275034s
# Density: 0.00780198s
# EquationOfState: 0.000139174s
# mpi::synchronizeHalos: 5.526e-06s
# IAD: 0.0118624s
# mpi::synchronizeHalos: 2.8621e-05s
# MomentumEnergyIAD: 0.057484s
# Timestep: 3.25e-05s
# UpdateQuantities: 0.000264851s
# UpdateSmoothingLength: 0.000111734s
### Check ### Global Tree Nodes: 512, Particles: 125000, Halos: 0
### Check ### Computational domain: -0.5 0.5 -0.5 0.5 -0.5 0.5
### Check ### Total Neighbors: 15375000, Avg neighbor count per particle: 123
### Check ### Total time: 0.0001201, current time-step: 1.19182e-05
### Check ### Total energy: 1, (internal: 0.999943, kinetic: 5.72306e-05, gravitational: 0)
### Check ### Focus Tree Nodes: 4096, maxDepth 4
=== Total time for iteration(26) 0.116716s

# domain::sync: 0.0123328s
# FindNeighbors: 0.0260012s
# Density: 0.00600846s
# EquationOfState: 0.000132482s
# mpi::synchronizeHalos: 5.299e-06s
# IAD: 0.00890493s
# mpi::synchronizeHalos: 2.8323e-05s
# MomentumEnergyIAD: 0.0259462s
# Timestep: 3.0713e-05s
# UpdateQuantities: 0.000268486s
# UpdateSmoothingLength: 0.000111498s
### Check ### Global Tree Nodes: 512, Particles: 125000, Halos: 0
### Check ### Computational domain: -0.5 0.5 -0.5 0.5 -0.5 0.5
### Check ### Total Neighbors: 11625000, Avg neighbor count per particle: 93
### Check ### Total time: 0.00013321, current time-step: 1.311e-05
### Check ### Total energy: 1, (internal: 0.99993, kinetic: 7.03611e-05, gravitational: 0)
### Check ### Focus Tree Nodes: 4096, maxDepth 4
=== Total time for iteration(27) 0.0797728s

# domain::sync: 0.013537s
# FindNeighbors: 0.0268108s
# Density: 0.00593224s
# EquationOfState: 0.000130033s
# mpi::synchronizeHalos: 5.385e-06s
# IAD: 0.00891327s
# mpi::synchronizeHalos: 2.8564e-05s
# MomentumEnergyIAD: 0.0259562s
# Timestep: 4.2851e-05s
# UpdateQuantities: 0.00025405s
# UpdateSmoothingLength: 0.000112187s
### Check ### Global Tree Nodes: 512, Particles: 125000, Halos: 0
### Check ### Computational domain: -0.5 0.5 -0.5 0.5 -0.5 0.5
### Check ### Total Neighbors: 11625000, Avg neighbor count per particle: 93
### Check ### Total time: 0.000147631, current time-step: 1.4421e-05
### Check ### Total energy: 1, (internal: 0.999914, kinetic: 8.63486e-05, gravitational: 0)
### Check ### Focus Tree Nodes: 4096, maxDepth 4
=== Total time for iteration(28) 0.081725s

# domain::sync: 0.0119683s
# FindNeighbors: 0.0263601s
# Density: 0.00593301s
# EquationOfState: 0.000131032s
# mpi::synchronizeHalos: 5.513e-06s
# IAD: 0.00892409s
# mpi::synchronizeHalos: 2.8441e-05s
# MomentumEnergyIAD: 0.025972s
# Timestep: 3.1315e-05s
# UpdateQuantities: 0.000247965s
# UpdateSmoothingLength: 0.000112481s
### Check ### Global Tree Nodes: 512, Particles: 125000, Halos: 0
### Check ### Computational domain: -0.5 0.5 -0.5 0.5 -0.5 0.5
### Check ### Total Neighbors: 11625000, Avg neighbor count per particle: 93
### Check ### Total time: 0.000163494, current time-step: 1.58631e-05
### Check ### Total energy: 1, (internal: 0.999894, kinetic: 0.000105812, gravitational: 0)
### Check ### Focus Tree Nodes: 4096, maxDepth 4
=== Total time for iteration(29) 0.0797171s

# domain::sync: 0.0101556s
# FindNeighbors: 0.0275524s
# Density: 0.00775965s
# EquationOfState: 0.00013495s
# mpi::synchronizeHalos: 5.533e-06s
# IAD: 0.0117213s
# mpi::synchronizeHalos: 2.8767e-05s
# MomentumEnergyIAD: 0.0470496s
# Timestep: 3.0487e-05s
# UpdateQuantities: 0.000265681s
# UpdateSmoothingLength: 0.00011345s
### Check ### Global Tree Nodes: 512, Particles: 125000, Halos: 0
### Check ### Computational domain: -0.5 0.5 -0.5 0.5 -0.5 0.5
### Check ### Total Neighbors: 15375000, Avg neighbor count per particle: 123
### Check ### Total time: 0.000180943, current time-step: 1.74494e-05
### Check ### Total energy: 1, (internal: 0.999871, kinetic: 0.000129489, gravitational: 0)
### Check ### Focus Tree Nodes: 4096, maxDepth 4
=== Total time for iteration(30) 0.104821s

# domain::sync: 0.0102914s
# FindNeighbors: 0.0261161s
# Density: 0.0059595s
# EquationOfState: 0.000132321s
# mpi::synchronizeHalos: 5.384e-06s
# IAD: 0.00892271s
# mpi::synchronizeHalos: 3.554e-05s
# MomentumEnergyIAD: 0.0262855s
# Timestep: 2.9911e-05s
# UpdateQuantities: 0.00025838s
# UpdateSmoothingLength: 0.00011125s
### Check ### Global Tree Nodes: 512, Particles: 125000, Halos: 0
### Check ### Computational domain: -0.5 0.5 -0.5 0.5 -0.5 0.5
### Check ### Total Neighbors: 11625000, Avg neighbor count per particle: 93
### Check ### Total time: 0.000200138, current time-step: 1.91943e-05
### Check ### Total energy: 1, (internal: 0.999842, kinetic: 0.000158344, gravitational: 0)
### Check ### Focus Tree Nodes: 4096, maxDepth 4
=== Total time for iteration(31) 0.078151s

# domain::sync: 0.00926865s
# FindNeighbors: 0.0265198s
# Density: 0.00595638s
# EquationOfState: 0.000138234s
# mpi::synchronizeHalos: 7.22e-06s
# IAD: 0.00889552s
# mpi::synchronizeHalos: 1.9353e-05s
# MomentumEnergyIAD: 0.026091s
# Timestep: 2.4203e-05s
# UpdateQuantities: 0.000269263s
# UpdateSmoothingLength: 0.000113776s
### Check ### Global Tree Nodes: 512, Particles: 125000, Halos: 0
### Check ### Computational domain: -0.5 0.5 -0.5 0.5 -0.5 0.5
### Check ### Total Neighbors: 11625000, Avg neighbor count per particle: 93
### Check ### Total time: 0.000221252, current time-step: 2.11138e-05
### Check ### Total energy: 1, (internal: 0.999807, kinetic: 0.000193383, gravitational: 0)
### Check ### Focus Tree Nodes: 4096, maxDepth 4
=== Total time for iteration(32) 0.0773064s

# domain::sync: 0.010661s
# FindNeighbors: 0.0263704s
# Density: 0.00591471s
# EquationOfState: 0.000133612s
# mpi::synchronizeHalos: 5.906e-06s
# IAD: 0.0088855s
# mpi::synchronizeHalos: 2.6651e-05s
# MomentumEnergyIAD: 0.0261481s
# Timestep: 2.9028e-05s
# UpdateQuantities: 0.000246425s
# UpdateSmoothingLength: 0.000112359s
### Check ### Global Tree Nodes: 512, Particles: 125000, Halos: 0
### Check ### Computational domain: -0.5 0.5 -0.5 0.5 -0.5 0.5
### Check ### Total Neighbors: 11625000, Avg neighbor count per particle: 93
### Check ### Total time: 0.000244477, current time-step: 2.32252e-05
### Check ### Total energy: 1, (internal: 0.999764, kinetic: 0.000235936, gravitational: 0)
### Check ### Focus Tree Nodes: 4096, maxDepth 4
=== Total time for iteration(33) 0.0785362s

# domain::sync: 0.0132244s
# FindNeighbors: 0.0277658s
# Density: 0.00773232s
# EquationOfState: 0.00013094s
# mpi::synchronizeHalos: 8.412e-06s
# IAD: 0.0116571s
# mpi::synchronizeHalos: 1.8976e-05s
# MomentumEnergyIAD: 0.0410666s
# Timestep: 4.4444e-05s
# UpdateQuantities: 0.000254636s
# UpdateSmoothingLength: 0.000113395s
### Check ### Global Tree Nodes: 512, Particles: 125000, Halos: 0
### Check ### Computational domain: -0.5 0.5 -0.5 0.5 -0.5 0.5
### Check ### Total Neighbors: 15375000, Avg neighbor count per particle: 123
### Check ### Total time: 0.000270024, current time-step: 2.55477e-05
### Check ### Total energy: 1, (internal: 0.999712, kinetic: 0.000287585, gravitational: 0)
### Check ### Focus Tree Nodes: 4096, maxDepth 4
=== Total time for iteration(34) 0.10202s

# domain::sync: 0.0103673s
# FindNeighbors: 0.0261431s
# Density: 0.0058851s
# EquationOfState: 0.000136308s
# mpi::synchronizeHalos: 8.601e-06s
# IAD: 0.00887663s
# mpi::synchronizeHalos: 1.9514e-05s
# MomentumEnergyIAD: 0.0260098s
# Timestep: 2.2012e-05s
# UpdateQuantities: 0.000267451s
# UpdateSmoothingLength: 0.000113252s
### Check ### Global Tree Nodes: 512, Particles: 125000, Halos: 0
### Check ### Computational domain: -0.5 0.5 -0.5 0.5 -0.5 0.5
### Check ### Total Neighbors: 11625000, Avg neighbor count per particle: 93
### Check ### Total time: 0.000298127, current time-step: 2.81024e-05
### Check ### Total energy: 1, (internal: 0.99965, kinetic: 0.000350396, gravitational: 0)
### Check ### Focus Tree Nodes: 4096, maxDepth 4
=== Total time for iteration(35) 0.0778521s

# domain::sync: 0.013375s
# FindNeighbors: 0.0262053s
# Density: 0.00619081s
# EquationOfState: 0.000410611s
# mpi::synchronizeHalos: 7.78e-06s
# IAD: 0.00947283s
# mpi::synchronizeHalos: 3.16e-05s
# MomentumEnergyIAD: 0.0260091s
# Timestep: 3.2895e-05s
# UpdateQuantities: 0.000271226s
# UpdateSmoothingLength: 0.000112408s
### Check ### Global Tree Nodes: 512, Particles: 125000, Halos: 0
### Check ### Computational domain: -0.5 0.5 -0.5 0.5 -0.5 0.5
### Check ### Total Neighbors: 11625000, Avg neighbor count per particle: 93
### Check ### Total time: 0.000329039, current time-step: 3.09127e-05
### Check ### Total energy: 1, (internal: 0.999573, kinetic: 0.000426519, gravitational: 0)
### Check ### Focus Tree Nodes: 4096, maxDepth 4
=== Total time for iteration(36) 0.082122s

# domain::sync: 0.00869589s
# FindNeighbors: 0.0263529s
# Density: 0.00599874s
# EquationOfState: 0.0001346s
# mpi::synchronizeHalos: 5.623e-06s
# IAD: 0.00893331s
# mpi::synchronizeHalos: 3.0792e-05s
# MomentumEnergyIAD: 0.0259342s
# Timestep: 3.3306e-05s
# UpdateQuantities: 0.000254015s
# UpdateSmoothingLength: 0.000113219s
### Check ### Global Tree Nodes: 512, Particles: 125000, Halos: 0
### Check ### Computational domain: -0.5 0.5 -0.5 0.5 -0.5 0.5
### Check ### Total Neighbors: 11625000, Avg neighbor count per particle: 93
### Check ### Total time: 0.000363043, current time-step: 3.40039e-05
### Check ### Total energy: 1, (internal: 0.999481, kinetic: 0.000518792, gravitational: 0)
### Check ### Focus Tree Nodes: 4096, maxDepth 4
=== Total time for iteration(37) 0.0764892s

# domain::sync: 0.0115155s
# FindNeighbors: 0.0276716s
# Density: 0.00776172s
# EquationOfState: 0.000134423s
# mpi::synchronizeHalos: 5.449e-06s
# IAD: 0.0117069s
# mpi::synchronizeHalos: 3.1401e-05s
# MomentumEnergyIAD: 0.0377232s
# Timestep: 4.5784e-05s
# UpdateQuantities: 0.000251169s
# UpdateSmoothingLength: 0.000114655s
### Check ### Global Tree Nodes: 512, Particles: 125000, Halos: 0
### Check ### Computational domain: -0.5 0.5 -0.5 0.5 -0.5 0.5
### Check ### Total Neighbors: 15375000, Avg neighbor count per particle: 123
### Check ### Total time: 0.000400448, current time-step: 3.74043e-05
### Check ### Total energy: 1, (internal: 0.999369, kinetic: 0.000630586, gravitational: 0)
### Check ### Focus Tree Nodes: 4096, maxDepth 4
=== Total time for iteration(38) 0.0969642s

# domain::sync: 0.0112786s
# FindNeighbors: 0.0260344s
# Density: 0.0059362s
# EquationOfState: 0.000133847s
# mpi::synchronizeHalos: 5.965e-06s
# IAD: 0.00889914s
# mpi::synchronizeHalos: 3.0295e-05s
# MomentumEnergyIAD: 0.0261928s
# Timestep: 3.2321e-05s
# UpdateQuantities: 0.000259637s
# UpdateSmoothingLength: 0.000112451s
### Check ### Global Tree Nodes: 512, Particles: 125000, Halos: 0
### Check ### Computational domain: -0.5 0.5 -0.5 0.5 -0.5 0.5
### Check ### Total Neighbors: 11625000, Avg neighbor count per particle: 93
### Check ### Total time: 0.000441593, current time-step: 4.11448e-05
### Check ### Total energy: 1, (internal: 0.999234, kinetic: 0.000766305, gravitational: 0)
### Check ### Focus Tree Nodes: 4096, maxDepth 4
=== Total time for iteration(39) 0.0789181s

# domain::sync: 0.0107413s
# FindNeighbors: 0.0262328s
# Density: 0.00594602s
# EquationOfState: 0.000134379s
# mpi::synchronizeHalos: 5.364e-06s
# IAD: 0.00890695s
# mpi::synchronizeHalos: 3.0807e-05s
# MomentumEnergyIAD: 0.026294s
# Timestep: 3.2665e-05s
# UpdateQuantities: 0.000263192s
# UpdateSmoothingLength: 0.000113175s
### Check ### Global Tree Nodes: 512, Particles: 125000, Halos: 0
### Check ### Computational domain: -0.5 0.5 -0.5 0.5 -0.5 0.5
### Check ### Total Neighbors: 11625000, Avg neighbor count per particle: 93
### Check ### Total time: 0.000486852, current time-step: 4.52593e-05
### Check ### Total energy: 1, (internal: 0.99907, kinetic: 0.000930494, gravitational: 0)
### Check ### Focus Tree Nodes: 4096, maxDepth 4
=== Total time for iteration(40) 0.0787036s

# domain::sync: 0.0103629s
# FindNeighbors: 0.0263859s
# Density: 0.00596549s
# EquationOfState: 0.000134747s
# mpi::synchronizeHalos: 6.035e-06s
# IAD: 0.00893408s
# mpi::synchronizeHalos: 2.9871e-05s
# MomentumEnergyIAD: 0.0259886s
# Timestep: 2.7433e-05s
# UpdateQuantities: 0.000254328s
# UpdateSmoothingLength: 0.000111947s
### Check ### Global Tree Nodes: 512, Particles: 125000, Halos: 0
### Check ### Computational domain: -0.5 0.5 -0.5 0.5 -0.5 0.5
### Check ### Total Neighbors: 11625000, Avg neighbor count per particle: 93
### Check ### Total time: 0.000536637, current time-step: 4.97852e-05
### Check ### Total energy: 1, (internal: 0.998871, kinetic: 0.00112916, gravitational: 0)
### Check ### Focus Tree Nodes: 4096, maxDepth 4
=== Total time for iteration(41) 0.078204s

# domain::sync: 0.0122587s
# FindNeighbors: 0.0277943s
# Density: 0.00780806s
# EquationOfState: 0.000135155s
# mpi::synchronizeHalos: 5.534e-06s
# IAD: 0.0117489s
# mpi::synchronizeHalos: 3.0757e-05s
# MomentumEnergyIAD: 0.0376505s
# Timestep: 3.8653e-05s
# UpdateQuantities: 0.000844451s
# UpdateSmoothingLength: 0.000117702s
### Check ### Global Tree Nodes: 512, Particles: 125000, Halos: 0
### Check ### Computational domain: -0.5 0.5 -0.5 0.5 -0.5 0.5
### Check ### Total Neighbors: 15375000, Avg neighbor count per particle: 123
### Check ### Total time: 0.000591401, current time-step: 5.47637e-05
### Check ### Total energy: 1, (internal: 0.998631, kinetic: 0.00136941, gravitational: 0)
### Check ### Focus Tree Nodes: 4096, maxDepth 4
=== Total time for iteration(42) 0.0984352s

# domain::sync: 0.013002s
# FindNeighbors: 0.0261278s
# Density: 0.00594352s
# EquationOfState: 0.000133767s
# mpi::synchronizeHalos: 5.593e-06s
# IAD: 0.0088783s
# mpi::synchronizeHalos: 2.8635e-05s
# MomentumEnergyIAD: 0.0262701s
# Timestep: 3.298e-05s
# UpdateQuantities: 0.000250122s
# UpdateSmoothingLength: 0.000111954s
### Check ### Global Tree Nodes: 512, Particles: 125000, Halos: 0
### Check ### Computational domain: -0.5 0.5 -0.5 0.5 -0.5 0.5
### Check ### Total Neighbors: 11625000, Avg neighbor count per particle: 93
### Check ### Total time: 0.000651641, current time-step: 6.02401e-05
### Check ### Total energy: 1, (internal: 0.998339, kinetic: 0.0016605, gravitational: 0)
### Check ### Focus Tree Nodes: 4096, maxDepth 4
=== Total time for iteration(43) 0.0807872s

# domain::sync: 0.0109434s
# FindNeighbors: 0.0262619s
# Density: 0.00594145s
# EquationOfState: 0.000134719s
# mpi::synchronizeHalos: 5.195e-06s
# IAD: 0.00892236s
# mpi::synchronizeHalos: 3.0399e-05s
# MomentumEnergyIAD: 0.0257719s
# Timestep: 3.231e-05s
# UpdateQuantities: 0.000243792s
# UpdateSmoothingLength: 0.000111838s
### Check ### Global Tree Nodes: 512, Particles: 125000, Halos: 0
### Check ### Computational domain: -0.5 0.5 -0.5 0.5 -0.5 0.5
### Check ### Total Neighbors: 11625000, Avg neighbor count per particle: 93
### Check ### Total time: 0.000717905, current time-step: 6.62641e-05
### Check ### Total energy: 1, (internal: 0.997988, kinetic: 0.00201192, gravitational: 0)
### Check ### Focus Tree Nodes: 4096, maxDepth 4
=== Total time for iteration(44) 0.0784018s

# domain::sync: 0.01196s
# FindNeighbors: 0.0264274s
# Density: 0.0059237s
# EquationOfState: 0.00013405s
# mpi::synchronizeHalos: 5.311e-06s
# IAD: 0.00890164s
# mpi::synchronizeHalos: 2.9825e-05s
# MomentumEnergyIAD: 0.025584s
# Timestep: 3.2255e-05s
# UpdateQuantities: 0.000255354s
# UpdateSmoothingLength: 0.000119207s
### Check ### Global Tree Nodes: 512, Particles: 125000, Halos: 0
### Check ### Computational domain: -0.5 0.5 -0.5 0.5 -0.5 0.5
### Check ### Total Neighbors: 11633784, Avg neighbor count per particle: 93
### Check ### Total time: 0.000790795, current time-step: 7.28905e-05
### Check ### Total energy: 1, (internal: 0.997564, kinetic: 0.00243614, gravitational: 0)
### Check ### Focus Tree Nodes: 4096, maxDepth 4
=== Total time for iteration(45) 0.0793761s

# domain::sync: 0.0111517s
# FindNeighbors: 0.0281947s
# Density: 0.00778852s
# EquationOfState: 0.000141185s
# mpi::synchronizeHalos: 7.271e-06s
# IAD: 0.0117427s
# mpi::synchronizeHalos: 1.8363e-05s
# MomentumEnergyIAD: 0.0364299s
# Timestep: 2.8925e-05s
# UpdateQuantities: 0.000275294s
# UpdateSmoothingLength: 0.0001127s
### Check ### Global Tree Nodes: 512, Particles: 125000, Halos: 0
### Check ### Computational domain: -0.5 0.5 -0.5 0.5 -0.5 0.5
### Check ### Total Neighbors: 15367176, Avg neighbor count per particle: 122
### Check ### Total time: 0.000870975, current time-step: 8.01795e-05
### Check ### Total energy: 1, (internal: 0.997052, kinetic: 0.00294783, gravitational: 0)
### Check ### Focus Tree Nodes: 4096, maxDepth 4
=== Total time for iteration(46) 0.0958944s

# domain::sync: 0.0122514s
# FindNeighbors: 0.026217s
# Density: 0.00594762s
# EquationOfState: 0.000131477s
# mpi::synchronizeHalos: 7.638e-06s
# IAD: 0.00890034s
# mpi::synchronizeHalos: 1.8525e-05s
# MomentumEnergyIAD: 0.025949s
# Timestep: 2.1771e-05s
# UpdateQuantities: 0.000270487s
# UpdateSmoothingLength: 0.000112028s
### Check ### Global Tree Nodes: 512, Particles: 125000, Halos: 0
### Check ### Computational domain: -0.5 0.5 -0.5 0.5 -0.5 0.5
### Check ### Total Neighbors: 11625000, Avg neighbor count per particle: 93
### Check ### Total time: 0.000959172, current time-step: 8.81975e-05
### Check ### Total energy: 1, (internal: 0.996434, kinetic: 0.00356586, gravitational: 0)
### Check ### Focus Tree Nodes: 4096, maxDepth 4
=== Total time for iteration(47) 0.079831s

# domain::sync: 0.0100912s
# FindNeighbors: 0.0263084s
# Density: 0.00591714s
# EquationOfState: 0.000131219s
# mpi::synchronizeHalos: 8.019e-06s
# IAD: 0.00891792s
# mpi::synchronizeHalos: 2.2004e-05s
# MomentumEnergyIAD: 0.0261982s
# Timestep: 2.6194e-05s
# UpdateQuantities: 0.000263611s
# UpdateSmoothingLength: 0.000115117s
### Check ### Global Tree Nodes: 512, Particles: 125000, Halos: 0
### Check ### Computational domain: -0.5 0.5 -0.5 0.5 -0.5 0.5
### Check ### Total Neighbors: 11629704, Avg neighbor count per particle: 93
### Check ### Total time: 0.00105619, current time-step: 9.70172e-05
### Check ### Total energy: 1, (internal: 0.99569, kinetic: 0.00430952, gravitational: 0)
### Check ### Focus Tree Nodes: 4096, maxDepth 4
=== Total time for iteration(48) 0.0780033s

# domain::sync: 0.0113155s
# FindNeighbors: 0.0271369s
# Density: 0.00596545s
# EquationOfState: 0.000138284s
# mpi::synchronizeHalos: 7.58e-06s
# IAD: 0.00892569s
# mpi::synchronizeHalos: 2.2699e-05s
# MomentumEnergyIAD: 0.0264311s
# Timestep: 2.6765e-05s
# UpdateQuantities: 0.000248287s
# UpdateSmoothingLength: 0.000114142s
### Check ### Global Tree Nodes: 512, Particles: 125000, Halos: 0
### Check ### Computational domain: -0.5 0.5 -0.5 0.5 -0.5 0.5
### Check ### Total Neighbors: 11685864, Avg neighbor count per particle: 93
### Check ### Total time: 0.00116291, current time-step: 0.000106719
### Check ### Total energy: 1, (internal: 0.994796, kinetic: 0.00520391, gravitational: 0)
### Check ### Focus Tree Nodes: 4096, maxDepth 4
=== Total time for iteration(49) 0.080336s

# domain::sync: 0.00906202s
# FindNeighbors: 0.0285644s
# Density: 0.0077607s
# EquationOfState: 0.000134634s
# mpi::synchronizeHalos: 7.794e-06s
# IAD: 0.0116844s
# mpi::synchronizeHalos: 2.3217e-05s
# MomentumEnergyIAD: 0.0361111s
# Timestep: 7.2726e-05s
# UpdateQuantities: 0.00025822s
# UpdateSmoothingLength: 0.000113845s
### Check ### Global Tree Nodes: 512, Particles: 125000, Halos: 0
### Check ### Computational domain: -0.5 0.5 -0.5 0.5 -0.5 0.5
### Check ### Total Neighbors: 15272256, Avg neighbor count per particle: 122
### Check ### Total time: 0.0012803, current time-step: 0.000117391
### Check ### Total energy: 1, (internal: 0.993721, kinetic: 0.00627813, gravitational: 0)
### Check ### Focus Tree Nodes: 4096, maxDepth 4
=== Total time for iteration(50) 0.0937966s

# domain::sync: 0.0126371s
# FindNeighbors: 0.026927s
# Density: 0.00616244s
# EquationOfState: 0.000141211s
# mpi::synchronizeHalos: 6.63e-06s
# IAD: 0.00896898s
# mpi::synchronizeHalos: 2.2661e-05s
# MomentumEnergyIAD: 0.0264727s
# Timestep: 2.5288e-05s
# UpdateQuantities: 0.000256895s
# UpdateSmoothingLength: 0.000118695s
### Check ### Global Tree Nodes: 512, Particles: 125000, Halos: 0
### Check ### Computational domain: -0.5 0.5 -0.5 0.5 -0.5 0.5
### Check ### Total Neighbors: 11693208, Avg neighbor count per particle: 93
### Check ### Total time: 0.00140943, current time-step: 0.00012913
### Check ### Total energy: 0.999999, (internal: 0.992432, kinetic: 0.00756702, gravitational: 0)
### Check ### Focus Tree Nodes: 4096, maxDepth 4
=== Total time for iteration(51) 0.0817455s

# domain::sync: 0.0111512s
# FindNeighbors: 0.0270266s
# Density: 0.0059446s
# EquationOfState: 0.000131098s
# mpi::synchronizeHalos: 6.789e-06s
# IAD: 0.00893223s
# mpi::synchronizeHalos: 2.1669e-05s
# MomentumEnergyIAD: 0.0264951s
# Timestep: 2.606e-05s
# UpdateQuantities: 0.000262306s
# UpdateSmoothingLength: 0.000114526s
### Check ### Global Tree Nodes: 512, Particles: 125000, Halos: 0
### Check ### Computational domain: -0.5 0.5 -0.5 0.5 -0.5 0.5
### Check ### Total Neighbors: 11648112, Avg neighbor count per particle: 93
### Check ### Total time: 0.00155147, current time-step: 0.000142043
### Check ### Total energy: 0.999999, (internal: 0.990889, kinetic: 0.00910963, gravitational: 0)
### Check ### Focus Tree Nodes: 4096, maxDepth 4
=== Total time for iteration(52) 0.0801157s

# domain::sync: 0.0110617s
# FindNeighbors: 0.028297s
# Density: 0.00774505s
# EquationOfState: 0.000139738s
# mpi::synchronizeHalos: 7.426e-06s
# IAD: 0.0117368s
# mpi::synchronizeHalos: 2.1291e-05s
# MomentumEnergyIAD: 0.0505198s
# Timestep: 2.7228e-05s
# UpdateQuantities: 0.000273513s
# UpdateSmoothingLength: 0.000113502s
### Check ### Global Tree Nodes: 512, Particles: 125000, Halos: 0
### Check ### Computational domain: -0.5 0.5 -0.5 0.5 -0.5 0.5
### Check ### Total Neighbors: 15026520, Avg neighbor count per particle: 120
### Check ### Total time: 0.00170772, current time-step: 0.000156247
### Check ### Total energy: 0.999999, (internal: 0.989046, kinetic: 0.0109526, gravitational: 0)
### Check ### Focus Tree Nodes: 4096, maxDepth 4
=== Total time for iteration(53) 0.109947s

# domain::sync: 0.0114218s
# FindNeighbors: 0.0267103s
# Density: 0.00629763s
# EquationOfState: 0.000139185s
# mpi::synchronizeHalos: 8.37e-06s
# IAD: 0.0093834s
# mpi::synchronizeHalos: 2.2107e-05s
# MomentumEnergyIAD: 0.027414s
# Timestep: 3.1368e-05s
# UpdateQuantities: 0.000244315s
# UpdateSmoothingLength: 0.000113369s
### Check ### Global Tree Nodes: 512, Particles: 125000, Halos: 0
### Check ### Computational domain: -0.5 0.5 -0.5 0.5 -0.5 0.5
### Check ### Total Neighbors: 11873760, Avg neighbor count per particle: 94
### Check ### Total time: 0.00187959, current time-step: 0.000171872
### Check ### Total energy: 0.999998, (internal: 0.98685, kinetic: 0.0131482, gravitational: 0)
### Check ### Focus Tree Nodes: 4096, maxDepth 4
=== Total time for iteration(54) 0.0817907s

# domain::sync: 0.0160125s
# FindNeighbors: 0.0266083s
# Density: 0.00620426s
# EquationOfState: 0.000384886s
# mpi::synchronizeHalos: 9.201e-06s
# IAD: 0.0094733s
# mpi::synchronizeHalos: 1.8889e-05s
# MomentumEnergyIAD: 0.0265439s
# Timestep: 2.5006e-05s
# UpdateQuantities: 0.00025107s
# UpdateSmoothingLength: 0.000111877s
### Check ### Global Tree Nodes: 512, Particles: 125000, Halos: 0
### Check ### Computational domain: -0.5 0.5 -0.5 0.5 -0.5 0.5
### Check ### Total Neighbors: 11693784, Avg neighbor count per particle: 93
### Check ### Total time: 0.00206865, current time-step: 0.000189059
### Check ### Total energy: 0.999998, (internal: 0.984241, kinetic: 0.0157562, gravitational: 0)
### Check ### Focus Tree Nodes: 4096, maxDepth 4
=== Total time for iteration(55) 0.0856463s

# domain::sync: 0.0114658s
# FindNeighbors: 0.0268463s
# Density: 0.00596866s
# EquationOfState: 0.000139934s
# mpi::synchronizeHalos: 7.803e-06s
# IAD: 0.00893214s
# mpi::synchronizeHalos: 1.7699e-05s
# MomentumEnergyIAD: 0.0261895s
# Timestep: 2.1549e-05s
# UpdateQuantities: 0.000256719s
# UpdateSmoothingLength: 0.000111515s
### Check ### Global Tree Nodes: 512, Particles: 125000, Halos: 0
### Check ### Computational domain: -0.5 0.5 -0.5 0.5 -0.5 0.5
### Check ### Total Neighbors: 11659080, Avg neighbor count per particle: 93
### Check ### Total time: 0.00227662, current time-step: 0.000207965
### Check ### Total energy: 0.999997, (internal: 0.981154, kinetic: 0.0188431, gravitational: 0)
### Check ### Focus Tree Nodes: 4096, maxDepth 4
=== Total time for iteration(56) 0.0799609s

# domain::sync: 0.00873579s
# FindNeighbors: 0.0280588s
# Density: 0.00775405s
# EquationOfState: 0.000142239s
# mpi::synchronizeHalos: 8.388e-06s
# IAD: 0.0117197s
# mpi::synchronizeHalos: 1.7797e-05s
# MomentumEnergyIAD: 0.0405707s
# Timestep: 3.2549e-05s
# UpdateQuantities: 0.000245425s
# UpdateSmoothingLength: 0.00011148s
### Check ### Global Tree Nodes: 512, Particles: 125000, Halos: 0
### Check ### Computational domain: -0.5 0.5 -0.5 0.5 -0.5 0.5
### Check ### Total Neighbors: 15047256, Avg neighbor count per particle: 120
### Check ### Total time: 0.00250538, current time-step: 0.000228762
### Check ### Total energy: 0.999996, (internal: 0.977514, kinetic: 0.0224821, gravitational: 0)
### Check ### Focus Tree Nodes: 4096, maxDepth 4
=== Total time for iteration(57) 0.0974s

# domain::sync: 0.0112263s
# FindNeighbors: 0.0264577s
# Density: 0.00624035s
# EquationOfState: 0.000138882s
# mpi::synchronizeHalos: 8.482e-06s
# IAD: 0.00931427s
# mpi::synchronizeHalos: 1.709e-05s
# MomentumEnergyIAD: 0.0275437s
# Timestep: 2.0836e-05s
# UpdateQuantities: 0.000253577s
# UpdateSmoothingLength: 0.000112348s
### Check ### Global Tree Nodes: 512, Particles: 125000, Halos: 0
### Check ### Computational domain: -0.5 0.5 -0.5 0.5 -0.5 0.5
### Check ### Total Neighbors: 11845680, Avg neighbor count per particle: 94
### Check ### Total time: 0.00275701, current time-step: 0.000251638
### Check ### Total energy: 0.999995, (internal: 0.973243, kinetic: 0.0267518, gravitational: 0)
### Check ### Focus Tree Nodes: 4096, maxDepth 4
=== Total time for iteration(58) 0.0813379s

# domain::sync: 0.00907337s
# FindNeighbors: 0.0266065s
# Density: 0.00601302s
# EquationOfState: 0.000138519s
# mpi::synchronizeHalos: 7.548e-06s
# IAD: 0.00897662s
# mpi::synchronizeHalos: 1.6693e-05s
# MomentumEnergyIAD: 0.0263483s
# Timestep: 2.0602e-05s
# UpdateQuantities: 0.000250456s
# UpdateSmoothingLength: 0.000112475s
### Check ### Global Tree Nodes: 512, Particles: 125000, Halos: 0
### Check ### Computational domain: -0.5 0.5 -0.5 0.5 -0.5 0.5
### Check ### Total Neighbors: 11691192, Avg neighbor count per particle: 93
### Check ### Total time: 0.00303382, current time-step: 0.000276801
### Check ### Total energy: 0.999995, (internal: 0.96826, kinetic: 0.0317349, gravitational: 0)
### Check ### Focus Tree Nodes: 4096, maxDepth 4
=== Total time for iteration(59) 0.0775678s

# domain::sync: 0.0107236s
# FindNeighbors: 0.0267309s
# Density: 0.00597609s
# EquationOfState: 0.000143336s
# mpi::synchronizeHalos: 8.819e-06s
# IAD: 0.00894065s
# mpi::synchronizeHalos: 1.6684e-05s
# MomentumEnergyIAD: 0.0264104s
# Timestep: 2.0359e-05s
# UpdateQuantities: 0.000249902s
# UpdateSmoothingLength: 0.000112561s
### Check ### Global Tree Nodes: 512, Particles: 125000, Halos: 0
### Check ### Computational domain: -0.5 0.5 -0.5 0.5 -0.5 0.5
### Check ### Total Neighbors: 11670984, Avg neighbor count per particle: 93
### Check ### Total time: 0.0033383, current time-step: 0.000304482
### Check ### Total energy: 0.999994, (internal: 0.962479, kinetic: 0.0375159, gravitational: 0)
### Check ### Focus Tree Nodes: 4096, maxDepth 4
=== Total time for iteration(60) 0.0793364s

# domain::sync: 0.0117342s
# FindNeighbors: 0.028149s
# Density: 0.00777153s
# EquationOfState: 0.000139601s
# mpi::synchronizeHalos: 7.16e-06s
# IAD: 0.0116996s
# mpi::synchronizeHalos: 1.6883e-05s
# MomentumEnergyIAD: 0.0376984s
# Timestep: 2.4909e-05s
# UpdateQuantities: 0.000261721s
# UpdateSmoothingLength: 0.000111709s
### Check ### Global Tree Nodes: 512, Particles: 125000, Halos: 0
### Check ### Computational domain: -0.5 0.5 -0.5 0.5 -0.5 0.5
### Check ### Total Neighbors: 15065928, Avg neighbor count per particle: 120
### Check ### Total time: 0.00367323, current time-step: 0.00033493
### Check ### Total energy: 0.999995, (internal: 0.955819, kinetic: 0.0441769, gravitational: 0)
### Check ### Focus Tree Nodes: 4096, maxDepth 4
=== Total time for iteration(61) 0.0976188s

# domain::sync: 0.0106953s
# FindNeighbors: 0.026523s
# Density: 0.0062151s
# EquationOfState: 0.000142865s
# mpi::synchronizeHalos: 8.828e-06s
# IAD: 0.00927207s
# mpi::synchronizeHalos: 1.5253e-05s
# MomentumEnergyIAD: 0.0268625s
# Timestep: 2.0236e-05s
# UpdateQuantities: 0.000257545s
# UpdateSmoothingLength: 0.000116948s
### Check ### Global Tree Nodes: 512, Particles: 125000, Halos: 0
### Check ### Computational domain: -0.5 0.5 -0.5 0.5 -0.5 0.5
### Check ### Total Neighbors: 11816904, Avg neighbor count per particle: 94
### Check ### Total time: 0.00404165, current time-step: 0.000368423
### Check ### Total energy: 0.999998, (internal: 0.948206, kinetic: 0.0517923, gravitational: 0)
### Check ### Focus Tree Nodes: 4096, maxDepth 4
=== Total time for iteration(62) 0.0801348s

# domain::sync: 0.00904878s
# FindNeighbors: 0.0266176s
# Density: 0.00605211s
# EquationOfState: 0.000141287s
# mpi::synchronizeHalos: 7.295e-06s
# IAD: 0.00902929s
# mpi::synchronizeHalos: 1.7284e-05s
# MomentumEnergyIAD: 0.0261973s
# Timestep: 2.1455e-05s
# UpdateQuantities: 0.000254945s
# UpdateSmoothingLength: 0.000112668s
### Check ### Global Tree Nodes: 512, Particles: 125000, Halos: 0
### Check ### Computational domain: -0.5 0.5 -0.5 0.5 -0.5 0.5
### Check ### Total Neighbors: 11692512, Avg neighbor count per particle: 93
### Check ### Total time: 0.00442586, current time-step: 0.000384211
### Check ### Total energy: 0.999984, (internal: 0.940035, kinetic: 0.0599494, gravitational: 0)
### Check ### Focus Tree Nodes: 4096, maxDepth 4
=== Total time for iteration(63) 0.0775032s

# domain::sync: 0.0111153s
# FindNeighbors: 0.0268053s
# Density: 0.00607195s
# EquationOfState: 0.000146069s
# mpi::synchronizeHalos: 8.139e-06s
# IAD: 0.00904904s
# mpi::synchronizeHalos: 1.698e-05s
# MomentumEnergyIAD: 0.0264364s
# Timestep: 2.0163e-05s
# UpdateQuantities: 0.000251045s
# UpdateSmoothingLength: 0.000112404s
### Check ### Global Tree Nodes: 512, Particles: 125000, Halos: 0
### Check ### Computational domain: -0.5 0.5 -0.5 0.5 -0.5 0.5
### Check ### Total Neighbors: 11692896, Avg neighbor count per particle: 93
### Check ### Total time: 0.00481358, current time-step: 0.000387713
### Check ### Total energy: 0.999958, (internal: 0.931633, kinetic: 0.0683251, gravitational: 0)
### Check ### Focus Tree Nodes: 4096, maxDepth 4
=== Total time for iteration(64) 0.0800362s

# domain::sync: 0.00901774s
# FindNeighbors: 0.0281625s
# Density: 0.00772503s
# EquationOfState: 0.000139739s
# mpi::synchronizeHalos: 8.231e-06s
# IAD: 0.0116793s
# mpi::synchronizeHalos: 1.7187e-05s
# MomentumEnergyIAD: 0.036343s
# Timestep: 3.2723e-05s
# UpdateQuantities: 0.000251404s
# UpdateSmoothingLength: 0.00011307s
### Check ### Global Tree Nodes: 512, Particles: 125000, Halos: 0
### Check ### Computational domain: -0.5 0.5 -0.5 0.5 -0.5 0.5
### Check ### Total Neighbors: 15079128, Avg neighbor count per particle: 120
### Check ### Total time: 0.00519888, current time-step: 0.000385302
### Check ### Total energy: 0.999928, (internal: 0.9232, kinetic: 0.0767279, gravitational: 0)
### Check ### Focus Tree Nodes: 4096, maxDepth 4
=== Total time for iteration(65) 0.0934933s

# domain::sync: 0.00896171s
# FindNeighbors: 0.0265159s
# Density: 0.00619761s
# EquationOfState: 0.000140019s
# mpi::synchronizeHalos: 6.848e-06s
# IAD: 0.00916839s
# mpi::synchronizeHalos: 1.8038e-05s
# MomentumEnergyIAD: 0.0272297s
# Timestep: 2.166e-05s
# UpdateQuantities: 0.000253311s
# UpdateSmoothingLength: 0.000111196s
### Check ### Global Tree Nodes: 512, Particles: 125000, Halos: 0
### Check ### Computational domain: -0.5 0.5 -0.5 0.5 -0.5 0.5
### Check ### Total Neighbors: 11762208, Avg neighbor count per particle: 94
### Check ### Total time: 0.00558324, current time-step: 0.000384362
### Check ### Total energy: 0.999904, (internal: 0.914766, kinetic: 0.0851378, gravitational: 0)
### Check ### Focus Tree Nodes: 4096, maxDepth 4
=== Total time for iteration(66) 0.078629s

# domain::sync: 0.0111193s
# FindNeighbors: 0.026675s
# Density: 0.00615003s
# EquationOfState: 0.000143537s
# mpi::synchronizeHalos: 8.54e-06s
# IAD: 0.00918054s
# mpi::synchronizeHalos: 1.6759e-05s
# MomentumEnergyIAD: 0.0271212s
# Timestep: 2.1068e-05s
# UpdateQuantities: 0.000254913s
# UpdateSmoothingLength: 0.000111282s
### Check ### Global Tree Nodes: 512, Particles: 125000, Halos: 0
### Check ### Computational domain: -0.5 0.5 -0.5 0.5 -0.5 0.5
### Check ### Total Neighbors: 11714784, Avg neighbor count per particle: 93
### Check ### Total time: 0.00596769, current time-step: 0.000384448
### Check ### Total energy: 0.999883, (internal: 0.906357, kinetic: 0.0935263, gravitational: 0)
### Check ### Focus Tree Nodes: 4096, maxDepth 4
=== Total time for iteration(67) 0.0808059s

# domain::sync: 0.00882711s
# FindNeighbors: 0.0267357s
# Density: 0.00612759s
# EquationOfState: 0.000139093s
# mpi::synchronizeHalos: 7.904e-06s
# IAD: 0.00911405s
# mpi::synchronizeHalos: 1.8198e-05s
# MomentumEnergyIAD: 0.0267291s
# Timestep: 2.1229e-05s
# UpdateQuantities: 0.000255529s
# UpdateSmoothingLength: 0.000111234s
### Check ### Global Tree Nodes: 512, Particles: 125000, Halos: 0
### Check ### Computational domain: -0.5 0.5 -0.5 0.5 -0.5 0.5
### Check ### Total Neighbors: 11718600, Avg neighbor count per particle: 93
### Check ### Total time: 0.00634589, current time-step: 0.000378199
### Check ### Total energy: 0.999857, (internal: 0.898154, kinetic: 0.101703, gravitational: 0)
### Check ### Focus Tree Nodes: 4096, maxDepth 4
=== Total time for iteration(68) 0.0780905s

# domain::sync: 0.00873183s
# FindNeighbors: 0.0282478s
# Density: 0.00775118s
# EquationOfState: 0.000140918s
# mpi::synchronizeHalos: 8.476e-06s
# IAD: 0.0116693s
# mpi::synchronizeHalos: 1.8136e-05s
# MomentumEnergyIAD: 0.0359991s
# Timestep: 2.2593e-05s
# UpdateQuantities: 0.000262856s
# UpdateSmoothingLength: 0.000112204s
### Check ### Global Tree Nodes: 512, Particles: 125000, Halos: 0
### Check ### Computational domain: -0.5 0.5 -0.5 0.5 -0.5 0.5
### Check ### Total Neighbors: 15091904, Avg neighbor count per particle: 120
### Check ### Total time: 0.00672464, current time-step: 0.000378754
### Check ### Total energy: 0.999842, (internal: 0.890041, kinetic: 0.109801, gravitational: 0)
### Check ### Focus Tree Nodes: 4096, maxDepth 4
=== Total time for iteration(69) 0.0929684s

# domain::sync: 0.00892617s
# FindNeighbors: 0.0264944s
# Density: 0.00616788s
# EquationOfState: 0.000145122s
# mpi::synchronizeHalos: 7.095e-06s
# IAD: 0.00911283s
# mpi::synchronizeHalos: 1.6778e-05s
# MomentumEnergyIAD: 0.027157s
# Timestep: 2.1502e-05s
# UpdateQuantities: 0.000261269s
# UpdateSmoothingLength: 0.000111861s
### Check ### Global Tree Nodes: 512, Particles: 125000, Halos: 0
### Check ### Computational domain: -0.5 0.5 -0.5 0.5 -0.5 0.5
### Check ### Total Neighbors: 11735440, Avg neighbor count per particle: 93
### Check ### Total time: 0.0071064, current time-step: 0.000381755
### Check ### Total energy: 0.999833, (internal: 0.881998, kinetic: 0.117836, gravitational: 0)
### Check ### Focus Tree Nodes: 4096, maxDepth 4
=== Total time for iteration(70) 0.0784251s

# domain::sync: 0.00916089s
# FindNeighbors: 0.0267416s
# Density: 0.006205s
# EquationOfState: 0.000140477s
# mpi::synchronizeHalos: 8.386e-06s
# IAD: 0.00921993s
# mpi::synchronizeHalos: 1.7947e-05s
# MomentumEnergyIAD: 0.0265658s
# Timestep: 2.1802e-05s
# UpdateQuantities: 0.000252976s
# UpdateSmoothingLength: 0.000116512s
### Check ### Global Tree Nodes: 512, Particles: 125000, Halos: 0
### Check ### Computational domain: -0.5 0.5 -0.5 0.5 -0.5 0.5
### Check ### Total Neighbors: 11729784, Avg neighbor count per particle: 93
### Check ### Total time: 0.00748437, current time-step: 0.000377977
### Check ### Total energy: 0.999816, (internal: 0.87419, kinetic: 0.125626, gravitational: 0)
### Check ### Focus Tree Nodes: 4096, maxDepth 4
=== Total time for iteration(71) 0.0784566s

# domain::sync: 0.00897306s
# FindNeighbors: 0.0268195s
# Density: 0.00619869s
# EquationOfState: 0.00013876s
# mpi::synchronizeHalos: 8.211e-06s
# IAD: 0.00917664s
# mpi::synchronizeHalos: 1.8002e-05s
# MomentumEnergyIAD: 0.0267065s
# Timestep: 2.1201e-05s
# UpdateQuantities: 0.000250953s
# UpdateSmoothingLength: 0.000117555s
### Check ### Global Tree Nodes: 512, Particles: 125000, Halos: 0
### Check ### Computational domain: -0.5 0.5 -0.5 0.5 -0.5 0.5
### Check ### Total Neighbors: 11741472, Avg neighbor count per particle: 93
### Check ### Total time: 0.00786305, current time-step: 0.000378677
### Check ### Total energy: 0.999808, (internal: 0.866544, kinetic: 0.133263, gravitational: 0)
### Check ### Focus Tree Nodes: 4096, maxDepth 4
=== Total time for iteration(72) 0.0784343s

# domain::sync: 0.0110025s
# FindNeighbors: 0.028121s
# Density: 0.00774502s
# EquationOfState: 0.000140292s
# mpi::synchronizeHalos: 7.843e-06s
# IAD: 0.0117322s
# mpi::synchronizeHalos: 1.8725e-05s
# MomentumEnergyIAD: 0.0356112s
# Timestep: 2.215e-05s
# UpdateQuantities: 0.000263921s
# UpdateSmoothingLength: 0.000112505s
### Check ### Global Tree Nodes: 512, Particles: 125000, Halos: 0
### Check ### Computational domain: -0.5 0.5 -0.5 0.5 -0.5 0.5
### Check ### Total Neighbors: 15076392, Avg neighbor count per particle: 120
### Check ### Total time: 0.00824219, current time-step: 0.000379144
### Check ### Total energy: 0.9998, (internal: 0.859081, kinetic: 0.140719, gravitational: 0)
### Check ### Focus Tree Nodes: 4096, maxDepth 4
=== Total time for iteration(73) 0.0947806s

# domain::sync: 0.00899407s
# FindNeighbors: 0.0265257s
# Density: 0.00620454s
# EquationOfState: 0.000140389s
# mpi::synchronizeHalos: 6.779e-06s
# IAD: 0.00915147s
# mpi::synchronizeHalos: 1.7482e-05s
# MomentumEnergyIAD: 0.0268513s
# Timestep: 2.1331e-05s
# UpdateQuantities: 0.000254811s
# UpdateSmoothingLength: 0.000113482s
### Check ### Global Tree Nodes: 512, Particles: 125000, Halos: 0
### Check ### Computational domain: -0.5 0.5 -0.5 0.5 -0.5 0.5
### Check ### Total Neighbors: 11741840, Avg neighbor count per particle: 93
### Check ### Total time: 0.00861357, current time-step: 0.000371377
### Check ### Total energy: 0.999783, (internal: 0.851968, kinetic: 0.147814, gravitational: 0)
### Check ### Focus Tree Nodes: 4096, maxDepth 4
=== Total time for iteration(74) 0.0782846s

# domain::sync: 0.0093256s
# FindNeighbors: 0.0266532s
# Density: 0.0061935s
# EquationOfState: 0.000139318s
# mpi::synchronizeHalos: 8.002e-06s
# IAD: 0.00917457s
# mpi::synchronizeHalos: 1.7515e-05s
# MomentumEnergyIAD: 0.0271958s
# Timestep: 2.1601e-05s
# UpdateQuantities: 0.00025513s
# UpdateSmoothingLength: 0.000116969s
### Check ### Global Tree Nodes: 512, Particles: 125000, Halos: 0
### Check ### Computational domain: -0.5 0.5 -0.5 0.5 -0.5 0.5
### Check ### Total Neighbors: 11736128, Avg neighbor count per particle: 93
### Check ### Total time: 0.00898766, current time-step: 0.000374087
### Check ### Total energy: 0.999781, (internal: 0.845012, kinetic: 0.154769, gravitational: 0)
### Check ### Focus Tree Nodes: 4096, maxDepth 4
=== Total time for iteration(75) 0.0791065s

# domain::sync: 0.0092031s
# FindNeighbors: 0.0280507s
# Density: 0.00777554s
# EquationOfState: 0.000147472s
# mpi::synchronizeHalos: 7.596e-06s
# IAD: 0.0118523s
# mpi::synchronizeHalos: 1.8301e-05s
# MomentumEnergyIAD: 0.0702724s
# Timestep: 4.2604e-05s
# UpdateQuantities: 0.000262494s
# UpdateSmoothingLength: 0.000112521s
### Check ### Global Tree Nodes: 512, Particles: 125000, Halos: 0
### Check ### Computational domain: -0.5 0.5 -0.5 0.5 -0.5 0.5
### Check ### Total Neighbors: 14875288, Avg neighbor count per particle: 119
### Check ### Total time: 0.00936393, current time-step: 0.000376275
### Check ### Total energy: 0.99978, (internal: 0.838235, kinetic: 0.161545, gravitational: 0)
### Check ### Focus Tree Nodes: 4096, maxDepth 4
=== Total time for iteration(76) 0.127748s

# domain::sync: 0.00925837s
# FindNeighbors: 0.0264174s
# Density: 0.00640184s
# EquationOfState: 0.000139574s
# mpi::synchronizeHalos: 7.027e-06s
# IAD: 0.0094728s
# mpi::synchronizeHalos: 1.6577e-05s
# MomentumEnergyIAD: 0.0278388s
# Timestep: 3.8749e-05s
# UpdateQuantities: 0.000258598s
# UpdateSmoothingLength: 0.000111976s
### Check ### Global Tree Nodes: 512, Particles: 125000, Halos: 0
### Check ### Computational domain: -0.5 0.5 -0.5 0.5 -0.5 0.5
### Check ### Total Neighbors: 11931304, Avg neighbor count per particle: 95
### Check ### Total time: 0.00973447, current time-step: 0.000370537
### Check ### Total energy: 0.999769, (internal: 0.831784, kinetic: 0.167985, gravitational: 0)
### Check ### Focus Tree Nodes: 4096, maxDepth 4
=== Total time for iteration(77) 0.0799656s

# domain::sync: 0.0111403s
# FindNeighbors: 0.0264951s
# Density: 0.00620751s
# EquationOfState: 0.000139773s
# mpi::synchronizeHalos: 6.983e-06s
# IAD: 0.00921533s
# mpi::synchronizeHalos: 1.8514e-05s
# MomentumEnergyIAD: 0.0273949s
# Timestep: 2.2309e-05s
# UpdateQuantities: 0.000251752s
# UpdateSmoothingLength: 0.000110855s
### Check ### Global Tree Nodes: 512, Particles: 125000, Halos: 0
### Check ### Computational domain: -0.5 0.5 -0.5 0.5 -0.5 0.5
### Check ### Total Neighbors: 11748304, Avg neighbor count per particle: 93
### Check ### Total time: 0.0101061, current time-step: 0.000371626
### Check ### Total energy: 0.999768, (internal: 0.825539, kinetic: 0.174229, gravitational: 0)
### Check ### Focus Tree Nodes: 4096, maxDepth 4
=== Total time for iteration(78) 0.0810074s

# domain::sync: 0.00926115s
# FindNeighbors: 0.0266555s
# Density: 0.00622481s
# EquationOfState: 0.000141161s
# mpi::synchronizeHalos: 6.864e-06s
# IAD: 0.00924843s
# mpi::synchronizeHalos: 1.8456e-05s
# MomentumEnergyIAD: 0.0273974s
# Timestep: 2.1265e-05s
# UpdateQuantities: 0.000250315s
# UpdateSmoothingLength: 0.000112788s
### Check ### Global Tree Nodes: 512, Particles: 125000, Halos: 0
### Check ### Computational domain: -0.5 0.5 -0.5 0.5 -0.5 0.5
### Check ### Total Neighbors: 11743744, Avg neighbor count per particle: 93
### Check ### Total time: 0.010478, current time-step: 0.000371889
### Check ### Total energy: 0.999767, (internal: 0.819519, kinetic: 0.180248, gravitational: 0)
### Check ### Focus Tree Nodes: 4096, maxDepth 4
=== Total time for iteration(79) 0.0793426s

# domain::sync: 0.00917362s
# FindNeighbors: 0.0279702s
# Density: 0.00774744s
# EquationOfState: 0.000141652s
# mpi::synchronizeHalos: 6.623e-06s
# IAD: 0.0117032s
# mpi::synchronizeHalos: 1.7973e-05s
# MomentumEnergyIAD: 0.044292s
# Timestep: 2.1512e-05s
# UpdateQuantities: 0.000247223s
# UpdateSmoothingLength: 0.000125474s
### Check ### Global Tree Nodes: 512, Particles: 125000, Halos: 0
### Check ### Computational domain: -0.5 0.5 -0.5 0.5 -0.5 0.5
### Check ### Total Neighbors: 14882448, Avg neighbor count per particle: 119
### Check ### Total time: 0.0108499, current time-step: 0.000371891
### Check ### Total energy: 0.999766, (internal: 0.813732, kinetic: 0.186034, gravitational: 0)
### Check ### Focus Tree Nodes: 4096, maxDepth 4
=== Total time for iteration(80) 0.101452s

# domain::sync: 0.00896198s
# FindNeighbors: 0.0264266s
# Density: 0.00645433s
# EquationOfState: 0.00013908s
# mpi::synchronizeHalos: 7.99e-06s
# IAD: 0.00955494s
# mpi::synchronizeHalos: 1.8302e-05s
# MomentumEnergyIAD: 0.0277671s
# Timestep: 2.5327e-05s
# UpdateQuantities: 0.000249434s
# UpdateSmoothingLength: 0.000124251s
### Check ### Global Tree Nodes: 512, Particles: 125000, Halos: 0
### Check ### Computational domain: -0.5 0.5 -0.5 0.5 -0.5 0.5
### Check ### Total Neighbors: 11907289, Avg neighbor count per particle: 95
### Check ### Total time: 0.0112225, current time-step: 0.000372657
### Check ### Total energy: 0.999767, (internal: 0.808166, kinetic: 0.191601, gravitational: 0)
### Check ### Focus Tree Nodes: 4096, maxDepth 4
=== Total time for iteration(81) 0.0797343s

# domain::sync: 0.0110157s
# FindNeighbors: 0.0265129s
# Density: 0.00626311s
# EquationOfState: 0.000145003s
# mpi::synchronizeHalos: 8.161e-06s
# IAD: 0.00929589s
# mpi::synchronizeHalos: 1.7016e-05s
# MomentumEnergyIAD: 0.0271127s
# Timestep: 2.1597e-05s
# UpdateQuantities: 0.000249635s
# UpdateSmoothingLength: 0.000111986s
### Check ### Global Tree Nodes: 512, Particles: 125000, Halos: 0
### Check ### Computational domain: -0.5 0.5 -0.5 0.5 -0.5 0.5
### Check ### Total Neighbors: 11758967, Avg neighbor count per particle: 94
### Check ### Total time: 0.0115842, current time-step: 0.000361655
### Check ### Total energy: 0.999751, (internal: 0.802986, kinetic: 0.196765, gravitational: 0)
### Check ### Focus Tree Nodes: 4096, maxDepth 4
=== Total time for iteration(82) 0.080757s

# domain::sync: 0.00917475s
# FindNeighbors: 0.0266989s
# Density: 0.00626271s
# EquationOfState: 0.000147101s
# mpi::synchronizeHalos: 7.441e-06s
# IAD: 0.00928253s
# mpi::synchronizeHalos: 1.7164e-05s
# MomentumEnergyIAD: 0.0271926s
# Timestep: 2.0558e-05s
# UpdateQuantities: 0.000255405s
# UpdateSmoothingLength: 0.000111829s
### Check ### Global Tree Nodes: 512, Particles: 125000, Halos: 0
### Check ### Computational domain: -0.5 0.5 -0.5 0.5 -0.5 0.5
### Check ### Total Neighbors: 11755688, Avg neighbor count per particle: 94
### Check ### Total time: 0.0119454, current time-step: 0.000361205
### Check ### Total energy: 0.999751, (internal: 0.798029, kinetic: 0.201722, gravitational: 0)
### Check ### Focus Tree Nodes: 4096, maxDepth 4
=== Total time for iteration(83) 0.0791747s

# domain::sync: 0.00900251s
# FindNeighbors: 0.0280064s
# Density: 0.00774432s
# EquationOfState: 0.000139759s
# mpi::synchronizeHalos: 6.721e-06s
# IAD: 0.0116728s
# mpi::synchronizeHalos: 1.7885e-05s
# MomentumEnergyIAD: 0.0397523s
# Timestep: 7.248e-05s
# UpdateQuantities: 0.000592043s
# UpdateSmoothingLength: 0.000113151s
### Check ### Global Tree Nodes: 512, Particles: 125000, Halos: 0
### Check ### Computational domain: -0.5 0.5 -0.5 0.5 -0.5 0.5
### Check ### Total Neighbors: 14895800, Avg neighbor count per particle: 119
### Check ### Total time: 0.0123101, current time-step: 0.000364666
### Check ### Total energy: 0.999756, (internal: 0.793243, kinetic: 0.206513, gravitational: 0)
### Check ### Focus Tree Nodes: 4096, maxDepth 4
=== Total time for iteration(84) 0.0971239s

# domain::sync: 0.0129251s
# FindNeighbors: 0.0268377s
# Density: 0.00636855s
# EquationOfState: 0.000139887s
# mpi::synchronizeHalos: 8.832e-06s
# IAD: 0.00947432s
# mpi::synchronizeHalos: 2.0547e-05s
# MomentumEnergyIAD: 0.0281527s
# Timestep: 3.1618e-05s
# UpdateQuantities: 0.000247862s
# UpdateSmoothingLength: 0.000111786s
### Check ### Global Tree Nodes: 512, Particles: 125000, Halos: 0
### Check ### Computational domain: -0.5 0.5 -0.5 0.5 -0.5 0.5
### Check ### Total Neighbors: 11889008, Avg neighbor count per particle: 95
### Check ### Total time: 0.0126731, current time-step: 0.000363028
### Check ### Total energy: 0.999754, (internal: 0.788692, kinetic: 0.211062, gravitational: 0)
### Check ### Focus Tree Nodes: 4096, maxDepth 4
=== Total time for iteration(85) 0.0843227s

# domain::sync: 0.00904503s
# FindNeighbors: 0.0266319s
# Density: 0.00630927s
# EquationOfState: 0.000139453s
# mpi::synchronizeHalos: 8.413e-06s
# IAD: 0.00937762s
# mpi::synchronizeHalos: 1.7218e-05s
# MomentumEnergyIAD: 0.0271523s
# Timestep: 2.1075e-05s
# UpdateQuantities: 0.000252708s
# UpdateSmoothingLength: 0.000112121s
### Check ### Global Tree Nodes: 512, Particles: 125000, Halos: 0
### Check ### Computational domain: -0.5 0.5 -0.5 0.5 -0.5 0.5
### Check ### Total Neighbors: 11768048, Avg neighbor count per particle: 94
### Check ### Total time: 0.0130359, current time-step: 0.000362775
### Check ### Total energy: 0.999754, (internal: 0.784354, kinetic: 0.2154, gravitational: 0)
### Check ### Focus Tree Nodes: 4096, maxDepth 4
=== Total time for iteration(86) 0.0790717s

# domain::sync: 0.00936563s
# FindNeighbors: 0.0268068s
# Density: 0.00628121s
# EquationOfState: 0.000139927s
# mpi::synchronizeHalos: 9.021e-06s
# IAD: 0.00932745s
# mpi::synchronizeHalos: 1.7859e-05s
# MomentumEnergyIAD: 0.0275628s
# Timestep: 2.4177e-05s
# UpdateQuantities: 0.000243686s
# UpdateSmoothingLength: 0.000111412s
### Check ### Global Tree Nodes: 512, Particles: 125000, Halos: 0
### Check ### Computational domain: -0.5 0.5 -0.5 0.5 -0.5 0.5
### Check ### Total Neighbors: 11766224, Avg neighbor count per particle: 94
### Check ### Total time: 0.0134, current time-step: 0.000364167
### Check ### Total energy: 0.999756, (internal: 0.780206, kinetic: 0.219549, gravitational: 0)
### Check ### Focus Tree Nodes: 4096, maxDepth 4
=== Total time for iteration(87) 0.0798935s

# domain::sync: 0.0104861s
# FindNeighbors: 0.028094s
# Density: 0.007726s
# EquationOfState: 0.000140858s
# mpi::synchronizeHalos: 7.509e-06s
# IAD: 0.0116684s
# mpi::synchronizeHalos: 1.8522e-05s
# MomentumEnergyIAD: 0.0369081s
# Timestep: 4.5609e-05s
# UpdateQuantities: 0.000256933s
# UpdateSmoothingLength: 0.00011128s
### Check ### Global Tree Nodes: 512, Particles: 125000, Halos: 0
### Check ### Computational domain: -0.5 0.5 -0.5 0.5 -0.5 0.5
### Check ### Total Neighbors: 14906744, Avg neighbor count per particle: 119
### Check ### Total time: 0.0137657, current time-step: 0.00036565
### Check ### Total energy: 0.999758, (internal: 0.776246, kinetic: 0.223512, gravitational: 0)
### Check ### Focus Tree Nodes: 4096, maxDepth 4
=== Total time for iteration(88) 0.0954674s

# domain::sync: 0.00940818s
# FindNeighbors: 0.0264916s
# Density: 0.00636953s
# EquationOfState: 0.000140597s
# mpi::synchronizeHalos: 6.846e-06s
# IAD: 0.00944686s
# mpi::synchronizeHalos: 1.5536e-05s
# MomentumEnergyIAD: 0.0275281s
# Timestep: 3.3358e-05s
# UpdateQuantities: 0.000246058s
# UpdateSmoothingLength: 0.000111673s
### Check ### Global Tree Nodes: 512, Particles: 125000, Halos: 0
### Check ### Computational domain: -0.5 0.5 -0.5 0.5 -0.5 0.5
### Check ### Total Neighbors: 11875744, Avg neighbor count per particle: 95
### Check ### Total time: 0.0141329, current time-step: 0.000367258
### Check ### Total energy: 0.999761, (internal: 0.772471, kinetic: 0.22729, gravitational: 0)
### Check ### Focus Tree Nodes: 4096, maxDepth 4
=== Total time for iteration(89) 0.0798017s

# domain::sync: 0.00901453s
# FindNeighbors: 0.0265948s
# Density: 0.00629813s
# EquationOfState: 0.000140894s
# mpi::synchronizeHalos: 8.522e-06s
# IAD: 0.00935502s
# mpi::synchronizeHalos: 1.6891e-05s
# MomentumEnergyIAD: 0.0271962s
# Timestep: 2.3155e-05s
# UpdateQuantities: 0.000258093s
# UpdateSmoothingLength: 0.000112871s
### Check ### Global Tree Nodes: 512, Particles: 125000, Halos: 0
### Check ### Computational domain: -0.5 0.5 -0.5 0.5 -0.5 0.5
### Check ### Total Neighbors: 11774032, Avg neighbor count per particle: 94
### Check ### Total time: 0.014493, current time-step: 0.000360062
### Check ### Total energy: 0.999751, (internal: 0.768962, kinetic: 0.230789, gravitational: 0)
### Check ### Focus Tree Nodes: 4096, maxDepth 4
=== Total time for iteration(90) 0.0790226s

# domain::sync: 0.0092452s
# FindNeighbors: 0.0267974s
# Density: 0.00633438s
# EquationOfState: 0.000139658s
# mpi::synchronizeHalos: 8.903e-06s
# IAD: 0.0094023s
# mpi::synchronizeHalos: 1.8826e-05s
# MomentumEnergyIAD: 0.0273376s
# Timestep: 2.4169e-05s
# UpdateQuantities: 0.000243283s
# UpdateSmoothingLength: 0.000111391s
### Check ### Global Tree Nodes: 512, Particles: 125000, Halos: 0
### Check ### Computational domain: -0.5 0.5 -0.5 0.5 -0.5 0.5
### Check ### Total Neighbors: 11777608, Avg neighbor count per particle: 94
### Check ### Total time: 0.014855, current time-step: 0.000361989
### Check ### Total energy: 0.999754, (internal: 0.765619, kinetic: 0.234135, gravitational: 0)
### Check ### Focus Tree Nodes: 4096, maxDepth 4
=== Total time for iteration(91) 0.0796662s

# domain::sync: 0.00906575s
# FindNeighbors: 0.0282119s
# Density: 0.00781884s
# EquationOfState: 0.0001314s
# mpi::synchronizeHalos: 5.401e-06s
# IAD: 0.0117194s
# mpi::synchronizeHalos: 2.6639e-05s
# MomentumEnergyIAD: 0.0358317s
# Timestep: 3.9713e-05s
# UpdateQuantities: 0.000249367s
# UpdateSmoothingLength: 0.000111469s
### Check ### Global Tree Nodes: 512, Particles: 125000, Halos: 0
### Check ### Computational domain: -0.5 0.5 -0.5 0.5 -0.5 0.5
### Check ### Total Neighbors: 14912056, Avg neighbor count per particle: 119
### Check ### Total time: 0.0152211, current time-step: 0.000366098
### Check ### Total energy: 0.999759, (internal: 0.762424, kinetic: 0.237335, gravitational: 0)
### Check ### Focus Tree Nodes: 4096, maxDepth 4
=== Total time for iteration(92) 0.093214s

# domain::sync: 0.00882414s
# FindNeighbors: 0.0264884s
# Density: 0.00639278s
# EquationOfState: 0.000136711s
# mpi::synchronizeHalos: 6.878e-06s
# IAD: 0.00947383s
# mpi::synchronizeHalos: 2.7284e-05s
# MomentumEnergyIAD: 0.0279171s
# Timestep: 2.9092e-05s
# UpdateQuantities: 0.000251364s
# UpdateSmoothingLength: 0.000111156s
### Check ### Global Tree Nodes: 512, Particles: 125000, Halos: 0
### Check ### Computational domain: -0.5 0.5 -0.5 0.5 -0.5 0.5
### Check ### Total Neighbors: 11854696, Avg neighbor count per particle: 94
### Check ### Total time: 0.0155892, current time-step: 0.000368154
### Check ### Total energy: 0.999762, (internal: 0.759389, kinetic: 0.240373, gravitational: 0)
### Check ### Focus Tree Nodes: 4096, maxDepth 4
=== Total time for iteration(93) 0.0796621s

# domain::sync: 0.010973s
# FindNeighbors: 0.026697s
# Density: 0.00632123s
# EquationOfState: 0.000131867s
# mpi::synchronizeHalos: 5.296e-06s
# IAD: 0.00938748s
# mpi::synchronizeHalos: 2.5326e-05s
# MomentumEnergyIAD: 0.0274977s
# Timestep: 2.7334e-05s
# UpdateQuantities: 0.000263326s
# UpdateSmoothingLength: 0.000112449s
### Check ### Global Tree Nodes: 512, Particles: 125000, Halos: 0
### Check ### Computational domain: -0.5 0.5 -0.5 0.5 -0.5 0.5
### Check ### Total Neighbors: 11783128, Avg neighbor count per particle: 94
### Check ### Total time: 0.0159602, current time-step: 0.000370984
### Check ### Total energy: 0.999765, (internal: 0.756507, kinetic: 0.243257, gravitational: 0)
### Check ### Focus Tree Nodes: 4096, maxDepth 4
=== Total time for iteration(94) 0.0814444s

# domain::sync: 0.0091171s
# FindNeighbors: 0.0268616s
# Density: 0.0063285s
# EquationOfState: 0.000131736s
# mpi::synchronizeHalos: 5.449e-06s
# IAD: 0.00939613s
# mpi::synchronizeHalos: 2.6226e-05s
# MomentumEnergyIAD: 0.027277s
# Timestep: 2.8386e-05s
# UpdateQuantities: 0.000248624s
# UpdateSmoothingLength: 0.000111253s
### Check ### Global Tree Nodes: 512, Particles: 125000, Halos: 0
### Check ### Computational domain: -0.5 0.5 -0.5 0.5 -0.5 0.5
### Check ### Total Neighbors: 11791072, Avg neighbor count per particle: 94
### Check ### Total time: 0.0163306, current time-step: 0.00037036
### Check ### Total energy: 0.999763, (internal: 0.753798, kinetic: 0.245965, gravitational: 0)
### Check ### Focus Tree Nodes: 4096, maxDepth 4
=== Total time for iteration(95) 0.0795346s

# domain::sync: 0.00917204s
# FindNeighbors: 0.0282533s
# Density: 0.00781409s
# EquationOfState: 0.000132195s
# mpi::synchronizeHalos: 5.504e-06s
# IAD: 0.0117057s
# mpi::synchronizeHalos: 2.7035e-05s
# MomentumEnergyIAD: 0.0360542s
# Timestep: 2.8162e-05s
# UpdateQuantities: 0.000248484s
# UpdateSmoothingLength: 0.000111955s
### Check ### Global Tree Nodes: 512, Particles: 125000, Halos: 0
### Check ### Computational domain: -0.5 0.5 -0.5 0.5 -0.5 0.5
### Check ### Total Neighbors: 14918656, Avg neighbor count per particle: 119
### Check ### Total time: 0.0166985, current time-step: 0.000367955
### Check ### Total energy: 0.999758, (internal: 0.751263, kinetic: 0.248495, gravitational: 0)
### Check ### Focus Tree Nodes: 4096, maxDepth 4
=== Total time for iteration(96) 0.0935553s

# domain::sync: 0.00935445s
# FindNeighbors: 0.0266183s
# Density: 0.00643061s
# EquationOfState: 0.00013098s
# mpi::synchronizeHalos: 5.298e-06s
# IAD: 0.00950452s
# mpi::synchronizeHalos: 2.732e-05s
# MomentumEnergyIAD: 0.0279858s
# Timestep: 2.8096e-05s
# UpdateQuantities: 0.000252462s
# UpdateSmoothingLength: 0.000111294s
### Check ### Global Tree Nodes: 512, Particles: 125000, Halos: 0
### Check ### Computational domain: -0.5 0.5 -0.5 0.5 -0.5 0.5
### Check ### Total Neighbors: 11849496, Avg neighbor count per particle: 94
### Check ### Total time: 0.0170712, current time-step: 0.000372677
### Check ### Total energy: 0.999762, (internal: 0.748846, kinetic: 0.250916, gravitational: 0)
### Check ### Focus Tree Nodes: 4096, maxDepth 4
=== Total time for iteration(97) 0.0804516s

# domain::sync: 0.00894346s
# FindNeighbors: 0.0267557s
# Density: 0.00635131s
# EquationOfState: 0.000129609s
# mpi::synchronizeHalos: 6.677e-06s
# IAD: 0.00943819s
# mpi::synchronizeHalos: 2.1812e-05s
# MomentumEnergyIAD: 0.0272726s
# Timestep: 2.6978e-05s
# UpdateQuantities: 0.000247375s
# UpdateSmoothingLength: 0.000119201s
### Check ### Global Tree Nodes: 512, Particles: 125000, Halos: 0
### Check ### Computational domain: -0.5 0.5 -0.5 0.5 -0.5 0.5
### Check ### Total Neighbors: 11793288, Avg neighbor count per particle: 94
### Check ### Total time: 0.0174486, current time-step: 0.000377381
### Check ### Total energy: 0.999764, (internal: 0.746549, kinetic: 0.253215, gravitational: 0)
### Check ### Focus Tree Nodes: 4096, maxDepth 4
=== Total time for iteration(98) 0.0793169s

# domain::sync: 0.00902291s
# FindNeighbors: 0.0268596s
# Density: 0.00637429s
# EquationOfState: 0.000136998s
# mpi::synchronizeHalos: 6.473e-06s
# IAD: 0.00944591s
# mpi::synchronizeHalos: 2.4398e-05s
# MomentumEnergyIAD: 0.0273788s
# Timestep: 2.8244e-05s
# UpdateQuantities: 0.000251064s
# UpdateSmoothingLength: 0.000112364s
### Check ### Global Tree Nodes: 512, Particles: 125000, Halos: 0
### Check ### Computational domain: -0.5 0.5 -0.5 0.5 -0.5 0.5
### Check ### Total Neighbors: 11802504, Avg neighbor count per particle: 94
### Check ### Total time: 0.0178291, current time-step: 0.000380525
### Check ### Total energy: 0.999764, (internal: 0.744373, kinetic: 0.25539, gravitational: 0)
### Check ### Focus Tree Nodes: 4096, maxDepth 4
=== Total time for iteration(99) 0.0796436s

# domain::sync: 0.00936911s
# FindNeighbors: 0.0281965s
# Density: 0.00774911s
# EquationOfState: 0.000131187s
# mpi::synchronizeHalos: 5.577e-06s
# IAD: 0.0117012s
# mpi::synchronizeHalos: 2.4964e-05s
# MomentumEnergyIAD: 0.0352793s
# Timestep: 2.7687e-05s
# UpdateQuantities: 0.000263661s
# UpdateSmoothingLength: 0.00011169s
### Check ### Global Tree Nodes: 512, Particles: 125000, Halos: 0
### Check ### Computational domain: -0.5 0.5 -0.5 0.5 -0.5 0.5
### Check ### Total Neighbors: 14922824, Avg neighbor count per particle: 119
### Check ### Total time: 0.0181982, current time-step: 0.00036912
### Check ### Total energy: 0.999743, (internal: 0.74239, kinetic: 0.257352, gravitational: 0)
### Check ### Focus Tree Nodes: 4096, maxDepth 4
=== Total time for iteration(100) 0.0928623s

# Total execution time of 100 iterations of sedov up to t = 0.018198: 22.1456s
real 22.40
user 241.76
sys 1.46
