12.99

Params:Program: ../sph-exa-build/main/src/sphexa/sphexa
Particles: 50
Timestep: 100
Numthreads: 6
# SPHEXA: HEAD/22053277
# 1 MPI-3.1 process(es) with 6 OpenMP-201511 thread(s)/process
Data generated for 125000 global particles
Domain synchronized, nLocalParticles 125000
# domain::sync: 0.0105111s
# FindNeighbors: 0.0750867s
# Density: 0.0164619s
# EquationOfState: 0.00018254s
# mpi::synchronizeHalos: 4.721e-06s
# IAD: 0.0173565s
# mpi::synchronizeHalos: 1.0094e-05s
# MomentumEnergyIAD: 0.0311755s
# Timestep: 8.792e-06s
# UpdateQuantities: 0.000318889s
# UpdateSmoothingLength: 0.000171494s
### Check ### Global Tree Nodes: 512, Particles: 125000, Halos: 0
### Check ### Computational domain: -0.5 0.5 -0.5 0.5 -0.5 0.5
### Check ### Total Neighbors: 11625000, Avg neighbor count per particle: 93
### Check ### Total time: 1.1e-06, current time-step: 1.1e-06
### Check ### Total energy: 1, (internal: 1, kinetic: 1.01185e-08, gravitational: 0)
### Check ### Focus Tree Nodes: 4096, maxDepth 4
=== Total time for iteration(1) 0.151289s

# domain::sync: 0.00956914s
# FindNeighbors: 0.0471531s
# Density: 0.00945821s
# EquationOfState: 8.8994e-05s
# mpi::synchronizeHalos: 3.336e-06s
# IAD: 0.013893s
# mpi::synchronizeHalos: 5.513e-06s
# MomentumEnergyIAD: 0.0398739s
# Timestep: 8.506e-06s
# UpdateQuantities: 0.000319993s
# UpdateSmoothingLength: 0.000167364s
### Check ### Global Tree Nodes: 512, Particles: 125000, Halos: 0
### Check ### Computational domain: -0.5 0.5 -0.5 0.5 -0.5 0.5
### Check ### Total Neighbors: 11625000, Avg neighbor count per particle: 93
### Check ### Total time: 2.31e-06, current time-step: 1.21e-06
### Check ### Total energy: 1, (internal: 1, kinetic: 3.11951e-08, gravitational: 0)
### Check ### Focus Tree Nodes: 4096, maxDepth 4
=== Total time for iteration(2) 0.120542s

# domain::sync: 0.0103635s
# FindNeighbors: 0.0480593s
# Density: 0.010048s
# EquationOfState: 9.3698e-05s
# mpi::synchronizeHalos: 3.117e-06s
# IAD: 0.0138906s
# mpi::synchronizeHalos: 7.551e-06s
# MomentumEnergyIAD: 0.0388523s
# Timestep: 9.966e-06s
# UpdateQuantities: 0.000304524s
# UpdateSmoothingLength: 0.000168118s
### Check ### Global Tree Nodes: 512, Particles: 125000, Halos: 0
### Check ### Computational domain: -0.5 0.5 -0.5 0.5 -0.5 0.5
### Check ### Total Neighbors: 11625000, Avg neighbor count per particle: 93
### Check ### Total time: 3.641e-06, current time-step: 1.331e-06
### Check ### Total energy: 1, (internal: 1, kinetic: 6.7716e-08, gravitational: 0)
### Check ### Focus Tree Nodes: 4096, maxDepth 4
=== Total time for iteration(3) 0.121802s

# domain::sync: 0.0106653s
# FindNeighbors: 0.048232s
# Density: 0.00947049s
# EquationOfState: 8.9403e-05s
# mpi::synchronizeHalos: 3.749e-06s
# IAD: 0.0138927s
# mpi::synchronizeHalos: 5.859e-06s
# MomentumEnergyIAD: 0.0380835s
# Timestep: 7.473e-06s
# UpdateQuantities: 0.000324091s
# UpdateSmoothingLength: 0.000166803s
### Check ### Global Tree Nodes: 512, Particles: 125000, Halos: 0
### Check ### Computational domain: -0.5 0.5 -0.5 0.5 -0.5 0.5
### Check ### Total Neighbors: 11625000, Avg neighbor count per particle: 93
### Check ### Total time: 5.1051e-06, current time-step: 1.4641e-06
### Check ### Total energy: 1, (internal: 1, kinetic: 1.24009e-07, gravitational: 0)
### Check ### Focus Tree Nodes: 4096, maxDepth 4
=== Total time for iteration(4) 0.120943s

# domain::sync: 0.0104146s
# FindNeighbors: 0.0484473s
# Density: 0.00946408s
# EquationOfState: 9.1321e-05s
# mpi::synchronizeHalos: 3.491e-06s
# IAD: 0.0138664s
# mpi::synchronizeHalos: 6.2e-06s
# MomentumEnergyIAD: 0.0378457s
# Timestep: 7.461e-06s
# UpdateQuantities: 0.000328976s
# UpdateSmoothingLength: 0.000166848s
### Check ### Global Tree Nodes: 512, Particles: 125000, Halos: 0
### Check ### Computational domain: -0.5 0.5 -0.5 0.5 -0.5 0.5
### Check ### Total Neighbors: 11625000, Avg neighbor count per particle: 93
### Check ### Total time: 6.71561e-06, current time-step: 1.61051e-06
### Check ### Total energy: 1, (internal: 1, kinetic: 2.05413e-07, gravitational: 0)
### Check ### Focus Tree Nodes: 4096, maxDepth 4
=== Total time for iteration(5) 0.120644s

# domain::sync: 0.0100325s
# FindNeighbors: 0.0486192s
# Density: 0.0094795s
# EquationOfState: 8.8741e-05s
# mpi::synchronizeHalos: 3.56e-06s
# IAD: 0.0138696s
# mpi::synchronizeHalos: 5.496e-06s
# MomentumEnergyIAD: 0.0376548s
# Timestep: 7.043e-06s
# UpdateQuantities: 0.000323858s
# UpdateSmoothingLength: 0.000166528s
### Check ### Global Tree Nodes: 512, Particles: 125000, Halos: 0
### Check ### Computational domain: -0.5 0.5 -0.5 0.5 -0.5 0.5
### Check ### Total Neighbors: 11625000, Avg neighbor count per particle: 93
### Check ### Total time: 8.48717e-06, current time-step: 1.77156e-06
### Check ### Total energy: 1, (internal: 1, kinetic: 3.18505e-07, gravitational: 0)
### Check ### Focus Tree Nodes: 4096, maxDepth 4
=== Total time for iteration(6) 0.120252s

# domain::sync: 0.0103804s
# FindNeighbors: 0.0522883s
# Density: 0.0123838s
# EquationOfState: 8.9847e-05s
# mpi::synchronizeHalos: 3.642e-06s
# IAD: 0.0182543s
# mpi::synchronizeHalos: 5.174e-06s
# MomentumEnergyIAD: 0.0750222s
# Timestep: 9.579e-06s
# UpdateQuantities: 0.000309564s
# UpdateSmoothingLength: 0.00016712s
### Check ### Global Tree Nodes: 512, Particles: 125000, Halos: 0
### Check ### Computational domain: -0.5 0.5 -0.5 0.5 -0.5 0.5
### Check ### Total Neighbors: 15375000, Avg neighbor count per particle: 123
### Check ### Total time: 1.04359e-05, current time-step: 1.94872e-06
### Check ### Total energy: 1, (internal: 1, kinetic: 4.71365e-07, gravitational: 0)
### Check ### Focus Tree Nodes: 4096, maxDepth 4
=== Total time for iteration(7) 0.168915s

# domain::sync: 0.00971199s
# FindNeighbors: 0.048264s
# Density: 0.00946329s
# EquationOfState: 8.9236e-05s
# mpi::synchronizeHalos: 2.714e-06s
# IAD: 0.0138698s
# mpi::synchronizeHalos: 5.736e-06s
# MomentumEnergyIAD: 0.0376392s
# Timestep: 7.367e-06s
# UpdateQuantities: 0.000310375s
# UpdateSmoothingLength: 0.000168281s
### Check ### Global Tree Nodes: 512, Particles: 125000, Halos: 0
### Check ### Computational domain: -0.5 0.5 -0.5 0.5 -0.5 0.5
### Check ### Total Neighbors: 11625000, Avg neighbor count per particle: 93
### Check ### Total time: 1.25795e-05, current time-step: 2.14359e-06
### Check ### Total energy: 1, (internal: 0.999999, kinetic: 6.74421e-07, gravitational: 0)
### Check ### Focus Tree Nodes: 4096, maxDepth 4
=== Total time for iteration(8) 0.119533s

# domain::sync: 0.0104476s
# FindNeighbors: 0.048419s
# Density: 0.00945784s
# EquationOfState: 9.2258e-05s
# mpi::synchronizeHalos: 3.102e-06s
# IAD: 0.0138513s
# mpi::synchronizeHalos: 5.585e-06s
# MomentumEnergyIAD: 0.0375154s
# Timestep: 7.053e-06s
# UpdateQuantities: 0.000319731s
# UpdateSmoothingLength: 0.00016747s
### Check ### Global Tree Nodes: 512, Particles: 125000, Halos: 0
### Check ### Computational domain: -0.5 0.5 -0.5 0.5 -0.5 0.5
### Check ### Total Neighbors: 11625000, Avg neighbor count per particle: 93
### Check ### Total time: 1.49374e-05, current time-step: 2.35795e-06
### Check ### Total energy: 1, (internal: 0.999999, kinetic: 9.39356e-07, gravitational: 0)
### Check ### Focus Tree Nodes: 4096, maxDepth 4
=== Total time for iteration(9) 0.120288s

# domain::sync: 0.00994786s
# FindNeighbors: 0.0486395s
# Density: 0.00947624s
# EquationOfState: 8.9771e-05s
# mpi::synchronizeHalos: 3.174e-06s
# IAD: 0.0138801s
# mpi::synchronizeHalos: 5.579e-06s
# MomentumEnergyIAD: 0.0374015s
# Timestep: 7.612e-06s
# UpdateQuantities: 0.000316829s
# UpdateSmoothingLength: 0.000171394s
### Check ### Global Tree Nodes: 512, Particles: 125000, Halos: 0
### Check ### Computational domain: -0.5 0.5 -0.5 0.5 -0.5 0.5
### Check ### Total Neighbors: 11625000, Avg neighbor count per particle: 93
### Check ### Total time: 1.75312e-05, current time-step: 2.59374e-06
### Check ### Total energy: 1, (internal: 0.999999, kinetic: 1.28121e-06, gravitational: 0)
### Check ### Focus Tree Nodes: 4096, maxDepth 4
=== Total time for iteration(10) 0.119941s

# domain::sync: 0.00878012s
# FindNeighbors: 0.0524009s
# Density: 0.0123792s
# EquationOfState: 9.3526e-05s
# mpi::synchronizeHalos: 3.683e-06s
# IAD: 0.0182059s
# mpi::synchronizeHalos: 4.701e-06s
# MomentumEnergyIAD: 0.0658763s
# Timestep: 7.127e-06s
# UpdateQuantities: 0.000330642s
# UpdateSmoothingLength: 0.000168632s
### Check ### Global Tree Nodes: 512, Particles: 125000, Halos: 0
### Check ### Computational domain: -0.5 0.5 -0.5 0.5 -0.5 0.5
### Check ### Total Neighbors: 15375000, Avg neighbor count per particle: 123
### Check ### Total time: 2.03843e-05, current time-step: 2.85312e-06
### Check ### Total energy: 1, (internal: 0.999998, kinetic: 1.71818e-06, gravitational: 0)
### Check ### Focus Tree Nodes: 4096, maxDepth 4
=== Total time for iteration(11) 0.158252s

# domain::sync: 0.0102591s
# FindNeighbors: 0.0483178s
# Density: 0.00946235s
# EquationOfState: 8.8084e-05s
# mpi::synchronizeHalos: 3.474e-06s
# IAD: 0.0138745s
# mpi::synchronizeHalos: 5.654e-06s
# MomentumEnergyIAD: 0.0376997s
# Timestep: 7.113e-06s
# UpdateQuantities: 0.000309438s
# UpdateSmoothingLength: 0.000168454s
### Check ### Global Tree Nodes: 512, Particles: 125000, Halos: 0
### Check ### Computational domain: -0.5 0.5 -0.5 0.5 -0.5 0.5
### Check ### Total Neighbors: 11625000, Avg neighbor count per particle: 93
### Check ### Total time: 2.35227e-05, current time-step: 3.13843e-06
### Check ### Total energy: 1, (internal: 0.999998, kinetic: 2.2739e-06, gravitational: 0)
### Check ### Focus Tree Nodes: 4096, maxDepth 4
=== Total time for iteration(12) 0.120197s

# domain::sync: 0.0097396s
# FindNeighbors: 0.0480074s
# Density: 0.00946388s
# EquationOfState: 8.8804e-05s
# mpi::synchronizeHalos: 2.726e-06s
# IAD: 0.0138519s
# mpi::synchronizeHalos: 5.142e-06s
# MomentumEnergyIAD: 0.0375679s
# Timestep: 7.13e-06s
# UpdateQuantities: 0.000315251s
# UpdateSmoothingLength: 0.000169859s
### Check ### Global Tree Nodes: 512, Particles: 125000, Halos: 0
### Check ### Computational domain: -0.5 0.5 -0.5 0.5 -0.5 0.5
### Check ### Total Neighbors: 11625000, Avg neighbor count per particle: 93
### Check ### Total time: 2.6975e-05, current time-step: 3.45227e-06
### Check ### Total energy: 1, (internal: 0.999997, kinetic: 2.97413e-06, gravitational: 0)
### Check ### Focus Tree Nodes: 4096, maxDepth 4
=== Total time for iteration(13) 0.119221s

# domain::sync: 0.008625s
# FindNeighbors: 0.0481699s
# Density: 0.0094616s
# EquationOfState: 9.0613e-05s
# mpi::synchronizeHalos: 3.419e-06s
# IAD: 0.0138497s
# mpi::synchronizeHalos: 5.174e-06s
# MomentumEnergyIAD: 0.0372867s
# Timestep: 8.249e-06s
# UpdateQuantities: 0.000323324s
# UpdateSmoothingLength: 0.00016752s
### Check ### Global Tree Nodes: 512, Particles: 125000, Halos: 0
### Check ### Computational domain: -0.5 0.5 -0.5 0.5 -0.5 0.5
### Check ### Total Neighbors: 11625000, Avg neighbor count per particle: 93
### Check ### Total time: 3.07725e-05, current time-step: 3.7975e-06
### Check ### Total energy: 1, (internal: 0.999996, kinetic: 3.85237e-06, gravitational: 0)
### Check ### Focus Tree Nodes: 4096, maxDepth 4
=== Total time for iteration(14) 0.117992s

# domain::sync: 0.0106108s
# FindNeighbors: 0.0519056s
# Density: 0.0123663s
# EquationOfState: 8.661e-05s
# mpi::synchronizeHalos: 3.356e-06s
# IAD: 0.0182409s
# mpi::synchronizeHalos: 5.187e-06s
# MomentumEnergyIAD: 0.0594852s
# Timestep: 1.0815e-05s
# UpdateQuantities: 0.000320634s
# UpdateSmoothingLength: 0.000167664s
### Check ### Global Tree Nodes: 512, Particles: 125000, Halos: 0
### Check ### Computational domain: -0.5 0.5 -0.5 0.5 -0.5 0.5
### Check ### Total Neighbors: 15375000, Avg neighbor count per particle: 123
### Check ### Total time: 3.49497e-05, current time-step: 4.17725e-06
### Check ### Total energy: 1, (internal: 0.999995, kinetic: 4.94895e-06, gravitational: 0)
### Check ### Focus Tree Nodes: 4096, maxDepth 4
=== Total time for iteration(15) 0.153204s

# domain::sync: 0.00742853s
# FindNeighbors: 0.0479398s
# Density: 0.0094869s
# EquationOfState: 8.6786e-05s
# mpi::synchronizeHalos: 3.81e-06s
# IAD: 0.0139004s
# mpi::synchronizeHalos: 8.042e-06s
# MomentumEnergyIAD: 0.0373502s
# Timestep: 8.614e-06s
# UpdateQuantities: 0.000318365s
# UpdateSmoothingLength: 0.000167611s
### Check ### Global Tree Nodes: 512, Particles: 125000, Halos: 0
### Check ### Computational domain: -0.5 0.5 -0.5 0.5 -0.5 0.5
### Check ### Total Neighbors: 11625000, Avg neighbor count per particle: 93
### Check ### Total time: 3.95447e-05, current time-step: 4.59497e-06
### Check ### Total energy: 1, (internal: 0.999994, kinetic: 6.31635e-06, gravitational: 0)
### Check ### Focus Tree Nodes: 4096, maxDepth 4
=== Total time for iteration(16) 0.1167s

# domain::sync: 0.00979981s
# FindNeighbors: 0.0483022s
# Density: 0.00947951s
# EquationOfState: 8.8316e-05s
# mpi::synchronizeHalos: 3.804e-06s
# IAD: 0.013868s
# mpi::synchronizeHalos: 7.554e-06s
# MomentumEnergyIAD: 0.0372507s
# Timestep: 8.352e-06s
# UpdateQuantities: 0.000311367s
# UpdateSmoothingLength: 0.000168319s
### Check ### Global Tree Nodes: 512, Particles: 125000, Halos: 0
### Check ### Computational domain: -0.5 0.5 -0.5 0.5 -0.5 0.5
### Check ### Total Neighbors: 11625000, Avg neighbor count per particle: 93
### Check ### Total time: 4.45992e-05, current time-step: 5.05447e-06
### Check ### Total energy: 1, (internal: 0.999992, kinetic: 8.01083e-06, gravitational: 0)
### Check ### Focus Tree Nodes: 4096, maxDepth 4
=== Total time for iteration(17) 0.119289s

# domain::sync: 0.00965793s
# FindNeighbors: 0.0484729s
# Density: 0.00946717s
# EquationOfState: 9.417e-05s
# mpi::synchronizeHalos: 3.37e-06s
# IAD: 0.013872s
# mpi::synchronizeHalos: 5.2e-06s
# MomentumEnergyIAD: 0.0372664s
# Timestep: 6.961e-06s
# UpdateQuantities: 0.000314577s
# UpdateSmoothingLength: 0.000166517s
### Check ### Global Tree Nodes: 512, Particles: 125000, Halos: 0
### Check ### Computational domain: -0.5 0.5 -0.5 0.5 -0.5 0.5
### Check ### Total Neighbors: 11625000, Avg neighbor count per particle: 93
### Check ### Total time: 5.01591e-05, current time-step: 5.55992e-06
### Check ### Total energy: 1, (internal: 0.99999, kinetic: 1.0106e-05, gravitational: 0)
### Check ### Focus Tree Nodes: 4096, maxDepth 4
=== Total time for iteration(18) 0.119328s

# domain::sync: 0.0102311s
# FindNeighbors: 0.0521435s
# Density: 0.012359s
# EquationOfState: 8.732e-05s
# mpi::synchronizeHalos: 2.998e-06s
# IAD: 0.0182899s
# mpi::synchronizeHalos: 5.987e-06s
# MomentumEnergyIAD: 0.0558956s
# Timestep: 9.052e-06s
# UpdateQuantities: 0.000307722s
# UpdateSmoothingLength: 0.000168872s
### Check ### Global Tree Nodes: 512, Particles: 125000, Halos: 0
### Check ### Computational domain: -0.5 0.5 -0.5 0.5 -0.5 0.5
### Check ### Total Neighbors: 15375000, Avg neighbor count per particle: 123
### Check ### Total time: 5.6275e-05, current time-step: 6.11591e-06
### Check ### Total energy: 1, (internal: 0.999987, kinetic: 1.26903e-05, gravitational: 0)
### Check ### Focus Tree Nodes: 4096, maxDepth 4
=== Total time for iteration(19) 0.149502s

# domain::sync: 0.00953782s
# FindNeighbors: 0.0479411s
# Density: 0.00948678s
# EquationOfState: 8.9174e-05s
# mpi::synchronizeHalos: 3.02e-06s
# IAD: 0.0138939s
# mpi::synchronizeHalos: 5.515e-06s
# MomentumEnergyIAD: 0.0373353s
# Timestep: 7.328e-06s
# UpdateQuantities: 0.000325224s
# UpdateSmoothingLength: 0.000169617s
### Check ### Global Tree Nodes: 512, Particles: 125000, Halos: 0
### Check ### Computational domain: -0.5 0.5 -0.5 0.5 -0.5 0.5
### Check ### Total Neighbors: 11625000, Avg neighbor count per particle: 93
### Check ### Total time: 6.30025e-05, current time-step: 6.7275e-06
### Check ### Total energy: 1, (internal: 0.999984, kinetic: 1.58788e-05, gravitational: 0)
### Check ### Focus Tree Nodes: 4096, maxDepth 4
=== Total time for iteration(20) 0.118796s

# domain::sync: 0.00911824s
# FindNeighbors: 0.0481033s
# Density: 0.00946752s
# EquationOfState: 8.9893e-05s
# mpi::synchronizeHalos: 3.016e-06s
# IAD: 0.0138762s
# mpi::synchronizeHalos: 6.346e-06s
# MomentumEnergyIAD: 0.037138s
# Timestep: 8.838e-06s
# UpdateQuantities: 0.000320805s
# UpdateSmoothingLength: 0.000167513s
### Check ### Global Tree Nodes: 512, Particles: 125000, Halos: 0
### Check ### Computational domain: -0.5 0.5 -0.5 0.5 -0.5 0.5
### Check ### Total Neighbors: 11625000, Avg neighbor count per particle: 93
### Check ### Total time: 7.04027e-05, current time-step: 7.40025e-06
### Check ### Total energy: 1, (internal: 0.99998, kinetic: 1.97935e-05, gravitational: 0)
### Check ### Focus Tree Nodes: 4096, maxDepth 4
=== Total time for iteration(21) 0.118301s

# domain::sync: 0.0102513s
# FindNeighbors: 0.0482928s
# Density: 0.00945768s
# EquationOfState: 8.971e-05s
# mpi::synchronizeHalos: 3.546e-06s
# IAD: 0.013867s
# mpi::synchronizeHalos: 5.989e-06s
# MomentumEnergyIAD: 0.0370975s
# Timestep: 6.824e-06s
# UpdateQuantities: 0.000334673s
# UpdateSmoothingLength: 0.00016768s
### Check ### Global Tree Nodes: 512, Particles: 125000, Halos: 0
### Check ### Computational domain: -0.5 0.5 -0.5 0.5 -0.5 0.5
### Check ### Total Neighbors: 11625000, Avg neighbor count per particle: 93
### Check ### Total time: 7.8543e-05, current time-step: 8.14027e-06
### Check ### Total energy: 1, (internal: 0.999975, kinetic: 2.45951e-05, gravitational: 0)
### Check ### Focus Tree Nodes: 4096, maxDepth 4
=== Total time for iteration(22) 0.119576s

# domain::sync: 0.00824371s
# FindNeighbors: 0.0520966s
# Density: 0.0123551s
# EquationOfState: 8.8026e-05s
# mpi::synchronizeHalos: 2.976e-06s
# IAD: 0.0182871s
# mpi::synchronizeHalos: 5.394e-06s
# MomentumEnergyIAD: 0.0544235s
# Timestep: 6.869e-06s
# UpdateQuantities: 0.000312052s
# UpdateSmoothingLength: 0.00016838s
### Check ### Global Tree Nodes: 512, Particles: 125000, Halos: 0
### Check ### Computational domain: -0.5 0.5 -0.5 0.5 -0.5 0.5
### Check ### Total Neighbors: 15375000, Avg neighbor count per particle: 123
### Check ### Total time: 8.74973e-05, current time-step: 8.9543e-06
### Check ### Total energy: 1, (internal: 0.99997, kinetic: 3.04753e-05, gravitational: 0)
### Check ### Focus Tree Nodes: 4096, maxDepth 4
=== Total time for iteration(23) 0.145991s

# domain::sync: 0.00858026s
# FindNeighbors: 0.047916s
# Density: 0.00948377s
# EquationOfState: 8.7476e-05s
# mpi::synchronizeHalos: 3.444e-06s
# IAD: 0.0138542s
# mpi::synchronizeHalos: 5.466e-06s
# MomentumEnergyIAD: 0.0371765s
# Timestep: 7.019e-06s
# UpdateQuantities: 0.000315489s
# UpdateSmoothingLength: 0.000170213s
### Check ### Global Tree Nodes: 512, Particles: 125000, Halos: 0
### Check ### Computational domain: -0.5 0.5 -0.5 0.5 -0.5 0.5
### Check ### Total Neighbors: 11625000, Avg neighbor count per particle: 93
### Check ### Total time: 9.73471e-05, current time-step: 9.84973e-06
### Check ### Total energy: 1, (internal: 0.999962, kinetic: 3.76849e-05, gravitational: 0)
### Check ### Focus Tree Nodes: 4096, maxDepth 4
=== Total time for iteration(24) 0.117601s

# domain::sync: 0.00981793s
# FindNeighbors: 0.0480604s
# Density: 0.00946847s
# EquationOfState: 8.8614e-05s
# mpi::synchronizeHalos: 2.914e-06s
# IAD: 0.0138945s
# mpi::synchronizeHalos: 6.062e-06s
# MomentumEnergyIAD: 0.0371164s
# Timestep: 7.65e-06s
# UpdateQuantities: 0.000320275s
# UpdateSmoothingLength: 0.000167374s
### Check ### Global Tree Nodes: 512, Particles: 125000, Halos: 0
### Check ### Computational domain: -0.5 0.5 -0.5 0.5 -0.5 0.5
### Check ### Total Neighbors: 11625000, Avg neighbor count per particle: 93
### Check ### Total time: 0.000108182, current time-step: 1.08347e-05
### Check ### Total energy: 1, (internal: 0.999954, kinetic: 4.64875e-05, gravitational: 0)
### Check ### Focus Tree Nodes: 4096, maxDepth 4
=== Total time for iteration(25) 0.118952s

# domain::sync: 0.00996499s
# FindNeighbors: 0.0517971s
# Density: 0.0123702s
# EquationOfState: 8.6485e-05s
# mpi::synchronizeHalos: 3.133e-06s
# IAD: 0.0185611s
# mpi::synchronizeHalos: 5.311e-06s
# MomentumEnergyIAD: 0.0926374s
# Timestep: 6.172e-06s
# UpdateQuantities: 0.000316817s
# UpdateSmoothingLength: 0.000167725s
### Check ### Global Tree Nodes: 512, Particles: 125000, Halos: 0
### Check ### Computational domain: -0.5 0.5 -0.5 0.5 -0.5 0.5
### Check ### Total Neighbors: 15375000, Avg neighbor count per particle: 123
### Check ### Total time: 0.0001201, current time-step: 1.19182e-05
### Check ### Total energy: 1, (internal: 0.999943, kinetic: 5.72306e-05, gravitational: 0)
### Check ### Focus Tree Nodes: 4096, maxDepth 4
=== Total time for iteration(26) 0.185918s

# domain::sync: 0.00995611s
# FindNeighbors: 0.0478039s
# Density: 0.00947619s
# EquationOfState: 8.8182e-05s
# mpi::synchronizeHalos: 3.344e-06s
# IAD: 0.0138689s
# mpi::synchronizeHalos: 5.28e-06s
# MomentumEnergyIAD: 0.0372797s
# Timestep: 6.453e-06s
# UpdateQuantities: 0.000323819s
# UpdateSmoothingLength: 0.000167702s
### Check ### Global Tree Nodes: 512, Particles: 125000, Halos: 0
### Check ### Computational domain: -0.5 0.5 -0.5 0.5 -0.5 0.5
### Check ### Total Neighbors: 11625000, Avg neighbor count per particle: 93
### Check ### Total time: 0.00013321, current time-step: 1.311e-05
### Check ### Total energy: 1, (internal: 0.99993, kinetic: 7.03611e-05, gravitational: 0)
### Check ### Focus Tree Nodes: 4096, maxDepth 4
=== Total time for iteration(27) 0.118981s

# domain::sync: 0.00906752s
# FindNeighbors: 0.048064s
# Density: 0.0094811s
# EquationOfState: 8.9227e-05s
# mpi::synchronizeHalos: 3.287e-06s
# IAD: 0.0138419s
# mpi::synchronizeHalos: 5.438e-06s
# MomentumEnergyIAD: 0.0371966s
# Timestep: 6.959e-06s
# UpdateQuantities: 0.00030788s
# UpdateSmoothingLength: 0.000167023s
### Check ### Global Tree Nodes: 512, Particles: 125000, Halos: 0
### Check ### Computational domain: -0.5 0.5 -0.5 0.5 -0.5 0.5
### Check ### Total Neighbors: 11625000, Avg neighbor count per particle: 93
### Check ### Total time: 0.000147631, current time-step: 1.4421e-05
### Check ### Total energy: 1, (internal: 0.999914, kinetic: 8.63486e-05, gravitational: 0)
### Check ### Focus Tree Nodes: 4096, maxDepth 4
=== Total time for iteration(28) 0.118232s

# domain::sync: 0.00967846s
# FindNeighbors: 0.0483493s
# Density: 0.0094813s
# EquationOfState: 8.8231e-05s
# mpi::synchronizeHalos: 3.498e-06s
# IAD: 0.0138462s
# mpi::synchronizeHalos: 4.986e-06s
# MomentumEnergyIAD: 0.0370989s
# Timestep: 6.282e-06s
# UpdateQuantities: 0.000314233s
# UpdateSmoothingLength: 0.000169635s
### Check ### Global Tree Nodes: 512, Particles: 125000, Halos: 0
### Check ### Computational domain: -0.5 0.5 -0.5 0.5 -0.5 0.5
### Check ### Total Neighbors: 11625000, Avg neighbor count per particle: 93
### Check ### Total time: 0.000163494, current time-step: 1.58631e-05
### Check ### Total energy: 1, (internal: 0.999894, kinetic: 0.000105812, gravitational: 0)
### Check ### Focus Tree Nodes: 4096, maxDepth 4
=== Total time for iteration(29) 0.119042s

# domain::sync: 0.00852723s
# FindNeighbors: 0.0516956s
# Density: 0.0124032s
# EquationOfState: 8.8218e-05s
# mpi::synchronizeHalos: 2.837e-06s
# IAD: 0.0183655s
# mpi::synchronizeHalos: 5.611e-06s
# MomentumEnergyIAD: 0.0726803s
# Timestep: 7.478e-06s
# UpdateQuantities: 0.000317667s
# UpdateSmoothingLength: 0.000168503s
### Check ### Global Tree Nodes: 512, Particles: 125000, Halos: 0
### Check ### Computational domain: -0.5 0.5 -0.5 0.5 -0.5 0.5
### Check ### Total Neighbors: 15375000, Avg neighbor count per particle: 123
### Check ### Total time: 0.000180943, current time-step: 1.74494e-05
### Check ### Total energy: 1, (internal: 0.999871, kinetic: 0.000129489, gravitational: 0)
### Check ### Focus Tree Nodes: 4096, maxDepth 4
=== Total time for iteration(30) 0.164263s

# domain::sync: 0.00889563s
# FindNeighbors: 0.0478352s
# Density: 0.00947887s
# EquationOfState: 8.8071e-05s
# mpi::synchronizeHalos: 2.787e-06s
# IAD: 0.0138736s
# mpi::synchronizeHalos: 5.433e-06s
# MomentumEnergyIAD: 0.0371845s
# Timestep: 6.407e-06s
# UpdateQuantities: 0.000325694s
# UpdateSmoothingLength: 0.000167346s
### Check ### Global Tree Nodes: 512, Particles: 125000, Halos: 0
### Check ### Computational domain: -0.5 0.5 -0.5 0.5 -0.5 0.5
### Check ### Total Neighbors: 11625000, Avg neighbor count per particle: 93
### Check ### Total time: 0.000200138, current time-step: 1.91943e-05
### Check ### Total energy: 1, (internal: 0.999842, kinetic: 0.000158344, gravitational: 0)
### Check ### Focus Tree Nodes: 4096, maxDepth 4
=== Total time for iteration(31) 0.117865s

# domain::sync: 0.00795979s
# FindNeighbors: 0.0480633s
# Density: 0.00946287s
# EquationOfState: 8.6909e-05s
# mpi::synchronizeHalos: 3.904e-06s
# IAD: 0.0138564s
# mpi::synchronizeHalos: 4.716e-06s
# MomentumEnergyIAD: 0.0370958s
# Timestep: 7.395e-06s
# UpdateQuantities: 0.000320329s
# UpdateSmoothingLength: 0.000167395s
### Check ### Global Tree Nodes: 512, Particles: 125000, Halos: 0
### Check ### Computational domain: -0.5 0.5 -0.5 0.5 -0.5 0.5
### Check ### Total Neighbors: 11625000, Avg neighbor count per particle: 93
### Check ### Total time: 0.000221252, current time-step: 2.11138e-05
### Check ### Total energy: 1, (internal: 0.999807, kinetic: 0.000193383, gravitational: 0)
### Check ### Focus Tree Nodes: 4096, maxDepth 4
=== Total time for iteration(32) 0.11703s

# domain::sync: 0.00928514s
# FindNeighbors: 0.0482369s
# Density: 0.00946481s
# EquationOfState: 8.9415e-05s
# mpi::synchronizeHalos: 2.767e-06s
# IAD: 0.0138365s
# mpi::synchronizeHalos: 5.249e-06s
# MomentumEnergyIAD: 0.0369861s
# Timestep: 6.861e-06s
# UpdateQuantities: 0.00032978s
# UpdateSmoothingLength: 0.000166391s
### Check ### Global Tree Nodes: 512, Particles: 125000, Halos: 0
### Check ### Computational domain: -0.5 0.5 -0.5 0.5 -0.5 0.5
### Check ### Total Neighbors: 11625000, Avg neighbor count per particle: 93
### Check ### Total time: 0.000244477, current time-step: 2.32252e-05
### Check ### Total energy: 1, (internal: 0.999764, kinetic: 0.000235936, gravitational: 0)
### Check ### Focus Tree Nodes: 4096, maxDepth 4
=== Total time for iteration(33) 0.118411s

# domain::sync: 0.0105641s
# FindNeighbors: 0.0519948s
# Density: 0.0123605s
# EquationOfState: 8.7753e-05s
# mpi::synchronizeHalos: 2.961e-06s
# IAD: 0.0183207s
# mpi::synchronizeHalos: 5.426e-06s
# MomentumEnergyIAD: 0.0617646s
# Timestep: 6.679e-06s
# UpdateQuantities: 0.000305459s
# UpdateSmoothingLength: 0.000167656s
### Check ### Global Tree Nodes: 512, Particles: 125000, Halos: 0
### Check ### Computational domain: -0.5 0.5 -0.5 0.5 -0.5 0.5
### Check ### Total Neighbors: 15375000, Avg neighbor count per particle: 123
### Check ### Total time: 0.000270024, current time-step: 2.55477e-05
### Check ### Total energy: 1, (internal: 0.999712, kinetic: 0.000287585, gravitational: 0)
### Check ### Focus Tree Nodes: 4096, maxDepth 4
=== Total time for iteration(34) 0.155582s

# domain::sync: 0.00857284s
# FindNeighbors: 0.0479837s
# Density: 0.00948079s
# EquationOfState: 8.9134e-05s
# mpi::synchronizeHalos: 3.176e-06s
# IAD: 0.0138704s
# mpi::synchronizeHalos: 5.244e-06s
# MomentumEnergyIAD: 0.0371856s
# Timestep: 6.516e-06s
# UpdateQuantities: 0.000328724s
# UpdateSmoothingLength: 0.000168078s
### Check ### Global Tree Nodes: 512, Particles: 125000, Halos: 0
### Check ### Computational domain: -0.5 0.5 -0.5 0.5 -0.5 0.5
### Check ### Total Neighbors: 11625000, Avg neighbor count per particle: 93
### Check ### Total time: 0.000298127, current time-step: 2.81024e-05
### Check ### Total energy: 1, (internal: 0.99965, kinetic: 0.000350396, gravitational: 0)
### Check ### Focus Tree Nodes: 4096, maxDepth 4
=== Total time for iteration(35) 0.117695s

# domain::sync: 0.00997278s
# FindNeighbors: 0.0481223s
# Density: 0.0094692s
# EquationOfState: 8.8329e-05s
# mpi::synchronizeHalos: 3.228e-06s
# IAD: 0.0138407s
# mpi::synchronizeHalos: 5.78e-06s
# MomentumEnergyIAD: 0.0370259s
# Timestep: 7.2e-06s
# UpdateQuantities: 0.000328666s
# UpdateSmoothingLength: 0.000166849s
### Check ### Global Tree Nodes: 512, Particles: 125000, Halos: 0
### Check ### Computational domain: -0.5 0.5 -0.5 0.5 -0.5 0.5
### Check ### Total Neighbors: 11625000, Avg neighbor count per particle: 93
### Check ### Total time: 0.000329039, current time-step: 3.09127e-05
### Check ### Total energy: 1, (internal: 0.999573, kinetic: 0.000426519, gravitational: 0)
### Check ### Focus Tree Nodes: 4096, maxDepth 4
=== Total time for iteration(36) 0.119032s

# domain::sync: 0.00743175s
# FindNeighbors: 0.0483307s
# Density: 0.00948107s
# EquationOfState: 8.8171e-05s
# mpi::synchronizeHalos: 3.574e-06s
# IAD: 0.0138417s
# mpi::synchronizeHalos: 6.271e-06s
# MomentumEnergyIAD: 0.0368974s
# Timestep: 6.856e-06s
# UpdateQuantities: 0.000313339s
# UpdateSmoothingLength: 0.000166839s
### Check ### Global Tree Nodes: 512, Particles: 125000, Halos: 0
### Check ### Computational domain: -0.5 0.5 -0.5 0.5 -0.5 0.5
### Check ### Total Neighbors: 11625000, Avg neighbor count per particle: 93
### Check ### Total time: 0.000363043, current time-step: 3.40039e-05
### Check ### Total energy: 1, (internal: 0.999481, kinetic: 0.000518792, gravitational: 0)
### Check ### Focus Tree Nodes: 4096, maxDepth 4
=== Total time for iteration(37) 0.116569s

# domain::sync: 0.00975062s
# FindNeighbors: 0.0520097s
# Density: 0.0123821s
# EquationOfState: 8.9571e-05s
# mpi::synchronizeHalos: 3.227e-06s
# IAD: 0.0182901s
# mpi::synchronizeHalos: 5.708e-06s
# MomentumEnergyIAD: 0.0563509s
# Timestep: 6.749e-06s
# UpdateQuantities: 0.000310948s
# UpdateSmoothingLength: 0.000166809s
### Check ### Global Tree Nodes: 512, Particles: 125000, Halos: 0
### Check ### Computational domain: -0.5 0.5 -0.5 0.5 -0.5 0.5
### Check ### Total Neighbors: 15375000, Avg neighbor count per particle: 123
### Check ### Total time: 0.000400448, current time-step: 3.74043e-05
### Check ### Total energy: 1, (internal: 0.999369, kinetic: 0.000630586, gravitational: 0)
### Check ### Focus Tree Nodes: 4096, maxDepth 4
=== Total time for iteration(38) 0.149368s

# domain::sync: 0.00952428s
# FindNeighbors: 0.047887s
# Density: 0.00946141s
# EquationOfState: 8.829e-05s
# mpi::synchronizeHalos: 2.715e-06s
# IAD: 0.013843s
# mpi::synchronizeHalos: 5.138e-06s
# MomentumEnergyIAD: 0.0371084s
# Timestep: 5.654e-06s
# UpdateQuantities: 0.000319113s
# UpdateSmoothingLength: 0.000166914s
### Check ### Global Tree Nodes: 512, Particles: 125000, Halos: 0
### Check ### Computational domain: -0.5 0.5 -0.5 0.5 -0.5 0.5
### Check ### Total Neighbors: 11625000, Avg neighbor count per particle: 93
### Check ### Total time: 0.000441593, current time-step: 4.11448e-05
### Check ### Total energy: 1, (internal: 0.999234, kinetic: 0.000766305, gravitational: 0)
### Check ### Focus Tree Nodes: 4096, maxDepth 4
=== Total time for iteration(39) 0.118413s

# domain::sync: 0.00924793s
# FindNeighbors: 0.0480991s
# Density: 0.00948954s
# EquationOfState: 8.8113e-05s
# mpi::synchronizeHalos: 3.151e-06s
# IAD: 0.0138572s
# mpi::synchronizeHalos: 5.742e-06s
# MomentumEnergyIAD: 0.0370653s
# Timestep: 6.742e-06s
# UpdateQuantities: 0.000333703s
# UpdateSmoothingLength: 0.000167375s
### Check ### Global Tree Nodes: 512, Particles: 125000, Halos: 0
### Check ### Computational domain: -0.5 0.5 -0.5 0.5 -0.5 0.5
### Check ### Total Neighbors: 11625000, Avg neighbor count per particle: 93
### Check ### Total time: 0.000486852, current time-step: 4.52593e-05
### Check ### Total energy: 1, (internal: 0.99907, kinetic: 0.000930494, gravitational: 0)
### Check ### Focus Tree Nodes: 4096, maxDepth 4
=== Total time for iteration(40) 0.118365s

# domain::sync: 0.00887788s
# FindNeighbors: 0.0483427s
# Density: 0.00947309s
# EquationOfState: 8.8165e-05s
# mpi::synchronizeHalos: 3.468e-06s
# IAD: 0.0138141s
# mpi::synchronizeHalos: 5.196e-06s
# MomentumEnergyIAD: 0.0369169s
# Timestep: 8.75e-06s
# UpdateQuantities: 0.000326035s
# UpdateSmoothingLength: 0.000167213s
### Check ### Global Tree Nodes: 512, Particles: 125000, Halos: 0
### Check ### Computational domain: -0.5 0.5 -0.5 0.5 -0.5 0.5
### Check ### Total Neighbors: 11625000, Avg neighbor count per particle: 93
### Check ### Total time: 0.000536637, current time-step: 4.97852e-05
### Check ### Total energy: 1, (internal: 0.998871, kinetic: 0.00112916, gravitational: 0)
### Check ### Focus Tree Nodes: 4096, maxDepth 4
=== Total time for iteration(41) 0.118025s

# domain::sync: 0.0103485s
# FindNeighbors: 0.0522574s
# Density: 0.0123829s
# EquationOfState: 8.8192e-05s
# mpi::synchronizeHalos: 3.266e-06s
# IAD: 0.0183111s
# mpi::synchronizeHalos: 6.48e-06s
# MomentumEnergyIAD: 0.0542294s
# Timestep: 8.438e-06s
# UpdateQuantities: 0.000316185s
# UpdateSmoothingLength: 0.00016662s
### Check ### Global Tree Nodes: 512, Particles: 125000, Halos: 0
### Check ### Computational domain: -0.5 0.5 -0.5 0.5 -0.5 0.5
### Check ### Total Neighbors: 15375000, Avg neighbor count per particle: 123
### Check ### Total time: 0.000591401, current time-step: 5.47637e-05
### Check ### Total energy: 1, (internal: 0.998631, kinetic: 0.00136941, gravitational: 0)
### Check ### Focus Tree Nodes: 4096, maxDepth 4
=== Total time for iteration(42) 0.14812s

# domain::sync: 0.00997377s
# FindNeighbors: 0.0482537s
# Density: 0.00948135s
# EquationOfState: 9.0361e-05s
# mpi::synchronizeHalos: 3.427e-06s
# IAD: 0.0138394s
# mpi::synchronizeHalos: 6.287e-06s
# MomentumEnergyIAD: 0.0370562s
# Timestep: 8.805e-06s
# UpdateQuantities: 0.000311213s
# UpdateSmoothingLength: 0.000169454s
### Check ### Global Tree Nodes: 512, Particles: 125000, Halos: 0
### Check ### Computational domain: -0.5 0.5 -0.5 0.5 -0.5 0.5
### Check ### Total Neighbors: 11625000, Avg neighbor count per particle: 93
### Check ### Total time: 0.000651641, current time-step: 6.02401e-05
### Check ### Total energy: 1, (internal: 0.998339, kinetic: 0.0016605, gravitational: 0)
### Check ### Focus Tree Nodes: 4096, maxDepth 4
=== Total time for iteration(43) 0.119196s

# domain::sync: 0.00938024s
# FindNeighbors: 0.0484298s
# Density: 0.00947304s
# EquationOfState: 8.9107e-05s
# mpi::synchronizeHalos: 3.016e-06s
# IAD: 0.0138244s
# mpi::synchronizeHalos: 7.493e-06s
# MomentumEnergyIAD: 0.036926s
# Timestep: 9.948e-06s
# UpdateQuantities: 0.000314624s
# UpdateSmoothingLength: 0.000167861s
### Check ### Global Tree Nodes: 512, Particles: 125000, Halos: 0
### Check ### Computational domain: -0.5 0.5 -0.5 0.5 -0.5 0.5
### Check ### Total Neighbors: 11625000, Avg neighbor count per particle: 93
### Check ### Total time: 0.000717905, current time-step: 6.62641e-05
### Check ### Total energy: 1, (internal: 0.997988, kinetic: 0.00201192, gravitational: 0)
### Check ### Focus Tree Nodes: 4096, maxDepth 4
=== Total time for iteration(44) 0.118627s

# domain::sync: 0.00978638s
# FindNeighbors: 0.0486618s
# Density: 0.00949357s
# EquationOfState: 8.994e-05s
# mpi::synchronizeHalos: 3.456e-06s
# IAD: 0.0138219s
# mpi::synchronizeHalos: 5.518e-06s
# MomentumEnergyIAD: 0.0368298s
# Timestep: 7.551e-06s
# UpdateQuantities: 0.000331172s
# UpdateSmoothingLength: 0.000168261s
### Check ### Global Tree Nodes: 512, Particles: 125000, Halos: 0
### Check ### Computational domain: -0.5 0.5 -0.5 0.5 -0.5 0.5
### Check ### Total Neighbors: 11633784, Avg neighbor count per particle: 93
### Check ### Total time: 0.000790795, current time-step: 7.28905e-05
### Check ### Total energy: 1, (internal: 0.997564, kinetic: 0.00243614, gravitational: 0)
### Check ### Focus Tree Nodes: 4096, maxDepth 4
=== Total time for iteration(45) 0.119201s

# domain::sync: 0.00922187s
# FindNeighbors: 0.0523865s
# Density: 0.0123767s
# EquationOfState: 8.7079e-05s
# mpi::synchronizeHalos: 3.208e-06s
# IAD: 0.0183234s
# mpi::synchronizeHalos: 5.734e-06s
# MomentumEnergyIAD: 0.0531395s
# Timestep: 7.728e-06s
# UpdateQuantities: 0.000313942s
# UpdateSmoothingLength: 0.000167693s
### Check ### Global Tree Nodes: 512, Particles: 125000, Halos: 0
### Check ### Computational domain: -0.5 0.5 -0.5 0.5 -0.5 0.5
### Check ### Total Neighbors: 15367176, Avg neighbor count per particle: 122
### Check ### Total time: 0.000870975, current time-step: 8.01795e-05
### Check ### Total energy: 1, (internal: 0.997052, kinetic: 0.00294783, gravitational: 0)
### Check ### Focus Tree Nodes: 4096, maxDepth 4
=== Total time for iteration(46) 0.146034s

# domain::sync: 0.0100823s
# FindNeighbors: 0.0481759s
# Density: 0.00946937s
# EquationOfState: 8.9249e-05s
# mpi::synchronizeHalos: 3.172e-06s
# IAD: 0.0138376s
# mpi::synchronizeHalos: 5.433e-06s
# MomentumEnergyIAD: 0.0370351s
# Timestep: 7.117e-06s
# UpdateQuantities: 0.000318705s
# UpdateSmoothingLength: 0.000167673s
### Check ### Global Tree Nodes: 512, Particles: 125000, Halos: 0
### Check ### Computational domain: -0.5 0.5 -0.5 0.5 -0.5 0.5
### Check ### Total Neighbors: 11625000, Avg neighbor count per particle: 93
### Check ### Total time: 0.000959172, current time-step: 8.81975e-05
### Check ### Total energy: 1, (internal: 0.996434, kinetic: 0.00356586, gravitational: 0)
### Check ### Focus Tree Nodes: 4096, maxDepth 4
=== Total time for iteration(47) 0.119193s

# domain::sync: 0.00861845s
# FindNeighbors: 0.04843s
# Density: 0.00947296s
# EquationOfState: 8.7434e-05s
# mpi::synchronizeHalos: 3.734e-06s
# IAD: 0.0138154s
# mpi::synchronizeHalos: 5.216e-06s
# MomentumEnergyIAD: 0.0369665s
# Timestep: 7.062e-06s
# UpdateQuantities: 0.00031111s
# UpdateSmoothingLength: 0.000167629s
### Check ### Global Tree Nodes: 512, Particles: 125000, Halos: 0
### Check ### Computational domain: -0.5 0.5 -0.5 0.5 -0.5 0.5
### Check ### Total Neighbors: 11629704, Avg neighbor count per particle: 93
### Check ### Total time: 0.00105619, current time-step: 9.70172e-05
### Check ### Total energy: 1, (internal: 0.99569, kinetic: 0.00430952, gravitational: 0)
### Check ### Focus Tree Nodes: 4096, maxDepth 4
=== Total time for iteration(48) 0.117887s

# domain::sync: 0.00942182s
# FindNeighbors: 0.0487189s
# Density: 0.00953691s
# EquationOfState: 8.7301e-05s
# mpi::synchronizeHalos: 3.501e-06s
# IAD: 0.0138567s
# mpi::synchronizeHalos: 5.747e-06s
# MomentumEnergyIAD: 0.0369459s
# Timestep: 6.88e-06s
# UpdateQuantities: 0.00032311s
# UpdateSmoothingLength: 0.00017218s
### Check ### Global Tree Nodes: 512, Particles: 125000, Halos: 0
### Check ### Computational domain: -0.5 0.5 -0.5 0.5 -0.5 0.5
### Check ### Total Neighbors: 11685864, Avg neighbor count per particle: 93
### Check ### Total time: 0.00116291, current time-step: 0.000106719
### Check ### Total energy: 1, (internal: 0.994796, kinetic: 0.00520391, gravitational: 0)
### Check ### Focus Tree Nodes: 4096, maxDepth 4
=== Total time for iteration(49) 0.11908s

# domain::sync: 0.00746777s
# FindNeighbors: 0.0522792s
# Density: 0.0123108s
# EquationOfState: 8.6769e-05s
# mpi::synchronizeHalos: 3.207e-06s
# IAD: 0.0182366s
# mpi::synchronizeHalos: 6.862e-06s
# MomentumEnergyIAD: 0.0521499s
# Timestep: 7.803e-06s
# UpdateQuantities: 0.000337401s
# UpdateSmoothingLength: 0.000167913s
### Check ### Global Tree Nodes: 512, Particles: 125000, Halos: 0
### Check ### Computational domain: -0.5 0.5 -0.5 0.5 -0.5 0.5
### Check ### Total Neighbors: 15272256, Avg neighbor count per particle: 122
### Check ### Total time: 0.0012803, current time-step: 0.000117391
### Check ### Total energy: 1, (internal: 0.993721, kinetic: 0.00627813, gravitational: 0)
### Check ### Focus Tree Nodes: 4096, maxDepth 4
=== Total time for iteration(50) 0.143055s

# domain::sync: 0.0102936s
# FindNeighbors: 0.0483847s
# Density: 0.00953308s
# EquationOfState: 8.7551e-05s
# mpi::synchronizeHalos: 3.201e-06s
# IAD: 0.0138906s
# mpi::synchronizeHalos: 4.774e-06s
# MomentumEnergyIAD: 0.0374575s
# Timestep: 6.475e-06s
# UpdateQuantities: 0.000327446s
# UpdateSmoothingLength: 0.000167635s
### Check ### Global Tree Nodes: 512, Particles: 125000, Halos: 0
### Check ### Computational domain: -0.5 0.5 -0.5 0.5 -0.5 0.5
### Check ### Total Neighbors: 11693208, Avg neighbor count per particle: 93
### Check ### Total time: 0.00140943, current time-step: 0.00012913
### Check ### Total energy: 0.999999, (internal: 0.992432, kinetic: 0.00756702, gravitational: 0)
### Check ### Focus Tree Nodes: 4096, maxDepth 4
=== Total time for iteration(51) 0.120158s

# domain::sync: 0.00928073s
# FindNeighbors: 0.0484873s
# Density: 0.00948338s
# EquationOfState: 8.9327e-05s
# mpi::synchronizeHalos: 3.563e-06s
# IAD: 0.0138245s
# mpi::synchronizeHalos: 5.166e-06s
# MomentumEnergyIAD: 0.036927s
# Timestep: 7.565e-06s
# UpdateQuantities: 0.000319298s
# UpdateSmoothingLength: 0.000167267s
### Check ### Global Tree Nodes: 512, Particles: 125000, Halos: 0
### Check ### Computational domain: -0.5 0.5 -0.5 0.5 -0.5 0.5
### Check ### Total Neighbors: 11648112, Avg neighbor count per particle: 93
### Check ### Total time: 0.00155147, current time-step: 0.000142043
### Check ### Total energy: 0.999999, (internal: 0.990889, kinetic: 0.00910963, gravitational: 0)
### Check ### Focus Tree Nodes: 4096, maxDepth 4
=== Total time for iteration(52) 0.118596s

# domain::sync: 0.00920836s
# FindNeighbors: 0.051721s
# Density: 0.0121507s
# EquationOfState: 8.7981e-05s
# mpi::synchronizeHalos: 3.208e-06s
# IAD: 0.0182124s
# mpi::synchronizeHalos: 4.798e-06s
# MomentumEnergyIAD: 0.0754812s
# Timestep: 7.602e-06s
# UpdateQuantities: 0.000312739s
# UpdateSmoothingLength: 0.000167223s
### Check ### Global Tree Nodes: 512, Particles: 125000, Halos: 0
### Check ### Computational domain: -0.5 0.5 -0.5 0.5 -0.5 0.5
### Check ### Total Neighbors: 15026520, Avg neighbor count per particle: 120
### Check ### Total time: 0.00170772, current time-step: 0.000156247
### Check ### Total energy: 0.999999, (internal: 0.989046, kinetic: 0.0109526, gravitational: 0)
### Check ### Focus Tree Nodes: 4096, maxDepth 4
=== Total time for iteration(53) 0.167359s

# domain::sync: 0.00934318s
# FindNeighbors: 0.0484591s
# Density: 0.00972073s
# EquationOfState: 8.8277e-05s
# mpi::synchronizeHalos: 2.954e-06s
# IAD: 0.0141098s
# mpi::synchronizeHalos: 5.239e-06s
# MomentumEnergyIAD: 0.0383526s
# Timestep: 6.106e-06s
# UpdateQuantities: 0.000315886s
# UpdateSmoothingLength: 0.000168074s
### Check ### Global Tree Nodes: 512, Particles: 125000, Halos: 0
### Check ### Computational domain: -0.5 0.5 -0.5 0.5 -0.5 0.5
### Check ### Total Neighbors: 11873760, Avg neighbor count per particle: 94
### Check ### Total time: 0.00187959, current time-step: 0.000171872
### Check ### Total energy: 0.999998, (internal: 0.98685, kinetic: 0.0131482, gravitational: 0)
### Check ### Focus Tree Nodes: 4096, maxDepth 4
=== Total time for iteration(54) 0.120573s

# domain::sync: 0.00748748s
# FindNeighbors: 0.0483719s
# Density: 0.00954898s
# EquationOfState: 8.7503e-05s
# mpi::synchronizeHalos: 2.753e-06s
# IAD: 0.0138867s
# mpi::synchronizeHalos: 4.984e-06s
# MomentumEnergyIAD: 0.0373493s
# Timestep: 6.703e-06s
# UpdateQuantities: 0.000316281s
# UpdateSmoothingLength: 0.000168289s
### Check ### Global Tree Nodes: 512, Particles: 125000, Halos: 0
### Check ### Computational domain: -0.5 0.5 -0.5 0.5 -0.5 0.5
### Check ### Total Neighbors: 11693784, Avg neighbor count per particle: 93
### Check ### Total time: 0.00206865, current time-step: 0.000189059
### Check ### Total energy: 0.999998, (internal: 0.984241, kinetic: 0.0157562, gravitational: 0)
### Check ### Focus Tree Nodes: 4096, maxDepth 4
=== Total time for iteration(55) 0.117232s

# domain::sync: 0.00948289s
# FindNeighbors: 0.0486051s
# Density: 0.00951429s
# EquationOfState: 8.7078e-05s
# mpi::synchronizeHalos: 3.439e-06s
# IAD: 0.0138308s
# mpi::synchronizeHalos: 5.358e-06s
# MomentumEnergyIAD: 0.0369668s
# Timestep: 6.629e-06s
# UpdateQuantities: 0.000327797s
# UpdateSmoothingLength: 0.000169406s
### Check ### Global Tree Nodes: 512, Particles: 125000, Halos: 0
### Check ### Computational domain: -0.5 0.5 -0.5 0.5 -0.5 0.5
### Check ### Total Neighbors: 11659080, Avg neighbor count per particle: 93
### Check ### Total time: 0.00227662, current time-step: 0.000207965
### Check ### Total energy: 0.999997, (internal: 0.981154, kinetic: 0.0188431, gravitational: 0)
### Check ### Focus Tree Nodes: 4096, maxDepth 4
=== Total time for iteration(56) 0.119001s

# domain::sync: 0.00746728s
# FindNeighbors: 0.0517582s
# Density: 0.0121812s
# EquationOfState: 8.8287e-05s
# mpi::synchronizeHalos: 4.66e-06s
# IAD: 0.018078s
# mpi::synchronizeHalos: 4.889e-06s
# MomentumEnergyIAD: 0.0600385s
# Timestep: 7.134e-06s
# UpdateQuantities: 0.000306009s
# UpdateSmoothingLength: 0.000167939s
### Check ### Global Tree Nodes: 512, Particles: 125000, Halos: 0
### Check ### Computational domain: -0.5 0.5 -0.5 0.5 -0.5 0.5
### Check ### Total Neighbors: 15047256, Avg neighbor count per particle: 120
### Check ### Total time: 0.00250538, current time-step: 0.000228762
### Check ### Total energy: 0.999996, (internal: 0.977514, kinetic: 0.0224821, gravitational: 0)
### Check ### Focus Tree Nodes: 4096, maxDepth 4
=== Total time for iteration(57) 0.150103s

# domain::sync: 0.00933241s
# FindNeighbors: 0.0484987s
# Density: 0.00970795s
# EquationOfState: 9.0674e-05s
# mpi::synchronizeHalos: 2.722e-06s
# IAD: 0.0140649s
# mpi::synchronizeHalos: 5.826e-06s
# MomentumEnergyIAD: 0.0381747s
# Timestep: 6.807e-06s
# UpdateQuantities: 0.000316508s
# UpdateSmoothingLength: 0.000167954s
### Check ### Global Tree Nodes: 512, Particles: 125000, Halos: 0
### Check ### Computational domain: -0.5 0.5 -0.5 0.5 -0.5 0.5
### Check ### Total Neighbors: 11845680, Avg neighbor count per particle: 94
### Check ### Total time: 0.00275701, current time-step: 0.000251638
### Check ### Total energy: 0.999995, (internal: 0.973243, kinetic: 0.0267518, gravitational: 0)
### Check ### Focus Tree Nodes: 4096, maxDepth 4
=== Total time for iteration(58) 0.12037s

# domain::sync: 0.00754575s
# FindNeighbors: 0.0484482s
# Density: 0.00952036s
# EquationOfState: 8.8006e-05s
# mpi::synchronizeHalos: 4.102e-06s
# IAD: 0.013832s
# mpi::synchronizeHalos: 5.341e-06s
# MomentumEnergyIAD: 0.0371134s
# Timestep: 7.057e-06s
# UpdateQuantities: 0.00031732s
# UpdateSmoothingLength: 0.000170092s
### Check ### Global Tree Nodes: 512, Particles: 125000, Halos: 0
### Check ### Computational domain: -0.5 0.5 -0.5 0.5 -0.5 0.5
### Check ### Total Neighbors: 11691192, Avg neighbor count per particle: 93
### Check ### Total time: 0.00303382, current time-step: 0.000276801
### Check ### Total energy: 0.999995, (internal: 0.96826, kinetic: 0.0317349, gravitational: 0)
### Check ### Focus Tree Nodes: 4096, maxDepth 4
=== Total time for iteration(59) 0.117053s

# domain::sync: 0.00895995s
# FindNeighbors: 0.0486433s
# Density: 0.00951719s
# EquationOfState: 8.9973e-05s
# mpi::synchronizeHalos: 3.108e-06s
# IAD: 0.0138464s
# mpi::synchronizeHalos: 4.943e-06s
# MomentumEnergyIAD: 0.0369144s
# Timestep: 6.532e-06s
# UpdateQuantities: 0.000325954s
# UpdateSmoothingLength: 0.000167806s
### Check ### Global Tree Nodes: 512, Particles: 125000, Halos: 0
### Check ### Computational domain: -0.5 0.5 -0.5 0.5 -0.5 0.5
### Check ### Total Neighbors: 11670984, Avg neighbor count per particle: 93
### Check ### Total time: 0.0033383, current time-step: 0.000304482
### Check ### Total energy: 0.999994, (internal: 0.962479, kinetic: 0.0375159, gravitational: 0)
### Check ### Focus Tree Nodes: 4096, maxDepth 4
=== Total time for iteration(60) 0.118481s

# domain::sync: 0.00954117s
# FindNeighbors: 0.051785s
# Density: 0.0121855s
# EquationOfState: 8.6478e-05s
# mpi::synchronizeHalos: 3.376e-06s
# IAD: 0.0180768s
# mpi::synchronizeHalos: 5.579e-06s
# MomentumEnergyIAD: 0.0539716s
# Timestep: 7.815e-06s
# UpdateQuantities: 0.000319839s
# UpdateSmoothingLength: 0.000169114s
### Check ### Global Tree Nodes: 512, Particles: 125000, Halos: 0
### Check ### Computational domain: -0.5 0.5 -0.5 0.5 -0.5 0.5
### Check ### Total Neighbors: 15065928, Avg neighbor count per particle: 120
### Check ### Total time: 0.00367323, current time-step: 0.00033493
### Check ### Total energy: 0.999995, (internal: 0.955819, kinetic: 0.0441769, gravitational: 0)
### Check ### Focus Tree Nodes: 4096, maxDepth 4
=== Total time for iteration(61) 0.146154s

# domain::sync: 0.00894682s
# FindNeighbors: 0.048518s
# Density: 0.00968179s
# EquationOfState: 8.7776e-05s
# mpi::synchronizeHalos: 3.992e-06s
# IAD: 0.0140095s
# mpi::synchronizeHalos: 5.54e-06s
# MomentumEnergyIAD: 0.0378622s
# Timestep: 6.871e-06s
# UpdateQuantities: 0.000320534s
# UpdateSmoothingLength: 0.000167457s
### Check ### Global Tree Nodes: 512, Particles: 125000, Halos: 0
### Check ### Computational domain: -0.5 0.5 -0.5 0.5 -0.5 0.5
### Check ### Total Neighbors: 11816904, Avg neighbor count per particle: 94
### Check ### Total time: 0.00404165, current time-step: 0.000368423
### Check ### Total energy: 0.999998, (internal: 0.948206, kinetic: 0.0517923, gravitational: 0)
### Check ### Focus Tree Nodes: 4096, maxDepth 4
=== Total time for iteration(62) 0.119612s

# domain::sync: 0.00758202s
# FindNeighbors: 0.0485034s
# Density: 0.00956323s
# EquationOfState: 8.7784e-05s
# mpi::synchronizeHalos: 3.079e-06s
# IAD: 0.0138353s
# mpi::synchronizeHalos: 7.021e-06s
# MomentumEnergyIAD: 0.0372507s
# Timestep: 8.388e-06s
# UpdateQuantities: 0.000318711s
# UpdateSmoothingLength: 0.000166892s
### Check ### Global Tree Nodes: 512, Particles: 125000, Halos: 0
### Check ### Computational domain: -0.5 0.5 -0.5 0.5 -0.5 0.5
### Check ### Total Neighbors: 11692512, Avg neighbor count per particle: 93
### Check ### Total time: 0.00442586, current time-step: 0.000384211
### Check ### Total energy: 0.999984, (internal: 0.940035, kinetic: 0.0599494, gravitational: 0)
### Check ### Focus Tree Nodes: 4096, maxDepth 4
=== Total time for iteration(63) 0.117328s

# domain::sync: 0.00892728s
# FindNeighbors: 0.0489692s
# Density: 0.00954672s
# EquationOfState: 9.4532e-05s
# mpi::synchronizeHalos: 3.285e-06s
# IAD: 0.013834s
# mpi::synchronizeHalos: 4.978e-06s
# MomentumEnergyIAD: 0.0370333s
# Timestep: 8.524e-06s
# UpdateQuantities: 0.000315819s
# UpdateSmoothingLength: 0.000169186s
### Check ### Global Tree Nodes: 512, Particles: 125000, Halos: 0
### Check ### Computational domain: -0.5 0.5 -0.5 0.5 -0.5 0.5
### Check ### Total Neighbors: 11692896, Avg neighbor count per particle: 93
### Check ### Total time: 0.00481358, current time-step: 0.000387713
### Check ### Total energy: 0.999958, (internal: 0.931633, kinetic: 0.0683251, gravitational: 0)
### Check ### Focus Tree Nodes: 4096, maxDepth 4
=== Total time for iteration(64) 0.118908s

# domain::sync: 0.00756609s
# FindNeighbors: 0.052009s
# Density: 0.0121881s
# EquationOfState: 8.8429e-05s
# mpi::synchronizeHalos: 3.517e-06s
# IAD: 0.018067s
# mpi::synchronizeHalos: 6.038e-06s
# MomentumEnergyIAD: 0.0523308s
# Timestep: 7.933e-06s
# UpdateQuantities: 0.000323316s
# UpdateSmoothingLength: 0.000166923s
### Check ### Global Tree Nodes: 512, Particles: 125000, Halos: 0
### Check ### Computational domain: -0.5 0.5 -0.5 0.5 -0.5 0.5
### Check ### Total Neighbors: 15079128, Avg neighbor count per particle: 120
### Check ### Total time: 0.00519888, current time-step: 0.000385302
### Check ### Total energy: 0.999928, (internal: 0.9232, kinetic: 0.0767279, gravitational: 0)
### Check ### Focus Tree Nodes: 4096, maxDepth 4
=== Total time for iteration(65) 0.142758s

# domain::sync: 0.0075786s
# FindNeighbors: 0.0485586s
# Density: 0.0096409s
# EquationOfState: 8.8115e-05s
# mpi::synchronizeHalos: 3.649e-06s
# IAD: 0.0139517s
# mpi::synchronizeHalos: 5.493e-06s
# MomentumEnergyIAD: 0.0378243s
# Timestep: 7.403e-06s
# UpdateQuantities: 0.000320649s
# UpdateSmoothingLength: 0.000167283s
### Check ### Global Tree Nodes: 512, Particles: 125000, Halos: 0
### Check ### Computational domain: -0.5 0.5 -0.5 0.5 -0.5 0.5
### Check ### Total Neighbors: 11762208, Avg neighbor count per particle: 94
### Check ### Total time: 0.00558324, current time-step: 0.000384362
### Check ### Total energy: 0.999904, (internal: 0.914766, kinetic: 0.0851378, gravitational: 0)
### Check ### Focus Tree Nodes: 4096, maxDepth 4
=== Total time for iteration(66) 0.118148s

# domain::sync: 0.00906411s
# FindNeighbors: 0.0485602s
# Density: 0.00957779s
# EquationOfState: 9.0938e-05s
# mpi::synchronizeHalos: 3.285e-06s
# IAD: 0.0138638s
# mpi::synchronizeHalos: 6.408e-06s
# MomentumEnergyIAD: 0.0373165s
# Timestep: 7.431e-06s
# UpdateQuantities: 0.000320151s
# UpdateSmoothingLength: 0.000168055s
### Check ### Global Tree Nodes: 512, Particles: 125000, Halos: 0
### Check ### Computational domain: -0.5 0.5 -0.5 0.5 -0.5 0.5
### Check ### Total Neighbors: 11714784, Avg neighbor count per particle: 93
### Check ### Total time: 0.00596769, current time-step: 0.000384448
### Check ### Total energy: 0.999883, (internal: 0.906357, kinetic: 0.0935263, gravitational: 0)
### Check ### Focus Tree Nodes: 4096, maxDepth 4
=== Total time for iteration(67) 0.11898s

# domain::sync: 0.00758976s
# FindNeighbors: 0.0488232s
# Density: 0.00957871s
# EquationOfState: 8.9655e-05s
# mpi::synchronizeHalos: 3.646e-06s
# IAD: 0.0138447s
# mpi::synchronizeHalos: 5.447e-06s
# MomentumEnergyIAD: 0.0372996s
# Timestep: 8.125e-06s
# UpdateQuantities: 0.000321977s
# UpdateSmoothingLength: 0.000167224s
### Check ### Global Tree Nodes: 512, Particles: 125000, Halos: 0
### Check ### Computational domain: -0.5 0.5 -0.5 0.5 -0.5 0.5
### Check ### Total Neighbors: 11718600, Avg neighbor count per particle: 93
### Check ### Total time: 0.00634589, current time-step: 0.000378199
### Check ### Total energy: 0.999857, (internal: 0.898154, kinetic: 0.101703, gravitational: 0)
### Check ### Focus Tree Nodes: 4096, maxDepth 4
=== Total time for iteration(68) 0.117733s

# domain::sync: 0.00759164s
# FindNeighbors: 0.0519115s
# Density: 0.0121964s
# EquationOfState: 8.6802e-05s
# mpi::synchronizeHalos: 3.526e-06s
# IAD: 0.0180507s
# mpi::synchronizeHalos: 6.597e-06s
# MomentumEnergyIAD: 0.051131s
# Timestep: 7.747e-06s
# UpdateQuantities: 0.000312759s
# UpdateSmoothingLength: 0.00016702s
### Check ### Global Tree Nodes: 512, Particles: 125000, Halos: 0
### Check ### Computational domain: -0.5 0.5 -0.5 0.5 -0.5 0.5
### Check ### Total Neighbors: 15091904, Avg neighbor count per particle: 120
### Check ### Total time: 0.00672464, current time-step: 0.000378754
### Check ### Total energy: 0.999842, (internal: 0.890041, kinetic: 0.109801, gravitational: 0)
### Check ### Focus Tree Nodes: 4096, maxDepth 4
=== Total time for iteration(69) 0.141467s

# domain::sync: 0.00756948s
# FindNeighbors: 0.0485416s
# Density: 0.00962475s
# EquationOfState: 9.054e-05s
# mpi::synchronizeHalos: 3.13e-06s
# IAD: 0.0139164s
# mpi::synchronizeHalos: 4.91e-06s
# MomentumEnergyIAD: 0.0376252s
# Timestep: 8.295e-06s
# UpdateQuantities: 0.000325439s
# UpdateSmoothingLength: 0.000168562s
### Check ### Global Tree Nodes: 512, Particles: 125000, Halos: 0
### Check ### Computational domain: -0.5 0.5 -0.5 0.5 -0.5 0.5
### Check ### Total Neighbors: 11735440, Avg neighbor count per particle: 93
### Check ### Total time: 0.0071064, current time-step: 0.000381755
### Check ### Total energy: 0.999833, (internal: 0.881998, kinetic: 0.117836, gravitational: 0)
### Check ### Focus Tree Nodes: 4096, maxDepth 4
=== Total time for iteration(70) 0.117879s

# domain::sync: 0.00780138s
# FindNeighbors: 0.0485784s
# Density: 0.00961957s
# EquationOfState: 8.6767e-05s
# mpi::synchronizeHalos: 3.978e-06s
# IAD: 0.0138886s
# mpi::synchronizeHalos: 6.335e-06s
# MomentumEnergyIAD: 0.0371957s
# Timestep: 8.121e-06s
# UpdateQuantities: 0.000328751s
# UpdateSmoothingLength: 0.000168599s
### Check ### Global Tree Nodes: 512, Particles: 125000, Halos: 0
### Check ### Computational domain: -0.5 0.5 -0.5 0.5 -0.5 0.5
### Check ### Total Neighbors: 11729784, Avg neighbor count per particle: 93
### Check ### Total time: 0.00748437, current time-step: 0.000377977
### Check ### Total energy: 0.999816, (internal: 0.87419, kinetic: 0.125626, gravitational: 0)
### Check ### Focus Tree Nodes: 4096, maxDepth 4
=== Total time for iteration(71) 0.117688s

# domain::sync: 0.00763116s
# FindNeighbors: 0.0488559s
# Density: 0.0096144s
# EquationOfState: 8.8851e-05s
# mpi::synchronizeHalos: 3.534e-06s
# IAD: 0.0138777s
# mpi::synchronizeHalos: 5.173e-06s
# MomentumEnergyIAD: 0.0370995s
# Timestep: 8.526e-06s
# UpdateQuantities: 0.00032607s
# UpdateSmoothingLength: 0.000169381s
### Check ### Global Tree Nodes: 512, Particles: 125000, Halos: 0
### Check ### Computational domain: -0.5 0.5 -0.5 0.5 -0.5 0.5
### Check ### Total Neighbors: 11741472, Avg neighbor count per particle: 93
### Check ### Total time: 0.00786305, current time-step: 0.000378677
### Check ### Total energy: 0.999808, (internal: 0.866544, kinetic: 0.133263, gravitational: 0)
### Check ### Focus Tree Nodes: 4096, maxDepth 4
=== Total time for iteration(72) 0.117681s

# domain::sync: 0.00917104s
# FindNeighbors: 0.0520926s
# Density: 0.0121895s
# EquationOfState: 8.8144e-05s
# mpi::synchronizeHalos: 2.949e-06s
# IAD: 0.0180229s
# mpi::synchronizeHalos: 6.075e-06s
# MomentumEnergyIAD: 0.0506702s
# Timestep: 1.6197e-05s
# UpdateQuantities: 0.000303128s
# UpdateSmoothingLength: 0.000167741s
### Check ### Global Tree Nodes: 512, Particles: 125000, Halos: 0
### Check ### Computational domain: -0.5 0.5 -0.5 0.5 -0.5 0.5
### Check ### Total Neighbors: 15076392, Avg neighbor count per particle: 120
### Check ### Total time: 0.00824219, current time-step: 0.000379144
### Check ### Total energy: 0.9998, (internal: 0.859081, kinetic: 0.140719, gravitational: 0)
### Check ### Focus Tree Nodes: 4096, maxDepth 4
=== Total time for iteration(73) 0.142732s

# domain::sync: 0.00757264s
# FindNeighbors: 0.0484843s
# Density: 0.00962142s
# EquationOfState: 9.5988e-05s
# mpi::synchronizeHalos: 3.277e-06s
# IAD: 0.0138982s
# mpi::synchronizeHalos: 5.24e-06s
# MomentumEnergyIAD: 0.037601s
# Timestep: 8.233e-06s
# UpdateQuantities: 0.000314022s
# UpdateSmoothingLength: 0.000167725s
### Check ### Global Tree Nodes: 512, Particles: 125000, Halos: 0
### Check ### Computational domain: -0.5 0.5 -0.5 0.5 -0.5 0.5
### Check ### Total Neighbors: 11741840, Avg neighbor count per particle: 93
### Check ### Total time: 0.00861357, current time-step: 0.000371377
### Check ### Total energy: 0.999783, (internal: 0.851968, kinetic: 0.147814, gravitational: 0)
### Check ### Focus Tree Nodes: 4096, maxDepth 4
=== Total time for iteration(74) 0.117773s

# domain::sync: 0.00775302s
# FindNeighbors: 0.0486101s
# Density: 0.00962026s
# EquationOfState: 9.1427e-05s
# mpi::synchronizeHalos: 4.873e-06s
# IAD: 0.0138939s
# mpi::synchronizeHalos: 7.02e-06s
# MomentumEnergyIAD: 0.0373153s
# Timestep: 8.634e-06s
# UpdateQuantities: 0.000321998s
# UpdateSmoothingLength: 0.000168553s
### Check ### Global Tree Nodes: 512, Particles: 125000, Halos: 0
### Check ### Computational domain: -0.5 0.5 -0.5 0.5 -0.5 0.5
### Check ### Total Neighbors: 11736128, Avg neighbor count per particle: 93
### Check ### Total time: 0.00898766, current time-step: 0.000374087
### Check ### Total energy: 0.999781, (internal: 0.845012, kinetic: 0.154769, gravitational: 0)
### Check ### Focus Tree Nodes: 4096, maxDepth 4
=== Total time for iteration(75) 0.117796s

# domain::sync: 0.00758433s
# FindNeighbors: 0.051506s
# Density: 0.0120562s
# EquationOfState: 8.9575e-05s
# mpi::synchronizeHalos: 3.777e-06s
# IAD: 0.0183193s
# mpi::synchronizeHalos: 5.307e-06s
# MomentumEnergyIAD: 0.133388s
# Timestep: 7.876e-06s
# UpdateQuantities: 0.000325357s
# UpdateSmoothingLength: 0.000167389s
### Check ### Global Tree Nodes: 512, Particles: 125000, Halos: 0
### Check ### Computational domain: -0.5 0.5 -0.5 0.5 -0.5 0.5
### Check ### Total Neighbors: 14875288, Avg neighbor count per particle: 119
### Check ### Total time: 0.00936393, current time-step: 0.000376275
### Check ### Total energy: 0.99978, (internal: 0.838235, kinetic: 0.161545, gravitational: 0)
### Check ### Focus Tree Nodes: 4096, maxDepth 4
=== Total time for iteration(76) 0.223454s

# domain::sync: 0.00777776s
# FindNeighbors: 0.0484735s
# Density: 0.00978211s
# EquationOfState: 8.8458e-05s
# mpi::synchronizeHalos: 3.533e-06s
# IAD: 0.0141178s
# mpi::synchronizeHalos: 5.126e-06s
# MomentumEnergyIAD: 0.0384904s
# Timestep: 8.622e-06s
# UpdateQuantities: 0.000323901s
# UpdateSmoothingLength: 0.000167287s
### Check ### Global Tree Nodes: 512, Particles: 125000, Halos: 0
### Check ### Computational domain: -0.5 0.5 -0.5 0.5 -0.5 0.5
### Check ### Total Neighbors: 11931304, Avg neighbor count per particle: 95
### Check ### Total time: 0.00973447, current time-step: 0.000370537
### Check ### Total energy: 0.999769, (internal: 0.831784, kinetic: 0.167985, gravitational: 0)
### Check ### Focus Tree Nodes: 4096, maxDepth 4
=== Total time for iteration(77) 0.11924s

# domain::sync: 0.00912355s
# FindNeighbors: 0.0484394s
# Density: 0.00961942s
# EquationOfState: 9.1303e-05s
# mpi::synchronizeHalos: 3.485e-06s
# IAD: 0.0138873s
# mpi::synchronizeHalos: 6.663e-06s
# MomentumEnergyIAD: 0.0373745s
# Timestep: 7.047e-06s
# UpdateQuantities: 0.000312207s
# UpdateSmoothingLength: 0.0001688s
### Check ### Global Tree Nodes: 512, Particles: 125000, Halos: 0
### Check ### Computational domain: -0.5 0.5 -0.5 0.5 -0.5 0.5
### Check ### Total Neighbors: 11748304, Avg neighbor count per particle: 93
### Check ### Total time: 0.0101061, current time-step: 0.000371626
### Check ### Total energy: 0.999768, (internal: 0.825539, kinetic: 0.174229, gravitational: 0)
### Check ### Focus Tree Nodes: 4096, maxDepth 4
=== Total time for iteration(78) 0.119035s

# domain::sync: 0.00776733s
# FindNeighbors: 0.0487398s
# Density: 0.00962616s
# EquationOfState: 8.7983e-05s
# mpi::synchronizeHalos: 3.394e-06s
# IAD: 0.0138765s
# mpi::synchronizeHalos: 5.59e-06s
# MomentumEnergyIAD: 0.0373538s
# Timestep: 8.126e-06s
# UpdateQuantities: 0.000311673s
# UpdateSmoothingLength: 0.000171664s
### Check ### Global Tree Nodes: 512, Particles: 125000, Halos: 0
### Check ### Computational domain: -0.5 0.5 -0.5 0.5 -0.5 0.5
### Check ### Total Neighbors: 11743744, Avg neighbor count per particle: 93
### Check ### Total time: 0.010478, current time-step: 0.000371889
### Check ### Total energy: 0.999767, (internal: 0.819519, kinetic: 0.180248, gravitational: 0)
### Check ### Focus Tree Nodes: 4096, maxDepth 4
=== Total time for iteration(79) 0.117953s

# domain::sync: 0.00777268s
# FindNeighbors: 0.051572s
# Density: 0.0120515s
# EquationOfState: 8.8057e-05s
# mpi::synchronizeHalos: 3.609e-06s
# IAD: 0.0179769s
# mpi::synchronizeHalos: 6.162e-06s
# MomentumEnergyIAD: 0.0652109s
# Timestep: 8.151e-06s
# UpdateQuantities: 0.000322124s
# UpdateSmoothingLength: 0.000167166s
### Check ### Global Tree Nodes: 512, Particles: 125000, Halos: 0
### Check ### Computational domain: -0.5 0.5 -0.5 0.5 -0.5 0.5
### Check ### Total Neighbors: 14882448, Avg neighbor count per particle: 119
### Check ### Total time: 0.0108499, current time-step: 0.000371891
### Check ### Total energy: 0.999766, (internal: 0.813732, kinetic: 0.186034, gravitational: 0)
### Check ### Focus Tree Nodes: 4096, maxDepth 4
=== Total time for iteration(80) 0.15518s

# domain::sync: 0.00757396s
# FindNeighbors: 0.048502s
# Density: 0.00976724s
# EquationOfState: 8.6369e-05s
# mpi::synchronizeHalos: 4.012e-06s
# IAD: 0.0141054s
# mpi::synchronizeHalos: 6.53e-06s
# MomentumEnergyIAD: 0.0385531s
# Timestep: 7.327e-06s
# UpdateQuantities: 0.000328739s
# UpdateSmoothingLength: 0.000166553s
### Check ### Global Tree Nodes: 512, Particles: 125000, Halos: 0
### Check ### Computational domain: -0.5 0.5 -0.5 0.5 -0.5 0.5
### Check ### Total Neighbors: 11907289, Avg neighbor count per particle: 95
### Check ### Total time: 0.0112225, current time-step: 0.000372657
### Check ### Total energy: 0.999767, (internal: 0.808166, kinetic: 0.191601, gravitational: 0)
### Check ### Focus Tree Nodes: 4096, maxDepth 4
=== Total time for iteration(81) 0.119102s

# domain::sync: 0.00907057s
# FindNeighbors: 0.0485476s
# Density: 0.0096357s
# EquationOfState: 9.1282e-05s
# mpi::synchronizeHalos: 3.769e-06s
# IAD: 0.0139131s
# mpi::synchronizeHalos: 5.498e-06s
# MomentumEnergyIAD: 0.0373926s
# Timestep: 8.53e-06s
# UpdateQuantities: 0.000312404s
# UpdateSmoothingLength: 0.000168882s
### Check ### Global Tree Nodes: 512, Particles: 125000, Halos: 0
### Check ### Computational domain: -0.5 0.5 -0.5 0.5 -0.5 0.5
### Check ### Total Neighbors: 11758967, Avg neighbor count per particle: 94
### Check ### Total time: 0.0115842, current time-step: 0.000361655
### Check ### Total energy: 0.999751, (internal: 0.802986, kinetic: 0.196765, gravitational: 0)
### Check ### Focus Tree Nodes: 4096, maxDepth 4
=== Total time for iteration(82) 0.119151s

# domain::sync: 0.00778143s
# FindNeighbors: 0.0488836s
# Density: 0.00963663s
# EquationOfState: 8.8276e-05s
# mpi::synchronizeHalos: 2.812e-06s
# IAD: 0.0138999s
# mpi::synchronizeHalos: 5.117e-06s
# MomentumEnergyIAD: 0.0372874s
# Timestep: 7.629e-06s
# UpdateQuantities: 0.000311885s
# UpdateSmoothingLength: 0.000168689s
### Check ### Global Tree Nodes: 512, Particles: 125000, Halos: 0
### Check ### Computational domain: -0.5 0.5 -0.5 0.5 -0.5 0.5
### Check ### Total Neighbors: 11755688, Avg neighbor count per particle: 94
### Check ### Total time: 0.0119454, current time-step: 0.000361205
### Check ### Total energy: 0.999751, (internal: 0.798029, kinetic: 0.201722, gravitational: 0)
### Check ### Focus Tree Nodes: 4096, maxDepth 4
=== Total time for iteration(83) 0.118075s

# domain::sync: 0.00775752s
# FindNeighbors: 0.0516732s
# Density: 0.0120761s
# EquationOfState: 8.8653e-05s
# mpi::synchronizeHalos: 3.284e-06s
# IAD: 0.0178676s
# mpi::synchronizeHalos: 5.07e-06s
# MomentumEnergyIAD: 0.0545373s
# Timestep: 1.0412e-05s
# UpdateQuantities: 0.000312801s
# UpdateSmoothingLength: 0.000169s
### Check ### Global Tree Nodes: 512, Particles: 125000, Halos: 0
### Check ### Computational domain: -0.5 0.5 -0.5 0.5 -0.5 0.5
### Check ### Total Neighbors: 14895800, Avg neighbor count per particle: 119
### Check ### Total time: 0.0123101, current time-step: 0.000364666
### Check ### Total energy: 0.999756, (internal: 0.793243, kinetic: 0.206513, gravitational: 0)
### Check ### Focus Tree Nodes: 4096, maxDepth 4
=== Total time for iteration(84) 0.144502s

# domain::sync: 0.00784929s
# FindNeighbors: 0.0486066s
# Density: 0.00975973s
# EquationOfState: 8.7365e-05s
# mpi::synchronizeHalos: 4.561e-06s
# IAD: 0.0140849s
# mpi::synchronizeHalos: 6.701e-06s
# MomentumEnergyIAD: 0.0381694s
# Timestep: 6.853e-06s
# UpdateQuantities: 0.000331124s
# UpdateSmoothingLength: 0.000169086s
### Check ### Global Tree Nodes: 512, Particles: 125000, Halos: 0
### Check ### Computational domain: -0.5 0.5 -0.5 0.5 -0.5 0.5
### Check ### Total Neighbors: 11889008, Avg neighbor count per particle: 95
### Check ### Total time: 0.0126731, current time-step: 0.000363028
### Check ### Total energy: 0.999754, (internal: 0.788692, kinetic: 0.211062, gravitational: 0)
### Check ### Focus Tree Nodes: 4096, maxDepth 4
=== Total time for iteration(85) 0.119077s

# domain::sync: 0.00770543s
# FindNeighbors: 0.0486244s
# Density: 0.00965137s
# EquationOfState: 8.7997e-05s
# mpi::synchronizeHalos: 3.198e-06s
# IAD: 0.013923s
# mpi::synchronizeHalos: 5.174e-06s
# MomentumEnergyIAD: 0.037442s
# Timestep: 8.813e-06s
# UpdateQuantities: 0.000332097s
# UpdateSmoothingLength: 0.000170674s
### Check ### Global Tree Nodes: 512, Particles: 125000, Halos: 0
### Check ### Computational domain: -0.5 0.5 -0.5 0.5 -0.5 0.5
### Check ### Total Neighbors: 11768048, Avg neighbor count per particle: 94
### Check ### Total time: 0.0130359, current time-step: 0.000362775
### Check ### Total energy: 0.999754, (internal: 0.784354, kinetic: 0.2154, gravitational: 0)
### Check ### Focus Tree Nodes: 4096, maxDepth 4
=== Total time for iteration(86) 0.117955s

# domain::sync: 0.00782202s
# FindNeighbors: 0.0487888s
# Density: 0.00964258s
# EquationOfState: 8.8621e-05s
# mpi::synchronizeHalos: 4e-06s
# IAD: 0.0139132s
# mpi::synchronizeHalos: 5.652e-06s
# MomentumEnergyIAD: 0.0373905s
# Timestep: 8.935e-06s
# UpdateQuantities: 0.000323866s
# UpdateSmoothingLength: 0.000167142s
### Check ### Global Tree Nodes: 512, Particles: 125000, Halos: 0
### Check ### Computational domain: -0.5 0.5 -0.5 0.5 -0.5 0.5
### Check ### Total Neighbors: 11766224, Avg neighbor count per particle: 94
### Check ### Total time: 0.0134, current time-step: 0.000364167
### Check ### Total energy: 0.999756, (internal: 0.780206, kinetic: 0.219549, gravitational: 0)
### Check ### Focus Tree Nodes: 4096, maxDepth 4
=== Total time for iteration(87) 0.118157s

# domain::sync: 0.00883692s
# FindNeighbors: 0.051647s
# Density: 0.0120916s
# EquationOfState: 8.9972e-05s
# mpi::synchronizeHalos: 3.092e-06s
# IAD: 0.01785s
# mpi::synchronizeHalos: 5.304e-06s
# MomentumEnergyIAD: 0.0516053s
# Timestep: 8.234e-06s
# UpdateQuantities: 0.000313676s
# UpdateSmoothingLength: 0.000166563s
### Check ### Global Tree Nodes: 512, Particles: 125000, Halos: 0
### Check ### Computational domain: -0.5 0.5 -0.5 0.5 -0.5 0.5
### Check ### Total Neighbors: 14906744, Avg neighbor count per particle: 119
### Check ### Total time: 0.0137657, current time-step: 0.00036565
### Check ### Total energy: 0.999758, (internal: 0.776246, kinetic: 0.223512, gravitational: 0)
### Check ### Focus Tree Nodes: 4096, maxDepth 4
=== Total time for iteration(88) 0.142619s

# domain::sync: 0.00781475s
# FindNeighbors: 0.0485384s
# Density: 0.00974486s
# EquationOfState: 8.7954e-05s
# mpi::synchronizeHalos: 3.021e-06s
# IAD: 0.0140537s
# mpi::synchronizeHalos: 6.623e-06s
# MomentumEnergyIAD: 0.0381137s
# Timestep: 7.26e-06s
# UpdateQuantities: 0.000319033s
# UpdateSmoothingLength: 0.000168001s
### Check ### Global Tree Nodes: 512, Particles: 125000, Halos: 0
### Check ### Computational domain: -0.5 0.5 -0.5 0.5 -0.5 0.5
### Check ### Total Neighbors: 11875744, Avg neighbor count per particle: 95
### Check ### Total time: 0.0141329, current time-step: 0.000367258
### Check ### Total energy: 0.999761, (internal: 0.772471, kinetic: 0.22729, gravitational: 0)
### Check ### Focus Tree Nodes: 4096, maxDepth 4
=== Total time for iteration(89) 0.118859s

# domain::sync: 0.00777201s
# FindNeighbors: 0.0485805s
# Density: 0.00966229s
# EquationOfState: 8.8434e-05s
# mpi::synchronizeHalos: 3.407e-06s
# IAD: 0.0139332s
# mpi::synchronizeHalos: 5.785e-06s
# MomentumEnergyIAD: 0.0375484s
# Timestep: 8.139e-06s
# UpdateQuantities: 0.000338741s
# UpdateSmoothingLength: 0.000167385s
### Check ### Global Tree Nodes: 512, Particles: 125000, Halos: 0
### Check ### Computational domain: -0.5 0.5 -0.5 0.5 -0.5 0.5
### Check ### Total Neighbors: 11774032, Avg neighbor count per particle: 94
### Check ### Total time: 0.014493, current time-step: 0.000360062
### Check ### Total energy: 0.999751, (internal: 0.768962, kinetic: 0.230789, gravitational: 0)
### Check ### Focus Tree Nodes: 4096, maxDepth 4
=== Total time for iteration(90) 0.118109s

# domain::sync: 0.00783214s
# FindNeighbors: 0.0486834s
# Density: 0.00968807s
# EquationOfState: 8.9041e-05s
# mpi::synchronizeHalos: 3.659e-06s
# IAD: 0.0139452s
# mpi::synchronizeHalos: 5.503e-06s
# MomentumEnergyIAD: 0.0374009s
# Timestep: 8.604e-06s
# UpdateQuantities: 0.000318247s
# UpdateSmoothingLength: 0.000168423s
### Check ### Global Tree Nodes: 512, Particles: 125000, Halos: 0
### Check ### Computational domain: -0.5 0.5 -0.5 0.5 -0.5 0.5
### Check ### Total Neighbors: 11777608, Avg neighbor count per particle: 94
### Check ### Total time: 0.014855, current time-step: 0.000361989
### Check ### Total energy: 0.999754, (internal: 0.765619, kinetic: 0.234135, gravitational: 0)
### Check ### Focus Tree Nodes: 4096, maxDepth 4
=== Total time for iteration(91) 0.118144s

# domain::sync: 0.00780373s
# FindNeighbors: 0.0517951s
# Density: 0.0120874s
# EquationOfState: 9.1384e-05s
# mpi::synchronizeHalos: 4.249e-06s
# IAD: 0.0178574s
# mpi::synchronizeHalos: 5.867e-06s
# MomentumEnergyIAD: 0.0507267s
# Timestep: 8.343e-06s
# UpdateQuantities: 0.000311888s
# UpdateSmoothingLength: 0.000166183s
### Check ### Global Tree Nodes: 512, Particles: 125000, Halos: 0
### Check ### Computational domain: -0.5 0.5 -0.5 0.5 -0.5 0.5
### Check ### Total Neighbors: 14912056, Avg neighbor count per particle: 119
### Check ### Total time: 0.0152211, current time-step: 0.000366098
### Check ### Total energy: 0.999759, (internal: 0.762424, kinetic: 0.237335, gravitational: 0)
### Check ### Focus Tree Nodes: 4096, maxDepth 4
=== Total time for iteration(92) 0.14086s

# domain::sync: 0.00767501s
# FindNeighbors: 0.0485079s
# Density: 0.00972552s
# EquationOfState: 8.785e-05s
# mpi::synchronizeHalos: 3.425e-06s
# IAD: 0.0140366s
# mpi::synchronizeHalos: 5.581e-06s
# MomentumEnergyIAD: 0.038133s
# Timestep: 7.79e-06s
# UpdateQuantities: 0.000311817s
# UpdateSmoothingLength: 0.000168331s
### Check ### Global Tree Nodes: 512, Particles: 125000, Halos: 0
### Check ### Computational domain: -0.5 0.5 -0.5 0.5 -0.5 0.5
### Check ### Total Neighbors: 11854696, Avg neighbor count per particle: 94
### Check ### Total time: 0.0155892, current time-step: 0.000368154
### Check ### Total energy: 0.999762, (internal: 0.759389, kinetic: 0.240373, gravitational: 0)
### Check ### Focus Tree Nodes: 4096, maxDepth 4
=== Total time for iteration(93) 0.118664s

# domain::sync: 0.00950626s
# FindNeighbors: 0.0487436s
# Density: 0.00966175s
# EquationOfState: 8.7e-05s
# mpi::synchronizeHalos: 3.991e-06s
# IAD: 0.0139311s
# mpi::synchronizeHalos: 6.11e-06s
# MomentumEnergyIAD: 0.0373926s
# Timestep: 7.393e-06s
# UpdateQuantities: 0.000329972s
# UpdateSmoothingLength: 0.000166818s
### Check ### Global Tree Nodes: 512, Particles: 125000, Halos: 0
### Check ### Computational domain: -0.5 0.5 -0.5 0.5 -0.5 0.5
### Check ### Total Neighbors: 11783128, Avg neighbor count per particle: 94
### Check ### Total time: 0.0159602, current time-step: 0.000370984
### Check ### Total energy: 0.999765, (internal: 0.756507, kinetic: 0.243257, gravitational: 0)
### Check ### Focus Tree Nodes: 4096, maxDepth 4
=== Total time for iteration(94) 0.119838s

# domain::sync: 0.00786347s
# FindNeighbors: 0.0490181s
# Density: 0.00967645s
# EquationOfState: 8.8846e-05s
# mpi::synchronizeHalos: 3.583e-06s
# IAD: 0.0139483s
# mpi::synchronizeHalos: 5.22e-06s
# MomentumEnergyIAD: 0.0374877s
# Timestep: 8.995e-06s
# UpdateQuantities: 0.000331633s
# UpdateSmoothingLength: 0.00016852s
### Check ### Global Tree Nodes: 512, Particles: 125000, Halos: 0
### Check ### Computational domain: -0.5 0.5 -0.5 0.5 -0.5 0.5
### Check ### Total Neighbors: 11791072, Avg neighbor count per particle: 94
### Check ### Total time: 0.0163306, current time-step: 0.00037036
### Check ### Total energy: 0.999763, (internal: 0.753798, kinetic: 0.245965, gravitational: 0)
### Check ### Focus Tree Nodes: 4096, maxDepth 4
=== Total time for iteration(95) 0.118602s

# domain::sync: 0.00784083s
# FindNeighbors: 0.0523407s
# Density: 0.0120841s
# EquationOfState: 8.6516e-05s
# mpi::synchronizeHalos: 3.366e-06s
# IAD: 0.0178426s
# mpi::synchronizeHalos: 6.609e-06s
# MomentumEnergyIAD: 0.0508053s
# Timestep: 9.438e-06s
# UpdateQuantities: 0.000320164s
# UpdateSmoothingLength: 0.000169559s
### Check ### Global Tree Nodes: 512, Particles: 125000, Halos: 0
### Check ### Computational domain: -0.5 0.5 -0.5 0.5 -0.5 0.5
### Check ### Total Neighbors: 14918656, Avg neighbor count per particle: 119
### Check ### Total time: 0.0166985, current time-step: 0.000367955
### Check ### Total energy: 0.999758, (internal: 0.751263, kinetic: 0.248495, gravitational: 0)
### Check ### Focus Tree Nodes: 4096, maxDepth 4
=== Total time for iteration(96) 0.141511s

# domain::sync: 0.00790633s
# FindNeighbors: 0.048654s
# Density: 0.0097254s
# EquationOfState: 8.8818e-05s
# mpi::synchronizeHalos: 3.328e-06s
# IAD: 0.0140248s
# mpi::synchronizeHalos: 6.327e-06s
# MomentumEnergyIAD: 0.0380541s
# Timestep: 8.23e-06s
# UpdateQuantities: 0.000335129s
# UpdateSmoothingLength: 0.000166168s
### Check ### Global Tree Nodes: 512, Particles: 125000, Halos: 0
### Check ### Computational domain: -0.5 0.5 -0.5 0.5 -0.5 0.5
### Check ### Total Neighbors: 11849496, Avg neighbor count per particle: 94
### Check ### Total time: 0.0170712, current time-step: 0.000372677
### Check ### Total energy: 0.999762, (internal: 0.748846, kinetic: 0.250916, gravitational: 0)
### Check ### Focus Tree Nodes: 4096, maxDepth 4
=== Total time for iteration(97) 0.118974s

# domain::sync: 0.00781496s
# FindNeighbors: 0.0487668s
# Density: 0.0096926s
# EquationOfState: 8.9673e-05s
# mpi::synchronizeHalos: 3.012e-06s
# IAD: 0.01394s
# mpi::synchronizeHalos: 6.111e-06s
# MomentumEnergyIAD: 0.0376045s
# Timestep: 8.293e-06s
# UpdateQuantities: 0.000314578s
# UpdateSmoothingLength: 0.000168795s
### Check ### Global Tree Nodes: 512, Particles: 125000, Halos: 0
### Check ### Computational domain: -0.5 0.5 -0.5 0.5 -0.5 0.5
### Check ### Total Neighbors: 11793288, Avg neighbor count per particle: 94
### Check ### Total time: 0.0174486, current time-step: 0.000377381
### Check ### Total energy: 0.999764, (internal: 0.746549, kinetic: 0.253215, gravitational: 0)
### Check ### Focus Tree Nodes: 4096, maxDepth 4
=== Total time for iteration(98) 0.118411s

# domain::sync: 0.00783214s
# FindNeighbors: 0.0489114s
# Density: 0.00967804s
# EquationOfState: 8.7129e-05s
# mpi::synchronizeHalos: 3.59e-06s
# IAD: 0.0139334s
# mpi::synchronizeHalos: 5.519e-06s
# MomentumEnergyIAD: 0.0374839s
# Timestep: 8.266e-06s
# UpdateQuantities: 0.000334902s
# UpdateSmoothingLength: 0.000167595s
### Check ### Global Tree Nodes: 512, Particles: 125000, Halos: 0
### Check ### Computational domain: -0.5 0.5 -0.5 0.5 -0.5 0.5
### Check ### Total Neighbors: 11802504, Avg neighbor count per particle: 94
### Check ### Total time: 0.0178291, current time-step: 0.000380525
### Check ### Total energy: 0.999764, (internal: 0.744373, kinetic: 0.25539, gravitational: 0)
### Check ### Focus Tree Nodes: 4096, maxDepth 4
=== Total time for iteration(99) 0.118447s

# domain::sync: 0.00788818s
# FindNeighbors: 0.0523342s
# Density: 0.0120941s
# EquationOfState: 8.7434e-05s
# mpi::synchronizeHalos: 3.714e-06s
# IAD: 0.0178398s
# mpi::synchronizeHalos: 6.561e-06s
# MomentumEnergyIAD: 0.0497505s
# Timestep: 8.938e-06s
# UpdateQuantities: 0.000317817s
# UpdateSmoothingLength: 0.000169243s
### Check ### Global Tree Nodes: 512, Particles: 125000, Halos: 0
### Check ### Computational domain: -0.5 0.5 -0.5 0.5 -0.5 0.5
### Check ### Total Neighbors: 14922824, Avg neighbor count per particle: 119
### Check ### Total time: 0.0181982, current time-step: 0.00036912
### Check ### Total energy: 0.999743, (internal: 0.74239, kinetic: 0.257352, gravitational: 0)
### Check ### Focus Tree Nodes: 4096, maxDepth 4
=== Total time for iteration(100) 0.140502s

# Total execution time of 100 iterations of sedov up to t = 0.018198: 12.8418s
real 12.99
user 76.94
sys 0.01
