137.12

Params:Program: ../sph-exa-build/main/src/sphexa/sphexa
Particles: 126
Timestep: 100
Numthreads: 32
--------------------------------------------------------------------------
WARNING: There is at least non-excluded one OpenFabrics device found,
but there are no active ports detected (or Open MPI was unable to use
them).  This is most certainly not what you wanted.  Check your
cables, subnet manager configuration, etc.  The openib BTL will be
ignored for this job.

  Local host: emu-28
--------------------------------------------------------------------------
# SPHEXA: HEAD/22053277
# 1 MPI-3.1 process(es) with 32 OpenMP-201511 thread(s)/process
Data generated for 2000376 global particles
Domain synchronized, nLocalParticles 2000376
# domain::sync: 0.129757s
# FindNeighbors: 0.651118s
# Density: 0.100248s
# EquationOfState: 0.00314894s
# mpi::synchronizeHalos: 7.1333e-05s
# IAD: 0.142299s
# mpi::synchronizeHalos: 5.1559e-05s
# MomentumEnergyIAD: 0.387387s
# Timestep: 4.732e-05s
# UpdateQuantities: 0.00664525s
# UpdateSmoothingLength: 0.00170702s
### Check ### Global Tree Nodes: 512, Particles: 2000376, Halos: 0
### Check ### Computational domain: -0.5 0.5 -0.5 0.5 -0.5 0.5
### Check ### Total Neighbors: 186034968, Avg neighbor count per particle: 93
### Check ### Total time: 1.1e-06, current time-step: 1.1e-06
### Check ### Total energy: 1, (internal: 1, kinetic: 1.07189e-08, gravitational: 0)
### Check ### Focus Tree Nodes: 32768, maxDepth 5
=== Total time for iteration(1) 1.42249s

# domain::sync: 0.235018s
# FindNeighbors: 0.366064s
# Density: 0.0936203s
# EquationOfState: 0.0015928s
# mpi::synchronizeHalos: 1.5602e-05s
# IAD: 0.142091s
# mpi::synchronizeHalos: 3.3178e-05s
# MomentumEnergyIAD: 0.434826s
# Timestep: 0.000280273s
# UpdateQuantities: 0.00986572s
# UpdateSmoothingLength: 0.00180347s
### Check ### Global Tree Nodes: 512, Particles: 2000376, Halos: 0
### Check ### Computational domain: -0.5 0.5 -0.5 0.5 -0.5 0.5
### Check ### Total Neighbors: 186034968, Avg neighbor count per particle: 93
### Check ### Total time: 2.31e-06, current time-step: 1.21e-06
### Check ### Total energy: 1, (internal: 1, kinetic: 3.3059e-08, gravitational: 0)
### Check ### Focus Tree Nodes: 32768, maxDepth 5
=== Total time for iteration(2) 1.28522s

# domain::sync: 0.256943s
# FindNeighbors: 0.371154s
# Density: 0.0936368s
# EquationOfState: 0.0016065s
# mpi::synchronizeHalos: 1.009e-05s
# IAD: 0.140312s
# mpi::synchronizeHalos: 3.3695e-05s
# MomentumEnergyIAD: 0.435893s
# Timestep: 5.0764e-05s
# UpdateQuantities: 0.00525296s
# UpdateSmoothingLength: 0.00168984s
### Check ### Global Tree Nodes: 512, Particles: 2000376, Halos: 0
### Check ### Computational domain: -0.5 0.5 -0.5 0.5 -0.5 0.5
### Check ### Total Neighbors: 186034968, Avg neighbor count per particle: 93
### Check ### Total time: 3.641e-06, current time-step: 1.331e-06
### Check ### Total energy: 1, (internal: 1, kinetic: 7.17886e-08, gravitational: 0)
### Check ### Focus Tree Nodes: 32768, maxDepth 5
=== Total time for iteration(3) 1.30659s

# domain::sync: 0.259394s
# FindNeighbors: 0.374239s
# Density: 0.0933078s
# EquationOfState: 0.00159096s
# mpi::synchronizeHalos: 9.864e-06s
# IAD: 0.142411s
# mpi::synchronizeHalos: 4.9764e-05s
# MomentumEnergyIAD: 0.427404s
# Timestep: 8.1638e-05s
# UpdateQuantities: 0.00538371s
# UpdateSmoothingLength: 0.00169699s
### Check ### Global Tree Nodes: 512, Particles: 2000376, Halos: 0
### Check ### Computational domain: -0.5 0.5 -0.5 0.5 -0.5 0.5
### Check ### Total Neighbors: 186034968, Avg neighbor count per particle: 93
### Check ### Total time: 5.1051e-06, current time-step: 1.4641e-06
### Check ### Total energy: 1, (internal: 1, kinetic: 1.31516e-07, gravitational: 0)
### Check ### Focus Tree Nodes: 32768, maxDepth 5
=== Total time for iteration(4) 1.30557s

# domain::sync: 0.264241s
# FindNeighbors: 0.363959s
# Density: 0.093258s
# EquationOfState: 0.00159059s
# mpi::synchronizeHalos: 1.0519e-05s
# IAD: 0.140586s
# mpi::synchronizeHalos: 2.8181e-05s
# MomentumEnergyIAD: 0.424956s
# Timestep: 5.041e-05s
# UpdateQuantities: 0.00599154s
# UpdateSmoothingLength: 0.00169144s
### Check ### Global Tree Nodes: 512, Particles: 2000376, Halos: 0
### Check ### Computational domain: -0.5 0.5 -0.5 0.5 -0.5 0.5
### Check ### Total Neighbors: 186034968, Avg neighbor count per particle: 93
### Check ### Total time: 6.71561e-06, current time-step: 1.61051e-06
### Check ### Total energy: 1, (internal: 1, kinetic: 2.17934e-07, gravitational: 0)
### Check ### Focus Tree Nodes: 32768, maxDepth 5
=== Total time for iteration(5) 1.29637s

# domain::sync: 0.256336s
# FindNeighbors: 0.369149s
# Density: 0.0932138s
# EquationOfState: 0.00159211s
# mpi::synchronizeHalos: 1.0336e-05s
# IAD: 0.140499s
# mpi::synchronizeHalos: 2.786e-05s
# MomentumEnergyIAD: 0.432217s
# Timestep: 4.1753e-05s
# UpdateQuantities: 0.00594623s
# UpdateSmoothingLength: 0.00169654s
### Check ### Global Tree Nodes: 512, Particles: 2000376, Halos: 0
### Check ### Computational domain: -0.5 0.5 -0.5 0.5 -0.5 0.5
### Check ### Total Neighbors: 186034968, Avg neighbor count per particle: 93
### Check ### Total time: 8.48717e-06, current time-step: 1.77156e-06
### Check ### Total energy: 1, (internal: 1, kinetic: 3.38057e-07, gravitational: 0)
### Check ### Focus Tree Nodes: 32768, maxDepth 5
=== Total time for iteration(6) 1.30074s

# domain::sync: 0.257882s
# FindNeighbors: 0.381572s
# Density: 0.122644s
# EquationOfState: 0.00160807s
# mpi::synchronizeHalos: 2.0145e-05s
# IAD: 0.185429s
# mpi::synchronizeHalos: 3.56e-05s
# MomentumEnergyIAD: 0.719497s
# Timestep: 3.2762e-05s
# UpdateQuantities: 0.00569683s
# UpdateSmoothingLength: 0.00167739s
### Check ### Global Tree Nodes: 512, Particles: 2000376, Halos: 0
### Check ### Computational domain: -0.5 0.5 -0.5 0.5 -0.5 0.5
### Check ### Total Neighbors: 246046248, Avg neighbor count per particle: 123
### Check ### Total time: 1.04359e-05, current time-step: 1.94872e-06
### Check ### Total energy: 1, (internal: 1, kinetic: 5.00513e-07, gravitational: 0)
### Check ### Focus Tree Nodes: 32768, maxDepth 5
=== Total time for iteration(7) 1.6761s

# domain::sync: 0.255696s
# FindNeighbors: 0.363346s
# Density: 0.0938412s
# EquationOfState: 0.00160267s
# mpi::synchronizeHalos: 1.8207e-05s
# IAD: 0.141447s
# mpi::synchronizeHalos: 3.02e-05s
# MomentumEnergyIAD: 0.432902s
# Timestep: 5.0457e-05s
# UpdateQuantities: 0.00538386s
# UpdateSmoothingLength: 0.00206889s
### Check ### Global Tree Nodes: 512, Particles: 2000376, Halos: 0
### Check ### Computational domain: -0.5 0.5 -0.5 0.5 -0.5 0.5
### Check ### Total Neighbors: 186034968, Avg neighbor count per particle: 93
### Check ### Total time: 1.25795e-05, current time-step: 2.14359e-06
### Check ### Total energy: 1, (internal: 0.999999, kinetic: 7.15983e-07, gravitational: 0)
### Check ### Focus Tree Nodes: 32768, maxDepth 5
=== Total time for iteration(8) 1.2964s

# domain::sync: 0.261479s
# FindNeighbors: 0.365299s
# Density: 0.0943628s
# EquationOfState: 0.00287317s
# mpi::synchronizeHalos: 2.2827e-05s
# IAD: 0.143645s
# mpi::synchronizeHalos: 3.1334e-05s
# MomentumEnergyIAD: 0.430745s
# Timestep: 8.3219e-05s
# UpdateQuantities: 0.00508671s
# UpdateSmoothingLength: 0.00168512s
### Check ### Global Tree Nodes: 512, Particles: 2000376, Halos: 0
### Check ### Computational domain: -0.5 0.5 -0.5 0.5 -0.5 0.5
### Check ### Total Neighbors: 186034968, Avg neighbor count per particle: 93
### Check ### Total time: 1.49374e-05, current time-step: 2.35795e-06
### Check ### Total energy: 1, (internal: 0.999999, kinetic: 9.97376e-07, gravitational: 0)
### Check ### Focus Tree Nodes: 32768, maxDepth 5
=== Total time for iteration(9) 1.30532s

# domain::sync: 0.25481s
# FindNeighbors: 0.365328s
# Density: 0.0933856s
# EquationOfState: 0.00159614s
# mpi::synchronizeHalos: 1.6808e-05s
# IAD: 0.140349s
# mpi::synchronizeHalos: 3.632e-05s
# MomentumEnergyIAD: 0.430429s
# Timestep: 5.8567e-05s
# UpdateQuantities: 0.00553238s
# UpdateSmoothingLength: 0.00170262s
### Check ### Global Tree Nodes: 512, Particles: 2000376, Halos: 0
### Check ### Computational domain: -0.5 0.5 -0.5 0.5 -0.5 0.5
### Check ### Total Neighbors: 186034968, Avg neighbor count per particle: 93
### Check ### Total time: 1.75312e-05, current time-step: 2.59374e-06
### Check ### Total energy: 1, (internal: 0.999999, kinetic: 1.36062e-06, gravitational: 0)
### Check ### Focus Tree Nodes: 32768, maxDepth 5
=== Total time for iteration(10) 1.29325s

# domain::sync: 0.25221s
# FindNeighbors: 0.382219s
# Density: 0.122523s
# EquationOfState: 0.00159471s
# mpi::synchronizeHalos: 1.646e-05s
# IAD: 0.18792s
# mpi::synchronizeHalos: 3.3999e-05s
# MomentumEnergyIAD: 0.665601s
# Timestep: 5.5915e-05s
# UpdateQuantities: 0.00564637s
# UpdateSmoothingLength: 0.00169338s
### Check ### Global Tree Nodes: 512, Particles: 2000376, Halos: 0
### Check ### Computational domain: -0.5 0.5 -0.5 0.5 -0.5 0.5
### Check ### Total Neighbors: 246046248, Avg neighbor count per particle: 123
### Check ### Total time: 2.03843e-05, current time-step: 2.85312e-06
### Check ### Total energy: 1, (internal: 0.999998, kinetic: 1.82517e-06, gravitational: 0)
### Check ### Focus Tree Nodes: 32768, maxDepth 5
=== Total time for iteration(11) 1.61952s

# domain::sync: 0.26267s
# FindNeighbors: 0.373056s
# Density: 0.0942538s
# EquationOfState: 0.00159527s
# mpi::synchronizeHalos: 1.8796e-05s
# IAD: 0.14022s
# mpi::synchronizeHalos: 2.7885e-05s
# MomentumEnergyIAD: 0.425711s
# Timestep: 4.4532e-05s
# UpdateQuantities: 0.00514456s
# UpdateSmoothingLength: 0.00169942s
### Check ### Global Tree Nodes: 512, Particles: 2000376, Halos: 0
### Check ### Computational domain: -0.5 0.5 -0.5 0.5 -0.5 0.5
### Check ### Total Neighbors: 186034968, Avg neighbor count per particle: 93
### Check ### Total time: 2.35227e-05, current time-step: 3.13843e-06
### Check ### Total energy: 1, (internal: 0.999998, kinetic: 2.41503e-06, gravitational: 0)
### Check ### Focus Tree Nodes: 32768, maxDepth 5
=== Total time for iteration(12) 1.30445s

# domain::sync: 0.255873s
# FindNeighbors: 0.374057s
# Density: 0.0941415s
# EquationOfState: 0.00159493s
# mpi::synchronizeHalos: 2.4711e-05s
# IAD: 0.142282s
# mpi::synchronizeHalos: 4.0961e-05s
# MomentumEnergyIAD: 0.428121s
# Timestep: 4.1601e-05s
# UpdateQuantities: 0.00498539s
# UpdateSmoothingLength: 0.00168114s
### Check ### Global Tree Nodes: 512, Particles: 2000376, Halos: 0
### Check ### Computational domain: -0.5 0.5 -0.5 0.5 -0.5 0.5
### Check ### Total Neighbors: 186034968, Avg neighbor count per particle: 93
### Check ### Total time: 2.6975e-05, current time-step: 3.45227e-06
### Check ### Total energy: 1, (internal: 0.999997, kinetic: 3.15896e-06, gravitational: 0)
### Check ### Focus Tree Nodes: 32768, maxDepth 5
=== Total time for iteration(13) 1.30285s

# domain::sync: 0.251709s
# FindNeighbors: 0.366848s
# Density: 0.0967645s
# EquationOfState: 0.00160245s
# mpi::synchronizeHalos: 9.518e-06s
# IAD: 0.146344s
# mpi::synchronizeHalos: 4.9587e-05s
# MomentumEnergyIAD: 0.437185s
# Timestep: 6.5388e-05s
# UpdateQuantities: 0.00690008s
# UpdateSmoothingLength: 0.00170926s
### Check ### Global Tree Nodes: 512, Particles: 2000376, Halos: 0
### Check ### Computational domain: -0.5 0.5 -0.5 0.5 -0.5 0.5
### Check ### Total Neighbors: 186034968, Avg neighbor count per particle: 93
### Check ### Total time: 3.07725e-05, current time-step: 3.7975e-06
### Check ### Total energy: 1, (internal: 0.999996, kinetic: 4.0924e-06, gravitational: 0)
### Check ### Focus Tree Nodes: 32768, maxDepth 5
=== Total time for iteration(14) 1.30919s

# domain::sync: 0.254261s
# FindNeighbors: 0.382655s
# Density: 0.122155s
# EquationOfState: 0.00159949s
# mpi::synchronizeHalos: 1.0225e-05s
# IAD: 0.184479s
# mpi::synchronizeHalos: 2.9377e-05s
# MomentumEnergyIAD: 0.616383s
# Timestep: 5.8404e-05s
# UpdateQuantities: 0.00476638s
# UpdateSmoothingLength: 0.00169953s
### Check ### Global Tree Nodes: 512, Particles: 2000376, Halos: 0
### Check ### Computational domain: -0.5 0.5 -0.5 0.5 -0.5 0.5
### Check ### Total Neighbors: 246046248, Avg neighbor count per particle: 123
### Check ### Total time: 3.49497e-05, current time-step: 4.17725e-06
### Check ### Total energy: 1, (internal: 0.999995, kinetic: 5.25843e-06, gravitational: 0)
### Check ### Focus Tree Nodes: 32768, maxDepth 5
=== Total time for iteration(15) 1.5681s

# domain::sync: 0.252065s
# FindNeighbors: 0.362845s
# Density: 0.0933644s
# EquationOfState: 0.00160009s
# mpi::synchronizeHalos: 1.884e-05s
# IAD: 0.140822s
# mpi::synchronizeHalos: 2.6561e-05s
# MomentumEnergyIAD: 0.42941s
# Timestep: 4.3607e-05s
# UpdateQuantities: 0.00462276s
# UpdateSmoothingLength: 0.00168912s
### Check ### Global Tree Nodes: 512, Particles: 2000376, Halos: 0
### Check ### Computational domain: -0.5 0.5 -0.5 0.5 -0.5 0.5
### Check ### Total Neighbors: 186034968, Avg neighbor count per particle: 93
### Check ### Total time: 3.95447e-05, current time-step: 4.59497e-06
### Check ### Total energy: 1, (internal: 0.999993, kinetic: 6.71013e-06, gravitational: 0)
### Check ### Focus Tree Nodes: 32768, maxDepth 5
=== Total time for iteration(16) 1.28651s

# domain::sync: 0.252267s
# FindNeighbors: 0.364311s
# Density: 0.0933864s
# EquationOfState: 0.00159551s
# mpi::synchronizeHalos: 1.9199e-05s
# IAD: 0.140788s
# mpi::synchronizeHalos: 2.4596e-05s
# MomentumEnergyIAD: 0.428082s
# Timestep: 4.1786e-05s
# UpdateQuantities: 0.00484261s
# UpdateSmoothingLength: 0.00169266s
### Check ### Global Tree Nodes: 512, Particles: 2000376, Halos: 0
### Check ### Computational domain: -0.5 0.5 -0.5 0.5 -0.5 0.5
### Check ### Total Neighbors: 186034968, Avg neighbor count per particle: 93
### Check ### Total time: 4.45992e-05, current time-step: 5.05447e-06
### Check ### Total energy: 1, (internal: 0.999992, kinetic: 8.51074e-06, gravitational: 0)
### Check ### Focus Tree Nodes: 32768, maxDepth 5
=== Total time for iteration(17) 1.28706s

# domain::sync: 0.255116s
# FindNeighbors: 0.367153s
# Density: 0.0932888s
# EquationOfState: 0.0016089s
# mpi::synchronizeHalos: 1.9243e-05s
# IAD: 0.140715s
# mpi::synchronizeHalos: 2.691e-05s
# MomentumEnergyIAD: 0.431621s
# Timestep: 4.5364e-05s
# UpdateQuantities: 0.00469004s
# UpdateSmoothingLength: 0.00168903s
### Check ### Global Tree Nodes: 512, Particles: 2000376, Halos: 0
### Check ### Computational domain: -0.5 0.5 -0.5 0.5 -0.5 0.5
### Check ### Total Neighbors: 186034968, Avg neighbor count per particle: 93
### Check ### Total time: 5.01591e-05, current time-step: 5.55992e-06
### Check ### Total energy: 1, (internal: 0.999989, kinetic: 1.07381e-05, gravitational: 0)
### Check ### Focus Tree Nodes: 32768, maxDepth 5
=== Total time for iteration(18) 1.29598s

# domain::sync: 0.251692s
# FindNeighbors: 0.38322s
# Density: 0.122175s
# EquationOfState: 0.00160782s
# mpi::synchronizeHalos: 2.0518e-05s
# IAD: 0.184636s
# mpi::synchronizeHalos: 2.979e-05s
# MomentumEnergyIAD: 0.604621s
# Timestep: 5.1676e-05s
# UpdateQuantities: 0.00498559s
# UpdateSmoothingLength: 0.00169288s
### Check ### Global Tree Nodes: 512, Particles: 2000376, Halos: 0
### Check ### Computational domain: -0.5 0.5 -0.5 0.5 -0.5 0.5
### Check ### Total Neighbors: 246046248, Avg neighbor count per particle: 123
### Check ### Total time: 5.6275e-05, current time-step: 6.11591e-06
### Check ### Total energy: 1, (internal: 0.999987, kinetic: 1.34866e-05, gravitational: 0)
### Check ### Focus Tree Nodes: 32768, maxDepth 5
=== Total time for iteration(19) 1.55474s

# domain::sync: 0.246874s
# FindNeighbors: 0.364526s
# Density: 0.0930539s
# EquationOfState: 0.0015824s
# mpi::synchronizeHalos: 2.0112e-05s
# IAD: 0.1417s
# mpi::synchronizeHalos: 2.6787e-05s
# MomentumEnergyIAD: 0.430883s
# Timestep: 4.4831e-05s
# UpdateQuantities: 0.00519554s
# UpdateSmoothingLength: 0.0016932s
### Check ### Global Tree Nodes: 512, Particles: 2000376, Halos: 0
### Check ### Computational domain: -0.5 0.5 -0.5 0.5 -0.5 0.5
### Check ### Total Neighbors: 186034968, Avg neighbor count per particle: 93
### Check ### Total time: 6.30025e-05, current time-step: 6.7275e-06
### Check ### Total energy: 1, (internal: 0.999983, kinetic: 1.68723e-05, gravitational: 0)
### Check ### Focus Tree Nodes: 32768, maxDepth 5
=== Total time for iteration(20) 1.28561s

# domain::sync: 0.251458s
# FindNeighbors: 0.368188s
# Density: 0.0981623s
# EquationOfState: 0.00186605s
# mpi::synchronizeHalos: 1.0833e-05s
# IAD: 0.140624s
# mpi::synchronizeHalos: 2.6799e-05s
# MomentumEnergyIAD: 0.428957s
# Timestep: 4.1077e-05s
# UpdateQuantities: 0.00476016s
# UpdateSmoothingLength: 0.0016876s
### Check ### Global Tree Nodes: 512, Particles: 2000376, Halos: 0
### Check ### Computational domain: -0.5 0.5 -0.5 0.5 -0.5 0.5
### Check ### Total Neighbors: 186034968, Avg neighbor count per particle: 93
### Check ### Total time: 7.04027e-05, current time-step: 7.40025e-06
### Check ### Total energy: 1, (internal: 0.999979, kinetic: 2.10331e-05, gravitational: 0)
### Check ### Focus Tree Nodes: 32768, maxDepth 5
=== Total time for iteration(21) 1.29579s

# domain::sync: 0.246884s
# FindNeighbors: 0.37033s
# Density: 0.0932977s
# EquationOfState: 0.00159936s
# mpi::synchronizeHalos: 1.7981e-05s
# IAD: 0.140566s
# mpi::synchronizeHalos: 2.806e-05s
# MomentumEnergyIAD: 0.424742s
# Timestep: 4.4474e-05s
# UpdateQuantities: 0.00472409s
# UpdateSmoothingLength: 0.0016667s
### Check ### Global Tree Nodes: 512, Particles: 2000376, Halos: 0
### Check ### Computational domain: -0.5 0.5 -0.5 0.5 -0.5 0.5
### Check ### Total Neighbors: 186034968, Avg neighbor count per particle: 93
### Check ### Total time: 7.8543e-05, current time-step: 8.14027e-06
### Check ### Total energy: 1, (internal: 0.999974, kinetic: 2.61385e-05, gravitational: 0)
### Check ### Focus Tree Nodes: 32768, maxDepth 5
=== Total time for iteration(22) 1.28391s

# domain::sync: 0.251704s
# FindNeighbors: 0.387185s
# Density: 0.124609s
# EquationOfState: 0.00317714s
# mpi::synchronizeHalos: 1.5232e-05s
# IAD: 0.194228s
# mpi::synchronizeHalos: 4.942e-05s
# MomentumEnergyIAD: 0.594316s
# Timestep: 7.0844e-05s
# UpdateQuantities: 0.00713921s
# UpdateSmoothingLength: 0.00169143s
### Check ### Global Tree Nodes: 512, Particles: 2000376, Halos: 0
### Check ### Computational domain: -0.5 0.5 -0.5 0.5 -0.5 0.5
### Check ### Total Neighbors: 246046248, Avg neighbor count per particle: 123
### Check ### Total time: 8.74973e-05, current time-step: 8.9543e-06
### Check ### Total energy: 1, (internal: 0.999968, kinetic: 3.23938e-05, gravitational: 0)
### Check ### Focus Tree Nodes: 32768, maxDepth 5
=== Total time for iteration(23) 1.56419s

# domain::sync: 0.250945s
# FindNeighbors: 0.378447s
# Density: 0.0957054s
# EquationOfState: 0.00158894s
# mpi::synchronizeHalos: 1.7422e-05s
# IAD: 0.142621s
# mpi::synchronizeHalos: 4.0953e-05s
# MomentumEnergyIAD: 0.427835s
# Timestep: 6.6839e-05s
# UpdateQuantities: 0.00454421s
# UpdateSmoothingLength: 0.00169075s
### Check ### Global Tree Nodes: 512, Particles: 2000376, Halos: 0
### Check ### Computational domain: -0.5 0.5 -0.5 0.5 -0.5 0.5
### Check ### Total Neighbors: 186034968, Avg neighbor count per particle: 93
### Check ### Total time: 9.73471e-05, current time-step: 9.84973e-06
### Check ### Total energy: 1, (internal: 0.99996, kinetic: 4.0051e-05, gravitational: 0)
### Check ### Focus Tree Nodes: 32768, maxDepth 5
=== Total time for iteration(24) 1.30351s

# domain::sync: 0.250641s
# FindNeighbors: 0.376447s
# Density: 0.0931678s
# EquationOfState: 0.00160896s
# mpi::synchronizeHalos: 2.2308e-05s
# IAD: 0.141418s
# mpi::synchronizeHalos: 3.0819e-05s
# MomentumEnergyIAD: 0.426s
# Timestep: 4.0912e-05s
# UpdateQuantities: 0.00442492s
# UpdateSmoothingLength: 0.00169047s
### Check ### Global Tree Nodes: 512, Particles: 2000376, Halos: 0
### Check ### Computational domain: -0.5 0.5 -0.5 0.5 -0.5 0.5
### Check ### Total Neighbors: 186034968, Avg neighbor count per particle: 93
### Check ### Total time: 0.000108182, current time-step: 1.08347e-05
### Check ### Total energy: 1, (internal: 0.999951, kinetic: 4.94089e-05, gravitational: 0)
### Check ### Focus Tree Nodes: 32768, maxDepth 5
=== Total time for iteration(25) 1.2955s

# domain::sync: 0.250168s
# FindNeighbors: 0.393533s
# Density: 0.125546s
# EquationOfState: 0.00243858s
# mpi::synchronizeHalos: 2.6066e-05s
# IAD: 0.188447s
# mpi::synchronizeHalos: 3.3128e-05s
# MomentumEnergyIAD: 0.962743s
# Timestep: 5.4538e-05s
# UpdateQuantities: 0.00607685s
# UpdateSmoothingLength: 0.00170729s
### Check ### Global Tree Nodes: 512, Particles: 2000376, Halos: 0
### Check ### Computational domain: -0.5 0.5 -0.5 0.5 -0.5 0.5
### Check ### Total Neighbors: 246046248, Avg neighbor count per particle: 123
### Check ### Total time: 0.0001201, current time-step: 1.19182e-05
### Check ### Total energy: 1, (internal: 0.999939, kinetic: 6.08345e-05, gravitational: 0)
### Check ### Focus Tree Nodes: 32768, maxDepth 5
=== Total time for iteration(26) 1.93078s

# domain::sync: 0.252758s
# FindNeighbors: 0.372539s
# Density: 0.0939546s
# EquationOfState: 0.00161124s
# mpi::synchronizeHalos: 2.2744e-05s
# IAD: 0.142931s
# mpi::synchronizeHalos: 4.5423e-05s
# MomentumEnergyIAD: 0.435361s
# Timestep: 4.2526e-05s
# UpdateQuantities: 0.00441609s
# UpdateSmoothingLength: 0.00167354s
### Check ### Global Tree Nodes: 512, Particles: 2000376, Halos: 0
### Check ### Computational domain: -0.5 0.5 -0.5 0.5 -0.5 0.5
### Check ### Total Neighbors: 186034968, Avg neighbor count per particle: 93
### Check ### Total time: 0.00013321, current time-step: 1.311e-05
### Check ### Total energy: 1, (internal: 0.999925, kinetic: 7.47771e-05, gravitational: 0)
### Check ### Focus Tree Nodes: 32768, maxDepth 5
=== Total time for iteration(27) 1.30536s

# domain::sync: 0.250024s
# FindNeighbors: 0.37516s
# Density: 0.0938535s
# EquationOfState: 0.00159319s
# mpi::synchronizeHalos: 8.917e-06s
# IAD: 0.141438s
# mpi::synchronizeHalos: 2.679e-05s
# MomentumEnergyIAD: 0.431623s
# Timestep: 4.4074e-05s
# UpdateQuantities: 0.00428497s
# UpdateSmoothingLength: 0.00169579s
### Check ### Global Tree Nodes: 512, Particles: 2000376, Halos: 0
### Check ### Computational domain: -0.5 0.5 -0.5 0.5 -0.5 0.5
### Check ### Total Neighbors: 186034968, Avg neighbor count per particle: 93
### Check ### Total time: 0.000147631, current time-step: 1.4421e-05
### Check ### Total energy: 1, (internal: 0.999908, kinetic: 9.17689e-05, gravitational: 0)
### Check ### Focus Tree Nodes: 32768, maxDepth 5
=== Total time for iteration(28) 1.29976s

# domain::sync: 0.250731s
# FindNeighbors: 0.375775s
# Density: 0.0935076s
# EquationOfState: 0.00159424s
# mpi::synchronizeHalos: 9.687e-06s
# IAD: 0.14171s
# mpi::synchronizeHalos: 2.9658e-05s
# MomentumEnergyIAD: 0.425607s
# Timestep: 5.2477e-05s
# UpdateQuantities: 0.00445814s
# UpdateSmoothingLength: 0.0016794s
### Check ### Global Tree Nodes: 512, Particles: 2000376, Halos: 0
### Check ### Computational domain: -0.5 0.5 -0.5 0.5 -0.5 0.5
### Check ### Total Neighbors: 186034968, Avg neighbor count per particle: 93
### Check ### Total time: 0.000163494, current time-step: 1.58631e-05
### Check ### Total energy: 1, (internal: 0.999888, kinetic: 0.000112463, gravitational: 0)
### Check ### Focus Tree Nodes: 32768, maxDepth 5
=== Total time for iteration(29) 1.29516s

# domain::sync: 0.247323s
# FindNeighbors: 0.391858s
# Density: 0.122216s
# EquationOfState: 0.00160433s
# mpi::synchronizeHalos: 1.9434e-05s
# IAD: 0.18537s
# mpi::synchronizeHalos: 3.9697e-05s
# MomentumEnergyIAD: 0.741344s
# Timestep: 4.5854e-05s
# UpdateQuantities: 0.00436608s
# UpdateSmoothingLength: 0.00169475s
### Check ### Global Tree Nodes: 512, Particles: 2000376, Halos: 0
### Check ### Computational domain: -0.5 0.5 -0.5 0.5 -0.5 0.5
### Check ### Total Neighbors: 246046248, Avg neighbor count per particle: 123
### Check ### Total time: 0.000180943, current time-step: 1.74494e-05
### Check ### Total energy: 1, (internal: 0.999862, kinetic: 0.000137649, gravitational: 0)
### Check ### Focus Tree Nodes: 32768, maxDepth 5
=== Total time for iteration(30) 1.69589s

# domain::sync: 0.25131s
# FindNeighbors: 0.373563s
# Density: 0.0935888s
# EquationOfState: 0.00221746s
# mpi::synchronizeHalos: 2.3554e-05s
# IAD: 0.140661s
# mpi::synchronizeHalos: 2.5073e-05s
# MomentumEnergyIAD: 0.429351s
# Timestep: 6.611e-05s
# UpdateQuantities: 0.00455151s
# UpdateSmoothingLength: 0.00168394s
### Check ### Global Tree Nodes: 512, Particles: 2000376, Halos: 0
### Check ### Computational domain: -0.5 0.5 -0.5 0.5 -0.5 0.5
### Check ### Total Neighbors: 186034968, Avg neighbor count per particle: 93
### Check ### Total time: 0.000200138, current time-step: 1.91943e-05
### Check ### Total energy: 1, (internal: 0.999832, kinetic: 0.000168293, gravitational: 0)
### Check ### Focus Tree Nodes: 32768, maxDepth 5
=== Total time for iteration(31) 1.29705s

# domain::sync: 0.249522s
# FindNeighbors: 0.37304s
# Density: 0.0978053s
# EquationOfState: 0.00166964s
# mpi::synchronizeHalos: 1.8568e-05s
# IAD: 0.142097s
# mpi::synchronizeHalos: 3.8928e-05s
# MomentumEnergyIAD: 0.432474s
# Timestep: 7.4509e-05s
# UpdateQuantities: 0.00435539s
# UpdateSmoothingLength: 0.00167733s
### Check ### Global Tree Nodes: 512, Particles: 2000376, Halos: 0
### Check ### Computational domain: -0.5 0.5 -0.5 0.5 -0.5 0.5
### Check ### Total Neighbors: 186034968, Avg neighbor count per particle: 93
### Check ### Total time: 0.000221252, current time-step: 2.11138e-05
### Check ### Total energy: 1, (internal: 0.999795, kinetic: 0.00020554, gravitational: 0)
### Check ### Focus Tree Nodes: 32768, maxDepth 5
=== Total time for iteration(32) 1.30278s

# domain::sync: 0.249078s
# FindNeighbors: 0.376678s
# Density: 0.0934078s
# EquationOfState: 0.00160652s
# mpi::synchronizeHalos: 1.9492e-05s
# IAD: 0.141152s
# mpi::synchronizeHalos: 2.8162e-05s
# MomentumEnergyIAD: 0.429149s
# Timestep: 5.3852e-05s
# UpdateQuantities: 0.00435857s
# UpdateSmoothingLength: 0.00167181s
### Check ### Global Tree Nodes: 512, Particles: 2000376, Halos: 0
### Check ### Computational domain: -0.5 0.5 -0.5 0.5 -0.5 0.5
### Check ### Total Neighbors: 186034968, Avg neighbor count per particle: 93
### Check ### Total time: 0.000244477, current time-step: 2.32252e-05
### Check ### Total energy: 1, (internal: 0.999749, kinetic: 0.000250793, gravitational: 0)
### Check ### Focus Tree Nodes: 32768, maxDepth 5
=== Total time for iteration(33) 1.29721s

# domain::sync: 0.248998s
# FindNeighbors: 0.380979s
# Density: 0.124428s
# EquationOfState: 0.00223974s
# mpi::synchronizeHalos: 2.2884e-05s
# IAD: 0.189226s
# mpi::synchronizeHalos: 4.0849e-05s
# MomentumEnergyIAD: 0.640351s
# Timestep: 7.3364e-05s
# UpdateQuantities: 0.00560079s
# UpdateSmoothingLength: 0.00169754s
### Check ### Global Tree Nodes: 512, Particles: 2000376, Halos: 0
### Check ### Computational domain: -0.5 0.5 -0.5 0.5 -0.5 0.5
### Check ### Total Neighbors: 246046248, Avg neighbor count per particle: 123
### Check ### Total time: 0.000270024, current time-step: 2.55477e-05
### Check ### Total energy: 1, (internal: 0.999694, kinetic: 0.000305744, gravitational: 0)
### Check ### Focus Tree Nodes: 32768, maxDepth 5
=== Total time for iteration(34) 1.59366s

# domain::sync: 0.249409s
# FindNeighbors: 0.360431s
# Density: 0.0932044s
# EquationOfState: 0.00160415s
# mpi::synchronizeHalos: 1.7883e-05s
# IAD: 0.141289s
# mpi::synchronizeHalos: 5.9537e-05s
# MomentumEnergyIAD: 0.429014s
# Timestep: 4.1121e-05s
# UpdateQuantities: 0.00442753s
# UpdateSmoothingLength: 0.00168482s
### Check ### Global Tree Nodes: 512, Particles: 2000376, Halos: 0
### Check ### Computational domain: -0.5 0.5 -0.5 0.5 -0.5 0.5
### Check ### Total Neighbors: 186034968, Avg neighbor count per particle: 93
### Check ### Total time: 0.000298127, current time-step: 2.81024e-05
### Check ### Total energy: 1, (internal: 0.999628, kinetic: 0.000372466, gravitational: 0)
### Check ### Focus Tree Nodes: 32768, maxDepth 5
=== Total time for iteration(35) 1.28119s

# domain::sync: 0.247496s
# FindNeighbors: 0.375132s
# Density: 0.0933451s
# EquationOfState: 0.00159148s
# mpi::synchronizeHalos: 9.561e-06s
# IAD: 0.142726s
# mpi::synchronizeHalos: 4.0191e-05s
# MomentumEnergyIAD: 0.427786s
# Timestep: 4.2043e-05s
# UpdateQuantities: 0.00442104s
# UpdateSmoothingLength: 0.00168896s
### Check ### Global Tree Nodes: 512, Particles: 2000376, Halos: 0
### Check ### Computational domain: -0.5 0.5 -0.5 0.5 -0.5 0.5
### Check ### Total Neighbors: 186034968, Avg neighbor count per particle: 93
### Check ### Total time: 0.000329039, current time-step: 3.09127e-05
### Check ### Total energy: 1, (internal: 0.999547, kinetic: 0.000453405, gravitational: 0)
### Check ### Focus Tree Nodes: 32768, maxDepth 5
=== Total time for iteration(36) 1.29429s

# domain::sync: 0.244767s
# FindNeighbors: 0.377035s
# Density: 0.0931797s
# EquationOfState: 0.00159819s
# mpi::synchronizeHalos: 1.0322e-05s
# IAD: 0.140423s
# mpi::synchronizeHalos: 2.4789e-05s
# MomentumEnergyIAD: 0.430028s
# Timestep: 5.2283e-05s
# UpdateQuantities: 0.0043935s
# UpdateSmoothingLength: 0.00166668s
### Check ### Global Tree Nodes: 512, Particles: 2000376, Halos: 0
### Check ### Computational domain: -0.5 0.5 -0.5 0.5 -0.5 0.5
### Check ### Total Neighbors: 186034968, Avg neighbor count per particle: 93
### Check ### Total time: 0.000363043, current time-step: 3.40039e-05
### Check ### Total energy: 1, (internal: 0.999448, kinetic: 0.000551556, gravitational: 0)
### Check ### Focus Tree Nodes: 32768, maxDepth 5
=== Total time for iteration(37) 1.29318s

# domain::sync: 0.244297s
# FindNeighbors: 0.39436s
# Density: 0.122199s
# EquationOfState: 0.00159249s
# mpi::synchronizeHalos: 1.0031e-05s
# IAD: 0.185943s
# mpi::synchronizeHalos: 3.9666e-05s
# MomentumEnergyIAD: 0.610064s
# Timestep: 4.3395e-05s
# UpdateQuantities: 0.00441886s
# UpdateSmoothingLength: 0.0016786s
### Check ### Global Tree Nodes: 512, Particles: 2000376, Halos: 0
### Check ### Computational domain: -0.5 0.5 -0.5 0.5 -0.5 0.5
### Check ### Total Neighbors: 246046248, Avg neighbor count per particle: 123
### Check ### Total time: 0.000400448, current time-step: 3.74043e-05
### Check ### Total energy: 1, (internal: 0.99933, kinetic: 0.000670525, gravitational: 0)
### Check ### Focus Tree Nodes: 32768, maxDepth 5
=== Total time for iteration(38) 1.56465s

# domain::sync: 0.249844s
# FindNeighbors: 0.37282s
# Density: 0.0949254s
# EquationOfState: 0.00159321s
# mpi::synchronizeHalos: 1.0004e-05s
# IAD: 0.143522s
# mpi::synchronizeHalos: 4.007e-05s
# MomentumEnergyIAD: 0.434703s
# Timestep: 5.3666e-05s
# UpdateQuantities: 0.00447162s
# UpdateSmoothingLength: 0.00169406s
### Check ### Global Tree Nodes: 512, Particles: 2000376, Halos: 0
### Check ### Computational domain: -0.5 0.5 -0.5 0.5 -0.5 0.5
### Check ### Total Neighbors: 186034968, Avg neighbor count per particle: 93
### Check ### Total time: 0.000441593, current time-step: 4.11448e-05
### Check ### Total energy: 1, (internal: 0.999185, kinetic: 0.000814725, gravitational: 0)
### Check ### Focus Tree Nodes: 32768, maxDepth 5
=== Total time for iteration(39) 1.30368s

# domain::sync: 0.251492s
# FindNeighbors: 0.375286s
# Density: 0.093133s
# EquationOfState: 0.00160283s
# mpi::synchronizeHalos: 1.1119e-05s
# IAD: 0.140446s
# mpi::synchronizeHalos: 2.6583e-05s
# MomentumEnergyIAD: 0.430208s
# Timestep: 4.289e-05s
# UpdateQuantities: 0.00426665s
# UpdateSmoothingLength: 0.00168026s
### Check ### Global Tree Nodes: 512, Particles: 2000376, Halos: 0
### Check ### Computational domain: -0.5 0.5 -0.5 0.5 -0.5 0.5
### Check ### Total Neighbors: 186034968, Avg neighbor count per particle: 93
### Check ### Total time: 0.000486852, current time-step: 4.52593e-05
### Check ### Total energy: 1, (internal: 0.999011, kinetic: 0.000989338, gravitational: 0)
### Check ### Focus Tree Nodes: 32768, maxDepth 5
=== Total time for iteration(40) 1.2982s

# domain::sync: 0.24552s
# FindNeighbors: 0.378352s
# Density: 0.0932687s
# EquationOfState: 0.00159797s
# mpi::synchronizeHalos: 9.32e-06s
# IAD: 0.14077s
# mpi::synchronizeHalos: 2.9652e-05s
# MomentumEnergyIAD: 0.424179s
# Timestep: 4.4656e-05s
# UpdateQuantities: 0.00430495s
# UpdateSmoothingLength: 0.00168851s
### Check ### Global Tree Nodes: 512, Particles: 2000376, Halos: 0
### Check ### Computational domain: -0.5 0.5 -0.5 0.5 -0.5 0.5
### Check ### Total Neighbors: 186034968, Avg neighbor count per particle: 93
### Check ### Total time: 0.000536637, current time-step: 4.97852e-05
### Check ### Total energy: 1, (internal: 0.998799, kinetic: 0.0012007, gravitational: 0)
### Check ### Focus Tree Nodes: 32768, maxDepth 5
=== Total time for iteration(41) 1.28977s

# domain::sync: 0.250479s
# FindNeighbors: 0.382988s
# Density: 0.122114s
# EquationOfState: 0.00158977s
# mpi::synchronizeHalos: 7.534e-06s
# IAD: 0.184874s
# mpi::synchronizeHalos: 3.2933e-05s
# MomentumEnergyIAD: 0.606899s
# Timestep: 5.6581e-05s
# UpdateQuantities: 0.00422423s
# UpdateSmoothingLength: 0.00169134s
### Check ### Global Tree Nodes: 512, Particles: 2000376, Halos: 0
### Check ### Computational domain: -0.5 0.5 -0.5 0.5 -0.5 0.5
### Check ### Total Neighbors: 246046248, Avg neighbor count per particle: 123
### Check ### Total time: 0.000591401, current time-step: 5.47637e-05
### Check ### Total energy: 1, (internal: 0.998544, kinetic: 0.00145641, gravitational: 0)
### Check ### Focus Tree Nodes: 32768, maxDepth 5
=== Total time for iteration(42) 1.55496s

# domain::sync: 0.252538s
# FindNeighbors: 0.370529s
# Density: 0.0933208s
# EquationOfState: 0.00157932s
# mpi::synchronizeHalos: 1.0316e-05s
# IAD: 0.140758s
# mpi::synchronizeHalos: 2.4843e-05s
# MomentumEnergyIAD: 0.431379s
# Timestep: 5.1833e-05s
# UpdateQuantities: 0.00438747s
# UpdateSmoothingLength: 0.00166231s
### Check ### Global Tree Nodes: 512, Particles: 2000376, Halos: 0
### Check ### Computational domain: -0.5 0.5 -0.5 0.5 -0.5 0.5
### Check ### Total Neighbors: 186034968, Avg neighbor count per particle: 93
### Check ### Total time: 0.000651641, current time-step: 6.02401e-05
### Check ### Total energy: 1, (internal: 0.998234, kinetic: 0.00176573, gravitational: 0)
### Check ### Focus Tree Nodes: 32768, maxDepth 5
=== Total time for iteration(43) 1.29625s

# domain::sync: 0.249962s
# FindNeighbors: 0.366398s
# Density: 0.0951063s
# EquationOfState: 0.00158179s
# mpi::synchronizeHalos: 9.487e-06s
# IAD: 0.142429s
# mpi::synchronizeHalos: 4.1838e-05s
# MomentumEnergyIAD: 0.426542s
# Timestep: 5.8708e-05s
# UpdateQuantities: 0.00434668s
# UpdateSmoothingLength: 0.00167088s
### Check ### Global Tree Nodes: 512, Particles: 2000376, Halos: 0
### Check ### Computational domain: -0.5 0.5 -0.5 0.5 -0.5 0.5
### Check ### Total Neighbors: 186034968, Avg neighbor count per particle: 93
### Check ### Total time: 0.000717905, current time-step: 6.62641e-05
### Check ### Total energy: 1, (internal: 0.997861, kinetic: 0.00213947, gravitational: 0)
### Check ### Focus Tree Nodes: 32768, maxDepth 5
=== Total time for iteration(44) 1.28815s

# domain::sync: 0.244974s
# FindNeighbors: 0.375764s
# Density: 0.0932165s
# EquationOfState: 0.00158051s
# mpi::synchronizeHalos: 1.0242e-05s
# IAD: 0.141361s
# mpi::synchronizeHalos: 2.4118e-05s
# MomentumEnergyIAD: 0.425979s
# Timestep: 5.2413e-05s
# UpdateQuantities: 0.00429954s
# UpdateSmoothingLength: 0.00169044s
### Check ### Global Tree Nodes: 512, Particles: 2000376, Halos: 0
### Check ### Computational domain: -0.5 0.5 -0.5 0.5 -0.5 0.5
### Check ### Total Neighbors: 186208824, Avg neighbor count per particle: 93
### Check ### Total time: 0.000790795, current time-step: 7.28905e-05
### Check ### Total energy: 1, (internal: 0.997409, kinetic: 0.00259078, gravitational: 0)
### Check ### Focus Tree Nodes: 32768, maxDepth 5
=== Total time for iteration(45) 1.28896s

# domain::sync: 0.245616s
# FindNeighbors: 0.386571s
# Density: 0.122567s
# EquationOfState: 0.00158374s
# mpi::synchronizeHalos: 1.0154e-05s
# IAD: 0.184481s
# mpi::synchronizeHalos: 3.7579e-05s
# MomentumEnergyIAD: 0.56194s
# Timestep: 4.1577e-05s
# UpdateQuantities: 0.00427177s
# UpdateSmoothingLength: 0.00167689s
### Check ### Global Tree Nodes: 512, Particles: 2000376, Halos: 0
### Check ### Computational domain: -0.5 0.5 -0.5 0.5 -0.5 0.5
### Check ### Total Neighbors: 245734752, Avg neighbor count per particle: 122
### Check ### Total time: 0.000870975, current time-step: 8.01795e-05
### Check ### Total energy: 1, (internal: 0.996865, kinetic: 0.00313531, gravitational: 0)
### Check ### Focus Tree Nodes: 32768, maxDepth 5
=== Total time for iteration(46) 1.50881s

# domain::sync: 0.24982s
# FindNeighbors: 0.366229s
# Density: 0.0934785s
# EquationOfState: 0.00159706s
# mpi::synchronizeHalos: 1.6589e-05s
# IAD: 0.142301s
# mpi::synchronizeHalos: 3.1055e-05s
# MomentumEnergyIAD: 0.430619s
# Timestep: 6.0793e-05s
# UpdateQuantities: 0.00456731s
# UpdateSmoothingLength: 0.00169319s
### Check ### Global Tree Nodes: 512, Particles: 2000376, Halos: 0
### Check ### Computational domain: -0.5 0.5 -0.5 0.5 -0.5 0.5
### Check ### Total Neighbors: 186050856, Avg neighbor count per particle: 93
### Check ### Total time: 0.000959172, current time-step: 8.81975e-05
### Check ### Total energy: 1, (internal: 0.996208, kinetic: 0.00379199, gravitational: 0)
### Check ### Focus Tree Nodes: 32768, maxDepth 5
=== Total time for iteration(47) 1.29042s

# domain::sync: 0.246365s
# FindNeighbors: 0.368182s
# Density: 0.0934988s
# EquationOfState: 0.00159748s
# mpi::synchronizeHalos: 1.8126e-05s
# IAD: 0.14031s
# mpi::synchronizeHalos: 2.4817e-05s
# MomentumEnergyIAD: 0.425593s
# Timestep: 5.2777e-05s
# UpdateQuantities: 0.00435956s
# UpdateSmoothingLength: 0.00168023s
### Check ### Global Tree Nodes: 512, Particles: 2000376, Halos: 0
### Check ### Computational domain: -0.5 0.5 -0.5 0.5 -0.5 0.5
### Check ### Total Neighbors: 186374064, Avg neighbor count per particle: 93
### Check ### Total time: 0.00105619, current time-step: 9.70172e-05
### Check ### Total energy: 1, (internal: 0.995417, kinetic: 0.00458271, gravitational: 0)
### Check ### Focus Tree Nodes: 32768, maxDepth 5
=== Total time for iteration(48) 1.28169s

# domain::sync: 0.248047s
# FindNeighbors: 0.368321s
# Density: 0.0957068s
# EquationOfState: 0.00160792s
# mpi::synchronizeHalos: 1.0438e-05s
# IAD: 0.143628s
# mpi::synchronizeHalos: 3.9732e-05s
# MomentumEnergyIAD: 0.435379s
# Timestep: 5.3219e-05s
# UpdateQuantities: 0.00430211s
# UpdateSmoothingLength: 0.00168987s
### Check ### Global Tree Nodes: 512, Particles: 2000376, Halos: 0
### Check ### Computational domain: -0.5 0.5 -0.5 0.5 -0.5 0.5
### Check ### Total Neighbors: 187097472, Avg neighbor count per particle: 93
### Check ### Total time: 0.00116291, current time-step: 0.000106719
### Check ### Total energy: 1, (internal: 0.994466, kinetic: 0.00553368, gravitational: 0)
### Check ### Focus Tree Nodes: 32768, maxDepth 5
=== Total time for iteration(49) 1.29879s

# domain::sync: 0.25054s
# FindNeighbors: 0.383753s
# Density: 0.12211s
# EquationOfState: 0.00158976s
# mpi::synchronizeHalos: 1.1147e-05s
# IAD: 0.184319s
# mpi::synchronizeHalos: 4.0989e-05s
# MomentumEnergyIAD: 0.574246s
# Timestep: 5.017e-05s
# UpdateQuantities: 0.00424248s
# UpdateSmoothingLength: 0.0016897s
### Check ### Global Tree Nodes: 512, Particles: 2000376, Halos: 0
### Check ### Computational domain: -0.5 0.5 -0.5 0.5 -0.5 0.5
### Check ### Total Neighbors: 243373512, Avg neighbor count per particle: 121
### Check ### Total time: 0.00127778, current time-step: 0.000114873
### Check ### Total energy: 1, (internal: 0.993349, kinetic: 0.00665007, gravitational: 0)
### Check ### Focus Tree Nodes: 32768, maxDepth 5
=== Total time for iteration(50) 1.5226s

# domain::sync: 0.245188s
# FindNeighbors: 0.365918s
# Density: 0.0962529s
# EquationOfState: 0.00159069s
# mpi::synchronizeHalos: 1.6975e-05s
# IAD: 0.143676s
# mpi::synchronizeHalos: 3.2372e-05s
# MomentumEnergyIAD: 0.443491s
# Timestep: 6.0616e-05s
# UpdateQuantities: 0.00428735s
# UpdateSmoothingLength: 0.00169182s
### Check ### Global Tree Nodes: 512, Particles: 2000376, Halos: 0
### Check ### Computational domain: -0.5 0.5 -0.5 0.5 -0.5 0.5
### Check ### Total Neighbors: 187627464, Avg neighbor count per particle: 93
### Check ### Total time: 0.00139412, current time-step: 0.000116342
### Check ### Total energy: 0.999999, (internal: 0.992123, kinetic: 0.00787574, gravitational: 0)
### Check ### Focus Tree Nodes: 32768, maxDepth 5
=== Total time for iteration(51) 1.30221s

# domain::sync: 0.241231s
# FindNeighbors: 0.374422s
# Density: 0.0947165s
# EquationOfState: 0.00159755s
# mpi::synchronizeHalos: 1.0295e-05s
# IAD: 0.142872s
# mpi::synchronizeHalos: 3.9706e-05s
# MomentumEnergyIAD: 0.423545s
# Timestep: 4.3838e-05s
# UpdateQuantities: 0.00442366s
# UpdateSmoothingLength: 0.00168369s
### Check ### Global Tree Nodes: 512, Particles: 2000376, Halos: 0
### Check ### Computational domain: -0.5 0.5 -0.5 0.5 -0.5 0.5
### Check ### Total Neighbors: 186690000, Avg neighbor count per particle: 93
### Check ### Total time: 0.00151193, current time-step: 0.000117807
### Check ### Total energy: 0.999998, (internal: 0.990786, kinetic: 0.00921165, gravitational: 0)
### Check ### Focus Tree Nodes: 32768, maxDepth 5
=== Total time for iteration(52) 1.28459s

# domain::sync: 0.232541s
# FindNeighbors: 0.390051s
# Density: 0.122071s
# EquationOfState: 0.00159608s
# mpi::synchronizeHalos: 7.429e-06s
# IAD: 0.186157s
# mpi::synchronizeHalos: 3.4933e-05s
# MomentumEnergyIAD: 0.753836s
# Timestep: 4.8999e-05s
# UpdateQuantities: 0.00440601s
# UpdateSmoothingLength: 0.00168973s
### Check ### Global Tree Nodes: 512, Particles: 2000376, Halos: 0
### Check ### Computational domain: -0.5 0.5 -0.5 0.5 -0.5 0.5
### Check ### Total Neighbors: 241899336, Avg neighbor count per particle: 120
### Check ### Total time: 0.00162799, current time-step: 0.000116063
### Check ### Total energy: 0.999997, (internal: 0.989379, kinetic: 0.0106177, gravitational: 0)
### Check ### Focus Tree Nodes: 32768, maxDepth 5
=== Total time for iteration(53) 1.69244s

# domain::sync: 0.243692s
# FindNeighbors: 0.361486s
# Density: 0.0965199s
# EquationOfState: 0.0015954s
# mpi::synchronizeHalos: 8.179e-06s
# IAD: 0.144676s
# mpi::synchronizeHalos: 3.4468e-05s
# MomentumEnergyIAD: 0.433147s
# Timestep: 4.715e-05s
# UpdateQuantities: 0.00434002s
# UpdateSmoothingLength: 0.0016893s
### Check ### Global Tree Nodes: 512, Particles: 2000376, Halos: 0
### Check ### Computational domain: -0.5 0.5 -0.5 0.5 -0.5 0.5
### Check ### Total Neighbors: 187925952, Avg neighbor count per particle: 93
### Check ### Total time: 0.00174566, current time-step: 0.000117671
### Check ### Total energy: 0.999996, (internal: 0.987864, kinetic: 0.0121318, gravitational: 0)
### Check ### Focus Tree Nodes: 32768, maxDepth 5
=== Total time for iteration(54) 1.28724s

# domain::sync: 0.234677s
# FindNeighbors: 0.37202s
# Density: 0.095711s
# EquationOfState: 0.00158871s
# mpi::synchronizeHalos: 7.565e-06s
# IAD: 0.143037s
# mpi::synchronizeHalos: 3.4624e-05s
# MomentumEnergyIAD: 0.428315s
# Timestep: 4.1306e-05s
# UpdateQuantities: 0.00430488s
# UpdateSmoothingLength: 0.00168681s
### Check ### Global Tree Nodes: 512, Particles: 2000376, Halos: 0
### Check ### Computational domain: -0.5 0.5 -0.5 0.5 -0.5 0.5
### Check ### Total Neighbors: 187471464, Avg neighbor count per particle: 93
### Check ### Total time: 0.00186472, current time-step: 0.000119054
### Check ### Total energy: 0.999995, (internal: 0.986244, kinetic: 0.0137508, gravitational: 0)
### Check ### Focus Tree Nodes: 32768, maxDepth 5
=== Total time for iteration(55) 1.28143s

# domain::sync: 0.224141s
# FindNeighbors: 0.3685s
# Density: 0.0946013s
# EquationOfState: 0.00159035s
# mpi::synchronizeHalos: 7.824e-06s
# IAD: 0.143514s
# mpi::synchronizeHalos: 3.5707e-05s
# MomentumEnergyIAD: 0.432557s
# Timestep: 4.3493e-05s
# UpdateQuantities: 0.00425919s
# UpdateSmoothingLength: 0.00168555s
### Check ### Global Tree Nodes: 512, Particles: 2000376, Halos: 0
### Check ### Computational domain: -0.5 0.5 -0.5 0.5 -0.5 0.5
### Check ### Total Neighbors: 186816744, Avg neighbor count per particle: 93
### Check ### Total time: 0.00198527, current time-step: 0.000120554
### Check ### Total energy: 0.999994, (internal: 0.984518, kinetic: 0.0154758, gravitational: 0)
### Check ### Focus Tree Nodes: 32768, maxDepth 5
=== Total time for iteration(56) 1.27095s

# domain::sync: 0.235369s
# FindNeighbors: 0.38324s
# Density: 0.121678s
# EquationOfState: 0.00160141s
# mpi::synchronizeHalos: 1.0256e-05s
# IAD: 0.184653s
# mpi::synchronizeHalos: 4.0767e-05s
# MomentumEnergyIAD: 0.642071s
# Timestep: 4.597e-05s
# UpdateQuantities: 0.00429005s
# UpdateSmoothingLength: 0.00169468s
### Check ### Global Tree Nodes: 512, Particles: 2000376, Halos: 0
### Check ### Computational domain: -0.5 0.5 -0.5 0.5 -0.5 0.5
### Check ### Total Neighbors: 242043552, Avg neighbor count per particle: 120
### Check ### Total time: 0.0021075, current time-step: 0.000122225
### Check ### Total energy: 0.999993, (internal: 0.982684, kinetic: 0.0173088, gravitational: 0)
### Check ### Focus Tree Nodes: 32768, maxDepth 5
=== Total time for iteration(57) 1.5747s

# domain::sync: 0.223122s
# FindNeighbors: 0.370069s
# Density: 0.0957584s
# EquationOfState: 0.00160386s
# mpi::synchronizeHalos: 1.1382e-05s
# IAD: 0.143084s
# mpi::synchronizeHalos: 4.1319e-05s
# MomentumEnergyIAD: 0.437401s
# Timestep: 6.2356e-05s
# UpdateQuantities: 0.0042827s
# UpdateSmoothingLength: 0.00167432s
### Check ### Global Tree Nodes: 512, Particles: 2000376, Halos: 0
### Check ### Computational domain: -0.5 0.5 -0.5 0.5 -0.5 0.5
### Check ### Total Neighbors: 187751496, Avg neighbor count per particle: 93
### Check ### Total time: 0.00223159, current time-step: 0.000124094
### Check ### Total energy: 0.999992, (internal: 0.98074, kinetic: 0.0192523, gravitational: 0)
### Check ### Focus Tree Nodes: 32768, maxDepth 5
=== Total time for iteration(58) 1.27712s

# domain::sync: 0.22687s
# FindNeighbors: 0.361662s
# Density: 0.0958015s
# EquationOfState: 0.0015984s
# mpi::synchronizeHalos: 9.838e-06s
# IAD: 0.143501s
# mpi::synchronizeHalos: 4.1078e-05s
# MomentumEnergyIAD: 0.433059s
# Timestep: 5.2723e-05s
# UpdateQuantities: 0.00430283s
# UpdateSmoothingLength: 0.00168899s
### Check ### Global Tree Nodes: 512, Particles: 2000376, Halos: 0
### Check ### Computational domain: -0.5 0.5 -0.5 0.5 -0.5 0.5
### Check ### Total Neighbors: 187522008, Avg neighbor count per particle: 93
### Check ### Total time: 0.00235772, current time-step: 0.000126132
### Check ### Total energy: 0.999991, (internal: 0.978682, kinetic: 0.0213088, gravitational: 0)
### Check ### Focus Tree Nodes: 32768, maxDepth 5
=== Total time for iteration(59) 1.26859s

# domain::sync: 0.231724s
# FindNeighbors: 0.379025s
# Density: 0.0947901s
# EquationOfState: 0.00160464s
# mpi::synchronizeHalos: 1.0089e-05s
# IAD: 0.144356s
# mpi::synchronizeHalos: 4.4451e-05s
# MomentumEnergyIAD: 0.428334s
# Timestep: 6.5102e-05s
# UpdateQuantities: 0.00439504s
# UpdateSmoothingLength: 0.0016713s
### Check ### Global Tree Nodes: 512, Particles: 2000376, Halos: 0
### Check ### Computational domain: -0.5 0.5 -0.5 0.5 -0.5 0.5
### Check ### Total Neighbors: 186847800, Avg neighbor count per particle: 93
### Check ### Total time: 0.00248557, current time-step: 0.00012785
### Check ### Total energy: 0.99999, (internal: 0.976518, kinetic: 0.0234721, gravitational: 0)
### Check ### Focus Tree Nodes: 32768, maxDepth 5
=== Total time for iteration(60) 1.28603s

# domain::sync: 0.236515s
# FindNeighbors: 0.394683s
# Density: 0.122641s
# EquationOfState: 0.00159194s
# mpi::synchronizeHalos: 1.0428e-05s
# IAD: 0.186464s
# mpi::synchronizeHalos: 4.9507e-05s
# MomentumEnergyIAD: 0.597133s
# Timestep: 4.0467e-05s
# UpdateQuantities: 0.00436076s
# UpdateSmoothingLength: 0.00166479s
### Check ### Global Tree Nodes: 512, Particles: 2000376, Halos: 0
### Check ### Computational domain: -0.5 0.5 -0.5 0.5 -0.5 0.5
### Check ### Total Neighbors: 242157696, Avg neighbor count per particle: 121
### Check ### Total time: 0.00261487, current time-step: 0.000129294
### Check ### Total energy: 0.999988, (internal: 0.974253, kinetic: 0.0257357, gravitational: 0)
### Check ### Focus Tree Nodes: 32936, maxDepth 6
=== Total time for iteration(61) 1.54516s

# domain::sync: 0.232648s
# FindNeighbors: 0.36202s
# Density: 0.0971086s
# EquationOfState: 0.00158872s
# mpi::synchronizeHalos: 7.518e-06s
# IAD: 0.14618s
# mpi::synchronizeHalos: 4.4187e-05s
# MomentumEnergyIAD: 0.431526s
# Timestep: 3.7397e-05s
# UpdateQuantities: 0.00444914s
# UpdateSmoothingLength: 0.00166623s
### Check ### Global Tree Nodes: 512, Particles: 2000376, Halos: 0
### Check ### Computational domain: -0.5 0.5 -0.5 0.5 -0.5 0.5
### Check ### Total Neighbors: 187773936, Avg neighbor count per particle: 93
### Check ### Total time: 0.00274579, current time-step: 0.000130927
### Check ### Total energy: 0.999987, (internal: 0.971886, kinetic: 0.0281012, gravitational: 0)
### Check ### Focus Tree Nodes: 33272, maxDepth 6
=== Total time for iteration(62) 1.27728s

# domain::sync: 0.242757s
# FindNeighbors: 0.37246s
# Density: 0.096785s
# EquationOfState: 0.0018313s
# mpi::synchronizeHalos: 9.919e-06s
# IAD: 0.145236s
# mpi::synchronizeHalos: 4.0651e-05s
# MomentumEnergyIAD: 0.439827s
# Timestep: 4.2893e-05s
# UpdateQuantities: 0.00437395s
# UpdateSmoothingLength: 0.00169062s
### Check ### Global Tree Nodes: 512, Particles: 2000376, Halos: 0
### Check ### Computational domain: -0.5 0.5 -0.5 0.5 -0.5 0.5
### Check ### Total Neighbors: 187303272, Avg neighbor count per particle: 93
### Check ### Total time: 0.00287858, current time-step: 0.000132789
### Check ### Total energy: 0.999986, (internal: 0.969415, kinetic: 0.0305707, gravitational: 0)
### Check ### Focus Tree Nodes: 33440, maxDepth 6
=== Total time for iteration(63) 1.30506s

# domain::sync: 0.228349s
# FindNeighbors: 0.376225s
# Density: 0.0948709s
# EquationOfState: 0.00160041s
# mpi::synchronizeHalos: 1.0627e-05s
# IAD: 0.14216s
# mpi::synchronizeHalos: 3.4781e-05s
# MomentumEnergyIAD: 0.420083s
# Timestep: 5.2602e-05s
# UpdateQuantities: 0.00441429s
# UpdateSmoothingLength: 0.0016931s
### Check ### Global Tree Nodes: 512, Particles: 2000376, Halos: 0
### Check ### Computational domain: -0.5 0.5 -0.5 0.5 -0.5 0.5
### Check ### Total Neighbors: 186920880, Avg neighbor count per particle: 93
### Check ### Total time: 0.00301244, current time-step: 0.00013386
### Check ### Total energy: 0.999985, (internal: 0.966858, kinetic: 0.0331265, gravitational: 0)
### Check ### Focus Tree Nodes: 33776, maxDepth 6
=== Total time for iteration(64) 1.2695s

# domain::sync: 0.159454s
# FindNeighbors: 0.381858s
# Density: 0.121785s
# EquationOfState: 0.0016015s
# mpi::synchronizeHalos: 1.8614e-05s
# IAD: 0.187197s
# mpi::synchronizeHalos: 7.4495e-05s
# MomentumEnergyIAD: 0.578719s
# Timestep: 4.4824e-05s
# UpdateQuantities: 0.00435434s
# UpdateSmoothingLength: 0.0016686s
### Check ### Global Tree Nodes: 512, Particles: 2000376, Halos: 0
### Check ### Computational domain: -0.5 0.5 -0.5 0.5 -0.5 0.5
### Check ### Total Neighbors: 242234832, Avg neighbor count per particle: 121
### Check ### Total time: 0.00314822, current time-step: 0.000135777
### Check ### Total energy: 0.999984, (internal: 0.964201, kinetic: 0.0357827, gravitational: 0)
### Check ### Focus Tree Nodes: 33944, maxDepth 6
=== Total time for iteration(65) 1.43678s

# domain::sync: 0.235817s
# FindNeighbors: 0.373413s
# Density: 0.0964085s
# EquationOfState: 0.00158024s
# mpi::synchronizeHalos: 1.179e-05s
# IAD: 0.144232s
# mpi::synchronizeHalos: 2.6746e-05s
# MomentumEnergyIAD: 0.434633s
# Timestep: 4.1978e-05s
# UpdateQuantities: 0.00433686s
# UpdateSmoothingLength: 0.00168913s
### Check ### Global Tree Nodes: 512, Particles: 2000376, Halos: 0
### Check ### Computational domain: -0.5 0.5 -0.5 0.5 -0.5 0.5
### Check ### Total Neighbors: 187804056, Avg neighbor count per particle: 93
### Check ### Total time: 0.00328562, current time-step: 0.000137398
### Check ### Total energy: 0.999982, (internal: 0.961452, kinetic: 0.0385303, gravitational: 0)
### Check ### Focus Tree Nodes: 34448, maxDepth 6
=== Total time for iteration(66) 1.2922s

# domain::sync: 0.239701s
# FindNeighbors: 0.373739s
# Density: 0.0951908s
# EquationOfState: 0.00163668s
# mpi::synchronizeHalos: 9.697e-06s
# IAD: 0.142865s
# mpi::synchronizeHalos: 2.7167e-05s
# MomentumEnergyIAD: 0.438746s
# Timestep: 5.1727e-05s
# UpdateQuantities: 0.00441107s
# UpdateSmoothingLength: 0.0016854s
### Check ### Global Tree Nodes: 512, Particles: 2000376, Halos: 0
### Check ### Computational domain: -0.5 0.5 -0.5 0.5 -0.5 0.5
### Check ### Total Neighbors: 187136664, Avg neighbor count per particle: 93
### Check ### Total time: 0.00342498, current time-step: 0.000139363
### Check ### Total energy: 0.999981, (internal: 0.958607, kinetic: 0.0413738, gravitational: 0)
### Check ### Focus Tree Nodes: 35120, maxDepth 6
=== Total time for iteration(67) 1.29807s

# domain::sync: 0.237157s
# FindNeighbors: 0.375357s
# Density: 0.0966189s
# EquationOfState: 0.00159985s
# mpi::synchronizeHalos: 1.8245e-05s
# IAD: 0.144849s
# mpi::synchronizeHalos: 5.3726e-05s
# MomentumEnergyIAD: 0.436079s
# Timestep: 4.592e-05s
# UpdateQuantities: 0.00430471s
# UpdateSmoothingLength: 0.00168514s
### Check ### Global Tree Nodes: 512, Particles: 2000376, Halos: 0
### Check ### Computational domain: -0.5 0.5 -0.5 0.5 -0.5 0.5
### Check ### Total Neighbors: 186976056, Avg neighbor count per particle: 93
### Check ### Total time: 0.00356613, current time-step: 0.000141152
### Check ### Total energy: 0.99998, (internal: 0.955674, kinetic: 0.0443064, gravitational: 0)
### Check ### Focus Tree Nodes: 34952, maxDepth 6
=== Total time for iteration(68) 1.29777s

# domain::sync: 0.204063s
# FindNeighbors: 0.390093s
# Density: 0.122836s
# EquationOfState: 0.00158497s
# mpi::synchronizeHalos: 7.973e-06s
# IAD: 0.186155s
# mpi::synchronizeHalos: 3.5409e-05s
# MomentumEnergyIAD: 0.574302s
# Timestep: 4.8445e-05s
# UpdateQuantities: 0.00440458s
# UpdateSmoothingLength: 0.00169275s
### Check ### Global Tree Nodes: 512, Particles: 2000376, Halos: 0
### Check ### Computational domain: -0.5 0.5 -0.5 0.5 -0.5 0.5
### Check ### Total Neighbors: 242339280, Avg neighbor count per particle: 121
### Check ### Total time: 0.00370961, current time-step: 0.000143476
### Check ### Total energy: 0.999979, (internal: 0.952642, kinetic: 0.0473366, gravitational: 0)
### Check ### Focus Tree Nodes: 35456, maxDepth 6
=== Total time for iteration(69) 1.48523s

# domain::sync: 0.240881s
# FindNeighbors: 0.360615s
# Density: 0.095874s
# EquationOfState: 0.00157983s
# mpi::synchronizeHalos: 1.0752e-05s
# IAD: 0.143536s
# mpi::synchronizeHalos: 2.7344e-05s
# MomentumEnergyIAD: 0.430001s
# Timestep: 5.2436e-05s
# UpdateQuantities: 0.00448966s
# UpdateSmoothingLength: 0.00168226s
### Check ### Global Tree Nodes: 512, Particles: 2000376, Halos: 0
### Check ### Computational domain: -0.5 0.5 -0.5 0.5 -0.5 0.5
### Check ### Total Neighbors: 187731120, Avg neighbor count per particle: 93
### Check ### Total time: 0.0038551, current time-step: 0.000145489
### Check ### Total energy: 0.999978, (internal: 0.949523, kinetic: 0.0504545, gravitational: 0)
### Check ### Focus Tree Nodes: 35456, maxDepth 6
=== Total time for iteration(70) 1.27875s

# domain::sync: 0.240659s
# FindNeighbors: 0.364381s
# Density: 0.0953704s
# EquationOfState: 0.00163632s
# mpi::synchronizeHalos: 1.0699e-05s
# IAD: 0.143201s
# mpi::synchronizeHalos: 2.7127e-05s
# MomentumEnergyIAD: 0.428344s
# Timestep: 3.9374e-05s
# UpdateQuantities: 0.00429344s
# UpdateSmoothingLength: 0.00168142s
### Check ### Global Tree Nodes: 512, Particles: 2000376, Halos: 0
### Check ### Computational domain: -0.5 0.5 -0.5 0.5 -0.5 0.5
### Check ### Total Neighbors: 187107960, Avg neighbor count per particle: 93
### Check ### Total time: 0.00400251, current time-step: 0.000147414
### Check ### Total energy: 0.999977, (internal: 0.946322, kinetic: 0.0536549, gravitational: 0)
### Check ### Focus Tree Nodes: 35456, maxDepth 6
=== Total time for iteration(71) 1.27965s

# domain::sync: 0.209453s
# FindNeighbors: 0.376705s
# Density: 0.0961552s
# EquationOfState: 0.00158772s
# mpi::synchronizeHalos: 1.3256e-05s
# IAD: 0.144429s
# mpi::synchronizeHalos: 3.5161e-05s
# MomentumEnergyIAD: 0.427279s
# Timestep: 5.6809e-05s
# UpdateQuantities: 0.0044595s
# UpdateSmoothingLength: 0.00177653s
### Check ### Global Tree Nodes: 512, Particles: 2000376, Halos: 0
### Check ### Computational domain: -0.5 0.5 -0.5 0.5 -0.5 0.5
### Check ### Total Neighbors: 187168848, Avg neighbor count per particle: 93
### Check ### Total time: 0.00415226, current time-step: 0.000149745
### Check ### Total energy: 0.999976, (internal: 0.943032, kinetic: 0.0569434, gravitational: 0)
### Check ### Focus Tree Nodes: 35624, maxDepth 6
=== Total time for iteration(72) 1.26196s

# domain::sync: 0.223115s
# FindNeighbors: 0.392196s
# Density: 0.122783s
# EquationOfState: 0.0015888s
# mpi::synchronizeHalos: 1.3576e-05s
# IAD: 0.185034s
# mpi::synchronizeHalos: 4.445e-05s
# MomentumEnergyIAD: 0.58106s
# Timestep: 9.4565e-05s
# UpdateQuantities: 0.00580616s
# UpdateSmoothingLength: 0.0016967s
### Check ### Global Tree Nodes: 512, Particles: 2000376, Halos: 0
### Check ### Computational domain: -0.5 0.5 -0.5 0.5 -0.5 0.5
### Check ### Total Neighbors: 242354400, Avg neighbor count per particle: 121
### Check ### Total time: 0.00430408, current time-step: 0.000151826
### Check ### Total energy: 0.999975, (internal: 0.939664, kinetic: 0.0603106, gravitational: 0)
### Check ### Focus Tree Nodes: 36184, maxDepth 6
=== Total time for iteration(73) 1.51344s

# domain::sync: 0.211259s
# FindNeighbors: 0.371037s
# Density: 0.0967433s
# EquationOfState: 0.00162302s
# mpi::synchronizeHalos: 7.782e-06s
# IAD: 0.144917s
# mpi::synchronizeHalos: 3.5344e-05s
# MomentumEnergyIAD: 0.438426s
# Timestep: 5.8075e-05s
# UpdateQuantities: 0.0045941s
# UpdateSmoothingLength: 0.00169761s
### Check ### Global Tree Nodes: 512, Particles: 2000376, Halos: 0
### Check ### Computational domain: -0.5 0.5 -0.5 0.5 -0.5 0.5
### Check ### Total Neighbors: 187538918, Avg neighbor count per particle: 93
### Check ### Total time: 0.00445817, current time-step: 0.000154087
### Check ### Total energy: 0.999974, (internal: 0.936217, kinetic: 0.0637569, gravitational: 0)
### Check ### Focus Tree Nodes: 36296, maxDepth 6
=== Total time for iteration(74) 1.2704s

# domain::sync: 0.21928s
# FindNeighbors: 0.375327s
# Density: 0.0955509s
# EquationOfState: 0.00157901s
# mpi::synchronizeHalos: 1.028e-05s
# IAD: 0.143492s
# mpi::synchronizeHalos: 2.7295e-05s
# MomentumEnergyIAD: 0.438989s
# Timestep: 4.1204e-05s
# UpdateQuantities: 0.00462491s
# UpdateSmoothingLength: 0.00168385s
### Check ### Global Tree Nodes: 512, Particles: 2000376, Halos: 0
### Check ### Computational domain: -0.5 0.5 -0.5 0.5 -0.5 0.5
### Check ### Total Neighbors: 187156700, Avg neighbor count per particle: 93
### Check ### Total time: 0.00461458, current time-step: 0.000156411
### Check ### Total energy: 0.999973, (internal: 0.932693, kinetic: 0.0672799, gravitational: 0)
### Check ### Focus Tree Nodes: 36632, maxDepth 6
=== Total time for iteration(75) 1.28061s

# domain::sync: 0.238201s
# FindNeighbors: 0.3821s
# Density: 0.123081s
# EquationOfState: 0.00223713s
# mpi::synchronizeHalos: 2.131e-05s
# IAD: 0.186608s
# mpi::synchronizeHalos: 3.8192e-05s
# MomentumEnergyIAD: 1.01083s
# Timestep: 5.8254e-05s
# UpdateQuantities: 0.00425365s
# UpdateSmoothingLength: 0.00166599s
### Check ### Global Tree Nodes: 512, Particles: 2000376, Halos: 0
### Check ### Computational domain: -0.5 0.5 -0.5 0.5 -0.5 0.5
### Check ### Total Neighbors: 240647760, Avg neighbor count per particle: 120
### Check ### Total time: 0.00477357, current time-step: 0.000158988
### Check ### Total energy: 0.999972, (internal: 0.929091, kinetic: 0.0708815, gravitational: 0)
### Check ### Focus Tree Nodes: 36856, maxDepth 6
=== Total time for iteration(76) 1.9491s

# domain::sync: 0.141426s
# FindNeighbors: 0.359868s
# Density: 0.0970576s
# EquationOfState: 0.00158547s
# mpi::synchronizeHalos: 1.0259e-05s
# IAD: 0.144969s
# mpi::synchronizeHalos: 2.8479e-05s
# MomentumEnergyIAD: 0.44235s
# Timestep: 5.1547e-05s
# UpdateQuantities: 0.00418095s
# UpdateSmoothingLength: 0.00169335s
### Check ### Global Tree Nodes: 512, Particles: 2000376, Halos: 0
### Check ### Computational domain: -0.5 0.5 -0.5 0.5 -0.5 0.5
### Check ### Total Neighbors: 188629156, Avg neighbor count per particle: 94
### Check ### Total time: 0.00493479, current time-step: 0.000161227
### Check ### Total energy: 0.999972, (internal: 0.925422, kinetic: 0.0745498, gravitational: 0)
### Check ### Focus Tree Nodes: 36632, maxDepth 6
=== Total time for iteration(77) 1.19323s

# domain::sync: 0.188849s
# FindNeighbors: 0.372231s
# Density: 0.0966245s
# EquationOfState: 0.00158838s
# mpi::synchronizeHalos: 1.0102e-05s
# IAD: 0.144482s
# mpi::synchronizeHalos: 2.6568e-05s
# MomentumEnergyIAD: 0.441017s
# Timestep: 5.1036e-05s
# UpdateQuantities: 0.00418556s
# UpdateSmoothingLength: 0.00168751s
### Check ### Global Tree Nodes: 512, Particles: 2000376, Halos: 0
### Check ### Computational domain: -0.5 0.5 -0.5 0.5 -0.5 0.5
### Check ### Total Neighbors: 187380888, Avg neighbor count per particle: 93
### Check ### Total time: 0.00509833, current time-step: 0.000163535
### Check ### Total energy: 0.999971, (internal: 0.921689, kinetic: 0.0782822, gravitational: 0)
### Check ### Focus Tree Nodes: 36520, maxDepth 6
=== Total time for iteration(78) 1.25076s

# domain::sync: 0.239054s
# FindNeighbors: 0.364214s
# Density: 0.0964s
# EquationOfState: 0.00158492s
# mpi::synchronizeHalos: 1.0142e-05s
# IAD: 0.144213s
# mpi::synchronizeHalos: 2.8254e-05s
# MomentumEnergyIAD: 0.438371s
# Timestep: 5.6652e-05s
# UpdateQuantities: 0.00430811s
# UpdateSmoothingLength: 0.00168185s
### Check ### Global Tree Nodes: 512, Particles: 2000376, Halos: 0
### Check ### Computational domain: -0.5 0.5 -0.5 0.5 -0.5 0.5
### Check ### Total Neighbors: 187369560, Avg neighbor count per particle: 93
### Check ### Total time: 0.00526399, current time-step: 0.000165665
### Check ### Total energy: 0.99997, (internal: 0.9179, kinetic: 0.0820704, gravitational: 0)
### Check ### Focus Tree Nodes: 36856, maxDepth 6
=== Total time for iteration(79) 1.28993s

# domain::sync: 0.233214s
# FindNeighbors: 0.381683s
# Density: 0.122335s
# EquationOfState: 0.00158362s
# mpi::synchronizeHalos: 1.0004e-05s
# IAD: 0.185764s
# mpi::synchronizeHalos: 3.508e-05s
# MomentumEnergyIAD: 0.688811s
# Timestep: 4.1216e-05s
# UpdateQuantities: 0.00427862s
# UpdateSmoothingLength: 0.00166759s
### Check ### Global Tree Nodes: 512, Particles: 2000376, Halos: 0
### Check ### Computational domain: -0.5 0.5 -0.5 0.5 -0.5 0.5
### Check ### Total Neighbors: 240751824, Avg neighbor count per particle: 120
### Check ### Total time: 0.00543222, current time-step: 0.000168229
### Check ### Total energy: 0.99997, (internal: 0.91405, kinetic: 0.0859203, gravitational: 0)
### Check ### Focus Tree Nodes: 37864, maxDepth 6
=== Total time for iteration(80) 1.61943s

# domain::sync: 0.233079s
# FindNeighbors: 0.36102s
# Density: 0.0975974s
# EquationOfState: 0.0015858s
# mpi::synchronizeHalos: 7.723e-06s
# IAD: 0.147054s
# mpi::synchronizeHalos: 3.2155e-05s
# MomentumEnergyIAD: 0.443549s
# Timestep: 3.5624e-05s
# UpdateQuantities: 0.00437821s
# UpdateSmoothingLength: 0.00168218s
### Check ### Global Tree Nodes: 512, Particles: 2000376, Halos: 0
### Check ### Computational domain: -0.5 0.5 -0.5 0.5 -0.5 0.5
### Check ### Total Neighbors: 188759242, Avg neighbor count per particle: 94
### Check ### Total time: 0.0056031, current time-step: 0.000170877
### Check ### Total energy: 0.99997, (internal: 0.91014, kinetic: 0.0898294, gravitational: 0)
### Check ### Focus Tree Nodes: 37696, maxDepth 6
=== Total time for iteration(81) 1.29003s

# domain::sync: 0.223063s
# FindNeighbors: 0.372637s
# Density: 0.0966512s
# EquationOfState: 0.00158582s
# mpi::synchronizeHalos: 8.024e-06s
# IAD: 0.144132s
# mpi::synchronizeHalos: 3.2469e-05s
# MomentumEnergyIAD: 0.434801s
# Timestep: 3.535e-05s
# UpdateQuantities: 0.00433168s
# UpdateSmoothingLength: 0.00167073s
### Check ### Global Tree Nodes: 512, Particles: 2000376, Halos: 0
### Check ### Computational domain: -0.5 0.5 -0.5 0.5 -0.5 0.5
### Check ### Total Neighbors: 187334752, Avg neighbor count per particle: 93
### Check ### Total time: 0.00577692, current time-step: 0.000173816
### Check ### Total energy: 0.99997, (internal: 0.90617, kinetic: 0.0938001, gravitational: 0)
### Check ### Focus Tree Nodes: 37528, maxDepth 6
=== Total time for iteration(82) 1.27895s

# domain::sync: 0.16151s
# FindNeighbors: 0.364711s
# Density: 0.0975569s
# EquationOfState: 0.00158973s
# mpi::synchronizeHalos: 7.118e-06s
# IAD: 0.146219s
# mpi::synchronizeHalos: 3.3166e-05s
# MomentumEnergyIAD: 0.438328s
# Timestep: 3.6717e-05s
# UpdateQuantities: 0.00433413s
# UpdateSmoothingLength: 0.00168457s
### Check ### Global Tree Nodes: 512, Particles: 2000376, Halos: 0
### Check ### Computational domain: -0.5 0.5 -0.5 0.5 -0.5 0.5
### Check ### Total Neighbors: 187430136, Avg neighbor count per particle: 93
### Check ### Total time: 0.00595349, current time-step: 0.000176575
### Check ### Total energy: 0.99997, (internal: 0.902146, kinetic: 0.0978233, gravitational: 0)
### Check ### Focus Tree Nodes: 37528, maxDepth 6
=== Total time for iteration(83) 1.21601s

# domain::sync: 0.225142s
# FindNeighbors: 0.384515s
# Density: 0.123133s
# EquationOfState: 0.00159309s
# mpi::synchronizeHalos: 7.616e-06s
# IAD: 0.186602s
# mpi::synchronizeHalos: 3.4221e-05s
# MomentumEnergyIAD: 0.613836s
# Timestep: 3.8504e-05s
# UpdateQuantities: 0.0043584s
# UpdateSmoothingLength: 0.00176575s
### Check ### Global Tree Nodes: 512, Particles: 2000376, Halos: 0
### Check ### Computational domain: -0.5 0.5 -0.5 0.5 -0.5 0.5
### Check ### Total Neighbors: 240732168, Avg neighbor count per particle: 120
### Check ### Total time: 0.00613274, current time-step: 0.000179245
### Check ### Total energy: 0.999969, (internal: 0.898077, kinetic: 0.101893, gravitational: 0)
### Check ### Focus Tree Nodes: 37192, maxDepth 6
=== Total time for iteration(84) 1.54103s

# domain::sync: 0.198745s
# FindNeighbors: 0.361361s
# Density: 0.0993826s
# EquationOfState: 0.00218503s
# mpi::synchronizeHalos: 1.2223e-05s
# IAD: 0.148576s
# mpi::synchronizeHalos: 4.5935e-05s
# MomentumEnergyIAD: 0.453544s
# Timestep: 8.0779e-05s
# UpdateQuantities: 0.00510745s
# UpdateSmoothingLength: 0.00168665s
### Check ### Global Tree Nodes: 512, Particles: 2000376, Halos: 0
### Check ### Computational domain: -0.5 0.5 -0.5 0.5 -0.5 0.5
### Check ### Total Neighbors: 188729616, Avg neighbor count per particle: 94
### Check ### Total time: 0.0063145, current time-step: 0.000181759
### Check ### Total energy: 0.999969, (internal: 0.893969, kinetic: 0.106, gravitational: 0)
### Check ### Focus Tree Nodes: 37192, maxDepth 6
=== Total time for iteration(85) 1.27073s

# domain::sync: 0.161627s
# FindNeighbors: 0.362739s
# Density: 0.097099s
# EquationOfState: 0.00159996s
# mpi::synchronizeHalos: 9.502e-06s
# IAD: 0.144895s
# mpi::synchronizeHalos: 3.5451e-05s
# MomentumEnergyIAD: 0.43684s
# Timestep: 4.6343e-05s
# UpdateQuantities: 0.00434879s
# UpdateSmoothingLength: 0.00167848s
### Check ### Global Tree Nodes: 512, Particles: 2000376, Halos: 0
### Check ### Computational domain: -0.5 0.5 -0.5 0.5 -0.5 0.5
### Check ### Total Neighbors: 187408376, Avg neighbor count per particle: 93
### Check ### Total time: 0.00649745, current time-step: 0.000182958
### Check ### Total energy: 0.999968, (internal: 0.889858, kinetic: 0.11011, gravitational: 0)
### Check ### Focus Tree Nodes: 38200, maxDepth 6
=== Total time for iteration(86) 1.21092s

# domain::sync: 0.220249s
# FindNeighbors: 0.364329s
# Density: 0.0961204s
# EquationOfState: 0.00159163s
# mpi::synchronizeHalos: 1.0669e-05s
# IAD: 0.143832s
# mpi::synchronizeHalos: 3.5433e-05s
# MomentumEnergyIAD: 0.433639s
# Timestep: 5.1064e-05s
# UpdateQuantities: 0.00399885s
# UpdateSmoothingLength: 0.00168058s
### Check ### Global Tree Nodes: 512, Particles: 2000376, Halos: 0
### Check ### Computational domain: -0.5 0.5 -0.5 0.5 -0.5 0.5
### Check ### Total Neighbors: 187502314, Avg neighbor count per particle: 93
### Check ### Total time: 0.0066817, current time-step: 0.000184245
### Check ### Total energy: 0.999968, (internal: 0.885745, kinetic: 0.114223, gravitational: 0)
### Check ### Focus Tree Nodes: 38032, maxDepth 6
=== Total time for iteration(87) 1.26554s

# domain::sync: 0.189846s
# FindNeighbors: 0.383913s
# Density: 0.123187s
# EquationOfState: 0.0015992s
# mpi::synchronizeHalos: 9.907e-06s
# IAD: 0.186719s
# mpi::synchronizeHalos: 4.4427e-05s
# MomentumEnergyIAD: 0.597739s
# Timestep: 5.8044e-05s
# UpdateQuantities: 0.00405348s
# UpdateSmoothingLength: 0.00168313s
### Check ### Global Tree Nodes: 512, Particles: 2000376, Halos: 0
### Check ### Computational domain: -0.5 0.5 -0.5 0.5 -0.5 0.5
### Check ### Total Neighbors: 240807820, Avg neighbor count per particle: 120
### Check ### Total time: 0.00686717, current time-step: 0.000185467
### Check ### Total energy: 0.999967, (internal: 0.881635, kinetic: 0.118332, gravitational: 0)
### Check ### Focus Tree Nodes: 39040, maxDepth 6
=== Total time for iteration(88) 1.48886s

# domain::sync: 0.177068s
# FindNeighbors: 0.372857s
# Density: 0.0987517s
# EquationOfState: 0.00160109s
# mpi::synchronizeHalos: 9.671e-06s
# IAD: 0.148493s
# mpi::synchronizeHalos: 3.5879e-05s
# MomentumEnergyIAD: 0.441279s
# Timestep: 5.3017e-05s
# UpdateQuantities: 0.00410788s
# UpdateSmoothingLength: 0.00166831s
### Check ### Global Tree Nodes: 512, Particles: 2000376, Halos: 0
### Check ### Computational domain: -0.5 0.5 -0.5 0.5 -0.5 0.5
### Check ### Total Neighbors: 188542042, Avg neighbor count per particle: 94
### Check ### Total time: 0.00705397, current time-step: 0.000186804
### Check ### Total energy: 0.999967, (internal: 0.877529, kinetic: 0.122438, gravitational: 0)
### Check ### Focus Tree Nodes: 38536, maxDepth 6
=== Total time for iteration(89) 1.24593s

# domain::sync: 0.222022s
# FindNeighbors: 0.374529s
# Density: 0.097151s
# EquationOfState: 0.00159371s
# mpi::synchronizeHalos: 9.662e-06s
# IAD: 0.147461s
# mpi::synchronizeHalos: 3.4172e-05s
# MomentumEnergyIAD: 0.437549s
# Timestep: 6.52e-05s
# UpdateQuantities: 0.00418772s
# UpdateSmoothingLength: 0.00167106s
### Check ### Global Tree Nodes: 512, Particles: 2000376, Halos: 0
### Check ### Computational domain: -0.5 0.5 -0.5 0.5 -0.5 0.5
### Check ### Total Neighbors: 187447684, Avg neighbor count per particle: 93
### Check ### Total time: 0.00724248, current time-step: 0.000188509
### Check ### Total energy: 0.999966, (internal: 0.873423, kinetic: 0.126543, gravitational: 0)
### Check ### Focus Tree Nodes: 38872, maxDepth 6
=== Total time for iteration(90) 1.28628s

# domain::sync: 0.227264s
# FindNeighbors: 0.369817s
# Density: 0.0978944s
# EquationOfState: 0.001594s
# mpi::synchronizeHalos: 9.508e-06s
# IAD: 0.146227s
# mpi::synchronizeHalos: 3.5411e-05s
# MomentumEnergyIAD: 0.447919s
# Timestep: 4.7066e-05s
# UpdateQuantities: 0.00417328s
# UpdateSmoothingLength: 0.00166161s
### Check ### Global Tree Nodes: 512, Particles: 2000376, Halos: 0
### Check ### Computational domain: -0.5 0.5 -0.5 0.5 -0.5 0.5
### Check ### Total Neighbors: 187641908, Avg neighbor count per particle: 93
### Check ### Total time: 0.00743232, current time-step: 0.000189839
### Check ### Total energy: 0.999966, (internal: 0.869328, kinetic: 0.130638, gravitational: 0)
### Check ### Focus Tree Nodes: 38872, maxDepth 6
=== Total time for iteration(91) 1.29665s

# domain::sync: 0.190913s
# FindNeighbors: 0.383912s
# Density: 0.12745s
# EquationOfState: 0.00177589s
# mpi::synchronizeHalos: 1.0352e-05s
# IAD: 0.185941s
# mpi::synchronizeHalos: 4.4863e-05s
# MomentumEnergyIAD: 0.575454s
# Timestep: 4.3374e-05s
# UpdateQuantities: 0.00421109s
# UpdateSmoothingLength: 0.00287584s
### Check ### Global Tree Nodes: 512, Particles: 2000376, Halos: 0
### Check ### Computational domain: -0.5 0.5 -0.5 0.5 -0.5 0.5
### Check ### Total Neighbors: 240872642, Avg neighbor count per particle: 120
### Check ### Total time: 0.00762319, current time-step: 0.000190872
### Check ### Total energy: 0.999966, (internal: 0.865254, kinetic: 0.134711, gravitational: 0)
### Check ### Focus Tree Nodes: 38704, maxDepth 6
=== Total time for iteration(92) 1.47265s

# domain::sync: 0.252811s
# FindNeighbors: 0.369553s
# Density: 0.100764s
# EquationOfState: 0.00234586s
# mpi::synchronizeHalos: 1.3491e-05s
# IAD: 0.150267s
# mpi::synchronizeHalos: 7.0256e-05s
# MomentumEnergyIAD: 0.456731s
# Timestep: 3.6205e-05s
# UpdateQuantities: 0.0038208s
# UpdateSmoothingLength: 0.00167875s
### Check ### Global Tree Nodes: 512, Particles: 2000376, Halos: 0
### Check ### Computational domain: -0.5 0.5 -0.5 0.5 -0.5 0.5
### Check ### Total Neighbors: 188361228, Avg neighbor count per particle: 94
### Check ### Total time: 0.00781264, current time-step: 0.000189453
### Check ### Total energy: 0.999963, (internal: 0.861255, kinetic: 0.138708, gravitational: 0)
### Check ### Focus Tree Nodes: 38368, maxDepth 6
=== Total time for iteration(93) 1.3381s

# domain::sync: 0.154867s
# FindNeighbors: 0.364607s
# Density: 0.0987646s
# EquationOfState: 0.00182481s
# mpi::synchronizeHalos: 1.3184e-05s
# IAD: 0.147552s
# mpi::synchronizeHalos: 3.293e-05s
# MomentumEnergyIAD: 0.430394s
# Timestep: 4.0766e-05s
# UpdateQuantities: 0.00400571s
# UpdateSmoothingLength: 0.00168135s
### Check ### Global Tree Nodes: 512, Particles: 2000376, Halos: 0
### Check ### Computational domain: -0.5 0.5 -0.5 0.5 -0.5 0.5
### Check ### Total Neighbors: 187566496, Avg neighbor count per particle: 93
### Check ### Total time: 0.00800263, current time-step: 0.000189992
### Check ### Total energy: 0.999963, (internal: 0.857292, kinetic: 0.142671, gravitational: 0)
### Check ### Focus Tree Nodes: 38872, maxDepth 6
=== Total time for iteration(94) 1.20379s

# domain::sync: 0.158917s
# FindNeighbors: 0.364972s
# Density: 0.0981561s
# EquationOfState: 0.00159692s
# mpi::synchronizeHalos: 1.2014e-05s
# IAD: 0.14621s
# mpi::synchronizeHalos: 3.5769e-05s
# MomentumEnergyIAD: 0.442736s
# Timestep: 3.6785e-05s
# UpdateQuantities: 0.00396952s
# UpdateSmoothingLength: 0.00165709s
### Check ### Global Tree Nodes: 512, Particles: 2000376, Halos: 0
### Check ### Computational domain: -0.5 0.5 -0.5 0.5 -0.5 0.5
### Check ### Total Neighbors: 187753474, Avg neighbor count per particle: 93
### Check ### Total time: 0.00819329, current time-step: 0.000190657
### Check ### Total energy: 0.999962, (internal: 0.853363, kinetic: 0.146599, gravitational: 0)
### Check ### Focus Tree Nodes: 39544, maxDepth 6
=== Total time for iteration(95) 1.2183s

# domain::sync: 0.182615s
# FindNeighbors: 0.383023s
# Density: 0.122708s
# EquationOfState: 0.0015939s
# mpi::synchronizeHalos: 1.3477e-05s
# IAD: 0.185017s
# mpi::synchronizeHalos: 3.3138e-05s
# MomentumEnergyIAD: 0.56023s
# Timestep: 4.0114e-05s
# UpdateQuantities: 0.00397696s
# UpdateSmoothingLength: 0.00167755s
### Check ### Global Tree Nodes: 512, Particles: 2000376, Halos: 0
### Check ### Computational domain: -0.5 0.5 -0.5 0.5 -0.5 0.5
### Check ### Total Neighbors: 240886348, Avg neighbor count per particle: 120
### Check ### Total time: 0.00838349, current time-step: 0.000190195
### Check ### Total energy: 0.999961, (internal: 0.849494, kinetic: 0.150467, gravitational: 0)
### Check ### Focus Tree Nodes: 40216, maxDepth 6
=== Total time for iteration(96) 1.44094s

# domain::sync: 0.202774s
# FindNeighbors: 0.362825s
# Density: 0.0970753s
# EquationOfState: 0.00160126s
# mpi::synchronizeHalos: 1.8129e-05s
# IAD: 0.145036s
# mpi::synchronizeHalos: 4.0642e-05s
# MomentumEnergyIAD: 0.441183s
# Timestep: 7.1689e-05s
# UpdateQuantities: 0.00388726s
# UpdateSmoothingLength: 0.00169479s
### Check ### Global Tree Nodes: 512, Particles: 2000376, Halos: 0
### Check ### Computational domain: -0.5 0.5 -0.5 0.5 -0.5 0.5
### Check ### Total Neighbors: 188269274, Avg neighbor count per particle: 94
### Check ### Total time: 0.00857394, current time-step: 0.000190457
### Check ### Total energy: 0.999961, (internal: 0.845671, kinetic: 0.154289, gravitational: 0)
### Check ### Focus Tree Nodes: 39880, maxDepth 6
=== Total time for iteration(97) 1.25622s

# domain::sync: 0.178613s
# FindNeighbors: 0.37853s
# Density: 0.0968445s
# EquationOfState: 0.00160376s
# mpi::synchronizeHalos: 1.9715e-05s
# IAD: 0.144127s
# mpi::synchronizeHalos: 3.9265e-05s
# MomentumEnergyIAD: 0.430474s
# Timestep: 4.2075e-05s
# UpdateQuantities: 0.00373337s
# UpdateSmoothingLength: 0.00167986s
### Check ### Global Tree Nodes: 512, Particles: 2000376, Halos: 0
### Check ### Computational domain: -0.5 0.5 -0.5 0.5 -0.5 0.5
### Check ### Total Neighbors: 187662964, Avg neighbor count per particle: 93
### Check ### Total time: 0.00876468, current time-step: 0.000190735
### Check ### Total energy: 0.99996, (internal: 0.841895, kinetic: 0.158065, gravitational: 0)
### Check ### Focus Tree Nodes: 40048, maxDepth 6
=== Total time for iteration(98) 1.23571s

# domain::sync: 0.191368s
# FindNeighbors: 0.378975s
# Density: 0.0968284s
# EquationOfState: 0.00159993s
# mpi::synchronizeHalos: 1.9294e-05s
# IAD: 0.145879s
# mpi::synchronizeHalos: 3.9267e-05s
# MomentumEnergyIAD: 0.427895s
# Timestep: 5.1373e-05s
# UpdateQuantities: 0.00376046s
# UpdateSmoothingLength: 0.00167374s
### Check ### Global Tree Nodes: 512, Particles: 2000376, Halos: 0
### Check ### Computational domain: -0.5 0.5 -0.5 0.5 -0.5 0.5
### Check ### Total Neighbors: 187884128, Avg neighbor count per particle: 93
### Check ### Total time: 0.00895595, current time-step: 0.000191267
### Check ### Total energy: 0.99996, (internal: 0.838163, kinetic: 0.161797, gravitational: 0)
### Check ### Focus Tree Nodes: 40216, maxDepth 6
=== Total time for iteration(99) 1.24809s

# domain::sync: 0.218964s
# FindNeighbors: 0.383522s
# Density: 0.122015s
# EquationOfState: 0.00161319s
# mpi::synchronizeHalos: 1.0422e-05s
# IAD: 0.184178s
# mpi::synchronizeHalos: 3.3684e-05s
# MomentumEnergyIAD: 0.57315s
# Timestep: 4.1841e-05s
# UpdateQuantities: 0.00379868s
# UpdateSmoothingLength: 0.00169129s
### Check ### Global Tree Nodes: 512, Particles: 2000376, Halos: 0
### Check ### Computational domain: -0.5 0.5 -0.5 0.5 -0.5 0.5
### Check ### Total Neighbors: 240965360, Avg neighbor count per particle: 120
### Check ### Total time: 0.00914748, current time-step: 0.00019153
### Check ### Total energy: 0.99996, (internal: 0.834481, kinetic: 0.165479, gravitational: 0)
### Check ### Focus Tree Nodes: 40552, maxDepth 6
=== Total time for iteration(100) 1.48903s

# Total execution time of 100 iterations of sedov up to t = 0.009147: 136.704s
real 137.12
user 3210.35
sys 1.63
