61.75

Params:Program: ../sph-exa-build/main/src/sphexa/sphexa
Particles: 50
Timestep: 100
Numthreads: 2
# SPHEXA: HEAD/22053277
# 1 MPI-3.1 process(es) with 2 OpenMP-201511 thread(s)/process
Data generated for 125000 global particles
Domain synchronized, nLocalParticles 125000
# domain::sync: 0.0237211s
# FindNeighbors: 0.235964s
# Density: 0.0487393s
# EquationOfState: 0.000729461s
# mpi::synchronizeHalos: 9e-06s
# IAD: 0.071352s
# mpi::synchronizeHalos: 2.7883e-05s
# MomentumEnergyIAD: 0.182096s
# Timestep: 3.5228e-05s
# UpdateQuantities: 0.00139492s
# UpdateSmoothingLength: 0.000876488s
### Check ### Global Tree Nodes: 512, Particles: 125000, Halos: 0
### Check ### Computational domain: -0.5 0.5 -0.5 0.5 -0.5 0.5
### Check ### Total Neighbors: 11625000, Avg neighbor count per particle: 93
### Check ### Total time: 1.1e-06, current time-step: 1.1e-06
### Check ### Total energy: 1, (internal: 1, kinetic: 1.01185e-08, gravitational: 0)
### Check ### Focus Tree Nodes: 4096, maxDepth 4
=== Total time for iteration(1) 0.564951s

# domain::sync: 0.0260639s
# FindNeighbors: 0.218911s
# Density: 0.0486097s
# EquationOfState: 0.000718217s
# mpi::synchronizeHalos: 8.392e-06s
# IAD: 0.0738884s
# mpi::synchronizeHalos: 9.9815e-05s
# MomentumEnergyIAD: 0.208537s
# Timestep: 9.3912e-05s
# UpdateQuantities: 0.00182124s
# UpdateSmoothingLength: 0.000893382s
### Check ### Global Tree Nodes: 512, Particles: 125000, Halos: 0
### Check ### Computational domain: -0.5 0.5 -0.5 0.5 -0.5 0.5
### Check ### Total Neighbors: 11625000, Avg neighbor count per particle: 93
### Check ### Total time: 2.31e-06, current time-step: 1.21e-06
### Check ### Total energy: 1, (internal: 1, kinetic: 3.11951e-08, gravitational: 0)
### Check ### Focus Tree Nodes: 4096, maxDepth 4
=== Total time for iteration(2) 0.579651s

# domain::sync: 0.0280029s
# FindNeighbors: 0.221488s
# Density: 0.0487655s
# EquationOfState: 0.000728936s
# mpi::synchronizeHalos: 8.776e-06s
# IAD: 0.0729698s
# mpi::synchronizeHalos: 2.2266e-05s
# MomentumEnergyIAD: 0.204663s
# Timestep: 2.9328e-05s
# UpdateQuantities: 0.00142892s
# UpdateSmoothingLength: 0.000904044s
### Check ### Global Tree Nodes: 512, Particles: 125000, Halos: 0
### Check ### Computational domain: -0.5 0.5 -0.5 0.5 -0.5 0.5
### Check ### Total Neighbors: 11625000, Avg neighbor count per particle: 93
### Check ### Total time: 3.641e-06, current time-step: 1.331e-06
### Check ### Total energy: 1, (internal: 1, kinetic: 6.7716e-08, gravitational: 0)
### Check ### Focus Tree Nodes: 4096, maxDepth 4
=== Total time for iteration(3) 0.579018s

# domain::sync: 0.0274852s
# FindNeighbors: 0.222332s
# Density: 0.0487343s
# EquationOfState: 0.000725244s
# mpi::synchronizeHalos: 8.797e-06s
# IAD: 0.0723494s
# mpi::synchronizeHalos: 2.6015e-05s
# MomentumEnergyIAD: 0.200372s
# Timestep: 3.0239e-05s
# UpdateQuantities: 0.00142112s
# UpdateSmoothingLength: 0.000941651s
### Check ### Global Tree Nodes: 512, Particles: 125000, Halos: 0
### Check ### Computational domain: -0.5 0.5 -0.5 0.5 -0.5 0.5
### Check ### Total Neighbors: 11625000, Avg neighbor count per particle: 93
### Check ### Total time: 5.1051e-06, current time-step: 1.4641e-06
### Check ### Total energy: 1, (internal: 1, kinetic: 1.24009e-07, gravitational: 0)
### Check ### Focus Tree Nodes: 4096, maxDepth 4
=== Total time for iteration(4) 0.574431s

# domain::sync: 0.0273358s
# FindNeighbors: 0.224444s
# Density: 0.0468798s
# EquationOfState: 0.000712683s
# mpi::synchronizeHalos: 8.372e-06s
# IAD: 0.072375s
# mpi::synchronizeHalos: 2.7098e-05s
# MomentumEnergyIAD: 0.198228s
# Timestep: 2.5352e-05s
# UpdateQuantities: 0.00139971s
# UpdateSmoothingLength: 0.000874228s
### Check ### Global Tree Nodes: 512, Particles: 125000, Halos: 0
### Check ### Computational domain: -0.5 0.5 -0.5 0.5 -0.5 0.5
### Check ### Total Neighbors: 11625000, Avg neighbor count per particle: 93
### Check ### Total time: 6.71561e-06, current time-step: 1.61051e-06
### Check ### Total energy: 1, (internal: 1, kinetic: 2.05413e-07, gravitational: 0)
### Check ### Focus Tree Nodes: 4096, maxDepth 4
=== Total time for iteration(5) 0.572316s

# domain::sync: 0.0262086s
# FindNeighbors: 0.224902s
# Density: 0.0497269s
# EquationOfState: 0.000966053s
# mpi::synchronizeHalos: 1.388e-05s
# IAD: 0.0727313s
# mpi::synchronizeHalos: 2.8034e-05s
# MomentumEnergyIAD: 0.199565s
# Timestep: 5.2501e-05s
# UpdateQuantities: 0.00169141s
# UpdateSmoothingLength: 0.000897341s
### Check ### Global Tree Nodes: 512, Particles: 125000, Halos: 0
### Check ### Computational domain: -0.5 0.5 -0.5 0.5 -0.5 0.5
### Check ### Total Neighbors: 11625000, Avg neighbor count per particle: 93
### Check ### Total time: 8.48717e-06, current time-step: 1.77156e-06
### Check ### Total energy: 1, (internal: 1, kinetic: 3.18505e-07, gravitational: 0)
### Check ### Focus Tree Nodes: 4096, maxDepth 4
=== Total time for iteration(6) 0.576789s

# domain::sync: 0.0271626s
# FindNeighbors: 0.240032s
# Density: 0.0613831s
# EquationOfState: 0.000713127s
# mpi::synchronizeHalos: 8.68e-06s
# IAD: 0.0954281s
# mpi::synchronizeHalos: 2.4923e-05s
# MomentumEnergyIAD: 0.362496s
# Timestep: 2.6572e-05s
# UpdateQuantities: 0.00140018s
# UpdateSmoothingLength: 0.000876643s
### Check ### Global Tree Nodes: 512, Particles: 125000, Halos: 0
### Check ### Computational domain: -0.5 0.5 -0.5 0.5 -0.5 0.5
### Check ### Total Neighbors: 15375000, Avg neighbor count per particle: 123
### Check ### Total time: 1.04359e-05, current time-step: 1.94872e-06
### Check ### Total energy: 1, (internal: 1, kinetic: 4.71365e-07, gravitational: 0)
### Check ### Focus Tree Nodes: 4096, maxDepth 4
=== Total time for iteration(7) 0.789557s

# domain::sync: 0.0263482s
# FindNeighbors: 0.223251s
# Density: 0.0487775s
# EquationOfState: 0.00077744s
# mpi::synchronizeHalos: 8.479e-06s
# IAD: 0.0726307s
# mpi::synchronizeHalos: 2.747e-05s
# MomentumEnergyIAD: 0.198084s
# Timestep: 2.8713e-05s
# UpdateQuantities: 0.00143603s
# UpdateSmoothingLength: 0.000895709s
### Check ### Global Tree Nodes: 512, Particles: 125000, Halos: 0
### Check ### Computational domain: -0.5 0.5 -0.5 0.5 -0.5 0.5
### Check ### Total Neighbors: 11625000, Avg neighbor count per particle: 93
### Check ### Total time: 1.25795e-05, current time-step: 2.14359e-06
### Check ### Total energy: 1, (internal: 0.999999, kinetic: 6.74421e-07, gravitational: 0)
### Check ### Focus Tree Nodes: 4096, maxDepth 4
=== Total time for iteration(8) 0.572271s

# domain::sync: 0.0273959s
# FindNeighbors: 0.223477s
# Density: 0.0487487s
# EquationOfState: 0.000723512s
# mpi::synchronizeHalos: 8.494e-06s
# IAD: 0.0721623s
# mpi::synchronizeHalos: 2.7919e-05s
# MomentumEnergyIAD: 0.198122s
# Timestep: 3.1339e-05s
# UpdateQuantities: 0.00142327s
# UpdateSmoothingLength: 0.000896836s
### Check ### Global Tree Nodes: 512, Particles: 125000, Halos: 0
### Check ### Computational domain: -0.5 0.5 -0.5 0.5 -0.5 0.5
### Check ### Total Neighbors: 11625000, Avg neighbor count per particle: 93
### Check ### Total time: 1.49374e-05, current time-step: 2.35795e-06
### Check ### Total energy: 1, (internal: 0.999999, kinetic: 9.39356e-07, gravitational: 0)
### Check ### Focus Tree Nodes: 4096, maxDepth 4
=== Total time for iteration(9) 0.573023s

# domain::sync: 0.0258164s
# FindNeighbors: 0.226722s
# Density: 0.0476562s
# EquationOfState: 0.000991055s
# mpi::synchronizeHalos: 1.4175e-05s
# IAD: 0.0727809s
# mpi::synchronizeHalos: 2.7887e-05s
# MomentumEnergyIAD: 0.196798s
# Timestep: 5.2672e-05s
# UpdateQuantities: 0.001645s
# UpdateSmoothingLength: 0.000879392s
### Check ### Global Tree Nodes: 512, Particles: 125000, Halos: 0
### Check ### Computational domain: -0.5 0.5 -0.5 0.5 -0.5 0.5
### Check ### Total Neighbors: 11625000, Avg neighbor count per particle: 93
### Check ### Total time: 1.75312e-05, current time-step: 2.59374e-06
### Check ### Total energy: 1, (internal: 0.999999, kinetic: 1.28121e-06, gravitational: 0)
### Check ### Focus Tree Nodes: 4096, maxDepth 4
=== Total time for iteration(10) 0.573389s

# domain::sync: 0.0258062s
# FindNeighbors: 0.23894s
# Density: 0.0635567s
# EquationOfState: 0.000725074s
# mpi::synchronizeHalos: 8.212e-06s
# IAD: 0.095297s
# mpi::synchronizeHalos: 2.5843e-05s
# MomentumEnergyIAD: 0.327674s
# Timestep: 2.9926e-05s
# UpdateQuantities: 0.00140362s
# UpdateSmoothingLength: 0.000882537s
### Check ### Global Tree Nodes: 512, Particles: 125000, Halos: 0
### Check ### Computational domain: -0.5 0.5 -0.5 0.5 -0.5 0.5
### Check ### Total Neighbors: 15375000, Avg neighbor count per particle: 123
### Check ### Total time: 2.03843e-05, current time-step: 2.85312e-06
### Check ### Total energy: 1, (internal: 0.999998, kinetic: 1.71818e-06, gravitational: 0)
### Check ### Focus Tree Nodes: 4096, maxDepth 4
=== Total time for iteration(11) 0.754355s

# domain::sync: 0.0269511s
# FindNeighbors: 0.222896s
# Density: 0.0486443s
# EquationOfState: 0.00073198s
# mpi::synchronizeHalos: 8.464e-06s
# IAD: 0.0722264s
# mpi::synchronizeHalos: 2.649e-05s
# MomentumEnergyIAD: 0.198974s
# Timestep: 3.1214e-05s
# UpdateQuantities: 0.00143279s
# UpdateSmoothingLength: 0.000899466s
### Check ### Global Tree Nodes: 512, Particles: 125000, Halos: 0
### Check ### Computational domain: -0.5 0.5 -0.5 0.5 -0.5 0.5
### Check ### Total Neighbors: 11625000, Avg neighbor count per particle: 93
### Check ### Total time: 2.35227e-05, current time-step: 3.13843e-06
### Check ### Total energy: 1, (internal: 0.999998, kinetic: 2.2739e-06, gravitational: 0)
### Check ### Focus Tree Nodes: 4096, maxDepth 4
=== Total time for iteration(12) 0.572828s

# domain::sync: 0.0263131s
# FindNeighbors: 0.223514s
# Density: 0.0493546s
# EquationOfState: 0.000723809s
# mpi::synchronizeHalos: 8.547e-06s
# IAD: 0.0723225s
# mpi::synchronizeHalos: 2.7127e-05s
# MomentumEnergyIAD: 0.198485s
# Timestep: 2.7837e-05s
# UpdateQuantities: 0.00147839s
# UpdateSmoothingLength: 0.00089678s
### Check ### Global Tree Nodes: 512, Particles: 125000, Halos: 0
### Check ### Computational domain: -0.5 0.5 -0.5 0.5 -0.5 0.5
### Check ### Total Neighbors: 11625000, Avg neighbor count per particle: 93
### Check ### Total time: 2.6975e-05, current time-step: 3.45227e-06
### Check ### Total energy: 1, (internal: 0.999997, kinetic: 2.97413e-06, gravitational: 0)
### Check ### Focus Tree Nodes: 4096, maxDepth 4
=== Total time for iteration(13) 0.573157s

# domain::sync: 0.0247072s
# FindNeighbors: 0.224982s
# Density: 0.0487382s
# EquationOfState: 0.000759305s
# mpi::synchronizeHalos: 9.295e-06s
# IAD: 0.0721792s
# mpi::synchronizeHalos: 2.7244e-05s
# MomentumEnergyIAD: 0.197399s
# Timestep: 2.6172e-05s
# UpdateQuantities: 0.00146337s
# UpdateSmoothingLength: 0.000884228s
### Check ### Global Tree Nodes: 512, Particles: 125000, Halos: 0
### Check ### Computational domain: -0.5 0.5 -0.5 0.5 -0.5 0.5
### Check ### Total Neighbors: 11625000, Avg neighbor count per particle: 93
### Check ### Total time: 3.07725e-05, current time-step: 3.7975e-06
### Check ### Total energy: 1, (internal: 0.999996, kinetic: 3.85237e-06, gravitational: 0)
### Check ### Focus Tree Nodes: 4096, maxDepth 4
=== Total time for iteration(14) 0.571181s

# domain::sync: 0.0275161s
# FindNeighbors: 0.240957s
# Density: 0.0623654s
# EquationOfState: 0.00094696s
# mpi::synchronizeHalos: 1.5143e-05s
# IAD: 0.0955948s
# mpi::synchronizeHalos: 2.7316e-05s
# MomentumEnergyIAD: 0.300335s
# Timestep: 4.8371e-05s
# UpdateQuantities: 0.00168947s
# UpdateSmoothingLength: 0.000876288s
### Check ### Global Tree Nodes: 512, Particles: 125000, Halos: 0
### Check ### Computational domain: -0.5 0.5 -0.5 0.5 -0.5 0.5
### Check ### Total Neighbors: 15375000, Avg neighbor count per particle: 123
### Check ### Total time: 3.49497e-05, current time-step: 4.17725e-06
### Check ### Total energy: 1, (internal: 0.999995, kinetic: 4.94895e-06, gravitational: 0)
### Check ### Focus Tree Nodes: 4096, maxDepth 4
=== Total time for iteration(15) 0.730378s

# domain::sync: 0.0239943s
# FindNeighbors: 0.222884s
# Density: 0.0487446s
# EquationOfState: 0.000727007s
# mpi::synchronizeHalos: 8.639e-06s
# IAD: 0.0721577s
# mpi::synchronizeHalos: 2.4302e-05s
# MomentumEnergyIAD: 0.204163s
# Timestep: 2.7336e-05s
# UpdateQuantities: 0.0015066s
# UpdateSmoothingLength: 0.000946195s
### Check ### Global Tree Nodes: 512, Particles: 125000, Halos: 0
### Check ### Computational domain: -0.5 0.5 -0.5 0.5 -0.5 0.5
### Check ### Total Neighbors: 11625000, Avg neighbor count per particle: 93
### Check ### Total time: 3.95447e-05, current time-step: 4.59497e-06
### Check ### Total energy: 1, (internal: 0.999994, kinetic: 6.31635e-06, gravitational: 0)
### Check ### Focus Tree Nodes: 4096, maxDepth 4
=== Total time for iteration(16) 0.575189s

# domain::sync: 0.0273589s
# FindNeighbors: 0.233243s
# Density: 0.0468397s
# EquationOfState: 0.000710249s
# mpi::synchronizeHalos: 8.039e-06s
# IAD: 0.0745826s
# mpi::synchronizeHalos: 2.3736e-05s
# MomentumEnergyIAD: 0.209401s
# Timestep: 2.5451e-05s
# UpdateQuantities: 0.00139387s
# UpdateSmoothingLength: 0.000877069s
### Check ### Global Tree Nodes: 512, Particles: 125000, Halos: 0
### Check ### Computational domain: -0.5 0.5 -0.5 0.5 -0.5 0.5
### Check ### Total Neighbors: 11625000, Avg neighbor count per particle: 93
### Check ### Total time: 4.45992e-05, current time-step: 5.05447e-06
### Check ### Total energy: 1, (internal: 0.999992, kinetic: 8.01083e-06, gravitational: 0)
### Check ### Focus Tree Nodes: 4096, maxDepth 4
=== Total time for iteration(17) 0.594469s

# domain::sync: 0.0260352s
# FindNeighbors: 0.233612s
# Density: 0.0497249s
# EquationOfState: 0.000706075s
# mpi::synchronizeHalos: 8.306e-06s
# IAD: 0.0721384s
# mpi::synchronizeHalos: 2.5907e-05s
# MomentumEnergyIAD: 0.209348s
# Timestep: 2.2688e-05s
# UpdateQuantities: 0.0014613s
# UpdateSmoothingLength: 0.000933249s
### Check ### Global Tree Nodes: 512, Particles: 125000, Halos: 0
### Check ### Computational domain: -0.5 0.5 -0.5 0.5 -0.5 0.5
### Check ### Total Neighbors: 11625000, Avg neighbor count per particle: 93
### Check ### Total time: 5.01591e-05, current time-step: 5.55992e-06
### Check ### Total energy: 1, (internal: 0.99999, kinetic: 1.0106e-05, gravitational: 0)
### Check ### Focus Tree Nodes: 4096, maxDepth 4
=== Total time for iteration(18) 0.594021s

# domain::sync: 0.0277632s
# FindNeighbors: 0.240156s
# Density: 0.0634937s
# EquationOfState: 0.000728559s
# mpi::synchronizeHalos: 8.728e-06s
# IAD: 0.095494s
# mpi::synchronizeHalos: 2.5401e-05s
# MomentumEnergyIAD: 0.288493s
# Timestep: 2.6524e-05s
# UpdateQuantities: 0.00142227s
# UpdateSmoothingLength: 0.000893175s
### Check ### Global Tree Nodes: 512, Particles: 125000, Halos: 0
### Check ### Computational domain: -0.5 0.5 -0.5 0.5 -0.5 0.5
### Check ### Total Neighbors: 15375000, Avg neighbor count per particle: 123
### Check ### Total time: 5.6275e-05, current time-step: 6.11591e-06
### Check ### Total energy: 1, (internal: 0.999987, kinetic: 1.26903e-05, gravitational: 0)
### Check ### Focus Tree Nodes: 4096, maxDepth 4
=== Total time for iteration(19) 0.718511s

# domain::sync: 0.0256865s
# FindNeighbors: 0.222268s
# Density: 0.0488166s
# EquationOfState: 0.000720034s
# mpi::synchronizeHalos: 8.646e-06s
# IAD: 0.072264s
# mpi::synchronizeHalos: 3.9703e-05s
# MomentumEnergyIAD: 0.197867s
# Timestep: 2.9934e-05s
# UpdateQuantities: 0.00142387s
# UpdateSmoothingLength: 0.000917834s
### Check ### Global Tree Nodes: 512, Particles: 125000, Halos: 0
### Check ### Computational domain: -0.5 0.5 -0.5 0.5 -0.5 0.5
### Check ### Total Neighbors: 11625000, Avg neighbor count per particle: 93
### Check ### Total time: 6.30025e-05, current time-step: 6.7275e-06
### Check ### Total energy: 1, (internal: 0.999984, kinetic: 1.58788e-05, gravitational: 0)
### Check ### Focus Tree Nodes: 4096, maxDepth 4
=== Total time for iteration(20) 0.570048s

# domain::sync: 0.0247406s
# FindNeighbors: 0.224148s
# Density: 0.0501235s
# EquationOfState: 0.000967278s
# mpi::synchronizeHalos: 1.4694e-05s
# IAD: 0.0726478s
# mpi::synchronizeHalos: 2.8268e-05s
# MomentumEnergyIAD: 0.201338s
# Timestep: 4.5138e-05s
# UpdateQuantities: 0.00165815s
# UpdateSmoothingLength: 0.000879529s
### Check ### Global Tree Nodes: 512, Particles: 125000, Halos: 0
### Check ### Computational domain: -0.5 0.5 -0.5 0.5 -0.5 0.5
### Check ### Total Neighbors: 11625000, Avg neighbor count per particle: 93
### Check ### Total time: 7.04027e-05, current time-step: 7.40025e-06
### Check ### Total energy: 1, (internal: 0.99998, kinetic: 1.97935e-05, gravitational: 0)
### Check ### Focus Tree Nodes: 4096, maxDepth 4
=== Total time for iteration(21) 0.576595s

# domain::sync: 0.0276763s
# FindNeighbors: 0.225549s
# Density: 0.0468692s
# EquationOfState: 0.000710056s
# mpi::synchronizeHalos: 8.295e-06s
# IAD: 0.0722365s
# mpi::synchronizeHalos: 2.9637e-05s
# MomentumEnergyIAD: 0.196125s
# Timestep: 2.7279e-05s
# UpdateQuantities: 0.00139745s
# UpdateSmoothingLength: 0.000877051s
### Check ### Global Tree Nodes: 512, Particles: 125000, Halos: 0
### Check ### Computational domain: -0.5 0.5 -0.5 0.5 -0.5 0.5
### Check ### Total Neighbors: 11625000, Avg neighbor count per particle: 93
### Check ### Total time: 7.8543e-05, current time-step: 8.14027e-06
### Check ### Total energy: 1, (internal: 0.999975, kinetic: 2.45951e-05, gravitational: 0)
### Check ### Focus Tree Nodes: 4096, maxDepth 4
=== Total time for iteration(22) 0.571511s

# domain::sync: 0.0239782s
# FindNeighbors: 0.23929s
# Density: 0.064463s
# EquationOfState: 0.000729924s
# mpi::synchronizeHalos: 8.412e-06s
# IAD: 0.0953427s
# mpi::synchronizeHalos: 2.4074e-05s
# MomentumEnergyIAD: 0.283294s
# Timestep: 2.8171e-05s
# UpdateQuantities: 0.00143703s
# UpdateSmoothingLength: 0.000902504s
### Check ### Global Tree Nodes: 512, Particles: 125000, Halos: 0
### Check ### Computational domain: -0.5 0.5 -0.5 0.5 -0.5 0.5
### Check ### Total Neighbors: 15375000, Avg neighbor count per particle: 123
### Check ### Total time: 8.74973e-05, current time-step: 8.9543e-06
### Check ### Total energy: 1, (internal: 0.99997, kinetic: 3.04753e-05, gravitational: 0)
### Check ### Focus Tree Nodes: 4096, maxDepth 4
=== Total time for iteration(23) 0.709504s

# domain::sync: 0.0247998s
# FindNeighbors: 0.223159s
# Density: 0.0489742s
# EquationOfState: 0.000732258s
# mpi::synchronizeHalos: 8.417e-06s
# IAD: 0.072454s
# mpi::synchronizeHalos: 2.9086e-05s
# MomentumEnergyIAD: 0.197104s
# Timestep: 3.4056e-05s
# UpdateQuantities: 0.00138789s
# UpdateSmoothingLength: 0.000878842s
### Check ### Global Tree Nodes: 512, Particles: 125000, Halos: 0
### Check ### Computational domain: -0.5 0.5 -0.5 0.5 -0.5 0.5
### Check ### Total Neighbors: 11625000, Avg neighbor count per particle: 93
### Check ### Total time: 9.73471e-05, current time-step: 9.84973e-06
### Check ### Total energy: 1, (internal: 0.999962, kinetic: 3.76849e-05, gravitational: 0)
### Check ### Focus Tree Nodes: 4096, maxDepth 4
=== Total time for iteration(24) 0.569567s

# domain::sync: 0.0265979s
# FindNeighbors: 0.224475s
# Density: 0.0487082s
# EquationOfState: 0.000729205s
# mpi::synchronizeHalos: 8.544e-06s
# IAD: 0.0721413s
# mpi::synchronizeHalos: 2.5096e-05s
# MomentumEnergyIAD: 0.196819s
# Timestep: 3.5417e-05s
# UpdateQuantities: 0.00141963s
# UpdateSmoothingLength: 0.000897796s
### Check ### Global Tree Nodes: 512, Particles: 125000, Halos: 0
### Check ### Computational domain: -0.5 0.5 -0.5 0.5 -0.5 0.5
### Check ### Total Neighbors: 11625000, Avg neighbor count per particle: 93
### Check ### Total time: 0.000108182, current time-step: 1.08347e-05
### Check ### Total energy: 1, (internal: 0.999954, kinetic: 4.64875e-05, gravitational: 0)
### Check ### Focus Tree Nodes: 4096, maxDepth 4
=== Total time for iteration(25) 0.571864s

# domain::sync: 0.0267161s
# FindNeighbors: 0.237315s
# Density: 0.063509s
# EquationOfState: 0.000730087s
# mpi::synchronizeHalos: 8.713e-06s
# IAD: 0.0966919s
# mpi::synchronizeHalos: 2.3638e-05s
# MomentumEnergyIAD: 0.449453s
# Timestep: 2.9286e-05s
# UpdateQuantities: 0.00140201s
# UpdateSmoothingLength: 0.000870456s
### Check ### Global Tree Nodes: 512, Particles: 125000, Halos: 0
### Check ### Computational domain: -0.5 0.5 -0.5 0.5 -0.5 0.5
### Check ### Total Neighbors: 15375000, Avg neighbor count per particle: 123
### Check ### Total time: 0.0001201, current time-step: 1.19182e-05
### Check ### Total energy: 1, (internal: 0.999943, kinetic: 5.72306e-05, gravitational: 0)
### Check ### Focus Tree Nodes: 4096, maxDepth 4
=== Total time for iteration(26) 0.876755s

# domain::sync: 0.0263288s
# FindNeighbors: 0.222245s
# Density: 0.0487119s
# EquationOfState: 0.000734943s
# mpi::synchronizeHalos: 8.698e-06s
# IAD: 0.0722551s
# mpi::synchronizeHalos: 2.7599e-05s
# MomentumEnergyIAD: 0.197403s
# Timestep: 3.1922e-05s
# UpdateQuantities: 0.00143826s
# UpdateSmoothingLength: 0.000904137s
### Check ### Global Tree Nodes: 512, Particles: 125000, Halos: 0
### Check ### Computational domain: -0.5 0.5 -0.5 0.5 -0.5 0.5
### Check ### Total Neighbors: 11625000, Avg neighbor count per particle: 93
### Check ### Total time: 0.00013321, current time-step: 1.311e-05
### Check ### Total energy: 1, (internal: 0.99993, kinetic: 7.03611e-05, gravitational: 0)
### Check ### Focus Tree Nodes: 4096, maxDepth 4
=== Total time for iteration(27) 0.570095s

# domain::sync: 0.0252641s
# FindNeighbors: 0.223293s
# Density: 0.0503537s
# EquationOfState: 0.000993339s
# mpi::synchronizeHalos: 1.4253e-05s
# IAD: 0.0732816s
# mpi::synchronizeHalos: 2.7958e-05s
# MomentumEnergyIAD: 0.197731s
# Timestep: 5.1056e-05s
# UpdateQuantities: 0.00167917s
# UpdateSmoothingLength: 0.000893805s
### Check ### Global Tree Nodes: 512, Particles: 125000, Halos: 0
### Check ### Computational domain: -0.5 0.5 -0.5 0.5 -0.5 0.5
### Check ### Total Neighbors: 11625000, Avg neighbor count per particle: 93
### Check ### Total time: 0.000147631, current time-step: 1.4421e-05
### Check ### Total energy: 1, (internal: 0.999914, kinetic: 8.63486e-05, gravitational: 0)
### Check ### Focus Tree Nodes: 4096, maxDepth 4
=== Total time for iteration(28) 0.573589s

# domain::sync: 0.0271066s
# FindNeighbors: 0.224192s
# Density: 0.0488409s
# EquationOfState: 0.000717741s
# mpi::synchronizeHalos: 8.384e-06s
# IAD: 0.0722051s
# mpi::synchronizeHalos: 2.6116e-05s
# MomentumEnergyIAD: 0.197525s
# Timestep: 2.9217e-05s
# UpdateQuantities: 0.00139446s
# UpdateSmoothingLength: 0.000869957s
### Check ### Global Tree Nodes: 512, Particles: 125000, Halos: 0
### Check ### Computational domain: -0.5 0.5 -0.5 0.5 -0.5 0.5
### Check ### Total Neighbors: 11625000, Avg neighbor count per particle: 93
### Check ### Total time: 0.000163494, current time-step: 1.58631e-05
### Check ### Total energy: 1, (internal: 0.999894, kinetic: 0.000105812, gravitational: 0)
### Check ### Focus Tree Nodes: 4096, maxDepth 4
=== Total time for iteration(29) 0.572922s

# domain::sync: 0.0248705s
# FindNeighbors: 0.238031s
# Density: 0.0635711s
# EquationOfState: 0.000726584s
# mpi::synchronizeHalos: 8.802e-06s
# IAD: 0.0956655s
# mpi::synchronizeHalos: 2.4101e-05s
# MomentumEnergyIAD: 0.356006s
# Timestep: 3.1312e-05s
# UpdateQuantities: 0.00138835s
# UpdateSmoothingLength: 0.000880358s
### Check ### Global Tree Nodes: 512, Particles: 125000, Halos: 0
### Check ### Computational domain: -0.5 0.5 -0.5 0.5 -0.5 0.5
### Check ### Total Neighbors: 15375000, Avg neighbor count per particle: 123
### Check ### Total time: 0.000180943, current time-step: 1.74494e-05
### Check ### Total energy: 1, (internal: 0.999871, kinetic: 0.000129489, gravitational: 0)
### Check ### Focus Tree Nodes: 4096, maxDepth 4
=== Total time for iteration(30) 0.781209s

# domain::sync: 0.0252413s
# FindNeighbors: 0.222918s
# Density: 0.0489369s
# EquationOfState: 0.000718314s
# mpi::synchronizeHalos: 8.441e-06s
# IAD: 0.0722543s
# mpi::synchronizeHalos: 2.7e-05s
# MomentumEnergyIAD: 0.197105s
# Timestep: 2.7769e-05s
# UpdateQuantities: 0.0014324s
# UpdateSmoothingLength: 0.000899934s
### Check ### Global Tree Nodes: 512, Particles: 125000, Halos: 0
### Check ### Computational domain: -0.5 0.5 -0.5 0.5 -0.5 0.5
### Check ### Total Neighbors: 11625000, Avg neighbor count per particle: 93
### Check ### Total time: 0.000200138, current time-step: 1.91943e-05
### Check ### Total energy: 1, (internal: 0.999842, kinetic: 0.000158344, gravitational: 0)
### Check ### Focus Tree Nodes: 4096, maxDepth 4
=== Total time for iteration(31) 0.569575s

# domain::sync: 0.024124s
# FindNeighbors: 0.223198s
# Density: 0.0486185s
# EquationOfState: 0.000716508s
# mpi::synchronizeHalos: 8.201e-06s
# IAD: 0.072129s
# mpi::synchronizeHalos: 2.6781e-05s
# MomentumEnergyIAD: 0.198283s
# Timestep: 2.9993e-05s
# UpdateQuantities: 0.00143753s
# UpdateSmoothingLength: 0.000903383s
### Check ### Global Tree Nodes: 512, Particles: 125000, Halos: 0
### Check ### Computational domain: -0.5 0.5 -0.5 0.5 -0.5 0.5
### Check ### Total Neighbors: 11625000, Avg neighbor count per particle: 93
### Check ### Total time: 0.000221252, current time-step: 2.11138e-05
### Check ### Total energy: 1, (internal: 0.999807, kinetic: 0.000193383, gravitational: 0)
### Check ### Focus Tree Nodes: 4096, maxDepth 4
=== Total time for iteration(32) 0.56948s

# domain::sync: 0.0253305s
# FindNeighbors: 0.225049s
# Density: 0.0487959s
# EquationOfState: 0.000728089s
# mpi::synchronizeHalos: 8.249e-06s
# IAD: 0.0721481s
# mpi::synchronizeHalos: 2.5931e-05s
# MomentumEnergyIAD: 0.196563s
# Timestep: 2.6987e-05s
# UpdateQuantities: 0.0014339s
# UpdateSmoothingLength: 0.000929036s
### Check ### Global Tree Nodes: 512, Particles: 125000, Halos: 0
### Check ### Computational domain: -0.5 0.5 -0.5 0.5 -0.5 0.5
### Check ### Total Neighbors: 11625000, Avg neighbor count per particle: 93
### Check ### Total time: 0.000244477, current time-step: 2.32252e-05
### Check ### Total energy: 1, (internal: 0.999764, kinetic: 0.000235936, gravitational: 0)
### Check ### Focus Tree Nodes: 4096, maxDepth 4
=== Total time for iteration(33) 0.571045s

# domain::sync: 0.0267682s
# FindNeighbors: 0.238153s
# Density: 0.063561s
# EquationOfState: 0.000718882s
# mpi::synchronizeHalos: 8.95e-06s
# IAD: 0.097293s
# mpi::synchronizeHalos: 3.6301e-05s
# MomentumEnergyIAD: 0.310912s
# Timestep: 3.9074e-05s
# UpdateQuantities: 0.00142576s
# UpdateSmoothingLength: 0.000898139s
### Check ### Global Tree Nodes: 512, Particles: 125000, Halos: 0
### Check ### Computational domain: -0.5 0.5 -0.5 0.5 -0.5 0.5
### Check ### Total Neighbors: 15375000, Avg neighbor count per particle: 123
### Check ### Total time: 0.000270024, current time-step: 2.55477e-05
### Check ### Total energy: 1, (internal: 0.999712, kinetic: 0.000287585, gravitational: 0)
### Check ### Focus Tree Nodes: 4096, maxDepth 4
=== Total time for iteration(34) 0.73982s

# domain::sync: 0.0249663s
# FindNeighbors: 0.226283s
# Density: 0.0470394s
# EquationOfState: 0.000704946s
# mpi::synchronizeHalos: 8.221e-06s
# IAD: 0.0723108s
# mpi::synchronizeHalos: 2.6382e-05s
# MomentumEnergyIAD: 0.195505s
# Timestep: 2.496e-05s
# UpdateQuantities: 0.00139137s
# UpdateSmoothingLength: 0.000871306s
### Check ### Global Tree Nodes: 512, Particles: 125000, Halos: 0
### Check ### Computational domain: -0.5 0.5 -0.5 0.5 -0.5 0.5
### Check ### Total Neighbors: 11625000, Avg neighbor count per particle: 93
### Check ### Total time: 0.000298127, current time-step: 2.81024e-05
### Check ### Total energy: 1, (internal: 0.99965, kinetic: 0.000350396, gravitational: 0)
### Check ### Focus Tree Nodes: 4096, maxDepth 4
=== Total time for iteration(35) 0.569137s

# domain::sync: 0.0260461s
# FindNeighbors: 0.223607s
# Density: 0.049104s
# EquationOfState: 0.00071884s
# mpi::synchronizeHalos: 8.905e-06s
# IAD: 0.0721634s
# mpi::synchronizeHalos: 2.6358e-05s
# MomentumEnergyIAD: 0.196261s
# Timestep: 3.1438e-05s
# UpdateQuantities: 0.00144589s
# UpdateSmoothingLength: 0.000919649s
### Check ### Global Tree Nodes: 512, Particles: 125000, Halos: 0
### Check ### Computational domain: -0.5 0.5 -0.5 0.5 -0.5 0.5
### Check ### Total Neighbors: 11625000, Avg neighbor count per particle: 93
### Check ### Total time: 0.000329039, current time-step: 3.09127e-05
### Check ### Total energy: 1, (internal: 0.999573, kinetic: 0.000426519, gravitational: 0)
### Check ### Focus Tree Nodes: 4096, maxDepth 4
=== Total time for iteration(36) 0.570339s

# domain::sync: 0.023448s
# FindNeighbors: 0.224835s
# Density: 0.0497656s
# EquationOfState: 0.000971551s
# mpi::synchronizeHalos: 1.4426e-05s
# IAD: 0.0731906s
# mpi::synchronizeHalos: 2.9499e-05s
# MomentumEnergyIAD: 0.19709s
# Timestep: 4.3449e-05s
# UpdateQuantities: 0.00166182s
# UpdateSmoothingLength: 0.000872909s
### Check ### Global Tree Nodes: 512, Particles: 125000, Halos: 0
### Check ### Computational domain: -0.5 0.5 -0.5 0.5 -0.5 0.5
### Check ### Total Neighbors: 11625000, Avg neighbor count per particle: 93
### Check ### Total time: 0.000363043, current time-step: 3.40039e-05
### Check ### Total energy: 1, (internal: 0.999481, kinetic: 0.000518792, gravitational: 0)
### Check ### Focus Tree Nodes: 4096, maxDepth 4
=== Total time for iteration(37) 0.571928s

# domain::sync: 0.0268582s
# FindNeighbors: 0.23953s
# Density: 0.0635946s
# EquationOfState: 0.000732742s
# mpi::synchronizeHalos: 8.748e-06s
# IAD: 0.0954551s
# mpi::synchronizeHalos: 2.9461e-05s
# MomentumEnergyIAD: 0.290164s
# Timestep: 2.9521e-05s
# UpdateQuantities: 0.00143182s
# UpdateSmoothingLength: 0.000901881s
### Check ### Global Tree Nodes: 512, Particles: 125000, Halos: 0
### Check ### Computational domain: -0.5 0.5 -0.5 0.5 -0.5 0.5
### Check ### Total Neighbors: 15375000, Avg neighbor count per particle: 123
### Check ### Total time: 0.000400448, current time-step: 3.74043e-05
### Check ### Total energy: 1, (internal: 0.999369, kinetic: 0.000630586, gravitational: 0)
### Check ### Focus Tree Nodes: 4096, maxDepth 4
=== Total time for iteration(38) 0.718742s

# domain::sync: 0.0253974s
# FindNeighbors: 0.222298s
# Density: 0.0495085s
# EquationOfState: 0.000715788s
# mpi::synchronizeHalos: 8.133e-06s
# IAD: 0.0720997s
# mpi::synchronizeHalos: 2.4442e-05s
# MomentumEnergyIAD: 0.197283s
# Timestep: 2.9113e-05s
# UpdateQuantities: 0.00141834s
# UpdateSmoothingLength: 0.000905619s
### Check ### Global Tree Nodes: 512, Particles: 125000, Halos: 0
### Check ### Computational domain: -0.5 0.5 -0.5 0.5 -0.5 0.5
### Check ### Total Neighbors: 11625000, Avg neighbor count per particle: 93
### Check ### Total time: 0.000441593, current time-step: 4.11448e-05
### Check ### Total energy: 1, (internal: 0.999234, kinetic: 0.000766305, gravitational: 0)
### Check ### Focus Tree Nodes: 4096, maxDepth 4
=== Total time for iteration(39) 0.569693s

# domain::sync: 0.0258662s
# FindNeighbors: 0.223627s
# Density: 0.0490077s
# EquationOfState: 0.000763571s
# mpi::synchronizeHalos: 9.116e-06s
# IAD: 0.0724694s
# mpi::synchronizeHalos: 2.4388e-05s
# MomentumEnergyIAD: 0.196611s
# Timestep: 2.8043e-05s
# UpdateQuantities: 0.00142105s
# UpdateSmoothingLength: 0.000894058s
### Check ### Global Tree Nodes: 512, Particles: 125000, Halos: 0
### Check ### Computational domain: -0.5 0.5 -0.5 0.5 -0.5 0.5
### Check ### Total Neighbors: 11625000, Avg neighbor count per particle: 93
### Check ### Total time: 0.000486852, current time-step: 4.52593e-05
### Check ### Total energy: 1, (internal: 0.99907, kinetic: 0.000930494, gravitational: 0)
### Check ### Focus Tree Nodes: 4096, maxDepth 4
=== Total time for iteration(40) 0.570728s

# domain::sync: 0.024713s
# FindNeighbors: 0.225852s
# Density: 0.048859s
# EquationOfState: 0.000726155s
# mpi::synchronizeHalos: 8.693e-06s
# IAD: 0.0719607s
# mpi::synchronizeHalos: 2.5089e-05s
# MomentumEnergyIAD: 0.196032s
# Timestep: 2.8417e-05s
# UpdateQuantities: 0.0014305s
# UpdateSmoothingLength: 0.000895302s
### Check ### Global Tree Nodes: 512, Particles: 125000, Halos: 0
### Check ### Computational domain: -0.5 0.5 -0.5 0.5 -0.5 0.5
### Check ### Total Neighbors: 11625000, Avg neighbor count per particle: 93
### Check ### Total time: 0.000536637, current time-step: 4.97852e-05
### Check ### Total energy: 1, (internal: 0.998871, kinetic: 0.00112916, gravitational: 0)
### Check ### Focus Tree Nodes: 4096, maxDepth 4
=== Total time for iteration(41) 0.570536s

# domain::sync: 0.0268651s
# FindNeighbors: 0.239887s
# Density: 0.0636685s
# EquationOfState: 0.000730045s
# mpi::synchronizeHalos: 8.918e-06s
# IAD: 0.0955125s
# mpi::synchronizeHalos: 2.5044e-05s
# MomentumEnergyIAD: 0.284298s
# Timestep: 2.6701e-05s
# UpdateQuantities: 0.00139684s
# UpdateSmoothingLength: 0.000877463s
### Check ### Global Tree Nodes: 512, Particles: 125000, Halos: 0
### Check ### Computational domain: -0.5 0.5 -0.5 0.5 -0.5 0.5
### Check ### Total Neighbors: 15375000, Avg neighbor count per particle: 123
### Check ### Total time: 0.000591401, current time-step: 5.47637e-05
### Check ### Total energy: 1, (internal: 0.998631, kinetic: 0.00136941, gravitational: 0)
### Check ### Focus Tree Nodes: 4096, maxDepth 4
=== Total time for iteration(42) 0.713303s

# domain::sync: 0.0264088s
# FindNeighbors: 0.222532s
# Density: 0.0487477s
# EquationOfState: 0.000729898s
# mpi::synchronizeHalos: 8.899e-06s
# IAD: 0.0722377s
# mpi::synchronizeHalos: 2.8246e-05s
# MomentumEnergyIAD: 0.196669s
# Timestep: 2.9289e-05s
# UpdateQuantities: 0.00143258s
# UpdateSmoothingLength: 0.000899679s
### Check ### Global Tree Nodes: 512, Particles: 125000, Halos: 0
### Check ### Computational domain: -0.5 0.5 -0.5 0.5 -0.5 0.5
### Check ### Total Neighbors: 11625000, Avg neighbor count per particle: 93
### Check ### Total time: 0.000651641, current time-step: 6.02401e-05
### Check ### Total energy: 1, (internal: 0.998339, kinetic: 0.0016605, gravitational: 0)
### Check ### Focus Tree Nodes: 4096, maxDepth 4
=== Total time for iteration(43) 0.569729s

# domain::sync: 0.0251527s
# FindNeighbors: 0.224493s
# Density: 0.0475597s
# EquationOfState: 0.000708394s
# mpi::synchronizeHalos: 8.381e-06s
# IAD: 0.0720751s
# mpi::synchronizeHalos: 2.6687e-05s
# MomentumEnergyIAD: 0.196595s
# Timestep: 5.5195e-05s
# UpdateQuantities: 0.00184411s
# UpdateSmoothingLength: 0.000892881s
### Check ### Global Tree Nodes: 512, Particles: 125000, Halos: 0
### Check ### Computational domain: -0.5 0.5 -0.5 0.5 -0.5 0.5
### Check ### Total Neighbors: 11625000, Avg neighbor count per particle: 93
### Check ### Total time: 0.000717905, current time-step: 6.62641e-05
### Check ### Total energy: 1, (internal: 0.997988, kinetic: 0.00201192, gravitational: 0)
### Check ### Focus Tree Nodes: 4096, maxDepth 4
=== Total time for iteration(44) 0.569417s

# domain::sync: 0.027044s
# FindNeighbors: 0.225175s
# Density: 0.0488467s
# EquationOfState: 0.000716892s
# mpi::synchronizeHalos: 8.452e-06s
# IAD: 0.0721611s
# mpi::synchronizeHalos: 2.6694e-05s
# MomentumEnergyIAD: 0.195611s
# Timestep: 3.0795e-05s
# UpdateQuantities: 0.00142814s
# UpdateSmoothingLength: 0.000931874s
### Check ### Global Tree Nodes: 512, Particles: 125000, Halos: 0
### Check ### Computational domain: -0.5 0.5 -0.5 0.5 -0.5 0.5
### Check ### Total Neighbors: 11633784, Avg neighbor count per particle: 93
### Check ### Total time: 0.000790795, current time-step: 7.28905e-05
### Check ### Total energy: 1, (internal: 0.997564, kinetic: 0.00243614, gravitational: 0)
### Check ### Focus Tree Nodes: 4096, maxDepth 4
=== Total time for iteration(45) 0.571986s

# domain::sync: 0.02582s
# FindNeighbors: 0.240656s
# Density: 0.061427s
# EquationOfState: 0.000712065s
# mpi::synchronizeHalos: 8.021e-06s
# IAD: 0.0955408s
# mpi::synchronizeHalos: 2.7446e-05s
# MomentumEnergyIAD: 0.276028s
# Timestep: 2.8802e-05s
# UpdateQuantities: 0.00142053s
# UpdateSmoothingLength: 0.000874146s
### Check ### Global Tree Nodes: 512, Particles: 125000, Halos: 0
### Check ### Computational domain: -0.5 0.5 -0.5 0.5 -0.5 0.5
### Check ### Total Neighbors: 15367176, Avg neighbor count per particle: 122
### Check ### Total time: 0.000870975, current time-step: 8.01795e-05
### Check ### Total energy: 1, (internal: 0.997052, kinetic: 0.00294783, gravitational: 0)
### Check ### Focus Tree Nodes: 4096, maxDepth 4
=== Total time for iteration(46) 0.702549s

# domain::sync: 0.0261947s
# FindNeighbors: 0.222991s
# Density: 0.0487328s
# EquationOfState: 0.000746048s
# mpi::synchronizeHalos: 8.677e-06s
# IAD: 0.0720455s
# mpi::synchronizeHalos: 2.5436e-05s
# MomentumEnergyIAD: 0.198189s
# Timestep: 2.6969e-05s
# UpdateQuantities: 0.00143831s
# UpdateSmoothingLength: 0.00089377s
### Check ### Global Tree Nodes: 512, Particles: 125000, Halos: 0
### Check ### Computational domain: -0.5 0.5 -0.5 0.5 -0.5 0.5
### Check ### Total Neighbors: 11625000, Avg neighbor count per particle: 93
### Check ### Total time: 0.000959172, current time-step: 8.81975e-05
### Check ### Total energy: 1, (internal: 0.996434, kinetic: 0.00356586, gravitational: 0)
### Check ### Focus Tree Nodes: 4096, maxDepth 4
=== Total time for iteration(47) 0.571298s

# domain::sync: 0.024963s
# FindNeighbors: 0.223754s
# Density: 0.0487591s
# EquationOfState: 0.00072709s
# mpi::synchronizeHalos: 8.864e-06s
# IAD: 0.0720525s
# mpi::synchronizeHalos: 2.4319e-05s
# MomentumEnergyIAD: 0.196655s
# Timestep: 3.2772e-05s
# UpdateQuantities: 0.0014314s
# UpdateSmoothingLength: 0.000902228s
### Check ### Global Tree Nodes: 512, Particles: 125000, Halos: 0
### Check ### Computational domain: -0.5 0.5 -0.5 0.5 -0.5 0.5
### Check ### Total Neighbors: 11629704, Avg neighbor count per particle: 93
### Check ### Total time: 0.00105619, current time-step: 9.70172e-05
### Check ### Total energy: 1, (internal: 0.99569, kinetic: 0.00430952, gravitational: 0)
### Check ### Focus Tree Nodes: 4096, maxDepth 4
=== Total time for iteration(48) 0.569317s

# domain::sync: 0.0255901s
# FindNeighbors: 0.225086s
# Density: 0.0490808s
# EquationOfState: 0.000727975s
# mpi::synchronizeHalos: 8.562e-06s
# IAD: 0.0731022s
# mpi::synchronizeHalos: 2.6884e-05s
# MomentumEnergyIAD: 0.196555s
# Timestep: 3.0334e-05s
# UpdateQuantities: 0.00142026s
# UpdateSmoothingLength: 0.000901659s
### Check ### Global Tree Nodes: 512, Particles: 125000, Halos: 0
### Check ### Computational domain: -0.5 0.5 -0.5 0.5 -0.5 0.5
### Check ### Total Neighbors: 11685864, Avg neighbor count per particle: 93
### Check ### Total time: 0.00116291, current time-step: 0.000106719
### Check ### Total energy: 1, (internal: 0.994796, kinetic: 0.00520391, gravitational: 0)
### Check ### Focus Tree Nodes: 4096, maxDepth 4
=== Total time for iteration(49) 0.572536s

# domain::sync: 0.0236048s
# FindNeighbors: 0.239986s
# Density: 0.0633261s
# EquationOfState: 0.000708965s
# mpi::synchronizeHalos: 7.874e-06s
# IAD: 0.0948456s
# mpi::synchronizeHalos: 2.4581e-05s
# MomentumEnergyIAD: 0.272577s
# Timestep: 3.0547e-05s
# UpdateQuantities: 0.00138771s
# UpdateSmoothingLength: 0.000879368s
### Check ### Global Tree Nodes: 512, Particles: 125000, Halos: 0
### Check ### Computational domain: -0.5 0.5 -0.5 0.5 -0.5 0.5
### Check ### Total Neighbors: 15272256, Avg neighbor count per particle: 122
### Check ### Total time: 0.0012803, current time-step: 0.000117391
### Check ### Total energy: 1, (internal: 0.993721, kinetic: 0.00627813, gravitational: 0)
### Check ### Focus Tree Nodes: 4096, maxDepth 4
=== Total time for iteration(50) 0.697384s

# domain::sync: 0.0272547s
# FindNeighbors: 0.225366s
# Density: 0.0472077s
# EquationOfState: 0.000710163s
# mpi::synchronizeHalos: 7.948e-06s
# IAD: 0.0724136s
# mpi::synchronizeHalos: 2.6102e-05s
# MomentumEnergyIAD: 0.19625s
# Timestep: 2.6284e-05s
# UpdateQuantities: 0.00139629s
# UpdateSmoothingLength: 0.000878338s
### Check ### Global Tree Nodes: 512, Particles: 125000, Halos: 0
### Check ### Computational domain: -0.5 0.5 -0.5 0.5 -0.5 0.5
### Check ### Total Neighbors: 11693208, Avg neighbor count per particle: 93
### Check ### Total time: 0.00140943, current time-step: 0.00012913
### Check ### Total energy: 0.999999, (internal: 0.992432, kinetic: 0.00756702, gravitational: 0)
### Check ### Focus Tree Nodes: 4096, maxDepth 4
=== Total time for iteration(51) 0.571543s

# domain::sync: 0.0253839s
# FindNeighbors: 0.224352s
# Density: 0.0487429s
# EquationOfState: 0.000731512s
# mpi::synchronizeHalos: 8.835e-06s
# IAD: 0.0723344s
# mpi::synchronizeHalos: 2.7565e-05s
# MomentumEnergyIAD: 0.195341s
# Timestep: 2.7023e-05s
# UpdateQuantities: 0.00140542s
# UpdateSmoothingLength: 0.000871591s
### Check ### Global Tree Nodes: 512, Particles: 125000, Halos: 0
### Check ### Computational domain: -0.5 0.5 -0.5 0.5 -0.5 0.5
### Check ### Total Neighbors: 11648112, Avg neighbor count per particle: 93
### Check ### Total time: 0.00155147, current time-step: 0.000142043
### Check ### Total energy: 0.999999, (internal: 0.990889, kinetic: 0.00910963, gravitational: 0)
### Check ### Focus Tree Nodes: 4096, maxDepth 4
=== Total time for iteration(52) 0.569231s

# domain::sync: 0.0259436s
# FindNeighbors: 0.236253s
# Density: 0.0621989s
# EquationOfState: 0.000719313s
# mpi::synchronizeHalos: 8.399e-06s
# IAD: 0.0943748s
# mpi::synchronizeHalos: 2.6972e-05s
# MomentumEnergyIAD: 0.369802s
# Timestep: 3.3303e-05s
# UpdateQuantities: 0.00143855s
# UpdateSmoothingLength: 0.00090577s
### Check ### Global Tree Nodes: 512, Particles: 125000, Halos: 0
### Check ### Computational domain: -0.5 0.5 -0.5 0.5 -0.5 0.5
### Check ### Total Neighbors: 15026520, Avg neighbor count per particle: 120
### Check ### Total time: 0.00170772, current time-step: 0.000156247
### Check ### Total energy: 0.999999, (internal: 0.989046, kinetic: 0.0109526, gravitational: 0)
### Check ### Focus Tree Nodes: 4096, maxDepth 4
=== Total time for iteration(53) 0.79171s

# domain::sync: 0.0253572s
# FindNeighbors: 0.224537s
# Density: 0.0487868s
# EquationOfState: 0.000954472s
# mpi::synchronizeHalos: 1.5155e-05s
# IAD: 0.0740175s
# mpi::synchronizeHalos: 2.5978e-05s
# MomentumEnergyIAD: 0.200244s
# Timestep: 5.2087e-05s
# UpdateQuantities: 0.00165047s
# UpdateSmoothingLength: 0.000876968s
### Check ### Global Tree Nodes: 512, Particles: 125000, Halos: 0
### Check ### Computational domain: -0.5 0.5 -0.5 0.5 -0.5 0.5
### Check ### Total Neighbors: 11873760, Avg neighbor count per particle: 94
### Check ### Total time: 0.00187959, current time-step: 0.000171872
### Check ### Total energy: 0.999998, (internal: 0.98685, kinetic: 0.0131482, gravitational: 0)
### Check ### Focus Tree Nodes: 4096, maxDepth 4
=== Total time for iteration(54) 0.576522s

# domain::sync: 0.0244047s
# FindNeighbors: 0.223376s
# Density: 0.049022s
# EquationOfState: 0.000726052s
# mpi::synchronizeHalos: 8.44e-06s
# IAD: 0.0724296s
# mpi::synchronizeHalos: 2.5329e-05s
# MomentumEnergyIAD: 0.197345s
# Timestep: 3.1984e-05s
# UpdateQuantities: 0.00142148s
# UpdateSmoothingLength: 0.000911791s
### Check ### Global Tree Nodes: 512, Particles: 125000, Halos: 0
### Check ### Computational domain: -0.5 0.5 -0.5 0.5 -0.5 0.5
### Check ### Total Neighbors: 11693784, Avg neighbor count per particle: 93
### Check ### Total time: 0.00206865, current time-step: 0.000189059
### Check ### Total energy: 0.999998, (internal: 0.984241, kinetic: 0.0157562, gravitational: 0)
### Check ### Focus Tree Nodes: 4096, maxDepth 4
=== Total time for iteration(55) 0.569709s

# domain::sync: 0.0266573s
# FindNeighbors: 0.22536s
# Density: 0.0489496s
# EquationOfState: 0.000730715s
# mpi::synchronizeHalos: 8.821e-06s
# IAD: 0.0722068s
# mpi::synchronizeHalos: 2.7239e-05s
# MomentumEnergyIAD: 0.196501s
# Timestep: 3.1051e-05s
# UpdateQuantities: 0.00142751s
# UpdateSmoothingLength: 0.000891133s
### Check ### Global Tree Nodes: 512, Particles: 125000, Halos: 0
### Check ### Computational domain: -0.5 0.5 -0.5 0.5 -0.5 0.5
### Check ### Total Neighbors: 11659080, Avg neighbor count per particle: 93
### Check ### Total time: 0.00227662, current time-step: 0.000207965
### Check ### Total energy: 0.999997, (internal: 0.981154, kinetic: 0.0188431, gravitational: 0)
### Check ### Focus Tree Nodes: 4096, maxDepth 4
=== Total time for iteration(56) 0.572797s

# domain::sync: 0.0238051s
# FindNeighbors: 0.237698s
# Density: 0.0601558s
# EquationOfState: 0.000708161s
# mpi::synchronizeHalos: 7.81e-06s
# IAD: 0.0939082s
# mpi::synchronizeHalos: 2.5755e-05s
# MomentumEnergyIAD: 0.304784s
# Timestep: 2.7481e-05s
# UpdateQuantities: 0.00140259s
# UpdateSmoothingLength: 0.00087971s
### Check ### Global Tree Nodes: 512, Particles: 125000, Halos: 0
### Check ### Computational domain: -0.5 0.5 -0.5 0.5 -0.5 0.5
### Check ### Total Neighbors: 15047256, Avg neighbor count per particle: 120
### Check ### Total time: 0.00250538, current time-step: 0.000228762
### Check ### Total energy: 0.999996, (internal: 0.977514, kinetic: 0.0224821, gravitational: 0)
### Check ### Focus Tree Nodes: 4096, maxDepth 4
=== Total time for iteration(57) 0.723408s

# domain::sync: 0.0256476s
# FindNeighbors: 0.224294s
# Density: 0.049652s
# EquationOfState: 0.000728263s
# mpi::synchronizeHalos: 8.659e-06s
# IAD: 0.0734561s
# mpi::synchronizeHalos: 2.597e-05s
# MomentumEnergyIAD: 0.200661s
# Timestep: 2.714e-05s
# UpdateQuantities: 0.00143019s
# UpdateSmoothingLength: 0.000885428s
### Check ### Global Tree Nodes: 512, Particles: 125000, Halos: 0
### Check ### Computational domain: -0.5 0.5 -0.5 0.5 -0.5 0.5
### Check ### Total Neighbors: 11845680, Avg neighbor count per particle: 94
### Check ### Total time: 0.00275701, current time-step: 0.000251638
### Check ### Total energy: 0.999995, (internal: 0.973243, kinetic: 0.0267518, gravitational: 0)
### Check ### Focus Tree Nodes: 4096, maxDepth 4
=== Total time for iteration(58) 0.576822s

# domain::sync: 0.0237208s
# FindNeighbors: 0.224971s
# Density: 0.0471382s
# EquationOfState: 0.0007073s
# mpi::synchronizeHalos: 7.953e-06s
# IAD: 0.0724213s
# mpi::synchronizeHalos: 2.7601e-05s
# MomentumEnergyIAD: 0.196002s
# Timestep: 2.9167e-05s
# UpdateQuantities: 0.00138818s
# UpdateSmoothingLength: 0.000876084s
### Check ### Global Tree Nodes: 512, Particles: 125000, Halos: 0
### Check ### Computational domain: -0.5 0.5 -0.5 0.5 -0.5 0.5
### Check ### Total Neighbors: 11691192, Avg neighbor count per particle: 93
### Check ### Total time: 0.00303382, current time-step: 0.000276801
### Check ### Total energy: 0.999995, (internal: 0.96826, kinetic: 0.0317349, gravitational: 0)
### Check ### Focus Tree Nodes: 4096, maxDepth 4
=== Total time for iteration(59) 0.567295s

# domain::sync: 0.0255511s
# FindNeighbors: 0.224704s
# Density: 0.0490016s
# EquationOfState: 0.000730026s
# mpi::synchronizeHalos: 8.9e-06s
# IAD: 0.0723027s
# mpi::synchronizeHalos: 2.6909e-05s
# MomentumEnergyIAD: 0.195923s
# Timestep: 2.6039e-05s
# UpdateQuantities: 0.00141593s
# UpdateSmoothingLength: 0.000893294s
### Check ### Global Tree Nodes: 512, Particles: 125000, Halos: 0
### Check ### Computational domain: -0.5 0.5 -0.5 0.5 -0.5 0.5
### Check ### Total Neighbors: 11670984, Avg neighbor count per particle: 93
### Check ### Total time: 0.0033383, current time-step: 0.000304482
### Check ### Total energy: 0.999994, (internal: 0.962479, kinetic: 0.0375159, gravitational: 0)
### Check ### Focus Tree Nodes: 4096, maxDepth 4
=== Total time for iteration(60) 0.570589s

# domain::sync: 0.0257975s
# FindNeighbors: 0.237682s
# Density: 0.0623862s
# EquationOfState: 0.000719816s
# mpi::synchronizeHalos: 8.71e-06s
# IAD: 0.0938562s
# mpi::synchronizeHalos: 2.5874e-05s
# MomentumEnergyIAD: 0.281448s
# Timestep: 3.1096e-05s
# UpdateQuantities: 0.00143213s
# UpdateSmoothingLength: 0.000906629s
### Check ### Global Tree Nodes: 512, Particles: 125000, Halos: 0
### Check ### Computational domain: -0.5 0.5 -0.5 0.5 -0.5 0.5
### Check ### Total Neighbors: 15065928, Avg neighbor count per particle: 120
### Check ### Total time: 0.00367323, current time-step: 0.00033493
### Check ### Total energy: 0.999995, (internal: 0.955819, kinetic: 0.0441769, gravitational: 0)
### Check ### Focus Tree Nodes: 4096, maxDepth 4
=== Total time for iteration(61) 0.704301s

# domain::sync: 0.0253136s
# FindNeighbors: 0.223337s
# Density: 0.0494853s
# EquationOfState: 0.000719047s
# mpi::synchronizeHalos: 8.695e-06s
# IAD: 0.0752984s
# mpi::synchronizeHalos: 2.4109e-05s
# MomentumEnergyIAD: 0.197866s
# Timestep: 3.0473e-05s
# UpdateQuantities: 0.00140736s
# UpdateSmoothingLength: 0.000874686s
### Check ### Global Tree Nodes: 512, Particles: 125000, Halos: 0
### Check ### Computational domain: -0.5 0.5 -0.5 0.5 -0.5 0.5
### Check ### Total Neighbors: 11816904, Avg neighbor count per particle: 94
### Check ### Total time: 0.00404165, current time-step: 0.000368423
### Check ### Total energy: 0.999998, (internal: 0.948206, kinetic: 0.0517923, gravitational: 0)
### Check ### Focus Tree Nodes: 4096, maxDepth 4
=== Total time for iteration(62) 0.574371s

# domain::sync: 0.023802s
# FindNeighbors: 0.223569s
# Density: 0.0490762s
# EquationOfState: 0.000726047s
# mpi::synchronizeHalos: 8.436e-06s
# IAD: 0.0723979s
# mpi::synchronizeHalos: 2.5683e-05s
# MomentumEnergyIAD: 0.196163s
# Timestep: 3.1252e-05s
# UpdateQuantities: 0.00139368s
# UpdateSmoothingLength: 0.000867374s
### Check ### Global Tree Nodes: 512, Particles: 125000, Halos: 0
### Check ### Computational domain: -0.5 0.5 -0.5 0.5 -0.5 0.5
### Check ### Total Neighbors: 11692512, Avg neighbor count per particle: 93
### Check ### Total time: 0.00442586, current time-step: 0.000384211
### Check ### Total energy: 0.999984, (internal: 0.940035, kinetic: 0.0599494, gravitational: 0)
### Check ### Focus Tree Nodes: 4096, maxDepth 4
=== Total time for iteration(63) 0.568066s

# domain::sync: 0.0248082s
# FindNeighbors: 0.225917s
# Density: 0.0490984s
# EquationOfState: 0.000717518s
# mpi::synchronizeHalos: 8.6e-06s
# IAD: 0.0724213s
# mpi::synchronizeHalos: 2.3879e-05s
# MomentumEnergyIAD: 0.195691s
# Timestep: 2.8732e-05s
# UpdateQuantities: 0.00141834s
# UpdateSmoothingLength: 0.000899938s
### Check ### Global Tree Nodes: 512, Particles: 125000, Halos: 0
### Check ### Computational domain: -0.5 0.5 -0.5 0.5 -0.5 0.5
### Check ### Total Neighbors: 11692896, Avg neighbor count per particle: 93
### Check ### Total time: 0.00481358, current time-step: 0.000387713
### Check ### Total energy: 0.999958, (internal: 0.931633, kinetic: 0.0683251, gravitational: 0)
### Check ### Focus Tree Nodes: 4096, maxDepth 4
=== Total time for iteration(64) 0.571039s

# domain::sync: 0.0238256s
# FindNeighbors: 0.23855s
# Density: 0.0625405s
# EquationOfState: 0.000727854s
# mpi::synchronizeHalos: 8.768e-06s
# IAD: 0.09393s
# mpi::synchronizeHalos: 2.7806e-05s
# MomentumEnergyIAD: 0.275117s
# Timestep: 2.8677e-05s
# UpdateQuantities: 0.00143112s
# UpdateSmoothingLength: 0.000885937s
### Check ### Global Tree Nodes: 512, Particles: 125000, Halos: 0
### Check ### Computational domain: -0.5 0.5 -0.5 0.5 -0.5 0.5
### Check ### Total Neighbors: 15079128, Avg neighbor count per particle: 120
### Check ### Total time: 0.00519888, current time-step: 0.000385302
### Check ### Total energy: 0.999928, (internal: 0.9232, kinetic: 0.0767279, gravitational: 0)
### Check ### Focus Tree Nodes: 4096, maxDepth 4
=== Total time for iteration(65) 0.697079s

# domain::sync: 0.0238431s
# FindNeighbors: 0.22403s
# Density: 0.0497984s
# EquationOfState: 0.000717268s
# mpi::synchronizeHalos: 8.455e-06s
# IAD: 0.0727048s
# mpi::synchronizeHalos: 2.462e-05s
# MomentumEnergyIAD: 0.198853s
# Timestep: 2.8942e-05s
# UpdateQuantities: 0.00142959s
# UpdateSmoothingLength: 0.000895421s
### Check ### Global Tree Nodes: 512, Particles: 125000, Halos: 0
### Check ### Computational domain: -0.5 0.5 -0.5 0.5 -0.5 0.5
### Check ### Total Neighbors: 11762208, Avg neighbor count per particle: 94
### Check ### Total time: 0.00558324, current time-step: 0.000384362
### Check ### Total energy: 0.999904, (internal: 0.914766, kinetic: 0.0851378, gravitational: 0)
### Check ### Focus Tree Nodes: 4096, maxDepth 4
=== Total time for iteration(66) 0.57234s

# domain::sync: 0.0254735s
# FindNeighbors: 0.223955s
# Density: 0.0501581s
# EquationOfState: 0.000895349s
# mpi::synchronizeHalos: 1.5503e-05s
# IAD: 0.0737706s
# mpi::synchronizeHalos: 2.1956e-05s
# MomentumEnergyIAD: 0.198388s
# Timestep: 4.97e-05s
# UpdateQuantities: 0.00165899s
# UpdateSmoothingLength: 0.000879225s
### Check ### Global Tree Nodes: 512, Particles: 125000, Halos: 0
### Check ### Computational domain: -0.5 0.5 -0.5 0.5 -0.5 0.5
### Check ### Total Neighbors: 11714784, Avg neighbor count per particle: 93
### Check ### Total time: 0.00596769, current time-step: 0.000384448
### Check ### Total energy: 0.999883, (internal: 0.906357, kinetic: 0.0935263, gravitational: 0)
### Check ### Focus Tree Nodes: 4096, maxDepth 4
=== Total time for iteration(67) 0.575271s

# domain::sync: 0.0245758s
# FindNeighbors: 0.225087s
# Density: 0.0492271s
# EquationOfState: 0.000723422s
# mpi::synchronizeHalos: 8.972e-06s
# IAD: 0.072469s
# mpi::synchronizeHalos: 2.5868e-05s
# MomentumEnergyIAD: 0.196928s
# Timestep: 3.11e-05s
# UpdateQuantities: 0.00142553s
# UpdateSmoothingLength: 0.00090112s
### Check ### Global Tree Nodes: 512, Particles: 125000, Halos: 0
### Check ### Computational domain: -0.5 0.5 -0.5 0.5 -0.5 0.5
### Check ### Total Neighbors: 11718600, Avg neighbor count per particle: 93
### Check ### Total time: 0.00634589, current time-step: 0.000378199
### Check ### Total energy: 0.999857, (internal: 0.898154, kinetic: 0.101703, gravitational: 0)
### Check ### Focus Tree Nodes: 4096, maxDepth 4
=== Total time for iteration(68) 0.571409s

# domain::sync: 0.0238853s
# FindNeighbors: 0.239242s
# Density: 0.0624242s
# EquationOfState: 0.000729112s
# mpi::synchronizeHalos: 8.603e-06s
# IAD: 0.0938512s
# mpi::synchronizeHalos: 2.6969e-05s
# MomentumEnergyIAD: 0.269015s
# Timestep: 3.0442e-05s
# UpdateQuantities: 0.00142023s
# UpdateSmoothingLength: 0.000900059s
### Check ### Global Tree Nodes: 512, Particles: 125000, Halos: 0
### Check ### Computational domain: -0.5 0.5 -0.5 0.5 -0.5 0.5
### Check ### Total Neighbors: 15091904, Avg neighbor count per particle: 120
### Check ### Total time: 0.00672464, current time-step: 0.000378754
### Check ### Total energy: 0.999842, (internal: 0.890041, kinetic: 0.109801, gravitational: 0)
### Check ### Focus Tree Nodes: 4096, maxDepth 4
=== Total time for iteration(69) 0.691539s

# domain::sync: 0.0239186s
# FindNeighbors: 0.22365s
# Density: 0.0474408s
# EquationOfState: 0.000711491s
# mpi::synchronizeHalos: 8.823e-06s
# IAD: 0.0726273s
# mpi::synchronizeHalos: 2.6535e-05s
# MomentumEnergyIAD: 0.197678s
# Timestep: 2.5522e-05s
# UpdateQuantities: 0.00143262s
# UpdateSmoothingLength: 0.00087699s
### Check ### Global Tree Nodes: 512, Particles: 125000, Halos: 0
### Check ### Computational domain: -0.5 0.5 -0.5 0.5 -0.5 0.5
### Check ### Total Neighbors: 11735440, Avg neighbor count per particle: 93
### Check ### Total time: 0.0071064, current time-step: 0.000381755
### Check ### Total energy: 0.999833, (internal: 0.881998, kinetic: 0.117836, gravitational: 0)
### Check ### Focus Tree Nodes: 4096, maxDepth 4
=== Total time for iteration(70) 0.568402s

# domain::sync: 0.0243615s
# FindNeighbors: 0.224414s
# Density: 0.047382s
# EquationOfState: 0.000712176s
# mpi::synchronizeHalos: 8.737e-06s
# IAD: 0.0725647s
# mpi::synchronizeHalos: 2.6816e-05s
# MomentumEnergyIAD: 0.194938s
# Timestep: 3.4985e-05s
# UpdateQuantities: 0.0013968s
# UpdateSmoothingLength: 0.000875237s
### Check ### Global Tree Nodes: 512, Particles: 125000, Halos: 0
### Check ### Computational domain: -0.5 0.5 -0.5 0.5 -0.5 0.5
### Check ### Total Neighbors: 11729784, Avg neighbor count per particle: 93
### Check ### Total time: 0.00748437, current time-step: 0.000377977
### Check ### Total energy: 0.999816, (internal: 0.87419, kinetic: 0.125626, gravitational: 0)
### Check ### Focus Tree Nodes: 4096, maxDepth 4
=== Total time for iteration(71) 0.56672s

# domain::sync: 0.0239804s
# FindNeighbors: 0.225064s
# Density: 0.0491628s
# EquationOfState: 0.000718892s
# mpi::synchronizeHalos: 8.563e-06s
# IAD: 0.0726667s
# mpi::synchronizeHalos: 2.6286e-05s
# MomentumEnergyIAD: 0.198201s
# Timestep: 2.8847e-05s
# UpdateQuantities: 0.00143989s
# UpdateSmoothingLength: 0.000888452s
### Check ### Global Tree Nodes: 512, Particles: 125000, Halos: 0
### Check ### Computational domain: -0.5 0.5 -0.5 0.5 -0.5 0.5
### Check ### Total Neighbors: 11741472, Avg neighbor count per particle: 93
### Check ### Total time: 0.00786305, current time-step: 0.000378677
### Check ### Total energy: 0.999808, (internal: 0.866544, kinetic: 0.133263, gravitational: 0)
### Check ### Focus Tree Nodes: 4096, maxDepth 4
=== Total time for iteration(72) 0.572192s

# domain::sync: 0.0254629s
# FindNeighbors: 0.237883s
# Density: 0.0628914s
# EquationOfState: 0.00073043s
# mpi::synchronizeHalos: 9.553e-06s
# IAD: 0.0942296s
# mpi::synchronizeHalos: 2.6631e-05s
# MomentumEnergyIAD: 0.266687s
# Timestep: 2.671e-05s
# UpdateQuantities: 0.00142436s
# UpdateSmoothingLength: 0.000890807s
### Check ### Global Tree Nodes: 512, Particles: 125000, Halos: 0
### Check ### Computational domain: -0.5 0.5 -0.5 0.5 -0.5 0.5
### Check ### Total Neighbors: 15076392, Avg neighbor count per particle: 120
### Check ### Total time: 0.00824219, current time-step: 0.000379144
### Check ### Total energy: 0.9998, (internal: 0.859081, kinetic: 0.140719, gravitational: 0)
### Check ### Focus Tree Nodes: 4096, maxDepth 4
=== Total time for iteration(73) 0.690268s

# domain::sync: 0.0238979s
# FindNeighbors: 0.223453s
# Density: 0.049184s
# EquationOfState: 0.000727913s
# mpi::synchronizeHalos: 8.619e-06s
# IAD: 0.0726392s
# mpi::synchronizeHalos: 2.7584e-05s
# MomentumEnergyIAD: 0.198409s
# Timestep: 2.8886e-05s
# UpdateQuantities: 0.00142674s
# UpdateSmoothingLength: 0.00088454s
### Check ### Global Tree Nodes: 512, Particles: 125000, Halos: 0
### Check ### Computational domain: -0.5 0.5 -0.5 0.5 -0.5 0.5
### Check ### Total Neighbors: 11741840, Avg neighbor count per particle: 93
### Check ### Total time: 0.00861357, current time-step: 0.000371377
### Check ### Total energy: 0.999783, (internal: 0.851968, kinetic: 0.147814, gravitational: 0)
### Check ### Focus Tree Nodes: 4096, maxDepth 4
=== Total time for iteration(74) 0.570696s

# domain::sync: 0.0243638s
# FindNeighbors: 0.224095s
# Density: 0.0492184s
# EquationOfState: 0.000718654s
# mpi::synchronizeHalos: 8.361e-06s
# IAD: 0.0725759s
# mpi::synchronizeHalos: 2.6334e-05s
# MomentumEnergyIAD: 0.196935s
# Timestep: 2.8146e-05s
# UpdateQuantities: 0.00141857s
# UpdateSmoothingLength: 0.000895152s
### Check ### Global Tree Nodes: 512, Particles: 125000, Halos: 0
### Check ### Computational domain: -0.5 0.5 -0.5 0.5 -0.5 0.5
### Check ### Total Neighbors: 11736128, Avg neighbor count per particle: 93
### Check ### Total time: 0.00898766, current time-step: 0.000374087
### Check ### Total energy: 0.999781, (internal: 0.845012, kinetic: 0.154769, gravitational: 0)
### Check ### Focus Tree Nodes: 4096, maxDepth 4
=== Total time for iteration(75) 0.57029s

# domain::sync: 0.0238126s
# FindNeighbors: 0.237348s
# Density: 0.0596608s
# EquationOfState: 0.000707276s
# mpi::synchronizeHalos: 8.003e-06s
# IAD: 0.0949828s
# mpi::synchronizeHalos: 2.6834e-05s
# MomentumEnergyIAD: 0.623572s
# Timestep: 2.8746e-05s
# UpdateQuantities: 0.00139908s
# UpdateSmoothingLength: 0.000877785s
### Check ### Global Tree Nodes: 512, Particles: 125000, Halos: 0
### Check ### Computational domain: -0.5 0.5 -0.5 0.5 -0.5 0.5
### Check ### Total Neighbors: 14875288, Avg neighbor count per particle: 119
### Check ### Total time: 0.00936393, current time-step: 0.000376275
### Check ### Total energy: 0.99978, (internal: 0.838235, kinetic: 0.161545, gravitational: 0)
### Check ### Focus Tree Nodes: 4096, maxDepth 4
=== Total time for iteration(76) 1.04243s

# domain::sync: 0.0244899s
# FindNeighbors: 0.223551s
# Density: 0.0500163s
# EquationOfState: 0.000717867s
# mpi::synchronizeHalos: 8.634e-06s
# IAD: 0.0738123s
# mpi::synchronizeHalos: 2.7511e-05s
# MomentumEnergyIAD: 0.201908s
# Timestep: 2.941e-05s
# UpdateQuantities: 0.00144228s
# UpdateSmoothingLength: 0.000881926s
### Check ### Global Tree Nodes: 512, Particles: 125000, Halos: 0
### Check ### Computational domain: -0.5 0.5 -0.5 0.5 -0.5 0.5
### Check ### Total Neighbors: 11931304, Avg neighbor count per particle: 95
### Check ### Total time: 0.00973447, current time-step: 0.000370537
### Check ### Total energy: 0.999769, (internal: 0.831784, kinetic: 0.167985, gravitational: 0)
### Check ### Focus Tree Nodes: 4096, maxDepth 4
=== Total time for iteration(77) 0.576891s

# domain::sync: 0.0252529s
# FindNeighbors: 0.223868s
# Density: 0.0492274s
# EquationOfState: 0.000730827s
# mpi::synchronizeHalos: 9.055e-06s
# IAD: 0.0728489s
# mpi::synchronizeHalos: 2.448e-05s
# MomentumEnergyIAD: 0.198925s
# Timestep: 2.7659e-05s
# UpdateQuantities: 0.00139512s
# UpdateSmoothingLength: 0.000874916s
### Check ### Global Tree Nodes: 512, Particles: 125000, Halos: 0
### Check ### Computational domain: -0.5 0.5 -0.5 0.5 -0.5 0.5
### Check ### Total Neighbors: 11748304, Avg neighbor count per particle: 93
### Check ### Total time: 0.0101061, current time-step: 0.000371626
### Check ### Total energy: 0.999768, (internal: 0.825539, kinetic: 0.174229, gravitational: 0)
### Check ### Focus Tree Nodes: 4096, maxDepth 4
=== Total time for iteration(78) 0.573189s

# domain::sync: 0.024204s
# FindNeighbors: 0.223633s
# Density: 0.0494834s
# EquationOfState: 0.000724642s
# mpi::synchronizeHalos: 8.59e-06s
# IAD: 0.0727292s
# mpi::synchronizeHalos: 2.736e-05s
# MomentumEnergyIAD: 0.196987s
# Timestep: 2.7763e-05s
# UpdateQuantities: 0.00143327s
# UpdateSmoothingLength: 0.000896631s
### Check ### Global Tree Nodes: 512, Particles: 125000, Halos: 0
### Check ### Computational domain: -0.5 0.5 -0.5 0.5 -0.5 0.5
### Check ### Total Neighbors: 11743744, Avg neighbor count per particle: 93
### Check ### Total time: 0.010478, current time-step: 0.000371889
### Check ### Total energy: 0.999767, (internal: 0.819519, kinetic: 0.180248, gravitational: 0)
### Check ### Focus Tree Nodes: 4096, maxDepth 4
=== Total time for iteration(79) 0.570161s

# domain::sync: 0.0241939s
# FindNeighbors: 0.236181s
# Density: 0.0625764s
# EquationOfState: 0.00076078s
# mpi::synchronizeHalos: 8.978e-06s
# IAD: 0.0937369s
# mpi::synchronizeHalos: 2.4576e-05s
# MomentumEnergyIAD: 0.323576s
# Timestep: 2.7323e-05s
# UpdateQuantities: 0.00143023s
# UpdateSmoothingLength: 0.000893438s
### Check ### Global Tree Nodes: 512, Particles: 125000, Halos: 0
### Check ### Computational domain: -0.5 0.5 -0.5 0.5 -0.5 0.5
### Check ### Total Neighbors: 14882448, Avg neighbor count per particle: 119
### Check ### Total time: 0.0108499, current time-step: 0.000371891
### Check ### Total energy: 0.999766, (internal: 0.813732, kinetic: 0.186034, gravitational: 0)
### Check ### Focus Tree Nodes: 4096, maxDepth 4
=== Total time for iteration(80) 0.743415s

# domain::sync: 0.0240527s
# FindNeighbors: 0.222688s
# Density: 0.0499349s
# EquationOfState: 0.000727269s
# mpi::synchronizeHalos: 8.844e-06s
# IAD: 0.073651s
# mpi::synchronizeHalos: 2.5618e-05s
# MomentumEnergyIAD: 0.202015s
# Timestep: 2.5374e-05s
# UpdateQuantities: 0.00154649s
# UpdateSmoothingLength: 0.000914888s
### Check ### Global Tree Nodes: 512, Particles: 125000, Halos: 0
### Check ### Computational domain: -0.5 0.5 -0.5 0.5 -0.5 0.5
### Check ### Total Neighbors: 11907289, Avg neighbor count per particle: 95
### Check ### Total time: 0.0112225, current time-step: 0.000372657
### Check ### Total energy: 0.999767, (internal: 0.808166, kinetic: 0.191601, gravitational: 0)
### Check ### Focus Tree Nodes: 4096, maxDepth 4
=== Total time for iteration(81) 0.575597s

# domain::sync: 0.0251693s
# FindNeighbors: 0.223167s
# Density: 0.0495436s
# EquationOfState: 0.000727435s
# mpi::synchronizeHalos: 8.361e-06s
# IAD: 0.0720088s
# mpi::synchronizeHalos: 3.1996e-05s
# MomentumEnergyIAD: 0.19752s
# Timestep: 3.2881e-05s
# UpdateQuantities: 0.00139827s
# UpdateSmoothingLength: 0.000871933s
### Check ### Global Tree Nodes: 512, Particles: 125000, Halos: 0
### Check ### Computational domain: -0.5 0.5 -0.5 0.5 -0.5 0.5
### Check ### Total Neighbors: 11758967, Avg neighbor count per particle: 94
### Check ### Total time: 0.0115842, current time-step: 0.000361655
### Check ### Total energy: 0.999751, (internal: 0.802986, kinetic: 0.196765, gravitational: 0)
### Check ### Focus Tree Nodes: 4096, maxDepth 4
=== Total time for iteration(82) 0.570485s

# domain::sync: 0.0242243s
# FindNeighbors: 0.224691s
# Density: 0.0502699s
# EquationOfState: 0.000971639s
# mpi::synchronizeHalos: 1.4062e-05s
# IAD: 0.0732531s
# mpi::synchronizeHalos: 2.7499e-05s
# MomentumEnergyIAD: 0.198542s
# Timestep: 4.7904e-05s
# UpdateQuantities: 0.00165002s
# UpdateSmoothingLength: 0.000874445s
### Check ### Global Tree Nodes: 512, Particles: 125000, Halos: 0
### Check ### Computational domain: -0.5 0.5 -0.5 0.5 -0.5 0.5
### Check ### Total Neighbors: 11755688, Avg neighbor count per particle: 94
### Check ### Total time: 0.0119454, current time-step: 0.000361205
### Check ### Total energy: 0.999751, (internal: 0.798029, kinetic: 0.201722, gravitational: 0)
### Check ### Focus Tree Nodes: 4096, maxDepth 4
=== Total time for iteration(83) 0.574571s

# domain::sync: 0.0240385s
# FindNeighbors: 0.236181s
# Density: 0.0615136s
# EquationOfState: 0.000723375s
# mpi::synchronizeHalos: 8.578e-06s
# IAD: 0.0927641s
# mpi::synchronizeHalos: 2.5677e-05s
# MomentumEnergyIAD: 0.281156s
# Timestep: 2.8055e-05s
# UpdateQuantities: 0.00141837s
# UpdateSmoothingLength: 0.000901964s
### Check ### Global Tree Nodes: 512, Particles: 125000, Halos: 0
### Check ### Computational domain: -0.5 0.5 -0.5 0.5 -0.5 0.5
### Check ### Total Neighbors: 14895800, Avg neighbor count per particle: 119
### Check ### Total time: 0.0123101, current time-step: 0.000364666
### Check ### Total energy: 0.999756, (internal: 0.793243, kinetic: 0.206513, gravitational: 0)
### Check ### Focus Tree Nodes: 4096, maxDepth 4
=== Total time for iteration(84) 0.698764s

# domain::sync: 0.0242973s
# FindNeighbors: 0.223997s
# Density: 0.04972s
# EquationOfState: 0.000725862s
# mpi::synchronizeHalos: 8.69e-06s
# IAD: 0.073468s
# mpi::synchronizeHalos: 2.5286e-05s
# MomentumEnergyIAD: 0.200261s
# Timestep: 2.6268e-05s
# UpdateQuantities: 0.00141093s
# UpdateSmoothingLength: 0.000899369s
### Check ### Global Tree Nodes: 512, Particles: 125000, Halos: 0
### Check ### Computational domain: -0.5 0.5 -0.5 0.5 -0.5 0.5
### Check ### Total Neighbors: 11889008, Avg neighbor count per particle: 95
### Check ### Total time: 0.0126731, current time-step: 0.000363028
### Check ### Total energy: 0.999754, (internal: 0.788692, kinetic: 0.211062, gravitational: 0)
### Check ### Focus Tree Nodes: 4096, maxDepth 4
=== Total time for iteration(85) 0.574845s

# domain::sync: 0.0241173s
# FindNeighbors: 0.223371s
# Density: 0.0493556s
# EquationOfState: 0.000718049s
# mpi::synchronizeHalos: 8.447e-06s
# IAD: 0.0728478s
# mpi::synchronizeHalos: 2.6069e-05s
# MomentumEnergyIAD: 0.197525s
# Timestep: 2.6431e-05s
# UpdateQuantities: 0.00142447s
# UpdateSmoothingLength: 0.000898522s
### Check ### Global Tree Nodes: 512, Particles: 125000, Halos: 0
### Check ### Computational domain: -0.5 0.5 -0.5 0.5 -0.5 0.5
### Check ### Total Neighbors: 11768048, Avg neighbor count per particle: 94
### Check ### Total time: 0.0130359, current time-step: 0.000362775
### Check ### Total energy: 0.999754, (internal: 0.784354, kinetic: 0.2154, gravitational: 0)
### Check ### Focus Tree Nodes: 4096, maxDepth 4
=== Total time for iteration(86) 0.570324s

# domain::sync: 0.0241796s
# FindNeighbors: 0.226192s
# Density: 0.0475749s
# EquationOfState: 0.000709652s
# mpi::synchronizeHalos: 8.421e-06s
# IAD: 0.0727899s
# mpi::synchronizeHalos: 2.5553e-05s
# MomentumEnergyIAD: 0.196211s
# Timestep: 2.6013e-05s
# UpdateQuantities: 0.00140694s
# UpdateSmoothingLength: 0.000866389s
### Check ### Global Tree Nodes: 512, Particles: 125000, Halos: 0
### Check ### Computational domain: -0.5 0.5 -0.5 0.5 -0.5 0.5
### Check ### Total Neighbors: 11766224, Avg neighbor count per particle: 94
### Check ### Total time: 0.0134, current time-step: 0.000364167
### Check ### Total energy: 0.999756, (internal: 0.780206, kinetic: 0.219549, gravitational: 0)
### Check ### Focus Tree Nodes: 4096, maxDepth 4
=== Total time for iteration(87) 0.569996s

# domain::sync: 0.0255292s
# FindNeighbors: 0.236694s
# Density: 0.0617022s
# EquationOfState: 0.00072958s
# mpi::synchronizeHalos: 8.848e-06s
# IAD: 0.0931036s
# mpi::synchronizeHalos: 2.5634e-05s
# MomentumEnergyIAD: 0.271043s
# Timestep: 3.1428e-05s
# UpdateQuantities: 0.00142195s
# UpdateSmoothingLength: 0.000944918s
### Check ### Global Tree Nodes: 512, Particles: 125000, Halos: 0
### Check ### Computational domain: -0.5 0.5 -0.5 0.5 -0.5 0.5
### Check ### Total Neighbors: 14906744, Avg neighbor count per particle: 119
### Check ### Total time: 0.0137657, current time-step: 0.00036565
### Check ### Total energy: 0.999758, (internal: 0.776246, kinetic: 0.223512, gravitational: 0)
### Check ### Focus Tree Nodes: 4096, maxDepth 4
=== Total time for iteration(88) 0.69124s

# domain::sync: 0.0243586s
# FindNeighbors: 0.223899s
# Density: 0.0492441s
# EquationOfState: 0.00071077s
# mpi::synchronizeHalos: 7.823e-06s
# IAD: 0.0741218s
# mpi::synchronizeHalos: 2.6941e-05s
# MomentumEnergyIAD: 0.198107s
# Timestep: 2.6789e-05s
# UpdateQuantities: 0.00138742s
# UpdateSmoothingLength: 0.00086466s
### Check ### Global Tree Nodes: 512, Particles: 125000, Halos: 0
### Check ### Computational domain: -0.5 0.5 -0.5 0.5 -0.5 0.5
### Check ### Total Neighbors: 11875744, Avg neighbor count per particle: 95
### Check ### Total time: 0.0141329, current time-step: 0.000367258
### Check ### Total energy: 0.999761, (internal: 0.772471, kinetic: 0.22729, gravitational: 0)
### Check ### Focus Tree Nodes: 4096, maxDepth 4
=== Total time for iteration(89) 0.572761s

# domain::sync: 0.0240787s
# FindNeighbors: 0.223598s
# Density: 0.0492798s
# EquationOfState: 0.000724412s
# mpi::synchronizeHalos: 8.679e-06s
# IAD: 0.0727733s
# mpi::synchronizeHalos: 2.678e-05s
# MomentumEnergyIAD: 0.197379s
# Timestep: 2.9747e-05s
# UpdateQuantities: 0.00141684s
# UpdateSmoothingLength: 0.000909818s
### Check ### Global Tree Nodes: 512, Particles: 125000, Halos: 0
### Check ### Computational domain: -0.5 0.5 -0.5 0.5 -0.5 0.5
### Check ### Total Neighbors: 11774032, Avg neighbor count per particle: 94
### Check ### Total time: 0.014493, current time-step: 0.000360062
### Check ### Total energy: 0.999751, (internal: 0.768962, kinetic: 0.230789, gravitational: 0)
### Check ### Focus Tree Nodes: 4096, maxDepth 4
=== Total time for iteration(90) 0.570231s

# domain::sync: 0.0243543s
# FindNeighbors: 0.224827s
# Density: 0.0494241s
# EquationOfState: 0.000724636s
# mpi::synchronizeHalos: 8.259e-06s
# IAD: 0.0727219s
# mpi::synchronizeHalos: 2.5039e-05s
# MomentumEnergyIAD: 0.197042s
# Timestep: 2.9936e-05s
# UpdateQuantities: 0.00142508s
# UpdateSmoothingLength: 0.000902648s
### Check ### Global Tree Nodes: 512, Particles: 125000, Halos: 0
### Check ### Computational domain: -0.5 0.5 -0.5 0.5 -0.5 0.5
### Check ### Total Neighbors: 11777608, Avg neighbor count per particle: 94
### Check ### Total time: 0.014855, current time-step: 0.000361989
### Check ### Total energy: 0.999754, (internal: 0.765619, kinetic: 0.234135, gravitational: 0)
### Check ### Focus Tree Nodes: 4096, maxDepth 4
=== Total time for iteration(91) 0.571491s

# domain::sync: 0.0239703s
# FindNeighbors: 0.238648s
# Density: 0.0598542s
# EquationOfState: 0.000710293s
# mpi::synchronizeHalos: 7.745e-06s
# IAD: 0.0930741s
# mpi::synchronizeHalos: 2.6047e-05s
# MomentumEnergyIAD: 0.265366s
# Timestep: 2.9379e-05s
# UpdateQuantities: 0.00140203s
# UpdateSmoothingLength: 0.000868004s
### Check ### Global Tree Nodes: 512, Particles: 125000, Halos: 0
### Check ### Computational domain: -0.5 0.5 -0.5 0.5 -0.5 0.5
### Check ### Total Neighbors: 14912056, Avg neighbor count per particle: 119
### Check ### Total time: 0.0152211, current time-step: 0.000366098
### Check ### Total energy: 0.999759, (internal: 0.762424, kinetic: 0.237335, gravitational: 0)
### Check ### Focus Tree Nodes: 4096, maxDepth 4
=== Total time for iteration(92) 0.683962s

# domain::sync: 0.0241474s
# FindNeighbors: 0.223188s
# Density: 0.0495784s
# EquationOfState: 0.000725003s
# mpi::synchronizeHalos: 8.461e-06s
# IAD: 0.0732022s
# mpi::synchronizeHalos: 2.5834e-05s
# MomentumEnergyIAD: 0.200357s
# Timestep: 2.7989e-05s
# UpdateQuantities: 0.00143055s
# UpdateSmoothingLength: 0.000889171s
### Check ### Global Tree Nodes: 512, Particles: 125000, Halos: 0
### Check ### Computational domain: -0.5 0.5 -0.5 0.5 -0.5 0.5
### Check ### Total Neighbors: 11854696, Avg neighbor count per particle: 94
### Check ### Total time: 0.0155892, current time-step: 0.000368154
### Check ### Total energy: 0.999762, (internal: 0.759389, kinetic: 0.240373, gravitational: 0)
### Check ### Focus Tree Nodes: 4096, maxDepth 4
=== Total time for iteration(93) 0.573586s

# domain::sync: 0.0266194s
# FindNeighbors: 0.223565s
# Density: 0.0493039s
# EquationOfState: 0.000726007s
# mpi::synchronizeHalos: 8.63e-06s
# IAD: 0.0728112s
# mpi::synchronizeHalos: 2.6321e-05s
# MomentumEnergyIAD: 0.196688s
# Timestep: 2.931e-05s
# UpdateQuantities: 0.00141034s
# UpdateSmoothingLength: 0.000905862s
### Check ### Global Tree Nodes: 512, Particles: 125000, Halos: 0
### Check ### Computational domain: -0.5 0.5 -0.5 0.5 -0.5 0.5
### Check ### Total Neighbors: 11783128, Avg neighbor count per particle: 94
### Check ### Total time: 0.0159602, current time-step: 0.000370984
### Check ### Total energy: 0.999765, (internal: 0.756507, kinetic: 0.243257, gravitational: 0)
### Check ### Focus Tree Nodes: 4096, maxDepth 4
=== Total time for iteration(94) 0.5721s

# domain::sync: 0.0243801s
# FindNeighbors: 0.225031s
# Density: 0.0497371s
# EquationOfState: 0.000715452s
# mpi::synchronizeHalos: 7.991e-06s
# IAD: 0.0729717s
# mpi::synchronizeHalos: 2.6016e-05s
# MomentumEnergyIAD: 0.196226s
# Timestep: 2.5961e-05s
# UpdateQuantities: 0.00143313s
# UpdateSmoothingLength: 0.000876752s
### Check ### Global Tree Nodes: 512, Particles: 125000, Halos: 0
### Check ### Computational domain: -0.5 0.5 -0.5 0.5 -0.5 0.5
### Check ### Total Neighbors: 11791072, Avg neighbor count per particle: 94
### Check ### Total time: 0.0163306, current time-step: 0.00037036
### Check ### Total energy: 0.999763, (internal: 0.753798, kinetic: 0.245965, gravitational: 0)
### Check ### Focus Tree Nodes: 4096, maxDepth 4
=== Total time for iteration(95) 0.571437s

# domain::sync: 0.0242614s
# FindNeighbors: 0.237999s
# Density: 0.0599309s
# EquationOfState: 0.000745545s
# mpi::synchronizeHalos: 8.099e-06s
# IAD: 0.0928932s
# mpi::synchronizeHalos: 2.6359e-05s
# MomentumEnergyIAD: 0.265141s
# Timestep: 2.9761e-05s
# UpdateQuantities: 0.00140623s
# UpdateSmoothingLength: 0.00087248s
### Check ### Global Tree Nodes: 512, Particles: 125000, Halos: 0
### Check ### Computational domain: -0.5 0.5 -0.5 0.5 -0.5 0.5
### Check ### Total Neighbors: 14918656, Avg neighbor count per particle: 119
### Check ### Total time: 0.0166985, current time-step: 0.000367955
### Check ### Total energy: 0.999758, (internal: 0.751263, kinetic: 0.248495, gravitational: 0)
### Check ### Focus Tree Nodes: 4096, maxDepth 4
=== Total time for iteration(96) 0.68332s

# domain::sync: 0.0244298s
# FindNeighbors: 0.224129s
# Density: 0.0496083s
# EquationOfState: 0.000719475s
# mpi::synchronizeHalos: 8.627e-06s
# IAD: 0.0734812s
# mpi::synchronizeHalos: 2.4763e-05s
# MomentumEnergyIAD: 0.198244s
# Timestep: 2.7852e-05s
# UpdateQuantities: 0.0014387s
# UpdateSmoothingLength: 0.000913936s
### Check ### Global Tree Nodes: 512, Particles: 125000, Halos: 0
### Check ### Computational domain: -0.5 0.5 -0.5 0.5 -0.5 0.5
### Check ### Total Neighbors: 11849496, Avg neighbor count per particle: 94
### Check ### Total time: 0.0170712, current time-step: 0.000372677
### Check ### Total energy: 0.999762, (internal: 0.748846, kinetic: 0.250916, gravitational: 0)
### Check ### Focus Tree Nodes: 4096, maxDepth 4
=== Total time for iteration(97) 0.573032s

# domain::sync: 0.0242123s
# FindNeighbors: 0.224179s
# Density: 0.049501s
# EquationOfState: 0.000749104s
# mpi::synchronizeHalos: 8.012e-06s
# IAD: 0.0728825s
# mpi::synchronizeHalos: 2.4319e-05s
# MomentumEnergyIAD: 0.197746s
# Timestep: 2.735e-05s
# UpdateQuantities: 0.00141646s
# UpdateSmoothingLength: 0.000890033s
### Check ### Global Tree Nodes: 512, Particles: 125000, Halos: 0
### Check ### Computational domain: -0.5 0.5 -0.5 0.5 -0.5 0.5
### Check ### Total Neighbors: 11793288, Avg neighbor count per particle: 94
### Check ### Total time: 0.0174486, current time-step: 0.000377381
### Check ### Total energy: 0.999764, (internal: 0.746549, kinetic: 0.253215, gravitational: 0)
### Check ### Focus Tree Nodes: 4096, maxDepth 4
=== Total time for iteration(98) 0.571641s

# domain::sync: 0.0242469s
# FindNeighbors: 0.225146s
# Density: 0.0494261s
# EquationOfState: 0.000718676s
# mpi::synchronizeHalos: 8.552e-06s
# IAD: 0.0729354s
# mpi::synchronizeHalos: 2.5826e-05s
# MomentumEnergyIAD: 0.196843s
# Timestep: 2.8485e-05s
# UpdateQuantities: 0.00142532s
# UpdateSmoothingLength: 0.000888236s
### Check ### Global Tree Nodes: 512, Particles: 125000, Halos: 0
### Check ### Computational domain: -0.5 0.5 -0.5 0.5 -0.5 0.5
### Check ### Total Neighbors: 11802504, Avg neighbor count per particle: 94
### Check ### Total time: 0.0178291, current time-step: 0.000380525
### Check ### Total energy: 0.999764, (internal: 0.744373, kinetic: 0.25539, gravitational: 0)
### Check ### Focus Tree Nodes: 4096, maxDepth 4
=== Total time for iteration(99) 0.571698s

# domain::sync: 0.0243752s
# FindNeighbors: 0.237129s
# Density: 0.0617382s
# EquationOfState: 0.000778692s
# mpi::synchronizeHalos: 9.249e-06s
# IAD: 0.0952566s
# mpi::synchronizeHalos: 2.493e-05s
# MomentumEnergyIAD: 0.260005s
# Timestep: 2.7129e-05s
# UpdateQuantities: 0.00143773s
# UpdateSmoothingLength: 0.000873406s
### Check ### Global Tree Nodes: 512, Particles: 125000, Halos: 0
### Check ### Computational domain: -0.5 0.5 -0.5 0.5 -0.5 0.5
### Check ### Total Neighbors: 14922824, Avg neighbor count per particle: 119
### Check ### Total time: 0.0181982, current time-step: 0.00036912
### Check ### Total energy: 0.999743, (internal: 0.74239, kinetic: 0.257352, gravitational: 0)
### Check ### Focus Tree Nodes: 4096, maxDepth 4
=== Total time for iteration(100) 0.681661s

# Total execution time of 100 iterations of sedov up to t = 0.018198: 61.5336s
real 61.75
user 122.18
sys 0.10
